--=================================================================--
[21/06/2017 00:10:53] --- NEW MAP STARTED: pb_z_high_school_m ---
--=================================================================--
[03:23:50] [FR] Kit Walker                          has joined (STEAM_0:0:33001268 | 88.161.216.64)
--=================================================================--
[21/06/2017 03:51:27] --- NEW MAP STARTED: pb_z_area51_m ---
--=================================================================--
[04:07:07] [US] Invader Zim                         has joined (STEAM_0:1:1272857 | 63.225.174.55)
[04:12:18] [DE] Schnubby!                           has joined (STEAM_0:1:5159561 | 5.146.118.136)
[04:16:15] [DE] Thor                                has joined (STEAM_0:1:14583711 | 80.140.100.175)
[04:18:16] [GB] TheUndeadCorpse                     has joined (STEAM_0:1:32621880 | 46.208.82.62)
[04:24:53] [US] [Combine    ] Invader Zim                         : timeleft
[04:25:30] [GB] [Combine    ] TheUndeadCorpse                     : !timeleft
[04:26:28] [CA] SamC4                               has joined (STEAM_0:1:8180371 | 24.201.27.141)
[04:39:58] [GB] [Combine    ] TheUndeadCorpse                     : cya later ;)
[04:48:49] [NZ] Yoshimo                             has joined (STEAM_0:1:19626370 | 122.62.217.252)
[04:49:20] [DE] [Combine    ] Thor                                : hallo
[04:50:09] [US] [Combine    ] Invader Zim                         : timeleft
--=================================================================--
[21/06/2017 04:51:41] --- NEW MAP STARTED: dm_snowfall_m ---
--=================================================================--
[04:52:13] [DE] Thor                                has joined (STEAM_0:1:14583711 | 80.140.100.175)
[04:52:27] [US] Invader Zim                         has joined (STEAM_0:1:1272857 | 63.225.174.55)
[05:08:15] [HU] ghorinka                            has joined (STEAM_0:0:53530630 | 193.224.145.222)
[05:32:26] [US] [Combine    ] Invader Zim                         : timeleft
[05:37:21] [US] [Combine    ] Invader Zim                         : timeleft
[05:38:06] [US] [Combine    ] Invader Zim                         : laters
[05:42:46] [RU] 1/SG2_Shwarckopf                    has joined (STEAM_0:0:89763530 | 95.221.123.164)
--=================================================================--
[21/06/2017 05:52:21] --- NEW MAP STARTED: pb_z_office_tower_m ---
--=================================================================--
[06:03:18] [RU] 1/SG2_Shwarckopf                    has joined (STEAM_0:0:89763530 | 95.221.123.164)
[06:07:08] [RU] <> [RUS] <>                         has joined (STEAM_0:1:186292775 | 178.167.63.97)
--=================================================================--
[21/06/2017 06:52:34] --- NEW MAP STARTED: pb_z_colony_m ---
--=================================================================--
[07:00:15] [GB] TheUndeadCorpse                     has joined (STEAM_0:1:32621880 | 46.208.82.62)
[07:00:22] [GB] [Rebels     ] TheUndeadCorpse                     : !difficulty
[07:00:22] [GB] [Rebels     ] TheUndeadCorpse                     : !difficulty
[07:12:30] [FR] Kit Walker                          has joined (STEAM_0:0:33001268 | 88.161.216.64)
[07:14:10] [FR] [Rebels     ] Kit Walker                          : The map is really nice now :))))
[07:14:29] [GB] [Rebels     ] TheUndeadCorpse                     : agreed
[07:14:35] [FR] [Rebels     ] Kit Walker                          : :D
[07:14:44] [GB] [Rebels     ] TheUndeadCorpse                     : insane makes it rather a challenge
[07:15:27] [FR] [Rebels     ] Kit Walker                          : oh
[07:18:47] [RU] Flint                               has joined (STEAM_0:1:14186610 | 95.26.66.87)
[07:21:08] [GB] [Rebels     ] TheUndeadCorpse                     : rtv
--=================================================================--
[21/06/2017 07:21:21] --- NEW MAP STARTED: pb_z_disorder_m ---
--=================================================================--
[07:21:52] [GB] TheUndeadCorpse                     has joined (STEAM_0:1:32621880 | 46.208.82.62)
[07:21:59] [GB] [Combine    ] TheUndeadCorpse                     : rtv
--=================================================================--
[21/06/2017 07:22:11] --- NEW MAP STARTED: dm_thetunnel_v1_m ---
--=================================================================--
[07:22:19] [GB] TheUndeadCorpse                     has joined (STEAM_0:1:32621880 | 46.208.82.62)
[07:22:25] [GB] [Rebels     ] TheUndeadCorpse                     : rtv
[07:22:29] [GB] [Rebels     ] TheUndeadCorpse                     : rtv
[07:22:44] [GB] [Rebels     ] TheUndeadCorpse                     : rtv
--=================================================================--
[21/06/2017 07:22:55] --- NEW MAP STARTED: pb_z_earthquake_m ---
--=================================================================--
[07:23:12] [GB] TheUndeadCorpse                     has joined (STEAM_0:1:32621880 | 46.208.82.62)
[08:15:46] [US] Hoot                                has joined (STEAM_0:0:20348359 | 140.186.137.148)
[08:19:39] [US] [Rebels     ] Hoot                                : difficulty
[08:19:39] [US] [Rebels     ] Hoot                                : !difficulty
[08:19:39] [US] [Rebels     ] Hoot                                : !difficulty
--=================================================================--
[21/06/2017 08:23:06] --- NEW MAP STARTED: z_ravenhell_m ---
--=================================================================--
[08:23:10] [US] Hoot                                has joined (STEAM_0:0:20348359 | 140.186.137.148)
[08:23:19] [US] [Rebels     ] Hoot                                : rank
[08:25:13] [US] [Rebels     ] Hoot                                : rtv
--=================================================================--
[21/06/2017 08:25:23] --- NEW MAP STARTED: dm_october_m ---
--=================================================================--
[08:25:26] [US] Hoot                                has joined (STEAM_0:0:20348359 | 140.186.137.148)
[08:29:11] [US] [Combine    ] Hoot                                : difficulty
[08:29:11] [US] [Combine    ] Hoot                                : !difficulty
[08:29:11] [US] [Combine    ] Hoot                                : !difficulty
[08:37:21] [RU] XOXOJI                              has joined (STEAM_0:0:16658515 | 145.255.8.67)
[08:40:22] [US] [Combine    ] Hoot                                : rank
[08:41:23] [US] [Combine    ] Hoot                                : rank
[08:45:35] [RU] sagat-2                             has joined (STEAM_0:1:41350131 | 31.135.92.252)
[08:47:55] [US] [Combine    ] Hoot                                : rank
[09:25:01] [US] Hoot                                has joined (STEAM_0:0:20348359 | 140.186.137.148)
[09:25:07] [US] [Rebels     ] Hoot                                : rank
--=================================================================--
[21/06/2017 09:25:35] --- NEW MAP STARTED: dm_cave_m ---
--=================================================================--
[09:43:30] [FR] Kit Walker                          has joined (STEAM_0:0:33001268 | 88.161.216.64)
[09:43:39] [FR] [Rebels     ] Kit Walker                          : rtv
--=================================================================--
[21/06/2017 09:43:58] --- NEW MAP STARTED: pb_z_high_school_m ---
--=================================================================--
[09:44:08] [FR] Kit Walker                          has joined (STEAM_0:0:33001268 | 88.161.216.64)
[10:03:34] [US] Hoot                                has joined (STEAM_0:0:20348359 | 140.186.137.148)
[10:06:12] [US] [Combine    ] Hoot                                : difficulty
[10:06:12] [US] [Combine    ] Hoot                                : !difficulty
[10:06:12] [US] [Combine    ] Hoot                                : !difficulty
[10:07:45] [US] [Combine    ] Hoot                                : rank
[10:10:33] [US] [Combine    ] Hoot                                : difficulty
[10:10:33] [US] [Combine    ] Hoot                                : !difficulty
[10:10:33] [US] [Combine    ] Hoot                                : !difficulty
[10:13:38] [US] [Combine    ] Hoot                                : rank
[10:14:45] [US] [Combine    ] Hoot                                : difficulty
[10:14:45] [US] [Combine    ] Hoot                                : !difficulty
[10:14:45] [US] [Combine    ] Hoot                                : !difficulty
[10:16:30] [DE] David6666                           has joined (STEAM_0:0:17333776 | 77.189.2.48)
[10:17:07] [DE] [Combine    ] David6666                           : hi hoot
[10:17:12] [US] [Combine    ] Hoot                                : Hey
[10:19:35] [FR] Kit Walker                          has joined (STEAM_0:0:33001268 | 88.161.216.64)
[10:26:27] [US] [Combine    ] Hoot                                : difficulty
[10:26:27] [US] [Combine    ] Hoot                                : !difficulty
[10:26:27] [DE] [Combine    ] David6666                           : !difficulty
[10:26:27] [FR] [Rebels     ] Kit Walker                          : !difficulty
[10:26:27] [US] [Combine    ] Hoot                                : !difficulty
[10:26:27] [DE] [Combine    ] David6666                           : !difficulty
[10:26:27] [FR] [Rebels     ] Kit Walker                          : !difficulty
[10:26:27] [US] [Combine    ] Hoot                                : !difficulty
[10:26:27] [DE] [Combine    ] David6666                           : !difficulty
[10:26:27] [FR] [Rebels     ] Kit Walker                          : !difficulty
[10:26:27] [DE] [Combine    ] David6666                           : !difficulty
[10:26:27] [FR] [Rebels     ] Kit Walker                          : !difficulty
[10:27:28] [DE] [Combine    ] David6666                           : rtv
--=================================================================--
[21/06/2017 10:27:52] --- NEW MAP STARTED: dm_raven_m ---
--=================================================================--
[10:28:04] [FR] Kit Walker                          has joined (STEAM_0:0:33001268 | 88.161.216.64)
[10:28:07] [DE] David6666                           has joined (STEAM_0:0:17333776 | 77.189.2.48)
[10:31:36] [FR] [Rebels     ] Kit Walker                          : rtv
--=================================================================--
[21/06/2017 10:32:04] --- NEW MAP STARTED: pb_z_office_tower_v2_m ---
--=================================================================--
[10:32:12] [DE] David6666                           has joined (STEAM_0:0:17333776 | 77.189.2.48)
[10:32:20] [FR] Kit Walker                          has joined (STEAM_0:0:33001268 | 88.161.216.64)
[10:32:21] [DE] [Rebels     ] David6666                           : rtv
[10:32:35] [DE] [Rebels     ] David6666                           : rtv
[10:33:14] [DE] [Rebels     ] David6666                           : rtv
--=================================================================--
[21/06/2017 10:33:34] --- NEW MAP STARTED: dm_thetunnel_v1_m ---
--=================================================================--
[10:33:41] [FR] Kit Walker                          has joined (STEAM_0:0:33001268 | 88.161.216.64)
[10:33:45] [DE] David6666                           has joined (STEAM_0:0:17333776 | 77.189.2.48)
[10:42:57] [DE] [Combine    ] David6666                           : rtv
--=================================================================--
[21/06/2017 10:43:21] --- NEW MAP STARTED: pb_z_disorder_m ---
--=================================================================--
[10:43:27] [DE] David6666                           has joined (STEAM_0:0:17333776 | 77.189.2.48)
[10:43:34] [FR] Kit Walker                          has joined (STEAM_0:0:33001268 | 88.161.216.64)
[10:44:32] [DE] [Combine    ] David6666                           : rtv
--=================================================================--
[21/06/2017 10:44:56] --- NEW MAP STARTED: z_ravenhell_m ---
--=================================================================--
[10:45:03] [FR] Kit Walker                          has joined (STEAM_0:0:33001268 | 88.161.216.64)
[10:45:08] [DE] David6666                           has joined (STEAM_0:0:17333776 | 77.189.2.48)
[10:45:44] [FR] [Rebels     ] Kit Walker                          : rtv
--=================================================================--
[21/06/2017 10:46:09] --- NEW MAP STARTED: dm_hellsdistrict_m ---
--=================================================================--
[10:46:32] [FR] Kit Walker                          has joined (STEAM_0:0:33001268 | 88.161.216.64)
[10:47:10] [DE] David6666                           has joined (STEAM_0:0:17333776 | 77.189.2.48)
[10:47:39] [DE] [Rebels     ] David6666                           : rtv
--=================================================================--
[21/06/2017 10:47:50] --- NEW MAP STARTED: pb_z_underground_m ---
--=================================================================--
[10:48:06] [DE] David6666                           has joined (STEAM_0:0:17333776 | 77.189.2.48)
[10:48:10] [FR] Kit Walker                          has joined (STEAM_0:0:33001268 | 88.161.216.64)
[10:49:37] [FR] [Rebels     ] Kit Walker                          : rtv
[10:51:01] [FR] [Rebels     ] Kit Walker                          : rtv
[10:51:08] [DE] [Combine    ] David6666                           : rtv
[10:51:31] [FR] [Rebels     ] Kit Walker                          : rtv
[10:52:19] [FR] [Rebels     ] Kit Walker                          : rtv
[10:52:51] [DE] [Combine    ] David6666                           : rtv
[10:53:01] [FR] [Rebels     ] Kit Walker                          : rtv
[10:53:38] [FR] [Rebels     ] Kit Walker                          : rtv
--=================================================================--
[21/06/2017 10:53:45] --- NEW MAP STARTED: pb_z_area51_m ---
--=================================================================--
[10:53:50] [DE] David6666                           has joined (STEAM_0:0:17333776 | 77.189.2.48)
[10:53:58] [FR] Kit Walker                          has joined (STEAM_0:0:33001268 | 88.161.216.64)
[11:01:19] [FR] [Rebels     ] Kit Walker                          : rtv
--=================================================================--
[21/06/2017 11:01:32] --- NEW MAP STARTED: pb_z_colony_m ---
--=================================================================--
[11:01:37] [DE] David6666                           has joined (STEAM_0:0:17333776 | 77.189.2.48)
[11:01:47] [FR] Kit Walker                          has joined (STEAM_0:0:33001268 | 88.161.216.64)
[11:28:09] [US] Hoot                                has joined (STEAM_0:0:20348359 | 140.186.137.148)
[11:28:17] [US] [Rebels     ] Hoot                                : rank
[11:31:33] [AU] Juggernaught                        has joined (STEAM_0:1:14837309 | 129.78.56.157)
[11:32:02] [US] ThatGuySuper                        has joined (STEAM_0:1:203689913 | 100.7.12.116)
[11:33:20] [AU] [Combine    ] Juggernaught                        : lol
[11:33:53] [US] [Rebels     ] ThatGuySuper                        : i want to play team deathmatch
[11:34:05] [AU] [Combine    ] Juggernaught                        : no unsecured server yet
[11:34:08] [AU] [Combine    ] Juggernaught                        : just this
[11:35:05] [US] [Rebels     ] ThatGuySuper                        : i can make one
[11:35:16] [AU] [Combine    ] Juggernaught                        : ok
[11:38:15] [DE] Andrahase                           has joined (STEAM_0:0:18984177 | 94.217.252.65)
[11:39:28] [US] [Rebels     ] Hoot                                : rtv
--=================================================================--
[21/06/2017 11:39:52] --- NEW MAP STARTED: dm_coldruins_rc1_m ---
--=================================================================--
[11:39:57] [US] Hoot                                has joined (STEAM_0:0:20348359 | 140.186.137.148)
[11:40:20] [AU] Juggernaught                        has joined (STEAM_0:1:14837309 | 129.78.56.157)
[11:43:50] [DE] Andrahase                           has joined (STEAM_0:0:18984177 | 94.217.252.65)
[11:46:04] [DE] [Combine    ] Andrahase                           : rtv
--=================================================================--
[21/06/2017 11:46:20] --- NEW MAP STARTED: dm_central_station_v1_m ---
--=================================================================--
[11:48:17] [DE] Andrahase                           has joined (STEAM_0:0:18984177 | 94.217.252.65)
[11:49:59] [DE] [Combine    ] Andrahase                           : rtv
--=================================================================--
[21/06/2017 11:50:06] --- NEW MAP STARTED: pb_z_earthquake_m ---
--=================================================================--
[11:53:10] [DE] Andrahase                           has joined (STEAM_0:0:18984177 | 94.217.252.65)
[11:54:05] [DE] [Combine    ] Andrahase                           : rtv
--=================================================================--
[21/06/2017 11:54:11] --- NEW MAP STARTED: pb_z_disorder_m ---
--=================================================================--
[11:54:38] [DE] Andrahase                           has joined (STEAM_0:0:18984177 | 94.217.252.65)
[11:54:46] [US] Dripping Rotten Fresh               has joined (STEAM_0:0:4988818 | 47.151.240.168)
[11:57:27] [DE] [Rebels     ] Andrahase                           : rtv
--=================================================================--
[21/06/2017 11:57:35] --- NEW MAP STARTED: pb_z_underground_m ---
--=================================================================--
[11:57:47] [DE] Andrahase                           has joined (STEAM_0:0:18984177 | 94.217.252.65)
[12:00:21] [DE] [Combine    ] Andrahase                           : rtv
--=================================================================--
[21/06/2017 12:00:31] --- NEW MAP STARTED: dm_october_m ---
--=================================================================--
[12:00:45] [DE] Andrahase                           has joined (STEAM_0:0:18984177 | 94.217.252.65)
[12:08:00] [DE] [Rebels     ] Andrahase                           : !difficulty
[12:08:00] [DE] [Rebels     ] Andrahase                           : !difficulty
[12:17:48] [DE] [Rebels     ] Andrahase                           : rank
[12:18:02] [DE] [Rebels     ] Andrahase                           : rtv
--=================================================================--
[21/06/2017 12:18:13] --- NEW MAP STARTED: pb_z_area51_m ---
--=================================================================--
[12:18:34] [DE] Andrahase                           has joined (STEAM_0:0:18984177 | 94.217.252.65)
[12:19:58] [DE] [Combine    ] Andrahase                           : !difficulty
[12:19:58] [DE] [Combine    ] Andrahase                           : !difficulty
[12:21:33] [DE] [Combine    ] Andrahase                           : rtv
--=================================================================--
[21/06/2017 12:21:45] --- NEW MAP STARTED: dm_hellsdistrict_m ---
--=================================================================--
[12:57:14] [US] Hoot                                has joined (STEAM_0:0:20348359 | 140.186.137.148)
[12:58:00] [US] [Rebels     ] Hoot                                : rank
[12:58:13] [US] [Rebels     ] Hoot                                : rtv
--=================================================================--
[21/06/2017 12:58:25] --- NEW MAP STARTED: pb_z_colony_m ---
--=================================================================--
[12:58:31] [US] Hoot                                has joined (STEAM_0:0:20348359 | 140.186.137.148)
[13:02:24] [US] [Combine    ] Hoot                                : difficulty
[13:02:24] [US] [Combine    ] Hoot                                : !difficulty
[13:02:24] [US] [Combine    ] Hoot                                : !difficulty
[13:03:22] [RU] SUM                                 has joined (STEAM_0:1:67318136 | 95.32.181.200)
[13:07:09] [US] [Combine    ] Hoot                                : rtv
--=================================================================--
[21/06/2017 13:07:19] --- NEW MAP STARTED: dm_snowfall_m ---
--=================================================================--
[13:07:27] [US] Hoot                                has joined (STEAM_0:0:20348359 | 140.186.137.148)
[13:09:21] [US] [Combine    ] Hoot                                : rtv
--=================================================================--
[21/06/2017 13:09:34] --- NEW MAP STARTED: pb_z_hometown1999_m ---
--=================================================================--
[13:09:45] [US] Hoot                                has joined (STEAM_0:0:20348359 | 140.186.137.148)
[13:10:19] [US] [Combine    ] Hoot                                : rtv
--=================================================================--
[21/06/2017 13:10:31] --- NEW MAP STARTED: pb_z_high_school_m ---
--=================================================================--
[13:10:35] [US] Hoot                                has joined (STEAM_0:0:20348359 | 140.186.137.148)
[13:13:50] [US] [Rebels     ] Hoot                                : difficulty
[13:13:50] [US] [Rebels     ] Hoot                                : !difficulty
[13:13:50] [US] [Rebels     ] Hoot                                : !difficulty
[13:14:00] [US] [Rebels     ] Hoot                                : rank
[13:28:30] [AU] Juggernaught                        has joined (STEAM_0:1:14837309 | 129.78.56.157)
[13:34:17] [GB] TheUndeadCorpse                     has joined (STEAM_0:1:32621880 | 46.208.82.62)
[13:34:26] [GB] [Combine    ] TheUndeadCorpse                     : hi
[13:34:34] [AU] [Combine    ] Juggernaught                        : hi
[13:41:17] [GB] [Combine    ] TheUndeadCorpse                     : !rank
[13:49:47] [GB] [Combine    ] TheUndeadCorpse                     : !timeleft
[13:50:15] [GB] [Combine    ] TheUndeadCorpse                     : cya later ;)
[13:55:29] [DE] Andrahase                           has joined (STEAM_0:0:18984177 | 94.217.252.65)
[13:56:50] [DE] [Combine    ] Andrahase                           : hi
[13:56:57] [AU] [Combine    ] Juggernaught                        : hi
[13:57:57] [AU] [Combine    ] Juggernaught                        : lol
[13:59:02] [DE] [Combine    ] Andrahase                           : rank
[14:00:24] [DE] [Combine    ] Andrahase                           : timeleft
[14:00:59] [DE] [Combine    ] Andrahase                           : !difficulty
[14:00:59] [AU] [Combine    ] Juggernaught                        : !difficulty
[14:00:59] [DE] [Combine    ] Andrahase                           : !difficulty
[14:00:59] [AU] [Combine    ] Juggernaught                        : !difficulty
[14:00:59] [DE] [Combine    ] Andrahase                           : !difficulty
[14:01:09] [AU] [Combine    ] Juggernaught                        : rtv
--=================================================================--
[21/06/2017 14:01:58] --- NEW MAP STARTED: pb_z_industry_m ---
--=================================================================--
[14:02:06] [DE] Andrahase                           has joined (STEAM_0:0:18984177 | 94.217.252.65)
[14:02:08] [AU] Juggernaught                        has joined (STEAM_0:1:14837309 | 129.78.56.157)
[14:04:08] [DE] [Combine    ] Andrahase                           : !difficulty
[14:04:08] [AU] [Combine    ] Juggernaught                        : !difficulty
[14:04:08] [DE] [Combine    ] Andrahase                           : !difficulty
[14:04:09] [AU] [Combine    ] Juggernaught                        : !difficulty
[14:04:09] [DE] [Combine    ] Andrahase                           : !difficulty
[14:05:18] [DE] [Combine    ] Andrahase                           : !difficulty
[14:05:41] [AU] [Combine    ] Juggernaught                        : dont know how to vote for zombie diffi
[14:05:43] [AU] [Combine    ] Juggernaught                        : soz
[14:05:50] [AU] [Combine    ] Juggernaught                        : how do i make harder?
[14:06:01] [DE] [Combine    ] Andrahase                           : click yes
[14:06:05] [AU] [Combine    ] Juggernaught                        : k
[14:06:06] [AU] [Combine    ] Juggernaught                        : yes
[14:06:11] [DE] [Combine    ] Andrahase                           : insane is not hard xD
[14:06:20] [DE] [Combine    ] Andrahase                           : insane is the original phoneburnia world
[14:06:21] [AU] [Combine    ] Juggernaught                        : i want harder
[14:06:26] [AU] [Combine    ] Juggernaught                        : lol
[14:06:27] [DE] [Combine    ] Andrahase                           : type !difficulty
[14:06:36] [AU] [Combine    ] Juggernaught                        : !difficulty
[14:07:06] [DE] [Combine    ] Andrahase                           : in this map insane is not very hard
[14:07:33] [DE] [Combine    ] Andrahase                           : because there are no vorts and antilion guards just 2 antilions and more fast zombies
[14:07:41] [AU] [Combine    ] Juggernaught                        : k
[14:09:19] [DE] [Combine    ] Andrahase                           : !difficulty
[14:09:19] [AU] [Combine    ] Juggernaught                        : !difficulty
[14:09:19] [DE] [Combine    ] Andrahase                           : !difficulty
[14:09:19] [AU] [Combine    ] Juggernaught                        : !difficulty
[14:09:19] [DE] [Combine    ] Andrahase                           : !difficulty
[14:09:32] [AU] [Combine    ] Juggernaught                        : yes
[14:09:37] [DE] [Combine    ] Andrahase                           : press esc
[14:09:47] [AU] [Combine    ] Juggernaught                        : lol
[14:09:49] [AU] [Combine    ] Juggernaught                        : thx
[14:09:54] [DE] [Combine    ] Andrahase                           : lol ty
[14:11:00] [DE] [Combine    ] Andrahase                           : if you come to the 200 suit shoot the barrel and the zombie and fast zombie will die
[14:11:47] [DE] [Combine    ] Andrahase                           : lol too hard?
[14:11:55] [AU] [Combine    ] Juggernaught                        : yes
[14:11:58] [AU] [Combine    ] Juggernaught                        : its good
[14:12:02] [DE] [Combine    ] Andrahase                           : ok
[14:12:02] [AU] [Combine    ] Juggernaught                        : the other was easy
[14:12:12] [DE] [Combine    ] Andrahase                           : ok in the middle theres medium
[14:21:11] [DE] [Combine    ] Andrahase                           : there is crossbow
[14:21:15] [DE] [Combine    ] Andrahase                           : arrows
[14:21:24] [DE] [Combine    ] Andrahase                           : ammo
[14:22:22] [DE] [Combine    ] Andrahase                           : rank
[14:26:20] [AU] [Combine    ] Juggernaught                        : squashed by door agghh
[14:26:33] [DE] [Combine    ] Andrahase                           : yes
[14:29:27] [AU] [Combine    ] Juggernaught                        : lol
[14:29:29] [DE] [Combine    ] Andrahase                           : lol
--=================================================================--
[21/06/2017 15:02:09] --- NEW MAP STARTED: dm_coldruins_rc1_m ---
--=================================================================--
--=================================================================--
[21/06/2017 15:23:37] --- NEW MAP STARTED: pb_z_high_school_m ---
--=================================================================--
[17:13:11] [US] MAFIA*TONY                          has joined (STEAM_0:0:7651749 | 24.217.140.66)
[17:15:53] [US] [Rebels     ] MAFIA*TONY                          : rtv
--=================================================================--
[21/06/2017 17:16:02] --- NEW MAP STARTED: pb_z_colony_m ---
--=================================================================--
[17:16:13] [US] MAFIA*TONY                          has joined (STEAM_0:0:7651749 | 24.217.140.66)
[17:30:35] [US] Hoot                                has joined (STEAM_0:0:20348359 | 140.186.137.148)
[17:30:40] [US] [Rebels     ] Hoot                                : rank
[17:30:49] [US] [Rebels     ] Hoot                                : rtv
--=================================================================--
[21/06/2017 17:31:01] --- NEW MAP STARTED: dm_pinnacles_m ---
--=================================================================--
[17:31:08] [US] Hoot                                has joined (STEAM_0:0:20348359 | 140.186.137.148)
[17:31:40] [US] MAFIA*TONY                          has joined (STEAM_0:0:7651749 | 24.217.140.66)
[17:46:43] [US] Hoot                                has joined (STEAM_0:0:20348359 | 140.186.137.148)
[17:46:52] [US] [Combine    ] Hoot                                : rtv
--=================================================================--
[21/06/2017 17:47:01] --- NEW MAP STARTED: dm_coldruins_rc1_m ---
--=================================================================--
[17:47:05] [US] Hoot                                has joined (STEAM_0:0:20348359 | 140.186.137.148)
[17:48:57] [US] [Combine    ] Hoot                                : rtv
--=================================================================--
[21/06/2017 17:49:06] --- NEW MAP STARTED: dm_hellsdistrict_m ---
--=================================================================--
[17:49:12] [US] Hoot                                has joined (STEAM_0:0:20348359 | 140.186.137.148)
[17:50:29] [US] [Combine    ] Hoot                                : rtv
--=================================================================--
[21/06/2017 17:50:40] --- NEW MAP STARTED: dm_cave_m ---
--=================================================================--
[17:50:49] [US] Hoot                                has joined (STEAM_0:0:20348359 | 140.186.137.148)
[17:50:56] [US] [Combine    ] Hoot                                : rtv
[17:51:08] [US] [Combine    ] Hoot                                : rtv
[17:51:17] [US] [Combine    ] Hoot                                : rank
[17:51:29] [US] [Combine    ] Hoot                                : rtv
--=================================================================--
[21/06/2017 17:51:38] --- NEW MAP STARTED: dm_raven_m ---
--=================================================================--
[17:51:43] [US] Hoot                                has joined (STEAM_0:0:20348359 | 140.186.137.148)
[17:54:10] [US] [Combine    ] Hoot                                : difficulty
[17:54:10] [US] [Combine    ] Hoot                                : !difficulty
[17:54:10] [US] [Combine    ] Hoot                                : !difficulty
[17:57:17] [US] [Combine    ] Hoot                                : rtv
--=================================================================--
[21/06/2017 17:57:25] --- NEW MAP STARTED: pb_z_high_school_m ---
--=================================================================--
[17:57:29] [US] Hoot                                has joined (STEAM_0:0:20348359 | 140.186.137.148)
[18:01:01] [US] Hoot                                has joined (STEAM_0:0:20348359 | 140.186.137.148)
[18:03:23] [US] [Rebels     ] Hoot                                : difficulty
[18:03:23] [US] [Rebels     ] Hoot                                : !difficulty
[18:03:23] [US] [Rebels     ] Hoot                                : !difficulty
[18:03:50] [US] 15 Hz Zapper                        has joined (STEAM_0:1:14070141 | 97.101.3.75)
--=================================================================--
[21/06/2017 18:57:36] --- NEW MAP STARTED: pb_z_industry_m ---
--=================================================================--
[19:03:48] [US] Ten Nut Bob                         has joined (STEAM_0:0:11234274 | 98.70.54.119)
[19:08:32] [US] [Combine    ] Ten Nut Bob                         : !model
[19:10:20] [US] Hoot                                has joined (STEAM_0:0:20348359 | 140.186.137.148)
[19:10:27] [US] [Rebels     ] Ten Nut Bob                         : hi hoot
[19:10:33] [US] [Rebels     ] Hoot                                : Howdy
[19:12:38] [US] [Rebels     ] Ten Nut Bob                         : haha
[19:12:49] [US] [Rebels     ] Hoot                                : lol
[19:13:10] [US] [Rebels     ] Ten Nut Bob                         : so that's why Hoot
[19:13:22] [US] [Rebels     ] Hoot                                : yeah kinda lol
[19:13:32] [US] [Rebels     ] Hoot                                : hide up high
[19:13:46] [US] [Rebels     ] Ten Nut Bob                         : hang em high
[19:13:50] [US] [Rebels     ] Hoot                                : )
[19:14:58] [US] [Rebels     ] Ten Nut Bob                         : how u get there
[19:15:05] [US] [Rebels     ] Hoot                                : jump
[19:15:07] [US] raoulib                             has joined (STEAM_0:1:69614722 | 50.53.109.246)
[19:15:13] [US] [Rebels     ] Ten Nut Bob                         : dang
[19:15:15] [US] [Rebels     ] Hoot                                : too far lol
[19:15:39] [US] [Rebels     ] Ten Nut Bob                         : i jinxed u
[19:15:43] [US] [Rebels     ] Hoot                                : lol
[19:21:00] [US] [Rebels     ] Ten Nut Bob                         : fragged him
[19:21:03] [US] [Rebels     ] Hoot                                : lol
[19:21:06] [US] [Rebels     ] Hoot                                : )
[19:21:14] [US] [Rebels     ] Ten Nut Bob                         : i like to hang like beef
[19:21:24] [US] [Rebels     ] Hoot                                : hehe
[19:22:47] [JP] 西野加奈子                     has joined (STEAM_0:0:43327151 | 111.107.167.121)
[19:26:05] [US] [Rebels     ] Ten Nut Bob                         : nihon jin
[19:26:20] [US] [Rebels     ] Ten Nut Bob                         : ?
[19:26:27] [JP] [Rebels     ] 西野加奈子                     : yes
[19:27:00] [US] [Rebels     ] Ten Nut Bob                         : genki desu ka
[19:28:14] [US] [Rebels     ] Ten Nut Bob                         : weapon get
[19:28:30] [JP] [Rebels     ] 西野加奈子                     : thx
[19:29:00] [JP] [Rebels     ] 西野加奈子                     : too hard
[19:39:01] [AU] Jack                                has joined (STEAM_0:0:100173753 | 118.209.13.65)
[19:40:26] [US] [Rebels     ] Ten Nut Bob                         : dang
[19:40:56] [US] [Rebels     ] Ten Nut Bob                         : lag
[19:41:00] [US] [Rebels     ] Hoot                                : yes
[19:41:01] [US] [Rebels     ] Ten Nut Bob                         : horrible
[19:42:08] [US] [Rebels     ] Hoot                                : lol death by door
[19:44:46] [US] [Rebels     ] Hoot                                : gotta go, have a good one
[19:45:02] [US] [Rebels     ] Ten Nut Bob                         : bye
[19:48:09] [US] [Rebels     ] Ten Nut Bob                         : rtv
--=================================================================--
[21/06/2017 19:48:20] --- NEW MAP STARTED: dm_thetunnel_v1_m ---
--=================================================================--
[19:49:53] [US] Ten Nut Bob                         has joined (STEAM_0:0:11234274 | 98.70.54.119)
[19:51:54] [US] [Combine    ] Ten Nut Bob                         : !model
[20:13:07] [US] XANAX                               has joined (STEAM_0:1:7103848 | 73.245.164.188)
--=================================================================--
[21/06/2017 20:48:32] --- NEW MAP STARTED: pb_z_colony_m ---
--=================================================================--
[21:28:32] [US] Hoot                                has joined (STEAM_0:0:20348359 | 140.186.137.148)
[21:28:39] [US] [Combine    ] Hoot                                : rank
[21:33:58] [US] [Combine    ] Hoot                                : rtv
[21:35:35] [US] [Combine    ] Hoot                                : diff
[21:35:49] [US] [Combine    ] Hoot                                : difficulty
[21:35:49] [US] [Combine    ] Hoot                                : !difficulty
[21:35:49] [US] [Combine    ] Hoot                                : !difficulty
[21:37:00] [US] [Combine    ] Hoot                                : rank
--=================================================================--
[21/06/2017 21:48:42] --- NEW MAP STARTED: z_ravenhell_m ---
--=================================================================--
--=================================================================--
[21/06/2017 22:48:54] --- NEW MAP STARTED: pb_z_office_tower_m ---
--=================================================================--
--=================================================================--
[21/06/2017 23:49:04] --- NEW MAP STARTED: dm_snowfall_m ---
--=================================================================--
