--=================================================================--
[22/06/2017 00:49:17] --- NEW MAP STARTED: dm_pinnacles_m ---
--=================================================================--
--=================================================================--
[22/06/2017 01:49:33] --- NEW MAP STARTED: pb_z_office_tower_v2_m ---
--=================================================================--
--=================================================================--
[22/06/2017 01:50:59] --- NEW MAP STARTED: pb_z_high_school_m ---
--=================================================================--
--=================================================================--
[22/06/2017 03:07:15] --- NEW MAP STARTED: dm_mine_entrance_m ---
--=================================================================--
[03:26:05] [GB] TheUndeadCorpse                     has joined (STEAM_0:1:32621880 | 46.208.82.62)
[03:26:14] [GB] [Combine    ] TheUndeadCorpse                     : !difficulty
[03:26:14] [GB] [Combine    ] TheUndeadCorpse                     : !difficulty
--=================================================================--
[22/06/2017 04:07:28] --- NEW MAP STARTED: dm_coldruins_rc1_m ---
--=================================================================--
--=================================================================--
[22/06/2017 05:07:39] --- NEW MAP STARTED: pb_z_underground_m ---
--=================================================================--
--=================================================================--
[22/06/2017 06:07:50] --- NEW MAP STARTED: dm_morbid_m ---
--=================================================================--
--=================================================================--
[22/06/2017 07:09:13] --- NEW MAP STARTED: dm_raven_m ---
--=================================================================--
[07:30:27] [DE] Andrahase                           has joined (STEAM_0:0:18984177 | 94.217.252.65)
[07:33:06] [DE] [Rebels     ] Andrahase                           : rtv
--=================================================================--
[22/06/2017 07:33:22] --- NEW MAP STARTED: dm_montana_m ---
--=================================================================--
[07:33:59] [DE] Andrahase                           has joined (STEAM_0:0:18984177 | 94.217.252.65)
[07:37:54] [DE] [Combine    ] Andrahase                           : rtv
--=================================================================--
[22/06/2017 07:38:15] --- NEW MAP STARTED: dm_snowfall_m ---
--=================================================================--
[07:38:32] [DE] Andrahase                           has joined (STEAM_0:0:18984177 | 94.217.252.65)
[07:45:08] [DE] [Rebels     ] Andrahase                           : RTV
--=================================================================--
[22/06/2017 07:45:17] --- NEW MAP STARTED: dm_pinnacles_m ---
--=================================================================--
[07:45:41] [DE] Andrahase                           has joined (STEAM_0:0:18984177 | 94.217.252.65)
[07:55:40] [DE] [Combine    ] Andrahase                           : rtv
--=================================================================--
[22/06/2017 07:55:53] --- NEW MAP STARTED: dm_october_m ---
--=================================================================--
[07:55:58] [DE] Andrahase                           has joined (STEAM_0:0:18984177 | 94.217.252.65)
[07:58:47] [DE] [Rebels     ] Andrahase                           : !difficulty
[07:58:47] [DE] [Rebels     ] Andrahase                           : !difficulty
[08:43:21] [RU] monokuma                            has joined (STEAM_0:1:112082900 | 178.155.6.234)
--=================================================================--
[22/06/2017 08:56:05] --- NEW MAP STARTED: pb_z_industry_m ---
--=================================================================--
[09:19:44] [DE] Andrahase                           has joined (STEAM_0:0:18984177 | 94.217.252.65)
[09:21:10] [DE] [Rebels     ] Andrahase                           : !difficultx
[09:21:13] [DE] [Rebels     ] Andrahase                           : !difficulty
[09:21:13] [DE] [Rebels     ] Andrahase                           : !difficulty
[09:27:10] [CY] A1m_S4oT                            has joined (STEAM_0:1:182326250 | 213.7.56.5)
[09:27:20] [GB] PropheT                             has joined (STEAM_0:1:30966077 | 51.9.198.198)
[09:29:11] [GB] [Rebels     ] PropheT                             : !difficulty
[09:29:11] [GB] [Rebels     ] PropheT                             : !difficulty
[09:29:11] [CY] [Combine    ] A1m_S4oT                            : !difficulty
[09:29:11] [GB] [Rebels     ] PropheT                             : !difficulty
[09:29:11] [CY] [Combine    ] A1m_S4oT                            : !difficulty
[09:29:33] [DE] Andrahase                           has joined (STEAM_0:0:18984177 | 94.217.252.65)
[09:36:36] [BR] DRAKO                               has joined (STEAM_0:0:19480734 | 187.57.158.124)
[09:38:49] [DE] [Rebels     ] Andrahase                           : rtv
--=================================================================--
[22/06/2017 09:39:04] --- NEW MAP STARTED: dm_laststop_m ---
--=================================================================--
[09:39:22] [DE] Andrahase                           has joined (STEAM_0:0:18984177 | 94.217.252.65)
[09:39:37] [DE] [Combine    ] Andrahase                           : rtv
--=================================================================--
[22/06/2017 09:39:57] --- NEW MAP STARTED: dm_morbid_m ---
--=================================================================--
[09:40:13] [DE] Andrahase                           has joined (STEAM_0:0:18984177 | 94.217.252.65)
[09:42:30] [DE] [Combine    ] Andrahase                           : !difficulty
[09:42:30] [DE] [Combine    ] Andrahase                           : !difficulty
[09:50:54] [DE] [Combine    ] Andrahase                           : rtv
--=================================================================--
[22/06/2017 09:51:02] --- NEW MAP STARTED: pb_z_area51_m ---
--=================================================================--
[09:51:08] [DE] Andrahase                           has joined (STEAM_0:0:18984177 | 94.217.252.65)
[09:51:58] [DE] Andrahase                           has joined (STEAM_0:0:18984177 | 94.217.252.65)
[09:53:53] [DE] [Rebels     ] Andrahase                           : !difficulty
[09:53:53] [DE] [Rebels     ] Andrahase                           : !difficulty
[09:57:07] [DE] [Rebels     ] Andrahase                           : rtv
[09:57:39] [DE] [Rebels     ] Andrahase                           : rtv
[09:59:12] [DE] [Rebels     ] Andrahase                           : rtv
[09:59:46] [DE] [Rebels     ] Andrahase                           : rtv
[09:59:56] [DE] [Rebels     ] Andrahase                           : rank
[10:01:42] [DE] [Rebels     ] Andrahase                           : rtv
--=================================================================--
[22/06/2017 10:01:48] --- NEW MAP STARTED: pb_z_office_tower_m ---
--=================================================================--
[10:02:02] [DE] Andrahase                           has joined (STEAM_0:0:18984177 | 94.217.252.65)
[10:03:22] [DE] [Combine    ] Andrahase                           : rtv
--=================================================================--
[22/06/2017 10:03:41] --- NEW MAP STARTED: dm_raven_m ---
--=================================================================--
[10:03:45] [DE] Andrahase                           has joined (STEAM_0:0:18984177 | 94.217.252.65)
[10:04:44] [DE] [Rebels     ] Andrahase                           : !difficulty
[10:04:44] [DE] [Rebels     ] Andrahase                           : !difficulty
[10:10:57] [DE] [Rebels     ] Andrahase                           : rtv
--=================================================================--
[22/06/2017 10:11:17] --- NEW MAP STARTED: dm_pinnacles_m ---
--=================================================================--
[10:11:21] [DE] Andrahase                           has joined (STEAM_0:0:18984177 | 94.217.252.65)
[10:11:37] [DE] [Rebels     ] Andrahase                           : rtv
[10:12:02] [DE] [Rebels     ] Andrahase                           : rtv
--=================================================================--
[22/06/2017 10:12:13] --- NEW MAP STARTED: dm_coldruins_rc1_m ---
--=================================================================--
[10:12:17] [DE] Andrahase                           has joined (STEAM_0:0:18984177 | 94.217.252.65)
[10:13:24] [DE] [Combine    ] Andrahase                           : !difficulty
[10:13:24] [DE] [Combine    ] Andrahase                           : !difficulty
[10:14:40] [DE] [Combine    ] Andrahase                           : rtv
--=================================================================--
[22/06/2017 10:14:49] --- NEW MAP STARTED: pb_z_underground_m ---
--=================================================================--
[10:14:53] [DE] Andrahase                           has joined (STEAM_0:0:18984177 | 94.217.252.65)
[10:15:46] [DE] [Rebels     ] Andrahase                           : !difficulty
[10:15:46] [DE] [Rebels     ] Andrahase                           : !difficulty
[10:19:51] [DE] [Rebels     ] Andrahase                           : 7
[10:19:54] [DE] [Rebels     ] Andrahase                           : rtv
--=================================================================--
[22/06/2017 10:20:08] --- NEW MAP STARTED: pb_z_disorder_m ---
--=================================================================--
[10:20:13] [DE] Andrahase                           has joined (STEAM_0:0:18984177 | 94.217.252.65)
[10:57:42] [DE] David6666                           has joined (STEAM_0:0:17333776 | 77.189.72.91)
[10:57:51] [DE] [Combine    ] David6666                           : rtv
--=================================================================--
[22/06/2017 10:58:00] --- NEW MAP STARTED: dm_cave_m ---
--=================================================================--
[10:58:15] [DE] David6666                           has joined (STEAM_0:0:17333776 | 77.189.72.91)
[10:59:24] [DE] Andrahase                           has joined (STEAM_0:0:18984177 | 94.217.252.65)
[10:59:30] [DE] [Combine    ] David6666                           : rtv
[10:59:30] [DE] [Rebels     ] Andrahase                           : hi
[10:59:38] [DE] [Combine    ] David6666                           : hasi
--=================================================================--
[22/06/2017 10:59:45] --- NEW MAP STARTED: dm_hellsdistrict_m ---
--=================================================================--
[10:59:53] [DE] Andrahase                           has joined (STEAM_0:0:18984177 | 94.217.252.65)
[10:59:53] [DE] David6666                           has joined (STEAM_0:0:17333776 | 77.189.72.91)
[11:01:59] [FI] robo                                has joined (STEAM_0:0:13020169 | 91.154.21.100)
[11:02:18] [FI] [Combine    ] robo                                : hello
[11:02:21] [DE] [Combine    ] Andrahase                           : hi
[11:02:28] [DE] [Combine    ] David6666                           : hi
[11:05:02] [DE] [Combine    ] David6666                           : rtv
--=================================================================--
[22/06/2017 11:05:24] --- NEW MAP STARTED: pb_z_industry_m ---
--=================================================================--
[11:05:32] [DE] Andrahase                           has joined (STEAM_0:0:18984177 | 94.217.252.65)
[11:05:34] [DE] David6666                           has joined (STEAM_0:0:17333776 | 77.189.72.91)
[11:06:59] [FI] robo                                has joined (STEAM_0:0:13020169 | 91.154.21.100)
[11:11:58] [DE] [Rebels     ] David6666                           : rtv
[11:13:46] [DE] [Rebels     ] David6666                           : gtg
[11:13:51] [FI] [Rebels     ] robo                                : bb
[11:14:31] [FR] bart posey                          has joined (STEAM_0:1:280914378 | 81.49.128.146)
[11:16:07] [DE] [Combine    ] Andrahase                           : rank
[11:20:51] [FI] [Rebels     ] robo                                : ^^
[11:20:55] [DE] [Combine    ] Andrahase                           : ^^
[11:23:26] [DE] [Combine    ] Andrahase                           : lol
[11:23:27] [FI] [Rebels     ] robo                                : lol
[11:23:59] [DE] [Combine    ] Andrahase                           : ^^
[11:32:04] [DE] [Combine    ] Andrahase                           : rank
[11:33:56] [DE] [Combine    ] Andrahase                           : rtv
--=================================================================--
[22/06/2017 11:34:19] --- NEW MAP STARTED: dm_montana_m ---
--=================================================================--
[11:34:27] [DE] Andrahase                           has joined (STEAM_0:0:18984177 | 94.217.252.65)
[11:34:33] [FR] bart posey                          has joined (STEAM_0:1:280914378 | 81.49.128.146)
[11:37:10] [FI] robo                                has joined (STEAM_0:0:13020169 | 91.154.21.100)
[11:41:49] [FI] [Rebels     ] robo                                : revolver is john wayne's favority weapon
[11:42:08] [DE] [Rebels     ] Andrahase                           : ok^^
[11:42:12] [FI] [Rebels     ] robo                                :  :)
[11:47:24] [FI] [Rebels     ] robo                                : danke
[11:48:06] [FI] [Rebels     ] robo                                : lol
[11:48:09] [DE] [Rebels     ] Andrahase                           : lol
[11:49:00] [DE] [Rebels     ] Andrahase                           : he gay have bring the packet to the post
[11:49:20] [FI] [Rebels     ] robo                                : you?
[11:49:28] [DE] [Rebels     ] Andrahase                           : oslo- leonberg 1 week
[11:49:35] [FI] [Rebels     ] robo                                : aa, the car
[11:49:44] [DE] [Rebels     ] Andrahase                           : yes
[11:49:48] [FI] [Rebels     ] robo                                : car part
[11:50:42] [FI] [Rebels     ] robo                                : nice this combine assault rifle is strong against fast zombies
[11:50:57] [FI] [Rebels     ] robo                                : or not
[11:51:32] [FI] [Rebels     ] robo                                : bolls of course are strong
[11:51:36] [DE] [Rebels     ] Andrahase                           : yes
[11:52:42] [FI] [Rebels     ] robo                                : 2nd cross outside on peer
[11:52:56] [DE] [Rebels     ] Andrahase                           : ok
[11:59:35] [FI] [Rebels     ] robo                                : ^^
[11:59:38] [DE] [Rebels     ] Andrahase                           : ^^
[12:10:41] [DE] [Rebels     ] Andrahase                           : rtv
--=================================================================--
[22/06/2017 12:10:57] --- NEW MAP STARTED: dm_central_station_v1_m ---
--=================================================================--
[12:11:07] [DE] Andrahase                           has joined (STEAM_0:0:18984177 | 94.217.252.65)
[12:16:22] [DE] [Rebels     ] Andrahase                           : rtv
--=================================================================--
[22/06/2017 12:16:30] --- NEW MAP STARTED: dm_thetunnel_v1_m ---
--=================================================================--
[12:16:38] [DE] Andrahase                           has joined (STEAM_0:0:18984177 | 94.217.252.65)
[12:16:42] [DE] [Rebels     ] Andrahase                           : rtv
[12:19:19] [DE] [Combine    ] Andrahase                           : rtv
[12:20:18] [DE] [Combine    ] Andrahase                           : rtv
[12:21:00] [DE] [Combine    ] Andrahase                           : rtv
[12:21:06] [DE] [Combine    ] Andrahase                           : rank
[12:21:20] [DE] [Combine    ] Andrahase                           : rtv
[12:21:58] [DE] [Combine    ] Andrahase                           : !difficulty
[12:21:58] [DE] [Combine    ] Andrahase                           : !difficulty
[12:22:02] [FR] Kit Walker                          has joined (STEAM_0:0:33001268 | 88.161.216.64)
[12:23:26] [FR] [Rebels     ] Kit Walker                          : Hallooo
[12:23:30] [DE] [Combine    ] Andrahase                           : hallo:)
[12:28:49] [DE] [Combine    ] Andrahase                           : rtv
--=================================================================--
[22/06/2017 12:28:54] --- NEW MAP STARTED: pb_z_underground_m ---
--=================================================================--
[13:11:46] [US] Cormorant                           has joined (STEAM_0:0:180221977 | 173.79.49.205)
[13:17:43] [US] krauscher86                         has joined (STEAM_0:0:197684507 | 75.97.156.227)
[13:18:39] [US] krauscher86                         has joined (STEAM_0:0:197684507 | 75.97.156.227)
--=================================================================--
[22/06/2017 13:29:09] --- NEW MAP STARTED: dm_coldruins_rc1_m ---
--=================================================================--
[13:56:05] [US] Ten Nut Bob                         has joined (STEAM_0:0:11234274 | 98.70.54.119)
[14:19:02] [US] [Combine    ] Ten Nut Bob                         : rtv
--=================================================================--
[22/06/2017 14:19:09] --- NEW MAP STARTED: dm_hellsdistrict_m ---
--=================================================================--
--=================================================================--
[22/06/2017 15:19:19] --- NEW MAP STARTED: dm_raven_m ---
--=================================================================--
[15:30:42] [US] krauscher86                         has joined (STEAM_0:0:197684507 | 75.97.156.227)
--=================================================================--
[22/06/2017 16:19:35] --- NEW MAP STARTED: pb_z_office_tower_v2_m ---
--=================================================================--
--=================================================================--
[22/06/2017 16:19:42] --- NEW MAP STARTED: pb_z_office_tower_v2_m ---
--=================================================================--
--=================================================================--
[22/06/2017 17:19:53] --- NEW MAP STARTED: dm_central_station_v1_m ---
--=================================================================--
[17:36:18] [US] Hoot                                has joined (STEAM_0:0:20348359 | 140.186.137.148)
[17:36:25] [US] [Combine    ] Hoot                                : rtv
--=================================================================--
[22/06/2017 17:36:36] --- NEW MAP STARTED: dm_pinnacles_m ---
--=================================================================--
[17:36:39] [US] Hoot                                has joined (STEAM_0:0:20348359 | 140.186.137.148)
[17:39:26] [US] [Combine    ] Hoot                                : rtv
--=================================================================--
[22/06/2017 17:39:34] --- NEW MAP STARTED: dm_coldruins_rc1_m ---
--=================================================================--
[17:39:37] [US] Hoot                                has joined (STEAM_0:0:20348359 | 140.186.137.148)
[17:43:16] [US] [Rebels     ] Hoot                                : rtv
--=================================================================--
[22/06/2017 17:43:25] --- NEW MAP STARTED: pb_z_disorder_m ---
--=================================================================--
[17:43:28] [US] Hoot                                has joined (STEAM_0:0:20348359 | 140.186.137.148)
[17:46:23] [US] [Combine    ] Hoot                                : rank
[17:53:57] [US] [Combine    ] Hoot                                : y
[17:54:04] [US] [Combine    ] Hoot                                : rtv
--=================================================================--
[22/06/2017 17:54:12] --- NEW MAP STARTED: pb_z_earthquake_m ---
--=================================================================--
[17:54:16] [US] Hoot                                has joined (STEAM_0:0:20348359 | 140.186.137.148)
[17:59:57] [US] [Combine    ] Hoot                                : difficulty
[17:59:57] [US] [Combine    ] Hoot                                : !difficulty
[17:59:57] [US] [Combine    ] Hoot                                : !difficulty
[18:04:57] [US] [Combine    ] Hoot                                : rank
--=================================================================--
[22/06/2017 18:54:23] --- NEW MAP STARTED: pb_z_industry_m ---
--=================================================================--
[19:32:56] [US] Invader Zim                         has joined (STEAM_0:1:1272857 | 63.225.174.55)
[19:48:34] [US] Hoot                                has joined (STEAM_0:0:20348359 | 140.186.137.148)
[19:48:49] [US] [Rebels     ] Hoot                                : rtv
--=================================================================--
[22/06/2017 19:48:58] --- NEW MAP STARTED: pb_z_high_school_m ---
--=================================================================--
[19:49:02] [US] Hoot                                has joined (STEAM_0:0:20348359 | 140.186.137.148)
[19:52:18] [US] [Rebels     ] Hoot                                : difficulty
[19:52:18] [US] [Rebels     ] Hoot                                : !difficulty
[19:52:18] [US] [Rebels     ] Hoot                                : !difficulty
[20:13:10] [US] Hoot                                has joined (STEAM_0:0:20348359 | 140.186.137.148)
[20:15:09] [US] [Rebels     ] Hoot                                : difficulty
[20:15:09] [US] [Rebels     ] Hoot                                : !difficulty
[20:15:09] [US] [Rebels     ] Hoot                                : !difficulty
[20:15:20] [US] [Rebels     ] Hoot                                : rank
--=================================================================--
[22/06/2017 20:49:11] --- NEW MAP STARTED: dm_snowfall_m ---
--=================================================================--
[20:53:23] [SE] Sy                                  has joined (STEAM_0:0:5472018 | 77.53.153.215)
[20:58:11] [SE] [Combine    ] Sy                                  : rtv
--=================================================================--
[22/06/2017 20:58:24] --- NEW MAP STARTED: dm_raven_m ---
--=================================================================--
[20:58:39] [SE] Sy                                  has joined (STEAM_0:0:5472018 | 77.53.153.215)
[21:00:45] [SE] [Rebels     ] Sy                                  : rtv
--=================================================================--
[22/06/2017 21:01:04] --- NEW MAP STARTED: pb_z_colony_m ---
--=================================================================--
[21:01:17] [US] kwitcher_bitchen                    has joined (STEAM_0:1:4343806 | 216.228.186.3)
[21:01:28] [SE] Sy                                  has joined (STEAM_0:0:5472018 | 77.53.153.215)
--=================================================================--
[22/06/2017 22:01:15] --- NEW MAP STARTED: pb_z_area51_m ---
--=================================================================--
[22:08:13] [DE] David6666                           has joined (STEAM_0:0:17333776 | 77.190.191.83)
[22:20:48] [DE] [Combine    ] David6666                           : rtv
--=================================================================--
[22/06/2017 22:20:55] --- NEW MAP STARTED: dm_hellsdistrict_m ---
--=================================================================--
[22:21:05] [DE] David6666                           has joined (STEAM_0:0:17333776 | 77.190.191.83)
[22:27:37] [DE] [Rebels     ] David6666                           : rtv
--=================================================================--
[22/06/2017 22:27:46] --- NEW MAP STARTED: z_ravenhell_m ---
--=================================================================--
[22:27:55] [DE] David6666                           has joined (STEAM_0:0:17333776 | 77.190.191.83)
[22:28:19] [DE] [Rebels     ] David6666                           : rtv
--=================================================================--
[22/06/2017 22:28:27] --- NEW MAP STARTED: pb_z_industry_m ---
--=================================================================--
[22:28:35] [DE] David6666                           has joined (STEAM_0:0:17333776 | 77.190.191.83)
[22:29:37] [DE] [Combine    ] David6666                           : rtv
--=================================================================--
[22/06/2017 22:29:45] --- NEW MAP STARTED: dm_montana_m ---
--=================================================================--
[22:29:55] [DE] David6666                           has joined (STEAM_0:0:17333776 | 77.190.191.83)
[22:32:17] [DE] [Combine    ] David6666                           : rtv
--=================================================================--
[22/06/2017 22:32:25] --- NEW MAP STARTED: pb_z_disorder_m ---
--=================================================================--
[22:32:35] [DE] David6666                           has joined (STEAM_0:0:17333776 | 77.190.191.83)
--=================================================================--
[22/06/2017 23:32:36] --- NEW MAP STARTED: dm_thetunnel_v1_m ---
--=================================================================--
