--=================================================================--
[20/06/2017 00:18:41] --- NEW MAP STARTED: pb_z_high_school_m ---
--=================================================================--
[00:42:39] [GB] TheUndeadCorpse                     has joined (STEAM_0:1:32621880 | 46.208.82.62)
[00:42:51] [GB] [Rebels     ] TheUndeadCorpse                     : !difficulty
[00:42:51] [GB] [Rebels     ] TheUndeadCorpse                     : !difficulty
[00:51:35] [GB] CrapATthiS                          has joined (STEAM_0:0:9154706 | 86.16.76.157)
[00:53:21] [GB] TheUndeadCorpse                     has joined (STEAM_0:1:32621880 | 46.208.82.62)
[00:53:29] [GB] [Combine    ] TheUndeadCorpse                     : !difficulty
[00:53:29] [GB] [Combine    ] TheUndeadCorpse                     : !difficulty
--=================================================================--
[20/06/2017 01:19:24] --- NEW MAP STARTED: dm_coldruins_rc1_m ---
--=================================================================--
[01:41:42] [MX] ¡ Hex !                            has joined (STEAM_0:0:30128575 | 187.189.106.120)
--=================================================================--
[20/06/2017 02:19:34] --- NEW MAP STARTED: dm_cave_m ---
--=================================================================--
[02:57:49] [GB] TheUndeadCorpse                     has joined (STEAM_0:1:32621880 | 46.208.82.62)
[02:58:39] [GB] [Rebels     ] TheUndeadCorpse                     : !difficulty
[02:58:39] [GB] [Rebels     ] TheUndeadCorpse                     : !difficulty
[03:01:10] [MX] DanielUrias                         has joined (STEAM_0:1:54831175 | 189.204.163.61)
[03:02:07] [MX] ¡ Hex !                            has joined (STEAM_0:0:30128575 | 187.189.106.120)
[03:02:40] [MX] [Rebels     ] ¡ Hex !                            : Wat
[03:04:59] [GB] [Rebels     ] TheUndeadCorpse                     : want to change the difficulty?
[03:05:06] [MX] [Combine    ] DanielUrias                         : nah
[03:05:15] [GB] [Rebels     ] TheUndeadCorpse                     : :D
[03:13:21] [GB] [Rebels     ] TheUndeadCorpse                     : !timeleft
[03:15:55] [GB] [Rebels     ] TheUndeadCorpse                     : anyway, happy zombie killing :D
[03:16:17] [MX] [Rebels     ] ¡ Hex !                            : !difficult
[03:16:20] [MX] [Rebels     ] ¡ Hex !                            : !difficulty
[03:16:20] [MX] [Rebels     ] ¡ Hex !                            : !difficulty
--=================================================================--
[20/06/2017 03:19:47] --- NEW MAP STARTED: pb_z_office_tower_m ---
--=================================================================--
[03:45:18] [US] Invader Zim                         has joined (STEAM_0:1:1272857 | 63.225.174.55)
[03:50:52] [US] [Combine    ] Invader Zim                         : nominate
[03:51:14] [US] [Combine    ] Invader Zim                         : rtv
--=================================================================--
[20/06/2017 03:51:19] --- NEW MAP STARTED: z_ravenhell_m ---
--=================================================================--
[03:51:30] [US] Invader Zim                         has joined (STEAM_0:1:1272857 | 63.225.174.55)
[03:58:15] [US] [Combine    ] Invader Zim                         : nominate
[03:58:21] [US] [Combine    ] Invader Zim                         : rtv
--=================================================================--
[20/06/2017 03:58:27] --- NEW MAP STARTED: pb_z_area51_m ---
--=================================================================--
[03:59:00] [US] Invader Zim                         has joined (STEAM_0:1:1272857 | 63.225.174.55)
[04:01:12] [DE] Thor                                has joined (STEAM_0:1:14583711 | 80.140.100.175)
[04:36:40] [US] [Combine    ] Invader Zim                         : nominate
[04:41:00] [US] [Combine    ] Invader Zim                         : timeleft
[04:42:46] [US] [Combine    ] Invader Zim                         : rtv
--=================================================================--
[20/06/2017 04:43:10] --- NEW MAP STARTED: pb_z_earthquake_m ---
--=================================================================--
[04:43:22] [DE] Thor                                has joined (STEAM_0:1:14583711 | 80.140.100.175)
[04:43:28] [US] Invader Zim                         has joined (STEAM_0:1:1272857 | 63.225.174.55)
[05:06:40] [AU] 22nd Reg Jnr                        has joined (STEAM_0:0:19801417 | 110.20.241.225)
[05:22:33] [US] The Silkiest                        has joined (STEAM_0:0:25007326 | 98.192.92.119)
[05:23:01] [US] [Combine    ] The Silkiest                        : hi
[05:23:10] [US] [Rebels     ] Invader Zim                         : hi
[05:27:10] [US] [Combine    ] The Silkiest                        : I add u as a friend
[05:27:35] [US] [Combine    ] The Silkiest                        : gg
[05:27:40] [US] [Rebels     ] Invader Zim                         : u 2
[05:27:50] [US] [Combine    ] The Silkiest                        : (TEAM) ok
[05:28:12] [US] [Rebels     ] Invader Zim                         : trick to this is never stop moving!
[05:29:24] [US] [Combine    ] The Silkiest                        : i hate fast zombie!
[05:30:51] [US] [Combine    ] The Silkiest                        : im going to invtie u to my game ok
[05:34:00] [US] [Rebels     ] Invader Zim                         : time,eft
[05:34:03] [US] [Rebels     ] Invader Zim                         : timeleft
[05:37:01] [GB] TheUndeadCorpse                     has joined (STEAM_0:1:32621880 | 46.208.82.62)
[05:37:50] [UA] Ogre                                has joined (STEAM_0:1:27796054 | 188.130.176.67)
[05:42:18] [RU] Dragon                              has joined (STEAM_0:0:88446573 | 79.165.18.222)
[05:42:29] [GB] [Rebels     ] TheUndeadCorpse                     : anyone seen a pink rabbit?
[05:42:40] [US] [Rebels     ] Invader Zim                         : out back
[05:42:45] [GB] [Rebels     ] TheUndeadCorpse                     : thanks
[05:43:14] [US] [Rebels     ] Invader Zim                         : gg
[05:43:16] [GB] [Rebels     ] TheUndeadCorpse                     : gg
--=================================================================--
[20/06/2017 05:43:24] --- NEW MAP STARTED: dm_laststop_m ---
--=================================================================--
[05:43:36] [RU] Dragon                              has joined (STEAM_0:0:88446573 | 79.165.18.222)
[05:43:37] [UA] Ogre                                has joined (STEAM_0:1:27796054 | 188.130.176.67)
[05:43:38] [DE] Thor                                has joined (STEAM_0:1:14583711 | 80.140.100.175)
[05:43:47] [GB] TheUndeadCorpse                     has joined (STEAM_0:1:32621880 | 46.208.82.62)
[05:47:36] [GB] [Combine    ] TheUndeadCorpse                     : vort?
[05:49:14] [FR] Kit Walker                          has joined (STEAM_0:0:33001268 | 88.161.216.64)
[05:49:36] [FR] [Rebels     ] Kit Walker                          : hi
[05:49:40] [RU] [Combine    ] Dragon                              : hi
[05:49:43] [GB] [Combine    ] TheUndeadCorpse                     : hi
[05:53:27] [TW] 阿控                              has joined (STEAM_0:1:25774049 | 218.164.63.145)
[05:58:40] [GB] [Combine    ] TheUndeadCorpse                     : cya later
[05:58:43] [GB] [Combine    ] TheUndeadCorpse                     : ;)
[05:58:46] [FR] [Rebels     ] Kit Walker                          : bb
[06:05:33] [RU] [Combine    ] Dragon                              : !difficly
[06:10:32] [US] Hoot                                has joined (STEAM_0:0:20348359 | 140.186.137.148)
[06:28:51] [US] Hoot                                has joined (STEAM_0:0:20348359 | 140.186.137.148)
[06:29:02] [US] [Rebels     ] Hoot                                : rank
[06:29:09] [US] [Rebels     ] Hoot                                : rtv
--=================================================================--
[20/06/2017 06:29:24] --- NEW MAP STARTED: pb_z_disorder_m ---
--=================================================================--
[06:29:27] [US] Hoot                                has joined (STEAM_0:0:20348359 | 140.186.137.148)
[06:35:31] [US] [Combine    ] Hoot                                : rtv
--=================================================================--
[20/06/2017 06:35:40] --- NEW MAP STARTED: dm_october_m ---
--=================================================================--
[06:35:44] [US] Hoot                                has joined (STEAM_0:0:20348359 | 140.186.137.148)
[06:37:43] [US] [Combine    ] Hoot                                : difficulty
[06:37:43] [US] [Combine    ] Hoot                                : !difficulty
[06:37:43] [US] [Combine    ] Hoot                                : !difficulty
[06:38:02] [US] [Combine    ] Hoot                                : rank
[06:45:33] [US] [Combine    ] Hoot                                : rank
[07:06:02] [FR] Kit Walker                          has joined (STEAM_0:0:33001268 | 88.161.216.64)
--=================================================================--
[20/06/2017 07:35:57] --- NEW MAP STARTED: pb_z_hometown1999_m ---
--=================================================================--
[08:03:12] [FR] Kit Walker                          has joined (STEAM_0:0:33001268 | 88.161.216.64)
[08:14:46] [US] ʇıpuɐq uʍop ǝpısdn ǝɥʇ     has joined (STEAM_0:1:6200275 | 70.162.37.91)
[08:15:38] [US] [Combine    ] ʇıpuɐq uʍop ǝpısdn ǝɥʇ     : !models
[08:15:42] [US] [Combine    ] ʇıpuɐq uʍop ǝpısdn ǝɥʇ     : !model
[08:20:21] [CZ] Azerov                              has joined (STEAM_0:1:83100901 | 213.192.26.22)
--=================================================================--
[20/06/2017 08:36:09] --- NEW MAP STARTED: pb_z_office_tower_m ---
--=================================================================--
[08:36:16] [US] ʇıpuɐq uʍop ǝpısdn ǝɥʇ     has joined (STEAM_0:1:6200275 | 70.162.37.91)
[08:37:28] [US] [Rebels     ] ʇıpuɐq uʍop ǝpısdn ǝɥʇ     : rtv
--=================================================================--
[20/06/2017 08:37:48] --- NEW MAP STARTED: pb_z_high_school_m ---
--=================================================================--
[09:17:26] [GB] TheUndeadCorpse                     has joined (STEAM_0:1:32621880 | 46.208.82.62)
[09:17:35] [GB] [Combine    ] TheUndeadCorpse                     : !difficulty
[09:17:35] [GB] [Combine    ] TheUndeadCorpse                     : !difficulty
[09:19:35] [US] ʇıpuɐq uʍop ǝpısdn ǝɥʇ     has joined (STEAM_0:1:6200275 | 70.162.37.91)
[09:19:56] [GB] [Combine    ] TheUndeadCorpse                     : hi
[09:20:05] [US] [Combine    ] ʇıpuɐq uʍop ǝpısdn ǝɥʇ     : hello 
[09:20:09] [US] [Combine    ] ʇıpuɐq uʍop ǝpısdn ǝɥʇ     : bad spawns lol
[09:20:32] [GB] [Combine    ] TheUndeadCorpse                     : its called insane for a reason
[09:22:35] [US] Hoot                                has joined (STEAM_0:0:20348359 | 140.186.137.148)
[09:25:09] [GB] motophiliac                         has joined (STEAM_0:0:16578141 | 77.98.248.141)
[09:25:24] [US] [Combine    ] ʇıpuɐq uʍop ǝpısdn ǝɥʇ     : killed by a door... wonderful lol
[09:25:40] [GB] [Combine    ] TheUndeadCorpse                     : it's annoying 
[09:25:58] [GB] [Combine    ] motophiliac                         : i
[09:26:15] [GB] [Combine    ] motophiliac                         : hmm
[09:26:37] [US] [Combine    ] ʇıpuɐq uʍop ǝpısdn ǝɥʇ     : yeah be careful of doors here, 
[09:27:17] [GB] [Combine    ] motophiliac                         : ffs
[09:27:39] [GB] [Combine    ] motophiliac                         : ty
[09:29:12] [GB] [Combine    ] motophiliac                         : SH!T
[09:35:02] [GB] [Combine    ] TheUndeadCorpse                     : which map?
[09:37:51] [GB] [Combine    ] TheUndeadCorpse                     : gg
--=================================================================--
[20/06/2017 09:38:00] --- NEW MAP STARTED: dm_mine_entrance_m ---
--=================================================================--
[09:38:06] [US] ʇıpuɐq uʍop ǝpısdn ǝɥʇ     has joined (STEAM_0:1:6200275 | 70.162.37.91)
[09:38:13] [GB] TheUndeadCorpse                     has joined (STEAM_0:1:32621880 | 46.208.82.62)
[09:39:13] [US] [Rebels     ] ʇıpuɐq uʍop ǝpısdn ǝɥʇ     : !model
[09:46:28] [GB] [Rebels     ] TheUndeadCorpse                     : are you able to open any of the ammo boxes
[09:46:34] [US] [Combine    ] ʇıpuɐq uʍop ǝpısdn ǝɥʇ     : no
[09:46:42] [US] [Combine    ] ʇıpuɐq uʍop ǝpısdn ǝɥʇ     : a lot of the map seems broken 
[09:46:44] [GB] [Rebels     ] TheUndeadCorpse                     : ahh ok, same here
[09:46:50] [GB] [Rebels     ] TheUndeadCorpse                     : yeah there are issues to fix 
[09:46:53] [US] [Combine    ] ʇıpuɐq uʍop ǝpısdn ǝɥʇ     : I remember more zombies than this 
[09:46:58] [GB] [Rebels     ] TheUndeadCorpse                     : I'll forward this on
[09:47:11] [US] [Combine    ] ʇıpuɐq uʍop ǝpısdn ǝɥʇ     : do you have contact with the admins?
[09:47:14] [GB] [Rebels     ] TheUndeadCorpse                     : you use !difficulty to increase the zombies antlions etc
[09:47:30] [GB] [Rebels     ] TheUndeadCorpse                     : yeah I see him in here now and again
[09:47:33] [US] [Combine    ] ʇıpuɐq uʍop ǝpısdn ǝɥʇ     : let them know that if you vote for office, it goes to a different map 
[09:47:42] [GB] [Rebels     ] TheUndeadCorpse                     : which office, the new or old?
[09:47:48] [US] [Combine    ] ʇıpuɐq uʍop ǝpısdn ǝɥʇ     : idk
[09:48:03] [GB] [Rebels     ] TheUndeadCorpse                     : ahh ok, do you know the map that it forwards you onto?
[09:48:46] [US] [Combine    ] ʇıpuɐq uʍop ǝpısdn ǝɥʇ     : From High School it stays high school, and the last time I tried playing it, it went to central station 
[09:49:03] [GB] [Rebels     ] TheUndeadCorpse                     : hmmm ok, I'll pass it onwards :D
[09:49:21] [GB] [Rebels     ] TheUndeadCorpse                     : shall we put the difficulty up to populate the map?
[09:49:22] [US] [Combine    ] ʇıpuɐq uʍop ǝpısdn ǝɥʇ     : want to see if it will work now?
[09:49:29] [GB] [Rebels     ] TheUndeadCorpse                     : we can try
[09:49:30] [US] [Combine    ] ʇıpuɐq uʍop ǝpısdn ǝɥʇ     : !difficulty
[09:49:30] [GB] [Rebels     ] TheUndeadCorpse                     : !difficulty
[09:49:30] [US] [Combine    ] ʇıpuɐq uʍop ǝpısdn ǝɥʇ     : !difficulty
[09:49:30] [GB] [Rebels     ] TheUndeadCorpse                     : !difficulty
[09:49:30] [US] [Combine    ] ʇıpuɐq uʍop ǝpısdn ǝɥʇ     : !difficulty
[09:49:37] [US] [Combine    ] ʇıpuɐq uʍop ǝpısdn ǝɥʇ     : rtv
[09:49:46] [GB] [Rebels     ] TheUndeadCorpse                     : rtv
[09:50:22] [GB] [Rebels     ] TheUndeadCorpse                     : which map?
--=================================================================--
[20/06/2017 09:50:33] --- NEW MAP STARTED: dm_central_station_v1_m ---
--=================================================================--
[09:51:47] [US] ʇıpuɐq uʍop ǝpısdn ǝɥʇ     has joined (STEAM_0:1:6200275 | 70.162.37.91)
[09:52:12] [US] [Rebels     ] ʇıpuɐq uʍop ǝpısdn ǝɥʇ     : rtv
--=================================================================--
[20/06/2017 09:52:23] --- NEW MAP STARTED: pb_z_office_tower_v2_m ---
--=================================================================--
[09:53:09] [GB] TheUndeadCorpse                     has joined (STEAM_0:1:32621880 | 46.208.82.62)
[09:53:19] [US] ʇıpuɐq uʍop ǝpısdn ǝɥʇ     has joined (STEAM_0:1:6200275 | 70.162.37.91)
[09:53:35] [GB] [Combine    ] TheUndeadCorpse                     : hmmm, so you picked dm central station and its taken us here
[09:53:37] [US] [Combine    ] ʇıpuɐq uʍop ǝpısdn ǝɥʇ     : There we go
[09:53:43] [US] [Combine    ] ʇıpuɐq uʍop ǝpısdn ǝɥʇ     : no it went there
[09:53:48] [US] [Combine    ] ʇıpuɐq uʍop ǝpısdn ǝɥʇ     : I RTV agian 
[09:53:52] [GB] [Combine    ] TheUndeadCorpse                     : ahhh ok
[09:54:07] [GB] [Combine    ] TheUndeadCorpse                     :  i had to logout and delete all my maps, there have been multiple edits
[09:54:17] [US] [Combine    ] ʇıpuɐq uʍop ǝpısdn ǝɥʇ     : meet me in the ammo train 
[09:54:24] [US] [Combine    ] ʇıpuɐq uʍop ǝpısdn ǝɥʇ     : yeah I deleted all my stuff
[09:54:31] [US] [Combine    ] ʇıpuɐq uʍop ǝpısdn ǝɥʇ     : can you get through this door?
[09:54:49] [GB] [Combine    ] TheUndeadCorpse                     : hmmm alright 
[09:55:00] [US] [Combine    ] ʇıpuɐq uʍop ǝpısdn ǝɥʇ     : s
[09:55:02] [GB] [Combine    ] TheUndeadCorpse                     : let me make a note
[09:55:36] [US] [Combine    ] ʇıpuɐq uʍop ǝpısdn ǝɥʇ     : lol reminds me of the days working on Alphas with some buddies lol
[09:55:46] [GB] [Combine    ] TheUndeadCorpse                     : lolol
[09:56:39] [GB] [Combine    ] TheUndeadCorpse                     : any more issues you have come across?
[09:56:51] [US] [Combine    ] ʇıpuɐq uʍop ǝpısdn ǝɥʇ     : as of now? No
[09:57:01] [GB] [Combine    ] TheUndeadCorpse                     : good stuff :)
[09:57:05] [US] [Combine    ] ʇıpuɐq uʍop ǝpısdn ǝɥʇ     : Like you I deleted all my maps, seems to be good now
[09:57:14] [US] [Combine    ] ʇıpuɐq uʍop ǝpısdn ǝɥʇ     : !difficulty
[09:57:14] [US] [Combine    ] ʇıpuɐq uʍop ǝpısdn ǝɥʇ     : !difficulty
[09:57:14] [GB] [Combine    ] TheUndeadCorpse                     : !difficulty
[09:57:14] [US] [Combine    ] ʇıpuɐq uʍop ǝpısdn ǝɥʇ     : !difficulty
[09:57:14] [GB] [Combine    ] TheUndeadCorpse                     : !difficulty
[09:57:27] [US] [Combine    ] ʇıpuɐq uʍop ǝpısdn ǝɥʇ     : this is my fav map btw
[09:57:41] [GB] [Combine    ] TheUndeadCorpse                     : yeah, if you join the group he gives updates/ advice and stuff
[09:58:04] [GB] [Combine    ] TheUndeadCorpse                     : !difficulty
[09:58:08] [US] [Combine    ] ʇıpuɐq uʍop ǝpısdn ǝɥʇ     : is it the same as the original steam group?
[09:58:19] [GB] [Combine    ] TheUndeadCorpse                     : one sec
[09:58:52] [GB] [Combine    ] TheUndeadCorpse                     : Zombies @ Phoneburnia Remake
[09:58:57] [GB] [Combine    ] TheUndeadCorpse                     : thats the group you need
[10:04:51] [US] [Combine    ] ʇıpuɐq uʍop ǝpısdn ǝɥʇ     : the zombie on the window washing scafold on the supply level of the building is stuck
[10:05:24] [GB] [Combine    ] TheUndeadCorpse                     : i should be up there soon :p
[10:08:40] [US] [Combine    ] ʇıpuɐq uʍop ǝpısdn ǝɥʇ     : Whenever you get here lol
[10:08:54] [GB] [Combine    ] TheUndeadCorpse                     : was about to say the same thing
[10:09:11] [GB] [Combine    ] TheUndeadCorpse                     : ....
[10:09:16] [US] [Combine    ] ʇıpuɐq uʍop ǝpısdn ǝɥʇ     : I will be chilling with the friendly fast zombie
[10:09:32] [GB] [Combine    ] TheUndeadCorpse                     : give him a hug from me ;)
[10:09:37] [US] [Combine    ] ʇıpuɐq uʍop ǝpısdn ǝɥʇ     : wilco
[10:10:12] [GB] [Combine    ] TheUndeadCorpse                     : FINALLY 
[10:10:33] [GB] [Combine    ] TheUndeadCorpse                     : ....
[10:10:37] [US] [Combine    ] ʇıpuɐq uʍop ǝpısdn ǝɥʇ     : alright, ....
[10:10:37] [GB] [Combine    ] TheUndeadCorpse                     : lift doesnt love me
[10:10:59] [US] [Combine    ] ʇıpuɐq uʍop ǝpısdn ǝɥʇ     : Lift doesn't take you to supply 
[10:11:06] [US] [Combine    ] ʇıpuɐq uʍop ǝpısdn ǝɥʇ     : need to use the vent on the side
[10:11:10] [US] [Combine    ] ʇıpuɐq uʍop ǝpısdn ǝɥʇ     : easiest way 
[10:12:01] [GB] [Combine    ] TheUndeadCorpse                     : yup hes very stuck
[10:14:27] [US] [Combine    ] ʇıpuɐq uʍop ǝpısdn ǝɥʇ     : I wonder if the vort still spawns on the roof
[10:14:42] [GB] [Combine    ] TheUndeadCorpse                     : will have to check
[10:14:49] [US] [Combine    ] ʇıpuɐq uʍop ǝpısdn ǝɥʇ     : heading up now
[10:14:49] [GB] [Combine    ] TheUndeadCorpse                     : spawns are a little different
[10:14:52] [US] [Combine    ] ʇıpuɐq uʍop ǝpısdn ǝɥʇ     : wish me luck 
[10:14:56] [GB] [Combine    ] TheUndeadCorpse                     : gl
[10:15:38] [US] [Combine    ] ʇıpuɐq uʍop ǝpısdn ǝɥʇ     : isnt up there yet
[10:15:51] [US] [Combine    ] ʇıpuɐq uʍop ǝpısdn ǝɥʇ     : Also ammo box on the roof is glitched
[10:18:25] [GB] [Combine    ] TheUndeadCorpse                     : alright have to see whether our friend will spawn back stuck
[10:18:44] [US] [Combine    ] ʇıpuɐq uʍop ǝpısdn ǝɥʇ     : K
[10:19:48] [US] [Combine    ] ʇıpuɐq uʍop ǝpısdn ǝɥʇ     : the same room with the window washer thing, the collision meshes for the boxes are fucked, normally you can climb on top 
[10:19:58] [US] [Combine    ] ʇıpuɐq uʍop ǝpısdn ǝɥʇ     : now you walk through them 
[10:20:34] [GB] [Combine    ] TheUndeadCorpse                     : yeah it looks like a few changes are needed
[10:20:42] [US] [Combine    ] ʇıpuɐq uʍop ǝpısdn ǝɥʇ     : minor mostly 
[10:21:27] [DE] David6666                           has joined (STEAM_0:0:17333776 | 77.189.82.127)
[10:21:38] [DE] [Combine    ] David6666                           : rtv
--=================================================================--
[20/06/2017 10:21:51] --- NEW MAP STARTED: dm_october_m ---
--=================================================================--
[10:21:58] [US] ʇıpuɐq uʍop ǝpısdn ǝɥʇ     has joined (STEAM_0:1:6200275 | 70.162.37.91)
[10:22:19] [GB] TheUndeadCorpse                     has joined (STEAM_0:1:32621880 | 46.208.82.62)
[10:22:22] [DE] David6666                           has joined (STEAM_0:0:17333776 | 77.189.82.127)
[10:22:45] [US] [Rebels     ] ʇıpuɐq uʍop ǝpısdn ǝɥʇ     : !model
[10:23:01] [DE] [Combine    ] David6666                           : hi
[10:23:07] [GB] [Rebels     ] TheUndeadCorpse                     : hi
[10:23:23] [US] [Rebels     ] ʇıpuɐq uʍop ǝpısdn ǝɥʇ     : yo
[10:25:05] [US] [Rebels     ] ʇıpuɐq uʍop ǝpısdn ǝɥʇ     : !model
[10:28:04] [US] [Rebels     ] ʇıpuɐq uʍop ǝpısdn ǝɥʇ     : are the antlions suppose to do things?
[10:28:13] [GB] [Rebels     ] TheUndeadCorpse                     : yes they are bugged
[10:28:20] [US] [Rebels     ] ʇıpuɐq uʍop ǝpısdn ǝɥʇ     : I get it lol
[10:28:21] [GB] [Rebels     ] TheUndeadCorpse                     : they chase and fly at you
[10:30:21] [FR] Kit Walker                          has joined (STEAM_0:0:33001268 | 88.161.216.64)
[10:30:44] [GB] [Rebels     ] TheUndeadCorpse                     : hi kit
[10:31:58] [GB] [Rebels     ] TheUndeadCorpse                     : anyway time for food 
[10:32:02] [GB] [Rebels     ] TheUndeadCorpse                     : cya all later
[10:32:06] [US] [Rebels     ] ʇıpuɐq uʍop ǝpısdn ǝɥʇ     : l8r
[10:39:30] [US] [Rebels     ] ʇıpuɐq uʍop ǝpısdn ǝɥʇ     : I suppose, should get some stuff done, l8r
[10:55:04] [US] MAFIA*TONY                          has joined (STEAM_0:0:7651749 | 24.217.140.66)
[10:55:25] [DE] [Combine    ] David6666                           : hi tony
[10:55:33] [US] [Combine    ] MAFIA*TONY                          : hi david hey kit
[10:55:42] [DE] [Combine    ] David6666                           : did you remember me
[10:55:46] [US] [Combine    ] MAFIA*TONY                          : yes
[10:55:48] [FR] [Rebels     ] Kit Walker                          : hiii :)
[10:55:55] [DE] [Combine    ] David6666                           : i'm the nightmarewalker
[10:56:03] [US] [Combine    ] MAFIA*TONY                          : yes i do
[10:56:05] [DE] [Combine    ] David6666                           : just from the pc of my son
[10:56:16] [US] [Combine    ] MAFIA*TONY                          : lol ok cool
[10:57:23] [US] [Combine    ] MAFIA*TONY                          : ty
[10:57:38] [DE] [Combine    ] David6666                           : np 
[10:58:00] [DE] [Combine    ] David6666                           : take the crossbow
[10:58:10] [US] [Combine    ] MAFIA*TONY                          : ty
[10:59:29] [DE] [Combine    ] David6666                           : maybe you will need the fireball gun lol
[10:59:36] [US] [Combine    ] MAFIA*TONY                          : lol
[11:05:46] [DE] [Combine    ] David6666                           : rtv
--=================================================================--
[20/06/2017 11:06:10] --- NEW MAP STARTED: pb_z_hometown1999_m ---
--=================================================================--
[11:06:19] [FR] Kit Walker                          has joined (STEAM_0:0:33001268 | 88.161.216.64)
[11:06:20] [US] MAFIA*TONY                          has joined (STEAM_0:0:7651749 | 24.217.140.66)
[11:06:27] [DE] David6666                           has joined (STEAM_0:0:17333776 | 77.189.82.127)
[11:07:41] [US] [Rebels     ] MAFIA*TONY                          : mouse problems brb
[11:09:24] [DE] [Combine    ] David6666                           : rtv
--=================================================================--
[20/06/2017 11:09:48] --- NEW MAP STARTED: pb_z_industry_m ---
--=================================================================--
[11:09:53] [DE] David6666                           has joined (STEAM_0:0:17333776 | 77.189.82.127)
[11:09:56] [FR] Kit Walker                          has joined (STEAM_0:0:33001268 | 88.161.216.64)
[11:15:26] [RU] Dragon                              has joined (STEAM_0:0:88446573 | 79.165.18.222)
[11:32:34] [FR] Kit Walker                          has joined (STEAM_0:0:33001268 | 88.161.216.64)
[11:32:37] [DE] David6666                           has joined (STEAM_0:0:17333776 | 77.189.82.127)
[11:36:59] [RU] XD DIN                              has joined (STEAM_0:0:44404589 | 95.25.79.49)
[11:38:03] [DE] [Combine    ] David6666                           : hi xd
[11:38:14] [FR] [Rebels     ] Kit Walker                          : hi
[11:38:19] [RU] [Combine    ] XD DIN                              : hi
[11:44:21] [MY]  R o B o C o P                      has joined (STEAM_0:1:10934960 | 211.24.245.4)
[11:49:44] [RU] Đɍ.Plague                         has joined (STEAM_0:1:119172378 | 94.28.235.91)
[11:49:51] [DE] [Combine    ] David6666                           : hi
[11:49:58] [FR] [Rebels     ] Kit Walker                          : hi
[11:52:59] [RU] Dragon                              has joined (STEAM_0:0:88446573 | 79.165.18.222)
[11:53:10] [DE] [Combine    ] David6666                           : hi
[11:53:22] [RU] [Rebels     ] Dragon                              : hi
[11:53:29] [FR] [Rebels     ] Kit Walker                          : hi
[11:55:56] [DE] [Combine    ] David6666                           : good night
[11:58:22] [RU] [Rebels     ] Dragon                              : !rtv
--=================================================================--
[20/06/2017 11:58:45] --- NEW MAP STARTED: pb_z_office_tower_m ---
--=================================================================--
[11:58:56] [RU] Dragon                              has joined (STEAM_0:0:88446573 | 79.165.18.222)
[12:00:13] [RU] [Rebels     ] Dragon                              : difficulty
[12:00:14] [RU] [Rebels     ] Dragon                              : !difficulty
[12:00:14] [RU] [Rebels     ] Dragon                              : !difficulty
[12:00:24] [RU] [Rebels     ] Dragon                              : !difficulty
--=================================================================--
[20/06/2017 12:58:57] --- NEW MAP STARTED: pb_z_area51_m ---
--=================================================================--
[13:07:34] [RU] .:New_Happy:.                       has joined (STEAM_0:1:188803367 | 80.249.199.123)
--=================================================================--
[20/06/2017 13:59:20] --- NEW MAP STARTED: pb_z_high_school_m ---
--=================================================================--
[14:18:53] [GB] TheUndeadCorpse                     has joined (STEAM_0:1:32621880 | 46.208.82.62)
[14:19:00] [GB] [Rebels     ] TheUndeadCorpse                     : !difficulty
[14:19:00] [GB] [Rebels     ] TheUndeadCorpse                     : !difficulty
[14:27:06] [GB] [Rebels     ] TheUndeadCorpse                     : rtv
--=================================================================--
[20/06/2017 14:27:16] --- NEW MAP STARTED: dm_montana_m ---
--=================================================================--
[14:28:19] [GB] TheUndeadCorpse                     has joined (STEAM_0:1:32621880 | 46.208.82.62)
[14:28:35] [GB] [Combine    ] TheUndeadCorpse                     : !difficulty
[14:28:35] [GB] [Combine    ] TheUndeadCorpse                     : !difficulty
[14:34:56] [GB] [Combine    ] TheUndeadCorpse                     : rtv
--=================================================================--
[20/06/2017 14:35:08] --- NEW MAP STARTED: dm_central_station_v1_m ---
--=================================================================--
[14:35:51] [GB] TheUndeadCorpse                     has joined (STEAM_0:1:32621880 | 46.208.82.62)
[14:36:23] [GB] [Rebels     ] TheUndeadCorpse                     : rtv
--=================================================================--
[20/06/2017 14:36:30] --- NEW MAP STARTED: dm_laststop_m ---
--=================================================================--
[14:36:51] [GB] TheUndeadCorpse                     has joined (STEAM_0:1:32621880 | 46.208.82.62)
[14:37:01] [GB] [Combine    ] TheUndeadCorpse                     : rtv
[14:37:15] [GB] [Combine    ] TheUndeadCorpse                     : rtv
--=================================================================--
[20/06/2017 14:37:30] --- NEW MAP STARTED: pb_z_colony_m ---
--=================================================================--
[14:38:29] [GB] TheUndeadCorpse                     has joined (STEAM_0:1:32621880 | 46.208.82.62)
[14:38:41] [GB] [Rebels     ] TheUndeadCorpse                     : !difficulty
[14:38:41] [GB] [Rebels     ] TheUndeadCorpse                     : !difficulty
--=================================================================--
[20/06/2017 15:37:43] --- NEW MAP STARTED: pb_z_hometown1999_m ---
--=================================================================--
--=================================================================--
[20/06/2017 16:37:55] --- NEW MAP STARTED: dm_cave_m ---
--=================================================================--
[17:23:58] [US] Ten Nut Bob                         has joined (STEAM_0:0:11234274 | 98.70.54.119)
[17:30:54] [US] [Combine    ] Ten Nut Bob                         : rtv
--=================================================================--
[20/06/2017 17:31:05] --- NEW MAP STARTED: pb_z_high_school_m ---
--=================================================================--
[17:52:15] [US] Captain Ian                         has joined (STEAM_0:1:165207355 | 72.81.148.136)
[17:56:17] [US] [Rebels     ] Captain Ian                         : !model
[18:01:14] [US] Captain Ian                         has joined (STEAM_0:1:165207355 | 72.81.148.136)
--=================================================================--
[20/06/2017 18:31:18] --- NEW MAP STARTED: dm_montana_m ---
--=================================================================--
[18:38:01] [US] Hoot                                has joined (STEAM_0:0:20348359 | 140.186.137.148)
[18:38:22] [US] [Rebels     ] Hoot                                : rtv
--=================================================================--
[20/06/2017 18:38:31] --- NEW MAP STARTED: pb_z_disorder_m ---
--=================================================================--
[18:38:37] [US] Hoot                                has joined (STEAM_0:0:20348359 | 140.186.137.148)
[18:43:14] [US] [Rebels     ] Hoot                                : rank
[18:43:28] [US] [Rebels     ] Hoot                                : rtv
--=================================================================--
[20/06/2017 18:43:38] --- NEW MAP STARTED: dm_mine_entrance_m ---
--=================================================================--
[19:07:18] [US] Hoot                                has joined (STEAM_0:0:20348359 | 140.186.137.148)
[19:07:23] [US] [Rebels     ] Hoot                                : rtv
--=================================================================--
[20/06/2017 19:07:31] --- NEW MAP STARTED: dm_central_station_v1_m ---
--=================================================================--
[19:07:39] [US] Hoot                                has joined (STEAM_0:0:20348359 | 140.186.137.148)
[19:07:48] [US] [Rebels     ] Hoot                                : rtv
[19:15:13] [US] Hoot                                has joined (STEAM_0:0:20348359 | 140.186.137.148)
[19:15:29] [US] [Rebels     ] Hoot                                : rtv
--=================================================================--
[20/06/2017 19:15:38] --- NEW MAP STARTED: pb_z_earthquake_m ---
--=================================================================--
[19:15:43] [US] Hoot                                has joined (STEAM_0:0:20348359 | 140.186.137.148)
[19:18:10] [US] ayonm2980                           has joined (STEAM_0:1:112418388 | 97.94.23.236)
[19:25:23] [US] [Combine    ] Hoot                                : rtv
--=================================================================--
[20/06/2017 19:25:32] --- NEW MAP STARTED: pb_z_area51_m ---
--=================================================================--
[19:25:38] [US] Hoot                                has joined (STEAM_0:0:20348359 | 140.186.137.148)
[19:30:22] [US] [Combine    ] Hoot                                : difficulty
[19:30:22] [US] [Combine    ] Hoot                                : !difficulty
[19:30:22] [US] [Combine    ] Hoot                                : !difficulty
[19:32:26] [US] [Combine    ] Hoot                                : rtv
--=================================================================--
[20/06/2017 19:32:32] --- NEW MAP STARTED: pb_z_high_school_m ---
--=================================================================--
[19:32:36] [US] Hoot                                has joined (STEAM_0:0:20348359 | 140.186.137.148)
[19:35:20] [US] [Combine    ] Hoot                                : difficulty
[19:35:20] [US] [Combine    ] Hoot                                : !difficulty
[19:35:20] [US] [Combine    ] Hoot                                : !difficulty
[19:59:24] [US] [Combine    ] Hoot                                : rank
[20:04:12] [US] Hoot                                has joined (STEAM_0:0:20348359 | 140.186.137.148)
[20:04:19] [US] [Rebels     ] Hoot                                : rank
[20:07:09] [US] [Rebels     ] Hoot                                : difficulty
[20:07:09] [US] [Rebels     ] Hoot                                : !difficulty
[20:07:09] [US] [Rebels     ] Hoot                                : !difficulty
[20:12:34] [US] [Rebels     ] Hoot                                : rank
[20:13:32] [US] [Rebels     ] Hoot                                : rank
--=================================================================--
[20/06/2017 20:32:43] --- NEW MAP STARTED: z_ravenhell_m ---
--=================================================================--
[20:33:10] [US] XANAX                               has joined (STEAM_0:1:7103848 | 73.245.164.188)
--=================================================================--
[20/06/2017 21:32:54] --- NEW MAP STARTED: dm_montana_m ---
--=================================================================--
--=================================================================--
[20/06/2017 22:33:06] --- NEW MAP STARTED: dm_coldruins_rc1_m ---
--=================================================================--
[22:45:38] [US] DocBattington                       has joined (STEAM_0:1:82382372 | 73.240.175.25)
[22:46:00] [US] CrunchyBacon                        has joined (STEAM_0:1:64684203 | 71.193.252.209)
[22:47:03] [MX] DanielUrias                         has joined (STEAM_0:1:54831175 | 189.204.161.125)
[22:48:15] [US] [Rebels     ] DocBattington                       : hey 
[22:48:23] [MX] [Combine    ] DanielUrias                         : k
[22:50:08] [US] [Combine    ] CrunchyBacon                        : !difficulty
[22:50:08] [US] [Rebels     ] DocBattington                       : !difficulty
[22:50:08] [US] [Combine    ] CrunchyBacon                        : !difficulty
[22:50:08] [US] [Rebels     ] DocBattington                       : !difficulty
[22:50:08] [US] [Combine    ] CrunchyBacon                        : !difficulty
[22:50:22] [US] [Combine    ] CrunchyBacon                        : !difficulty
[22:55:39] [GL] Field dweller                       has joined (STEAM_0:0:204518726 | 185.18.191.245)
[22:55:49] [US] [Combine    ] CrunchyBacon                        : !difficulty
[22:55:49] [US] [Rebels     ] DocBattington                       : !difficulty
[22:55:49] [US] [Combine    ] CrunchyBacon                        : !difficulty
[22:55:49] [GL] [Rebels     ] Field dweller                       : !difficulty
[22:55:49] [US] [Rebels     ] DocBattington                       : !difficulty
[22:55:49] [US] [Combine    ] CrunchyBacon                        : !difficulty
[22:55:49] [GL] [Rebels     ] Field dweller                       : !difficulty
[22:55:49] [US] [Rebels     ] DocBattington                       : !difficulty
[22:55:49] [US] [Combine    ] CrunchyBacon                        : !difficulty
[22:55:49] [GL] [Rebels     ] Field dweller                       : !difficulty
[22:58:14] [US] [Rebels     ] DocBattington                       : !model
[23:00:32] [US] [Rebels     ] DocBattington                       : hows agoing
[23:05:13] [GL] [Rebels     ] Field dweller                       : what are we doing?
[23:05:18] [US] [Rebels     ] DocBattington                       : idk killing
[23:05:31] [GL] [Rebels     ] Field dweller                       : ok
[23:05:53] [US] [Rebels     ] DocBattington                       : hey how old are yiu
[23:05:56] [US] [Rebels     ] DocBattington                       : like question
[23:06:05] [GL] [Rebels     ] Field dweller                       : 24
[23:06:06] [US] [Combine    ] CrunchyBacon                        : 6
[23:06:10] [US] [Rebels     ] DocBattington                       : to be playing hf teahmatch
[23:08:15] [US] [Combine    ] CrunchyBacon                        : !model
[23:08:32] [US] [Rebels     ] DocBattington                       : !adamsandlermodel
[23:14:04] [GL] [Combine    ] Field dweller                       : bye
[23:14:11] [US] [Rebels     ] DocBattington                       : bye friend
[23:14:19] [US] [Rebels     ] DocBattington                       : come backs soon you hear
[23:14:22] [US] [Rebels     ] DocBattington                       : whore.
--=================================================================--
[20/06/2017 23:33:21] --- NEW MAP STARTED: pb_z_office_tower_v2_m ---
--=================================================================--
