--=================================================================--
[19/06/2017 00:19:15] --- NEW MAP STARTED: pb_z_industry_m ---
--=================================================================--
[00:19:21] [DE] David6666                           has joined (STEAM_0:0:17333776 | 92.227.128.135)
[00:28:45] [DE] [Combine    ] David6666                           : rtv
--=================================================================--
[19/06/2017 00:28:53] --- NEW MAP STARTED: pb_z_area51_m ---
--=================================================================--
[00:29:04] [DE] David6666                           has joined (STEAM_0:0:17333776 | 92.227.128.135)
[00:50:05] [DE] [Rebels     ] David6666                           : rtv
--=================================================================--
[19/06/2017 00:50:15] --- NEW MAP STARTED: dm_raven_m ---
--=================================================================--
[00:50:23] [DE] David6666                           has joined (STEAM_0:0:17333776 | 92.227.128.135)
[00:56:35] [DE] [Rebels     ] David6666                           : rtv
--=================================================================--
[19/06/2017 00:56:43] --- NEW MAP STARTED: dm_pinnacles_m ---
--=================================================================--
[00:56:54] [DE] David6666                           has joined (STEAM_0:0:17333776 | 92.227.128.135)
[00:57:12] [DE] [Rebels     ] David6666                           : rtv
[00:57:24] [DE] [Rebels     ] David6666                           : rtv
--=================================================================--
[19/06/2017 00:57:30] --- NEW MAP STARTED: pb_z_office_tower_v2_m ---
--=================================================================--
[00:57:46] [DE] David6666                           has joined (STEAM_0:0:17333776 | 92.227.128.135)
[00:58:16] [DE] [Rebels     ] David6666                           : rtv
--=================================================================--
[19/06/2017 00:58:27] --- NEW MAP STARTED: pb_z_disorder_m ---
--=================================================================--
[00:58:37] [DE] David6666                           has joined (STEAM_0:0:17333776 | 92.227.128.135)
[01:19:39] [DE] [Rebels     ] David6666                           : rtv
--=================================================================--
[19/06/2017 01:19:52] --- NEW MAP STARTED: dm_thetunnel_v1_m ---
--=================================================================--
[01:19:58] [DE] David6666                           has joined (STEAM_0:0:17333776 | 92.227.128.135)
[01:20:22] [DE] [Combine    ] David6666                           : rtv
[01:20:27] [DE] [Combine    ] David6666                           : rtv
--=================================================================--
[19/06/2017 01:20:35] --- NEW MAP STARTED: pb_z_underground_m ---
--=================================================================--
[01:20:42] [DE] David6666                           has joined (STEAM_0:0:17333776 | 92.227.128.135)
[01:26:17] [DE] [Rebels     ] David6666                           : rtv
--=================================================================--
[19/06/2017 01:26:28] --- NEW MAP STARTED: dm_hellsdistrict_m ---
--=================================================================--
[01:26:37] [DE] David6666                           has joined (STEAM_0:0:17333776 | 92.227.128.135)
[01:30:45] [DE] [Combine    ] David6666                           : rtv
--=================================================================--
[19/06/2017 01:30:58] --- NEW MAP STARTED: pb_z_colony_m ---
--=================================================================--
[01:31:22] [DE] David6666                           has joined (STEAM_0:0:17333776 | 92.227.128.135)
[01:31:34] [DE] [Rebels     ] David6666                           : rtv
--=================================================================--
[19/06/2017 01:31:43] --- NEW MAP STARTED: z_ravenhell_m ---
--=================================================================--
[01:31:46] [DE] David6666                           has joined (STEAM_0:0:17333776 | 92.227.128.135)
--=================================================================--
[19/06/2017 01:36:23] --- NEW MAP STARTED: pb_z_high_school_m ---
--=================================================================--
[03:15:40] [DE] David6666                           has joined (STEAM_0:0:17333776 | 92.227.128.135)
[03:21:19] [FR] Kit Walker                          has joined (STEAM_0:0:33001268 | 88.161.216.64)
[03:25:14] [DE] Thor                                has joined (STEAM_0:1:14583711 | 80.140.100.175)
[03:28:15] [DE] [Rebels     ] David6666                           : hi thor
[04:10:26] [FR] [Rebels     ] Kit Walker                          : Bye Thor C U :)
[04:10:50] [DE] [Rebels     ] Thor                                : bye kit walker
[04:10:58] [DE] [Rebels     ] David6666                           : bye thor
--=================================================================--
[19/06/2017 04:15:37] --- NEW MAP STARTED: dm_pinnacles_m ---
--=================================================================--
[04:15:53] [DE] Thor                                has joined (STEAM_0:1:14583711 | 80.140.100.175)
--=================================================================--
[19/06/2017 05:15:51] --- NEW MAP STARTED: pb_z_high_school_m ---
--=================================================================--
[05:52:03] [RU] Esver                               has joined (STEAM_0:0:186107081 | 213.24.127.103)
[05:55:45] [RU] [Combine    ] Esver                               : !save
[05:55:58] [RU] [Combine    ] Esver                               : timeleft
[05:56:05] [RU] [Combine    ] Esver                               : !model
[06:06:15] [DE] David6666                           has joined (STEAM_0:0:17333776 | 92.227.128.135)
[06:07:05] [DE] [Rebels     ] David6666                           : rtv
--=================================================================--
[19/06/2017 06:07:32] --- NEW MAP STARTED: dm_morbid_m ---
--=================================================================--
[06:07:42] [DE] David6666                           has joined (STEAM_0:0:17333776 | 92.227.128.135)
[06:08:01] [DE] [Rebels     ] David6666                           : rtv
[06:08:30] [DE] [Rebels     ] David6666                           : rtv
--=================================================================--
[19/06/2017 06:08:54] --- NEW MAP STARTED: pb_z_area51_m ---
--=================================================================--
[06:08:58] [DE] David6666                           has joined (STEAM_0:0:17333776 | 92.227.128.135)
[06:43:57] [US] ʇıpuɐq uʍop ǝpısdn ǝɥʇ     has joined (STEAM_0:1:6200275 | 70.162.37.91)
[06:45:24] [US] [Combine    ] ʇıpuɐq uʍop ǝpısdn ǝɥʇ     : !Model
[06:46:06] [US] [Combine    ] ʇıpuɐq uʍop ǝpısdn ǝɥʇ     : !model
[06:49:28] [US] ʇıpuɐq uʍop ǝpısdn ǝɥʇ     has joined (STEAM_0:1:6200275 | 70.162.37.91)
[06:49:45] [US] [Rebels     ] ʇıpuɐq uʍop ǝpısdn ǝɥʇ     : !model
--=================================================================--
[19/06/2017 07:09:04] --- NEW MAP STARTED: dm_raven_m ---
--=================================================================--
[07:24:36] [US] Hoot                                has joined (STEAM_0:0:20348359 | 140.186.137.148)
[07:24:45] [US] [Combine    ] Hoot                                : rtv
--=================================================================--
[19/06/2017 07:25:05] --- NEW MAP STARTED: pb_z_high_school_m ---
--=================================================================--
[07:25:24] [US] Hoot                                has joined (STEAM_0:0:20348359 | 140.186.137.148)
[07:26:20] [LV] Riddle                              has joined (STEAM_0:0:41804393 | 89.201.33.38)
[07:31:13] [US] ʇıpuɐq uʍop ǝpısdn ǝɥʇ     has joined (STEAM_0:1:6200275 | 70.162.37.91)
[07:55:39] [US] [Combine    ] ʇıpuɐq uʍop ǝpısdn ǝɥʇ     : timeleft
[07:56:21] [US] Hoot                                has joined (STEAM_0:0:20348359 | 140.186.137.148)
[08:01:16] [US] [Combine    ] Hoot                                : difficulty
[08:01:16] [US] [Combine    ] Hoot                                : !difficulty
[08:01:16] [US] [Combine    ] ʇıpuɐq uʍop ǝpısdn ǝɥʇ     : !difficulty
[08:01:16] [US] [Combine    ] Hoot                                : !difficulty
[08:01:16] [US] [Combine    ] ʇıpuɐq uʍop ǝpısdn ǝɥʇ     : !difficulty
[08:01:16] [US] [Combine    ] Hoot                                : !difficulty
[08:01:16] [US] [Combine    ] ʇıpuɐq uʍop ǝpısdn ǝɥʇ     : !difficulty
[08:04:31] [US] [Combine    ] Hoot                                : rank
[08:06:12] [US] [Combine    ] Hoot                                : difficulty
[08:06:12] [US] [Combine    ] Hoot                                : !difficulty
[08:06:12] [US] [Combine    ] Hoot                                : !difficulty
[08:09:03] [PH] *O=[{(<-blank->)}]=O*               has joined (STEAM_0:1:34494232 | 112.210.5.103)
[08:10:12] [US] frogjelly                           has joined (STEAM_0:0:4416234 | 99.71.119.68)
[08:15:21] [US] [Combine    ] Hoot                                : rank
[08:17:19] [US] [Combine    ] Hoot                                : difficulty
[08:17:19] [US] [Combine    ] Hoot                                : !difficulty
[08:17:19] [US] [Combine    ] Hoot                                : !difficulty
[08:17:55] [US] frogjelly                           has joined (STEAM_0:0:4416234 | 99.71.119.68)
--=================================================================--
[19/06/2017 08:25:32] --- NEW MAP STARTED: pb_z_high_school_m ---
--=================================================================--
[08:25:48] [US] Hoot                                has joined (STEAM_0:0:20348359 | 140.186.137.148)
[08:26:44] [US] [Rebels     ] Hoot                                : rank
[08:28:12] [US] [Rebels     ] Hoot                                : difficulty
[08:28:12] [US] [Rebels     ] Hoot                                : !difficulty
[08:28:12] [US] [Rebels     ] Hoot                                : !difficulty
[08:33:54] [CH] The_bushidô                        has joined (STEAM_0:0:6964250 | 83.77.76.81)
[08:36:02] [US] [Rebels     ] Hoot                                : rank
[08:38:52] [US] christianitus                       has joined (STEAM_0:0:59932184 | 71.47.214.14)
[08:41:49] [US] [Combine    ] christianitus                       : !difficulty
[08:41:49] [US] [Rebels     ] Hoot                                : !difficulty
[08:41:49] [US] [Combine    ] christianitus                       : !difficulty
[08:41:49] [US] [Rebels     ] Hoot                                : !difficulty
[08:41:49] [US] [Combine    ] christianitus                       : !difficulty
[08:42:30] [US] ʇıpuɐq uʍop ǝpısdn ǝɥʇ     has joined (STEAM_0:1:6200275 | 70.162.37.91)
[08:42:39] [US] [Combine    ] christianitus                       : !difficulty
[08:43:16] [US] [Rebels     ] Hoot                                : difficulty
[08:43:16] [US] [Rebels     ] Hoot                                : !difficulty
[08:43:16] [US] [Combine    ] ʇıpuɐq uʍop ǝpısdn ǝɥʇ     : !difficulty
[08:43:16] [US] [Combine    ] christianitus                       : !difficulty
[08:43:16] [US] [Rebels     ] Hoot                                : !difficulty
[08:43:16] [US] [Combine    ] ʇıpuɐq uʍop ǝpısdn ǝɥʇ     : !difficulty
[08:43:16] [US] [Combine    ] christianitus                       : !difficulty
[08:44:21] [US] [Combine    ] ʇıpuɐq uʍop ǝpısdn ǝɥʇ     : fucking spawns lol
[08:46:01] [US] [Combine    ] christianitus                       : !difficulty
[08:46:01] [US] [Rebels     ] Hoot                                : !difficulty
[08:46:01] [US] [Combine    ] ʇıpuɐq uʍop ǝpısdn ǝɥʇ     : !difficulty
[08:46:01] [US] [Combine    ] christianitus                       : !difficulty
[08:46:01] [US] [Rebels     ] Hoot                                : !difficulty
[08:46:01] [US] [Combine    ] ʇıpuɐq uʍop ǝpısdn ǝɥʇ     : !difficulty
[08:46:01] [US] [Combine    ] christianitus                       : !difficulty
[08:46:49] [US] [Combine    ] ʇıpuɐq uʍop ǝpısdn ǝɥʇ     : !difficulty
[08:46:49] [US] [Rebels     ] Hoot                                : !difficulty
[08:46:49] [US] [Combine    ] ʇıpuɐq uʍop ǝpısdn ǝɥʇ     : !difficulty
[08:46:49] [US] [Combine    ] christianitus                       : !difficulty
[08:47:11] [US] [Combine    ] ʇıpuɐq uʍop ǝpısdn ǝɥʇ     : !difficulty
[08:47:20] [US] [Rebels     ] Hoot                                : difficulty
[08:47:20] [US] [Rebels     ] Hoot                                : !difficulty
[08:47:20] [US] [Combine    ] ʇıpuɐq uʍop ǝpısdn ǝɥʇ     : !difficulty
[08:47:20] [US] [Combine    ] christianitus                       : !difficulty
[08:47:21] [US] [Combine    ] christianitus                       : guys please lets set it to easy
[08:50:53] [RU] ۩ Zirax                            has joined (STEAM_0:1:16847421 | 92.243.181.112)
[08:52:02] [US] [Combine    ] christianitus                       : !difficulty
[08:52:02] [US] [Rebels     ] Hoot                                : !difficulty
[08:52:02] [US] [Combine    ] ʇıpuɐq uʍop ǝpısdn ǝɥʇ     : !difficulty
[08:52:02] [US] [Combine    ] christianitus                       : !difficulty
[08:52:02] [RU] [Combine    ] ۩ Zirax                            : !difficulty
[08:52:02] [US] [Rebels     ] Hoot                                : !difficulty
[08:52:02] [US] [Combine    ] ʇıpuɐq uʍop ǝpısdn ǝɥʇ     : !difficulty
[08:52:02] [US] [Combine    ] christianitus                       : !difficulty
[08:52:02] [RU] [Combine    ] ۩ Zirax                            : !difficulty
[08:52:02] [US] [Rebels     ] Hoot                                : !difficulty
[08:52:02] [US] [Combine    ] ʇıpuɐq uʍop ǝpısdn ǝɥʇ     : !difficulty
[08:52:02] [US] [Combine    ] christianitus                       : !difficulty
[08:52:02] [RU] [Combine    ] ۩ Zirax                            : !difficulty
[08:52:02] [US] [Rebels     ] Hoot                                : !difficulty
[08:52:02] [US] [Combine    ] ʇıpuɐq uʍop ǝpısdn ǝɥʇ     : !difficulty
[08:52:02] [RU] [Combine    ] ۩ Zirax                            : !difficulty
[08:53:54] [US] [Combine    ] ʇıpuɐq uʍop ǝpısdn ǝɥʇ     : damn door
[08:55:13] [FI] robo                                has joined (STEAM_0:0:13020169 | 91.154.21.100)
[09:01:25] [US] LEGENDλRY                          has joined (STEAM_0:0:55719845 | 75.174.202.230)
[09:01:40] [US] [Combine    ] LEGENDλRY                          : oh my goodness, is this Z@PB?
[09:01:47] [FI] [Combine    ] robo                                : hi
[09:01:58] [FI] [Combine    ] robo                                : remake of it
[09:02:08] [US] [Combine    ] LEGENDλRY                          : i played this back in 2010 lol and was so sad when it went away
[09:02:13] [US] [Combine    ] LEGENDλRY                          : how long has this one been out?
[09:02:44] [FI] [Combine    ] robo                                : i am not sure, a couple of months maybe
[09:02:59] [US] [Combine    ] LEGENDλRY                          : oh ok, well thats great
[09:03:03] [US] [Combine    ] LEGENDλRY                          : hopefully it sticks around
[09:03:05] [FI] [Combine    ] robo                                :  :)
[09:05:49] [US] [Combine    ] LEGENDλRY                          : is the office map back by any chance?
[09:05:58] [FI] [Combine    ] robo                                : yes
[09:06:17] [US] [Combine    ] LEGENDλRY                          : oh great
[09:06:31] [US] [Combine    ] ʇıpuɐq uʍop ǝpısdn ǝɥʇ     : see they finally fixed the spawns on this map 
[09:06:31] [US] [Combine    ] ʇıpuɐq uʍop ǝpısdn ǝɥʇ     : tp
[09:06:39] [US] [Combine    ] ʇıpuɐq uʍop ǝpısdn ǝɥʇ     : use to be weak
[09:10:56] [FI] [Combine    ] robo                                : fire alarms
[09:17:48] [US] [Combine    ] LEGENDλRY                          : RANK
[09:19:05] [FI] [Combine    ] robo                                : lol
[09:22:10] [US] [Combine    ] ʇıpuɐq uʍop ǝpısdn ǝɥʇ     : damn door
[09:23:07] [US] [Combine    ] LEGENDλRY                          : office!
[09:23:28] [FI] [Combine    ] robo                                : 2 office maps in options, hm
[09:23:36] [FI] [Combine    ] robo                                : which is which one
[09:23:37] [US] [Combine    ] LEGENDλRY                          : ya i wasnt sure which one
[09:25:49] [US] [Combine    ] ʇıpuɐq uʍop ǝpısdn ǝɥʇ     : gg
[09:25:52] [US] [Combine    ] LEGENDλRY                          : gg
--=================================================================--
[19/06/2017 09:26:02] --- NEW MAP STARTED: pb_z_high_school_m ---
--=================================================================--
[09:27:11] [FI] robo                                has joined (STEAM_0:0:13020169 | 91.154.21.100)
[09:27:45] [US] LEGENDλRY                          has joined (STEAM_0:0:55719845 | 75.174.202.230)
[09:27:53] [FI] [Combine    ] robo                                : rtv
[09:27:59] [US] [Combine    ] LEGENDλRY                          : rtv
--=================================================================--
[19/06/2017 09:28:15] --- NEW MAP STARTED: pb_z_area51_m ---
--=================================================================--
[09:28:43] [US] LEGENDλRY                          has joined (STEAM_0:0:55719845 | 75.174.202.230)
[09:29:11] [FI] robo                                has joined (STEAM_0:0:13020169 | 91.154.21.100)
[09:29:20] [FI] [Combine    ] robo                                : !model
[09:30:37] [GB] MrFist                              has joined (STEAM_0:0:327922 | 81.96.198.186)
[09:31:07] [US] [Rebels     ] LEGENDλRY                          : not finding any guns lol
[09:31:11] [FI] [Rebels     ] robo                                :  :)
[09:33:15] [FR] Kit Walker                          has joined (STEAM_0:0:33001268 | 88.161.216.64)
[09:41:51] [FI] [Rebels     ] robo                                : depeche mode
[09:41:51] [US] [Rebels     ] LEGENDλRY                          : ok im out, later guys
[09:41:55] [FI] [Rebels     ] robo                                : cya
[09:48:32] [US] Hoot                                has joined (STEAM_0:0:20348359 | 140.186.137.148)
[09:51:55] [FR] [Rebels     ] Kit Walker                          : sorry I destroyed your mine
[09:52:00] [US] [Rebels     ] Hoot                                : lol
[09:52:11] [US] [Rebels     ] Hoot                                : np
[09:55:33] [DE] Screepy                             has joined (STEAM_0:0:19167632 | 77.182.117.157)
[09:59:45] [FR] [Rebels     ] Kit Walker                          : (TEAM) C U later :)
[09:59:49] [FI] [Rebels     ] robo                                : cu :)
[10:04:11] [SE] Sy                                  has joined (STEAM_0:0:5472018 | 77.53.153.215)
[10:05:02] [US] soulmanure                          has joined (STEAM_0:1:11301512 | 173.239.228.38)
[10:09:32] [SE] [Combine    ] Sy                                  : classic map robo
[10:09:37] [FI] [Rebels     ] robo                                : yes
[10:09:49] [SE] [Combine    ] Sy                                  : but laggy
[10:09:53] [FI] [Rebels     ] robo                                : all zlotz's maps are classic
[10:10:04] [FI] [Rebels     ] robo                                : little yes, normal for us
[10:13:56] [DE] David6666                           has joined (STEAM_0:0:17333776 | 92.227.128.135)
[10:15:17] [DE] [Combine    ] David6666                           : hi
[10:15:21] [FI] [Rebels     ] robo                                : hi
[10:15:27] [SE] [Combine    ] Sy                                  : hi
[10:16:51] [DE] [Combine    ] David6666                           : thx hoot
[10:16:59] [US] [Rebels     ] Hoot                                : lol
[10:21:18] [RU] Tim                                 has joined (STEAM_0:1:147562426 | 37.147.237.128)
[10:23:12] [DE] [Combine    ] David6666                           : rtv
--=================================================================--
[19/06/2017 10:23:21] --- NEW MAP STARTED: dm_montana_m ---
--=================================================================--
[10:25:58] [DE] David6666                           has joined (STEAM_0:0:17333776 | 92.227.128.135)
[10:28:46] [FR] Kit Walker                          has joined (STEAM_0:0:33001268 | 88.161.216.64)
[10:29:27] [FR] Kit Walker                          has joined (STEAM_0:0:33001268 | 88.161.216.64)
[10:30:45] [DE] [Rebels     ] David6666                           : rtv
--=================================================================--
[19/06/2017 10:31:08] --- NEW MAP STARTED: dm_raven_m ---
--=================================================================--
[10:31:16] [DE] David6666                           has joined (STEAM_0:0:17333776 | 92.227.128.135)
[10:31:30] [FR] Kit Walker                          has joined (STEAM_0:0:33001268 | 88.161.216.64)
[10:35:29] [AU] Juggernaught                        has joined (STEAM_0:1:14837309 | 129.78.56.153)
[10:36:01] [DE] [Combine    ] David6666                           : hi jugger
[10:36:02] [FR] [Rebels     ] Kit Walker                          : hi
[10:37:04] [AU] MR.GRENADE                          has joined (STEAM_0:1:16211483 | 101.164.178.140)
[10:37:45] [AU] [Combine    ] MR.GRENADE                          : y u leave jugger??
[10:46:24] [FR] [Rebels     ] Kit Walker                          : !model
[10:49:02] [DE] [Combine    ] David6666                           : rtv
--=================================================================--
[19/06/2017 10:49:25] --- NEW MAP STARTED: z_ravenhell_m ---
--=================================================================--
[10:49:29] [DE] David6666                           has joined (STEAM_0:0:17333776 | 92.227.128.135)
[10:49:32] [FR] Kit Walker                          has joined (STEAM_0:0:33001268 | 88.161.216.64)
[10:49:54] [FR] [Combine    ] Kit Walker                          : !model
[10:50:33] [FR] [Combine    ] Kit Walker                          : !model
[10:50:40] [DE] [Rebels     ] David6666                           : rtv
--=================================================================--
[19/06/2017 10:51:04] --- NEW MAP STARTED: dm_central_station_v1_m ---
--=================================================================--
[10:51:20] [FR] Kit Walker                          has joined (STEAM_0:0:33001268 | 88.161.216.64)
[10:52:11] [DE] David6666                           has joined (STEAM_0:0:17333776 | 92.227.128.135)
[10:59:18] [AU] Juggernaught                        has joined (STEAM_0:1:14837309 | 129.78.56.153)
[11:03:16] [US] Hoot                                has joined (STEAM_0:0:20348359 | 140.186.137.148)
[11:05:02] [GB] TheUndeadCorpse                     has joined (STEAM_0:1:32621880 | 46.208.82.62)
[11:05:07] [GB] [Combine    ] TheUndeadCorpse                     : HI
[11:05:15] [DE] [Rebels     ] David6666                           : hi
[11:08:56] [RU] vezone                              has joined (STEAM_0:1:11945980 | 95.25.192.180)
[11:09:24] [FI] robo                                has joined (STEAM_0:0:13020169 | 91.154.21.100)
[11:10:08] [GB] [Combine    ] TheUndeadCorpse                     : full server!
[11:10:58] [FI] [Combine    ] robo                                : something with map version, have to rename / delete existing map from map's folder
[11:11:09] [GB] [Combine    ] TheUndeadCorpse                     : yeah I had to delete all of them 
[11:11:16] [DE] [Rebels     ] David6666                           : right with all maps
[11:12:13] [FI] [Combine    ] robo                                : looks like there are changes in this version, 2 mb bigger file size
[11:23:05] [SE] chdodeman                           has joined (STEAM_0:0:15461945 | 94.255.128.109)
[11:25:37] [FI] [Combine    ] robo                                : lets build barricades
[11:28:34] [DE] Andrahase                           has joined (STEAM_0:0:18984177 | 88.65.212.122)
[11:31:01] [DE] [Combine    ] Andrahase                           : du und robo:)
[11:31:04] [FR] [Rebels     ] Kit Walker                          : lol jaaaaaaa :)
[11:31:11] [DE] [Combine    ] Andrahase                           : im alten phoneburnia
[11:31:21] [FR] [Rebels     ] Kit Walker                          : Ich erinere mich gut :)
[11:31:23] [DE] [Rebels     ] David6666                           : ja
[11:31:25] [DK] Die Biene Maja                      has joined (STEAM_0:1:5523080 | 85.81.37.231)
[11:31:28] [DE] [Combine    ] Andrahase                           : ^^
[11:31:41] [DE] [Rebels     ] David6666                           : hi biene
[11:32:13] [DE] [Combine    ] Andrahase                           : xD
[11:32:29] [FI] [Combine    ] robo                                :  :)
[11:33:47] [FR] [Rebels     ] Kit Walker                          : lol the cat :)
[11:33:55] [FI] [Combine    ] robo                                : ^^
[11:34:55] [DE] [Rebels     ] David6666                           : miauuuuuuuuuuu
[11:50:23] [FI] [Combine    ] robo                                : spawn near rpg room..
[11:50:31] [FI] [Combine    ] robo                                : with my luck
[11:50:46] [FR] [Rebels     ] Kit Walker                          : lol
[11:50:51] [FI] [Combine    ] robo                                : lol
--=================================================================--
[19/06/2017 11:51:17] --- NEW MAP STARTED: pb_z_disorder_m ---
--=================================================================--
[11:53:03] [DE] Andrahase                           has joined (STEAM_0:0:18984177 | 88.65.212.122)
[11:53:45] [FI] robo                                has joined (STEAM_0:0:13020169 | 91.154.21.100)
[11:53:57] [FI] [Combine    ] robo                                : oh yes, rpg room near
[11:54:13] [DE] [Combine    ] Andrahase                           : what is new?
[11:54:18] [FI] [Combine    ] robo                                : i don't know
[11:54:43] [DE] [Combine    ] Andrahase                           : i have a old screenshot
[11:54:51] [FI] [Combine    ] robo                                : i have too, many
[11:54:53] [DE] [Combine    ] Andrahase                           : there you see whats the original phoneburnia
[11:55:05] [DE] [Combine    ] Andrahase                           : you and kit
[11:55:08] [FI] [Combine    ] robo                                :  :)
[11:55:27] [DE] [Combine    ] Andrahase                           : the zombies
[11:55:34] [DE] [Combine    ] Andrahase                           : are all dead
[11:55:39] [FI] [Combine    ] robo                                : lol
[11:56:17] [DE] [Combine    ] Andrahase                           : if the aliens are dead here, they will go away
[11:56:21] [DE] [Combine    ] Andrahase                           : you know what i mean?
[11:56:27] [FI] [Combine    ] robo                                : ragdolls?
[11:56:34] [DE] [Combine    ] Andrahase                           : in phoneburnia all dead ragdolls will stay
[11:56:36] [DE] [Combine    ] Andrahase                           : yes
[11:56:38] [DE] [Combine    ] Andrahase                           : lol
[11:56:43] [FI] [Combine    ] robo                                : ^^
[11:56:52] [DE] [Combine    ] Andrahase                           : like in the screenshot over 50 dead aliens at the ground
[11:56:56] [FI] [Combine    ] robo                                : it helps server's performance
[11:57:05] [FI] [Combine    ] robo                                : to remove ragdolls away
[11:57:06] [FI] [Combine    ] robo                                : yes
[11:57:15] [FI] [Combine    ] robo                                : i think
[11:57:26] [DE] [Combine    ] Andrahase                           : i remember that phoneburnia often crashes
[11:57:28] [DE] [Combine    ] Andrahase                           : xD
[11:57:32] [FI] [Combine    ] robo                                :  :)
[11:57:36] [FI] [Combine    ] robo                                : dani' server too
[11:57:42] [FI] [Combine    ] robo                                : but not that often anymore
[11:57:43] [DE] [Combine    ] Andrahase                           : yes because too many ragdolls in the world
[11:57:51] [FI] [Combine    ] robo                                : yes
[11:57:55] [DE] [Combine    ] Andrahase                           : ok
[11:58:19] [FI] [Combine    ] robo                                : ragdolls are nice but if it helps preventing crashes then this is good
[11:58:29] [DE] [Combine    ] Andrahase                           : and in original phoneburnia there was a blood mod right?
[11:58:39] [DE] [Combine    ] Andrahase                           : lol
[11:58:45] [FI] [Combine    ] robo                                : hmm, i don't remember
[11:58:55] [DE] [Combine    ] Andrahase                           : i killed myself with that waterbarrel
[11:59:04] [FI] [Combine    ] robo                                : ^^
[11:59:24] [DE] [Combine    ] Andrahase                           : yes i think because i saw it on a screenshot with a vort. there was more blood and really red blood
[11:59:28] [DE] [Combine    ] Andrahase                           : on the ground
[11:59:36] [FI] [Combine    ] robo                                : ok
[12:05:57] [FI] [Combine    ] robo                                : juggernaut seems to have map version problem too
[12:06:09] [DE] [Combine    ] Andrahase                           : yes i had it too with disorder
[12:06:23] [DE] [Combine    ] Andrahase                           : i renamed the old to disorder_m_old.bsp
[12:08:46] [FI] [Combine    ] robo                                : deleting does the same thing
[12:08:56] [FI] [Combine    ] robo                                : game downloads automatically new
[12:08:56] [DE] [Combine    ] Andrahase                           : yes
[12:09:24] [FI] [Combine    ] robo                                : we had these same problems with the tim's server sometimes too
[12:09:52] [FI] [Combine    ] robo                                : and with steam updates.. lol
[12:10:12] [FI] [Combine    ] robo                                : at the end tim had no time to do fixes anymore
[12:10:48] [FI] [Combine    ] robo                                : he is now probably an university professor
[12:11:09] [DE] [Combine    ] Andrahase                           : ok
[12:11:13] [FI] [Combine    ] robo                                : joking..
[12:11:20] [DE] [Combine    ] Andrahase                           : xD
[12:11:21] [FI] [Combine    ] robo                                :  :)
[12:11:57] [FI] [Combine    ] robo                                : dani is taxi driver
[12:12:11] [DE] [Combine    ] Andrahase                           : joking
[12:12:16] [FI] [Combine    ] robo                                : no, he really is
[12:12:21] [DE] [Combine    ] Andrahase                           : okay
[12:12:37] [FI] [Combine    ] robo                                : i don't know kind of taxi he drives
[12:13:00] [DE] [Combine    ] Andrahase                           : to the guests he can say Play hl2dm with me i have a server^^
[12:13:17] [FI] [Combine    ] robo                                : ^^
[12:14:12] [DE] [Combine    ] Andrahase                           : robovort
[12:14:13] [DE] [Combine    ] Andrahase                           : :)
[12:14:14] [FI] [Combine    ] robo                                : spider's image
[12:14:18] [US] christianitus                       has joined (STEAM_0:0:59932184 | 71.47.214.14)
[12:14:19] [FI] [Combine    ] robo                                : he did that
[12:14:23] [FI] [Combine    ] robo                                :  :)
[12:14:25] [DE] [Combine    ] Andrahase                           : okay
[12:14:31] [FI] [Combine    ] robo                                : i have some others too
[12:14:47] [FI] [Combine    ] robo                                : that's old version of vortigaunt, before big update to game
[12:15:11] [DE] [Combine    ] Andrahase                           : 2013 was last update right?
[12:15:12] [US] -Пβ- Ethorbit                     has joined (STEAM_0:0:77919865 | 50.39.119.190)
[12:15:16] [FI] [Combine    ] robo                                : vort's "laser" was different at that time
[12:15:21] [FI] [Combine    ] robo                                : no
[12:15:21] [US] [Combine    ] -Пβ- Ethorbit                     : are there still any error textures?
[12:15:25] [FI] [Combine    ] robo                                : yes
[12:15:28] [US] [Combine    ] -Пβ- Ethorbit                     : wtf
[12:15:29] [DE] [Combine    ] Andrahase                           : yes
[12:15:31] [DE] [Combine    ] Andrahase                           : http://steamcommunity.com/sharedfiles/filedetails/?id=18563685
[12:15:32] [FI] [Combine    ] robo                                : in this room for example
[12:15:34] [US] [Combine    ] -Пβ- Ethorbit                     : unfixable
[12:15:36] [FI] [Combine    ] robo                                : dust bin room
[12:15:36] [US] [Combine    ] -Пβ- Ethorbit                     : sorry
[12:15:38] [DE] [Combine    ] Andrahase                           : there are the original textures
[12:15:41] [DE] [Combine    ] Andrahase                           : in my screenshot
[12:15:42] [US] [Combine    ] -Пβ- Ethorbit                     : compiled every texture in the map
[12:15:48] [FI] [Combine    ] robo                                : ok, it's not that big thing after all
[12:16:41] [FI] [Combine    ] robo                                : dani (russian server owner) could probably fix those but has no time
[12:16:48] [FI] [Combine    ] robo                                : he can assembler
[12:16:52] [DE] [Combine    ] Andrahase                           : ok
[12:17:00] [US] Bob The Killer                      has joined (STEAM_0:0:22082056 | 50.39.119.190)
[12:17:06] [US] [Rebels     ] Bob The Killer                      : yeah I see the error
[12:17:08] [DE] [Combine    ] Andrahase                           : cant we ask zlotz?
[12:17:16] [FI] [Combine    ] robo                                : zlotz can't help
[12:17:18] [DE] [Combine    ] Andrahase                           : what texture 
[12:17:23] [DE] [Combine    ] Andrahase                           : why?
[12:17:23] [US] [Rebels     ] Bob The Killer                      : I used pakrat and compiled all the textures inside the map
[12:17:30] [US] [Rebels     ] Bob The Killer                      : it's almost impossible for that error to be there
[12:17:52] [US] [Rebels     ] Bob The Killer                      : I can probably make the same exact texture but as my own custom version and then pakrat it
[12:18:00] [FI] [Combine    ] robo                                : okie
[12:22:45] [DE] [Combine    ] Andrahase                           : can ethorbit make a blood mod ?
[12:22:56] [FI] [Combine    ] robo                                : you can ask
[12:23:00] [DE] [Combine    ] Andrahase                           : ok
[12:23:58] [FI] [Combine    ] robo                                : good'n'old long stairs room
[12:24:19] [DE] [Combine    ] Andrahase                           : yes
[12:30:57] [DE] [Combine    ] Andrahase                           : ich bind diana
[12:31:11] [DE] [Combine    ] Andrahase                           : iam diana
[12:31:33] [DE] [Combine    ] Andrahase                           : befor was it mike
[12:31:47] [FI] [Combine    ] robo                                : aa, ok
[12:32:10] [FI] [Combine    ] robo                                : lol
[12:32:42] [DE] [Combine    ] Andrahase                           : danke
[12:33:58] [US] soulmanure                          has joined (STEAM_0:1:11301512 | 107.200.43.23)
[12:42:51] [US] soulmanure                          has joined (STEAM_0:1:11301512 | 107.200.43.23)
[12:42:51] [FI] [Combine    ] robo                                : i see you
[12:48:08] [DE] [Combine    ] Andrahase                           : nice
[12:48:41] [DE] [Combine    ] Andrahase                           : lol
[12:48:48] [FI] [Combine    ] robo                                : ^^
--=================================================================--
[19/06/2017 12:51:29] --- NEW MAP STARTED: dm_cave_m ---
--=================================================================--
[12:51:43] [FI] robo                                has joined (STEAM_0:0:13020169 | 91.154.21.100)
--=================================================================--
[19/06/2017 13:09:35] --- NEW MAP STARTED: pb_z_high_school_m ---
--=================================================================--
[13:10:00] [US] -Пβ- Ethorbit                     has joined (STEAM_0:0:77919865 | 50.39.119.190)
[13:11:33] [US] Bob The Killer                      has joined (STEAM_0:0:22082056 | 50.39.119.190)
[13:11:51] [US] [Combine    ] -Пβ- Ethorbit                     : !invite Bob The Killer
[13:11:53] [US] [Combine    ] -Пβ- Ethorbit                     : !invite
[13:12:33] [US] [Rebels     ] Bob The Killer                      : !nominate pb_z_disorder_m
[13:12:35] [US] [Rebels     ] Bob The Killer                      : !rtv
--=================================================================--
[19/06/2017 13:12:39] --- NEW MAP STARTED: pb_z_disorder_m ---
--=================================================================--
[13:12:42] [US] Bob The Killer                      has joined (STEAM_0:0:22082056 | 50.39.119.190)
[13:18:51] [GB] TheUndeadCorpse                     has joined (STEAM_0:1:32621880 | 46.208.82.62)
[13:40:20] [US] Bob The Killer                      has joined (STEAM_0:0:22082056 | 50.39.119.190)
[13:40:25] [US] -Пβ- Ethorbit                     has joined (STEAM_0:0:77919865 | 50.39.119.190)
[13:40:38] [US] [Rebels     ] -Пβ- Ethorbit                     : !invite
[13:42:43] [US] [Combine    ] Bob The Killer                      : !invite
[13:43:20] [US] [Rebels     ] -Пβ- Ethorbit                     : tp
[13:43:22] [US] [Rebels     ] -Пβ- Ethorbit                     : tp
--=================================================================--
[19/06/2017 13:44:24] --- NEW MAP STARTED: pb_z_disorder_m ---
--=================================================================--
--=================================================================--
[19/06/2017 13:46:22] --- NEW MAP STARTED: pb_z_high_school_m ---
--=================================================================--
[13:46:32] [US] Bob The Killer                      has joined (STEAM_0:0:22082056 | 50.39.119.190)
[13:46:33] [US] -Пβ- Ethorbit                     has joined (STEAM_0:0:77919865 | 50.39.119.190)
[13:47:00] [US] [Rebels     ] Bob The Killer                      : !invite
--=================================================================--
[19/06/2017 13:48:59] --- NEW MAP STARTED: pb_z_high_school_m ---
--=================================================================--
[13:49:02] [US] -Пβ- Ethorbit                     has joined (STEAM_0:0:77919865 | 50.39.119.190)
[13:49:06] [US] [Rebels     ] -Пβ- Ethorbit                     : !invite
--=================================================================--
[19/06/2017 13:49:33] --- NEW MAP STARTED: pb_z_disorder_m ---
--=================================================================--
[13:49:38] [US] -Пβ- Ethorbit                     has joined (STEAM_0:0:77919865 | 50.39.119.190)
[13:52:35] [US] Bob The Killer                      has joined (STEAM_0:0:22082056 | 50.39.119.190)
[13:56:15] [US] ʇıpuɐq uʍop ǝpısdn ǝɥʇ     has joined (STEAM_0:1:6200275 | 70.162.37.91)
[13:56:25] [US] [Rebels     ] ʇıpuɐq uʍop ǝpısdn ǝɥʇ     : !model
--=================================================================--
[19/06/2017 14:10:17] --- NEW MAP STARTED: pb_z_high_school_m ---
--=================================================================--
[14:10:48] [US] -Пβ- Ethorbit                     has joined (STEAM_0:0:77919865 | 50.39.119.190)
[14:14:48] [GB] TheUndeadCorpse                     has joined (STEAM_0:1:32621880 | 46.208.82.62)
[14:14:51] [US] [Rebels     ] -Пβ- Ethorbit                     : hi
[14:14:54] [GB] [Rebels     ] TheUndeadCorpse                     : hi hi
[14:15:07] [GB] [Rebels     ] TheUndeadCorpse                     : are you well?
[14:15:20] [US] [Rebels     ] -Пβ- Ethorbit                     : yeah server editing has been a bit stressful lately
[14:15:47] [GB] [Rebels     ] TheUndeadCorpse                     : can only imagine
[14:15:55] [GB] [Rebels     ] TheUndeadCorpse                     : its been getting busier in here :D
[14:16:01] [US] [Rebels     ] -Пβ- Ethorbit                     : yep
[14:18:17] [GB] [Rebels     ] TheUndeadCorpse                     : so im assuming its been spawn work and commands that have been giving you issues?
[14:18:36] [US] [Rebels     ] -Пβ- Ethorbit                     : no everything on here works fine but rather adding things
[14:18:45] [US] [Rebels     ] -Пβ- Ethorbit                     : I wanted to fix material errors, and that doesn't seem to work
[14:18:52] [US] [Rebels     ] -Пβ- Ethorbit                     : a new map I wanted to add hits the entity limits
[14:19:10] [US] [Rebels     ] -Пβ- Ethorbit                     : nothing wants to work
[14:19:21] [GB] [Rebels     ] TheUndeadCorpse                     : yeah i have noticed one or two maps are particularly heavy
[14:19:35] [GB] [Rebels     ] TheUndeadCorpse                     : think its the old officetower that really strains my system
[14:19:50] [US] [Rebels     ] -Пβ- Ethorbit                     : only thing I've added to that is a few material files
[14:19:57] [US] [Rebels     ] -Пβ- Ethorbit                     : other than that, it's the original map
[14:20:01] [GB] [Rebels     ] TheUndeadCorpse                     : either way we still have a fine selection of maps
[14:20:17] [US] [Rebels     ] -Пβ- Ethorbit                     : yeah but I promised in the group's update that I'd add a few things
[14:20:22] [US] [Rebels     ] -Пβ- Ethorbit                     : and 2 of them already don't work
[14:20:40] [GB] [Rebels     ] TheUndeadCorpse                     : dont worry its early days
[14:20:47] [GB] [Rebels     ] TheUndeadCorpse                     : how long has this server existed?
[14:20:57] [US] [Rebels     ] -Пβ- Ethorbit                     : for about 3 months now
[14:21:05] [US] [Rebels     ] -Пβ- Ethorbit                     : but it's been hosted earlier before
[14:21:10] [US] [Rebels     ] -Пβ- Ethorbit                     : multiple occasions
[14:21:21] [GB] [Rebels     ] TheUndeadCorpse                     : ahh alright 
[14:21:25] [GB] [Rebels     ] TheUndeadCorpse                     : so not that long at all
[14:21:44] [US] [Rebels     ] -Пβ- Ethorbit                     : well I hosted the first remake a year ago in gmod but it was only up for a month
[14:22:11] [GB] [Rebels     ] TheUndeadCorpse                     : now that there is a proper group up the traffic will only increase
[14:22:24] [US] [Rebels     ] -Пβ- Ethorbit                     : if the map differs doesn't ruin the server
[14:24:53] [US] [Rebels     ] -Пβ- Ethorbit                     : I'm gonna go play day of defeat source as a break from editing
[14:24:56] [US] [Rebels     ] -Пβ- Ethorbit                     : see you later
[14:25:02] [GB] [Rebels     ] TheUndeadCorpse                     : no worries take care
[14:25:05] [GB] [Rebels     ] TheUndeadCorpse                     : :D
[14:25:06] [US] [Rebels     ] -Пβ- Ethorbit                     : you too
[14:25:25] [GB] [Rebels     ] TheUndeadCorpse                     : !difficulty
[14:25:26] [GB] [Rebels     ] TheUndeadCorpse                     : !difficulty
--=================================================================--
[19/06/2017 15:10:56] --- NEW MAP STARTED: dm_morbid_m ---
--=================================================================--
[15:24:48] [US] The Silkiest                        has joined (STEAM_0:0:25007326 | 98.192.92.119)
[15:26:29] [US] [Combine    ] The Silkiest                        : !model for playermodal
[15:28:52] [US] [Combine    ] The Silkiest                        : !weapons
[15:31:44] [US] [Combine    ] The Silkiest                        : !model for playermodel
--=================================================================--
[19/06/2017 16:11:14] --- NEW MAP STARTED: pb_z_office_tower_v2_m ---
--=================================================================--
[16:25:05] [US] Captain Ian                         has joined (STEAM_0:1:165207355 | 72.81.147.121)
[16:47:53] [US] stefan.schmiedberg                  has joined (STEAM_0:0:114052575 | 216.164.231.50)
--=================================================================--
[19/06/2017 17:00:04] --- NEW MAP STARTED: pb_z_high_school_m ---
--=================================================================--
[17:00:14] [US] -Пβ- Ethorbit (Editing server     has joined (STEAM_0:0:77919865 | 50.39.119.190)
[17:00:28] [US] [Combine    ] -Пβ- Ethorbit (Editing server     : difficulty
[17:00:28] [US] [Combine    ] -Пβ- Ethorbit (Editing server     : !difficulty
[17:00:28] [US] [Combine    ] -Пβ- Ethorbit (Editing server     : !difficulty
--=================================================================--
[19/06/2017 17:03:13] --- NEW MAP STARTED: pb_z_high_school_m ---
--=================================================================--
[17:03:20] [US] -Пβ- Ethorbit (Editing server     has joined (STEAM_0:0:77919865 | 50.39.119.190)
[17:03:30] [US] [Combine    ] -Пβ- Ethorbit (Editing server     : difficulty
[17:03:30] [US] [Combine    ] -Пβ- Ethorbit (Editing server     : !difficulty
[17:03:30] [US] [Combine    ] -Пβ- Ethorbit (Editing server     : !difficulty
[17:04:11] [US] [Combine    ] -Пβ- Ethorbit (Editing server     : difficulty
--=================================================================--
[19/06/2017 17:07:16] --- NEW MAP STARTED: pb_z_high_school_m ---
--=================================================================--
[17:07:26] [US] -Пβ- Ethorbit (Editing server     has joined (STEAM_0:0:77919865 | 50.39.119.190)
[17:07:31] [US] [Combine    ] -Пβ- Ethorbit (Editing server     : difficulty
[17:07:31] [US] [Combine    ] -Пβ- Ethorbit (Editing server     : !difficulty
[17:07:31] [US] [Combine    ] -Пβ- Ethorbit (Editing server     : !difficulty
--=================================================================--
[19/06/2017 17:10:53] --- NEW MAP STARTED: pb_z_high_school_m ---
--=================================================================--
[17:10:58] [US] -Пβ- Ethorbit (Editing server     has joined (STEAM_0:0:77919865 | 50.39.119.190)
[17:11:02] [US] [Combine    ] -Пβ- Ethorbit (Editing server     : difficulty
[17:11:02] [US] [Combine    ] -Пβ- Ethorbit (Editing server     : !difficulty
[17:11:02] [US] [Combine    ] -Пβ- Ethorbit (Editing server     : !difficulty
[17:11:28] [US] [Combine    ] -Пβ- Ethorbit (Editing server     : difficulty
[17:11:33] [US] [Combine    ] -Пβ- Ethorbit (Editing server     : /difficulty
[17:11:35] [US] [Combine    ] -Пβ- Ethorbit (Editing server     : difficulty
[17:11:39] [US] [Combine    ] -Пβ- Ethorbit (Editing server     : !difficulty
--=================================================================--
[19/06/2017 17:16:19] --- NEW MAP STARTED: pb_z_high_school_m ---
--=================================================================--
[17:16:22] [US] -Пβ- Ethorbit (Editing server     has joined (STEAM_0:0:77919865 | 50.39.119.190)
[17:16:27] [US] [Combine    ] -Пβ- Ethorbit (Editing server     : difficulty
[17:16:27] [US] [Combine    ] -Пβ- Ethorbit (Editing server     : !difficulty
[17:16:27] [US] [Combine    ] -Пβ- Ethorbit (Editing server     : !difficulty
--=================================================================--
[19/06/2017 17:21:54] --- NEW MAP STARTED: pb_z_high_school_m ---
--=================================================================--
[17:25:20] [US] -Пβ- Ethorbit (Editing server     has joined (STEAM_0:0:77919865 | 50.39.119.190)
[17:25:35] [US] [Rebels     ] -Пβ- Ethorbit (Editing server     : difficulty
[17:25:35] [US] [Rebels     ] -Пβ- Ethorbit (Editing server     : !difficulty
[17:25:35] [US] [Rebels     ] -Пβ- Ethorbit (Editing server     : !difficulty
[17:28:14] [US] -Пβ- Ethorbit (Editing server     has joined (STEAM_0:0:77919865 | 50.39.119.190)
[17:28:42] [US] [Rebels     ] -Пβ- Ethorbit (Editing server     : difficulty
[17:28:42] [US] [Rebels     ] -Пβ- Ethorbit (Editing server     : !difficulty
[17:28:42] [  ] [Combine    ] Bot02                               : !difficulty
[17:28:42] [US] [Rebels     ] -Пβ- Ethorbit (Editing server     : !difficulty
[17:28:42] [  ] [Combine    ] Bot02                               : !difficulty
[17:28:42] [US] [Rebels     ] -Пβ- Ethorbit (Editing server     : !difficulty
[17:28:42] [  ] [Combine    ] Bot02                               : !difficulty
[17:31:07] [US] [Rebels     ] -Пβ- Ethorbit (Editing server     : difficulty
[17:31:33] [US] [Rebels     ] -Пβ- Ethorbit (Editing server     : difficulty
[17:31:42] [US] [Rebels     ] -Пβ- Ethorbit (Editing server     : difficulty
[17:31:42] [US] [Rebels     ] -Пβ- Ethorbit (Editing server     : !difficulty
[17:31:42] [  ] [Combine    ] Bot02                               : !difficulty
[17:31:42] [  ] [Combine    ] Bot03                               : !difficulty
[17:31:42] [US] [Rebels     ] -Пβ- Ethorbit (Editing server     : !difficulty
[17:31:42] [  ] [Combine    ] Bot02                               : !difficulty
[17:31:42] [  ] [Combine    ] Bot03                               : !difficulty
[17:31:42] [US] [Rebels     ] -Пβ- Ethorbit (Editing server     : !difficulty
[17:31:42] [  ] [Combine    ] Bot02                               : !difficulty
[17:31:42] [  ] [Combine    ] Bot03                               : !difficulty
[17:31:42] [  ] [Combine    ] Bot03                               : !difficulty
--=================================================================--
[19/06/2017 17:35:27] --- NEW MAP STARTED: pb_z_high_school_m ---
--=================================================================--
[17:35:30] [US] -Пβ- Ethorbit (Editing server     has joined (STEAM_0:0:77919865 | 50.39.119.190)
[17:36:58] [US] -Пβ- Ethorbit (Editing server     has joined (STEAM_0:0:77919865 | 50.39.119.190)
--=================================================================--
[19/06/2017 17:37:14] --- NEW MAP STARTED: pb_z_high_school_m ---
--=================================================================--
[17:37:16] [US] -Пβ- Ethorbit (Editing server     has joined (STEAM_0:0:77919865 | 50.39.119.190)
--=================================================================--
[19/06/2017 17:38:03] --- NEW MAP STARTED: pb_z_high_school_m ---
--=================================================================--
[17:38:06] [US] -Пβ- Ethorbit (Editing server     has joined (STEAM_0:0:77919865 | 50.39.119.190)
--=================================================================--
[19/06/2017 17:38:28] --- NEW MAP STARTED: pb_z_high_school_m ---
--=================================================================--
[17:38:33] [US] -Пβ- Ethorbit (Editing server     has joined (STEAM_0:0:77919865 | 50.39.119.190)
[17:38:40] [US] [Combine    ] -Пβ- Ethorbit (Editing server     : difficulty
[17:38:40] [US] [Combine    ] -Пβ- Ethorbit (Editing server     : !difficulty
[17:38:40] [US] [Combine    ] -Пβ- Ethorbit (Editing server     : !difficulty
[17:39:29] [US] [Combine    ] -Пβ- Ethorbit (Editing server     : difficulty
--=================================================================--
[19/06/2017 17:39:36] --- NEW MAP STARTED: pb_z_high_school_m ---
--=================================================================--
[17:39:39] [US] -Пβ- Ethorbit (Editing server     has joined (STEAM_0:0:77919865 | 50.39.119.190)
[17:40:19] [US] [Rebels     ] -Пβ- Ethorbit (Editing server     : difficulty
[17:40:19] [US] [Rebels     ] -Пβ- Ethorbit (Editing server     : !difficulty
[17:40:19] [US] [Rebels     ] -Пβ- Ethorbit (Editing server     : !difficulty
--=================================================================--
[19/06/2017 17:43:21] --- NEW MAP STARTED: pb_z_high_school_m ---
--=================================================================--
[17:43:23] [US] -Пβ- Ethorbit (Editing server     has joined (STEAM_0:0:77919865 | 50.39.119.190)
[17:43:42] [US] [Rebels     ] -Пβ- Ethorbit (Editing server     : difficulty
[17:43:42] [US] [Rebels     ] -Пβ- Ethorbit (Editing server     : !difficulty
[17:43:42] [US] [Rebels     ] -Пβ- Ethorbit (Editing server     : !difficulty
[17:44:21] [US] -Пβ- Ethorbit (Editing server     has joined (STEAM_0:0:77919865 | 50.39.119.190)
[17:44:37] [US] -Пβ- Ethorbit (Editing server     has joined (STEAM_0:0:77919865 | 50.39.119.190)
[17:44:47] [US] -Пβ- Ethorbit (Editing server     has joined (STEAM_0:0:77919865 | 50.39.119.190)
[17:48:48] [US] -Пβ- Ethorbit (Editing server     has joined (STEAM_0:0:77919865 | 50.39.119.190)
--=================================================================--
[19/06/2017 17:50:51] --- NEW MAP STARTED: pb_z_high_school_m ---
--=================================================================--
[17:50:56] [US] -Пβ- Ethorbit (Editing server     has joined (STEAM_0:0:77919865 | 50.39.119.190)
[17:51:05] [US] [Rebels     ] -Пβ- Ethorbit (Editing server     : difficulty
[17:51:05] [US] [Rebels     ] -Пβ- Ethorbit (Editing server     : !difficulty
[17:51:05] [US] [Rebels     ] -Пβ- Ethorbit (Editing server     : !difficulty
[17:51:28] [US] -Пβ- Ethorbit (Editing server     has joined (STEAM_0:0:77919865 | 50.39.119.190)
[17:51:49] [US] [Combine    ] -Пβ- Ethorbit (Editing server     : difficulty
[17:51:49] [US] [Combine    ] -Пβ- Ethorbit (Editing server     : !difficulty
[17:51:49] [US] [Combine    ] -Пβ- Ethorbit (Editing server     : !difficulty
--=================================================================--
[19/06/2017 17:52:49] --- NEW MAP STARTED: pb_z_high_school_m ---
--=================================================================--
[17:52:52] [US] -Пβ- Ethorbit (Editing server     has joined (STEAM_0:0:77919865 | 50.39.119.190)
[17:53:42] [US] -Пβ- Ethorbit                     has joined (STEAM_0:0:77919865 | 50.39.119.190)
[17:53:51] [US] [Combine    ] -Пβ- Ethorbit                     : difficulty
[17:53:51] [US] [Combine    ] -Пβ- Ethorbit                     : !difficulty
[17:53:51] [US] [Combine    ] -Пβ- Ethorbit                     : !difficulty
[17:54:12] [US] -Пβ- Ethorbit                     has joined (STEAM_0:0:77919865 | 50.39.119.190)
[18:05:00] [US] Undead_Lumberjack                   has joined (STEAM_0:1:46725992 | 47.40.80.121)
[18:43:34] [US] Undead_Lumberjack                   has joined (STEAM_0:1:46725992 | 47.40.80.121)
[18:49:06] [ES] CuRTiS                              has joined (STEAM_0:0:15022722 | 85.251.64.18)
--=================================================================--
[19/06/2017 18:53:01] --- NEW MAP STARTED: pb_z_disorder_m ---
--=================================================================--
--=================================================================--
[19/06/2017 19:06:25] --- NEW MAP STARTED: pb_z_high_school_m ---
--=================================================================--
[19:06:40] [US] -Пβ- Ethorbit                     has joined (STEAM_0:0:77919865 | 50.39.119.190)
[19:06:51] [US] [Rebels     ] -Пβ- Ethorbit                     : difficulty
[19:06:51] [US] [Rebels     ] -Пβ- Ethorbit                     : !difficulty
[19:06:51] [US] [Rebels     ] -Пβ- Ethorbit                     : !difficulty
[19:07:24] [US] -Пβ- Ethorbit                     has joined (STEAM_0:0:77919865 | 50.39.119.190)
[20:01:44] [US] Hoot                                has joined (STEAM_0:0:20348359 | 140.186.137.148)
[20:05:06] [US] [Combine    ] Hoot                                : difficulty
[20:05:06] [US] [Combine    ] Hoot                                : !difficulty
[20:05:06] [US] [Combine    ] Hoot                                : !difficulty
--=================================================================--
[19/06/2017 20:06:47] --- NEW MAP STARTED: pb_z_disorder_m ---
--=================================================================--
[20:06:54] [US] Hoot                                has joined (STEAM_0:0:20348359 | 140.186.137.148)
[20:16:28] [US] [Combine    ] Hoot                                : r
[20:21:37] [US] [Combine    ] Hoot                                : rtv
--=================================================================--
[19/06/2017 20:21:48] --- NEW MAP STARTED: dm_morbid_m ---
--=================================================================--
[20:21:53] [US] Hoot                                has joined (STEAM_0:0:20348359 | 140.186.137.148)
[20:22:22] [US] [Rebels     ] Hoot                                : rank
[20:23:03] [US] [Rebels     ] Hoot                                : rank
[20:23:34] [US] [Rebels     ] Hoot                                : rtv
--=================================================================--
[19/06/2017 20:23:43] --- NEW MAP STARTED: dm_october_m ---
--=================================================================--
[20:23:49] [US] Hoot                                has joined (STEAM_0:0:20348359 | 140.186.137.148)
[20:26:25] [US] [Combine    ] Hoot                                : difficulty
[20:26:25] [US] [Combine    ] Hoot                                : !difficulty
[20:26:25] [US] [Combine    ] Hoot                                : !difficulty
[20:38:25] [US] [Combine    ] Hoot                                : rank
[20:59:01] [US] Ten Nut Bob                         has joined (STEAM_0:0:11234274 | 98.70.54.119)
[21:01:13] [US] [Combine    ] Hoot                                : (TEAM) )
[21:01:21] [US] [Combine    ] Ten Nut Bob                         : :)
[21:01:58] [US] [Combine    ] Ten Nut Bob                         : man he tweaked this one.
[21:20:13] [US] -Пβ- Ethorbit                     has joined (STEAM_0:0:77919865 | 50.39.119.190)
[21:20:18] [US] [Combine    ] Ten Nut Bob                         : hi
[21:20:24] [US] [Combine    ] -Пβ- Ethorbit                     : like the new difficulty system changes
[21:20:31] [US] [Combine    ] Hoot                                : yes!!!
[21:20:42] [US] [Combine    ] Ten Nut Bob                         : man hahaha
[21:22:40] [US] [Combine    ] -Пβ- Ethorbit                     : crossbow kills antlionguard in 3 or 4 hits
[21:22:43] [US] [Combine    ] -Пβ- Ethorbit                     : needs nerfing lol
[21:22:57] [US] [Combine    ] Ten Nut Bob                         : :)
[21:23:45] [US] [Combine    ] -Пβ- Ethorbit                     : gg
[21:23:46] [US] [Combine    ] Hoot                                : gg
[21:23:50] [US] [Combine    ] Ten Nut Bob                         : gg
--=================================================================--
[19/06/2017 21:23:54] --- NEW MAP STARTED: pb_z_colony_m ---
--=================================================================--
[21:24:05] [US] -Пβ- Ethorbit                     has joined (STEAM_0:0:77919865 | 50.39.119.190)
[21:24:43] [US] -Пβ- Ethorbit                     has joined (STEAM_0:0:77919865 | 50.39.119.190)
[21:24:49] [US] -Пβ- Ethorbit                     has joined (STEAM_0:0:77919865 | 50.39.119.190)
[21:24:52] [US] [Rebels     ] -Пβ- Ethorbit                     : rtv
--=================================================================--
[19/06/2017 21:24:58] --- NEW MAP STARTED: dm_central_station_v1_m ---
--=================================================================--
[21:25:03] [US] -Пβ- Ethorbit                     has joined (STEAM_0:0:77919865 | 50.39.119.190)
[21:25:10] [US] [Rebels     ] -Пβ- Ethorbit                     : difficulty
[21:25:10] [US] [Rebels     ] -Пβ- Ethorbit                     : !difficulty
[21:25:10] [US] [Rebels     ] -Пβ- Ethorbit                     : !difficulty
[21:25:27] [US] Chakat Fire Storm                   has joined (STEAM_0:0:136642432 | 184.75.147.118)
[21:25:40] [US] [Rebels     ] -Пβ- Ethorbit                     : hi
[21:25:43] [US] [Rebels     ] Chakat Fire Storm                   : hi
[21:25:57] [US] [Rebels     ] -Пβ- Ethorbit                     : played before?
[21:26:00] [US] [Rebels     ] Chakat Fire Storm                   : nope
[21:26:15] [US] [Rebels     ] -Пβ- Ethorbit                     : smg is weak and pistol is useless
[21:27:41] [US] [Rebels     ] -Пβ- Ethorbit                     : where?
[21:27:44] [US] [Rebels     ] Chakat Fire Storm                   : point of this game
[21:27:55] [US] [Rebels     ] -Пβ- Ethorbit                     : do !motd
[21:28:04] [US] [Rebels     ] Chakat Fire Storm                   : /motd
[21:28:10] [US] [Rebels     ] -Пβ- Ethorbit                     : shows up when you join anywayt
[21:28:32] [US] [Rebels     ] -Пβ- Ethorbit                     : anyway bye since you're leaving
[21:28:50] [US] [Rebels     ] Chakat Fire Storm                   : where be all the damn guns
[21:28:56] [US] [Rebels     ] -Пβ- Ethorbit                     : everywhere
[21:29:11] [US] [Rebels     ] -Пβ- Ethorbit                     : it's hl2dm but with zombies is all
[21:37:01] [US] [Rebels     ] -Пβ- Ethorbit                     : hp here
[22:20:39] [DE] David6666                           has joined (STEAM_0:0:17333776 | 89.15.67.249)
--=================================================================--
[19/06/2017 22:25:09] --- NEW MAP STARTED: dm_coldruins_rc1_m ---
--=================================================================--
[22:25:23] [DE] David6666                           has joined (STEAM_0:0:17333776 | 89.15.67.249)
[22:27:38] [DE] [Rebels     ] David6666                           : rtv
--=================================================================--
[19/06/2017 22:27:45] --- NEW MAP STARTED: pb_z_underground_m ---
--=================================================================--
[22:27:53] [DE] David6666                           has joined (STEAM_0:0:17333776 | 89.15.67.249)
[22:41:44] [DE] [Rebels     ] David6666                           : rtv
--=================================================================--
[19/06/2017 22:41:53] --- NEW MAP STARTED: pb_z_office_tower_m ---
--=================================================================--
[22:42:03] [DE] David6666                           has joined (STEAM_0:0:17333776 | 89.15.67.249)
[22:42:47] [DE] [Rebels     ] David6666                           : rtv
--=================================================================--
[19/06/2017 22:42:55] --- NEW MAP STARTED: pb_z_disorder_m ---
--=================================================================--
[22:43:09] [DE] David6666                           has joined (STEAM_0:0:17333776 | 89.15.67.249)
[22:46:04] [DE] [Combine    ] David6666                           : rtv
--=================================================================--
[19/06/2017 22:46:10] --- NEW MAP STARTED: pb_z_industry_m ---
--=================================================================--
[22:46:17] [DE] David6666                           has joined (STEAM_0:0:17333776 | 89.15.67.249)
[22:50:23] [DE] [Rebels     ] David6666                           : rtv
--=================================================================--
[19/06/2017 22:50:32] --- NEW MAP STARTED: dm_montana_m ---
--=================================================================--
[22:50:53] [DE] David6666                           has joined (STEAM_0:0:17333776 | 89.15.67.249)
[22:53:54] [DE] [Rebels     ] David6666                           : rtv
--=================================================================--
[19/06/2017 22:54:00] --- NEW MAP STARTED: pb_z_colony_m ---
--=================================================================--
[22:54:26] [DE] David6666                           has joined (STEAM_0:0:17333776 | 89.15.67.249)
[22:54:45] [DE] [Rebels     ] David6666                           : rtv
--=================================================================--
[19/06/2017 22:54:59] --- NEW MAP STARTED: pb_z_area51_m ---
--=================================================================--
[22:55:10] [DE] David6666                           has joined (STEAM_0:0:17333776 | 89.15.67.249)
--=================================================================--
[19/06/2017 23:55:10] --- NEW MAP STARTED: pb_z_underground_m ---
--=================================================================--
