L 05/26/2017 - 00:14:36: SourceMod error session started
L 05/26/2017 - 00:14:36: Info (map "pb_z_underground_m") (file "errors_20170526.log")
L 05/26/2017 - 00:14:36: Error log file session closed.
L 05/26/2017 - 00:14:36: SourceMod error session started
L 05/26/2017 - 00:14:36: Info (map "pb_z_underground_m") (file "errors_20170526.log")
L 05/26/2017 - 00:14:36: [SM] Fatal error encountered parsing translation file "savescores.phrases.txt"
L 05/26/2017 - 00:14:36: [SM] Error (line 0, column 0): Stream failed to open
L 05/26/2017 - 00:14:36: [SM] Fatal error encountered parsing translation file "customvotes.phrases.txt"
L 05/26/2017 - 00:14:36: [SM] Error (line 0, column 0): Stream failed to open
L 05/26/2017 - 01:14:47: Error log file session closed.
L 05/26/2017 - 01:14:47: SourceMod error session started
L 05/26/2017 - 01:14:47: Info (map "pb_z_area51_m") (file "errors_20170526.log")
L 05/26/2017 - 01:14:47: [SM] Fatal error encountered parsing translation file "savescores.phrases.txt"
L 05/26/2017 - 01:14:47: [SM] Error (line 0, column 0): Stream failed to open
L 05/26/2017 - 01:14:47: [SM] Fatal error encountered parsing translation file "customvotes.phrases.txt"
L 05/26/2017 - 01:14:47: [SM] Error (line 0, column 0): Stream failed to open
L 05/26/2017 - 01:21:03: SourceMod error session started
L 05/26/2017 - 01:21:03: Info (map "pb_z_high_school_m") (file "errors_20170526.log")
L 05/26/2017 - 01:21:03: [SDKTOOLS] Invalid detour address passed - Disabling detour to prevent crashes
L 05/26/2017 - 01:21:03: [SM] Fatal error encountered parsing translation file "savescores.phrases.txt"
L 05/26/2017 - 01:21:03: [SM] Error (line 0, column 0): Stream failed to open
L 05/26/2017 - 03:34:02: [SM] Exception reported: Entity 1 (1) is invalid
L 05/26/2017 - 03:34:02: [SM] Blaming: autodifficultypatch.smx
L 05/26/2017 - 03:34:02: [SM] Call stack trace:
L 05/26/2017 - 03:34:02: [SM]   [0] GetEntPropString
L 05/26/2017 - 03:34:02: [SM]   [1] Line 1420, C:\Users\Ethorbit\Desktop\sourcemod\scripting\autodifficultypatch.sp::FindEntityByTargetName
L 05/26/2017 - 03:34:02: [SM]   [2] Line 1194, C:\Users\Ethorbit\Desktop\sourcemod\scripting\autodifficultypatch.sp::UpdateHeadcrab
L 05/26/2017 - 03:34:02: [SM]   [3] Line 26, C:\Users\Ethorbit\Desktop\sourcemod\scripting\autodifficultypatch.sp::OnClientDisconnect_Post
L 05/26/2017 - 04:28:59: Error log file session closed.
L 05/26/2017 - 04:28:59: SourceMod error session started
L 05/26/2017 - 04:28:59: Info (map "pb_z_office_tower_v2_m") (file "errors_20170526.log")
L 05/26/2017 - 04:28:59: [SM] Fatal error encountered parsing translation file "savescores.phrases.txt"
L 05/26/2017 - 04:28:59: [SM] Error (line 0, column 0): Stream failed to open
L 05/26/2017 - 05:29:09: Error log file session closed.
L 05/26/2017 - 05:29:09: SourceMod error session started
L 05/26/2017 - 05:29:09: Info (map "dm_mine_entrance_m") (file "errors_20170526.log")
L 05/26/2017 - 05:29:09: [SM] Fatal error encountered parsing translation file "savescores.phrases.txt"
L 05/26/2017 - 05:29:09: [SM] Error (line 0, column 0): Stream failed to open
L 05/26/2017 - 06:29:19: Error log file session closed.
L 05/26/2017 - 06:29:19: SourceMod error session started
L 05/26/2017 - 06:29:19: Info (map "dm_morbid_m") (file "errors_20170526.log")
L 05/26/2017 - 06:29:19: [SM] Fatal error encountered parsing translation file "savescores.phrases.txt"
L 05/26/2017 - 06:29:19: [SM] Error (line 0, column 0): Stream failed to open
L 05/26/2017 - 07:29:29: Error log file session closed.
L 05/26/2017 - 07:29:29: SourceMod error session started
L 05/26/2017 - 07:29:29: Info (map "dm_october_m") (file "errors_20170526.log")
L 05/26/2017 - 07:29:29: [SM] Fatal error encountered parsing translation file "savescores.phrases.txt"
L 05/26/2017 - 07:29:29: [SM] Error (line 0, column 0): Stream failed to open
L 05/26/2017 - 08:17:38: Error log file session closed.
L 05/26/2017 - 08:17:38: SourceMod error session started
L 05/26/2017 - 08:17:38: Info (map "pb_z_earthquake_m") (file "errors_20170526.log")
L 05/26/2017 - 08:17:38: [SM] Fatal error encountered parsing translation file "savescores.phrases.txt"
L 05/26/2017 - 08:17:38: [SM] Error (line 0, column 0): Stream failed to open
L 05/26/2017 - 08:22:54: [SM] Fatal error encountered parsing translation file "customvotes.phrases.txt"
L 05/26/2017 - 08:22:54: [SM] Error (line 0, column 0): Stream failed to open
L 05/26/2017 - 08:25:04: [SM] Exception reported: Entity 2 (2) is invalid
L 05/26/2017 - 08:25:04: [SM] Blaming: autodifficultypatch.smx
L 05/26/2017 - 08:25:04: [SM] Call stack trace:
L 05/26/2017 - 08:25:04: [SM]   [0] GetEntPropString
L 05/26/2017 - 08:25:04: [SM]   [1] Line 1420, C:\Users\Ethorbit\Desktop\sourcemod\scripting\autodifficultypatch.sp::FindEntityByTargetName
L 05/26/2017 - 08:25:04: [SM]   [2] Line 826, C:\Users\Ethorbit\Desktop\sourcemod\scripting\autodifficultypatch.sp::UpdateHeadcrab
L 05/26/2017 - 08:25:04: [SM]   [3] Line 26, C:\Users\Ethorbit\Desktop\sourcemod\scripting\autodifficultypatch.sp::OnClientDisconnect_Post
L 05/26/2017 - 08:38:23: [SM] Exception reported: Entity 1 (1) is invalid
L 05/26/2017 - 08:38:23: [SM] Blaming: autodifficultypatch.smx
L 05/26/2017 - 08:38:23: [SM] Call stack trace:
L 05/26/2017 - 08:38:23: [SM]   [0] GetEntPropString
L 05/26/2017 - 08:38:23: [SM]   [1] Line 1420, C:\Users\Ethorbit\Desktop\sourcemod\scripting\autodifficultypatch.sp::FindEntityByTargetName
L 05/26/2017 - 08:38:23: [SM]   [2] Line 818, C:\Users\Ethorbit\Desktop\sourcemod\scripting\autodifficultypatch.sp::UpdateHeadcrab
L 05/26/2017 - 08:38:23: [SM]   [3] Line 26, C:\Users\Ethorbit\Desktop\sourcemod\scripting\autodifficultypatch.sp::OnClientDisconnect_Post
L 05/26/2017 - 08:57:02: [SM] Exception reported: Entity 1 (1) is invalid
L 05/26/2017 - 08:57:02: [SM] Blaming: autodifficultypatch.smx
L 05/26/2017 - 08:57:02: [SM] Call stack trace:
L 05/26/2017 - 08:57:02: [SM]   [0] GetEntPropString
L 05/26/2017 - 08:57:02: [SM]   [1] Line 1420, C:\Users\Ethorbit\Desktop\sourcemod\scripting\autodifficultypatch.sp::FindEntityByTargetName
L 05/26/2017 - 08:57:02: [SM]   [2] Line 818, C:\Users\Ethorbit\Desktop\sourcemod\scripting\autodifficultypatch.sp::UpdateHeadcrab
L 05/26/2017 - 08:57:02: [SM]   [3] Line 26, C:\Users\Ethorbit\Desktop\sourcemod\scripting\autodifficultypatch.sp::OnClientDisconnect_Post
L 05/26/2017 - 09:17:47: Error log file session closed.
L 05/26/2017 - 09:17:47: SourceMod error session started
L 05/26/2017 - 09:17:47: Info (map "dm_cave_m") (file "errors_20170526.log")
L 05/26/2017 - 09:17:47: [SM] Fatal error encountered parsing translation file "savescores.phrases.txt"
L 05/26/2017 - 09:17:47: [SM] Error (line 0, column 0): Stream failed to open
L 05/26/2017 - 09:17:47: [SM] Fatal error encountered parsing translation file "customvotes.phrases.txt"
L 05/26/2017 - 09:17:47: [SM] Error (line 0, column 0): Stream failed to open
L 05/26/2017 - 10:18:06: Error log file session closed.
L 05/26/2017 - 10:18:11: SourceMod error session started
L 05/26/2017 - 10:18:11: Info (map "dm_hellsdistrict_m") (file "errors_20170526.log")
L 05/26/2017 - 10:18:11: [SM] Fatal error encountered parsing translation file "savescores.phrases.txt"
L 05/26/2017 - 10:18:11: [SM] Error (line 0, column 0): Stream failed to open
L 05/26/2017 - 10:18:11: [SM] Fatal error encountered parsing translation file "customvotes.phrases.txt"
L 05/26/2017 - 10:18:11: [SM] Error (line 0, column 0): Stream failed to open
L 05/26/2017 - 11:18:23: Error log file session closed.
L 05/26/2017 - 11:18:23: SourceMod error session started
L 05/26/2017 - 11:18:23: Info (map "pb_z_disorder_m") (file "errors_20170526.log")
L 05/26/2017 - 11:18:23: [SM] Fatal error encountered parsing translation file "savescores.phrases.txt"
L 05/26/2017 - 11:18:23: [SM] Error (line 0, column 0): Stream failed to open
L 05/26/2017 - 11:18:23: [SM] Fatal error encountered parsing translation file "customvotes.phrases.txt"
L 05/26/2017 - 11:18:23: [SM] Error (line 0, column 0): Stream failed to open
L 05/26/2017 - 12:18:33: Error log file session closed.
L 05/26/2017 - 12:18:33: SourceMod error session started
L 05/26/2017 - 12:18:33: Info (map "dm_mine_entrance_m") (file "errors_20170526.log")
L 05/26/2017 - 12:18:33: [SM] Fatal error encountered parsing translation file "savescores.phrases.txt"
L 05/26/2017 - 12:18:33: [SM] Error (line 0, column 0): Stream failed to open
L 05/26/2017 - 12:18:33: [SM] Fatal error encountered parsing translation file "customvotes.phrases.txt"
L 05/26/2017 - 12:18:33: [SM] Error (line 0, column 0): Stream failed to open
L 05/26/2017 - 13:18:45: Error log file session closed.
L 05/26/2017 - 13:18:45: SourceMod error session started
L 05/26/2017 - 13:18:45: Info (map "dm_laststop_m") (file "errors_20170526.log")
L 05/26/2017 - 13:18:45: [SM] Fatal error encountered parsing translation file "savescores.phrases.txt"
L 05/26/2017 - 13:18:45: [SM] Error (line 0, column 0): Stream failed to open
L 05/26/2017 - 13:18:45: [SM] Fatal error encountered parsing translation file "customvotes.phrases.txt"
L 05/26/2017 - 13:18:45: [SM] Error (line 0, column 0): Stream failed to open
L 05/26/2017 - 14:18:59: Error log file session closed.
L 05/26/2017 - 14:18:59: SourceMod error session started
L 05/26/2017 - 14:18:59: Info (map "pb_z_office_tower_v2_m") (file "errors_20170526.log")
L 05/26/2017 - 14:18:59: [SM] Fatal error encountered parsing translation file "savescores.phrases.txt"
L 05/26/2017 - 14:18:59: [SM] Error (line 0, column 0): Stream failed to open
L 05/26/2017 - 14:18:59: [SM] Fatal error encountered parsing translation file "customvotes.phrases.txt"
L 05/26/2017 - 14:18:59: [SM] Error (line 0, column 0): Stream failed to open
L 05/26/2017 - 15:19:09: Error log file session closed.
L 05/26/2017 - 15:19:09: SourceMod error session started
L 05/26/2017 - 15:19:09: Info (map "pb_z_industry_m") (file "errors_20170526.log")
L 05/26/2017 - 15:19:09: [SM] Fatal error encountered parsing translation file "savescores.phrases.txt"
L 05/26/2017 - 15:19:09: [SM] Error (line 0, column 0): Stream failed to open
L 05/26/2017 - 15:19:09: [SM] Fatal error encountered parsing translation file "customvotes.phrases.txt"
L 05/26/2017 - 15:19:09: [SM] Error (line 0, column 0): Stream failed to open
L 05/26/2017 - 16:19:20: Error log file session closed.
L 05/26/2017 - 16:19:20: SourceMod error session started
L 05/26/2017 - 16:19:20: Info (map "pb_z_earthquake_m") (file "errors_20170526.log")
L 05/26/2017 - 16:19:20: [SM] Fatal error encountered parsing translation file "savescores.phrases.txt"
L 05/26/2017 - 16:19:20: [SM] Error (line 0, column 0): Stream failed to open
L 05/26/2017 - 16:19:20: [SM] Fatal error encountered parsing translation file "customvotes.phrases.txt"
L 05/26/2017 - 16:19:20: [SM] Error (line 0, column 0): Stream failed to open
L 05/26/2017 - 16:57:11: [SM] Exception reported: Entity 1 (1) is invalid
L 05/26/2017 - 16:57:11: [SM] Blaming: autodifficultypatch.smx
L 05/26/2017 - 16:57:11: [SM] Call stack trace:
L 05/26/2017 - 16:57:11: [SM]   [0] GetEntPropString
L 05/26/2017 - 16:57:11: [SM]   [1] Line 1420, C:\Users\Ethorbit\Desktop\sourcemod\scripting\autodifficultypatch.sp::FindEntityByTargetName
L 05/26/2017 - 16:57:11: [SM]   [2] Line 818, C:\Users\Ethorbit\Desktop\sourcemod\scripting\autodifficultypatch.sp::UpdateHeadcrab
L 05/26/2017 - 16:57:11: [SM]   [3] Line 26, C:\Users\Ethorbit\Desktop\sourcemod\scripting\autodifficultypatch.sp::OnClientDisconnect_Post
L 05/26/2017 - 17:19:31: Error log file session closed.
L 05/26/2017 - 17:19:32: SourceMod error session started
L 05/26/2017 - 17:19:32: Info (map "dm_coldruins_rc1_m") (file "errors_20170526.log")
L 05/26/2017 - 17:19:32: [SM] Fatal error encountered parsing translation file "savescores.phrases.txt"
L 05/26/2017 - 17:19:32: [SM] Error (line 0, column 0): Stream failed to open
L 05/26/2017 - 17:19:32: [SM] Fatal error encountered parsing translation file "customvotes.phrases.txt"
L 05/26/2017 - 17:19:32: [SM] Error (line 0, column 0): Stream failed to open
L 05/26/2017 - 18:19:44: Error log file session closed.
L 05/26/2017 - 18:19:44: SourceMod error session started
L 05/26/2017 - 18:19:44: Info (map "dm_montana_m") (file "errors_20170526.log")
L 05/26/2017 - 18:19:44: [SM] Fatal error encountered parsing translation file "savescores.phrases.txt"
L 05/26/2017 - 18:19:44: [SM] Error (line 0, column 0): Stream failed to open
L 05/26/2017 - 18:19:44: [SM] Fatal error encountered parsing translation file "customvotes.phrases.txt"
L 05/26/2017 - 18:19:44: [SM] Error (line 0, column 0): Stream failed to open
L 05/26/2017 - 19:19:54: Error log file session closed.
L 05/26/2017 - 19:19:54: SourceMod error session started
L 05/26/2017 - 19:19:54: Info (map "pb_z_office_tower_m") (file "errors_20170526.log")
L 05/26/2017 - 19:19:54: [SM] Fatal error encountered parsing translation file "savescores.phrases.txt"
L 05/26/2017 - 19:19:54: [SM] Error (line 0, column 0): Stream failed to open
L 05/26/2017 - 19:19:54: [SM] Fatal error encountered parsing translation file "customvotes.phrases.txt"
L 05/26/2017 - 19:19:54: [SM] Error (line 0, column 0): Stream failed to open
L 05/26/2017 - 20:20:05: Error log file session closed.
L 05/26/2017 - 20:20:05: SourceMod error session started
L 05/26/2017 - 20:20:05: Info (map "pb_z_high_school_m") (file "errors_20170526.log")
L 05/26/2017 - 20:20:05: [SM] Fatal error encountered parsing translation file "savescores.phrases.txt"
L 05/26/2017 - 20:20:05: [SM] Error (line 0, column 0): Stream failed to open
L 05/26/2017 - 20:20:05: [SM] Fatal error encountered parsing translation file "customvotes.phrases.txt"
L 05/26/2017 - 20:20:05: [SM] Error (line 0, column 0): Stream failed to open
L 05/26/2017 - 21:20:16: Error log file session closed.
L 05/26/2017 - 21:20:16: SourceMod error session started
L 05/26/2017 - 21:20:16: Info (map "pb_z_underground_m") (file "errors_20170526.log")
L 05/26/2017 - 21:20:16: [SM] Fatal error encountered parsing translation file "savescores.phrases.txt"
L 05/26/2017 - 21:20:16: [SM] Error (line 0, column 0): Stream failed to open
L 05/26/2017 - 21:20:16: [SM] Fatal error encountered parsing translation file "customvotes.phrases.txt"
L 05/26/2017 - 21:20:16: [SM] Error (line 0, column 0): Stream failed to open
L 05/26/2017 - 22:20:27: Error log file session closed.
L 05/26/2017 - 22:20:27: SourceMod error session started
L 05/26/2017 - 22:20:27: Info (map "pb_z_area51_m") (file "errors_20170526.log")
L 05/26/2017 - 22:20:27: [SM] Fatal error encountered parsing translation file "savescores.phrases.txt"
L 05/26/2017 - 22:20:27: [SM] Error (line 0, column 0): Stream failed to open
L 05/26/2017 - 22:20:27: [SM] Fatal error encountered parsing translation file "customvotes.phrases.txt"
L 05/26/2017 - 22:20:27: [SM] Error (line 0, column 0): Stream failed to open
L 05/26/2017 - 23:20:36: Error log file session closed.
L 05/26/2017 - 23:20:37: SourceMod error session started
L 05/26/2017 - 23:20:37: Info (map "pb_z_earthquake_m") (file "errors_20170526.log")
L 05/26/2017 - 23:20:37: [SM] Fatal error encountered parsing translation file "savescores.phrases.txt"
L 05/26/2017 - 23:20:37: [SM] Error (line 0, column 0): Stream failed to open
L 05/26/2017 - 23:20:37: [SM] Fatal error encountered parsing translation file "customvotes.phrases.txt"
L 05/26/2017 - 23:20:37: [SM] Error (line 0, column 0): Stream failed to open
