L 05/31/2017 - 00:03:52: SourceMod error session started
L 05/31/2017 - 00:03:52: Info (map "dm_central_station_v1_m") (file "errors_20170531.log")
L 05/31/2017 - 00:03:52: Error log file session closed.
L 05/31/2017 - 00:03:52: SourceMod error session started
L 05/31/2017 - 00:03:52: Info (map "dm_central_station_v1_m") (file "errors_20170531.log")
L 05/31/2017 - 00:03:52: [SM] Fatal error encountered parsing translation file "savescores.phrases.txt"
L 05/31/2017 - 00:03:52: [SM] Error (line 0, column 0): Stream failed to open
L 05/31/2017 - 00:03:52: [SM] Fatal error encountered parsing translation file "customvotes.phrases.txt"
L 05/31/2017 - 00:03:52: [SM] Error (line 0, column 0): Stream failed to open
L 05/31/2017 - 00:06:21: Error log file session closed.
L 05/31/2017 - 00:06:21: SourceMod error session started
L 05/31/2017 - 00:06:21: Info (map "dm_central_station_v1_m") (file "errors_20170531.log")
L 05/31/2017 - 00:06:21: [SM] Fatal error encountered parsing translation file "savescores.phrases.txt"
L 05/31/2017 - 00:06:21: [SM] Error (line 0, column 0): Stream failed to open
L 05/31/2017 - 00:06:21: [SM] Fatal error encountered parsing translation file "customvotes.phrases.txt"
L 05/31/2017 - 00:06:21: [SM] Error (line 0, column 0): Stream failed to open
L 05/31/2017 - 00:09:39: Error log file session closed.
L 05/31/2017 - 00:09:39: SourceMod error session started
L 05/31/2017 - 00:09:39: Info (map "dm_snowfall_m") (file "errors_20170531.log")
L 05/31/2017 - 00:09:39: [SM] Fatal error encountered parsing translation file "savescores.phrases.txt"
L 05/31/2017 - 00:09:39: [SM] Error (line 0, column 0): Stream failed to open
L 05/31/2017 - 00:09:39: [SM] Fatal error encountered parsing translation file "customvotes.phrases.txt"
L 05/31/2017 - 00:09:39: [SM] Error (line 0, column 0): Stream failed to open
L 05/31/2017 - 00:18:50: [SM] Exception reported: Entity 4 (4) is invalid
L 05/31/2017 - 00:18:50: [SM] Blaming: autodifficultypatch.smx
L 05/31/2017 - 00:18:50: [SM] Call stack trace:
L 05/31/2017 - 00:18:50: [SM]   [0] GetEntPropString
L 05/31/2017 - 00:18:50: [SM]   [1] Line 1421, C:\Users\EthorbitV2\Desktop\sourcemodbackup\sourcemod\addons\sourcemod\scripting\autodifficultypatch.sp::FindEntityByTargetName
L 05/31/2017 - 00:18:50: [SM]   [2] Line 117, C:\Users\EthorbitV2\Desktop\sourcemodbackup\sourcemod\addons\sourcemod\scripting\autodifficultypatch.sp::UpdateHeadcrab
L 05/31/2017 - 00:18:50: [SM]   [3] Line 26, C:\Users\EthorbitV2\Desktop\sourcemodbackup\sourcemod\addons\sourcemod\scripting\autodifficultypatch.sp::OnClientDisconnect_Post
L 05/31/2017 - 00:39:04: [SM] Exception reported: Entity 1 (1) is invalid
L 05/31/2017 - 00:39:04: [SM] Blaming: autodifficultypatch.smx
L 05/31/2017 - 00:39:04: [SM] Call stack trace:
L 05/31/2017 - 00:39:04: [SM]   [0] GetEntPropString
L 05/31/2017 - 00:39:04: [SM]   [1] Line 1421, C:\Users\EthorbitV2\Desktop\sourcemodbackup\sourcemod\addons\sourcemod\scripting\autodifficultypatch.sp::FindEntityByTargetName
L 05/31/2017 - 00:39:04: [SM]   [2] Line 109, C:\Users\EthorbitV2\Desktop\sourcemodbackup\sourcemod\addons\sourcemod\scripting\autodifficultypatch.sp::UpdateHeadcrab
L 05/31/2017 - 00:39:04: [SM]   [3] Line 26, C:\Users\EthorbitV2\Desktop\sourcemodbackup\sourcemod\addons\sourcemod\scripting\autodifficultypatch.sp::OnClientDisconnect_Post
L 05/31/2017 - 01:01:53: [SM] Exception reported: Entity 2 (2) is invalid
L 05/31/2017 - 01:01:53: [SM] Blaming: autodifficultypatch.smx
L 05/31/2017 - 01:01:53: [SM] Call stack trace:
L 05/31/2017 - 01:01:53: [SM]   [0] GetEntPropString
L 05/31/2017 - 01:01:53: [SM]   [1] Line 1421, C:\Users\EthorbitV2\Desktop\sourcemodbackup\sourcemod\addons\sourcemod\scripting\autodifficultypatch.sp::FindEntityByTargetName
L 05/31/2017 - 01:01:53: [SM]   [2] Line 109, C:\Users\EthorbitV2\Desktop\sourcemodbackup\sourcemod\addons\sourcemod\scripting\autodifficultypatch.sp::UpdateHeadcrab
L 05/31/2017 - 01:01:53: [SM]   [3] Line 26, C:\Users\EthorbitV2\Desktop\sourcemodbackup\sourcemod\addons\sourcemod\scripting\autodifficultypatch.sp::OnClientDisconnect_Post
L 05/31/2017 - 01:09:51: Error log file session closed.
L 05/31/2017 - 01:09:51: SourceMod error session started
L 05/31/2017 - 01:09:51: Info (map "dm_cave_m") (file "errors_20170531.log")
L 05/31/2017 - 01:09:51: [SM] Fatal error encountered parsing translation file "savescores.phrases.txt"
L 05/31/2017 - 01:09:51: [SM] Error (line 0, column 0): Stream failed to open
L 05/31/2017 - 01:09:51: [SM] Fatal error encountered parsing translation file "customvotes.phrases.txt"
L 05/31/2017 - 01:09:51: [SM] Error (line 0, column 0): Stream failed to open
L 05/31/2017 - 01:21:03: SourceMod error session started
L 05/31/2017 - 01:21:03: Info (map "pb_z_high_school_m") (file "errors_20170531.log")
L 05/31/2017 - 01:21:03: [SDKTOOLS] Invalid detour address passed - Disabling detour to prevent crashes
L 05/31/2017 - 01:21:03: [SM] Unable to load extension "soundlib.ext": error code 0000007e
L 05/31/2017 - 01:21:03: [SM] Unable to load extension "config.ext": error code 0000007e
L 05/31/2017 - 01:21:03: [SM] Fatal error encountered parsing translation file "customvotes.phrases.txt"
L 05/31/2017 - 01:21:03: [SM] Error (line 0, column 0): Stream failed to open
L 05/31/2017 - 01:21:03: [SM] Fatal error encountered parsing translation file "savescores.phrases.txt"
L 05/31/2017 - 01:21:03: [SM] Error (line 0, column 0): Stream failed to open
L 05/31/2017 - 01:21:03: [SM] Unable to load plugin "time-left-actions.smx": Required extension "Sound Info Library" file("soundlib.ext") not running
L 05/31/2017 - 02:17:57: [SM] Exception reported: Entity 1 (1) is invalid
L 05/31/2017 - 02:17:57: [SM] Blaming: autodifficultypatch.smx
L 05/31/2017 - 02:17:57: [SM] Call stack trace:
L 05/31/2017 - 02:17:57: [SM]   [0] GetEntPropString
L 05/31/2017 - 02:17:57: [SM]   [1] Line 1421, C:\Users\EthorbitV2\Desktop\sourcemodbackup\sourcemod\addons\sourcemod\scripting\autodifficultypatch.sp::FindEntityByTargetName
L 05/31/2017 - 02:17:57: [SM]   [2] Line 1195, C:\Users\EthorbitV2\Desktop\sourcemodbackup\sourcemod\addons\sourcemod\scripting\autodifficultypatch.sp::UpdateHeadcrab
L 05/31/2017 - 02:17:57: [SM]   [3] Line 26, C:\Users\EthorbitV2\Desktop\sourcemodbackup\sourcemod\addons\sourcemod\scripting\autodifficultypatch.sp::OnClientDisconnect_Post
L 05/31/2017 - 02:25:34: [SM] Exception reported: Entity 1 (1) is invalid
L 05/31/2017 - 02:25:34: [SM] Blaming: autodifficultypatch.smx
L 05/31/2017 - 02:25:34: [SM] Call stack trace:
L 05/31/2017 - 02:25:34: [SM]   [0] GetEntPropString
L 05/31/2017 - 02:25:34: [SM]   [1] Line 1421, C:\Users\EthorbitV2\Desktop\sourcemodbackup\sourcemod\addons\sourcemod\scripting\autodifficultypatch.sp::FindEntityByTargetName
L 05/31/2017 - 02:25:34: [SM]   [2] Line 1195, C:\Users\EthorbitV2\Desktop\sourcemodbackup\sourcemod\addons\sourcemod\scripting\autodifficultypatch.sp::UpdateHeadcrab
L 05/31/2017 - 02:25:34: [SM]   [3] Line 26, C:\Users\EthorbitV2\Desktop\sourcemodbackup\sourcemod\addons\sourcemod\scripting\autodifficultypatch.sp::OnClientDisconnect_Post
L 05/31/2017 - 02:43:18: [SM] Exception reported: Entity 2 (2) is invalid
L 05/31/2017 - 02:43:18: [SM] Blaming: autodifficultypatch.smx
L 05/31/2017 - 02:43:18: [SM] Call stack trace:
L 05/31/2017 - 02:43:18: [SM]   [0] GetEntPropString
L 05/31/2017 - 02:43:18: [SM]   [1] Line 1421, C:\Users\EthorbitV2\Desktop\sourcemodbackup\sourcemod\addons\sourcemod\scripting\autodifficultypatch.sp::FindEntityByTargetName
L 05/31/2017 - 02:43:18: [SM]   [2] Line 1203, C:\Users\EthorbitV2\Desktop\sourcemodbackup\sourcemod\addons\sourcemod\scripting\autodifficultypatch.sp::UpdateHeadcrab
L 05/31/2017 - 02:43:18: [SM]   [3] Line 26, C:\Users\EthorbitV2\Desktop\sourcemodbackup\sourcemod\addons\sourcemod\scripting\autodifficultypatch.sp::OnClientDisconnect_Post
L 05/31/2017 - 03:02:54: [SM] Exception reported: Entity 1 (1) is invalid
L 05/31/2017 - 03:02:54: [SM] Blaming: autodifficultypatch.smx
L 05/31/2017 - 03:02:54: [SM] Call stack trace:
L 05/31/2017 - 03:02:54: [SM]   [0] GetEntPropString
L 05/31/2017 - 03:02:54: [SM]   [1] Line 1421, C:\Users\EthorbitV2\Desktop\sourcemodbackup\sourcemod\addons\sourcemod\scripting\autodifficultypatch.sp::FindEntityByTargetName
L 05/31/2017 - 03:02:54: [SM]   [2] Line 1195, C:\Users\EthorbitV2\Desktop\sourcemodbackup\sourcemod\addons\sourcemod\scripting\autodifficultypatch.sp::UpdateHeadcrab
L 05/31/2017 - 03:02:54: [SM]   [3] Line 26, C:\Users\EthorbitV2\Desktop\sourcemodbackup\sourcemod\addons\sourcemod\scripting\autodifficultypatch.sp::OnClientDisconnect_Post
L 05/31/2017 - 03:17:11: Error log file session closed.
L 05/31/2017 - 03:17:11: SourceMod error session started
L 05/31/2017 - 03:17:11: Info (map "dm_october_m") (file "errors_20170531.log")
L 05/31/2017 - 03:17:11: [SM] Fatal error encountered parsing translation file "customvotes.phrases.txt"
L 05/31/2017 - 03:17:11: [SM] Error (line 0, column 0): Stream failed to open
L 05/31/2017 - 03:17:11: [SM] Fatal error encountered parsing translation file "savescores.phrases.txt"
L 05/31/2017 - 03:17:11: [SM] Error (line 0, column 0): Stream failed to open
L 05/31/2017 - 04:17:23: Error log file session closed.
L 05/31/2017 - 04:17:23: SourceMod error session started
L 05/31/2017 - 04:17:23: Info (map "dm_mine_entrance_m") (file "errors_20170531.log")
L 05/31/2017 - 04:17:23: [SM] Fatal error encountered parsing translation file "customvotes.phrases.txt"
L 05/31/2017 - 04:17:23: [SM] Error (line 0, column 0): Stream failed to open
L 05/31/2017 - 04:17:23: [SM] Fatal error encountered parsing translation file "savescores.phrases.txt"
L 05/31/2017 - 04:17:23: [SM] Error (line 0, column 0): Stream failed to open
L 05/31/2017 - 04:20:32: [SM] Exception reported: Entity 2 (2) is invalid
L 05/31/2017 - 04:20:32: [SM] Blaming: autodifficultypatch.smx
L 05/31/2017 - 04:20:32: [SM] Call stack trace:
L 05/31/2017 - 04:20:32: [SM]   [0] GetEntPropString
L 05/31/2017 - 04:20:32: [SM]   [1] Line 1421, C:\Users\EthorbitV2\Desktop\sourcemodbackup\sourcemod\addons\sourcemod\scripting\autodifficultypatch.sp::FindEntityByTargetName
L 05/31/2017 - 04:20:32: [SM]   [2] Line 1044, C:\Users\EthorbitV2\Desktop\sourcemodbackup\sourcemod\addons\sourcemod\scripting\autodifficultypatch.sp::UpdateHeadcrab
L 05/31/2017 - 04:20:32: [SM]   [3] Line 26, C:\Users\EthorbitV2\Desktop\sourcemodbackup\sourcemod\addons\sourcemod\scripting\autodifficultypatch.sp::OnClientDisconnect_Post
L 05/31/2017 - 04:47:46: [SM] Exception reported: Entity 1 (1) is invalid
L 05/31/2017 - 04:47:46: [SM] Blaming: autodifficultypatch.smx
L 05/31/2017 - 04:47:46: [SM] Call stack trace:
L 05/31/2017 - 04:47:46: [SM]   [0] GetEntPropString
L 05/31/2017 - 04:47:46: [SM]   [1] Line 1421, C:\Users\EthorbitV2\Desktop\sourcemodbackup\sourcemod\addons\sourcemod\scripting\autodifficultypatch.sp::FindEntityByTargetName
L 05/31/2017 - 04:47:46: [SM]   [2] Line 1044, C:\Users\EthorbitV2\Desktop\sourcemodbackup\sourcemod\addons\sourcemod\scripting\autodifficultypatch.sp::UpdateHeadcrab
L 05/31/2017 - 04:47:46: [SM]   [3] Line 26, C:\Users\EthorbitV2\Desktop\sourcemodbackup\sourcemod\addons\sourcemod\scripting\autodifficultypatch.sp::OnClientDisconnect_Post
L 05/31/2017 - 04:47:49: Error log file session closed.
L 05/31/2017 - 04:47:49: SourceMod error session started
L 05/31/2017 - 04:47:49: Info (map "dm_coldruins_rc1_m") (file "errors_20170531.log")
L 05/31/2017 - 04:47:49: [SM] Fatal error encountered parsing translation file "customvotes.phrases.txt"
L 05/31/2017 - 04:47:49: [SM] Error (line 0, column 0): Stream failed to open
L 05/31/2017 - 04:47:49: [SM] Fatal error encountered parsing translation file "savescores.phrases.txt"
L 05/31/2017 - 04:47:49: [SM] Error (line 0, column 0): Stream failed to open
L 05/31/2017 - 05:04:35: [SM] Exception reported: Entity 1 (1) is invalid
L 05/31/2017 - 05:04:35: [SM] Blaming: autodifficultypatch.smx
L 05/31/2017 - 05:04:35: [SM] Call stack trace:
L 05/31/2017 - 05:04:35: [SM]   [0] GetEntPropString
L 05/31/2017 - 05:04:35: [SM]   [1] Line 1421, C:\Users\EthorbitV2\Desktop\sourcemodbackup\sourcemod\addons\sourcemod\scripting\autodifficultypatch.sp::FindEntityByTargetName
L 05/31/2017 - 05:04:35: [SM]   [2] Line 669, C:\Users\EthorbitV2\Desktop\sourcemodbackup\sourcemod\addons\sourcemod\scripting\autodifficultypatch.sp::UpdateHeadcrab
L 05/31/2017 - 05:04:35: [SM]   [3] Line 26, C:\Users\EthorbitV2\Desktop\sourcemodbackup\sourcemod\addons\sourcemod\scripting\autodifficultypatch.sp::OnClientDisconnect_Post
L 05/31/2017 - 05:36:08: [SM] Exception reported: Entity 3 (3) is invalid
L 05/31/2017 - 05:36:08: [SM] Blaming: autodifficultypatch.smx
L 05/31/2017 - 05:36:08: [SM] Call stack trace:
L 05/31/2017 - 05:36:08: [SM]   [0] GetEntPropString
L 05/31/2017 - 05:36:08: [SM]   [1] Line 1421, C:\Users\EthorbitV2\Desktop\sourcemodbackup\sourcemod\addons\sourcemod\scripting\autodifficultypatch.sp::FindEntityByTargetName
L 05/31/2017 - 05:36:08: [SM]   [2] Line 685, C:\Users\EthorbitV2\Desktop\sourcemodbackup\sourcemod\addons\sourcemod\scripting\autodifficultypatch.sp::UpdateHeadcrab
L 05/31/2017 - 05:36:08: [SM]   [3] Line 26, C:\Users\EthorbitV2\Desktop\sourcemodbackup\sourcemod\addons\sourcemod\scripting\autodifficultypatch.sp::OnClientDisconnect_Post
L 05/31/2017 - 05:40:41: [SM] Exception reported: Entity 1 (1) is invalid
L 05/31/2017 - 05:40:41: [SM] Blaming: autodifficultypatch.smx
L 05/31/2017 - 05:40:41: [SM] Call stack trace:
L 05/31/2017 - 05:40:41: [SM]   [0] GetEntPropString
L 05/31/2017 - 05:40:41: [SM]   [1] Line 1421, C:\Users\EthorbitV2\Desktop\sourcemodbackup\sourcemod\addons\sourcemod\scripting\autodifficultypatch.sp::FindEntityByTargetName
L 05/31/2017 - 05:40:41: [SM]   [2] Line 677, C:\Users\EthorbitV2\Desktop\sourcemodbackup\sourcemod\addons\sourcemod\scripting\autodifficultypatch.sp::UpdateHeadcrab
L 05/31/2017 - 05:40:41: [SM]   [3] Line 26, C:\Users\EthorbitV2\Desktop\sourcemodbackup\sourcemod\addons\sourcemod\scripting\autodifficultypatch.sp::OnClientDisconnect_Post
L 05/31/2017 - 05:47:59: [SM] Exception reported: Entity 1 (1) is invalid
L 05/31/2017 - 05:47:59: [SM] Blaming: autodifficultypatch.smx
L 05/31/2017 - 05:47:59: [SM] Call stack trace:
L 05/31/2017 - 05:47:59: [SM]   [0] GetEntPropString
L 05/31/2017 - 05:47:59: [SM]   [1] Line 1421, C:\Users\EthorbitV2\Desktop\sourcemodbackup\sourcemod\addons\sourcemod\scripting\autodifficultypatch.sp::FindEntityByTargetName
L 05/31/2017 - 05:47:59: [SM]   [2] Line 677, C:\Users\EthorbitV2\Desktop\sourcemodbackup\sourcemod\addons\sourcemod\scripting\autodifficultypatch.sp::UpdateHeadcrab
L 05/31/2017 - 05:47:59: [SM]   [3] Line 26, C:\Users\EthorbitV2\Desktop\sourcemodbackup\sourcemod\addons\sourcemod\scripting\autodifficultypatch.sp::OnClientDisconnect_Post
L 05/31/2017 - 05:47:59: [SM] Exception reported: Entity 2 (2) is invalid
L 05/31/2017 - 05:47:59: [SM] Blaming: autodifficultypatch.smx
L 05/31/2017 - 05:47:59: [SM] Call stack trace:
L 05/31/2017 - 05:47:59: [SM]   [0] GetEntPropString
L 05/31/2017 - 05:47:59: [SM]   [1] Line 1421, C:\Users\EthorbitV2\Desktop\sourcemodbackup\sourcemod\addons\sourcemod\scripting\autodifficultypatch.sp::FindEntityByTargetName
L 05/31/2017 - 05:47:59: [SM]   [2] Line 669, C:\Users\EthorbitV2\Desktop\sourcemodbackup\sourcemod\addons\sourcemod\scripting\autodifficultypatch.sp::UpdateHeadcrab
L 05/31/2017 - 05:47:59: [SM]   [3] Line 26, C:\Users\EthorbitV2\Desktop\sourcemodbackup\sourcemod\addons\sourcemod\scripting\autodifficultypatch.sp::OnClientDisconnect_Post
L 05/31/2017 - 05:48:02: Error log file session closed.
L 05/31/2017 - 05:48:05: SourceMod error session started
L 05/31/2017 - 05:48:05: Info (map "pb_z_underground_m") (file "errors_20170531.log")
L 05/31/2017 - 05:48:05: [SM] Fatal error encountered parsing translation file "customvotes.phrases.txt"
L 05/31/2017 - 05:48:05: [SM] Error (line 0, column 0): Stream failed to open
L 05/31/2017 - 05:48:07: [SM] Fatal error encountered parsing translation file "savescores.phrases.txt"
L 05/31/2017 - 05:48:07: [SM] Error (line 0, column 0): Stream failed to open
L 05/31/2017 - 06:07:34: [SM] Exception reported: Entity 3 (3) is invalid
L 05/31/2017 - 06:07:34: [SM] Blaming: autodifficultypatch.smx
L 05/31/2017 - 06:07:34: [SM] Call stack trace:
L 05/31/2017 - 06:07:34: [SM]   [0] GetEntPropString
L 05/31/2017 - 06:07:34: [SM]   [1] Line 1421, C:\Users\EthorbitV2\Desktop\sourcemodbackup\sourcemod\addons\sourcemod\scripting\autodifficultypatch.sp::FindEntityByTargetName
L 05/31/2017 - 06:07:34: [SM]   [2] Line 535, C:\Users\EthorbitV2\Desktop\sourcemodbackup\sourcemod\addons\sourcemod\scripting\autodifficultypatch.sp::UpdateHeadcrab
L 05/31/2017 - 06:07:34: [SM]   [3] Line 26, C:\Users\EthorbitV2\Desktop\sourcemodbackup\sourcemod\addons\sourcemod\scripting\autodifficultypatch.sp::OnClientDisconnect_Post
L 05/31/2017 - 06:19:55: [SM] Exception reported: Entity 1 (1) is invalid
L 05/31/2017 - 06:19:55: [SM] Blaming: autodifficultypatch.smx
L 05/31/2017 - 06:19:55: [SM] Call stack trace:
L 05/31/2017 - 06:19:55: [SM]   [0] GetEntPropString
L 05/31/2017 - 06:19:55: [SM]   [1] Line 1421, C:\Users\EthorbitV2\Desktop\sourcemodbackup\sourcemod\addons\sourcemod\scripting\autodifficultypatch.sp::FindEntityByTargetName
L 05/31/2017 - 06:19:55: [SM]   [2] Line 527, C:\Users\EthorbitV2\Desktop\sourcemodbackup\sourcemod\addons\sourcemod\scripting\autodifficultypatch.sp::UpdateHeadcrab
L 05/31/2017 - 06:19:55: [SM]   [3] Line 26, C:\Users\EthorbitV2\Desktop\sourcemodbackup\sourcemod\addons\sourcemod\scripting\autodifficultypatch.sp::OnClientDisconnect_Post
L 05/31/2017 - 06:20:02: [SM] Exception reported: Entity 2 (2) is invalid
L 05/31/2017 - 06:20:02: [SM] Blaming: autodifficultypatch.smx
L 05/31/2017 - 06:20:02: [SM] Call stack trace:
L 05/31/2017 - 06:20:02: [SM]   [0] GetEntPropString
L 05/31/2017 - 06:20:02: [SM]   [1] Line 1421, C:\Users\EthorbitV2\Desktop\sourcemodbackup\sourcemod\addons\sourcemod\scripting\autodifficultypatch.sp::FindEntityByTargetName
L 05/31/2017 - 06:20:02: [SM]   [2] Line 519, C:\Users\EthorbitV2\Desktop\sourcemodbackup\sourcemod\addons\sourcemod\scripting\autodifficultypatch.sp::UpdateHeadcrab
L 05/31/2017 - 06:20:02: [SM]   [3] Line 26, C:\Users\EthorbitV2\Desktop\sourcemodbackup\sourcemod\addons\sourcemod\scripting\autodifficultypatch.sp::OnClientDisconnect_Post
L 05/31/2017 - 06:48:21: Error log file session closed.
L 05/31/2017 - 06:48:27: SourceMod error session started
L 05/31/2017 - 06:48:27: Info (map "dm_morbid_m") (file "errors_20170531.log")
L 05/31/2017 - 06:48:27: [SM] Fatal error encountered parsing translation file "customvotes.phrases.txt"
L 05/31/2017 - 06:48:27: [SM] Error (line 0, column 0): Stream failed to open
L 05/31/2017 - 06:48:30: [SM] Fatal error encountered parsing translation file "savescores.phrases.txt"
L 05/31/2017 - 06:48:30: [SM] Error (line 0, column 0): Stream failed to open
L 05/31/2017 - 07:40:27: [SM] Exception reported: Entity 1 (1) is invalid
L 05/31/2017 - 07:40:27: [SM] Blaming: autodifficultypatch.smx
L 05/31/2017 - 07:40:27: [SM] Call stack trace:
L 05/31/2017 - 07:40:27: [SM]   [0] GetEntPropString
L 05/31/2017 - 07:40:27: [SM]   [1] Line 1421, C:\Users\EthorbitV2\Desktop\sourcemodbackup\sourcemod\addons\sourcemod\scripting\autodifficultypatch.sp::FindEntityByTargetName
L 05/31/2017 - 07:40:27: [SM]   [2] Line 1346, C:\Users\EthorbitV2\Desktop\sourcemodbackup\sourcemod\addons\sourcemod\scripting\autodifficultypatch.sp::UpdateHeadcrab
L 05/31/2017 - 07:40:27: [SM]   [3] Line 26, C:\Users\EthorbitV2\Desktop\sourcemodbackup\sourcemod\addons\sourcemod\scripting\autodifficultypatch.sp::OnClientDisconnect_Post
L 05/31/2017 - 07:48:44: Error log file session closed.
L 05/31/2017 - 07:48:44: SourceMod error session started
L 05/31/2017 - 07:48:44: Info (map "dm_hellsdistrict_m") (file "errors_20170531.log")
L 05/31/2017 - 07:48:44: [SM] Fatal error encountered parsing translation file "customvotes.phrases.txt"
L 05/31/2017 - 07:48:44: [SM] Error (line 0, column 0): Stream failed to open
L 05/31/2017 - 07:48:44: [SM] Fatal error encountered parsing translation file "savescores.phrases.txt"
L 05/31/2017 - 07:48:44: [SM] Error (line 0, column 0): Stream failed to open
L 05/31/2017 - 07:58:21: Error log file session closed.
L 05/31/2017 - 07:58:21: SourceMod error session started
L 05/31/2017 - 07:58:21: Info (map "pb_z_high_school_m") (file "errors_20170531.log")
L 05/31/2017 - 07:58:21: [SM] Fatal error encountered parsing translation file "customvotes.phrases.txt"
L 05/31/2017 - 07:58:21: [SM] Error (line 0, column 0): Stream failed to open
L 05/31/2017 - 07:58:21: [SM] Fatal error encountered parsing translation file "savescores.phrases.txt"
L 05/31/2017 - 07:58:21: [SM] Error (line 0, column 0): Stream failed to open
L 05/31/2017 - 08:19:11: [SM] Exception reported: Entity 1 (1) is invalid
L 05/31/2017 - 08:19:11: [SM] Blaming: autodifficultypatch.smx
L 05/31/2017 - 08:19:11: [SM] Call stack trace:
L 05/31/2017 - 08:19:11: [SM]   [0] GetEntPropString
L 05/31/2017 - 08:19:11: [SM]   [1] Line 1421, C:\Users\EthorbitV2\Desktop\sourcemodbackup\sourcemod\addons\sourcemod\scripting\autodifficultypatch.sp::FindEntityByTargetName
L 05/31/2017 - 08:19:11: [SM]   [2] Line 1195, C:\Users\EthorbitV2\Desktop\sourcemodbackup\sourcemod\addons\sourcemod\scripting\autodifficultypatch.sp::UpdateHeadcrab
L 05/31/2017 - 08:19:11: [SM]   [3] Line 26, C:\Users\EthorbitV2\Desktop\sourcemodbackup\sourcemod\addons\sourcemod\scripting\autodifficultypatch.sp::OnClientDisconnect_Post
L 05/31/2017 - 08:58:32: Error log file session closed.
L 05/31/2017 - 08:58:32: SourceMod error session started
L 05/31/2017 - 08:58:32: Info (map "dm_october_m") (file "errors_20170531.log")
L 05/31/2017 - 08:58:32: [SM] Fatal error encountered parsing translation file "customvotes.phrases.txt"
L 05/31/2017 - 08:58:32: [SM] Error (line 0, column 0): Stream failed to open
L 05/31/2017 - 08:58:32: [SM] Fatal error encountered parsing translation file "savescores.phrases.txt"
L 05/31/2017 - 08:58:32: [SM] Error (line 0, column 0): Stream failed to open
L 05/31/2017 - 09:58:47: Error log file session closed.
L 05/31/2017 - 09:58:47: SourceMod error session started
L 05/31/2017 - 09:58:47: Info (map "pb_z_colony_m") (file "errors_20170531.log")
L 05/31/2017 - 09:58:47: [SM] Fatal error encountered parsing translation file "customvotes.phrases.txt"
L 05/31/2017 - 09:58:47: [SM] Error (line 0, column 0): Stream failed to open
L 05/31/2017 - 09:58:47: [SM] Fatal error encountered parsing translation file "savescores.phrases.txt"
L 05/31/2017 - 09:58:47: [SM] Error (line 0, column 0): Stream failed to open
L 05/31/2017 - 10:06:30: [SM] Exception reported: Entity 1 (1) is invalid
L 05/31/2017 - 10:06:30: [SM] Blaming: autodifficultypatch.smx
L 05/31/2017 - 10:06:30: [SM] Call stack trace:
L 05/31/2017 - 10:06:30: [SM]   [0] GetEntPropString
L 05/31/2017 - 10:06:30: [SM]   [1] Line 1421, C:\Users\EthorbitV2\Desktop\sourcemodbackup\sourcemod\addons\sourcemod\scripting\autodifficultypatch.sp::FindEntityByTargetName
L 05/31/2017 - 10:06:30: [SM]   [2] Line 377, C:\Users\EthorbitV2\Desktop\sourcemodbackup\sourcemod\addons\sourcemod\scripting\autodifficultypatch.sp::UpdateHeadcrab
L 05/31/2017 - 10:06:30: [SM]   [3] Line 26, C:\Users\EthorbitV2\Desktop\sourcemodbackup\sourcemod\addons\sourcemod\scripting\autodifficultypatch.sp::OnClientDisconnect_Post
L 05/31/2017 - 10:16:08: [SM] Exception reported: Entity 3 (3) is invalid
L 05/31/2017 - 10:16:08: [SM] Blaming: autodifficultypatch.smx
L 05/31/2017 - 10:16:08: [SM] Call stack trace:
L 05/31/2017 - 10:16:08: [SM]   [0] GetEntPropString
L 05/31/2017 - 10:16:08: [SM]   [1] Line 1421, C:\Users\EthorbitV2\Desktop\sourcemodbackup\sourcemod\addons\sourcemod\scripting\autodifficultypatch.sp::FindEntityByTargetName
L 05/31/2017 - 10:16:08: [SM]   [2] Line 385, C:\Users\EthorbitV2\Desktop\sourcemodbackup\sourcemod\addons\sourcemod\scripting\autodifficultypatch.sp::UpdateHeadcrab
L 05/31/2017 - 10:16:08: [SM]   [3] Line 26, C:\Users\EthorbitV2\Desktop\sourcemodbackup\sourcemod\addons\sourcemod\scripting\autodifficultypatch.sp::OnClientDisconnect_Post
L 05/31/2017 - 10:57:25: [SM] Exception reported: Entity 4 (4) is invalid
L 05/31/2017 - 10:57:25: [SM] Blaming: autodifficultypatch.smx
L 05/31/2017 - 10:57:25: [SM] Call stack trace:
L 05/31/2017 - 10:57:25: [SM]   [0] GetEntPropString
L 05/31/2017 - 10:57:25: [SM]   [1] Line 1421, C:\Users\EthorbitV2\Desktop\sourcemodbackup\sourcemod\addons\sourcemod\scripting\autodifficultypatch.sp::FindEntityByTargetName
L 05/31/2017 - 10:57:25: [SM]   [2] Line 401, C:\Users\EthorbitV2\Desktop\sourcemodbackup\sourcemod\addons\sourcemod\scripting\autodifficultypatch.sp::UpdateHeadcrab
L 05/31/2017 - 10:57:25: [SM]   [3] Line 26, C:\Users\EthorbitV2\Desktop\sourcemodbackup\sourcemod\addons\sourcemod\scripting\autodifficultypatch.sp::OnClientDisconnect_Post
L 05/31/2017 - 10:57:29: [SM] Exception reported: Entity 5 (5) is invalid
L 05/31/2017 - 10:57:29: [SM] Blaming: autodifficultypatch.smx
L 05/31/2017 - 10:57:29: [SM] Call stack trace:
L 05/31/2017 - 10:57:29: [SM]   [0] GetEntPropString
L 05/31/2017 - 10:57:29: [SM]   [1] Line 1421, C:\Users\EthorbitV2\Desktop\sourcemodbackup\sourcemod\addons\sourcemod\scripting\autodifficultypatch.sp::FindEntityByTargetName
L 05/31/2017 - 10:57:29: [SM]   [2] Line 393, C:\Users\EthorbitV2\Desktop\sourcemodbackup\sourcemod\addons\sourcemod\scripting\autodifficultypatch.sp::UpdateHeadcrab
L 05/31/2017 - 10:57:29: [SM]   [3] Line 26, C:\Users\EthorbitV2\Desktop\sourcemodbackup\sourcemod\addons\sourcemod\scripting\autodifficultypatch.sp::OnClientDisconnect_Post
L 05/31/2017 - 10:58:57: [SM] Exception reported: Entity 1 (1) is invalid
L 05/31/2017 - 10:58:57: [SM] Blaming: autodifficultypatch.smx
L 05/31/2017 - 10:58:57: [SM] Call stack trace:
L 05/31/2017 - 10:58:57: [SM]   [0] GetEntPropString
L 05/31/2017 - 10:58:57: [SM]   [1] Line 1421, C:\Users\EthorbitV2\Desktop\sourcemodbackup\sourcemod\addons\sourcemod\scripting\autodifficultypatch.sp::FindEntityByTargetName
L 05/31/2017 - 10:58:57: [SM]   [2] Line 401, C:\Users\EthorbitV2\Desktop\sourcemodbackup\sourcemod\addons\sourcemod\scripting\autodifficultypatch.sp::UpdateHeadcrab
L 05/31/2017 - 10:58:57: [SM]   [3] Line 26, C:\Users\EthorbitV2\Desktop\sourcemodbackup\sourcemod\addons\sourcemod\scripting\autodifficultypatch.sp::OnClientDisconnect_Post
L 05/31/2017 - 10:58:57: [SM] Exception reported: Entity 2 (2) is invalid
L 05/31/2017 - 10:58:57: [SM] Blaming: autodifficultypatch.smx
L 05/31/2017 - 10:58:57: [SM] Call stack trace:
L 05/31/2017 - 10:58:57: [SM]   [0] GetEntPropString
L 05/31/2017 - 10:58:57: [SM]   [1] Line 1421, C:\Users\EthorbitV2\Desktop\sourcemodbackup\sourcemod\addons\sourcemod\scripting\autodifficultypatch.sp::FindEntityByTargetName
L 05/31/2017 - 10:58:57: [SM]   [2] Line 393, C:\Users\EthorbitV2\Desktop\sourcemodbackup\sourcemod\addons\sourcemod\scripting\autodifficultypatch.sp::UpdateHeadcrab
L 05/31/2017 - 10:58:57: [SM]   [3] Line 26, C:\Users\EthorbitV2\Desktop\sourcemodbackup\sourcemod\addons\sourcemod\scripting\autodifficultypatch.sp::OnClientDisconnect_Post
L 05/31/2017 - 10:58:57: [SM] Exception reported: Entity 3 (3) is invalid
L 05/31/2017 - 10:58:57: [SM] Blaming: autodifficultypatch.smx
L 05/31/2017 - 10:58:57: [SM] Call stack trace:
L 05/31/2017 - 10:58:57: [SM]   [0] GetEntPropString
L 05/31/2017 - 10:58:57: [SM]   [1] Line 1421, C:\Users\EthorbitV2\Desktop\sourcemodbackup\sourcemod\addons\sourcemod\scripting\autodifficultypatch.sp::FindEntityByTargetName
L 05/31/2017 - 10:58:57: [SM]   [2] Line 385, C:\Users\EthorbitV2\Desktop\sourcemodbackup\sourcemod\addons\sourcemod\scripting\autodifficultypatch.sp::UpdateHeadcrab
L 05/31/2017 - 10:58:57: [SM]   [3] Line 26, C:\Users\EthorbitV2\Desktop\sourcemodbackup\sourcemod\addons\sourcemod\scripting\autodifficultypatch.sp::OnClientDisconnect_Post
L 05/31/2017 - 10:58:57: [SM] Exception reported: Entity 4 (4) is invalid
L 05/31/2017 - 10:58:57: [SM] Blaming: autodifficultypatch.smx
L 05/31/2017 - 10:58:57: [SM] Call stack trace:
L 05/31/2017 - 10:58:57: [SM]   [0] GetEntPropString
L 05/31/2017 - 10:58:57: [SM]   [1] Line 1421, C:\Users\EthorbitV2\Desktop\sourcemodbackup\sourcemod\addons\sourcemod\scripting\autodifficultypatch.sp::FindEntityByTargetName
L 05/31/2017 - 10:58:57: [SM]   [2] Line 377, C:\Users\EthorbitV2\Desktop\sourcemodbackup\sourcemod\addons\sourcemod\scripting\autodifficultypatch.sp::UpdateHeadcrab
L 05/31/2017 - 10:58:57: [SM]   [3] Line 26, C:\Users\EthorbitV2\Desktop\sourcemodbackup\sourcemod\addons\sourcemod\scripting\autodifficultypatch.sp::OnClientDisconnect_Post
L 05/31/2017 - 10:58:59: Error log file session closed.
L 05/31/2017 - 10:58:59: SourceMod error session started
L 05/31/2017 - 10:58:59: Info (map "dm_snowfall_m") (file "errors_20170531.log")
L 05/31/2017 - 10:58:59: [SM] Fatal error encountered parsing translation file "customvotes.phrases.txt"
L 05/31/2017 - 10:58:59: [SM] Error (line 0, column 0): Stream failed to open
L 05/31/2017 - 10:58:59: [SM] Fatal error encountered parsing translation file "savescores.phrases.txt"
L 05/31/2017 - 10:58:59: [SM] Error (line 0, column 0): Stream failed to open
L 05/31/2017 - 11:00:15: [SM] Exception reported: Entity 3 (3) is invalid
L 05/31/2017 - 11:00:15: [SM] Blaming: autodifficultypatch.smx
L 05/31/2017 - 11:00:15: [SM] Call stack trace:
L 05/31/2017 - 11:00:15: [SM]   [0] GetEntPropString
L 05/31/2017 - 11:00:15: [SM]   [1] Line 1421, C:\Users\EthorbitV2\Desktop\sourcemodbackup\sourcemod\addons\sourcemod\scripting\autodifficultypatch.sp::FindEntityByTargetName
L 05/31/2017 - 11:00:15: [SM]   [2] Line 133, C:\Users\EthorbitV2\Desktop\sourcemodbackup\sourcemod\addons\sourcemod\scripting\autodifficultypatch.sp::UpdateHeadcrab
L 05/31/2017 - 11:00:15: [SM]   [3] Line 26, C:\Users\EthorbitV2\Desktop\sourcemodbackup\sourcemod\addons\sourcemod\scripting\autodifficultypatch.sp::OnClientDisconnect_Post
L 05/31/2017 - 11:04:30: [SM] Exception reported: Entity 1 (1) is invalid
L 05/31/2017 - 11:04:30: [SM] Blaming: autodifficultypatch.smx
L 05/31/2017 - 11:04:30: [SM] Call stack trace:
L 05/31/2017 - 11:04:30: [SM]   [0] GetEntPropString
L 05/31/2017 - 11:04:30: [SM]   [1] Line 1421, C:\Users\EthorbitV2\Desktop\sourcemodbackup\sourcemod\addons\sourcemod\scripting\autodifficultypatch.sp::FindEntityByTargetName
L 05/31/2017 - 11:04:30: [SM]   [2] Line 125, C:\Users\EthorbitV2\Desktop\sourcemodbackup\sourcemod\addons\sourcemod\scripting\autodifficultypatch.sp::UpdateHeadcrab
L 05/31/2017 - 11:04:30: [SM]   [3] Line 26, C:\Users\EthorbitV2\Desktop\sourcemodbackup\sourcemod\addons\sourcemod\scripting\autodifficultypatch.sp::OnClientDisconnect_Post
L 05/31/2017 - 11:19:23: [SM] Exception reported: Entity 2 (2) is invalid
L 05/31/2017 - 11:19:23: [SM] Blaming: autodifficultypatch.smx
L 05/31/2017 - 11:19:23: [SM] Call stack trace:
L 05/31/2017 - 11:19:23: [SM]   [0] GetEntPropString
L 05/31/2017 - 11:19:23: [SM]   [1] Line 1421, C:\Users\EthorbitV2\Desktop\sourcemodbackup\sourcemod\addons\sourcemod\scripting\autodifficultypatch.sp::FindEntityByTargetName
L 05/31/2017 - 11:19:23: [SM]   [2] Line 117, C:\Users\EthorbitV2\Desktop\sourcemodbackup\sourcemod\addons\sourcemod\scripting\autodifficultypatch.sp::UpdateHeadcrab
L 05/31/2017 - 11:19:23: [SM]   [3] Line 26, C:\Users\EthorbitV2\Desktop\sourcemodbackup\sourcemod\addons\sourcemod\scripting\autodifficultypatch.sp::OnClientDisconnect_Post
L 05/31/2017 - 11:19:37: [SM] Exception reported: Entity 4 (4) is invalid
L 05/31/2017 - 11:19:37: [SM] Blaming: autodifficultypatch.smx
L 05/31/2017 - 11:19:37: [SM] Call stack trace:
L 05/31/2017 - 11:19:37: [SM]   [0] GetEntPropString
L 05/31/2017 - 11:19:37: [SM]   [1] Line 1421, C:\Users\EthorbitV2\Desktop\sourcemodbackup\sourcemod\addons\sourcemod\scripting\autodifficultypatch.sp::FindEntityByTargetName
L 05/31/2017 - 11:19:37: [SM]   [2] Line 109, C:\Users\EthorbitV2\Desktop\sourcemodbackup\sourcemod\addons\sourcemod\scripting\autodifficultypatch.sp::UpdateHeadcrab
L 05/31/2017 - 11:19:37: [SM]   [3] Line 26, C:\Users\EthorbitV2\Desktop\sourcemodbackup\sourcemod\addons\sourcemod\scripting\autodifficultypatch.sp::OnClientDisconnect_Post
L 05/31/2017 - 11:53:44: Error log file session closed.
L 05/31/2017 - 11:53:44: SourceMod error session started
L 05/31/2017 - 11:53:44: Info (map "dm_central_station_v1_m") (file "errors_20170531.log")
L 05/31/2017 - 11:53:44: [SM] Fatal error encountered parsing translation file "customvotes.phrases.txt"
L 05/31/2017 - 11:53:44: [SM] Error (line 0, column 0): Stream failed to open
L 05/31/2017 - 11:53:44: [SM] Fatal error encountered parsing translation file "savescores.phrases.txt"
L 05/31/2017 - 11:53:44: [SM] Error (line 0, column 0): Stream failed to open
L 05/31/2017 - 12:19:25: [SM] Exception reported: Entity 2 (2) is invalid
L 05/31/2017 - 12:19:25: [SM] Blaming: autodifficultypatch.smx
L 05/31/2017 - 12:19:25: [SM] Call stack trace:
L 05/31/2017 - 12:19:25: [SM]   [0] GetEntPropString
L 05/31/2017 - 12:19:25: [SM]   [1] Line 1421, C:\Users\EthorbitV2\Desktop\sourcemodbackup\sourcemod\addons\sourcemod\scripting\autodifficultypatch.sp::FindEntityByTargetName
L 05/31/2017 - 12:19:25: [SM]   [2] Line 42, C:\Users\EthorbitV2\Desktop\sourcemodbackup\sourcemod\addons\sourcemod\scripting\autodifficultypatch.sp::UpdateHeadcrab
L 05/31/2017 - 12:19:25: [SM]   [3] Line 26, C:\Users\EthorbitV2\Desktop\sourcemodbackup\sourcemod\addons\sourcemod\scripting\autodifficultypatch.sp::OnClientDisconnect_Post
L 05/31/2017 - 12:19:39: [SM] Exception reported: Entity 2 (2) is invalid
L 05/31/2017 - 12:19:39: [SM] Blaming: autodifficultypatch.smx
L 05/31/2017 - 12:19:39: [SM] Call stack trace:
L 05/31/2017 - 12:19:39: [SM]   [0] GetEntPropString
L 05/31/2017 - 12:19:39: [SM]   [1] Line 1421, C:\Users\EthorbitV2\Desktop\sourcemodbackup\sourcemod\addons\sourcemod\scripting\autodifficultypatch.sp::FindEntityByTargetName
L 05/31/2017 - 12:19:39: [SM]   [2] Line 42, C:\Users\EthorbitV2\Desktop\sourcemodbackup\sourcemod\addons\sourcemod\scripting\autodifficultypatch.sp::UpdateHeadcrab
L 05/31/2017 - 12:19:39: [SM]   [3] Line 26, C:\Users\EthorbitV2\Desktop\sourcemodbackup\sourcemod\addons\sourcemod\scripting\autodifficultypatch.sp::OnClientDisconnect_Post
L 05/31/2017 - 12:20:33: [SM] Exception reported: Entity 2 (2) is invalid
L 05/31/2017 - 12:20:33: [SM] Blaming: autodifficultypatch.smx
L 05/31/2017 - 12:20:33: [SM] Call stack trace:
L 05/31/2017 - 12:20:33: [SM]   [0] GetEntPropString
L 05/31/2017 - 12:20:33: [SM]   [1] Line 1421, C:\Users\EthorbitV2\Desktop\sourcemodbackup\sourcemod\addons\sourcemod\scripting\autodifficultypatch.sp::FindEntityByTargetName
L 05/31/2017 - 12:20:33: [SM]   [2] Line 42, C:\Users\EthorbitV2\Desktop\sourcemodbackup\sourcemod\addons\sourcemod\scripting\autodifficultypatch.sp::UpdateHeadcrab
L 05/31/2017 - 12:20:33: [SM]   [3] Line 26, C:\Users\EthorbitV2\Desktop\sourcemodbackup\sourcemod\addons\sourcemod\scripting\autodifficultypatch.sp::OnClientDisconnect_Post
L 05/31/2017 - 12:53:57: Error log file session closed.
L 05/31/2017 - 12:53:57: SourceMod error session started
L 05/31/2017 - 12:53:57: Info (map "dm_montana_m") (file "errors_20170531.log")
L 05/31/2017 - 12:53:57: [SM] Fatal error encountered parsing translation file "customvotes.phrases.txt"
L 05/31/2017 - 12:53:57: [SM] Error (line 0, column 0): Stream failed to open
L 05/31/2017 - 12:53:57: [SM] Fatal error encountered parsing translation file "savescores.phrases.txt"
L 05/31/2017 - 12:53:57: [SM] Error (line 0, column 0): Stream failed to open
L 05/31/2017 - 13:54:07: Error log file session closed.
L 05/31/2017 - 13:54:07: SourceMod error session started
L 05/31/2017 - 13:54:07: Info (map "pb_z_industry_m") (file "errors_20170531.log")
L 05/31/2017 - 13:54:07: [SM] Fatal error encountered parsing translation file "customvotes.phrases.txt"
L 05/31/2017 - 13:54:07: [SM] Error (line 0, column 0): Stream failed to open
L 05/31/2017 - 13:54:07: [SM] Fatal error encountered parsing translation file "savescores.phrases.txt"
L 05/31/2017 - 13:54:07: [SM] Error (line 0, column 0): Stream failed to open
L 05/31/2017 - 14:11:18: [SM] Exception reported: Entity 1 (1) is invalid
L 05/31/2017 - 14:11:18: [SM] Blaming: autodifficultypatch.smx
L 05/31/2017 - 14:11:18: [SM] Call stack trace:
L 05/31/2017 - 14:11:18: [SM]   [0] GetEntPropString
L 05/31/2017 - 14:11:18: [SM]   [1] Line 1421, C:\Users\EthorbitV2\Desktop\sourcemodbackup\sourcemod\addons\sourcemod\scripting\autodifficultypatch.sp::FindEntityByTargetName
L 05/31/2017 - 14:11:18: [SM]   [2] Line 744, C:\Users\EthorbitV2\Desktop\sourcemodbackup\sourcemod\addons\sourcemod\scripting\autodifficultypatch.sp::UpdateHeadcrab
L 05/31/2017 - 14:11:18: [SM]   [3] Line 26, C:\Users\EthorbitV2\Desktop\sourcemodbackup\sourcemod\addons\sourcemod\scripting\autodifficultypatch.sp::OnClientDisconnect_Post
L 05/31/2017 - 14:11:26: [SM] Exception reported: Entity 1 (1) is invalid
L 05/31/2017 - 14:11:26: [SM] Blaming: autodifficultypatch.smx
L 05/31/2017 - 14:11:26: [SM] Call stack trace:
L 05/31/2017 - 14:11:26: [SM]   [0] GetEntPropString
L 05/31/2017 - 14:11:26: [SM]   [1] Line 1421, C:\Users\EthorbitV2\Desktop\sourcemodbackup\sourcemod\addons\sourcemod\scripting\autodifficultypatch.sp::FindEntityByTargetName
L 05/31/2017 - 14:11:26: [SM]   [2] Line 744, C:\Users\EthorbitV2\Desktop\sourcemodbackup\sourcemod\addons\sourcemod\scripting\autodifficultypatch.sp::UpdateHeadcrab
L 05/31/2017 - 14:11:26: [SM]   [3] Line 26, C:\Users\EthorbitV2\Desktop\sourcemodbackup\sourcemod\addons\sourcemod\scripting\autodifficultypatch.sp::OnClientDisconnect_Post
L 05/31/2017 - 14:11:41: [SM] Exception reported: Entity 1 (1) is invalid
L 05/31/2017 - 14:11:41: [SM] Blaming: autodifficultypatch.smx
L 05/31/2017 - 14:11:41: [SM] Call stack trace:
L 05/31/2017 - 14:11:41: [SM]   [0] GetEntPropString
L 05/31/2017 - 14:11:41: [SM]   [1] Line 1421, C:\Users\EthorbitV2\Desktop\sourcemodbackup\sourcemod\addons\sourcemod\scripting\autodifficultypatch.sp::FindEntityByTargetName
L 05/31/2017 - 14:11:41: [SM]   [2] Line 744, C:\Users\EthorbitV2\Desktop\sourcemodbackup\sourcemod\addons\sourcemod\scripting\autodifficultypatch.sp::UpdateHeadcrab
L 05/31/2017 - 14:11:41: [SM]   [3] Line 26, C:\Users\EthorbitV2\Desktop\sourcemodbackup\sourcemod\addons\sourcemod\scripting\autodifficultypatch.sp::OnClientDisconnect_Post
L 05/31/2017 - 14:11:42: Error log file session closed.
L 05/31/2017 - 14:11:42: SourceMod error session started
L 05/31/2017 - 14:11:42: Info (map "pb_z_underground_m") (file "errors_20170531.log")
L 05/31/2017 - 14:11:42: [SM] Fatal error encountered parsing translation file "customvotes.phrases.txt"
L 05/31/2017 - 14:11:42: [SM] Error (line 0, column 0): Stream failed to open
L 05/31/2017 - 14:11:42: [SM] Fatal error encountered parsing translation file "savescores.phrases.txt"
L 05/31/2017 - 14:11:42: [SM] Error (line 0, column 0): Stream failed to open
L 05/31/2017 - 14:12:26: [SM] Exception reported: Entity 1 (1) is invalid
L 05/31/2017 - 14:12:26: [SM] Blaming: autodifficultypatch.smx
L 05/31/2017 - 14:12:26: [SM] Call stack trace:
L 05/31/2017 - 14:12:26: [SM]   [0] GetEntPropString
L 05/31/2017 - 14:12:26: [SM]   [1] Line 1421, C:\Users\EthorbitV2\Desktop\sourcemodbackup\sourcemod\addons\sourcemod\scripting\autodifficultypatch.sp::FindEntityByTargetName
L 05/31/2017 - 14:12:26: [SM]   [2] Line 519, C:\Users\EthorbitV2\Desktop\sourcemodbackup\sourcemod\addons\sourcemod\scripting\autodifficultypatch.sp::UpdateHeadcrab
L 05/31/2017 - 14:12:26: [SM]   [3] Line 26, C:\Users\EthorbitV2\Desktop\sourcemodbackup\sourcemod\addons\sourcemod\scripting\autodifficultypatch.sp::OnClientDisconnect_Post
L 05/31/2017 - 14:12:27: Error log file session closed.
L 05/31/2017 - 14:12:27: SourceMod error session started
L 05/31/2017 - 14:12:27: Info (map "pb_z_earthquake_m") (file "errors_20170531.log")
L 05/31/2017 - 14:12:27: [SM] Fatal error encountered parsing translation file "customvotes.phrases.txt"
L 05/31/2017 - 14:12:27: [SM] Error (line 0, column 0): Stream failed to open
L 05/31/2017 - 14:12:27: [SM] Fatal error encountered parsing translation file "savescores.phrases.txt"
L 05/31/2017 - 14:12:27: [SM] Error (line 0, column 0): Stream failed to open
L 05/31/2017 - 14:39:51: [SM] Exception reported: Entity 1 (1) is invalid
L 05/31/2017 - 14:39:51: [SM] Blaming: autodifficultypatch.smx
L 05/31/2017 - 14:39:51: [SM] Call stack trace:
L 05/31/2017 - 14:39:51: [SM]   [0] GetEntPropString
L 05/31/2017 - 14:39:51: [SM]   [1] Line 1421, C:\Users\EthorbitV2\Desktop\sourcemodbackup\sourcemod\addons\sourcemod\scripting\autodifficultypatch.sp::FindEntityByTargetName
L 05/31/2017 - 14:39:51: [SM]   [2] Line 819, C:\Users\EthorbitV2\Desktop\sourcemodbackup\sourcemod\addons\sourcemod\scripting\autodifficultypatch.sp::UpdateHeadcrab
L 05/31/2017 - 14:39:51: [SM]   [3] Line 26, C:\Users\EthorbitV2\Desktop\sourcemodbackup\sourcemod\addons\sourcemod\scripting\autodifficultypatch.sp::OnClientDisconnect_Post
L 05/31/2017 - 15:11:18: [SM] Exception reported: Entity 1 (1) is invalid
L 05/31/2017 - 15:11:18: [SM] Blaming: autodifficultypatch.smx
L 05/31/2017 - 15:11:18: [SM] Call stack trace:
L 05/31/2017 - 15:11:18: [SM]   [0] GetEntPropString
L 05/31/2017 - 15:11:18: [SM]   [1] Line 1421, C:\Users\EthorbitV2\Desktop\sourcemodbackup\sourcemod\addons\sourcemod\scripting\autodifficultypatch.sp::FindEntityByTargetName
L 05/31/2017 - 15:11:18: [SM]   [2] Line 819, C:\Users\EthorbitV2\Desktop\sourcemodbackup\sourcemod\addons\sourcemod\scripting\autodifficultypatch.sp::UpdateHeadcrab
L 05/31/2017 - 15:11:18: [SM]   [3] Line 26, C:\Users\EthorbitV2\Desktop\sourcemodbackup\sourcemod\addons\sourcemod\scripting\autodifficultypatch.sp::OnClientDisconnect_Post
L 05/31/2017 - 15:11:18: Error log file session closed.
L 05/31/2017 - 15:11:18: SourceMod error session started
L 05/31/2017 - 15:11:18: Info (map "dm_snowfall_m") (file "errors_20170531.log")
L 05/31/2017 - 15:11:18: [SM] Fatal error encountered parsing translation file "customvotes.phrases.txt"
L 05/31/2017 - 15:11:18: [SM] Error (line 0, column 0): Stream failed to open
L 05/31/2017 - 15:11:18: [SM] Fatal error encountered parsing translation file "savescores.phrases.txt"
L 05/31/2017 - 15:11:18: [SM] Error (line 0, column 0): Stream failed to open
L 05/31/2017 - 16:11:28: Error log file session closed.
L 05/31/2017 - 16:11:28: SourceMod error session started
L 05/31/2017 - 16:11:28: Info (map "pb_z_colony_m") (file "errors_20170531.log")
L 05/31/2017 - 16:11:28: [SM] Fatal error encountered parsing translation file "customvotes.phrases.txt"
L 05/31/2017 - 16:11:28: [SM] Error (line 0, column 0): Stream failed to open
L 05/31/2017 - 16:11:28: [SM] Fatal error encountered parsing translation file "savescores.phrases.txt"
L 05/31/2017 - 16:11:28: [SM] Error (line 0, column 0): Stream failed to open
L 05/31/2017 - 17:11:38: Error log file session closed.
L 05/31/2017 - 17:11:38: SourceMod error session started
L 05/31/2017 - 17:11:38: Info (map "dm_mine_entrance_m") (file "errors_20170531.log")
L 05/31/2017 - 17:11:38: [SM] Fatal error encountered parsing translation file "customvotes.phrases.txt"
L 05/31/2017 - 17:11:38: [SM] Error (line 0, column 0): Stream failed to open
L 05/31/2017 - 17:11:38: [SM] Fatal error encountered parsing translation file "savescores.phrases.txt"
L 05/31/2017 - 17:11:38: [SM] Error (line 0, column 0): Stream failed to open
L 05/31/2017 - 17:34:06: [SM] Exception reported: Entity 1 (1) is invalid
L 05/31/2017 - 17:34:06: [SM] Blaming: autodifficultypatch.smx
L 05/31/2017 - 17:34:06: [SM] Call stack trace:
L 05/31/2017 - 17:34:06: [SM]   [0] GetEntPropString
L 05/31/2017 - 17:34:06: [SM]   [1] Line 1421, C:\Users\EthorbitV2\Desktop\sourcemodbackup\sourcemod\addons\sourcemod\scripting\autodifficultypatch.sp::FindEntityByTargetName
L 05/31/2017 - 17:34:06: [SM]   [2] Line 1044, C:\Users\EthorbitV2\Desktop\sourcemodbackup\sourcemod\addons\sourcemod\scripting\autodifficultypatch.sp::UpdateHeadcrab
L 05/31/2017 - 17:34:06: [SM]   [3] Line 26, C:\Users\EthorbitV2\Desktop\sourcemodbackup\sourcemod\addons\sourcemod\scripting\autodifficultypatch.sp::OnClientDisconnect_Post
L 05/31/2017 - 17:34:08: Error log file session closed.
L 05/31/2017 - 17:34:08: SourceMod error session started
L 05/31/2017 - 17:34:08: Info (map "dm_coldruins_rc1_m") (file "errors_20170531.log")
L 05/31/2017 - 17:34:08: [SM] Fatal error encountered parsing translation file "customvotes.phrases.txt"
L 05/31/2017 - 17:34:08: [SM] Error (line 0, column 0): Stream failed to open
L 05/31/2017 - 17:34:08: [SM] Fatal error encountered parsing translation file "savescores.phrases.txt"
L 05/31/2017 - 17:34:08: [SM] Error (line 0, column 0): Stream failed to open
L 05/31/2017 - 18:01:47: [SM] Exception reported: Entity 1 (1) is invalid
L 05/31/2017 - 18:01:47: [SM] Blaming: autodifficultypatch.smx
L 05/31/2017 - 18:01:47: [SM] Call stack trace:
L 05/31/2017 - 18:01:47: [SM]   [0] GetEntPropString
L 05/31/2017 - 18:01:47: [SM]   [1] Line 1421, C:\Users\EthorbitV2\Desktop\sourcemodbackup\sourcemod\addons\sourcemod\scripting\autodifficultypatch.sp::FindEntityByTargetName
L 05/31/2017 - 18:01:47: [SM]   [2] Line 669, C:\Users\EthorbitV2\Desktop\sourcemodbackup\sourcemod\addons\sourcemod\scripting\autodifficultypatch.sp::UpdateHeadcrab
L 05/31/2017 - 18:01:47: [SM]   [3] Line 26, C:\Users\EthorbitV2\Desktop\sourcemodbackup\sourcemod\addons\sourcemod\scripting\autodifficultypatch.sp::OnClientDisconnect_Post
L 05/31/2017 - 18:31:10: [SM] Exception reported: Entity 1 (1) is invalid
L 05/31/2017 - 18:31:10: [SM] Blaming: autodifficultypatch.smx
L 05/31/2017 - 18:31:10: [SM] Call stack trace:
L 05/31/2017 - 18:31:10: [SM]   [0] GetEntPropString
L 05/31/2017 - 18:31:10: [SM]   [1] Line 1421, C:\Users\EthorbitV2\Desktop\sourcemodbackup\sourcemod\addons\sourcemod\scripting\autodifficultypatch.sp::FindEntityByTargetName
L 05/31/2017 - 18:31:10: [SM]   [2] Line 669, C:\Users\EthorbitV2\Desktop\sourcemodbackup\sourcemod\addons\sourcemod\scripting\autodifficultypatch.sp::UpdateHeadcrab
L 05/31/2017 - 18:31:10: [SM]   [3] Line 26, C:\Users\EthorbitV2\Desktop\sourcemodbackup\sourcemod\addons\sourcemod\scripting\autodifficultypatch.sp::OnClientDisconnect_Post
L 05/31/2017 - 18:34:19: Error log file session closed.
L 05/31/2017 - 18:34:19: SourceMod error session started
L 05/31/2017 - 18:34:19: Info (map "dm_raven_m") (file "errors_20170531.log")
L 05/31/2017 - 18:34:19: [SM] Fatal error encountered parsing translation file "customvotes.phrases.txt"
L 05/31/2017 - 18:34:19: [SM] Error (line 0, column 0): Stream failed to open
L 05/31/2017 - 18:34:19: [SM] Fatal error encountered parsing translation file "savescores.phrases.txt"
L 05/31/2017 - 18:34:19: [SM] Error (line 0, column 0): Stream failed to open
L 05/31/2017 - 19:24:00: [SM] Exception reported: Entity 1 (1) is invalid
L 05/31/2017 - 19:24:00: [SM] Blaming: autodifficultypatch.smx
L 05/31/2017 - 19:24:00: [SM] Call stack trace:
L 05/31/2017 - 19:24:00: [SM]   [0] GetEntPropString
L 05/31/2017 - 19:24:00: [SM]   [1] Line 1421, C:\Users\EthorbitV2\Desktop\sourcemodbackup\sourcemod\addons\sourcemod\scripting\autodifficultypatch.sp::FindEntityByTargetName
L 05/31/2017 - 19:24:00: [SM]   [2] Line 969, C:\Users\EthorbitV2\Desktop\sourcemodbackup\sourcemod\addons\sourcemod\scripting\autodifficultypatch.sp::UpdateHeadcrab
L 05/31/2017 - 19:24:00: [SM]   [3] Line 26, C:\Users\EthorbitV2\Desktop\sourcemodbackup\sourcemod\addons\sourcemod\scripting\autodifficultypatch.sp::OnClientDisconnect_Post
L 05/31/2017 - 19:34:24: [SM] Exception reported: Entity 1 (1) is invalid
L 05/31/2017 - 19:34:24: [SM] Blaming: autodifficultypatch.smx
L 05/31/2017 - 19:34:24: [SM] Call stack trace:
L 05/31/2017 - 19:34:24: [SM]   [0] GetEntPropString
L 05/31/2017 - 19:34:24: [SM]   [1] Line 1421, C:\Users\EthorbitV2\Desktop\sourcemodbackup\sourcemod\addons\sourcemod\scripting\autodifficultypatch.sp::FindEntityByTargetName
L 05/31/2017 - 19:34:24: [SM]   [2] Line 969, C:\Users\EthorbitV2\Desktop\sourcemodbackup\sourcemod\addons\sourcemod\scripting\autodifficultypatch.sp::UpdateHeadcrab
L 05/31/2017 - 19:34:24: [SM]   [3] Line 26, C:\Users\EthorbitV2\Desktop\sourcemodbackup\sourcemod\addons\sourcemod\scripting\autodifficultypatch.sp::OnClientDisconnect_Post
L 05/31/2017 - 19:34:30: Error log file session closed.
L 05/31/2017 - 19:34:30: SourceMod error session started
L 05/31/2017 - 19:34:30: Info (map "pb_z_underground_m") (file "errors_20170531.log")
L 05/31/2017 - 19:34:30: [SM] Fatal error encountered parsing translation file "customvotes.phrases.txt"
L 05/31/2017 - 19:34:30: [SM] Error (line 0, column 0): Stream failed to open
L 05/31/2017 - 19:34:30: [SM] Fatal error encountered parsing translation file "savescores.phrases.txt"
L 05/31/2017 - 19:34:30: [SM] Error (line 0, column 0): Stream failed to open
L 05/31/2017 - 20:34:40: Error log file session closed.
L 05/31/2017 - 20:34:40: SourceMod error session started
L 05/31/2017 - 20:34:40: Info (map "dm_laststop_m") (file "errors_20170531.log")
L 05/31/2017 - 20:34:40: [SM] Fatal error encountered parsing translation file "customvotes.phrases.txt"
L 05/31/2017 - 20:34:40: [SM] Error (line 0, column 0): Stream failed to open
L 05/31/2017 - 20:34:40: [SM] Fatal error encountered parsing translation file "savescores.phrases.txt"
L 05/31/2017 - 20:34:40: [SM] Error (line 0, column 0): Stream failed to open
L 05/31/2017 - 20:51:34: [SM] Exception reported: Entity 1 (1) is invalid
L 05/31/2017 - 20:51:34: [SM] Blaming: autodifficultypatch.smx
L 05/31/2017 - 20:51:34: [SM] Call stack trace:
L 05/31/2017 - 20:51:34: [SM]   [0] GetEntPropString
L 05/31/2017 - 20:51:34: [SM]   [1] Line 1421, C:\Users\EthorbitV2\Desktop\sourcemodbackup\sourcemod\addons\sourcemod\scripting\autodifficultypatch.sp::FindEntityByTargetName
L 05/31/2017 - 20:51:34: [SM]   [2] Line 894, C:\Users\EthorbitV2\Desktop\sourcemodbackup\sourcemod\addons\sourcemod\scripting\autodifficultypatch.sp::UpdateHeadcrab
L 05/31/2017 - 20:51:34: [SM]   [3] Line 26, C:\Users\EthorbitV2\Desktop\sourcemodbackup\sourcemod\addons\sourcemod\scripting\autodifficultypatch.sp::OnClientDisconnect_Post
L 05/31/2017 - 20:51:34: Error log file session closed.
L 05/31/2017 - 20:51:34: SourceMod error session started
L 05/31/2017 - 20:51:34: Info (map "pb_z_earthquake_m") (file "errors_20170531.log")
L 05/31/2017 - 20:51:34: [SM] Fatal error encountered parsing translation file "customvotes.phrases.txt"
L 05/31/2017 - 20:51:34: [SM] Error (line 0, column 0): Stream failed to open
L 05/31/2017 - 20:51:34: [SM] Fatal error encountered parsing translation file "savescores.phrases.txt"
L 05/31/2017 - 20:51:34: [SM] Error (line 0, column 0): Stream failed to open
L 05/31/2017 - 21:10:29: [SM] Exception reported: Entity 2 (2) is invalid
L 05/31/2017 - 21:10:29: [SM] Blaming: autodifficultypatch.smx
L 05/31/2017 - 21:10:29: [SM] Call stack trace:
L 05/31/2017 - 21:10:29: [SM]   [0] GetEntPropString
L 05/31/2017 - 21:10:29: [SM]   [1] Line 1421, C:\Users\EthorbitV2\Desktop\sourcemodbackup\sourcemod\addons\sourcemod\scripting\autodifficultypatch.sp::FindEntityByTargetName
L 05/31/2017 - 21:10:29: [SM]   [2] Line 827, C:\Users\EthorbitV2\Desktop\sourcemodbackup\sourcemod\addons\sourcemod\scripting\autodifficultypatch.sp::UpdateHeadcrab
L 05/31/2017 - 21:10:29: [SM]   [3] Line 26, C:\Users\EthorbitV2\Desktop\sourcemodbackup\sourcemod\addons\sourcemod\scripting\autodifficultypatch.sp::OnClientDisconnect_Post
L 05/31/2017 - 21:17:38: [SM] Exception reported: Entity 1 (1) is invalid
L 05/31/2017 - 21:17:38: [SM] Blaming: autodifficultypatch.smx
L 05/31/2017 - 21:17:38: [SM] Call stack trace:
L 05/31/2017 - 21:17:38: [SM]   [0] GetEntPropString
L 05/31/2017 - 21:17:38: [SM]   [1] Line 1421, C:\Users\EthorbitV2\Desktop\sourcemodbackup\sourcemod\addons\sourcemod\scripting\autodifficultypatch.sp::FindEntityByTargetName
L 05/31/2017 - 21:17:38: [SM]   [2] Line 819, C:\Users\EthorbitV2\Desktop\sourcemodbackup\sourcemod\addons\sourcemod\scripting\autodifficultypatch.sp::UpdateHeadcrab
L 05/31/2017 - 21:17:38: [SM]   [3] Line 26, C:\Users\EthorbitV2\Desktop\sourcemodbackup\sourcemod\addons\sourcemod\scripting\autodifficultypatch.sp::OnClientDisconnect_Post
L 05/31/2017 - 21:18:12: [SM] Exception reported: Entity 1 (1) is invalid
L 05/31/2017 - 21:18:12: [SM] Blaming: autodifficultypatch.smx
L 05/31/2017 - 21:18:12: [SM] Call stack trace:
L 05/31/2017 - 21:18:12: [SM]   [0] GetEntPropString
L 05/31/2017 - 21:18:12: [SM]   [1] Line 1421, C:\Users\EthorbitV2\Desktop\sourcemodbackup\sourcemod\addons\sourcemod\scripting\autodifficultypatch.sp::FindEntityByTargetName
L 05/31/2017 - 21:18:12: [SM]   [2] Line 819, C:\Users\EthorbitV2\Desktop\sourcemodbackup\sourcemod\addons\sourcemod\scripting\autodifficultypatch.sp::UpdateHeadcrab
L 05/31/2017 - 21:18:12: [SM]   [3] Line 26, C:\Users\EthorbitV2\Desktop\sourcemodbackup\sourcemod\addons\sourcemod\scripting\autodifficultypatch.sp::OnClientDisconnect_Post
L 05/31/2017 - 21:51:44: Error log file session closed.
L 05/31/2017 - 21:51:44: SourceMod error session started
L 05/31/2017 - 21:51:44: Info (map "dm_central_station_v1_m") (file "errors_20170531.log")
L 05/31/2017 - 21:51:44: [SM] Fatal error encountered parsing translation file "customvotes.phrases.txt"
L 05/31/2017 - 21:51:44: [SM] Error (line 0, column 0): Stream failed to open
L 05/31/2017 - 21:51:44: [SM] Fatal error encountered parsing translation file "savescores.phrases.txt"
L 05/31/2017 - 21:51:44: [SM] Error (line 0, column 0): Stream failed to open
L 05/31/2017 - 22:51:53: Error log file session closed.
L 05/31/2017 - 22:51:53: SourceMod error session started
L 05/31/2017 - 22:51:53: Info (map "dm_mine_entrance_m") (file "errors_20170531.log")
L 05/31/2017 - 22:51:53: [SM] Fatal error encountered parsing translation file "customvotes.phrases.txt"
L 05/31/2017 - 22:51:53: [SM] Error (line 0, column 0): Stream failed to open
L 05/31/2017 - 22:51:53: [SM] Fatal error encountered parsing translation file "savescores.phrases.txt"
L 05/31/2017 - 22:51:53: [SM] Error (line 0, column 0): Stream failed to open
L 05/31/2017 - 23:52:03: Error log file session closed.
L 05/31/2017 - 23:52:03: SourceMod error session started
L 05/31/2017 - 23:52:03: Info (map "dm_montana_m") (file "errors_20170531.log")
L 05/31/2017 - 23:52:03: [SM] Fatal error encountered parsing translation file "customvotes.phrases.txt"
L 05/31/2017 - 23:52:03: [SM] Error (line 0, column 0): Stream failed to open
L 05/31/2017 - 23:52:03: [SM] Fatal error encountered parsing translation file "savescores.phrases.txt"
L 05/31/2017 - 23:52:03: [SM] Error (line 0, column 0): Stream failed to open
