L 06/02/2017 - 00:29:21: SourceMod error session started
L 06/02/2017 - 00:29:21: Info (map "pb_z_earthquake_m") (file "errors_20170602.log")
L 06/02/2017 - 00:29:21: Error log file session closed.
L 06/02/2017 - 00:29:21: SourceMod error session started
L 06/02/2017 - 00:29:21: Info (map "pb_z_earthquake_m") (file "errors_20170602.log")
L 06/02/2017 - 00:29:21: [SM] Fatal error encountered parsing translation file "savescores.phrases.txt"
L 06/02/2017 - 00:29:21: [SM] Error (line 0, column 0): Stream failed to open
L 06/02/2017 - 00:29:21: [SM] Fatal error encountered parsing translation file "customvotes.phrases.txt"
L 06/02/2017 - 00:29:21: [SM] Error (line 0, column 0): Stream failed to open
L 06/02/2017 - 01:01:52: SourceMod error session started
L 06/02/2017 - 01:01:52: Info (map "pb_z_high_school_m") (file "errors_20170602.log")
L 06/02/2017 - 01:01:52: [SDKTOOLS] Invalid detour address passed - Disabling detour to prevent crashes
L 06/02/2017 - 01:01:53: [SM] Unable to load extension "soundlib.ext": error code 0000007e
L 06/02/2017 - 01:01:53: [SM] Unable to load extension "config.ext": error code 0000007e
L 06/02/2017 - 01:01:53: [SM] Fatal error encountered parsing translation file "savescores.phrases.txt"
L 06/02/2017 - 01:01:53: [SM] Error (line 0, column 0): Stream failed to open
L 06/02/2017 - 01:01:53: [SM] Unable to load plugin "time-left-actions.smx": Required extension "Sound Info Library" file("soundlib.ext") not running
L 06/02/2017 - 03:43:09: [SM] Exception reported: Entity 1 (1) is invalid
L 06/02/2017 - 03:43:09: [SM] Blaming: autodifficultypatch.smx
L 06/02/2017 - 03:43:09: [SM] Call stack trace:
L 06/02/2017 - 03:43:09: [SM]   [0] GetEntPropString
L 06/02/2017 - 03:43:09: [SM]   [1] Line 1421, C:\Users\EthorbitV2\Desktop\sourcemodbackup\sourcemod\addons\sourcemod\scripting\autodifficultypatch.sp::FindEntityByTargetName
L 06/02/2017 - 03:43:09: [SM]   [2] Line 1195, C:\Users\EthorbitV2\Desktop\sourcemodbackup\sourcemod\addons\sourcemod\scripting\autodifficultypatch.sp::UpdateHeadcrab
L 06/02/2017 - 03:43:09: [SM]   [3] Line 26, C:\Users\EthorbitV2\Desktop\sourcemodbackup\sourcemod\addons\sourcemod\scripting\autodifficultypatch.sp::OnClientDisconnect_Post
L 06/02/2017 - 04:36:52: [SM] Exception reported: Entity 1 (1) is invalid
L 06/02/2017 - 04:36:52: [SM] Blaming: autodifficultypatch.smx
L 06/02/2017 - 04:36:52: [SM] Call stack trace:
L 06/02/2017 - 04:36:52: [SM]   [0] GetEntPropString
L 06/02/2017 - 04:36:52: [SM]   [1] Line 1421, C:\Users\EthorbitV2\Desktop\sourcemodbackup\sourcemod\addons\sourcemod\scripting\autodifficultypatch.sp::FindEntityByTargetName
L 06/02/2017 - 04:36:52: [SM]   [2] Line 1195, C:\Users\EthorbitV2\Desktop\sourcemodbackup\sourcemod\addons\sourcemod\scripting\autodifficultypatch.sp::UpdateHeadcrab
L 06/02/2017 - 04:36:52: [SM]   [3] Line 26, C:\Users\EthorbitV2\Desktop\sourcemodbackup\sourcemod\addons\sourcemod\scripting\autodifficultypatch.sp::OnClientDisconnect_Post
L 06/02/2017 - 04:36:52: Error log file session closed.
L 06/02/2017 - 04:36:52: SourceMod error session started
L 06/02/2017 - 04:36:52: Info (map "dm_october_m") (file "errors_20170602.log")
L 06/02/2017 - 04:36:52: [SM] Fatal error encountered parsing translation file "savescores.phrases.txt"
L 06/02/2017 - 04:36:52: [SM] Error (line 0, column 0): Stream failed to open
L 06/02/2017 - 04:39:14: Error log file session closed.
L 06/02/2017 - 04:39:14: SourceMod error session started
L 06/02/2017 - 04:39:14: Info (map "dm_montana_m") (file "errors_20170602.log")
L 06/02/2017 - 04:39:14: [SM] Fatal error encountered parsing translation file "savescores.phrases.txt"
L 06/02/2017 - 04:39:14: [SM] Error (line 0, column 0): Stream failed to open
L 06/02/2017 - 04:41:45: Error log file session closed.
L 06/02/2017 - 04:41:45: SourceMod error session started
L 06/02/2017 - 04:41:45: Info (map "dm_coldruins_rc1_m") (file "errors_20170602.log")
L 06/02/2017 - 04:41:45: [SM] Fatal error encountered parsing translation file "savescores.phrases.txt"
L 06/02/2017 - 04:41:45: [SM] Error (line 0, column 0): Stream failed to open
L 06/02/2017 - 04:42:57: [SM] Fatal error encountered parsing translation file "customvotes.phrases.txt"
L 06/02/2017 - 04:42:57: [SM] Error (line 0, column 0): Stream failed to open
L 06/02/2017 - 05:01:35: [SM] Exception reported: Entity 1 (1) is invalid
L 06/02/2017 - 05:01:35: [SM] Blaming: autodifficultypatch.smx
L 06/02/2017 - 05:01:35: [SM] Call stack trace:
L 06/02/2017 - 05:01:35: [SM]   [0] GetEntPropString
L 06/02/2017 - 05:01:35: [SM]   [1] Line 1421, C:\Users\EthorbitV2\Desktop\sourcemodbackup\sourcemod\addons\sourcemod\scripting\autodifficultypatch.sp::FindEntityByTargetName
L 06/02/2017 - 05:01:35: [SM]   [2] Line 669, C:\Users\EthorbitV2\Desktop\sourcemodbackup\sourcemod\addons\sourcemod\scripting\autodifficultypatch.sp::UpdateHeadcrab
L 06/02/2017 - 05:01:35: [SM]   [3] Line 26, C:\Users\EthorbitV2\Desktop\sourcemodbackup\sourcemod\addons\sourcemod\scripting\autodifficultypatch.sp::OnClientDisconnect_Post
L 06/02/2017 - 05:38:26: [SM] Exception reported: Entity 1 (1) is invalid
L 06/02/2017 - 05:38:26: [SM] Blaming: autodifficultypatch.smx
L 06/02/2017 - 05:38:26: [SM] Call stack trace:
L 06/02/2017 - 05:38:26: [SM]   [0] GetEntPropString
L 06/02/2017 - 05:38:26: [SM]   [1] Line 1421, C:\Users\EthorbitV2\Desktop\sourcemodbackup\sourcemod\addons\sourcemod\scripting\autodifficultypatch.sp::FindEntityByTargetName
L 06/02/2017 - 05:38:26: [SM]   [2] Line 669, C:\Users\EthorbitV2\Desktop\sourcemodbackup\sourcemod\addons\sourcemod\scripting\autodifficultypatch.sp::UpdateHeadcrab
L 06/02/2017 - 05:38:26: [SM]   [3] Line 26, C:\Users\EthorbitV2\Desktop\sourcemodbackup\sourcemod\addons\sourcemod\scripting\autodifficultypatch.sp::OnClientDisconnect_Post
L 06/02/2017 - 05:38:28: Error log file session closed.
L 06/02/2017 - 05:38:28: SourceMod error session started
L 06/02/2017 - 05:38:28: Info (map "dm_mine_entrance_m") (file "errors_20170602.log")
L 06/02/2017 - 05:38:28: [SM] Fatal error encountered parsing translation file "savescores.phrases.txt"
L 06/02/2017 - 05:38:28: [SM] Error (line 0, column 0): Stream failed to open
L 06/02/2017 - 05:38:28: [SM] Fatal error encountered parsing translation file "customvotes.phrases.txt"
L 06/02/2017 - 05:38:28: [SM] Error (line 0, column 0): Stream failed to open
L 06/02/2017 - 05:40:17: [SM] Exception reported: Entity 1 (1) is invalid
L 06/02/2017 - 05:40:17: [SM] Blaming: autodifficultypatch.smx
L 06/02/2017 - 05:40:17: [SM] Call stack trace:
L 06/02/2017 - 05:40:17: [SM]   [0] GetEntPropString
L 06/02/2017 - 05:40:17: [SM]   [1] Line 1421, C:\Users\EthorbitV2\Desktop\sourcemodbackup\sourcemod\addons\sourcemod\scripting\autodifficultypatch.sp::FindEntityByTargetName
L 06/02/2017 - 05:40:17: [SM]   [2] Line 1044, C:\Users\EthorbitV2\Desktop\sourcemodbackup\sourcemod\addons\sourcemod\scripting\autodifficultypatch.sp::UpdateHeadcrab
L 06/02/2017 - 05:40:17: [SM]   [3] Line 26, C:\Users\EthorbitV2\Desktop\sourcemodbackup\sourcemod\addons\sourcemod\scripting\autodifficultypatch.sp::OnClientDisconnect_Post
L 06/02/2017 - 05:40:19: Error log file session closed.
L 06/02/2017 - 05:40:19: SourceMod error session started
L 06/02/2017 - 05:40:19: Info (map "pb_z_office_tower_m") (file "errors_20170602.log")
L 06/02/2017 - 05:40:19: [SM] Fatal error encountered parsing translation file "savescores.phrases.txt"
L 06/02/2017 - 05:40:19: [SM] Error (line 0, column 0): Stream failed to open
L 06/02/2017 - 05:40:19: [SM] Fatal error encountered parsing translation file "customvotes.phrases.txt"
L 06/02/2017 - 05:40:19: [SM] Error (line 0, column 0): Stream failed to open
L 06/02/2017 - 05:43:33: Error log file session closed.
L 06/02/2017 - 05:43:33: SourceMod error session started
L 06/02/2017 - 05:43:33: Info (map "pb_z_earthquake_m") (file "errors_20170602.log")
L 06/02/2017 - 05:43:33: [SM] Fatal error encountered parsing translation file "savescores.phrases.txt"
L 06/02/2017 - 05:43:33: [SM] Error (line 0, column 0): Stream failed to open
L 06/02/2017 - 05:43:33: [SM] Fatal error encountered parsing translation file "customvotes.phrases.txt"
L 06/02/2017 - 05:43:33: [SM] Error (line 0, column 0): Stream failed to open
L 06/02/2017 - 05:45:34: [SM] Exception reported: Entity 1 (1) is invalid
L 06/02/2017 - 05:45:34: [SM] Blaming: autodifficultypatch.smx
L 06/02/2017 - 05:45:34: [SM] Call stack trace:
L 06/02/2017 - 05:45:34: [SM]   [0] GetEntPropString
L 06/02/2017 - 05:45:34: [SM]   [1] Line 1421, C:\Users\EthorbitV2\Desktop\sourcemodbackup\sourcemod\addons\sourcemod\scripting\autodifficultypatch.sp::FindEntityByTargetName
L 06/02/2017 - 05:45:34: [SM]   [2] Line 819, C:\Users\EthorbitV2\Desktop\sourcemodbackup\sourcemod\addons\sourcemod\scripting\autodifficultypatch.sp::UpdateHeadcrab
L 06/02/2017 - 05:45:34: [SM]   [3] Line 26, C:\Users\EthorbitV2\Desktop\sourcemodbackup\sourcemod\addons\sourcemod\scripting\autodifficultypatch.sp::OnClientDisconnect_Post
L 06/02/2017 - 05:49:27: [SM] Exception reported: Language phrase "Score restored" not found
L 06/02/2017 - 05:49:27: [SM] Blaming: savescores.smx
L 06/02/2017 - 05:49:27: [SM] Call stack trace:
L 06/02/2017 - 05:49:27: [SM]   [0] VFormat
L 06/02/2017 - 05:49:27: [SM]   [1] Line 60, D:\Source-Servers\css_sm_1.2.4\cstrike\addons\sourcemod\scripting\include\colors.inc::CPrintToChat
L 06/02/2017 - 05:49:27: [SM]   [2] Line 649, D:\Source-Servers\css_sm_1.2.4\cstrike\addons\sourcemod\scripting\savescores.sp::SetPlayerScore
L 06/02/2017 - 05:52:30: [SM] Exception reported: Entity 1 (1) is invalid
L 06/02/2017 - 05:52:30: [SM] Blaming: autodifficultypatch.smx
L 06/02/2017 - 05:52:30: [SM] Call stack trace:
L 06/02/2017 - 05:52:30: [SM]   [0] GetEntPropString
L 06/02/2017 - 05:52:30: [SM]   [1] Line 1421, C:\Users\EthorbitV2\Desktop\sourcemodbackup\sourcemod\addons\sourcemod\scripting\autodifficultypatch.sp::FindEntityByTargetName
L 06/02/2017 - 05:52:30: [SM]   [2] Line 827, C:\Users\EthorbitV2\Desktop\sourcemodbackup\sourcemod\addons\sourcemod\scripting\autodifficultypatch.sp::UpdateHeadcrab
L 06/02/2017 - 05:52:30: [SM]   [3] Line 26, C:\Users\EthorbitV2\Desktop\sourcemodbackup\sourcemod\addons\sourcemod\scripting\autodifficultypatch.sp::OnClientDisconnect_Post
L 06/02/2017 - 05:53:23: [SM] Exception reported: Entity 2 (2) is invalid
L 06/02/2017 - 05:53:23: [SM] Blaming: autodifficultypatch.smx
L 06/02/2017 - 05:53:23: [SM] Call stack trace:
L 06/02/2017 - 05:53:23: [SM]   [0] GetEntPropString
L 06/02/2017 - 05:53:23: [SM]   [1] Line 1421, C:\Users\EthorbitV2\Desktop\sourcemodbackup\sourcemod\addons\sourcemod\scripting\autodifficultypatch.sp::FindEntityByTargetName
L 06/02/2017 - 05:53:23: [SM]   [2] Line 819, C:\Users\EthorbitV2\Desktop\sourcemodbackup\sourcemod\addons\sourcemod\scripting\autodifficultypatch.sp::UpdateHeadcrab
L 06/02/2017 - 05:53:23: [SM]   [3] Line 26, C:\Users\EthorbitV2\Desktop\sourcemodbackup\sourcemod\addons\sourcemod\scripting\autodifficultypatch.sp::OnClientDisconnect_Post
L 06/02/2017 - 05:53:24: Error log file session closed.
L 06/02/2017 - 05:53:24: SourceMod error session started
L 06/02/2017 - 05:53:24: Info (map "pb_z_underground_m") (file "errors_20170602.log")
L 06/02/2017 - 05:53:24: [SM] Fatal error encountered parsing translation file "savescores.phrases.txt"
L 06/02/2017 - 05:53:24: [SM] Error (line 0, column 0): Stream failed to open
L 06/02/2017 - 05:53:24: [SM] Fatal error encountered parsing translation file "customvotes.phrases.txt"
L 06/02/2017 - 05:53:24: [SM] Error (line 0, column 0): Stream failed to open
L 06/02/2017 - 05:57:33: [SM] Exception reported: Entity 1 (1) is invalid
L 06/02/2017 - 05:57:33: [SM] Blaming: autodifficultypatch.smx
L 06/02/2017 - 05:57:33: [SM] Call stack trace:
L 06/02/2017 - 05:57:33: [SM]   [0] GetEntPropString
L 06/02/2017 - 05:57:33: [SM]   [1] Line 1421, C:\Users\EthorbitV2\Desktop\sourcemodbackup\sourcemod\addons\sourcemod\scripting\autodifficultypatch.sp::FindEntityByTargetName
L 06/02/2017 - 05:57:33: [SM]   [2] Line 527, C:\Users\EthorbitV2\Desktop\sourcemodbackup\sourcemod\addons\sourcemod\scripting\autodifficultypatch.sp::UpdateHeadcrab
L 06/02/2017 - 05:57:33: [SM]   [3] Line 26, C:\Users\EthorbitV2\Desktop\sourcemodbackup\sourcemod\addons\sourcemod\scripting\autodifficultypatch.sp::OnClientDisconnect_Post
L 06/02/2017 - 05:59:00: [SM] Exception reported: Entity 1 (1) is invalid
L 06/02/2017 - 05:59:00: [SM] Blaming: autodifficultypatch.smx
L 06/02/2017 - 05:59:00: [SM] Call stack trace:
L 06/02/2017 - 05:59:00: [SM]   [0] GetEntPropString
L 06/02/2017 - 05:59:00: [SM]   [1] Line 1421, C:\Users\EthorbitV2\Desktop\sourcemodbackup\sourcemod\addons\sourcemod\scripting\autodifficultypatch.sp::FindEntityByTargetName
L 06/02/2017 - 05:59:00: [SM]   [2] Line 527, C:\Users\EthorbitV2\Desktop\sourcemodbackup\sourcemod\addons\sourcemod\scripting\autodifficultypatch.sp::UpdateHeadcrab
L 06/02/2017 - 05:59:00: [SM]   [3] Line 26, C:\Users\EthorbitV2\Desktop\sourcemodbackup\sourcemod\addons\sourcemod\scripting\autodifficultypatch.sp::OnClientDisconnect_Post
L 06/02/2017 - 05:59:00: [SM] Exception reported: Entity 2 (2) is invalid
L 06/02/2017 - 05:59:00: [SM] Blaming: autodifficultypatch.smx
L 06/02/2017 - 05:59:00: [SM] Call stack trace:
L 06/02/2017 - 05:59:00: [SM]   [0] GetEntPropString
L 06/02/2017 - 05:59:00: [SM]   [1] Line 1421, C:\Users\EthorbitV2\Desktop\sourcemodbackup\sourcemod\addons\sourcemod\scripting\autodifficultypatch.sp::FindEntityByTargetName
L 06/02/2017 - 05:59:00: [SM]   [2] Line 519, C:\Users\EthorbitV2\Desktop\sourcemodbackup\sourcemod\addons\sourcemod\scripting\autodifficultypatch.sp::UpdateHeadcrab
L 06/02/2017 - 05:59:00: [SM]   [3] Line 26, C:\Users\EthorbitV2\Desktop\sourcemodbackup\sourcemod\addons\sourcemod\scripting\autodifficultypatch.sp::OnClientDisconnect_Post
L 06/02/2017 - 05:59:01: Error log file session closed.
L 06/02/2017 - 05:59:01: SourceMod error session started
L 06/02/2017 - 05:59:01: Info (map "dm_snowfall_m") (file "errors_20170602.log")
L 06/02/2017 - 05:59:01: [SM] Fatal error encountered parsing translation file "savescores.phrases.txt"
L 06/02/2017 - 05:59:01: [SM] Error (line 0, column 0): Stream failed to open
L 06/02/2017 - 05:59:01: [SM] Fatal error encountered parsing translation file "customvotes.phrases.txt"
L 06/02/2017 - 05:59:01: [SM] Error (line 0, column 0): Stream failed to open
L 06/02/2017 - 06:04:37: [SM] Exception reported: Entity 1 (1) is invalid
L 06/02/2017 - 06:04:37: [SM] Blaming: autodifficultypatch.smx
L 06/02/2017 - 06:04:37: [SM] Call stack trace:
L 06/02/2017 - 06:04:37: [SM]   [0] GetEntPropString
L 06/02/2017 - 06:04:37: [SM]   [1] Line 1421, C:\Users\EthorbitV2\Desktop\sourcemodbackup\sourcemod\addons\sourcemod\scripting\autodifficultypatch.sp::FindEntityByTargetName
L 06/02/2017 - 06:04:37: [SM]   [2] Line 125, C:\Users\EthorbitV2\Desktop\sourcemodbackup\sourcemod\addons\sourcemod\scripting\autodifficultypatch.sp::UpdateHeadcrab
L 06/02/2017 - 06:04:37: [SM]   [3] Line 26, C:\Users\EthorbitV2\Desktop\sourcemodbackup\sourcemod\addons\sourcemod\scripting\autodifficultypatch.sp::OnClientDisconnect_Post
L 06/02/2017 - 06:05:09: [SM] Exception reported: Entity 2 (2) is invalid
L 06/02/2017 - 06:05:09: [SM] Blaming: autodifficultypatch.smx
L 06/02/2017 - 06:05:09: [SM] Call stack trace:
L 06/02/2017 - 06:05:09: [SM]   [0] GetEntPropString
L 06/02/2017 - 06:05:09: [SM]   [1] Line 1421, C:\Users\EthorbitV2\Desktop\sourcemodbackup\sourcemod\addons\sourcemod\scripting\autodifficultypatch.sp::FindEntityByTargetName
L 06/02/2017 - 06:05:09: [SM]   [2] Line 117, C:\Users\EthorbitV2\Desktop\sourcemodbackup\sourcemod\addons\sourcemod\scripting\autodifficultypatch.sp::UpdateHeadcrab
L 06/02/2017 - 06:05:09: [SM]   [3] Line 26, C:\Users\EthorbitV2\Desktop\sourcemodbackup\sourcemod\addons\sourcemod\scripting\autodifficultypatch.sp::OnClientDisconnect_Post
L 06/02/2017 - 06:13:11: [SM] Exception reported: Entity 1 (1) is invalid
L 06/02/2017 - 06:13:11: [SM] Blaming: autodifficultypatch.smx
L 06/02/2017 - 06:13:11: [SM] Call stack trace:
L 06/02/2017 - 06:13:11: [SM]   [0] GetEntPropString
L 06/02/2017 - 06:13:11: [SM]   [1] Line 1421, C:\Users\EthorbitV2\Desktop\sourcemodbackup\sourcemod\addons\sourcemod\scripting\autodifficultypatch.sp::FindEntityByTargetName
L 06/02/2017 - 06:13:11: [SM]   [2] Line 117, C:\Users\EthorbitV2\Desktop\sourcemodbackup\sourcemod\addons\sourcemod\scripting\autodifficultypatch.sp::UpdateHeadcrab
L 06/02/2017 - 06:13:11: [SM]   [3] Line 26, C:\Users\EthorbitV2\Desktop\sourcemodbackup\sourcemod\addons\sourcemod\scripting\autodifficultypatch.sp::OnClientDisconnect_Post
L 06/02/2017 - 06:13:39: [SM] Exception reported: Entity 3 (3) is invalid
L 06/02/2017 - 06:13:39: [SM] Blaming: autodifficultypatch.smx
L 06/02/2017 - 06:13:39: [SM] Call stack trace:
L 06/02/2017 - 06:13:39: [SM]   [0] GetEntPropString
L 06/02/2017 - 06:13:39: [SM]   [1] Line 1421, C:\Users\EthorbitV2\Desktop\sourcemodbackup\sourcemod\addons\sourcemod\scripting\autodifficultypatch.sp::FindEntityByTargetName
L 06/02/2017 - 06:13:39: [SM]   [2] Line 109, C:\Users\EthorbitV2\Desktop\sourcemodbackup\sourcemod\addons\sourcemod\scripting\autodifficultypatch.sp::UpdateHeadcrab
L 06/02/2017 - 06:13:39: [SM]   [3] Line 26, C:\Users\EthorbitV2\Desktop\sourcemodbackup\sourcemod\addons\sourcemod\scripting\autodifficultypatch.sp::OnClientDisconnect_Post
L 06/02/2017 - 06:59:10: Error log file session closed.
L 06/02/2017 - 06:59:10: SourceMod error session started
L 06/02/2017 - 06:59:10: Info (map "dm_raven_m") (file "errors_20170602.log")
L 06/02/2017 - 06:59:10: [SM] Fatal error encountered parsing translation file "savescores.phrases.txt"
L 06/02/2017 - 06:59:10: [SM] Error (line 0, column 0): Stream failed to open
L 06/02/2017 - 06:59:10: [SM] Fatal error encountered parsing translation file "customvotes.phrases.txt"
L 06/02/2017 - 06:59:10: [SM] Error (line 0, column 0): Stream failed to open
L 06/02/2017 - 07:59:20: Error log file session closed.
L 06/02/2017 - 07:59:20: SourceMod error session started
L 06/02/2017 - 07:59:20: Info (map "pb_z_disorder_m") (file "errors_20170602.log")
L 06/02/2017 - 07:59:20: [SM] Fatal error encountered parsing translation file "savescores.phrases.txt"
L 06/02/2017 - 07:59:20: [SM] Error (line 0, column 0): Stream failed to open
L 06/02/2017 - 07:59:20: [SM] Fatal error encountered parsing translation file "customvotes.phrases.txt"
L 06/02/2017 - 07:59:20: [SM] Error (line 0, column 0): Stream failed to open
L 06/02/2017 - 08:59:30: Error log file session closed.
L 06/02/2017 - 08:59:30: SourceMod error session started
L 06/02/2017 - 08:59:30: Info (map "pb_z_high_school_m") (file "errors_20170602.log")
L 06/02/2017 - 08:59:30: [SM] Fatal error encountered parsing translation file "savescores.phrases.txt"
L 06/02/2017 - 08:59:30: [SM] Error (line 0, column 0): Stream failed to open
L 06/02/2017 - 08:59:30: [SM] Fatal error encountered parsing translation file "customvotes.phrases.txt"
L 06/02/2017 - 08:59:30: [SM] Error (line 0, column 0): Stream failed to open
L 06/02/2017 - 09:08:01: [SM] Exception reported: Entity 1 (1) is invalid
L 06/02/2017 - 09:08:01: [SM] Blaming: autodifficultypatch.smx
L 06/02/2017 - 09:08:01: [SM] Call stack trace:
L 06/02/2017 - 09:08:01: [SM]   [0] GetEntPropString
L 06/02/2017 - 09:08:01: [SM]   [1] Line 1421, C:\Users\EthorbitV2\Desktop\sourcemodbackup\sourcemod\addons\sourcemod\scripting\autodifficultypatch.sp::FindEntityByTargetName
L 06/02/2017 - 09:08:01: [SM]   [2] Line 1195, C:\Users\EthorbitV2\Desktop\sourcemodbackup\sourcemod\addons\sourcemod\scripting\autodifficultypatch.sp::UpdateHeadcrab
L 06/02/2017 - 09:08:01: [SM]   [3] Line 26, C:\Users\EthorbitV2\Desktop\sourcemodbackup\sourcemod\addons\sourcemod\scripting\autodifficultypatch.sp::OnClientDisconnect_Post
L 06/02/2017 - 09:09:58: [SM] Exception reported: Language phrase "Score restored" not found
L 06/02/2017 - 09:09:58: [SM] Blaming: savescores.smx
L 06/02/2017 - 09:09:58: [SM] Call stack trace:
L 06/02/2017 - 09:09:58: [SM]   [0] VFormat
L 06/02/2017 - 09:09:58: [SM]   [1] Line 60, D:\Source-Servers\css_sm_1.2.4\cstrike\addons\sourcemod\scripting\include\colors.inc::CPrintToChat
L 06/02/2017 - 09:09:58: [SM]   [2] Line 649, D:\Source-Servers\css_sm_1.2.4\cstrike\addons\sourcemod\scripting\savescores.sp::SetPlayerScore
L 06/02/2017 - 09:20:58: [SM] Exception reported: Entity 1 (1) is invalid
L 06/02/2017 - 09:20:58: [SM] Blaming: autodifficultypatch.smx
L 06/02/2017 - 09:20:58: [SM] Call stack trace:
L 06/02/2017 - 09:20:58: [SM]   [0] GetEntPropString
L 06/02/2017 - 09:20:58: [SM]   [1] Line 1421, C:\Users\EthorbitV2\Desktop\sourcemodbackup\sourcemod\addons\sourcemod\scripting\autodifficultypatch.sp::FindEntityByTargetName
L 06/02/2017 - 09:20:58: [SM]   [2] Line 1195, C:\Users\EthorbitV2\Desktop\sourcemodbackup\sourcemod\addons\sourcemod\scripting\autodifficultypatch.sp::UpdateHeadcrab
L 06/02/2017 - 09:20:58: [SM]   [3] Line 26, C:\Users\EthorbitV2\Desktop\sourcemodbackup\sourcemod\addons\sourcemod\scripting\autodifficultypatch.sp::OnClientDisconnect_Post
L 06/02/2017 - 09:35:25: [SM] Exception reported: Entity 1 (1) is invalid
L 06/02/2017 - 09:35:25: [SM] Blaming: autodifficultypatch.smx
L 06/02/2017 - 09:35:25: [SM] Call stack trace:
L 06/02/2017 - 09:35:25: [SM]   [0] GetEntPropString
L 06/02/2017 - 09:35:25: [SM]   [1] Line 1421, C:\Users\EthorbitV2\Desktop\sourcemodbackup\sourcemod\addons\sourcemod\scripting\autodifficultypatch.sp::FindEntityByTargetName
L 06/02/2017 - 09:35:25: [SM]   [2] Line 1195, C:\Users\EthorbitV2\Desktop\sourcemodbackup\sourcemod\addons\sourcemod\scripting\autodifficultypatch.sp::UpdateHeadcrab
L 06/02/2017 - 09:35:25: [SM]   [3] Line 26, C:\Users\EthorbitV2\Desktop\sourcemodbackup\sourcemod\addons\sourcemod\scripting\autodifficultypatch.sp::OnClientDisconnect_Post
L 06/02/2017 - 09:59:40: Error log file session closed.
L 06/02/2017 - 09:59:40: SourceMod error session started
L 06/02/2017 - 09:59:40: Info (map "dm_october_m") (file "errors_20170602.log")
L 06/02/2017 - 09:59:40: [SM] Fatal error encountered parsing translation file "savescores.phrases.txt"
L 06/02/2017 - 09:59:40: [SM] Error (line 0, column 0): Stream failed to open
L 06/02/2017 - 09:59:40: [SM] Fatal error encountered parsing translation file "customvotes.phrases.txt"
L 06/02/2017 - 09:59:40: [SM] Error (line 0, column 0): Stream failed to open
L 06/02/2017 - 10:59:50: Error log file session closed.
L 06/02/2017 - 10:59:50: SourceMod error session started
L 06/02/2017 - 10:59:50: Info (map "dm_mine_entrance_m") (file "errors_20170602.log")
L 06/02/2017 - 10:59:50: [SM] Fatal error encountered parsing translation file "savescores.phrases.txt"
L 06/02/2017 - 10:59:50: [SM] Error (line 0, column 0): Stream failed to open
L 06/02/2017 - 10:59:50: [SM] Fatal error encountered parsing translation file "customvotes.phrases.txt"
L 06/02/2017 - 10:59:50: [SM] Error (line 0, column 0): Stream failed to open
L 06/02/2017 - 11:20:58: [SM] Exception reported: Entity 1 (1) is invalid
L 06/02/2017 - 11:20:58: [SM] Blaming: autodifficultypatch.smx
L 06/02/2017 - 11:20:58: [SM] Call stack trace:
L 06/02/2017 - 11:20:58: [SM]   [0] GetEntPropString
L 06/02/2017 - 11:20:58: [SM]   [1] Line 1421, C:\Users\EthorbitV2\Desktop\sourcemodbackup\sourcemod\addons\sourcemod\scripting\autodifficultypatch.sp::FindEntityByTargetName
L 06/02/2017 - 11:20:58: [SM]   [2] Line 1044, C:\Users\EthorbitV2\Desktop\sourcemodbackup\sourcemod\addons\sourcemod\scripting\autodifficultypatch.sp::UpdateHeadcrab
L 06/02/2017 - 11:20:58: [SM]   [3] Line 26, C:\Users\EthorbitV2\Desktop\sourcemodbackup\sourcemod\addons\sourcemod\scripting\autodifficultypatch.sp::OnClientDisconnect_Post
L 06/02/2017 - 12:00:00: [SM] Exception reported: Entity 1 (1) is invalid
L 06/02/2017 - 12:00:00: [SM] Blaming: autodifficultypatch.smx
L 06/02/2017 - 12:00:00: [SM] Call stack trace:
L 06/02/2017 - 12:00:00: [SM]   [0] GetEntPropString
L 06/02/2017 - 12:00:00: [SM]   [1] Line 1421, C:\Users\EthorbitV2\Desktop\sourcemodbackup\sourcemod\addons\sourcemod\scripting\autodifficultypatch.sp::FindEntityByTargetName
L 06/02/2017 - 12:00:00: [SM]   [2] Line 1052, C:\Users\EthorbitV2\Desktop\sourcemodbackup\sourcemod\addons\sourcemod\scripting\autodifficultypatch.sp::UpdateHeadcrab
L 06/02/2017 - 12:00:00: [SM]   [3] Line 26, C:\Users\EthorbitV2\Desktop\sourcemodbackup\sourcemod\addons\sourcemod\scripting\autodifficultypatch.sp::OnClientDisconnect_Post
L 06/02/2017 - 12:00:00: [SM] Exception reported: Entity 2 (2) is invalid
L 06/02/2017 - 12:00:00: [SM] Blaming: autodifficultypatch.smx
L 06/02/2017 - 12:00:00: [SM] Call stack trace:
L 06/02/2017 - 12:00:00: [SM]   [0] GetEntPropString
L 06/02/2017 - 12:00:00: [SM]   [1] Line 1421, C:\Users\EthorbitV2\Desktop\sourcemodbackup\sourcemod\addons\sourcemod\scripting\autodifficultypatch.sp::FindEntityByTargetName
L 06/02/2017 - 12:00:00: [SM]   [2] Line 1044, C:\Users\EthorbitV2\Desktop\sourcemodbackup\sourcemod\addons\sourcemod\scripting\autodifficultypatch.sp::UpdateHeadcrab
L 06/02/2017 - 12:00:00: [SM]   [3] Line 26, C:\Users\EthorbitV2\Desktop\sourcemodbackup\sourcemod\addons\sourcemod\scripting\autodifficultypatch.sp::OnClientDisconnect_Post
L 06/02/2017 - 12:00:00: Error log file session closed.
L 06/02/2017 - 12:00:00: SourceMod error session started
L 06/02/2017 - 12:00:00: Info (map "dm_hellsdistrict_m") (file "errors_20170602.log")
L 06/02/2017 - 12:00:00: [SM] Fatal error encountered parsing translation file "savescores.phrases.txt"
L 06/02/2017 - 12:00:00: [SM] Error (line 0, column 0): Stream failed to open
L 06/02/2017 - 12:00:00: [SM] Fatal error encountered parsing translation file "customvotes.phrases.txt"
L 06/02/2017 - 12:00:00: [SM] Error (line 0, column 0): Stream failed to open
L 06/02/2017 - 12:04:03: Error log file session closed.
L 06/02/2017 - 12:04:03: SourceMod error session started
L 06/02/2017 - 12:04:03: Info (map "dm_cave_m") (file "errors_20170602.log")
L 06/02/2017 - 12:04:03: [SM] Fatal error encountered parsing translation file "savescores.phrases.txt"
L 06/02/2017 - 12:04:03: [SM] Error (line 0, column 0): Stream failed to open
L 06/02/2017 - 12:04:03: [SM] Fatal error encountered parsing translation file "customvotes.phrases.txt"
L 06/02/2017 - 12:04:03: [SM] Error (line 0, column 0): Stream failed to open
L 06/02/2017 - 12:13:31: [SM] Exception reported: Entity 1 (1) is invalid
L 06/02/2017 - 12:13:31: [SM] Blaming: autodifficultypatch.smx
L 06/02/2017 - 12:13:31: [SM] Call stack trace:
L 06/02/2017 - 12:13:31: [SM]   [0] GetEntPropString
L 06/02/2017 - 12:13:31: [SM]   [1] Line 1421, C:\Users\EthorbitV2\Desktop\sourcemodbackup\sourcemod\addons\sourcemod\scripting\autodifficultypatch.sp::FindEntityByTargetName
L 06/02/2017 - 12:13:31: [SM]   [2] Line 602, C:\Users\EthorbitV2\Desktop\sourcemodbackup\sourcemod\addons\sourcemod\scripting\autodifficultypatch.sp::UpdateHeadcrab
L 06/02/2017 - 12:13:31: [SM]   [3] Line 26, C:\Users\EthorbitV2\Desktop\sourcemodbackup\sourcemod\addons\sourcemod\scripting\autodifficultypatch.sp::OnClientDisconnect_Post
L 06/02/2017 - 12:13:31: [SM] Exception reported: Entity 2 (2) is invalid
L 06/02/2017 - 12:13:31: [SM] Blaming: autodifficultypatch.smx
L 06/02/2017 - 12:13:31: [SM] Call stack trace:
L 06/02/2017 - 12:13:31: [SM]   [0] GetEntPropString
L 06/02/2017 - 12:13:31: [SM]   [1] Line 1421, C:\Users\EthorbitV2\Desktop\sourcemodbackup\sourcemod\addons\sourcemod\scripting\autodifficultypatch.sp::FindEntityByTargetName
L 06/02/2017 - 12:13:31: [SM]   [2] Line 594, C:\Users\EthorbitV2\Desktop\sourcemodbackup\sourcemod\addons\sourcemod\scripting\autodifficultypatch.sp::UpdateHeadcrab
L 06/02/2017 - 12:13:31: [SM]   [3] Line 26, C:\Users\EthorbitV2\Desktop\sourcemodbackup\sourcemod\addons\sourcemod\scripting\autodifficultypatch.sp::OnClientDisconnect_Post
L 06/02/2017 - 12:13:31: Error log file session closed.
L 06/02/2017 - 12:13:31: SourceMod error session started
L 06/02/2017 - 12:13:31: Info (map "dm_coldruins_rc1_m") (file "errors_20170602.log")
L 06/02/2017 - 12:13:31: [SM] Fatal error encountered parsing translation file "savescores.phrases.txt"
L 06/02/2017 - 12:13:31: [SM] Error (line 0, column 0): Stream failed to open
L 06/02/2017 - 12:13:31: [SM] Fatal error encountered parsing translation file "customvotes.phrases.txt"
L 06/02/2017 - 12:13:31: [SM] Error (line 0, column 0): Stream failed to open
L 06/02/2017 - 12:36:59: [SM] Exception reported: Entity 1 (1) is invalid
L 06/02/2017 - 12:36:59: [SM] Blaming: autodifficultypatch.smx
L 06/02/2017 - 12:36:59: [SM] Call stack trace:
L 06/02/2017 - 12:36:59: [SM]   [0] GetEntPropString
L 06/02/2017 - 12:36:59: [SM]   [1] Line 1421, C:\Users\EthorbitV2\Desktop\sourcemodbackup\sourcemod\addons\sourcemod\scripting\autodifficultypatch.sp::FindEntityByTargetName
L 06/02/2017 - 12:36:59: [SM]   [2] Line 693, C:\Users\EthorbitV2\Desktop\sourcemodbackup\sourcemod\addons\sourcemod\scripting\autodifficultypatch.sp::UpdateHeadcrab
L 06/02/2017 - 12:36:59: [SM]   [3] Line 26, C:\Users\EthorbitV2\Desktop\sourcemodbackup\sourcemod\addons\sourcemod\scripting\autodifficultypatch.sp::OnClientDisconnect_Post
L 06/02/2017 - 12:36:59: [SM] Exception reported: Entity 2 (2) is invalid
L 06/02/2017 - 12:36:59: [SM] Blaming: autodifficultypatch.smx
L 06/02/2017 - 12:36:59: [SM] Call stack trace:
L 06/02/2017 - 12:36:59: [SM]   [0] GetEntPropString
L 06/02/2017 - 12:36:59: [SM]   [1] Line 1421, C:\Users\EthorbitV2\Desktop\sourcemodbackup\sourcemod\addons\sourcemod\scripting\autodifficultypatch.sp::FindEntityByTargetName
L 06/02/2017 - 12:36:59: [SM]   [2] Line 685, C:\Users\EthorbitV2\Desktop\sourcemodbackup\sourcemod\addons\sourcemod\scripting\autodifficultypatch.sp::UpdateHeadcrab
L 06/02/2017 - 12:36:59: [SM]   [3] Line 26, C:\Users\EthorbitV2\Desktop\sourcemodbackup\sourcemod\addons\sourcemod\scripting\autodifficultypatch.sp::OnClientDisconnect_Post
L 06/02/2017 - 12:36:59: [SM] Exception reported: Entity 3 (3) is invalid
L 06/02/2017 - 12:36:59: [SM] Blaming: autodifficultypatch.smx
L 06/02/2017 - 12:36:59: [SM] Call stack trace:
L 06/02/2017 - 12:36:59: [SM]   [0] GetEntPropString
L 06/02/2017 - 12:36:59: [SM]   [1] Line 1421, C:\Users\EthorbitV2\Desktop\sourcemodbackup\sourcemod\addons\sourcemod\scripting\autodifficultypatch.sp::FindEntityByTargetName
L 06/02/2017 - 12:36:59: [SM]   [2] Line 677, C:\Users\EthorbitV2\Desktop\sourcemodbackup\sourcemod\addons\sourcemod\scripting\autodifficultypatch.sp::UpdateHeadcrab
L 06/02/2017 - 12:36:59: [SM]   [3] Line 26, C:\Users\EthorbitV2\Desktop\sourcemodbackup\sourcemod\addons\sourcemod\scripting\autodifficultypatch.sp::OnClientDisconnect_Post
L 06/02/2017 - 12:36:59: [SM] Exception reported: Entity 4 (4) is invalid
L 06/02/2017 - 12:36:59: [SM] Blaming: autodifficultypatch.smx
L 06/02/2017 - 12:36:59: [SM] Call stack trace:
L 06/02/2017 - 12:36:59: [SM]   [0] GetEntPropString
L 06/02/2017 - 12:36:59: [SM]   [1] Line 1421, C:\Users\EthorbitV2\Desktop\sourcemodbackup\sourcemod\addons\sourcemod\scripting\autodifficultypatch.sp::FindEntityByTargetName
L 06/02/2017 - 12:36:59: [SM]   [2] Line 669, C:\Users\EthorbitV2\Desktop\sourcemodbackup\sourcemod\addons\sourcemod\scripting\autodifficultypatch.sp::UpdateHeadcrab
L 06/02/2017 - 12:36:59: [SM]   [3] Line 26, C:\Users\EthorbitV2\Desktop\sourcemodbackup\sourcemod\addons\sourcemod\scripting\autodifficultypatch.sp::OnClientDisconnect_Post
L 06/02/2017 - 12:37:00: Error log file session closed.
L 06/02/2017 - 12:37:00: SourceMod error session started
L 06/02/2017 - 12:37:00: Info (map "pb_z_area51_m") (file "errors_20170602.log")
L 06/02/2017 - 12:37:00: [SM] Fatal error encountered parsing translation file "savescores.phrases.txt"
L 06/02/2017 - 12:37:00: [SM] Error (line 0, column 0): Stream failed to open
L 06/02/2017 - 12:37:00: [SM] Fatal error encountered parsing translation file "customvotes.phrases.txt"
L 06/02/2017 - 12:37:00: [SM] Error (line 0, column 0): Stream failed to open
L 06/02/2017 - 12:41:34: [SM] Exception reported: Entity 2 (2) is invalid
L 06/02/2017 - 12:41:34: [SM] Blaming: autodifficultypatch.smx
L 06/02/2017 - 12:41:34: [SM] Call stack trace:
L 06/02/2017 - 12:41:34: [SM]   [0] GetEntPropString
L 06/02/2017 - 12:41:34: [SM]   [1] Line 1421, C:\Users\EthorbitV2\Desktop\sourcemodbackup\sourcemod\addons\sourcemod\scripting\autodifficultypatch.sp::FindEntityByTargetName
L 06/02/2017 - 12:41:34: [SM]   [2] Line 1295, C:\Users\EthorbitV2\Desktop\sourcemodbackup\sourcemod\addons\sourcemod\scripting\autodifficultypatch.sp::UpdateHeadcrab
L 06/02/2017 - 12:41:34: [SM]   [3] Line 26, C:\Users\EthorbitV2\Desktop\sourcemodbackup\sourcemod\addons\sourcemod\scripting\autodifficultypatch.sp::OnClientDisconnect_Post
L 06/02/2017 - 12:41:57: [SM] Exception reported: Entity 1 (1) is invalid
L 06/02/2017 - 12:41:57: [SM] Blaming: autodifficultypatch.smx
L 06/02/2017 - 12:41:57: [SM] Call stack trace:
L 06/02/2017 - 12:41:57: [SM]   [0] GetEntPropString
L 06/02/2017 - 12:41:57: [SM]   [1] Line 1421, C:\Users\EthorbitV2\Desktop\sourcemodbackup\sourcemod\addons\sourcemod\scripting\autodifficultypatch.sp::FindEntityByTargetName
L 06/02/2017 - 12:41:57: [SM]   [2] Line 1287, C:\Users\EthorbitV2\Desktop\sourcemodbackup\sourcemod\addons\sourcemod\scripting\autodifficultypatch.sp::UpdateHeadcrab
L 06/02/2017 - 12:41:57: [SM]   [3] Line 26, C:\Users\EthorbitV2\Desktop\sourcemodbackup\sourcemod\addons\sourcemod\scripting\autodifficultypatch.sp::OnClientDisconnect_Post
L 06/02/2017 - 12:41:57: [SM] Exception reported: Entity 3 (3) is invalid
L 06/02/2017 - 12:41:57: [SM] Blaming: autodifficultypatch.smx
L 06/02/2017 - 12:41:57: [SM] Call stack trace:
L 06/02/2017 - 12:41:57: [SM]   [0] GetEntPropString
L 06/02/2017 - 12:41:57: [SM]   [1] Line 1421, C:\Users\EthorbitV2\Desktop\sourcemodbackup\sourcemod\addons\sourcemod\scripting\autodifficultypatch.sp::FindEntityByTargetName
L 06/02/2017 - 12:41:57: [SM]   [2] Line 1279, C:\Users\EthorbitV2\Desktop\sourcemodbackup\sourcemod\addons\sourcemod\scripting\autodifficultypatch.sp::UpdateHeadcrab
L 06/02/2017 - 12:41:57: [SM]   [3] Line 26, C:\Users\EthorbitV2\Desktop\sourcemodbackup\sourcemod\addons\sourcemod\scripting\autodifficultypatch.sp::OnClientDisconnect_Post
L 06/02/2017 - 12:41:57: [SM] Exception reported: Entity 4 (4) is invalid
L 06/02/2017 - 12:41:57: [SM] Blaming: autodifficultypatch.smx
L 06/02/2017 - 12:41:57: [SM] Call stack trace:
L 06/02/2017 - 12:41:57: [SM]   [0] GetEntPropString
L 06/02/2017 - 12:41:57: [SM]   [1] Line 1421, C:\Users\EthorbitV2\Desktop\sourcemodbackup\sourcemod\addons\sourcemod\scripting\autodifficultypatch.sp::FindEntityByTargetName
L 06/02/2017 - 12:41:57: [SM]   [2] Line 1271, C:\Users\EthorbitV2\Desktop\sourcemodbackup\sourcemod\addons\sourcemod\scripting\autodifficultypatch.sp::UpdateHeadcrab
L 06/02/2017 - 12:41:57: [SM]   [3] Line 26, C:\Users\EthorbitV2\Desktop\sourcemodbackup\sourcemod\addons\sourcemod\scripting\autodifficultypatch.sp::OnClientDisconnect_Post
L 06/02/2017 - 12:41:57: Error log file session closed.
L 06/02/2017 - 12:41:57: SourceMod error session started
L 06/02/2017 - 12:41:57: Info (map "dm_laststop_m") (file "errors_20170602.log")
L 06/02/2017 - 12:41:57: [SM] Fatal error encountered parsing translation file "savescores.phrases.txt"
L 06/02/2017 - 12:41:57: [SM] Error (line 0, column 0): Stream failed to open
L 06/02/2017 - 12:41:57: [SM] Fatal error encountered parsing translation file "customvotes.phrases.txt"
L 06/02/2017 - 12:41:57: [SM] Error (line 0, column 0): Stream failed to open
L 06/02/2017 - 12:48:42: [SM] Exception reported: Entity 4 (4) is invalid
L 06/02/2017 - 12:48:42: [SM] Blaming: autodifficultypatch.smx
L 06/02/2017 - 12:48:42: [SM] Call stack trace:
L 06/02/2017 - 12:48:42: [SM]   [0] GetEntPropString
L 06/02/2017 - 12:48:42: [SM]   [1] Line 1421, C:\Users\EthorbitV2\Desktop\sourcemodbackup\sourcemod\addons\sourcemod\scripting\autodifficultypatch.sp::FindEntityByTargetName
L 06/02/2017 - 12:48:42: [SM]   [2] Line 910, C:\Users\EthorbitV2\Desktop\sourcemodbackup\sourcemod\addons\sourcemod\scripting\autodifficultypatch.sp::UpdateHeadcrab
L 06/02/2017 - 12:48:42: [SM]   [3] Line 26, C:\Users\EthorbitV2\Desktop\sourcemodbackup\sourcemod\addons\sourcemod\scripting\autodifficultypatch.sp::OnClientDisconnect_Post
L 06/02/2017 - 12:49:48: [SM] Exception reported: Entity 3 (3) is invalid
L 06/02/2017 - 12:49:48: [SM] Blaming: autodifficultypatch.smx
L 06/02/2017 - 12:49:48: [SM] Call stack trace:
L 06/02/2017 - 12:49:48: [SM]   [0] GetEntPropString
L 06/02/2017 - 12:49:48: [SM]   [1] Line 1421, C:\Users\EthorbitV2\Desktop\sourcemodbackup\sourcemod\addons\sourcemod\scripting\autodifficultypatch.sp::FindEntityByTargetName
L 06/02/2017 - 12:49:48: [SM]   [2] Line 902, C:\Users\EthorbitV2\Desktop\sourcemodbackup\sourcemod\addons\sourcemod\scripting\autodifficultypatch.sp::UpdateHeadcrab
L 06/02/2017 - 12:49:48: [SM]   [3] Line 26, C:\Users\EthorbitV2\Desktop\sourcemodbackup\sourcemod\addons\sourcemod\scripting\autodifficultypatch.sp::OnClientDisconnect_Post
L 06/02/2017 - 13:21:36: [SM] Exception reported: Entity 1 (1) is invalid
L 06/02/2017 - 13:21:36: [SM] Blaming: autodifficultypatch.smx
L 06/02/2017 - 13:21:36: [SM] Call stack trace:
L 06/02/2017 - 13:21:36: [SM]   [0] GetEntPropString
L 06/02/2017 - 13:21:36: [SM]   [1] Line 1421, C:\Users\EthorbitV2\Desktop\sourcemodbackup\sourcemod\addons\sourcemod\scripting\autodifficultypatch.sp::FindEntityByTargetName
L 06/02/2017 - 13:21:36: [SM]   [2] Line 894, C:\Users\EthorbitV2\Desktop\sourcemodbackup\sourcemod\addons\sourcemod\scripting\autodifficultypatch.sp::UpdateHeadcrab
L 06/02/2017 - 13:21:36: [SM]   [3] Line 26, C:\Users\EthorbitV2\Desktop\sourcemodbackup\sourcemod\addons\sourcemod\scripting\autodifficultypatch.sp::OnClientDisconnect_Post
L 06/02/2017 - 13:31:27: [SM] Exception reported: Entity 1 (1) is invalid
L 06/02/2017 - 13:31:27: [SM] Blaming: autodifficultypatch.smx
L 06/02/2017 - 13:31:27: [SM] Call stack trace:
L 06/02/2017 - 13:31:27: [SM]   [0] GetEntPropString
L 06/02/2017 - 13:31:27: [SM]   [1] Line 1421, C:\Users\EthorbitV2\Desktop\sourcemodbackup\sourcemod\addons\sourcemod\scripting\autodifficultypatch.sp::FindEntityByTargetName
L 06/02/2017 - 13:31:27: [SM]   [2] Line 894, C:\Users\EthorbitV2\Desktop\sourcemodbackup\sourcemod\addons\sourcemod\scripting\autodifficultypatch.sp::UpdateHeadcrab
L 06/02/2017 - 13:31:27: [SM]   [3] Line 26, C:\Users\EthorbitV2\Desktop\sourcemodbackup\sourcemod\addons\sourcemod\scripting\autodifficultypatch.sp::OnClientDisconnect_Post
L 06/02/2017 - 13:31:57: [SM] Exception reported: Entity 1 (1) is invalid
L 06/02/2017 - 13:31:57: [SM] Blaming: autodifficultypatch.smx
L 06/02/2017 - 13:31:57: [SM] Call stack trace:
L 06/02/2017 - 13:31:57: [SM]   [0] GetEntPropString
L 06/02/2017 - 13:31:57: [SM]   [1] Line 1421, C:\Users\EthorbitV2\Desktop\sourcemodbackup\sourcemod\addons\sourcemod\scripting\autodifficultypatch.sp::FindEntityByTargetName
L 06/02/2017 - 13:31:57: [SM]   [2] Line 894, C:\Users\EthorbitV2\Desktop\sourcemodbackup\sourcemod\addons\sourcemod\scripting\autodifficultypatch.sp::UpdateHeadcrab
L 06/02/2017 - 13:31:57: [SM]   [3] Line 26, C:\Users\EthorbitV2\Desktop\sourcemodbackup\sourcemod\addons\sourcemod\scripting\autodifficultypatch.sp::OnClientDisconnect_Post
L 06/02/2017 - 13:31:58: Error log file session closed.
L 06/02/2017 - 13:31:58: SourceMod error session started
L 06/02/2017 - 13:31:58: Info (map "pb_z_earthquake_m") (file "errors_20170602.log")
L 06/02/2017 - 13:31:58: [SM] Fatal error encountered parsing translation file "savescores.phrases.txt"
L 06/02/2017 - 13:31:58: [SM] Error (line 0, column 0): Stream failed to open
L 06/02/2017 - 13:31:58: [SM] Fatal error encountered parsing translation file "customvotes.phrases.txt"
L 06/02/2017 - 13:31:58: [SM] Error (line 0, column 0): Stream failed to open
L 06/02/2017 - 13:39:02: [SM] Exception reported: Entity 1 (1) is invalid
L 06/02/2017 - 13:39:02: [SM] Blaming: autodifficultypatch.smx
L 06/02/2017 - 13:39:02: [SM] Call stack trace:
L 06/02/2017 - 13:39:02: [SM]   [0] GetEntPropString
L 06/02/2017 - 13:39:02: [SM]   [1] Line 1421, C:\Users\EthorbitV2\Desktop\sourcemodbackup\sourcemod\addons\sourcemod\scripting\autodifficultypatch.sp::FindEntityByTargetName
L 06/02/2017 - 13:39:02: [SM]   [2] Line 819, C:\Users\EthorbitV2\Desktop\sourcemodbackup\sourcemod\addons\sourcemod\scripting\autodifficultypatch.sp::UpdateHeadcrab
L 06/02/2017 - 13:39:02: [SM]   [3] Line 26, C:\Users\EthorbitV2\Desktop\sourcemodbackup\sourcemod\addons\sourcemod\scripting\autodifficultypatch.sp::OnClientDisconnect_Post
L 06/02/2017 - 13:39:03: Error log file session closed.
L 06/02/2017 - 13:39:03: SourceMod error session started
L 06/02/2017 - 13:39:03: Info (map "pb_z_high_school_m") (file "errors_20170602.log")
L 06/02/2017 - 13:39:03: [SM] Fatal error encountered parsing translation file "savescores.phrases.txt"
L 06/02/2017 - 13:39:03: [SM] Error (line 0, column 0): Stream failed to open
L 06/02/2017 - 13:39:03: [SM] Fatal error encountered parsing translation file "customvotes.phrases.txt"
L 06/02/2017 - 13:39:03: [SM] Error (line 0, column 0): Stream failed to open
L 06/02/2017 - 13:50:49: [SM] Exception reported: Entity 1 (1) is invalid
L 06/02/2017 - 13:50:49: [SM] Blaming: autodifficultypatch.smx
L 06/02/2017 - 13:50:49: [SM] Call stack trace:
L 06/02/2017 - 13:50:49: [SM]   [0] GetEntPropString
L 06/02/2017 - 13:50:49: [SM]   [1] Line 1421, C:\Users\EthorbitV2\Desktop\sourcemodbackup\sourcemod\addons\sourcemod\scripting\autodifficultypatch.sp::FindEntityByTargetName
L 06/02/2017 - 13:50:49: [SM]   [2] Line 1195, C:\Users\EthorbitV2\Desktop\sourcemodbackup\sourcemod\addons\sourcemod\scripting\autodifficultypatch.sp::UpdateHeadcrab
L 06/02/2017 - 13:50:49: [SM]   [3] Line 26, C:\Users\EthorbitV2\Desktop\sourcemodbackup\sourcemod\addons\sourcemod\scripting\autodifficultypatch.sp::OnClientDisconnect_Post
L 06/02/2017 - 14:05:33: [SM] Exception reported: Entity 1 (1) is invalid
L 06/02/2017 - 14:05:33: [SM] Blaming: autodifficultypatch.smx
L 06/02/2017 - 14:05:33: [SM] Call stack trace:
L 06/02/2017 - 14:05:33: [SM]   [0] GetEntPropString
L 06/02/2017 - 14:05:33: [SM]   [1] Line 1421, C:\Users\EthorbitV2\Desktop\sourcemodbackup\sourcemod\addons\sourcemod\scripting\autodifficultypatch.sp::FindEntityByTargetName
L 06/02/2017 - 14:05:33: [SM]   [2] Line 1195, C:\Users\EthorbitV2\Desktop\sourcemodbackup\sourcemod\addons\sourcemod\scripting\autodifficultypatch.sp::UpdateHeadcrab
L 06/02/2017 - 14:05:33: [SM]   [3] Line 26, C:\Users\EthorbitV2\Desktop\sourcemodbackup\sourcemod\addons\sourcemod\scripting\autodifficultypatch.sp::OnClientDisconnect_Post
L 06/02/2017 - 14:39:12: Error log file session closed.
L 06/02/2017 - 14:39:12: SourceMod error session started
L 06/02/2017 - 14:39:12: Info (map "dm_snowfall_m") (file "errors_20170602.log")
L 06/02/2017 - 14:39:12: [SM] Fatal error encountered parsing translation file "savescores.phrases.txt"
L 06/02/2017 - 14:39:12: [SM] Error (line 0, column 0): Stream failed to open
L 06/02/2017 - 14:39:12: [SM] Fatal error encountered parsing translation file "customvotes.phrases.txt"
L 06/02/2017 - 14:39:12: [SM] Error (line 0, column 0): Stream failed to open
L 06/02/2017 - 15:39:24: Error log file session closed.
L 06/02/2017 - 15:39:25: SourceMod error session started
L 06/02/2017 - 15:39:25: Info (map "dm_montana_m") (file "errors_20170602.log")
L 06/02/2017 - 15:39:25: [SM] Fatal error encountered parsing translation file "savescores.phrases.txt"
L 06/02/2017 - 15:39:25: [SM] Error (line 0, column 0): Stream failed to open
L 06/02/2017 - 15:39:25: [SM] Fatal error encountered parsing translation file "customvotes.phrases.txt"
L 06/02/2017 - 15:39:25: [SM] Error (line 0, column 0): Stream failed to open
L 06/02/2017 - 16:23:39: Error log file session closed.
L 06/02/2017 - 16:23:39: SourceMod error session started
L 06/02/2017 - 16:23:39: Info (map "dm_october_m") (file "errors_20170602.log")
L 06/02/2017 - 16:23:39: [SM] Fatal error encountered parsing translation file "savescores.phrases.txt"
L 06/02/2017 - 16:23:39: [SM] Error (line 0, column 0): Stream failed to open
L 06/02/2017 - 16:23:39: [SM] Fatal error encountered parsing translation file "customvotes.phrases.txt"
L 06/02/2017 - 16:23:39: [SM] Error (line 0, column 0): Stream failed to open
L 06/02/2017 - 16:24:36: SourceMod error session started
L 06/02/2017 - 16:24:36: Info (map "pb_z_high_school_m") (file "errors_20170602.log")
L 06/02/2017 - 16:24:36: [SDKTOOLS] Invalid detour address passed - Disabling detour to prevent crashes
L 06/02/2017 - 16:24:37: [SM] Unable to load extension "soundlib.ext": error code 0000007e
L 06/02/2017 - 16:24:37: [SM] Unable to load extension "config.ext": error code 0000007e
L 06/02/2017 - 16:24:37: [SM] Fatal error encountered parsing translation file "savescores.phrases.txt"
L 06/02/2017 - 16:24:37: [SM] Error (line 0, column 0): Stream failed to open
L 06/02/2017 - 16:24:37: [SM] Unable to load plugin "time-left-actions.smx": Required extension "Sound Info Library" file("soundlib.ext") not running
L 06/02/2017 - 16:26:48: [SM] Fatal error encountered parsing translation file "customvotes.phrases.txt"
L 06/02/2017 - 16:26:48: [SM] Error (line 0, column 0): Stream failed to open
L 06/02/2017 - 16:43:19: [SM] Exception reported: Entity 2 (2) is invalid
L 06/02/2017 - 16:43:19: [SM] Blaming: autodifficultypatch.smx
L 06/02/2017 - 16:43:19: [SM] Call stack trace:
L 06/02/2017 - 16:43:19: [SM]   [0] GetEntPropString
L 06/02/2017 - 16:43:19: [SM]   [1] Line 1421, C:\Users\EthorbitV2\Desktop\sourcemodbackup\sourcemod\addons\sourcemod\scripting\autodifficultypatch.sp::FindEntityByTargetName
L 06/02/2017 - 16:43:19: [SM]   [2] Line 1203, C:\Users\EthorbitV2\Desktop\sourcemodbackup\sourcemod\addons\sourcemod\scripting\autodifficultypatch.sp::UpdateHeadcrab
L 06/02/2017 - 16:43:19: [SM]   [3] Line 26, C:\Users\EthorbitV2\Desktop\sourcemodbackup\sourcemod\addons\sourcemod\scripting\autodifficultypatch.sp::OnClientDisconnect_Post
L 06/02/2017 - 17:14:56: [SM] Exception reported: Entity 1 (1) is invalid
L 06/02/2017 - 17:14:56: [SM] Blaming: autodifficultypatch.smx
L 06/02/2017 - 17:14:56: [SM] Call stack trace:
L 06/02/2017 - 17:14:56: [SM]   [0] GetEntPropString
L 06/02/2017 - 17:14:56: [SM]   [1] Line 1421, C:\Users\EthorbitV2\Desktop\sourcemodbackup\sourcemod\addons\sourcemod\scripting\autodifficultypatch.sp::FindEntityByTargetName
L 06/02/2017 - 17:14:56: [SM]   [2] Line 1195, C:\Users\EthorbitV2\Desktop\sourcemodbackup\sourcemod\addons\sourcemod\scripting\autodifficultypatch.sp::UpdateHeadcrab
L 06/02/2017 - 17:14:56: [SM]   [3] Line 26, C:\Users\EthorbitV2\Desktop\sourcemodbackup\sourcemod\addons\sourcemod\scripting\autodifficultypatch.sp::OnClientDisconnect_Post
L 06/02/2017 - 17:25:20: [SM] Exception reported: Entity 1 (1) is invalid
L 06/02/2017 - 17:25:20: [SM] Blaming: autodifficultypatch.smx
L 06/02/2017 - 17:25:20: [SM] Call stack trace:
L 06/02/2017 - 17:25:20: [SM]   [0] GetEntPropString
L 06/02/2017 - 17:25:20: [SM]   [1] Line 1421, C:\Users\EthorbitV2\Desktop\sourcemodbackup\sourcemod\addons\sourcemod\scripting\autodifficultypatch.sp::FindEntityByTargetName
L 06/02/2017 - 17:25:20: [SM]   [2] Line 1195, C:\Users\EthorbitV2\Desktop\sourcemodbackup\sourcemod\addons\sourcemod\scripting\autodifficultypatch.sp::UpdateHeadcrab
L 06/02/2017 - 17:25:20: [SM]   [3] Line 26, C:\Users\EthorbitV2\Desktop\sourcemodbackup\sourcemod\addons\sourcemod\scripting\autodifficultypatch.sp::OnClientDisconnect_Post
L 06/02/2017 - 17:25:28: Error log file session closed.
L 06/02/2017 - 17:25:38: SourceMod error session started
L 06/02/2017 - 17:25:38: Info (map "dm_october_m") (file "errors_20170602.log")
L 06/02/2017 - 17:25:38: [SM] Fatal error encountered parsing translation file "savescores.phrases.txt"
L 06/02/2017 - 17:25:38: [SM] Error (line 0, column 0): Stream failed to open
L 06/02/2017 - 17:25:38: [SM] Fatal error encountered parsing translation file "customvotes.phrases.txt"
L 06/02/2017 - 17:25:38: [SM] Error (line 0, column 0): Stream failed to open
L 06/02/2017 - 17:42:09: Error log file session closed.
L 06/02/2017 - 17:42:09: SourceMod error session started
L 06/02/2017 - 17:42:09: Info (map "dm_coldruins_rc1_m") (file "errors_20170602.log")
L 06/02/2017 - 17:42:09: [SM] Fatal error encountered parsing translation file "savescores.phrases.txt"
L 06/02/2017 - 17:42:09: [SM] Error (line 0, column 0): Stream failed to open
L 06/02/2017 - 17:42:09: [SM] Fatal error encountered parsing translation file "customvotes.phrases.txt"
L 06/02/2017 - 17:42:09: [SM] Error (line 0, column 0): Stream failed to open
L 06/02/2017 - 17:55:44: [SM] Exception reported: Entity 1 (1) is invalid
L 06/02/2017 - 17:55:44: [SM] Blaming: autodifficultypatch.smx
L 06/02/2017 - 17:55:44: [SM] Call stack trace:
L 06/02/2017 - 17:55:44: [SM]   [0] GetEntPropString
L 06/02/2017 - 17:55:44: [SM]   [1] Line 1421, C:\Users\EthorbitV2\Desktop\sourcemodbackup\sourcemod\addons\sourcemod\scripting\autodifficultypatch.sp::FindEntityByTargetName
L 06/02/2017 - 17:55:44: [SM]   [2] Line 669, C:\Users\EthorbitV2\Desktop\sourcemodbackup\sourcemod\addons\sourcemod\scripting\autodifficultypatch.sp::UpdateHeadcrab
L 06/02/2017 - 17:55:44: [SM]   [3] Line 26, C:\Users\EthorbitV2\Desktop\sourcemodbackup\sourcemod\addons\sourcemod\scripting\autodifficultypatch.sp::OnClientDisconnect_Post
L 06/02/2017 - 18:42:18: [SM] Exception reported: Entity 1 (1) is invalid
L 06/02/2017 - 18:42:18: [SM] Blaming: autodifficultypatch.smx
L 06/02/2017 - 18:42:18: [SM] Call stack trace:
L 06/02/2017 - 18:42:18: [SM]   [0] GetEntPropString
L 06/02/2017 - 18:42:18: [SM]   [1] Line 1421, C:\Users\EthorbitV2\Desktop\sourcemodbackup\sourcemod\addons\sourcemod\scripting\autodifficultypatch.sp::FindEntityByTargetName
L 06/02/2017 - 18:42:18: [SM]   [2] Line 669, C:\Users\EthorbitV2\Desktop\sourcemodbackup\sourcemod\addons\sourcemod\scripting\autodifficultypatch.sp::UpdateHeadcrab
L 06/02/2017 - 18:42:18: [SM]   [3] Line 26, C:\Users\EthorbitV2\Desktop\sourcemodbackup\sourcemod\addons\sourcemod\scripting\autodifficultypatch.sp::OnClientDisconnect_Post
L 06/02/2017 - 18:42:19: Error log file session closed.
L 06/02/2017 - 18:42:19: SourceMod error session started
L 06/02/2017 - 18:42:19: Info (map "dm_mine_entrance_m") (file "errors_20170602.log")
L 06/02/2017 - 18:42:19: [SM] Fatal error encountered parsing translation file "savescores.phrases.txt"
L 06/02/2017 - 18:42:19: [SM] Error (line 0, column 0): Stream failed to open
L 06/02/2017 - 18:42:19: [SM] Fatal error encountered parsing translation file "customvotes.phrases.txt"
L 06/02/2017 - 18:42:19: [SM] Error (line 0, column 0): Stream failed to open
L 06/02/2017 - 18:48:15: [SM] Exception reported: Entity 1 (1) is invalid
L 06/02/2017 - 18:48:15: [SM] Blaming: autodifficultypatch.smx
L 06/02/2017 - 18:48:15: [SM] Call stack trace:
L 06/02/2017 - 18:48:15: [SM]   [0] GetEntPropString
L 06/02/2017 - 18:48:15: [SM]   [1] Line 1421, C:\Users\EthorbitV2\Desktop\sourcemodbackup\sourcemod\addons\sourcemod\scripting\autodifficultypatch.sp::FindEntityByTargetName
L 06/02/2017 - 18:48:15: [SM]   [2] Line 1044, C:\Users\EthorbitV2\Desktop\sourcemodbackup\sourcemod\addons\sourcemod\scripting\autodifficultypatch.sp::UpdateHeadcrab
L 06/02/2017 - 18:48:15: [SM]   [3] Line 26, C:\Users\EthorbitV2\Desktop\sourcemodbackup\sourcemod\addons\sourcemod\scripting\autodifficultypatch.sp::OnClientDisconnect_Post
L 06/02/2017 - 19:13:57: [SM] Exception reported: Entity 1 (1) is invalid
L 06/02/2017 - 19:13:57: [SM] Blaming: autodifficultypatch.smx
L 06/02/2017 - 19:13:57: [SM] Call stack trace:
L 06/02/2017 - 19:13:57: [SM]   [0] GetEntPropString
L 06/02/2017 - 19:13:57: [SM]   [1] Line 1421, C:\Users\EthorbitV2\Desktop\sourcemodbackup\sourcemod\addons\sourcemod\scripting\autodifficultypatch.sp::FindEntityByTargetName
L 06/02/2017 - 19:13:57: [SM]   [2] Line 1052, C:\Users\EthorbitV2\Desktop\sourcemodbackup\sourcemod\addons\sourcemod\scripting\autodifficultypatch.sp::UpdateHeadcrab
L 06/02/2017 - 19:13:57: [SM]   [3] Line 26, C:\Users\EthorbitV2\Desktop\sourcemodbackup\sourcemod\addons\sourcemod\scripting\autodifficultypatch.sp::OnClientDisconnect_Post
L 06/02/2017 - 19:13:57: [SM] Exception reported: Entity 2 (2) is invalid
L 06/02/2017 - 19:13:57: [SM] Blaming: autodifficultypatch.smx
L 06/02/2017 - 19:13:57: [SM] Call stack trace:
L 06/02/2017 - 19:13:57: [SM]   [0] GetEntPropString
L 06/02/2017 - 19:13:57: [SM]   [1] Line 1421, C:\Users\EthorbitV2\Desktop\sourcemodbackup\sourcemod\addons\sourcemod\scripting\autodifficultypatch.sp::FindEntityByTargetName
L 06/02/2017 - 19:13:57: [SM]   [2] Line 1044, C:\Users\EthorbitV2\Desktop\sourcemodbackup\sourcemod\addons\sourcemod\scripting\autodifficultypatch.sp::UpdateHeadcrab
L 06/02/2017 - 19:13:57: [SM]   [3] Line 26, C:\Users\EthorbitV2\Desktop\sourcemodbackup\sourcemod\addons\sourcemod\scripting\autodifficultypatch.sp::OnClientDisconnect_Post
L 06/02/2017 - 19:13:58: Error log file session closed.
L 06/02/2017 - 19:13:58: SourceMod error session started
L 06/02/2017 - 19:13:58: Info (map "pb_z_office_tower_m") (file "errors_20170602.log")
L 06/02/2017 - 19:13:58: [SM] Fatal error encountered parsing translation file "savescores.phrases.txt"
L 06/02/2017 - 19:13:58: [SM] Error (line 0, column 0): Stream failed to open
L 06/02/2017 - 19:13:58: [SM] Fatal error encountered parsing translation file "customvotes.phrases.txt"
L 06/02/2017 - 19:13:58: [SM] Error (line 0, column 0): Stream failed to open
L 06/02/2017 - 19:17:39: [SM] Exception reported: Entity 2 (2) is invalid
L 06/02/2017 - 19:17:39: [SM] Blaming: autodifficultypatch.smx
L 06/02/2017 - 19:17:39: [SM] Call stack trace:
L 06/02/2017 - 19:17:39: [SM]   [0] GetEntPropString
L 06/02/2017 - 19:17:39: [SM]   [1] Line 1421, C:\Users\EthorbitV2\Desktop\sourcemodbackup\sourcemod\addons\sourcemod\scripting\autodifficultypatch.sp::FindEntityByTargetName
L 06/02/2017 - 19:17:39: [SM]   [2] Line 176, C:\Users\EthorbitV2\Desktop\sourcemodbackup\sourcemod\addons\sourcemod\scripting\autodifficultypatch.sp::UpdateHeadcrab
L 06/02/2017 - 19:17:39: [SM]   [3] Line 26, C:\Users\EthorbitV2\Desktop\sourcemodbackup\sourcemod\addons\sourcemod\scripting\autodifficultypatch.sp::OnClientDisconnect_Post
L 06/02/2017 - 19:27:55: [SM] Exception reported: Entity 1 (1) is invalid
L 06/02/2017 - 19:27:55: [SM] Blaming: autodifficultypatch.smx
L 06/02/2017 - 19:27:55: [SM] Call stack trace:
L 06/02/2017 - 19:27:55: [SM]   [0] GetEntPropString
L 06/02/2017 - 19:27:55: [SM]   [1] Line 1421, C:\Users\EthorbitV2\Desktop\sourcemodbackup\sourcemod\addons\sourcemod\scripting\autodifficultypatch.sp::FindEntityByTargetName
L 06/02/2017 - 19:27:55: [SM]   [2] Line 176, C:\Users\EthorbitV2\Desktop\sourcemodbackup\sourcemod\addons\sourcemod\scripting\autodifficultypatch.sp::UpdateHeadcrab
L 06/02/2017 - 19:27:55: [SM]   [3] Line 26, C:\Users\EthorbitV2\Desktop\sourcemodbackup\sourcemod\addons\sourcemod\scripting\autodifficultypatch.sp::OnClientDisconnect_Post
L 06/02/2017 - 19:27:59: Error log file session closed.
L 06/02/2017 - 19:27:59: SourceMod error session started
L 06/02/2017 - 19:27:59: Info (map "pb_z_colony_m") (file "errors_20170602.log")
L 06/02/2017 - 19:27:59: [SM] Fatal error encountered parsing translation file "savescores.phrases.txt"
L 06/02/2017 - 19:27:59: [SM] Error (line 0, column 0): Stream failed to open
L 06/02/2017 - 19:27:59: [SM] Fatal error encountered parsing translation file "customvotes.phrases.txt"
L 06/02/2017 - 19:27:59: [SM] Error (line 0, column 0): Stream failed to open
L 06/02/2017 - 20:28:14: [SM] Exception reported: Entity 1 (1) is invalid
L 06/02/2017 - 20:28:14: [SM] Blaming: autodifficultypatch.smx
L 06/02/2017 - 20:28:14: [SM] Call stack trace:
L 06/02/2017 - 20:28:14: [SM]   [0] GetEntPropString
L 06/02/2017 - 20:28:14: [SM]   [1] Line 1421, C:\Users\EthorbitV2\Desktop\sourcemodbackup\sourcemod\addons\sourcemod\scripting\autodifficultypatch.sp::FindEntityByTargetName
L 06/02/2017 - 20:28:14: [SM]   [2] Line 385, C:\Users\EthorbitV2\Desktop\sourcemodbackup\sourcemod\addons\sourcemod\scripting\autodifficultypatch.sp::UpdateHeadcrab
L 06/02/2017 - 20:28:14: [SM]   [3] Line 26, C:\Users\EthorbitV2\Desktop\sourcemodbackup\sourcemod\addons\sourcemod\scripting\autodifficultypatch.sp::OnClientDisconnect_Post
L 06/02/2017 - 20:28:14: [SM] Exception reported: Entity 2 (2) is invalid
L 06/02/2017 - 20:28:14: [SM] Blaming: autodifficultypatch.smx
L 06/02/2017 - 20:28:14: [SM] Call stack trace:
L 06/02/2017 - 20:28:14: [SM]   [0] GetEntPropString
L 06/02/2017 - 20:28:14: [SM]   [1] Line 1421, C:\Users\EthorbitV2\Desktop\sourcemodbackup\sourcemod\addons\sourcemod\scripting\autodifficultypatch.sp::FindEntityByTargetName
L 06/02/2017 - 20:28:14: [SM]   [2] Line 377, C:\Users\EthorbitV2\Desktop\sourcemodbackup\sourcemod\addons\sourcemod\scripting\autodifficultypatch.sp::UpdateHeadcrab
L 06/02/2017 - 20:28:14: [SM]   [3] Line 26, C:\Users\EthorbitV2\Desktop\sourcemodbackup\sourcemod\addons\sourcemod\scripting\autodifficultypatch.sp::OnClientDisconnect_Post
L 06/02/2017 - 20:28:15: Error log file session closed.
L 06/02/2017 - 20:28:15: SourceMod error session started
L 06/02/2017 - 20:28:15: Info (map "pb_z_underground_m") (file "errors_20170602.log")
L 06/02/2017 - 20:28:15: [SM] Fatal error encountered parsing translation file "savescores.phrases.txt"
L 06/02/2017 - 20:28:15: [SM] Error (line 0, column 0): Stream failed to open
L 06/02/2017 - 20:28:15: [SM] Fatal error encountered parsing translation file "customvotes.phrases.txt"
L 06/02/2017 - 20:28:15: [SM] Error (line 0, column 0): Stream failed to open
L 06/02/2017 - 20:33:41: [SM] Exception reported: Entity 1 (1) is invalid
L 06/02/2017 - 20:33:41: [SM] Blaming: autodifficultypatch.smx
L 06/02/2017 - 20:33:41: [SM] Call stack trace:
L 06/02/2017 - 20:33:41: [SM]   [0] GetEntPropString
L 06/02/2017 - 20:33:41: [SM]   [1] Line 1421, C:\Users\EthorbitV2\Desktop\sourcemodbackup\sourcemod\addons\sourcemod\scripting\autodifficultypatch.sp::FindEntityByTargetName
L 06/02/2017 - 20:33:41: [SM]   [2] Line 527, C:\Users\EthorbitV2\Desktop\sourcemodbackup\sourcemod\addons\sourcemod\scripting\autodifficultypatch.sp::UpdateHeadcrab
L 06/02/2017 - 20:33:41: [SM]   [3] Line 26, C:\Users\EthorbitV2\Desktop\sourcemodbackup\sourcemod\addons\sourcemod\scripting\autodifficultypatch.sp::OnClientDisconnect_Post
L 06/02/2017 - 20:33:41: [SM] Exception reported: Entity 3 (3) is invalid
L 06/02/2017 - 20:33:41: [SM] Blaming: autodifficultypatch.smx
L 06/02/2017 - 20:33:41: [SM] Call stack trace:
L 06/02/2017 - 20:33:41: [SM]   [0] GetEntPropString
L 06/02/2017 - 20:33:41: [SM]   [1] Line 1421, C:\Users\EthorbitV2\Desktop\sourcemodbackup\sourcemod\addons\sourcemod\scripting\autodifficultypatch.sp::FindEntityByTargetName
L 06/02/2017 - 20:33:41: [SM]   [2] Line 519, C:\Users\EthorbitV2\Desktop\sourcemodbackup\sourcemod\addons\sourcemod\scripting\autodifficultypatch.sp::UpdateHeadcrab
L 06/02/2017 - 20:33:41: [SM]   [3] Line 26, C:\Users\EthorbitV2\Desktop\sourcemodbackup\sourcemod\addons\sourcemod\scripting\autodifficultypatch.sp::OnClientDisconnect_Post
L 06/02/2017 - 20:33:42: Error log file session closed.
L 06/02/2017 - 20:33:42: SourceMod error session started
L 06/02/2017 - 20:33:42: Info (map "dm_raven_m") (file "errors_20170602.log")
L 06/02/2017 - 20:33:42: [SM] Fatal error encountered parsing translation file "savescores.phrases.txt"
L 06/02/2017 - 20:33:42: [SM] Error (line 0, column 0): Stream failed to open
L 06/02/2017 - 20:33:42: [SM] Fatal error encountered parsing translation file "customvotes.phrases.txt"
L 06/02/2017 - 20:33:42: [SM] Error (line 0, column 0): Stream failed to open
L 06/02/2017 - 21:07:20: [SM] Exception reported: Entity 1 (1) is invalid
L 06/02/2017 - 21:07:20: [SM] Blaming: autodifficultypatch.smx
L 06/02/2017 - 21:07:20: [SM] Call stack trace:
L 06/02/2017 - 21:07:20: [SM]   [0] GetEntPropString
L 06/02/2017 - 21:07:20: [SM]   [1] Line 1421, C:\Users\EthorbitV2\Desktop\sourcemodbackup\sourcemod\addons\sourcemod\scripting\autodifficultypatch.sp::FindEntityByTargetName
L 06/02/2017 - 21:07:20: [SM]   [2] Line 985, C:\Users\EthorbitV2\Desktop\sourcemodbackup\sourcemod\addons\sourcemod\scripting\autodifficultypatch.sp::UpdateHeadcrab
L 06/02/2017 - 21:07:20: [SM]   [3] Line 26, C:\Users\EthorbitV2\Desktop\sourcemodbackup\sourcemod\addons\sourcemod\scripting\autodifficultypatch.sp::OnClientDisconnect_Post
L 06/02/2017 - 21:07:20: [SM] Exception reported: Entity 2 (2) is invalid
L 06/02/2017 - 21:07:20: [SM] Blaming: autodifficultypatch.smx
L 06/02/2017 - 21:07:20: [SM] Call stack trace:
L 06/02/2017 - 21:07:20: [SM]   [0] GetEntPropString
L 06/02/2017 - 21:07:20: [SM]   [1] Line 1421, C:\Users\EthorbitV2\Desktop\sourcemodbackup\sourcemod\addons\sourcemod\scripting\autodifficultypatch.sp::FindEntityByTargetName
L 06/02/2017 - 21:07:20: [SM]   [2] Line 977, C:\Users\EthorbitV2\Desktop\sourcemodbackup\sourcemod\addons\sourcemod\scripting\autodifficultypatch.sp::UpdateHeadcrab
L 06/02/2017 - 21:07:20: [SM]   [3] Line 26, C:\Users\EthorbitV2\Desktop\sourcemodbackup\sourcemod\addons\sourcemod\scripting\autodifficultypatch.sp::OnClientDisconnect_Post
L 06/02/2017 - 21:07:20: [SM] Exception reported: Entity 3 (3) is invalid
L 06/02/2017 - 21:07:20: [SM] Blaming: autodifficultypatch.smx
L 06/02/2017 - 21:07:20: [SM] Call stack trace:
L 06/02/2017 - 21:07:20: [SM]   [0] GetEntPropString
L 06/02/2017 - 21:07:20: [SM]   [1] Line 1421, C:\Users\EthorbitV2\Desktop\sourcemodbackup\sourcemod\addons\sourcemod\scripting\autodifficultypatch.sp::FindEntityByTargetName
L 06/02/2017 - 21:07:20: [SM]   [2] Line 969, C:\Users\EthorbitV2\Desktop\sourcemodbackup\sourcemod\addons\sourcemod\scripting\autodifficultypatch.sp::UpdateHeadcrab
L 06/02/2017 - 21:07:20: [SM]   [3] Line 26, C:\Users\EthorbitV2\Desktop\sourcemodbackup\sourcemod\addons\sourcemod\scripting\autodifficultypatch.sp::OnClientDisconnect_Post
L 06/02/2017 - 21:07:22: Error log file session closed.
L 06/02/2017 - 21:07:22: SourceMod error session started
L 06/02/2017 - 21:07:22: Info (map "dm_snowfall_m") (file "errors_20170602.log")
L 06/02/2017 - 21:07:22: [SM] Fatal error encountered parsing translation file "savescores.phrases.txt"
L 06/02/2017 - 21:07:22: [SM] Error (line 0, column 0): Stream failed to open
L 06/02/2017 - 21:07:22: [SM] Fatal error encountered parsing translation file "customvotes.phrases.txt"
L 06/02/2017 - 21:07:22: [SM] Error (line 0, column 0): Stream failed to open
L 06/02/2017 - 21:21:33: [SM] Exception reported: Entity 1 (1) is invalid
L 06/02/2017 - 21:21:33: [SM] Blaming: autodifficultypatch.smx
L 06/02/2017 - 21:21:33: [SM] Call stack trace:
L 06/02/2017 - 21:21:33: [SM]   [0] GetEntPropString
L 06/02/2017 - 21:21:33: [SM]   [1] Line 1421, C:\Users\EthorbitV2\Desktop\sourcemodbackup\sourcemod\addons\sourcemod\scripting\autodifficultypatch.sp::FindEntityByTargetName
L 06/02/2017 - 21:21:33: [SM]   [2] Line 133, C:\Users\EthorbitV2\Desktop\sourcemodbackup\sourcemod\addons\sourcemod\scripting\autodifficultypatch.sp::UpdateHeadcrab
L 06/02/2017 - 21:21:33: [SM]   [3] Line 26, C:\Users\EthorbitV2\Desktop\sourcemodbackup\sourcemod\addons\sourcemod\scripting\autodifficultypatch.sp::OnClientDisconnect_Post
L 06/02/2017 - 21:22:23: [SM] Exception reported: Entity 1 (1) is invalid
L 06/02/2017 - 21:22:23: [SM] Blaming: autodifficultypatch.smx
L 06/02/2017 - 21:22:23: [SM] Call stack trace:
L 06/02/2017 - 21:22:23: [SM]   [0] GetEntPropString
L 06/02/2017 - 21:22:23: [SM]   [1] Line 1421, C:\Users\EthorbitV2\Desktop\sourcemodbackup\sourcemod\addons\sourcemod\scripting\autodifficultypatch.sp::FindEntityByTargetName
L 06/02/2017 - 21:22:23: [SM]   [2] Line 133, C:\Users\EthorbitV2\Desktop\sourcemodbackup\sourcemod\addons\sourcemod\scripting\autodifficultypatch.sp::UpdateHeadcrab
L 06/02/2017 - 21:22:23: [SM]   [3] Line 26, C:\Users\EthorbitV2\Desktop\sourcemodbackup\sourcemod\addons\sourcemod\scripting\autodifficultypatch.sp::OnClientDisconnect_Post
L 06/02/2017 - 21:35:00: [SM] Exception reported: Entity 5 (5) is invalid
L 06/02/2017 - 21:35:00: [SM] Blaming: autodifficultypatch.smx
L 06/02/2017 - 21:35:00: [SM] Call stack trace:
L 06/02/2017 - 21:35:00: [SM]   [0] GetEntPropString
L 06/02/2017 - 21:35:00: [SM]   [1] Line 1421, C:\Users\EthorbitV2\Desktop\sourcemodbackup\sourcemod\addons\sourcemod\scripting\autodifficultypatch.sp::FindEntityByTargetName
L 06/02/2017 - 21:35:00: [SM]   [2] Line 125, C:\Users\EthorbitV2\Desktop\sourcemodbackup\sourcemod\addons\sourcemod\scripting\autodifficultypatch.sp::UpdateHeadcrab
L 06/02/2017 - 21:35:00: [SM]   [3] Line 26, C:\Users\EthorbitV2\Desktop\sourcemodbackup\sourcemod\addons\sourcemod\scripting\autodifficultypatch.sp::OnClientDisconnect_Post
L 06/02/2017 - 21:36:02: [SM] Exception reported: Entity 2 (2) is invalid
L 06/02/2017 - 21:36:02: [SM] Blaming: autodifficultypatch.smx
L 06/02/2017 - 21:36:02: [SM] Call stack trace:
L 06/02/2017 - 21:36:02: [SM]   [0] GetEntPropString
L 06/02/2017 - 21:36:02: [SM]   [1] Line 1421, C:\Users\EthorbitV2\Desktop\sourcemodbackup\sourcemod\addons\sourcemod\scripting\autodifficultypatch.sp::FindEntityByTargetName
L 06/02/2017 - 21:36:02: [SM]   [2] Line 117, C:\Users\EthorbitV2\Desktop\sourcemodbackup\sourcemod\addons\sourcemod\scripting\autodifficultypatch.sp::UpdateHeadcrab
L 06/02/2017 - 21:36:02: [SM]   [3] Line 26, C:\Users\EthorbitV2\Desktop\sourcemodbackup\sourcemod\addons\sourcemod\scripting\autodifficultypatch.sp::OnClientDisconnect_Post
L 06/02/2017 - 21:49:40: [SM] Exception reported: Entity 4 (4) is invalid
L 06/02/2017 - 21:49:40: [SM] Blaming: autodifficultypatch.smx
L 06/02/2017 - 21:49:40: [SM] Call stack trace:
L 06/02/2017 - 21:49:40: [SM]   [0] GetEntPropString
L 06/02/2017 - 21:49:40: [SM]   [1] Line 1421, C:\Users\EthorbitV2\Desktop\sourcemodbackup\sourcemod\addons\sourcemod\scripting\autodifficultypatch.sp::FindEntityByTargetName
L 06/02/2017 - 21:49:40: [SM]   [2] Line 109, C:\Users\EthorbitV2\Desktop\sourcemodbackup\sourcemod\addons\sourcemod\scripting\autodifficultypatch.sp::UpdateHeadcrab
L 06/02/2017 - 21:49:40: [SM]   [3] Line 26, C:\Users\EthorbitV2\Desktop\sourcemodbackup\sourcemod\addons\sourcemod\scripting\autodifficultypatch.sp::OnClientDisconnect_Post
L 06/02/2017 - 22:07:36: Error log file session closed.
L 06/02/2017 - 22:07:36: SourceMod error session started
L 06/02/2017 - 22:07:36: Info (map "pb_z_office_tower_v2_m") (file "errors_20170602.log")
L 06/02/2017 - 22:07:36: [SM] Fatal error encountered parsing translation file "savescores.phrases.txt"
L 06/02/2017 - 22:07:36: [SM] Error (line 0, column 0): Stream failed to open
L 06/02/2017 - 22:07:36: [SM] Fatal error encountered parsing translation file "customvotes.phrases.txt"
L 06/02/2017 - 22:07:36: [SM] Error (line 0, column 0): Stream failed to open
L 06/02/2017 - 22:46:12: Error log file session closed.
L 06/02/2017 - 22:46:12: SourceMod error session started
L 06/02/2017 - 22:46:12: Info (map "dm_central_station_v1_m") (file "errors_20170602.log")
L 06/02/2017 - 22:46:12: [SM] Fatal error encountered parsing translation file "savescores.phrases.txt"
L 06/02/2017 - 22:46:12: [SM] Error (line 0, column 0): Stream failed to open
L 06/02/2017 - 22:46:12: [SM] Fatal error encountered parsing translation file "customvotes.phrases.txt"
L 06/02/2017 - 22:46:12: [SM] Error (line 0, column 0): Stream failed to open
L 06/02/2017 - 23:46:22: Error log file session closed.
L 06/02/2017 - 23:46:22: SourceMod error session started
L 06/02/2017 - 23:46:22: Info (map "dm_hellsdistrict_m") (file "errors_20170602.log")
L 06/02/2017 - 23:46:22: [SM] Fatal error encountered parsing translation file "savescores.phrases.txt"
L 06/02/2017 - 23:46:22: [SM] Error (line 0, column 0): Stream failed to open
L 06/02/2017 - 23:46:22: [SM] Fatal error encountered parsing translation file "customvotes.phrases.txt"
L 06/02/2017 - 23:46:22: [SM] Error (line 0, column 0): Stream failed to open
