L 06/05/2017 - 00:05:18: SourceMod error session started
L 06/05/2017 - 00:05:18: Info (map "dm_central_station_v1_m") (file "errors_20170605.log")
L 06/05/2017 - 00:05:18: [SM] Exception reported: Entity 3 (3) is invalid
L 06/05/2017 - 00:05:18: [SM] Blaming: autodifficultypatch.smx
L 06/05/2017 - 00:05:18: [SM] Call stack trace:
L 06/05/2017 - 00:05:18: [SM]   [0] GetEntPropString
L 06/05/2017 - 00:05:18: [SM]   [1] Line 1488, C:\Users\Ethorbit\Desktop\sourcemodbackup\sourcemod\addons\sourcemod\scripting\autodifficultypatch.sp::FindEntityByTargetName
L 06/05/2017 - 00:05:18: [SM]   [2] Line 117, C:\Users\Ethorbit\Desktop\sourcemodbackup\sourcemod\addons\sourcemod\scripting\autodifficultypatch.sp::UpdateHeadcrab
L 06/05/2017 - 00:05:18: [SM]   [3] Line 26, C:\Users\Ethorbit\Desktop\sourcemodbackup\sourcemod\addons\sourcemod\scripting\autodifficultypatch.sp::OnClientDisconnect_Post
L 06/05/2017 - 00:27:44: [SM] Exception reported: Entity 1 (1) is invalid
L 06/05/2017 - 00:27:44: [SM] Blaming: autodifficultypatch.smx
L 06/05/2017 - 00:27:44: [SM] Call stack trace:
L 06/05/2017 - 00:27:44: [SM]   [0] GetEntPropString
L 06/05/2017 - 00:27:44: [SM]   [1] Line 1488, C:\Users\Ethorbit\Desktop\sourcemodbackup\sourcemod\addons\sourcemod\scripting\autodifficultypatch.sp::FindEntityByTargetName
L 06/05/2017 - 00:27:44: [SM]   [2] Line 109, C:\Users\Ethorbit\Desktop\sourcemodbackup\sourcemod\addons\sourcemod\scripting\autodifficultypatch.sp::UpdateHeadcrab
L 06/05/2017 - 00:27:44: [SM]   [3] Line 26, C:\Users\Ethorbit\Desktop\sourcemodbackup\sourcemod\addons\sourcemod\scripting\autodifficultypatch.sp::OnClientDisconnect_Post
L 06/05/2017 - 00:27:45: Error log file session closed.
L 06/05/2017 - 00:27:45: SourceMod error session started
L 06/05/2017 - 00:27:45: Info (map "dm_thetunnel_v1_m") (file "errors_20170605.log")
L 06/05/2017 - 00:27:45: [SM] Fatal error encountered parsing translation file "savescores.phrases.txt"
L 06/05/2017 - 00:27:45: [SM] Error (line 0, column 0): Stream failed to open
L 06/05/2017 - 00:27:45: [SM] Fatal error encountered parsing translation file "customvotes.phrases.txt"
L 06/05/2017 - 00:27:45: [SM] Error (line 0, column 0): Stream failed to open
L 06/05/2017 - 00:28:51: SourceMod error session started
L 06/05/2017 - 00:28:51: Info (map "pb_z_high_school_m") (file "errors_20170605.log")
L 06/05/2017 - 00:28:51: [SDKTOOLS] Invalid detour address passed - Disabling detour to prevent crashes
L 06/05/2017 - 00:28:52: [SM] Unable to load extension "soundlib.ext": error code 0000007e
L 06/05/2017 - 00:28:52: [SM] Unable to load extension "config.ext": error code 0000007e
L 06/05/2017 - 00:28:52: [SM] Fatal error encountered parsing translation file "savescores.phrases.txt"
L 06/05/2017 - 00:28:52: [SM] Error (line 0, column 0): Stream failed to open
L 06/05/2017 - 00:28:52: [SM] Unable to load plugin "time-left-actions.smx": Required extension "Sound Info Library" file("soundlib.ext") not running
L 06/05/2017 - 00:51:18: [SM] Exception reported: Entity 3 (3) is invalid
L 06/05/2017 - 00:51:18: [SM] Blaming: autodifficultypatch.smx
L 06/05/2017 - 00:51:18: [SM] Call stack trace:
L 06/05/2017 - 00:51:18: [SM]   [0] GetEntPropString
L 06/05/2017 - 00:51:18: [SM]   [1] Line 1488, C:\Users\Ethorbit\Desktop\sourcemodbackup\sourcemod\addons\sourcemod\scripting\autodifficultypatch.sp::FindEntityByTargetName
L 06/05/2017 - 00:51:18: [SM]   [2] Line 1278, C:\Users\Ethorbit\Desktop\sourcemodbackup\sourcemod\addons\sourcemod\scripting\autodifficultypatch.sp::UpdateHeadcrab
L 06/05/2017 - 00:51:18: [SM]   [3] Line 26, C:\Users\Ethorbit\Desktop\sourcemodbackup\sourcemod\addons\sourcemod\scripting\autodifficultypatch.sp::OnClientDisconnect_Post
L 06/05/2017 - 00:58:53: [SM] Exception reported: Entity 3 (3) is invalid
L 06/05/2017 - 00:58:53: [SM] Blaming: autodifficultypatch.smx
L 06/05/2017 - 00:58:53: [SM] Call stack trace:
L 06/05/2017 - 00:58:53: [SM]   [0] GetEntPropString
L 06/05/2017 - 00:58:53: [SM]   [1] Line 1488, C:\Users\Ethorbit\Desktop\sourcemodbackup\sourcemod\addons\sourcemod\scripting\autodifficultypatch.sp::FindEntityByTargetName
L 06/05/2017 - 00:58:53: [SM]   [2] Line 1278, C:\Users\Ethorbit\Desktop\sourcemodbackup\sourcemod\addons\sourcemod\scripting\autodifficultypatch.sp::UpdateHeadcrab
L 06/05/2017 - 00:58:53: [SM]   [3] Line 26, C:\Users\Ethorbit\Desktop\sourcemodbackup\sourcemod\addons\sourcemod\scripting\autodifficultypatch.sp::OnClientDisconnect_Post
L 06/05/2017 - 01:06:02: [SM] Exception reported: Entity 1 (1) is invalid
L 06/05/2017 - 01:06:02: [SM] Blaming: autodifficultypatch.smx
L 06/05/2017 - 01:06:02: [SM] Call stack trace:
L 06/05/2017 - 01:06:02: [SM]   [0] GetEntPropString
L 06/05/2017 - 01:06:02: [SM]   [1] Line 1488, C:\Users\Ethorbit\Desktop\sourcemodbackup\sourcemod\addons\sourcemod\scripting\autodifficultypatch.sp::FindEntityByTargetName
L 06/05/2017 - 01:06:02: [SM]   [2] Line 1278, C:\Users\Ethorbit\Desktop\sourcemodbackup\sourcemod\addons\sourcemod\scripting\autodifficultypatch.sp::UpdateHeadcrab
L 06/05/2017 - 01:06:02: [SM]   [3] Line 26, C:\Users\Ethorbit\Desktop\sourcemodbackup\sourcemod\addons\sourcemod\scripting\autodifficultypatch.sp::OnClientDisconnect_Post
L 06/05/2017 - 01:07:38: [SM] Exception reported: Entity 3 (3) is invalid
L 06/05/2017 - 01:07:38: [SM] Blaming: autodifficultypatch.smx
L 06/05/2017 - 01:07:38: [SM] Call stack trace:
L 06/05/2017 - 01:07:38: [SM]   [0] GetEntPropString
L 06/05/2017 - 01:07:38: [SM]   [1] Line 1488, C:\Users\Ethorbit\Desktop\sourcemodbackup\sourcemod\addons\sourcemod\scripting\autodifficultypatch.sp::FindEntityByTargetName
L 06/05/2017 - 01:07:38: [SM]   [2] Line 1278, C:\Users\Ethorbit\Desktop\sourcemodbackup\sourcemod\addons\sourcemod\scripting\autodifficultypatch.sp::UpdateHeadcrab
L 06/05/2017 - 01:07:38: [SM]   [3] Line 26, C:\Users\Ethorbit\Desktop\sourcemodbackup\sourcemod\addons\sourcemod\scripting\autodifficultypatch.sp::OnClientDisconnect_Post
L 06/05/2017 - 01:14:29: [SM] Exception reported: Entity 1 (1) is invalid
L 06/05/2017 - 01:14:29: [SM] Blaming: autodifficultypatch.smx
L 06/05/2017 - 01:14:29: [SM] Call stack trace:
L 06/05/2017 - 01:14:29: [SM]   [0] GetEntPropString
L 06/05/2017 - 01:14:29: [SM]   [1] Line 1488, C:\Users\Ethorbit\Desktop\sourcemodbackup\sourcemod\addons\sourcemod\scripting\autodifficultypatch.sp::FindEntityByTargetName
L 06/05/2017 - 01:14:29: [SM]   [2] Line 1270, C:\Users\Ethorbit\Desktop\sourcemodbackup\sourcemod\addons\sourcemod\scripting\autodifficultypatch.sp::UpdateHeadcrab
L 06/05/2017 - 01:14:29: [SM]   [3] Line 26, C:\Users\Ethorbit\Desktop\sourcemodbackup\sourcemod\addons\sourcemod\scripting\autodifficultypatch.sp::OnClientDisconnect_Post
L 06/05/2017 - 01:14:29: [SM] Exception reported: Entity 2 (2) is invalid
L 06/05/2017 - 01:14:29: [SM] Blaming: autodifficultypatch.smx
L 06/05/2017 - 01:14:29: [SM] Call stack trace:
L 06/05/2017 - 01:14:29: [SM]   [0] GetEntPropString
L 06/05/2017 - 01:14:29: [SM]   [1] Line 1488, C:\Users\Ethorbit\Desktop\sourcemodbackup\sourcemod\addons\sourcemod\scripting\autodifficultypatch.sp::FindEntityByTargetName
L 06/05/2017 - 01:14:29: [SM]   [2] Line 1262, C:\Users\Ethorbit\Desktop\sourcemodbackup\sourcemod\addons\sourcemod\scripting\autodifficultypatch.sp::UpdateHeadcrab
L 06/05/2017 - 01:14:29: [SM]   [3] Line 26, C:\Users\Ethorbit\Desktop\sourcemodbackup\sourcemod\addons\sourcemod\scripting\autodifficultypatch.sp::OnClientDisconnect_Post
L 06/05/2017 - 01:14:32: Error log file session closed.
L 06/05/2017 - 01:14:32: SourceMod error session started
L 06/05/2017 - 01:14:32: Info (map "dm_montana_m") (file "errors_20170605.log")
L 06/05/2017 - 01:14:32: [SM] Fatal error encountered parsing translation file "savescores.phrases.txt"
L 06/05/2017 - 01:14:32: [SM] Error (line 0, column 0): Stream failed to open
L 06/05/2017 - 01:15:33: [SM] Exception reported: Entity 1 (1) is invalid
L 06/05/2017 - 01:15:33: [SM] Blaming: autodifficultypatch.smx
L 06/05/2017 - 01:15:33: [SM] Call stack trace:
L 06/05/2017 - 01:15:33: [SM]   [0] GetEntPropString
L 06/05/2017 - 01:15:33: [SM]   [1] Line 1488, C:\Users\Ethorbit\Desktop\sourcemodbackup\sourcemod\addons\sourcemod\scripting\autodifficultypatch.sp::FindEntityByTargetName
L 06/05/2017 - 01:15:33: [SM]   [2] Line 310, C:\Users\Ethorbit\Desktop\sourcemodbackup\sourcemod\addons\sourcemod\scripting\autodifficultypatch.sp::UpdateHeadcrab
L 06/05/2017 - 01:15:33: [SM]   [3] Line 26, C:\Users\Ethorbit\Desktop\sourcemodbackup\sourcemod\addons\sourcemod\scripting\autodifficultypatch.sp::OnClientDisconnect_Post
L 06/05/2017 - 01:24:36: Error log file session closed.
L 06/05/2017 - 01:24:36: SourceMod error session started
L 06/05/2017 - 01:24:36: Info (map "dm_october_m") (file "errors_20170605.log")
L 06/05/2017 - 01:24:36: [SM] Fatal error encountered parsing translation file "savescores.phrases.txt"
L 06/05/2017 - 01:24:36: [SM] Error (line 0, column 0): Stream failed to open
L 06/05/2017 - 02:24:46: Error log file session closed.
L 06/05/2017 - 02:24:46: SourceMod error session started
L 06/05/2017 - 02:24:46: Info (map "dm_thetunnel_v1_m") (file "errors_20170605.log")
L 06/05/2017 - 02:24:46: [SM] Fatal error encountered parsing translation file "savescores.phrases.txt"
L 06/05/2017 - 02:24:46: [SM] Error (line 0, column 0): Stream failed to open
L 06/05/2017 - 03:24:56: Error log file session closed.
L 06/05/2017 - 03:24:56: SourceMod error session started
L 06/05/2017 - 03:24:56: Info (map "pb_z_industry_m") (file "errors_20170605.log")
L 06/05/2017 - 03:24:56: [SM] Fatal error encountered parsing translation file "savescores.phrases.txt"
L 06/05/2017 - 03:24:56: [SM] Error (line 0, column 0): Stream failed to open
L 06/05/2017 - 03:40:33: [SM] Exception reported: Entity 1 (1) is invalid
L 06/05/2017 - 03:40:33: [SM] Blaming: autodifficultypatch.smx
L 06/05/2017 - 03:40:33: [SM] Call stack trace:
L 06/05/2017 - 03:40:33: [SM]   [0] GetEntPropString
L 06/05/2017 - 03:40:33: [SM]   [1] Line 1488, C:\Users\Ethorbit\Desktop\sourcemodbackup\sourcemod\addons\sourcemod\scripting\autodifficultypatch.sp::FindEntityByTargetName
L 06/05/2017 - 03:40:33: [SM]   [2] Line 811, C:\Users\Ethorbit\Desktop\sourcemodbackup\sourcemod\addons\sourcemod\scripting\autodifficultypatch.sp::UpdateHeadcrab
L 06/05/2017 - 03:40:33: [SM]   [3] Line 26, C:\Users\Ethorbit\Desktop\sourcemodbackup\sourcemod\addons\sourcemod\scripting\autodifficultypatch.sp::OnClientDisconnect_Post
L 06/05/2017 - 04:25:07: Error log file session closed.
L 06/05/2017 - 04:25:07: SourceMod error session started
L 06/05/2017 - 04:25:07: Info (map "dm_hellsdistrict_m") (file "errors_20170605.log")
L 06/05/2017 - 04:25:07: [SM] Fatal error encountered parsing translation file "savescores.phrases.txt"
L 06/05/2017 - 04:25:07: [SM] Error (line 0, column 0): Stream failed to open
L 06/05/2017 - 05:10:43: [SM] Fatal error encountered parsing translation file "customvotes.phrases.txt"
L 06/05/2017 - 05:10:43: [SM] Error (line 0, column 0): Stream failed to open
L 06/05/2017 - 05:22:08: Error log file session closed.
L 06/05/2017 - 05:22:08: SourceMod error session started
L 06/05/2017 - 05:22:08: Info (map "pb_z_area51_m") (file "errors_20170605.log")
L 06/05/2017 - 05:22:08: [SM] Fatal error encountered parsing translation file "savescores.phrases.txt"
L 06/05/2017 - 05:22:08: [SM] Error (line 0, column 0): Stream failed to open
L 06/05/2017 - 05:22:08: [SM] Fatal error encountered parsing translation file "customvotes.phrases.txt"
L 06/05/2017 - 05:22:08: [SM] Error (line 0, column 0): Stream failed to open
L 06/05/2017 - 05:40:20: [SM] Exception reported: Entity 1 (1) is invalid
L 06/05/2017 - 05:40:20: [SM] Blaming: autodifficultypatch.smx
L 06/05/2017 - 05:40:20: [SM] Call stack trace:
L 06/05/2017 - 05:40:20: [SM]   [0] GetEntPropString
L 06/05/2017 - 05:40:20: [SM]   [1] Line 1488, C:\Users\Ethorbit\Desktop\sourcemodbackup\sourcemod\addons\sourcemod\scripting\autodifficultypatch.sp::FindEntityByTargetName
L 06/05/2017 - 05:40:20: [SM]   [2] Line 1354, C:\Users\Ethorbit\Desktop\sourcemodbackup\sourcemod\addons\sourcemod\scripting\autodifficultypatch.sp::UpdateHeadcrab
L 06/05/2017 - 05:40:20: [SM]   [3] Line 26, C:\Users\Ethorbit\Desktop\sourcemodbackup\sourcemod\addons\sourcemod\scripting\autodifficultypatch.sp::OnClientDisconnect_Post
L 06/05/2017 - 05:42:20: [SM] Exception reported: Entity 2 (2) is invalid
L 06/05/2017 - 05:42:20: [SM] Blaming: autodifficultypatch.smx
L 06/05/2017 - 05:42:20: [SM] Call stack trace:
L 06/05/2017 - 05:42:20: [SM]   [0] GetEntPropString
L 06/05/2017 - 05:42:20: [SM]   [1] Line 1488, C:\Users\Ethorbit\Desktop\sourcemodbackup\sourcemod\addons\sourcemod\scripting\autodifficultypatch.sp::FindEntityByTargetName
L 06/05/2017 - 05:42:20: [SM]   [2] Line 1346, C:\Users\Ethorbit\Desktop\sourcemodbackup\sourcemod\addons\sourcemod\scripting\autodifficultypatch.sp::UpdateHeadcrab
L 06/05/2017 - 05:42:20: [SM]   [3] Line 26, C:\Users\Ethorbit\Desktop\sourcemodbackup\sourcemod\addons\sourcemod\scripting\autodifficultypatch.sp::OnClientDisconnect_Post
L 06/05/2017 - 05:42:38: [SM] Exception reported: Entity 3 (3) is invalid
L 06/05/2017 - 05:42:38: [SM] Blaming: autodifficultypatch.smx
L 06/05/2017 - 05:42:38: [SM] Call stack trace:
L 06/05/2017 - 05:42:38: [SM]   [0] GetEntPropString
L 06/05/2017 - 05:42:38: [SM]   [1] Line 1488, C:\Users\Ethorbit\Desktop\sourcemodbackup\sourcemod\addons\sourcemod\scripting\autodifficultypatch.sp::FindEntityByTargetName
L 06/05/2017 - 05:42:38: [SM]   [2] Line 1338, C:\Users\Ethorbit\Desktop\sourcemodbackup\sourcemod\addons\sourcemod\scripting\autodifficultypatch.sp::UpdateHeadcrab
L 06/05/2017 - 05:42:38: [SM]   [3] Line 26, C:\Users\Ethorbit\Desktop\sourcemodbackup\sourcemod\addons\sourcemod\scripting\autodifficultypatch.sp::OnClientDisconnect_Post
L 06/05/2017 - 06:00:16: [SM] Exception reported: Entity 1 (1) is invalid
L 06/05/2017 - 06:00:16: [SM] Blaming: autodifficultypatch.smx
L 06/05/2017 - 06:00:16: [SM] Call stack trace:
L 06/05/2017 - 06:00:16: [SM]   [0] GetEntPropString
L 06/05/2017 - 06:00:16: [SM]   [1] Line 1488, C:\Users\Ethorbit\Desktop\sourcemodbackup\sourcemod\addons\sourcemod\scripting\autodifficultypatch.sp::FindEntityByTargetName
L 06/05/2017 - 06:00:16: [SM]   [2] Line 1338, C:\Users\Ethorbit\Desktop\sourcemodbackup\sourcemod\addons\sourcemod\scripting\autodifficultypatch.sp::UpdateHeadcrab
L 06/05/2017 - 06:00:16: [SM]   [3] Line 26, C:\Users\Ethorbit\Desktop\sourcemodbackup\sourcemod\addons\sourcemod\scripting\autodifficultypatch.sp::OnClientDisconnect_Post
L 06/05/2017 - 06:00:24: Error log file session closed.
L 06/05/2017 - 06:00:37: SourceMod error session started
L 06/05/2017 - 06:00:37: Info (map "pb_z_disorder_m") (file "errors_20170605.log")
L 06/05/2017 - 06:00:37: [SM] Fatal error encountered parsing translation file "savescores.phrases.txt"
L 06/05/2017 - 06:00:37: [SM] Error (line 0, column 0): Stream failed to open
L 06/05/2017 - 06:00:37: [SM] Fatal error encountered parsing translation file "customvotes.phrases.txt"
L 06/05/2017 - 06:00:37: [SM] Error (line 0, column 0): Stream failed to open
L 06/05/2017 - 06:02:32: [SM] Exception reported: Entity 1 (1) is invalid
L 06/05/2017 - 06:02:32: [SM] Blaming: autodifficultypatch.smx
L 06/05/2017 - 06:02:32: [SM] Call stack trace:
L 06/05/2017 - 06:02:32: [SM]   [0] GetEntPropString
L 06/05/2017 - 06:02:32: [SM]   [1] Line 1488, C:\Users\Ethorbit\Desktop\sourcemodbackup\sourcemod\addons\sourcemod\scripting\autodifficultypatch.sp::FindEntityByTargetName
L 06/05/2017 - 06:02:32: [SM]   [2] Line 527, C:\Users\Ethorbit\Desktop\sourcemodbackup\sourcemod\addons\sourcemod\scripting\autodifficultypatch.sp::UpdateHeadcrab
L 06/05/2017 - 06:02:32: [SM]   [3] Line 26, C:\Users\Ethorbit\Desktop\sourcemodbackup\sourcemod\addons\sourcemod\scripting\autodifficultypatch.sp::OnClientDisconnect_Post
L 06/05/2017 - 06:02:32: [SM] Exception reported: Entity 2 (2) is invalid
L 06/05/2017 - 06:02:32: [SM] Blaming: autodifficultypatch.smx
L 06/05/2017 - 06:02:32: [SM] Call stack trace:
L 06/05/2017 - 06:02:32: [SM]   [0] GetEntPropString
L 06/05/2017 - 06:02:32: [SM]   [1] Line 1488, C:\Users\Ethorbit\Desktop\sourcemodbackup\sourcemod\addons\sourcemod\scripting\autodifficultypatch.sp::FindEntityByTargetName
L 06/05/2017 - 06:02:32: [SM]   [2] Line 519, C:\Users\Ethorbit\Desktop\sourcemodbackup\sourcemod\addons\sourcemod\scripting\autodifficultypatch.sp::UpdateHeadcrab
L 06/05/2017 - 06:02:32: [SM]   [3] Line 26, C:\Users\Ethorbit\Desktop\sourcemodbackup\sourcemod\addons\sourcemod\scripting\autodifficultypatch.sp::OnClientDisconnect_Post
L 06/05/2017 - 06:02:32: [SM] Exception reported: Entity 3 (3) is invalid
L 06/05/2017 - 06:02:32: [SM] Blaming: autodifficultypatch.smx
L 06/05/2017 - 06:02:32: [SM] Call stack trace:
L 06/05/2017 - 06:02:32: [SM]   [0] GetEntPropString
L 06/05/2017 - 06:02:32: [SM]   [1] Line 1488, C:\Users\Ethorbit\Desktop\sourcemodbackup\sourcemod\addons\sourcemod\scripting\autodifficultypatch.sp::FindEntityByTargetName
L 06/05/2017 - 06:02:32: [SM]   [2] Line 511, C:\Users\Ethorbit\Desktop\sourcemodbackup\sourcemod\addons\sourcemod\scripting\autodifficultypatch.sp::UpdateHeadcrab
L 06/05/2017 - 06:02:32: [SM]   [3] Line 26, C:\Users\Ethorbit\Desktop\sourcemodbackup\sourcemod\addons\sourcemod\scripting\autodifficultypatch.sp::OnClientDisconnect_Post
L 06/05/2017 - 06:02:35: Error log file session closed.
L 06/05/2017 - 06:02:35: SourceMod error session started
L 06/05/2017 - 06:02:35: Info (map "pb_z_high_school_m") (file "errors_20170605.log")
L 06/05/2017 - 06:02:35: [SM] Fatal error encountered parsing translation file "savescores.phrases.txt"
L 06/05/2017 - 06:02:35: [SM] Error (line 0, column 0): Stream failed to open
L 06/05/2017 - 06:02:35: [SM] Fatal error encountered parsing translation file "customvotes.phrases.txt"
L 06/05/2017 - 06:02:35: [SM] Error (line 0, column 0): Stream failed to open
L 06/05/2017 - 06:03:40: [SM] Exception reported: Entity 2 (2) is invalid
L 06/05/2017 - 06:03:40: [SM] Blaming: autodifficultypatch.smx
L 06/05/2017 - 06:03:40: [SM] Call stack trace:
L 06/05/2017 - 06:03:40: [SM]   [0] GetEntPropString
L 06/05/2017 - 06:03:40: [SM]   [1] Line 1488, C:\Users\Ethorbit\Desktop\sourcemodbackup\sourcemod\addons\sourcemod\scripting\autodifficultypatch.sp::FindEntityByTargetName
L 06/05/2017 - 06:03:40: [SM]   [2] Line 1270, C:\Users\Ethorbit\Desktop\sourcemodbackup\sourcemod\addons\sourcemod\scripting\autodifficultypatch.sp::UpdateHeadcrab
L 06/05/2017 - 06:03:40: [SM]   [3] Line 26, C:\Users\Ethorbit\Desktop\sourcemodbackup\sourcemod\addons\sourcemod\scripting\autodifficultypatch.sp::OnClientDisconnect_Post
L 06/05/2017 - 06:03:55: [SM] Exception reported: Entity 1 (1) is invalid
L 06/05/2017 - 06:03:55: [SM] Blaming: autodifficultypatch.smx
L 06/05/2017 - 06:03:55: [SM] Call stack trace:
L 06/05/2017 - 06:03:55: [SM]   [0] GetEntPropString
L 06/05/2017 - 06:03:55: [SM]   [1] Line 1488, C:\Users\Ethorbit\Desktop\sourcemodbackup\sourcemod\addons\sourcemod\scripting\autodifficultypatch.sp::FindEntityByTargetName
L 06/05/2017 - 06:03:55: [SM]   [2] Line 1262, C:\Users\Ethorbit\Desktop\sourcemodbackup\sourcemod\addons\sourcemod\scripting\autodifficultypatch.sp::UpdateHeadcrab
L 06/05/2017 - 06:03:55: [SM]   [3] Line 26, C:\Users\Ethorbit\Desktop\sourcemodbackup\sourcemod\addons\sourcemod\scripting\autodifficultypatch.sp::OnClientDisconnect_Post
L 06/05/2017 - 06:04:01: Error log file session closed.
L 06/05/2017 - 06:04:01: SourceMod error session started
L 06/05/2017 - 06:04:01: Info (map "pb_z_colony_m") (file "errors_20170605.log")
L 06/05/2017 - 06:04:01: [SM] Fatal error encountered parsing translation file "savescores.phrases.txt"
L 06/05/2017 - 06:04:01: [SM] Error (line 0, column 0): Stream failed to open
L 06/05/2017 - 06:04:01: [SM] Fatal error encountered parsing translation file "customvotes.phrases.txt"
L 06/05/2017 - 06:04:01: [SM] Error (line 0, column 0): Stream failed to open
L 06/05/2017 - 06:36:27: Error log file session closed.
L 06/05/2017 - 06:36:41: SourceMod error session started
L 06/05/2017 - 06:36:41: Info (map "dm_snowfall_m") (file "errors_20170605.log")
L 06/05/2017 - 06:36:41: [SM] Fatal error encountered parsing translation file "savescores.phrases.txt"
L 06/05/2017 - 06:36:41: [SM] Error (line 0, column 0): Stream failed to open
L 06/05/2017 - 06:36:41: [SM] Fatal error encountered parsing translation file "customvotes.phrases.txt"
L 06/05/2017 - 06:36:41: [SM] Error (line 0, column 0): Stream failed to open
L 06/05/2017 - 06:40:09: Error log file session closed.
L 06/05/2017 - 06:40:09: SourceMod error session started
L 06/05/2017 - 06:40:09: Info (map "dm_october_m") (file "errors_20170605.log")
L 06/05/2017 - 06:40:09: [SM] Fatal error encountered parsing translation file "savescores.phrases.txt"
L 06/05/2017 - 06:40:09: [SM] Error (line 0, column 0): Stream failed to open
L 06/05/2017 - 06:40:09: [SM] Fatal error encountered parsing translation file "customvotes.phrases.txt"
L 06/05/2017 - 06:40:09: [SM] Error (line 0, column 0): Stream failed to open
L 06/05/2017 - 07:40:23: Error log file session closed.
L 06/05/2017 - 07:40:23: SourceMod error session started
L 06/05/2017 - 07:40:23: Info (map "dm_montana_m") (file "errors_20170605.log")
L 06/05/2017 - 07:40:23: [SM] Fatal error encountered parsing translation file "savescores.phrases.txt"
L 06/05/2017 - 07:40:23: [SM] Error (line 0, column 0): Stream failed to open
L 06/05/2017 - 07:40:23: [SM] Fatal error encountered parsing translation file "customvotes.phrases.txt"
L 06/05/2017 - 07:40:23: [SM] Error (line 0, column 0): Stream failed to open
L 06/05/2017 - 07:46:39: Error log file session closed.
L 06/05/2017 - 07:46:39: SourceMod error session started
L 06/05/2017 - 07:46:39: Info (map "pb_z_office_tower_v2_m") (file "errors_20170605.log")
L 06/05/2017 - 07:46:39: [SM] Fatal error encountered parsing translation file "savescores.phrases.txt"
L 06/05/2017 - 07:46:39: [SM] Error (line 0, column 0): Stream failed to open
L 06/05/2017 - 07:46:39: [SM] Fatal error encountered parsing translation file "customvotes.phrases.txt"
L 06/05/2017 - 07:46:39: [SM] Error (line 0, column 0): Stream failed to open
L 06/05/2017 - 07:56:42: Error log file session closed.
L 06/05/2017 - 07:56:42: SourceMod error session started
L 06/05/2017 - 07:56:42: Info (map "pb_z_underground_m") (file "errors_20170605.log")
L 06/05/2017 - 07:56:42: [SM] Fatal error encountered parsing translation file "savescores.phrases.txt"
L 06/05/2017 - 07:56:42: [SM] Error (line 0, column 0): Stream failed to open
L 06/05/2017 - 07:56:42: [SM] Fatal error encountered parsing translation file "customvotes.phrases.txt"
L 06/05/2017 - 07:56:42: [SM] Error (line 0, column 0): Stream failed to open
L 06/05/2017 - 08:00:13: [SM] Exception reported: Entity 1 (1) is invalid
L 06/05/2017 - 08:00:13: [SM] Blaming: autodifficultypatch.smx
L 06/05/2017 - 08:00:13: [SM] Call stack trace:
L 06/05/2017 - 08:00:13: [SM]   [0] GetEntPropString
L 06/05/2017 - 08:00:13: [SM]   [1] Line 1488, C:\Users\Ethorbit\Desktop\sourcemodbackup\sourcemod\addons\sourcemod\scripting\autodifficultypatch.sp::FindEntityByTargetName
L 06/05/2017 - 08:00:13: [SM]   [2] Line 586, C:\Users\Ethorbit\Desktop\sourcemodbackup\sourcemod\addons\sourcemod\scripting\autodifficultypatch.sp::UpdateHeadcrab
L 06/05/2017 - 08:00:13: [SM]   [3] Line 26, C:\Users\Ethorbit\Desktop\sourcemodbackup\sourcemod\addons\sourcemod\scripting\autodifficultypatch.sp::OnClientDisconnect_Post
L 06/05/2017 - 08:13:18: [SM] Exception reported: Entity 1 (1) is invalid
L 06/05/2017 - 08:13:18: [SM] Blaming: autodifficultypatch.smx
L 06/05/2017 - 08:13:18: [SM] Call stack trace:
L 06/05/2017 - 08:13:18: [SM]   [0] GetEntPropString
L 06/05/2017 - 08:13:18: [SM]   [1] Line 1488, C:\Users\Ethorbit\Desktop\sourcemodbackup\sourcemod\addons\sourcemod\scripting\autodifficultypatch.sp::FindEntityByTargetName
L 06/05/2017 - 08:13:18: [SM]   [2] Line 586, C:\Users\Ethorbit\Desktop\sourcemodbackup\sourcemod\addons\sourcemod\scripting\autodifficultypatch.sp::UpdateHeadcrab
L 06/05/2017 - 08:13:18: [SM]   [3] Line 26, C:\Users\Ethorbit\Desktop\sourcemodbackup\sourcemod\addons\sourcemod\scripting\autodifficultypatch.sp::OnClientDisconnect_Post
L 06/05/2017 - 08:13:21: Error log file session closed.
L 06/05/2017 - 08:13:21: SourceMod error session started
L 06/05/2017 - 08:13:21: Info (map "dm_coldruins_rc1_m") (file "errors_20170605.log")
L 06/05/2017 - 08:13:21: [SM] Fatal error encountered parsing translation file "savescores.phrases.txt"
L 06/05/2017 - 08:13:21: [SM] Error (line 0, column 0): Stream failed to open
L 06/05/2017 - 08:13:21: [SM] Fatal error encountered parsing translation file "customvotes.phrases.txt"
L 06/05/2017 - 08:13:21: [SM] Error (line 0, column 0): Stream failed to open
L 06/05/2017 - 08:21:31: [SM] Exception reported: Entity 1 (1) is invalid
L 06/05/2017 - 08:21:31: [SM] Blaming: autodifficultypatch.smx
L 06/05/2017 - 08:21:31: [SM] Call stack trace:
L 06/05/2017 - 08:21:31: [SM]   [0] GetEntPropString
L 06/05/2017 - 08:21:31: [SM]   [1] Line 1488, C:\Users\Ethorbit\Desktop\sourcemodbackup\sourcemod\addons\sourcemod\scripting\autodifficultypatch.sp::FindEntityByTargetName
L 06/05/2017 - 08:21:31: [SM]   [2] Line 744, C:\Users\Ethorbit\Desktop\sourcemodbackup\sourcemod\addons\sourcemod\scripting\autodifficultypatch.sp::UpdateHeadcrab
L 06/05/2017 - 08:21:31: [SM]   [3] Line 26, C:\Users\Ethorbit\Desktop\sourcemodbackup\sourcemod\addons\sourcemod\scripting\autodifficultypatch.sp::OnClientDisconnect_Post
L 06/05/2017 - 08:27:57: [SM] Exception reported: Entity 2 (2) is invalid
L 06/05/2017 - 08:27:57: [SM] Blaming: autodifficultypatch.smx
L 06/05/2017 - 08:27:57: [SM] Call stack trace:
L 06/05/2017 - 08:27:57: [SM]   [0] GetEntPropString
L 06/05/2017 - 08:27:57: [SM]   [1] Line 1488, C:\Users\Ethorbit\Desktop\sourcemodbackup\sourcemod\addons\sourcemod\scripting\autodifficultypatch.sp::FindEntityByTargetName
L 06/05/2017 - 08:27:57: [SM]   [2] Line 736, C:\Users\Ethorbit\Desktop\sourcemodbackup\sourcemod\addons\sourcemod\scripting\autodifficultypatch.sp::UpdateHeadcrab
L 06/05/2017 - 08:27:57: [SM]   [3] Line 26, C:\Users\Ethorbit\Desktop\sourcemodbackup\sourcemod\addons\sourcemod\scripting\autodifficultypatch.sp::OnClientDisconnect_Post
L 06/05/2017 - 08:27:59: Error log file session closed.
L 06/05/2017 - 08:27:59: SourceMod error session started
L 06/05/2017 - 08:27:59: Info (map "pb_z_area51_m") (file "errors_20170605.log")
L 06/05/2017 - 08:27:59: [SM] Fatal error encountered parsing translation file "savescores.phrases.txt"
L 06/05/2017 - 08:27:59: [SM] Error (line 0, column 0): Stream failed to open
L 06/05/2017 - 08:27:59: [SM] Fatal error encountered parsing translation file "customvotes.phrases.txt"
L 06/05/2017 - 08:27:59: [SM] Error (line 0, column 0): Stream failed to open
L 06/05/2017 - 08:29:15: [SM] Exception reported: Entity 1 (1) is invalid
L 06/05/2017 - 08:29:15: [SM] Blaming: autodifficultypatch.smx
L 06/05/2017 - 08:29:15: [SM] Call stack trace:
L 06/05/2017 - 08:29:15: [SM]   [0] GetEntPropString
L 06/05/2017 - 08:29:15: [SM]   [1] Line 1488, C:\Users\Ethorbit\Desktop\sourcemodbackup\sourcemod\addons\sourcemod\scripting\autodifficultypatch.sp::FindEntityByTargetName
L 06/05/2017 - 08:29:15: [SM]   [2] Line 1346, C:\Users\Ethorbit\Desktop\sourcemodbackup\sourcemod\addons\sourcemod\scripting\autodifficultypatch.sp::UpdateHeadcrab
L 06/05/2017 - 08:29:15: [SM]   [3] Line 26, C:\Users\Ethorbit\Desktop\sourcemodbackup\sourcemod\addons\sourcemod\scripting\autodifficultypatch.sp::OnClientDisconnect_Post
L 06/05/2017 - 09:03:54: [SM] Exception reported: Entity 3 (3) is invalid
L 06/05/2017 - 09:03:54: [SM] Blaming: autodifficultypatch.smx
L 06/05/2017 - 09:03:54: [SM] Call stack trace:
L 06/05/2017 - 09:03:54: [SM]   [0] GetEntPropString
L 06/05/2017 - 09:03:54: [SM]   [1] Line 1488, C:\Users\Ethorbit\Desktop\sourcemodbackup\sourcemod\addons\sourcemod\scripting\autodifficultypatch.sp::FindEntityByTargetName
L 06/05/2017 - 09:03:54: [SM]   [2] Line 1362, C:\Users\Ethorbit\Desktop\sourcemodbackup\sourcemod\addons\sourcemod\scripting\autodifficultypatch.sp::UpdateHeadcrab
L 06/05/2017 - 09:03:54: [SM]   [3] Line 26, C:\Users\Ethorbit\Desktop\sourcemodbackup\sourcemod\addons\sourcemod\scripting\autodifficultypatch.sp::OnClientDisconnect_Post
L 06/05/2017 - 09:09:44: [SM] Exception reported: Entity 2 (2) is invalid
L 06/05/2017 - 09:09:44: [SM] Blaming: autodifficultypatch.smx
L 06/05/2017 - 09:09:44: [SM] Call stack trace:
L 06/05/2017 - 09:09:44: [SM]   [0] GetEntPropString
L 06/05/2017 - 09:09:44: [SM]   [1] Line 1488, C:\Users\Ethorbit\Desktop\sourcemodbackup\sourcemod\addons\sourcemod\scripting\autodifficultypatch.sp::FindEntityByTargetName
L 06/05/2017 - 09:09:44: [SM]   [2] Line 1354, C:\Users\Ethorbit\Desktop\sourcemodbackup\sourcemod\addons\sourcemod\scripting\autodifficultypatch.sp::UpdateHeadcrab
L 06/05/2017 - 09:09:44: [SM]   [3] Line 26, C:\Users\Ethorbit\Desktop\sourcemodbackup\sourcemod\addons\sourcemod\scripting\autodifficultypatch.sp::OnClientDisconnect_Post
L 06/05/2017 - 09:10:13: [SM] Exception reported: Entity 4 (4) is invalid
L 06/05/2017 - 09:10:13: [SM] Blaming: autodifficultypatch.smx
L 06/05/2017 - 09:10:13: [SM] Call stack trace:
L 06/05/2017 - 09:10:13: [SM]   [0] GetEntPropString
L 06/05/2017 - 09:10:13: [SM]   [1] Line 1488, C:\Users\Ethorbit\Desktop\sourcemodbackup\sourcemod\addons\sourcemod\scripting\autodifficultypatch.sp::FindEntityByTargetName
L 06/05/2017 - 09:10:13: [SM]   [2] Line 1346, C:\Users\Ethorbit\Desktop\sourcemodbackup\sourcemod\addons\sourcemod\scripting\autodifficultypatch.sp::UpdateHeadcrab
L 06/05/2017 - 09:10:13: [SM]   [3] Line 26, C:\Users\Ethorbit\Desktop\sourcemodbackup\sourcemod\addons\sourcemod\scripting\autodifficultypatch.sp::OnClientDisconnect_Post
L 06/05/2017 - 09:11:26: [SM] Exception reported: Entity 1 (1) is invalid
L 06/05/2017 - 09:11:26: [SM] Blaming: autodifficultypatch.smx
L 06/05/2017 - 09:11:26: [SM] Call stack trace:
L 06/05/2017 - 09:11:26: [SM]   [0] GetEntPropString
L 06/05/2017 - 09:11:26: [SM]   [1] Line 1488, C:\Users\Ethorbit\Desktop\sourcemodbackup\sourcemod\addons\sourcemod\scripting\autodifficultypatch.sp::FindEntityByTargetName
L 06/05/2017 - 09:11:26: [SM]   [2] Line 1338, C:\Users\Ethorbit\Desktop\sourcemodbackup\sourcemod\addons\sourcemod\scripting\autodifficultypatch.sp::UpdateHeadcrab
L 06/05/2017 - 09:11:26: [SM]   [3] Line 26, C:\Users\Ethorbit\Desktop\sourcemodbackup\sourcemod\addons\sourcemod\scripting\autodifficultypatch.sp::OnClientDisconnect_Post
L 06/05/2017 - 09:28:08: [SM] Exception reported: Entity 1 (1) is invalid
L 06/05/2017 - 09:28:08: [SM] Blaming: autodifficultypatch.smx
L 06/05/2017 - 09:28:08: [SM] Call stack trace:
L 06/05/2017 - 09:28:08: [SM]   [0] GetEntPropString
L 06/05/2017 - 09:28:08: [SM]   [1] Line 1488, C:\Users\Ethorbit\Desktop\sourcemodbackup\sourcemod\addons\sourcemod\scripting\autodifficultypatch.sp::FindEntityByTargetName
L 06/05/2017 - 09:28:08: [SM]   [2] Line 1346, C:\Users\Ethorbit\Desktop\sourcemodbackup\sourcemod\addons\sourcemod\scripting\autodifficultypatch.sp::UpdateHeadcrab
L 06/05/2017 - 09:28:08: [SM]   [3] Line 26, C:\Users\Ethorbit\Desktop\sourcemodbackup\sourcemod\addons\sourcemod\scripting\autodifficultypatch.sp::OnClientDisconnect_Post
L 06/05/2017 - 09:28:08: [SM] Exception reported: Entity 2 (2) is invalid
L 06/05/2017 - 09:28:08: [SM] Blaming: autodifficultypatch.smx
L 06/05/2017 - 09:28:08: [SM] Call stack trace:
L 06/05/2017 - 09:28:08: [SM]   [0] GetEntPropString
L 06/05/2017 - 09:28:08: [SM]   [1] Line 1488, C:\Users\Ethorbit\Desktop\sourcemodbackup\sourcemod\addons\sourcemod\scripting\autodifficultypatch.sp::FindEntityByTargetName
L 06/05/2017 - 09:28:08: [SM]   [2] Line 1338, C:\Users\Ethorbit\Desktop\sourcemodbackup\sourcemod\addons\sourcemod\scripting\autodifficultypatch.sp::UpdateHeadcrab
L 06/05/2017 - 09:28:08: [SM]   [3] Line 26, C:\Users\Ethorbit\Desktop\sourcemodbackup\sourcemod\addons\sourcemod\scripting\autodifficultypatch.sp::OnClientDisconnect_Post
L 06/05/2017 - 09:28:10: Error log file session closed.
L 06/05/2017 - 09:28:10: SourceMod error session started
L 06/05/2017 - 09:28:10: Info (map "pb_z_earthquake_m") (file "errors_20170605.log")
L 06/05/2017 - 09:28:10: [SM] Fatal error encountered parsing translation file "savescores.phrases.txt"
L 06/05/2017 - 09:28:10: [SM] Error (line 0, column 0): Stream failed to open
L 06/05/2017 - 09:28:10: [SM] Fatal error encountered parsing translation file "customvotes.phrases.txt"
L 06/05/2017 - 09:28:10: [SM] Error (line 0, column 0): Stream failed to open
L 06/05/2017 - 09:33:56: [SM] Exception reported: Entity 2 (2) is invalid
L 06/05/2017 - 09:33:56: [SM] Blaming: autodifficultypatch.smx
L 06/05/2017 - 09:33:56: [SM] Call stack trace:
L 06/05/2017 - 09:33:56: [SM]   [0] GetEntPropString
L 06/05/2017 - 09:33:56: [SM]   [1] Line 1488, C:\Users\Ethorbit\Desktop\sourcemodbackup\sourcemod\addons\sourcemod\scripting\autodifficultypatch.sp::FindEntityByTargetName
L 06/05/2017 - 09:33:56: [SM]   [2] Line 902, C:\Users\Ethorbit\Desktop\sourcemodbackup\sourcemod\addons\sourcemod\scripting\autodifficultypatch.sp::UpdateHeadcrab
L 06/05/2017 - 09:33:56: [SM]   [3] Line 26, C:\Users\Ethorbit\Desktop\sourcemodbackup\sourcemod\addons\sourcemod\scripting\autodifficultypatch.sp::OnClientDisconnect_Post
L 06/05/2017 - 09:40:02: [SM] Exception reported: Entity 1 (1) is invalid
L 06/05/2017 - 09:40:02: [SM] Blaming: autodifficultypatch.smx
L 06/05/2017 - 09:40:02: [SM] Call stack trace:
L 06/05/2017 - 09:40:02: [SM]   [0] GetEntPropString
L 06/05/2017 - 09:40:02: [SM]   [1] Line 1488, C:\Users\Ethorbit\Desktop\sourcemodbackup\sourcemod\addons\sourcemod\scripting\autodifficultypatch.sp::FindEntityByTargetName
L 06/05/2017 - 09:40:02: [SM]   [2] Line 910, C:\Users\Ethorbit\Desktop\sourcemodbackup\sourcemod\addons\sourcemod\scripting\autodifficultypatch.sp::UpdateHeadcrab
L 06/05/2017 - 09:40:02: [SM]   [3] Line 26, C:\Users\Ethorbit\Desktop\sourcemodbackup\sourcemod\addons\sourcemod\scripting\autodifficultypatch.sp::OnClientDisconnect_Post
L 06/05/2017 - 09:40:14: [SM] Exception reported: Entity 4 (4) is invalid
L 06/05/2017 - 09:40:14: [SM] Blaming: autodifficultypatch.smx
L 06/05/2017 - 09:40:14: [SM] Call stack trace:
L 06/05/2017 - 09:40:14: [SM]   [0] GetEntPropString
L 06/05/2017 - 09:40:14: [SM]   [1] Line 1488, C:\Users\Ethorbit\Desktop\sourcemodbackup\sourcemod\addons\sourcemod\scripting\autodifficultypatch.sp::FindEntityByTargetName
L 06/05/2017 - 09:40:14: [SM]   [2] Line 902, C:\Users\Ethorbit\Desktop\sourcemodbackup\sourcemod\addons\sourcemod\scripting\autodifficultypatch.sp::UpdateHeadcrab
L 06/05/2017 - 09:40:14: [SM]   [3] Line 26, C:\Users\Ethorbit\Desktop\sourcemodbackup\sourcemod\addons\sourcemod\scripting\autodifficultypatch.sp::OnClientDisconnect_Post
L 06/05/2017 - 09:58:59: [SM] Exception reported: Entity 2 (2) is invalid
L 06/05/2017 - 09:58:59: [SM] Blaming: autodifficultypatch.smx
L 06/05/2017 - 09:58:59: [SM] Call stack trace:
L 06/05/2017 - 09:58:59: [SM]   [0] GetEntPropString
L 06/05/2017 - 09:58:59: [SM]   [1] Line 1488, C:\Users\Ethorbit\Desktop\sourcemodbackup\sourcemod\addons\sourcemod\scripting\autodifficultypatch.sp::FindEntityByTargetName
L 06/05/2017 - 09:58:59: [SM]   [2] Line 902, C:\Users\Ethorbit\Desktop\sourcemodbackup\sourcemod\addons\sourcemod\scripting\autodifficultypatch.sp::UpdateHeadcrab
L 06/05/2017 - 09:58:59: [SM]   [3] Line 26, C:\Users\Ethorbit\Desktop\sourcemodbackup\sourcemod\addons\sourcemod\scripting\autodifficultypatch.sp::OnClientDisconnect_Post
L 06/05/2017 - 10:28:19: [SM] Exception reported: Entity 1 (1) is invalid
L 06/05/2017 - 10:28:19: [SM] Blaming: autodifficultypatch.smx
L 06/05/2017 - 10:28:19: [SM] Call stack trace:
L 06/05/2017 - 10:28:19: [SM]   [0] GetEntPropString
L 06/05/2017 - 10:28:19: [SM]   [1] Line 1488, C:\Users\Ethorbit\Desktop\sourcemodbackup\sourcemod\addons\sourcemod\scripting\autodifficultypatch.sp::FindEntityByTargetName
L 06/05/2017 - 10:28:19: [SM]   [2] Line 910, C:\Users\Ethorbit\Desktop\sourcemodbackup\sourcemod\addons\sourcemod\scripting\autodifficultypatch.sp::UpdateHeadcrab
L 06/05/2017 - 10:28:19: [SM]   [3] Line 26, C:\Users\Ethorbit\Desktop\sourcemodbackup\sourcemod\addons\sourcemod\scripting\autodifficultypatch.sp::OnClientDisconnect_Post
L 06/05/2017 - 10:28:19: [SM] Exception reported: Entity 2 (2) is invalid
L 06/05/2017 - 10:28:19: [SM] Blaming: autodifficultypatch.smx
L 06/05/2017 - 10:28:19: [SM] Call stack trace:
L 06/05/2017 - 10:28:19: [SM]   [0] GetEntPropString
L 06/05/2017 - 10:28:19: [SM]   [1] Line 1488, C:\Users\Ethorbit\Desktop\sourcemodbackup\sourcemod\addons\sourcemod\scripting\autodifficultypatch.sp::FindEntityByTargetName
L 06/05/2017 - 10:28:19: [SM]   [2] Line 902, C:\Users\Ethorbit\Desktop\sourcemodbackup\sourcemod\addons\sourcemod\scripting\autodifficultypatch.sp::UpdateHeadcrab
L 06/05/2017 - 10:28:19: [SM]   [3] Line 26, C:\Users\Ethorbit\Desktop\sourcemodbackup\sourcemod\addons\sourcemod\scripting\autodifficultypatch.sp::OnClientDisconnect_Post
L 06/05/2017 - 10:28:19: [SM] Exception reported: Entity 3 (3) is invalid
L 06/05/2017 - 10:28:19: [SM] Blaming: autodifficultypatch.smx
L 06/05/2017 - 10:28:19: [SM] Call stack trace:
L 06/05/2017 - 10:28:19: [SM]   [0] GetEntPropString
L 06/05/2017 - 10:28:19: [SM]   [1] Line 1488, C:\Users\Ethorbit\Desktop\sourcemodbackup\sourcemod\addons\sourcemod\scripting\autodifficultypatch.sp::FindEntityByTargetName
L 06/05/2017 - 10:28:19: [SM]   [2] Line 894, C:\Users\Ethorbit\Desktop\sourcemodbackup\sourcemod\addons\sourcemod\scripting\autodifficultypatch.sp::UpdateHeadcrab
L 06/05/2017 - 10:28:19: [SM]   [3] Line 26, C:\Users\Ethorbit\Desktop\sourcemodbackup\sourcemod\addons\sourcemod\scripting\autodifficultypatch.sp::OnClientDisconnect_Post
L 06/05/2017 - 10:28:19: [SM] Exception reported: Entity 4 (4) is invalid
L 06/05/2017 - 10:28:19: [SM] Blaming: autodifficultypatch.smx
L 06/05/2017 - 10:28:19: [SM] Call stack trace:
L 06/05/2017 - 10:28:19: [SM]   [0] GetEntPropString
L 06/05/2017 - 10:28:19: [SM]   [1] Line 1488, C:\Users\Ethorbit\Desktop\sourcemodbackup\sourcemod\addons\sourcemod\scripting\autodifficultypatch.sp::FindEntityByTargetName
L 06/05/2017 - 10:28:19: [SM]   [2] Line 886, C:\Users\Ethorbit\Desktop\sourcemodbackup\sourcemod\addons\sourcemod\scripting\autodifficultypatch.sp::UpdateHeadcrab
L 06/05/2017 - 10:28:19: [SM]   [3] Line 26, C:\Users\Ethorbit\Desktop\sourcemodbackup\sourcemod\addons\sourcemod\scripting\autodifficultypatch.sp::OnClientDisconnect_Post
L 06/05/2017 - 10:28:19: Error log file session closed.
L 06/05/2017 - 10:28:19: SourceMod error session started
L 06/05/2017 - 10:28:19: Info (map "dm_october_m") (file "errors_20170605.log")
L 06/05/2017 - 10:28:19: [SM] Fatal error encountered parsing translation file "savescores.phrases.txt"
L 06/05/2017 - 10:28:19: [SM] Error (line 0, column 0): Stream failed to open
L 06/05/2017 - 10:28:19: [SM] Fatal error encountered parsing translation file "customvotes.phrases.txt"
L 06/05/2017 - 10:28:19: [SM] Error (line 0, column 0): Stream failed to open
L 06/05/2017 - 11:28:31: Error log file session closed.
L 06/05/2017 - 11:28:31: SourceMod error session started
L 06/05/2017 - 11:28:31: Info (map "pb_z_disorder_m") (file "errors_20170605.log")
L 06/05/2017 - 11:28:31: [SM] Fatal error encountered parsing translation file "savescores.phrases.txt"
L 06/05/2017 - 11:28:31: [SM] Error (line 0, column 0): Stream failed to open
L 06/05/2017 - 11:28:31: [SM] Fatal error encountered parsing translation file "customvotes.phrases.txt"
L 06/05/2017 - 11:28:31: [SM] Error (line 0, column 0): Stream failed to open
L 06/05/2017 - 11:42:37: [SM] Exception reported: Entity 3 (3) is invalid
L 06/05/2017 - 11:42:37: [SM] Blaming: autodifficultypatch.smx
L 06/05/2017 - 11:42:37: [SM] Call stack trace:
L 06/05/2017 - 11:42:37: [SM]   [0] GetEntPropString
L 06/05/2017 - 11:42:37: [SM]   [1] Line 1488, C:\Users\Ethorbit\Desktop\sourcemodbackup\sourcemod\addons\sourcemod\scripting\autodifficultypatch.sp::FindEntityByTargetName
L 06/05/2017 - 11:42:37: [SM]   [2] Line 527, C:\Users\Ethorbit\Desktop\sourcemodbackup\sourcemod\addons\sourcemod\scripting\autodifficultypatch.sp::UpdateHeadcrab
L 06/05/2017 - 11:42:37: [SM]   [3] Line 26, C:\Users\Ethorbit\Desktop\sourcemodbackup\sourcemod\addons\sourcemod\scripting\autodifficultypatch.sp::OnClientDisconnect_Post
L 06/05/2017 - 11:47:15: [SM] Exception reported: Entity 2 (2) is invalid
L 06/05/2017 - 11:47:15: [SM] Blaming: autodifficultypatch.smx
L 06/05/2017 - 11:47:15: [SM] Call stack trace:
L 06/05/2017 - 11:47:15: [SM]   [0] GetEntPropString
L 06/05/2017 - 11:47:15: [SM]   [1] Line 1488, C:\Users\Ethorbit\Desktop\sourcemodbackup\sourcemod\addons\sourcemod\scripting\autodifficultypatch.sp::FindEntityByTargetName
L 06/05/2017 - 11:47:15: [SM]   [2] Line 519, C:\Users\Ethorbit\Desktop\sourcemodbackup\sourcemod\addons\sourcemod\scripting\autodifficultypatch.sp::UpdateHeadcrab
L 06/05/2017 - 11:47:15: [SM]   [3] Line 26, C:\Users\Ethorbit\Desktop\sourcemodbackup\sourcemod\addons\sourcemod\scripting\autodifficultypatch.sp::OnClientDisconnect_Post
L 06/05/2017 - 11:47:46: [SM] Exception reported: Entity 1 (1) is invalid
L 06/05/2017 - 11:47:46: [SM] Blaming: autodifficultypatch.smx
L 06/05/2017 - 11:47:46: [SM] Call stack trace:
L 06/05/2017 - 11:47:46: [SM]   [0] GetEntPropString
L 06/05/2017 - 11:47:46: [SM]   [1] Line 1488, C:\Users\Ethorbit\Desktop\sourcemodbackup\sourcemod\addons\sourcemod\scripting\autodifficultypatch.sp::FindEntityByTargetName
L 06/05/2017 - 11:47:46: [SM]   [2] Line 511, C:\Users\Ethorbit\Desktop\sourcemodbackup\sourcemod\addons\sourcemod\scripting\autodifficultypatch.sp::UpdateHeadcrab
L 06/05/2017 - 11:47:46: [SM]   [3] Line 26, C:\Users\Ethorbit\Desktop\sourcemodbackup\sourcemod\addons\sourcemod\scripting\autodifficultypatch.sp::OnClientDisconnect_Post
L 06/05/2017 - 11:57:18: [SM] Exception reported: Entity 1 (1) is invalid
L 06/05/2017 - 11:57:18: [SM] Blaming: autodifficultypatch.smx
L 06/05/2017 - 11:57:18: [SM] Call stack trace:
L 06/05/2017 - 11:57:18: [SM]   [0] GetEntPropString
L 06/05/2017 - 11:57:18: [SM]   [1] Line 1488, C:\Users\Ethorbit\Desktop\sourcemodbackup\sourcemod\addons\sourcemod\scripting\autodifficultypatch.sp::FindEntityByTargetName
L 06/05/2017 - 11:57:18: [SM]   [2] Line 511, C:\Users\Ethorbit\Desktop\sourcemodbackup\sourcemod\addons\sourcemod\scripting\autodifficultypatch.sp::UpdateHeadcrab
L 06/05/2017 - 11:57:18: [SM]   [3] Line 26, C:\Users\Ethorbit\Desktop\sourcemodbackup\sourcemod\addons\sourcemod\scripting\autodifficultypatch.sp::OnClientDisconnect_Post
L 06/05/2017 - 12:28:42: Error log file session closed.
L 06/05/2017 - 12:28:42: SourceMod error session started
L 06/05/2017 - 12:28:42: Info (map "dm_laststop_m") (file "errors_20170605.log")
L 06/05/2017 - 12:28:42: [SM] Fatal error encountered parsing translation file "savescores.phrases.txt"
L 06/05/2017 - 12:28:42: [SM] Error (line 0, column 0): Stream failed to open
L 06/05/2017 - 12:28:42: [SM] Fatal error encountered parsing translation file "customvotes.phrases.txt"
L 06/05/2017 - 12:28:42: [SM] Error (line 0, column 0): Stream failed to open
L 06/05/2017 - 12:41:43: [SM] Exception reported: Entity 1 (1) is invalid
L 06/05/2017 - 12:41:43: [SM] Blaming: autodifficultypatch.smx
L 06/05/2017 - 12:41:43: [SM] Call stack trace:
L 06/05/2017 - 12:41:43: [SM]   [0] GetEntPropString
L 06/05/2017 - 12:41:43: [SM]   [1] Line 1488, C:\Users\Ethorbit\Desktop\sourcemodbackup\sourcemod\addons\sourcemod\scripting\autodifficultypatch.sp::FindEntityByTargetName
L 06/05/2017 - 12:41:43: [SM]   [2] Line 961, C:\Users\Ethorbit\Desktop\sourcemodbackup\sourcemod\addons\sourcemod\scripting\autodifficultypatch.sp::UpdateHeadcrab
L 06/05/2017 - 12:41:43: [SM]   [3] Line 26, C:\Users\Ethorbit\Desktop\sourcemodbackup\sourcemod\addons\sourcemod\scripting\autodifficultypatch.sp::OnClientDisconnect_Post
L 06/05/2017 - 12:41:45: Error log file session closed.
L 06/05/2017 - 12:41:45: SourceMod error session started
L 06/05/2017 - 12:41:45: Info (map "pb_z_high_school_m") (file "errors_20170605.log")
L 06/05/2017 - 12:41:45: [SM] Fatal error encountered parsing translation file "savescores.phrases.txt"
L 06/05/2017 - 12:41:45: [SM] Error (line 0, column 0): Stream failed to open
L 06/05/2017 - 12:41:45: [SM] Fatal error encountered parsing translation file "customvotes.phrases.txt"
L 06/05/2017 - 12:41:45: [SM] Error (line 0, column 0): Stream failed to open
L 06/05/2017 - 13:16:20: [SM] Exception reported: Entity 2 (2) is invalid
L 06/05/2017 - 13:16:20: [SM] Blaming: autodifficultypatch.smx
L 06/05/2017 - 13:16:20: [SM] Call stack trace:
L 06/05/2017 - 13:16:20: [SM]   [0] GetEntPropString
L 06/05/2017 - 13:16:20: [SM]   [1] Line 1488, C:\Users\Ethorbit\Desktop\sourcemodbackup\sourcemod\addons\sourcemod\scripting\autodifficultypatch.sp::FindEntityByTargetName
L 06/05/2017 - 13:16:20: [SM]   [2] Line 1270, C:\Users\Ethorbit\Desktop\sourcemodbackup\sourcemod\addons\sourcemod\scripting\autodifficultypatch.sp::UpdateHeadcrab
L 06/05/2017 - 13:16:20: [SM]   [3] Line 26, C:\Users\Ethorbit\Desktop\sourcemodbackup\sourcemod\addons\sourcemod\scripting\autodifficultypatch.sp::OnClientDisconnect_Post
L 06/05/2017 - 13:17:38: [SM] Exception reported: Entity 2 (2) is invalid
L 06/05/2017 - 13:17:38: [SM] Blaming: autodifficultypatch.smx
L 06/05/2017 - 13:17:38: [SM] Call stack trace:
L 06/05/2017 - 13:17:38: [SM]   [0] GetEntPropString
L 06/05/2017 - 13:17:38: [SM]   [1] Line 1488, C:\Users\Ethorbit\Desktop\sourcemodbackup\sourcemod\addons\sourcemod\scripting\autodifficultypatch.sp::FindEntityByTargetName
L 06/05/2017 - 13:17:38: [SM]   [2] Line 1270, C:\Users\Ethorbit\Desktop\sourcemodbackup\sourcemod\addons\sourcemod\scripting\autodifficultypatch.sp::UpdateHeadcrab
L 06/05/2017 - 13:17:38: [SM]   [3] Line 26, C:\Users\Ethorbit\Desktop\sourcemodbackup\sourcemod\addons\sourcemod\scripting\autodifficultypatch.sp::OnClientDisconnect_Post
L 06/05/2017 - 13:41:55: [SM] Exception reported: Entity 1 (1) is invalid
L 06/05/2017 - 13:41:55: [SM] Blaming: autodifficultypatch.smx
L 06/05/2017 - 13:41:55: [SM] Call stack trace:
L 06/05/2017 - 13:41:55: [SM]   [0] GetEntPropString
L 06/05/2017 - 13:41:55: [SM]   [1] Line 1488, C:\Users\Ethorbit\Desktop\sourcemodbackup\sourcemod\addons\sourcemod\scripting\autodifficultypatch.sp::FindEntityByTargetName
L 06/05/2017 - 13:41:55: [SM]   [2] Line 1262, C:\Users\Ethorbit\Desktop\sourcemodbackup\sourcemod\addons\sourcemod\scripting\autodifficultypatch.sp::UpdateHeadcrab
L 06/05/2017 - 13:41:55: [SM]   [3] Line 26, C:\Users\Ethorbit\Desktop\sourcemodbackup\sourcemod\addons\sourcemod\scripting\autodifficultypatch.sp::OnClientDisconnect_Post
L 06/05/2017 - 13:41:59: Error log file session closed.
L 06/05/2017 - 13:41:59: SourceMod error session started
L 06/05/2017 - 13:41:59: Info (map "pb_z_colony_m") (file "errors_20170605.log")
L 06/05/2017 - 13:41:59: [SM] Fatal error encountered parsing translation file "savescores.phrases.txt"
L 06/05/2017 - 13:41:59: [SM] Error (line 0, column 0): Stream failed to open
L 06/05/2017 - 13:41:59: [SM] Fatal error encountered parsing translation file "customvotes.phrases.txt"
L 06/05/2017 - 13:41:59: [SM] Error (line 0, column 0): Stream failed to open
L 06/05/2017 - 13:49:43: [SM] Exception reported: Entity 1 (1) is invalid
L 06/05/2017 - 13:49:43: [SM] Blaming: autodifficultypatch.smx
L 06/05/2017 - 13:49:43: [SM] Call stack trace:
L 06/05/2017 - 13:49:43: [SM]   [0] GetEntPropString
L 06/05/2017 - 13:49:43: [SM]   [1] Line 1488, C:\Users\Ethorbit\Desktop\sourcemodbackup\sourcemod\addons\sourcemod\scripting\autodifficultypatch.sp::FindEntityByTargetName
L 06/05/2017 - 13:49:43: [SM]   [2] Line 444, C:\Users\Ethorbit\Desktop\sourcemodbackup\sourcemod\addons\sourcemod\scripting\autodifficultypatch.sp::UpdateHeadcrab
L 06/05/2017 - 13:49:43: [SM]   [3] Line 26, C:\Users\Ethorbit\Desktop\sourcemodbackup\sourcemod\addons\sourcemod\scripting\autodifficultypatch.sp::OnClientDisconnect_Post
L 06/05/2017 - 14:37:30: [SM] Exception reported: Entity 1 (1) is invalid
L 06/05/2017 - 14:37:30: [SM] Blaming: autodifficultypatch.smx
L 06/05/2017 - 14:37:30: [SM] Call stack trace:
L 06/05/2017 - 14:37:30: [SM]   [0] GetEntPropString
L 06/05/2017 - 14:37:30: [SM]   [1] Line 1488, C:\Users\Ethorbit\Desktop\sourcemodbackup\sourcemod\addons\sourcemod\scripting\autodifficultypatch.sp::FindEntityByTargetName
L 06/05/2017 - 14:37:30: [SM]   [2] Line 452, C:\Users\Ethorbit\Desktop\sourcemodbackup\sourcemod\addons\sourcemod\scripting\autodifficultypatch.sp::UpdateHeadcrab
L 06/05/2017 - 14:37:30: [SM]   [3] Line 26, C:\Users\Ethorbit\Desktop\sourcemodbackup\sourcemod\addons\sourcemod\scripting\autodifficultypatch.sp::OnClientDisconnect_Post
L 06/05/2017 - 14:37:30: [SM] Exception reported: Entity 2 (2) is invalid
L 06/05/2017 - 14:37:30: [SM] Blaming: autodifficultypatch.smx
L 06/05/2017 - 14:37:30: [SM] Call stack trace:
L 06/05/2017 - 14:37:30: [SM]   [0] GetEntPropString
L 06/05/2017 - 14:37:30: [SM]   [1] Line 1488, C:\Users\Ethorbit\Desktop\sourcemodbackup\sourcemod\addons\sourcemod\scripting\autodifficultypatch.sp::FindEntityByTargetName
L 06/05/2017 - 14:37:30: [SM]   [2] Line 444, C:\Users\Ethorbit\Desktop\sourcemodbackup\sourcemod\addons\sourcemod\scripting\autodifficultypatch.sp::UpdateHeadcrab
L 06/05/2017 - 14:37:30: [SM]   [3] Line 26, C:\Users\Ethorbit\Desktop\sourcemodbackup\sourcemod\addons\sourcemod\scripting\autodifficultypatch.sp::OnClientDisconnect_Post
L 06/05/2017 - 14:37:30: Error log file session closed.
L 06/05/2017 - 14:37:30: SourceMod error session started
L 06/05/2017 - 14:37:30: Info (map "dm_montana_m") (file "errors_20170605.log")
L 06/05/2017 - 14:37:30: [SM] Fatal error encountered parsing translation file "savescores.phrases.txt"
L 06/05/2017 - 14:37:30: [SM] Error (line 0, column 0): Stream failed to open
L 06/05/2017 - 14:37:30: [SM] Fatal error encountered parsing translation file "customvotes.phrases.txt"
L 06/05/2017 - 14:37:30: [SM] Error (line 0, column 0): Stream failed to open
L 06/05/2017 - 14:46:24: [SM] Exception reported: Entity 2 (2) is invalid
L 06/05/2017 - 14:46:24: [SM] Blaming: autodifficultypatch.smx
L 06/05/2017 - 14:46:24: [SM] Call stack trace:
L 06/05/2017 - 14:46:24: [SM]   [0] GetEntPropString
L 06/05/2017 - 14:46:24: [SM]   [1] Line 1488, C:\Users\Ethorbit\Desktop\sourcemodbackup\sourcemod\addons\sourcemod\scripting\autodifficultypatch.sp::FindEntityByTargetName
L 06/05/2017 - 14:46:24: [SM]   [2] Line 318, C:\Users\Ethorbit\Desktop\sourcemodbackup\sourcemod\addons\sourcemod\scripting\autodifficultypatch.sp::UpdateHeadcrab
L 06/05/2017 - 14:46:24: [SM]   [3] Line 26, C:\Users\Ethorbit\Desktop\sourcemodbackup\sourcemod\addons\sourcemod\scripting\autodifficultypatch.sp::OnClientDisconnect_Post
L 06/05/2017 - 14:52:51: [SM] Exception reported: Entity 3 (3) is invalid
L 06/05/2017 - 14:52:51: [SM] Blaming: autodifficultypatch.smx
L 06/05/2017 - 14:52:51: [SM] Call stack trace:
L 06/05/2017 - 14:52:51: [SM]   [0] GetEntPropString
L 06/05/2017 - 14:52:51: [SM]   [1] Line 1488, C:\Users\Ethorbit\Desktop\sourcemodbackup\sourcemod\addons\sourcemod\scripting\autodifficultypatch.sp::FindEntityByTargetName
L 06/05/2017 - 14:52:51: [SM]   [2] Line 310, C:\Users\Ethorbit\Desktop\sourcemodbackup\sourcemod\addons\sourcemod\scripting\autodifficultypatch.sp::UpdateHeadcrab
L 06/05/2017 - 14:52:51: [SM]   [3] Line 26, C:\Users\Ethorbit\Desktop\sourcemodbackup\sourcemod\addons\sourcemod\scripting\autodifficultypatch.sp::OnClientDisconnect_Post
L 06/05/2017 - 14:53:09: SourceMod error session started
L 06/05/2017 - 14:53:09: Info (map "pb_z_high_school_m") (file "errors_20170605.log")
L 06/05/2017 - 14:53:09: [SDKTOOLS] Invalid detour address passed - Disabling detour to prevent crashes
L 06/05/2017 - 14:53:10: [SM] Unable to load extension "soundlib.ext": error code 0000007e
L 06/05/2017 - 14:53:10: [SM] Unable to load extension "config.ext": error code 0000007e
L 06/05/2017 - 14:53:10: [SM] Fatal error encountered parsing translation file "savescores.phrases.txt"
L 06/05/2017 - 14:53:10: [SM] Error (line 0, column 0): Stream failed to open
L 06/05/2017 - 14:53:10: [SM] Unable to load plugin "time-left-actions.smx": Required extension "Sound Info Library" file("soundlib.ext") not running
L 06/05/2017 - 14:56:30: [SM] Exception reported: Entity 2 (2) is invalid
L 06/05/2017 - 14:56:30: [SM] Blaming: autodifficultypatch.smx
L 06/05/2017 - 14:56:30: [SM] Call stack trace:
L 06/05/2017 - 14:56:30: [SM]   [0] GetEntPropString
L 06/05/2017 - 14:56:30: [SM]   [1] Line 1488, C:\Users\Ethorbit\Desktop\sourcemodbackup\sourcemod\addons\sourcemod\scripting\autodifficultypatch.sp::FindEntityByTargetName
L 06/05/2017 - 14:56:30: [SM]   [2] Line 1278, C:\Users\Ethorbit\Desktop\sourcemodbackup\sourcemod\addons\sourcemod\scripting\autodifficultypatch.sp::UpdateHeadcrab
L 06/05/2017 - 14:56:30: [SM]   [3] Line 26, C:\Users\Ethorbit\Desktop\sourcemodbackup\sourcemod\addons\sourcemod\scripting\autodifficultypatch.sp::OnClientDisconnect_Post
L 06/05/2017 - 14:56:32: [SM] Exception reported: Entity 1 (1) is invalid
L 06/05/2017 - 14:56:32: [SM] Blaming: autodifficultypatch.smx
L 06/05/2017 - 14:56:32: [SM] Call stack trace:
L 06/05/2017 - 14:56:32: [SM]   [0] GetEntPropString
L 06/05/2017 - 14:56:32: [SM]   [1] Line 1488, C:\Users\Ethorbit\Desktop\sourcemodbackup\sourcemod\addons\sourcemod\scripting\autodifficultypatch.sp::FindEntityByTargetName
L 06/05/2017 - 14:56:32: [SM]   [2] Line 1270, C:\Users\Ethorbit\Desktop\sourcemodbackup\sourcemod\addons\sourcemod\scripting\autodifficultypatch.sp::UpdateHeadcrab
L 06/05/2017 - 14:56:32: [SM]   [3] Line 26, C:\Users\Ethorbit\Desktop\sourcemodbackup\sourcemod\addons\sourcemod\scripting\autodifficultypatch.sp::OnClientDisconnect_Post
L 06/05/2017 - 15:00:20: [SM] Exception reported: Entity 3 (3) is invalid
L 06/05/2017 - 15:00:20: [SM] Blaming: autodifficultypatch.smx
L 06/05/2017 - 15:00:20: [SM] Call stack trace:
L 06/05/2017 - 15:00:20: [SM]   [0] GetEntPropString
L 06/05/2017 - 15:00:20: [SM]   [1] Line 1488, C:\Users\Ethorbit\Desktop\sourcemodbackup\sourcemod\addons\sourcemod\scripting\autodifficultypatch.sp::FindEntityByTargetName
L 06/05/2017 - 15:00:20: [SM]   [2] Line 1262, C:\Users\Ethorbit\Desktop\sourcemodbackup\sourcemod\addons\sourcemod\scripting\autodifficultypatch.sp::UpdateHeadcrab
L 06/05/2017 - 15:00:20: [SM]   [3] Line 26, C:\Users\Ethorbit\Desktop\sourcemodbackup\sourcemod\addons\sourcemod\scripting\autodifficultypatch.sp::OnClientDisconnect_Post
L 06/05/2017 - 15:01:17: SourceMod error session started
L 06/05/2017 - 15:01:17: Info (map "pb_z_high_school_m") (file "errors_20170605.log")
L 06/05/2017 - 15:01:17: [SDKTOOLS] Invalid detour address passed - Disabling detour to prevent crashes
L 06/05/2017 - 15:01:17: [SM] Unable to load extension "soundlib.ext": error code 0000007e
L 06/05/2017 - 15:01:17: [SM] Unable to load extension "config.ext": error code 0000007e
L 06/05/2017 - 15:01:17: [SM] Fatal error encountered parsing translation file "savescores.phrases.txt"
L 06/05/2017 - 15:01:17: [SM] Error (line 0, column 0): Stream failed to open
L 06/05/2017 - 15:01:17: [SM] Unable to load plugin "time-left-actions.smx": Required extension "Sound Info Library" file("soundlib.ext") not running
L 06/05/2017 - 15:03:15: SourceMod error session started
L 06/05/2017 - 15:03:15: Info (map "pb_z_high_school_m") (file "errors_20170605.log")
L 06/05/2017 - 15:03:15: [SDKTOOLS] Invalid detour address passed - Disabling detour to prevent crashes
L 06/05/2017 - 15:03:15: [SM] Unable to load extension "soundlib.ext": error code 0000007e
L 06/05/2017 - 15:03:15: [SM] Unable to load extension "config.ext": error code 0000007e
L 06/05/2017 - 15:03:15: [SM] Fatal error encountered parsing translation file "savescores.phrases.txt"
L 06/05/2017 - 15:03:15: [SM] Error (line 0, column 0): Stream failed to open
L 06/05/2017 - 15:03:15: [SM] Unable to load plugin "time-left-actions.smx": Required extension "Sound Info Library" file("soundlib.ext") not running
L 06/05/2017 - 15:06:48: [SM] Exception reported: Entity 1 (1) is invalid
L 06/05/2017 - 15:06:48: [SM] Blaming: autodifficultypatch.smx
L 06/05/2017 - 15:06:48: [SM] Call stack trace:
L 06/05/2017 - 15:06:48: [SM]   [0] GetEntPropString
L 06/05/2017 - 15:06:48: [SM]   [1] Line 1488, C:\Users\Ethorbit\Desktop\sourcemodbackup\sourcemod\addons\sourcemod\scripting\autodifficultypatch.sp::FindEntityByTargetName
L 06/05/2017 - 15:06:48: [SM]   [2] Line 1270, C:\Users\Ethorbit\Desktop\sourcemodbackup\sourcemod\addons\sourcemod\scripting\autodifficultypatch.sp::UpdateHeadcrab
L 06/05/2017 - 15:06:48: [SM]   [3] Line 26, C:\Users\Ethorbit\Desktop\sourcemodbackup\sourcemod\addons\sourcemod\scripting\autodifficultypatch.sp::OnClientDisconnect_Post
L 06/05/2017 - 15:06:48: [SM] Exception reported: Entity 1 (1) is invalid
L 06/05/2017 - 15:06:48: [SM] Blaming: autodifficultypatch.smx
L 06/05/2017 - 15:06:48: [SM] Call stack trace:
L 06/05/2017 - 15:06:48: [SM]   [0] GetEntPropString
L 06/05/2017 - 15:06:48: [SM]   [1] Line 1488, C:\Users\Ethorbit\Desktop\sourcemodbackup\sourcemod\addons\sourcemod\scripting\autodifficultypatch.sp::FindEntityByTargetName
L 06/05/2017 - 15:06:48: [SM]   [2] Line 1262, C:\Users\Ethorbit\Desktop\sourcemodbackup\sourcemod\addons\sourcemod\scripting\autodifficultypatch.sp::UpdateHeadcrab
L 06/05/2017 - 15:06:48: [SM]   [3] Line 26, C:\Users\Ethorbit\Desktop\sourcemodbackup\sourcemod\addons\sourcemod\scripting\autodifficultypatch.sp::OnClientDisconnect_Post
L 06/05/2017 - 15:06:48: Error log file session closed.
L 06/05/2017 - 15:06:48: SourceMod error session started
L 06/05/2017 - 15:06:48: Info (map "pb_z_high_school_m") (file "errors_20170605.log")
L 06/05/2017 - 15:06:48: [SM] Fatal error encountered parsing translation file "savescores.phrases.txt"
L 06/05/2017 - 15:06:48: [SM] Error (line 0, column 0): Stream failed to open
L 06/05/2017 - 15:14:10: SourceMod error session started
L 06/05/2017 - 15:14:10: Info (map "pb_z_high_school_m") (file "errors_20170605.log")
L 06/05/2017 - 15:14:10: [SDKTOOLS] Invalid detour address passed - Disabling detour to prevent crashes
L 06/05/2017 - 15:14:10: [SM] Unable to load extension "soundlib.ext": error code 0000007e
L 06/05/2017 - 15:14:10: [SM] Unable to load extension "config.ext": error code 0000007e
L 06/05/2017 - 15:14:10: [SM] Fatal error encountered parsing translation file "savescores.phrases.txt"
L 06/05/2017 - 15:14:10: [SM] Error (line 0, column 0): Stream failed to open
L 06/05/2017 - 15:14:10: [SM] Unable to load plugin "time-left-actions.smx": Required extension "Sound Info Library" file("soundlib.ext") not running
L 06/05/2017 - 15:14:44: [SM] Exception reported: Entity 2 (2) is invalid
L 06/05/2017 - 15:14:44: [SM] Blaming: autodifficultypatch.smx
L 06/05/2017 - 15:14:44: [SM] Call stack trace:
L 06/05/2017 - 15:14:44: [SM]   [0] GetEntPropString
L 06/05/2017 - 15:14:44: [SM]   [1] Line 1488, C:\Users\Ethorbit\Desktop\sourcemodbackup\sourcemod\addons\sourcemod\scripting\autodifficultypatch.sp::FindEntityByTargetName
L 06/05/2017 - 15:14:44: [SM]   [2] Line 1270, C:\Users\Ethorbit\Desktop\sourcemodbackup\sourcemod\addons\sourcemod\scripting\autodifficultypatch.sp::UpdateHeadcrab
L 06/05/2017 - 15:14:44: [SM]   [3] Line 26, C:\Users\Ethorbit\Desktop\sourcemodbackup\sourcemod\addons\sourcemod\scripting\autodifficultypatch.sp::OnClientDisconnect_Post
L 06/05/2017 - 15:16:40: [SM] Exception reported: Entity 1 (1) is invalid
L 06/05/2017 - 15:16:40: [SM] Blaming: autodifficultypatch.smx
L 06/05/2017 - 15:16:40: [SM] Call stack trace:
L 06/05/2017 - 15:16:40: [SM]   [0] GetEntPropString
L 06/05/2017 - 15:16:40: [SM]   [1] Line 1488, C:\Users\Ethorbit\Desktop\sourcemodbackup\sourcemod\addons\sourcemod\scripting\autodifficultypatch.sp::FindEntityByTargetName
L 06/05/2017 - 15:16:40: [SM]   [2] Line 1262, C:\Users\Ethorbit\Desktop\sourcemodbackup\sourcemod\addons\sourcemod\scripting\autodifficultypatch.sp::UpdateHeadcrab
L 06/05/2017 - 15:16:40: [SM]   [3] Line 26, C:\Users\Ethorbit\Desktop\sourcemodbackup\sourcemod\addons\sourcemod\scripting\autodifficultypatch.sp::OnClientDisconnect_Post
L 06/05/2017 - 16:03:01: [SM] Fatal error encountered parsing translation file "customvotes.phrases.txt"
L 06/05/2017 - 16:03:01: [SM] Error (line 0, column 0): Stream failed to open
L 06/05/2017 - 16:14:21: [SM] Exception reported: Entity 1 (1) is invalid
L 06/05/2017 - 16:14:21: [SM] Blaming: autodifficultypatch.smx
L 06/05/2017 - 16:14:21: [SM] Call stack trace:
L 06/05/2017 - 16:14:21: [SM]   [0] GetEntPropString
L 06/05/2017 - 16:14:21: [SM]   [1] Line 1488, C:\Users\Ethorbit\Desktop\sourcemodbackup\sourcemod\addons\sourcemod\scripting\autodifficultypatch.sp::FindEntityByTargetName
L 06/05/2017 - 16:14:21: [SM]   [2] Line 1262, C:\Users\Ethorbit\Desktop\sourcemodbackup\sourcemod\addons\sourcemod\scripting\autodifficultypatch.sp::UpdateHeadcrab
L 06/05/2017 - 16:14:21: [SM]   [3] Line 26, C:\Users\Ethorbit\Desktop\sourcemodbackup\sourcemod\addons\sourcemod\scripting\autodifficultypatch.sp::OnClientDisconnect_Post
L 06/05/2017 - 16:14:21: Error log file session closed.
L 06/05/2017 - 16:14:21: SourceMod error session started
L 06/05/2017 - 16:14:21: Info (map "dm_october_m") (file "errors_20170605.log")
L 06/05/2017 - 16:14:21: [SM] Fatal error encountered parsing translation file "savescores.phrases.txt"
L 06/05/2017 - 16:14:21: [SM] Error (line 0, column 0): Stream failed to open
L 06/05/2017 - 16:14:21: [SM] Fatal error encountered parsing translation file "customvotes.phrases.txt"
L 06/05/2017 - 16:14:21: [SM] Error (line 0, column 0): Stream failed to open
L 06/05/2017 - 17:14:31: Error log file session closed.
L 06/05/2017 - 17:14:31: SourceMod error session started
L 06/05/2017 - 17:14:31: Info (map "pb_z_disorder_m") (file "errors_20170605.log")
L 06/05/2017 - 17:14:31: [SM] Fatal error encountered parsing translation file "savescores.phrases.txt"
L 06/05/2017 - 17:14:31: [SM] Error (line 0, column 0): Stream failed to open
L 06/05/2017 - 17:14:31: [SM] Fatal error encountered parsing translation file "customvotes.phrases.txt"
L 06/05/2017 - 17:14:31: [SM] Error (line 0, column 0): Stream failed to open
L 06/05/2017 - 17:20:45: [SM] Exception reported: Entity 3 (3) is invalid
L 06/05/2017 - 17:20:45: [SM] Blaming: autodifficultypatch.smx
L 06/05/2017 - 17:20:45: [SM] Call stack trace:
L 06/05/2017 - 17:20:45: [SM]   [0] GetEntPropString
L 06/05/2017 - 17:20:45: [SM]   [1] Line 1488, C:\Users\Ethorbit\Desktop\sourcemodbackup\sourcemod\addons\sourcemod\scripting\autodifficultypatch.sp::FindEntityByTargetName
L 06/05/2017 - 17:20:45: [SM]   [2] Line 527, C:\Users\Ethorbit\Desktop\sourcemodbackup\sourcemod\addons\sourcemod\scripting\autodifficultypatch.sp::UpdateHeadcrab
L 06/05/2017 - 17:20:45: [SM]   [3] Line 26, C:\Users\Ethorbit\Desktop\sourcemodbackup\sourcemod\addons\sourcemod\scripting\autodifficultypatch.sp::OnClientDisconnect_Post
L 06/05/2017 - 17:21:22: [SM] Exception reported: Entity 1 (1) is invalid
L 06/05/2017 - 17:21:22: [SM] Blaming: autodifficultypatch.smx
L 06/05/2017 - 17:21:22: [SM] Call stack trace:
L 06/05/2017 - 17:21:22: [SM]   [0] GetEntPropString
L 06/05/2017 - 17:21:22: [SM]   [1] Line 1488, C:\Users\Ethorbit\Desktop\sourcemodbackup\sourcemod\addons\sourcemod\scripting\autodifficultypatch.sp::FindEntityByTargetName
L 06/05/2017 - 17:21:22: [SM]   [2] Line 519, C:\Users\Ethorbit\Desktop\sourcemodbackup\sourcemod\addons\sourcemod\scripting\autodifficultypatch.sp::UpdateHeadcrab
L 06/05/2017 - 17:21:22: [SM]   [3] Line 26, C:\Users\Ethorbit\Desktop\sourcemodbackup\sourcemod\addons\sourcemod\scripting\autodifficultypatch.sp::OnClientDisconnect_Post
L 06/05/2017 - 17:24:27: [SM] Exception reported: Entity 2 (2) is invalid
L 06/05/2017 - 17:24:27: [SM] Blaming: autodifficultypatch.smx
L 06/05/2017 - 17:24:27: [SM] Call stack trace:
L 06/05/2017 - 17:24:27: [SM]   [0] GetEntPropString
L 06/05/2017 - 17:24:27: [SM]   [1] Line 1488, C:\Users\Ethorbit\Desktop\sourcemodbackup\sourcemod\addons\sourcemod\scripting\autodifficultypatch.sp::FindEntityByTargetName
L 06/05/2017 - 17:24:27: [SM]   [2] Line 511, C:\Users\Ethorbit\Desktop\sourcemodbackup\sourcemod\addons\sourcemod\scripting\autodifficultypatch.sp::UpdateHeadcrab
L 06/05/2017 - 17:24:27: [SM]   [3] Line 26, C:\Users\Ethorbit\Desktop\sourcemodbackup\sourcemod\addons\sourcemod\scripting\autodifficultypatch.sp::OnClientDisconnect_Post
L 06/05/2017 - 17:36:54: [SM] Exception reported: Entity 1 (1) is invalid
L 06/05/2017 - 17:36:54: [SM] Blaming: autodifficultypatch.smx
L 06/05/2017 - 17:36:54: [SM] Call stack trace:
L 06/05/2017 - 17:36:54: [SM]   [0] GetEntPropString
L 06/05/2017 - 17:36:54: [SM]   [1] Line 1488, C:\Users\Ethorbit\Desktop\sourcemodbackup\sourcemod\addons\sourcemod\scripting\autodifficultypatch.sp::FindEntityByTargetName
L 06/05/2017 - 17:36:54: [SM]   [2] Line 511, C:\Users\Ethorbit\Desktop\sourcemodbackup\sourcemod\addons\sourcemod\scripting\autodifficultypatch.sp::UpdateHeadcrab
L 06/05/2017 - 17:36:54: [SM]   [3] Line 26, C:\Users\Ethorbit\Desktop\sourcemodbackup\sourcemod\addons\sourcemod\scripting\autodifficultypatch.sp::OnClientDisconnect_Post
L 06/05/2017 - 17:36:56: Error log file session closed.
L 06/05/2017 - 17:36:56: SourceMod error session started
L 06/05/2017 - 17:36:56: Info (map "pb_z_office_tower_m") (file "errors_20170605.log")
L 06/05/2017 - 17:36:56: [SM] Fatal error encountered parsing translation file "savescores.phrases.txt"
L 06/05/2017 - 17:36:56: [SM] Error (line 0, column 0): Stream failed to open
L 06/05/2017 - 17:36:56: [SM] Fatal error encountered parsing translation file "customvotes.phrases.txt"
L 06/05/2017 - 17:36:56: [SM] Error (line 0, column 0): Stream failed to open
L 06/05/2017 - 17:39:51: Error log file session closed.
L 06/05/2017 - 17:39:51: SourceMod error session started
L 06/05/2017 - 17:39:51: Info (map "dm_central_station_v1_m") (file "errors_20170605.log")
L 06/05/2017 - 17:39:51: [SM] Fatal error encountered parsing translation file "savescores.phrases.txt"
L 06/05/2017 - 17:39:51: [SM] Error (line 0, column 0): Stream failed to open
L 06/05/2017 - 17:39:51: [SM] Fatal error encountered parsing translation file "customvotes.phrases.txt"
L 06/05/2017 - 17:39:51: [SM] Error (line 0, column 0): Stream failed to open
L 06/05/2017 - 17:54:59: Error log file session closed.
L 06/05/2017 - 17:55:00: SourceMod error session started
L 06/05/2017 - 17:55:00: Info (map "dm_laststop_m") (file "errors_20170605.log")
L 06/05/2017 - 17:55:00: [SM] Fatal error encountered parsing translation file "savescores.phrases.txt"
L 06/05/2017 - 17:55:00: [SM] Error (line 0, column 0): Stream failed to open
L 06/05/2017 - 17:55:00: [SM] Fatal error encountered parsing translation file "customvotes.phrases.txt"
L 06/05/2017 - 17:55:00: [SM] Error (line 0, column 0): Stream failed to open
L 06/05/2017 - 18:07:47: [SM] Exception reported: Entity 1 (1) is invalid
L 06/05/2017 - 18:07:47: [SM] Blaming: autodifficultypatch.smx
L 06/05/2017 - 18:07:47: [SM] Call stack trace:
L 06/05/2017 - 18:07:47: [SM]   [0] GetEntPropString
L 06/05/2017 - 18:07:47: [SM]   [1] Line 1488, C:\Users\Ethorbit\Desktop\sourcemodbackup\sourcemod\addons\sourcemod\scripting\autodifficultypatch.sp::FindEntityByTargetName
L 06/05/2017 - 18:07:47: [SM]   [2] Line 961, C:\Users\Ethorbit\Desktop\sourcemodbackup\sourcemod\addons\sourcemod\scripting\autodifficultypatch.sp::UpdateHeadcrab
L 06/05/2017 - 18:07:47: [SM]   [3] Line 26, C:\Users\Ethorbit\Desktop\sourcemodbackup\sourcemod\addons\sourcemod\scripting\autodifficultypatch.sp::OnClientDisconnect_Post
L 06/05/2017 - 18:20:58: [SM] Exception reported: Entity 1 (1) is invalid
L 06/05/2017 - 18:20:58: [SM] Blaming: autodifficultypatch.smx
L 06/05/2017 - 18:20:58: [SM] Call stack trace:
L 06/05/2017 - 18:20:58: [SM]   [0] GetEntPropString
L 06/05/2017 - 18:20:58: [SM]   [1] Line 1488, C:\Users\Ethorbit\Desktop\sourcemodbackup\sourcemod\addons\sourcemod\scripting\autodifficultypatch.sp::FindEntityByTargetName
L 06/05/2017 - 18:20:58: [SM]   [2] Line 961, C:\Users\Ethorbit\Desktop\sourcemodbackup\sourcemod\addons\sourcemod\scripting\autodifficultypatch.sp::UpdateHeadcrab
L 06/05/2017 - 18:20:58: [SM]   [3] Line 26, C:\Users\Ethorbit\Desktop\sourcemodbackup\sourcemod\addons\sourcemod\scripting\autodifficultypatch.sp::OnClientDisconnect_Post
L 06/05/2017 - 18:20:58: Error log file session closed.
L 06/05/2017 - 18:20:58: SourceMod error session started
L 06/05/2017 - 18:20:58: Info (map "pb_z_colony_m") (file "errors_20170605.log")
L 06/05/2017 - 18:20:58: [SM] Fatal error encountered parsing translation file "savescores.phrases.txt"
L 06/05/2017 - 18:20:58: [SM] Error (line 0, column 0): Stream failed to open
L 06/05/2017 - 18:20:58: [SM] Fatal error encountered parsing translation file "customvotes.phrases.txt"
L 06/05/2017 - 18:20:58: [SM] Error (line 0, column 0): Stream failed to open
L 06/05/2017 - 18:35:22: Error log file session closed.
L 06/05/2017 - 18:35:22: SourceMod error session started
L 06/05/2017 - 18:35:22: Info (map "pb_z_earthquake_m") (file "errors_20170605.log")
L 06/05/2017 - 18:35:22: [SM] Fatal error encountered parsing translation file "savescores.phrases.txt"
L 06/05/2017 - 18:35:22: [SM] Error (line 0, column 0): Stream failed to open
L 06/05/2017 - 18:35:22: [SM] Fatal error encountered parsing translation file "customvotes.phrases.txt"
L 06/05/2017 - 18:35:22: [SM] Error (line 0, column 0): Stream failed to open
L 06/05/2017 - 18:50:51: [SM] Exception reported: Entity 1 (1) is invalid
L 06/05/2017 - 18:50:51: [SM] Blaming: autodifficultypatch.smx
L 06/05/2017 - 18:50:51: [SM] Call stack trace:
L 06/05/2017 - 18:50:51: [SM]   [0] GetEntPropString
L 06/05/2017 - 18:50:51: [SM]   [1] Line 1488, C:\Users\Ethorbit\Desktop\sourcemodbackup\sourcemod\addons\sourcemod\scripting\autodifficultypatch.sp::FindEntityByTargetName
L 06/05/2017 - 18:50:51: [SM]   [2] Line 886, C:\Users\Ethorbit\Desktop\sourcemodbackup\sourcemod\addons\sourcemod\scripting\autodifficultypatch.sp::UpdateHeadcrab
L 06/05/2017 - 18:50:51: [SM]   [3] Line 26, C:\Users\Ethorbit\Desktop\sourcemodbackup\sourcemod\addons\sourcemod\scripting\autodifficultypatch.sp::OnClientDisconnect_Post
L 06/05/2017 - 19:20:17: [SM] Exception reported: Entity 1 (1) is invalid
L 06/05/2017 - 19:20:17: [SM] Blaming: autodifficultypatch.smx
L 06/05/2017 - 19:20:17: [SM] Call stack trace:
L 06/05/2017 - 19:20:17: [SM]   [0] GetEntPropString
L 06/05/2017 - 19:20:17: [SM]   [1] Line 1488, C:\Users\Ethorbit\Desktop\sourcemodbackup\sourcemod\addons\sourcemod\scripting\autodifficultypatch.sp::FindEntityByTargetName
L 06/05/2017 - 19:20:17: [SM]   [2] Line 886, C:\Users\Ethorbit\Desktop\sourcemodbackup\sourcemod\addons\sourcemod\scripting\autodifficultypatch.sp::UpdateHeadcrab
L 06/05/2017 - 19:20:17: [SM]   [3] Line 26, C:\Users\Ethorbit\Desktop\sourcemodbackup\sourcemod\addons\sourcemod\scripting\autodifficultypatch.sp::OnClientDisconnect_Post
L 06/05/2017 - 19:25:51: [SM] Exception reported: Entity 1 (1) is invalid
L 06/05/2017 - 19:25:51: [SM] Blaming: autodifficultypatch.smx
L 06/05/2017 - 19:25:51: [SM] Call stack trace:
L 06/05/2017 - 19:25:51: [SM]   [0] GetEntPropString
L 06/05/2017 - 19:25:51: [SM]   [1] Line 1488, C:\Users\Ethorbit\Desktop\sourcemodbackup\sourcemod\addons\sourcemod\scripting\autodifficultypatch.sp::FindEntityByTargetName
L 06/05/2017 - 19:25:51: [SM]   [2] Line 886, C:\Users\Ethorbit\Desktop\sourcemodbackup\sourcemod\addons\sourcemod\scripting\autodifficultypatch.sp::UpdateHeadcrab
L 06/05/2017 - 19:25:51: [SM]   [3] Line 26, C:\Users\Ethorbit\Desktop\sourcemodbackup\sourcemod\addons\sourcemod\scripting\autodifficultypatch.sp::OnClientDisconnect_Post
L 06/05/2017 - 19:35:32: Error log file session closed.
L 06/05/2017 - 19:35:32: SourceMod error session started
L 06/05/2017 - 19:35:32: Info (map "pb_z_high_school_m") (file "errors_20170605.log")
L 06/05/2017 - 19:35:32: [SM] Fatal error encountered parsing translation file "savescores.phrases.txt"
L 06/05/2017 - 19:35:32: [SM] Error (line 0, column 0): Stream failed to open
L 06/05/2017 - 19:35:32: [SM] Fatal error encountered parsing translation file "customvotes.phrases.txt"
L 06/05/2017 - 19:35:32: [SM] Error (line 0, column 0): Stream failed to open
L 06/05/2017 - 20:33:59: [SM] Exception reported: Entity 1 (1) is invalid
L 06/05/2017 - 20:33:59: [SM] Blaming: autodifficultypatch.smx
L 06/05/2017 - 20:33:59: [SM] Call stack trace:
L 06/05/2017 - 20:33:59: [SM]   [0] GetEntPropString
L 06/05/2017 - 20:33:59: [SM]   [1] Line 1488, C:\Users\Ethorbit\Desktop\sourcemodbackup\sourcemod\addons\sourcemod\scripting\autodifficultypatch.sp::FindEntityByTargetName
L 06/05/2017 - 20:33:59: [SM]   [2] Line 1262, C:\Users\Ethorbit\Desktop\sourcemodbackup\sourcemod\addons\sourcemod\scripting\autodifficultypatch.sp::UpdateHeadcrab
L 06/05/2017 - 20:33:59: [SM]   [3] Line 26, C:\Users\Ethorbit\Desktop\sourcemodbackup\sourcemod\addons\sourcemod\scripting\autodifficultypatch.sp::OnClientDisconnect_Post
L 06/05/2017 - 20:35:42: Error log file session closed.
L 06/05/2017 - 20:35:42: SourceMod error session started
L 06/05/2017 - 20:35:42: Info (map "pb_z_office_tower_v2_m") (file "errors_20170605.log")
L 06/05/2017 - 20:35:42: [SM] Fatal error encountered parsing translation file "savescores.phrases.txt"
L 06/05/2017 - 20:35:42: [SM] Error (line 0, column 0): Stream failed to open
L 06/05/2017 - 20:35:42: [SM] Fatal error encountered parsing translation file "customvotes.phrases.txt"
L 06/05/2017 - 20:35:42: [SM] Error (line 0, column 0): Stream failed to open
L 06/05/2017 - 21:35:53: Error log file session closed.
L 06/05/2017 - 21:35:53: SourceMod error session started
L 06/05/2017 - 21:35:53: Info (map "dm_morbid_m") (file "errors_20170605.log")
L 06/05/2017 - 21:35:53: [SM] Fatal error encountered parsing translation file "savescores.phrases.txt"
L 06/05/2017 - 21:35:53: [SM] Error (line 0, column 0): Stream failed to open
L 06/05/2017 - 21:35:53: [SM] Fatal error encountered parsing translation file "customvotes.phrases.txt"
L 06/05/2017 - 21:35:53: [SM] Error (line 0, column 0): Stream failed to open
L 06/05/2017 - 21:58:00: [SM] Exception reported: Entity 1 (1) is invalid
L 06/05/2017 - 21:58:00: [SM] Blaming: autodifficultypatch.smx
L 06/05/2017 - 21:58:00: [SM] Call stack trace:
L 06/05/2017 - 21:58:00: [SM]   [0] GetEntPropString
L 06/05/2017 - 21:58:00: [SM]   [1] Line 1488, C:\Users\Ethorbit\Desktop\sourcemodbackup\sourcemod\addons\sourcemod\scripting\autodifficultypatch.sp::FindEntityByTargetName
L 06/05/2017 - 21:58:00: [SM]   [2] Line 1429, C:\Users\Ethorbit\Desktop\sourcemodbackup\sourcemod\addons\sourcemod\scripting\autodifficultypatch.sp::UpdateHeadcrab
L 06/05/2017 - 21:58:00: [SM]   [3] Line 26, C:\Users\Ethorbit\Desktop\sourcemodbackup\sourcemod\addons\sourcemod\scripting\autodifficultypatch.sp::OnClientDisconnect_Post
L 06/05/2017 - 21:58:00: [SM] Exception reported: Entity 2 (2) is invalid
L 06/05/2017 - 21:58:00: [SM] Blaming: autodifficultypatch.smx
L 06/05/2017 - 21:58:00: [SM] Call stack trace:
L 06/05/2017 - 21:58:00: [SM]   [0] GetEntPropString
L 06/05/2017 - 21:58:00: [SM]   [1] Line 1488, C:\Users\Ethorbit\Desktop\sourcemodbackup\sourcemod\addons\sourcemod\scripting\autodifficultypatch.sp::FindEntityByTargetName
L 06/05/2017 - 21:58:00: [SM]   [2] Line 1421, C:\Users\Ethorbit\Desktop\sourcemodbackup\sourcemod\addons\sourcemod\scripting\autodifficultypatch.sp::UpdateHeadcrab
L 06/05/2017 - 21:58:00: [SM]   [3] Line 26, C:\Users\Ethorbit\Desktop\sourcemodbackup\sourcemod\addons\sourcemod\scripting\autodifficultypatch.sp::OnClientDisconnect_Post
L 06/05/2017 - 21:58:00: [SM] Exception reported: Entity 3 (3) is invalid
L 06/05/2017 - 21:58:00: [SM] Blaming: autodifficultypatch.smx
L 06/05/2017 - 21:58:00: [SM] Call stack trace:
L 06/05/2017 - 21:58:00: [SM]   [0] GetEntPropString
L 06/05/2017 - 21:58:00: [SM]   [1] Line 1488, C:\Users\Ethorbit\Desktop\sourcemodbackup\sourcemod\addons\sourcemod\scripting\autodifficultypatch.sp::FindEntityByTargetName
L 06/05/2017 - 21:58:00: [SM]   [2] Line 1413, C:\Users\Ethorbit\Desktop\sourcemodbackup\sourcemod\addons\sourcemod\scripting\autodifficultypatch.sp::UpdateHeadcrab
L 06/05/2017 - 21:58:00: [SM]   [3] Line 26, C:\Users\Ethorbit\Desktop\sourcemodbackup\sourcemod\addons\sourcemod\scripting\autodifficultypatch.sp::OnClientDisconnect_Post
L 06/05/2017 - 21:58:01: Error log file session closed.
L 06/05/2017 - 21:58:01: SourceMod error session started
L 06/05/2017 - 21:58:01: Info (map "dm_raven_m") (file "errors_20170605.log")
L 06/05/2017 - 21:58:01: [SM] Fatal error encountered parsing translation file "savescores.phrases.txt"
L 06/05/2017 - 21:58:01: [SM] Error (line 0, column 0): Stream failed to open
L 06/05/2017 - 21:58:01: [SM] Fatal error encountered parsing translation file "customvotes.phrases.txt"
L 06/05/2017 - 21:58:01: [SM] Error (line 0, column 0): Stream failed to open
L 06/05/2017 - 22:07:40: [SM] Exception reported: Entity 3 (3) is invalid
L 06/05/2017 - 22:07:40: [SM] Blaming: autodifficultypatch.smx
L 06/05/2017 - 22:07:40: [SM] Call stack trace:
L 06/05/2017 - 22:07:40: [SM]   [0] GetEntPropString
L 06/05/2017 - 22:07:40: [SM]   [1] Line 1488, C:\Users\Ethorbit\Desktop\sourcemodbackup\sourcemod\addons\sourcemod\scripting\autodifficultypatch.sp::FindEntityByTargetName
L 06/05/2017 - 22:07:40: [SM]   [2] Line 1052, C:\Users\Ethorbit\Desktop\sourcemodbackup\sourcemod\addons\sourcemod\scripting\autodifficultypatch.sp::UpdateHeadcrab
L 06/05/2017 - 22:07:40: [SM]   [3] Line 26, C:\Users\Ethorbit\Desktop\sourcemodbackup\sourcemod\addons\sourcemod\scripting\autodifficultypatch.sp::OnClientDisconnect_Post
L 06/05/2017 - 22:07:54: [SM] Exception reported: Entity 1 (1) is invalid
L 06/05/2017 - 22:07:54: [SM] Blaming: autodifficultypatch.smx
L 06/05/2017 - 22:07:54: [SM] Call stack trace:
L 06/05/2017 - 22:07:54: [SM]   [0] GetEntPropString
L 06/05/2017 - 22:07:54: [SM]   [1] Line 1488, C:\Users\Ethorbit\Desktop\sourcemodbackup\sourcemod\addons\sourcemod\scripting\autodifficultypatch.sp::FindEntityByTargetName
L 06/05/2017 - 22:07:54: [SM]   [2] Line 1044, C:\Users\Ethorbit\Desktop\sourcemodbackup\sourcemod\addons\sourcemod\scripting\autodifficultypatch.sp::UpdateHeadcrab
L 06/05/2017 - 22:07:54: [SM]   [3] Line 26, C:\Users\Ethorbit\Desktop\sourcemodbackup\sourcemod\addons\sourcemod\scripting\autodifficultypatch.sp::OnClientDisconnect_Post
L 06/05/2017 - 22:07:55: Error log file session closed.
L 06/05/2017 - 22:07:55: SourceMod error session started
L 06/05/2017 - 22:07:55: Info (map "dm_october_m") (file "errors_20170605.log")
L 06/05/2017 - 22:07:55: [SM] Fatal error encountered parsing translation file "savescores.phrases.txt"
L 06/05/2017 - 22:07:55: [SM] Error (line 0, column 0): Stream failed to open
L 06/05/2017 - 22:07:55: [SM] Fatal error encountered parsing translation file "customvotes.phrases.txt"
L 06/05/2017 - 22:07:55: [SM] Error (line 0, column 0): Stream failed to open
L 06/05/2017 - 22:18:28: Error log file session closed.
L 06/05/2017 - 22:18:28: SourceMod error session started
L 06/05/2017 - 22:18:28: Info (map "pb_z_industry_m") (file "errors_20170605.log")
L 06/05/2017 - 22:18:28: [SM] Fatal error encountered parsing translation file "savescores.phrases.txt"
L 06/05/2017 - 22:18:28: [SM] Error (line 0, column 0): Stream failed to open
L 06/05/2017 - 22:18:28: [SM] Fatal error encountered parsing translation file "customvotes.phrases.txt"
L 06/05/2017 - 22:18:28: [SM] Error (line 0, column 0): Stream failed to open
L 06/05/2017 - 22:25:54: [SM] Exception reported: Entity 6 (6) is invalid
L 06/05/2017 - 22:25:54: [SM] Blaming: autodifficultypatch.smx
L 06/05/2017 - 22:25:54: [SM] Call stack trace:
L 06/05/2017 - 22:25:54: [SM]   [0] GetEntPropString
L 06/05/2017 - 22:25:54: [SM]   [1] Line 1488, C:\Users\Ethorbit\Desktop\sourcemodbackup\sourcemod\addons\sourcemod\scripting\autodifficultypatch.sp::FindEntityByTargetName
L 06/05/2017 - 22:25:54: [SM]   [2] Line 851, C:\Users\Ethorbit\Desktop\sourcemodbackup\sourcemod\addons\sourcemod\scripting\autodifficultypatch.sp::UpdateHeadcrab
L 06/05/2017 - 22:25:54: [SM]   [3] Line 26, C:\Users\Ethorbit\Desktop\sourcemodbackup\sourcemod\addons\sourcemod\scripting\autodifficultypatch.sp::OnClientDisconnect_Post
L 06/05/2017 - 22:34:06: [SM] Exception reported: Entity 3 (3) is invalid
L 06/05/2017 - 22:34:06: [SM] Blaming: autodifficultypatch.smx
L 06/05/2017 - 22:34:06: [SM] Call stack trace:
L 06/05/2017 - 22:34:06: [SM]   [0] GetEntPropString
L 06/05/2017 - 22:34:06: [SM]   [1] Line 1488, C:\Users\Ethorbit\Desktop\sourcemodbackup\sourcemod\addons\sourcemod\scripting\autodifficultypatch.sp::FindEntityByTargetName
L 06/05/2017 - 22:34:06: [SM]   [2] Line 843, C:\Users\Ethorbit\Desktop\sourcemodbackup\sourcemod\addons\sourcemod\scripting\autodifficultypatch.sp::UpdateHeadcrab
L 06/05/2017 - 22:34:06: [SM]   [3] Line 26, C:\Users\Ethorbit\Desktop\sourcemodbackup\sourcemod\addons\sourcemod\scripting\autodifficultypatch.sp::OnClientDisconnect_Post
L 06/05/2017 - 22:45:00: [SM] Exception reported: Entity 5 (5) is invalid
L 06/05/2017 - 22:45:00: [SM] Blaming: autodifficultypatch.smx
L 06/05/2017 - 22:45:00: [SM] Call stack trace:
L 06/05/2017 - 22:45:00: [SM]   [0] GetEntPropString
L 06/05/2017 - 22:45:00: [SM]   [1] Line 1488, C:\Users\Ethorbit\Desktop\sourcemodbackup\sourcemod\addons\sourcemod\scripting\autodifficultypatch.sp::FindEntityByTargetName
L 06/05/2017 - 22:45:00: [SM]   [2] Line 835, C:\Users\Ethorbit\Desktop\sourcemodbackup\sourcemod\addons\sourcemod\scripting\autodifficultypatch.sp::UpdateHeadcrab
L 06/05/2017 - 22:45:00: [SM]   [3] Line 26, C:\Users\Ethorbit\Desktop\sourcemodbackup\sourcemod\addons\sourcemod\scripting\autodifficultypatch.sp::OnClientDisconnect_Post
L 06/05/2017 - 22:48:09: [SM] Exception reported: Entity 4 (4) is invalid
L 06/05/2017 - 22:48:09: [SM] Blaming: autodifficultypatch.smx
L 06/05/2017 - 22:48:09: [SM] Call stack trace:
L 06/05/2017 - 22:48:09: [SM]   [0] GetEntPropString
L 06/05/2017 - 22:48:09: [SM]   [1] Line 1488, C:\Users\Ethorbit\Desktop\sourcemodbackup\sourcemod\addons\sourcemod\scripting\autodifficultypatch.sp::FindEntityByTargetName
L 06/05/2017 - 22:48:09: [SM]   [2] Line 827, C:\Users\Ethorbit\Desktop\sourcemodbackup\sourcemod\addons\sourcemod\scripting\autodifficultypatch.sp::UpdateHeadcrab
L 06/05/2017 - 22:48:09: [SM]   [3] Line 26, C:\Users\Ethorbit\Desktop\sourcemodbackup\sourcemod\addons\sourcemod\scripting\autodifficultypatch.sp::OnClientDisconnect_Post
L 06/05/2017 - 22:51:43: [SM] Exception reported: Entity 2 (2) is invalid
L 06/05/2017 - 22:51:43: [SM] Blaming: autodifficultypatch.smx
L 06/05/2017 - 22:51:43: [SM] Call stack trace:
L 06/05/2017 - 22:51:43: [SM]   [0] GetEntPropString
L 06/05/2017 - 22:51:43: [SM]   [1] Line 1488, C:\Users\Ethorbit\Desktop\sourcemodbackup\sourcemod\addons\sourcemod\scripting\autodifficultypatch.sp::FindEntityByTargetName
L 06/05/2017 - 22:51:43: [SM]   [2] Line 819, C:\Users\Ethorbit\Desktop\sourcemodbackup\sourcemod\addons\sourcemod\scripting\autodifficultypatch.sp::UpdateHeadcrab
L 06/05/2017 - 22:51:43: [SM]   [3] Line 26, C:\Users\Ethorbit\Desktop\sourcemodbackup\sourcemod\addons\sourcemod\scripting\autodifficultypatch.sp::OnClientDisconnect_Post
L 06/05/2017 - 22:51:46: [SM] Exception reported: Entity 1 (1) is invalid
L 06/05/2017 - 22:51:46: [SM] Blaming: autodifficultypatch.smx
L 06/05/2017 - 22:51:46: [SM] Call stack trace:
L 06/05/2017 - 22:51:46: [SM]   [0] GetEntPropString
L 06/05/2017 - 22:51:46: [SM]   [1] Line 1488, C:\Users\Ethorbit\Desktop\sourcemodbackup\sourcemod\addons\sourcemod\scripting\autodifficultypatch.sp::FindEntityByTargetName
L 06/05/2017 - 22:51:46: [SM]   [2] Line 811, C:\Users\Ethorbit\Desktop\sourcemodbackup\sourcemod\addons\sourcemod\scripting\autodifficultypatch.sp::UpdateHeadcrab
L 06/05/2017 - 22:51:46: [SM]   [3] Line 26, C:\Users\Ethorbit\Desktop\sourcemodbackup\sourcemod\addons\sourcemod\scripting\autodifficultypatch.sp::OnClientDisconnect_Post
L 06/05/2017 - 22:55:47: [SM] Exception reported: Entity 1 (1) is invalid
L 06/05/2017 - 22:55:47: [SM] Blaming: autodifficultypatch.smx
L 06/05/2017 - 22:55:47: [SM] Call stack trace:
L 06/05/2017 - 22:55:47: [SM]   [0] GetEntPropString
L 06/05/2017 - 22:55:47: [SM]   [1] Line 1488, C:\Users\Ethorbit\Desktop\sourcemodbackup\sourcemod\addons\sourcemod\scripting\autodifficultypatch.sp::FindEntityByTargetName
L 06/05/2017 - 22:55:47: [SM]   [2] Line 811, C:\Users\Ethorbit\Desktop\sourcemodbackup\sourcemod\addons\sourcemod\scripting\autodifficultypatch.sp::UpdateHeadcrab
L 06/05/2017 - 22:55:47: [SM]   [3] Line 26, C:\Users\Ethorbit\Desktop\sourcemodbackup\sourcemod\addons\sourcemod\scripting\autodifficultypatch.sp::OnClientDisconnect_Post
L 06/05/2017 - 23:18:38: Error log file session closed.
L 06/05/2017 - 23:18:39: SourceMod error session started
L 06/05/2017 - 23:18:39: Info (map "dm_central_station_v1_m") (file "errors_20170605.log")
L 06/05/2017 - 23:18:39: [SM] Fatal error encountered parsing translation file "savescores.phrases.txt"
L 06/05/2017 - 23:18:39: [SM] Error (line 0, column 0): Stream failed to open
L 06/05/2017 - 23:18:39: [SM] Fatal error encountered parsing translation file "customvotes.phrases.txt"
L 06/05/2017 - 23:18:39: [SM] Error (line 0, column 0): Stream failed to open
