L 05/05/2017 - 00:33:39: SourceMod error session started
L 05/05/2017 - 00:33:39: Info (map "dm_coldruins_rc1_m") (file "errors_20170505.log")
L 05/05/2017 - 00:33:39: [SM] Exception reported: Entity 1 (1) is invalid
L 05/05/2017 - 00:33:39: [SM] Blaming: autodifficultypatch.smx
L 05/05/2017 - 00:33:39: [SM] Call stack trace:
L 05/05/2017 - 00:33:39: [SM]   [0] GetEntPropString
L 05/05/2017 - 00:33:39: [SM]   [1] Line 1420, C:\Users\Ethorbit\Desktop\sourcemod\scripting\autodifficultypatch.sp::FindEntityByTargetName
L 05/05/2017 - 00:33:39: [SM]   [2] Line 668, C:\Users\Ethorbit\Desktop\sourcemod\scripting\autodifficultypatch.sp::UpdateHeadcrab
L 05/05/2017 - 00:33:39: [SM]   [3] Line 26, C:\Users\Ethorbit\Desktop\sourcemod\scripting\autodifficultypatch.sp::OnClientDisconnect_Post
L 05/05/2017 - 00:33:39: Error log file session closed.
L 05/05/2017 - 00:33:39: SourceMod error session started
L 05/05/2017 - 00:33:39: Info (map "dm_morbid_m") (file "errors_20170505.log")
L 05/05/2017 - 00:33:39: [SM] Fatal error encountered parsing translation file "savescores.phrases.txt"
L 05/05/2017 - 00:33:39: [SM] Error (line 0, column 0): Stream failed to open
L 05/05/2017 - 00:33:39: [SM] Fatal error encountered parsing translation file "customvotes.phrases.txt"
L 05/05/2017 - 00:33:39: [SM] Error (line 0, column 0): Stream failed to open
L 05/05/2017 - 00:37:24: [SM] Exception reported: Entity 1 (1) is invalid
L 05/05/2017 - 00:37:24: [SM] Blaming: autodifficultypatch.smx
L 05/05/2017 - 00:37:24: [SM] Call stack trace:
L 05/05/2017 - 00:37:24: [SM]   [0] GetEntPropString
L 05/05/2017 - 00:37:24: [SM]   [1] Line 1420, C:\Users\Ethorbit\Desktop\sourcemod\scripting\autodifficultypatch.sp::FindEntityByTargetName
L 05/05/2017 - 00:37:24: [SM]   [2] Line 1345, C:\Users\Ethorbit\Desktop\sourcemod\scripting\autodifficultypatch.sp::UpdateHeadcrab
L 05/05/2017 - 00:37:24: [SM]   [3] Line 26, C:\Users\Ethorbit\Desktop\sourcemod\scripting\autodifficultypatch.sp::OnClientDisconnect_Post
L 05/05/2017 - 00:50:01: [SM] Exception reported: Entity 1 (1) is invalid
L 05/05/2017 - 00:50:01: [SM] Blaming: autodifficultypatch.smx
L 05/05/2017 - 00:50:01: [SM] Call stack trace:
L 05/05/2017 - 00:50:01: [SM]   [0] GetEntPropString
L 05/05/2017 - 00:50:01: [SM]   [1] Line 1420, C:\Users\Ethorbit\Desktop\sourcemod\scripting\autodifficultypatch.sp::FindEntityByTargetName
L 05/05/2017 - 00:50:01: [SM]   [2] Line 1345, C:\Users\Ethorbit\Desktop\sourcemod\scripting\autodifficultypatch.sp::UpdateHeadcrab
L 05/05/2017 - 00:50:01: [SM]   [3] Line 26, C:\Users\Ethorbit\Desktop\sourcemod\scripting\autodifficultypatch.sp::OnClientDisconnect_Post
L 05/05/2017 - 01:01:03: SourceMod error session started
L 05/05/2017 - 01:01:03: Info (map "pb_z_high_school_m") (file "errors_20170505.log")
L 05/05/2017 - 01:01:03: [SDKTOOLS] Invalid detour address passed - Disabling detour to prevent crashes
L 05/05/2017 - 01:01:04: [SM] Fatal error encountered parsing translation file "savescores.phrases.txt"
L 05/05/2017 - 01:01:04: [SM] Error (line 0, column 0): Stream failed to open
L 05/05/2017 - 01:23:16: [SM] Exception reported: Entity 1 (1) is invalid
L 05/05/2017 - 01:23:16: [SM] Blaming: autodifficultypatch.smx
L 05/05/2017 - 01:23:16: [SM] Call stack trace:
L 05/05/2017 - 01:23:16: [SM]   [0] GetEntPropString
L 05/05/2017 - 01:23:16: [SM]   [1] Line 1420, C:\Users\Ethorbit\Desktop\sourcemod\scripting\autodifficultypatch.sp::FindEntityByTargetName
L 05/05/2017 - 01:23:16: [SM]   [2] Line 1194, C:\Users\Ethorbit\Desktop\sourcemod\scripting\autodifficultypatch.sp::UpdateHeadcrab
L 05/05/2017 - 01:23:16: [SM]   [3] Line 26, C:\Users\Ethorbit\Desktop\sourcemod\scripting\autodifficultypatch.sp::OnClientDisconnect_Post
L 05/05/2017 - 02:23:00: Error log file session closed.
L 05/05/2017 - 02:23:00: SourceMod error session started
L 05/05/2017 - 02:23:00: Info (map "dm_october_m") (file "errors_20170505.log")
L 05/05/2017 - 02:23:00: [SM] Fatal error encountered parsing translation file "savescores.phrases.txt"
L 05/05/2017 - 02:23:00: [SM] Error (line 0, column 0): Stream failed to open
L 05/05/2017 - 03:23:11: Error log file session closed.
L 05/05/2017 - 03:23:11: SourceMod error session started
L 05/05/2017 - 03:23:11: Info (map "pb_z_office_tower_v2_m") (file "errors_20170505.log")
L 05/05/2017 - 03:23:11: [SM] Fatal error encountered parsing translation file "savescores.phrases.txt"
L 05/05/2017 - 03:23:11: [SM] Error (line 0, column 0): Stream failed to open
L 05/05/2017 - 04:23:20: Error log file session closed.
L 05/05/2017 - 04:23:20: SourceMod error session started
L 05/05/2017 - 04:23:20: Info (map "pb_z_office_tower_m") (file "errors_20170505.log")
L 05/05/2017 - 04:23:20: [SM] Fatal error encountered parsing translation file "savescores.phrases.txt"
L 05/05/2017 - 04:23:20: [SM] Error (line 0, column 0): Stream failed to open
L 05/05/2017 - 04:38:50: [SM] Exception reported: Entity 1 (1) is invalid
L 05/05/2017 - 04:38:50: [SM] Blaming: autodifficultypatch.smx
L 05/05/2017 - 04:38:50: [SM] Call stack trace:
L 05/05/2017 - 04:38:50: [SM]   [0] GetEntPropString
L 05/05/2017 - 04:38:50: [SM]   [1] Line 1420, C:\Users\Ethorbit\Desktop\sourcemod\scripting\autodifficultypatch.sp::FindEntityByTargetName
L 05/05/2017 - 04:38:50: [SM]   [2] Line 175, C:\Users\Ethorbit\Desktop\sourcemod\scripting\autodifficultypatch.sp::UpdateHeadcrab
L 05/05/2017 - 04:38:50: [SM]   [3] Line 26, C:\Users\Ethorbit\Desktop\sourcemod\scripting\autodifficultypatch.sp::OnClientDisconnect_Post
L 05/05/2017 - 05:23:30: Error log file session closed.
L 05/05/2017 - 05:23:30: SourceMod error session started
L 05/05/2017 - 05:23:30: Info (map "pb_z_earthquake_m") (file "errors_20170505.log")
L 05/05/2017 - 05:23:30: [SM] Fatal error encountered parsing translation file "savescores.phrases.txt"
L 05/05/2017 - 05:23:30: [SM] Error (line 0, column 0): Stream failed to open
L 05/05/2017 - 06:18:18: [SM] Exception reported: Entity 1 (1) is invalid
L 05/05/2017 - 06:18:18: [SM] Blaming: autodifficultypatch.smx
L 05/05/2017 - 06:18:18: [SM] Call stack trace:
L 05/05/2017 - 06:18:18: [SM]   [0] GetEntPropString
L 05/05/2017 - 06:18:18: [SM]   [1] Line 1420, C:\Users\Ethorbit\Desktop\sourcemod\scripting\autodifficultypatch.sp::FindEntityByTargetName
L 05/05/2017 - 06:18:18: [SM]   [2] Line 818, C:\Users\Ethorbit\Desktop\sourcemod\scripting\autodifficultypatch.sp::UpdateHeadcrab
L 05/05/2017 - 06:18:18: [SM]   [3] Line 26, C:\Users\Ethorbit\Desktop\sourcemod\scripting\autodifficultypatch.sp::OnClientDisconnect_Post
L 05/05/2017 - 06:23:40: Error log file session closed.
L 05/05/2017 - 06:23:40: SourceMod error session started
L 05/05/2017 - 06:23:40: Info (map "dm_morbid_m") (file "errors_20170505.log")
L 05/05/2017 - 06:23:40: [SM] Fatal error encountered parsing translation file "savescores.phrases.txt"
L 05/05/2017 - 06:23:40: [SM] Error (line 0, column 0): Stream failed to open
L 05/05/2017 - 07:23:51: Error log file session closed.
L 05/05/2017 - 07:23:51: SourceMod error session started
L 05/05/2017 - 07:23:51: Info (map "dm_montana_m") (file "errors_20170505.log")
L 05/05/2017 - 07:23:51: [SM] Fatal error encountered parsing translation file "savescores.phrases.txt"
L 05/05/2017 - 07:23:51: [SM] Error (line 0, column 0): Stream failed to open
L 05/05/2017 - 08:24:04: Error log file session closed.
L 05/05/2017 - 08:24:04: SourceMod error session started
L 05/05/2017 - 08:24:04: Info (map "dm_laststop_m") (file "errors_20170505.log")
L 05/05/2017 - 08:24:04: [SM] Fatal error encountered parsing translation file "savescores.phrases.txt"
L 05/05/2017 - 08:24:04: [SM] Error (line 0, column 0): Stream failed to open
L 05/05/2017 - 09:24:13: Error log file session closed.
L 05/05/2017 - 09:24:13: SourceMod error session started
L 05/05/2017 - 09:24:13: Info (map "dm_raven_m") (file "errors_20170505.log")
L 05/05/2017 - 09:24:13: [SM] Fatal error encountered parsing translation file "savescores.phrases.txt"
L 05/05/2017 - 09:24:13: [SM] Error (line 0, column 0): Stream failed to open
L 05/05/2017 - 10:24:23: Error log file session closed.
L 05/05/2017 - 10:24:23: SourceMod error session started
L 05/05/2017 - 10:24:23: Info (map "pb_z_industry_m") (file "errors_20170505.log")
L 05/05/2017 - 10:24:23: [SM] Fatal error encountered parsing translation file "savescores.phrases.txt"
L 05/05/2017 - 10:24:23: [SM] Error (line 0, column 0): Stream failed to open
L 05/05/2017 - 11:24:33: Error log file session closed.
L 05/05/2017 - 11:24:33: SourceMod error session started
L 05/05/2017 - 11:24:33: Info (map "dm_cave_m") (file "errors_20170505.log")
L 05/05/2017 - 11:24:33: [SM] Fatal error encountered parsing translation file "savescores.phrases.txt"
L 05/05/2017 - 11:24:33: [SM] Error (line 0, column 0): Stream failed to open
L 05/05/2017 - 12:24:42: Error log file session closed.
L 05/05/2017 - 12:24:42: SourceMod error session started
L 05/05/2017 - 12:24:42: Info (map "dm_mine_entrance_m") (file "errors_20170505.log")
L 05/05/2017 - 12:24:42: [SM] Fatal error encountered parsing translation file "savescores.phrases.txt"
L 05/05/2017 - 12:24:42: [SM] Error (line 0, column 0): Stream failed to open
L 05/05/2017 - 13:24:52: Error log file session closed.
L 05/05/2017 - 13:24:52: SourceMod error session started
L 05/05/2017 - 13:24:52: Info (map "dm_hellsdistrict_m") (file "errors_20170505.log")
L 05/05/2017 - 13:24:52: [SM] Fatal error encountered parsing translation file "savescores.phrases.txt"
L 05/05/2017 - 13:24:52: [SM] Error (line 0, column 0): Stream failed to open
L 05/05/2017 - 14:25:01: Error log file session closed.
L 05/05/2017 - 14:25:01: SourceMod error session started
L 05/05/2017 - 14:25:01: Info (map "pb_z_underground_m") (file "errors_20170505.log")
L 05/05/2017 - 14:25:01: [SM] Fatal error encountered parsing translation file "savescores.phrases.txt"
L 05/05/2017 - 14:25:01: [SM] Error (line 0, column 0): Stream failed to open
L 05/05/2017 - 14:50:49: [SM] Exception reported: Entity 1 (1) is invalid
L 05/05/2017 - 14:50:49: [SM] Blaming: autodifficultypatch.smx
L 05/05/2017 - 14:50:49: [SM] Call stack trace:
L 05/05/2017 - 14:50:49: [SM]   [0] GetEntPropString
L 05/05/2017 - 14:50:49: [SM]   [1] Line 1420, C:\Users\Ethorbit\Desktop\sourcemod\scripting\autodifficultypatch.sp::FindEntityByTargetName
L 05/05/2017 - 14:50:49: [SM]   [2] Line 518, C:\Users\Ethorbit\Desktop\sourcemod\scripting\autodifficultypatch.sp::UpdateHeadcrab
L 05/05/2017 - 14:50:49: [SM]   [3] Line 26, C:\Users\Ethorbit\Desktop\sourcemod\scripting\autodifficultypatch.sp::OnClientDisconnect_Post
L 05/05/2017 - 14:56:17: [SM] Exception reported: Entity 1 (1) is invalid
L 05/05/2017 - 14:56:17: [SM] Blaming: autodifficultypatch.smx
L 05/05/2017 - 14:56:17: [SM] Call stack trace:
L 05/05/2017 - 14:56:17: [SM]   [0] GetEntPropString
L 05/05/2017 - 14:56:17: [SM]   [1] Line 1420, C:\Users\Ethorbit\Desktop\sourcemod\scripting\autodifficultypatch.sp::FindEntityByTargetName
L 05/05/2017 - 14:56:17: [SM]   [2] Line 526, C:\Users\Ethorbit\Desktop\sourcemod\scripting\autodifficultypatch.sp::UpdateHeadcrab
L 05/05/2017 - 14:56:17: [SM]   [3] Line 26, C:\Users\Ethorbit\Desktop\sourcemod\scripting\autodifficultypatch.sp::OnClientDisconnect_Post
L 05/05/2017 - 15:01:04: [SM] Exception reported: Entity 3 (3) is invalid
L 05/05/2017 - 15:01:04: [SM] Blaming: autodifficultypatch.smx
L 05/05/2017 - 15:01:04: [SM] Call stack trace:
L 05/05/2017 - 15:01:04: [SM]   [0] GetEntPropString
L 05/05/2017 - 15:01:04: [SM]   [1] Line 1420, C:\Users\Ethorbit\Desktop\sourcemod\scripting\autodifficultypatch.sp::FindEntityByTargetName
L 05/05/2017 - 15:01:04: [SM]   [2] Line 542, C:\Users\Ethorbit\Desktop\sourcemod\scripting\autodifficultypatch.sp::UpdateHeadcrab
L 05/05/2017 - 15:01:04: [SM]   [3] Line 26, C:\Users\Ethorbit\Desktop\sourcemod\scripting\autodifficultypatch.sp::OnClientDisconnect_Post
L 05/05/2017 - 15:05:19: [SM] Exception reported: Entity 4 (4) is invalid
L 05/05/2017 - 15:05:19: [SM] Blaming: autodifficultypatch.smx
L 05/05/2017 - 15:05:19: [SM] Call stack trace:
L 05/05/2017 - 15:05:19: [SM]   [0] GetEntPropString
L 05/05/2017 - 15:05:19: [SM]   [1] Line 1420, C:\Users\Ethorbit\Desktop\sourcemod\scripting\autodifficultypatch.sp::FindEntityByTargetName
L 05/05/2017 - 15:05:19: [SM]   [2] Line 534, C:\Users\Ethorbit\Desktop\sourcemod\scripting\autodifficultypatch.sp::UpdateHeadcrab
L 05/05/2017 - 15:05:19: [SM]   [3] Line 26, C:\Users\Ethorbit\Desktop\sourcemod\scripting\autodifficultypatch.sp::OnClientDisconnect_Post
L 05/05/2017 - 15:19:07: [SM] Exception reported: Entity 3 (3) is invalid
L 05/05/2017 - 15:19:07: [SM] Blaming: autodifficultypatch.smx
L 05/05/2017 - 15:19:07: [SM] Call stack trace:
L 05/05/2017 - 15:19:07: [SM]   [0] GetEntPropString
L 05/05/2017 - 15:19:07: [SM]   [1] Line 1420, C:\Users\Ethorbit\Desktop\sourcemod\scripting\autodifficultypatch.sp::FindEntityByTargetName
L 05/05/2017 - 15:19:07: [SM]   [2] Line 534, C:\Users\Ethorbit\Desktop\sourcemod\scripting\autodifficultypatch.sp::UpdateHeadcrab
L 05/05/2017 - 15:19:07: [SM]   [3] Line 26, C:\Users\Ethorbit\Desktop\sourcemod\scripting\autodifficultypatch.sp::OnClientDisconnect_Post
L 05/05/2017 - 15:25:10: [SM] Exception reported: Entity 1 (1) is invalid
L 05/05/2017 - 15:25:10: [SM] Blaming: autodifficultypatch.smx
L 05/05/2017 - 15:25:10: [SM] Call stack trace:
L 05/05/2017 - 15:25:10: [SM]   [0] GetEntPropString
L 05/05/2017 - 15:25:10: [SM]   [1] Line 1420, C:\Users\Ethorbit\Desktop\sourcemod\scripting\autodifficultypatch.sp::FindEntityByTargetName
L 05/05/2017 - 15:25:10: [SM]   [2] Line 526, C:\Users\Ethorbit\Desktop\sourcemod\scripting\autodifficultypatch.sp::UpdateHeadcrab
L 05/05/2017 - 15:25:10: [SM]   [3] Line 26, C:\Users\Ethorbit\Desktop\sourcemod\scripting\autodifficultypatch.sp::OnClientDisconnect_Post
L 05/05/2017 - 15:25:10: [SM] Exception reported: Entity 2 (2) is invalid
L 05/05/2017 - 15:25:10: [SM] Blaming: autodifficultypatch.smx
L 05/05/2017 - 15:25:10: [SM] Call stack trace:
L 05/05/2017 - 15:25:10: [SM]   [0] GetEntPropString
L 05/05/2017 - 15:25:10: [SM]   [1] Line 1420, C:\Users\Ethorbit\Desktop\sourcemod\scripting\autodifficultypatch.sp::FindEntityByTargetName
L 05/05/2017 - 15:25:10: [SM]   [2] Line 518, C:\Users\Ethorbit\Desktop\sourcemod\scripting\autodifficultypatch.sp::UpdateHeadcrab
L 05/05/2017 - 15:25:10: [SM]   [3] Line 26, C:\Users\Ethorbit\Desktop\sourcemod\scripting\autodifficultypatch.sp::OnClientDisconnect_Post
L 05/05/2017 - 15:25:11: Error log file session closed.
L 05/05/2017 - 15:25:11: SourceMod error session started
L 05/05/2017 - 15:25:11: Info (map "pb_z_high_school_m") (file "errors_20170505.log")
L 05/05/2017 - 15:25:11: [SM] Fatal error encountered parsing translation file "savescores.phrases.txt"
L 05/05/2017 - 15:25:11: [SM] Error (line 0, column 0): Stream failed to open
L 05/05/2017 - 15:54:46: [SM] Exception reported: Entity 3 (3) is invalid
L 05/05/2017 - 15:54:46: [SM] Blaming: autodifficultypatch.smx
L 05/05/2017 - 15:54:46: [SM] Call stack trace:
L 05/05/2017 - 15:54:46: [SM]   [0] GetEntPropString
L 05/05/2017 - 15:54:46: [SM]   [1] Line 1420, C:\Users\Ethorbit\Desktop\sourcemod\scripting\autodifficultypatch.sp::FindEntityByTargetName
L 05/05/2017 - 15:54:46: [SM]   [2] Line 1226, C:\Users\Ethorbit\Desktop\sourcemod\scripting\autodifficultypatch.sp::UpdateHeadcrab
L 05/05/2017 - 15:54:46: [SM]   [3] Line 26, C:\Users\Ethorbit\Desktop\sourcemod\scripting\autodifficultypatch.sp::OnClientDisconnect_Post
L 05/05/2017 - 15:54:59: [SM] Exception reported: Entity 5 (5) is invalid
L 05/05/2017 - 15:54:59: [SM] Blaming: autodifficultypatch.smx
L 05/05/2017 - 15:54:59: [SM] Call stack trace:
L 05/05/2017 - 15:54:59: [SM]   [0] GetEntPropString
L 05/05/2017 - 15:54:59: [SM]   [1] Line 1420, C:\Users\Ethorbit\Desktop\sourcemod\scripting\autodifficultypatch.sp::FindEntityByTargetName
L 05/05/2017 - 15:54:59: [SM]   [2] Line 1218, C:\Users\Ethorbit\Desktop\sourcemod\scripting\autodifficultypatch.sp::UpdateHeadcrab
L 05/05/2017 - 15:54:59: [SM]   [3] Line 26, C:\Users\Ethorbit\Desktop\sourcemod\scripting\autodifficultypatch.sp::OnClientDisconnect_Post
L 05/05/2017 - 16:04:46: [SM] Exception reported: Entity 5 (5) is invalid
L 05/05/2017 - 16:04:46: [SM] Blaming: autodifficultypatch.smx
L 05/05/2017 - 16:04:46: [SM] Call stack trace:
L 05/05/2017 - 16:04:46: [SM]   [0] GetEntPropString
L 05/05/2017 - 16:04:46: [SM]   [1] Line 1420, C:\Users\Ethorbit\Desktop\sourcemod\scripting\autodifficultypatch.sp::FindEntityByTargetName
L 05/05/2017 - 16:04:46: [SM]   [2] Line 1226, C:\Users\Ethorbit\Desktop\sourcemod\scripting\autodifficultypatch.sp::UpdateHeadcrab
L 05/05/2017 - 16:04:46: [SM]   [3] Line 26, C:\Users\Ethorbit\Desktop\sourcemod\scripting\autodifficultypatch.sp::OnClientDisconnect_Post
L 05/05/2017 - 16:25:21: [SM] Exception reported: Entity 1 (1) is invalid
L 05/05/2017 - 16:25:21: [SM] Blaming: autodifficultypatch.smx
L 05/05/2017 - 16:25:21: [SM] Call stack trace:
L 05/05/2017 - 16:25:21: [SM]   [0] GetEntPropString
L 05/05/2017 - 16:25:21: [SM]   [1] Line 1420, C:\Users\Ethorbit\Desktop\sourcemod\scripting\autodifficultypatch.sp::FindEntityByTargetName
L 05/05/2017 - 16:25:21: [SM]   [2] Line 1218, C:\Users\Ethorbit\Desktop\sourcemod\scripting\autodifficultypatch.sp::UpdateHeadcrab
L 05/05/2017 - 16:25:21: [SM]   [3] Line 26, C:\Users\Ethorbit\Desktop\sourcemod\scripting\autodifficultypatch.sp::OnClientDisconnect_Post
L 05/05/2017 - 16:25:21: [SM] Exception reported: Entity 2 (2) is invalid
L 05/05/2017 - 16:25:21: [SM] Blaming: autodifficultypatch.smx
L 05/05/2017 - 16:25:21: [SM] Call stack trace:
L 05/05/2017 - 16:25:21: [SM]   [0] GetEntPropString
L 05/05/2017 - 16:25:21: [SM]   [1] Line 1420, C:\Users\Ethorbit\Desktop\sourcemod\scripting\autodifficultypatch.sp::FindEntityByTargetName
L 05/05/2017 - 16:25:21: [SM]   [2] Line 1210, C:\Users\Ethorbit\Desktop\sourcemod\scripting\autodifficultypatch.sp::UpdateHeadcrab
L 05/05/2017 - 16:25:21: [SM]   [3] Line 26, C:\Users\Ethorbit\Desktop\sourcemod\scripting\autodifficultypatch.sp::OnClientDisconnect_Post
L 05/05/2017 - 16:25:21: [SM] Exception reported: Entity 3 (3) is invalid
L 05/05/2017 - 16:25:21: [SM] Blaming: autodifficultypatch.smx
L 05/05/2017 - 16:25:21: [SM] Call stack trace:
L 05/05/2017 - 16:25:21: [SM]   [0] GetEntPropString
L 05/05/2017 - 16:25:21: [SM]   [1] Line 1420, C:\Users\Ethorbit\Desktop\sourcemod\scripting\autodifficultypatch.sp::FindEntityByTargetName
L 05/05/2017 - 16:25:21: [SM]   [2] Line 1202, C:\Users\Ethorbit\Desktop\sourcemod\scripting\autodifficultypatch.sp::UpdateHeadcrab
L 05/05/2017 - 16:25:21: [SM]   [3] Line 26, C:\Users\Ethorbit\Desktop\sourcemod\scripting\autodifficultypatch.sp::OnClientDisconnect_Post
L 05/05/2017 - 16:25:21: [SM] Exception reported: Entity 4 (4) is invalid
L 05/05/2017 - 16:25:21: [SM] Blaming: autodifficultypatch.smx
L 05/05/2017 - 16:25:21: [SM] Call stack trace:
L 05/05/2017 - 16:25:21: [SM]   [0] GetEntPropString
L 05/05/2017 - 16:25:21: [SM]   [1] Line 1420, C:\Users\Ethorbit\Desktop\sourcemod\scripting\autodifficultypatch.sp::FindEntityByTargetName
L 05/05/2017 - 16:25:21: [SM]   [2] Line 1194, C:\Users\Ethorbit\Desktop\sourcemod\scripting\autodifficultypatch.sp::UpdateHeadcrab
L 05/05/2017 - 16:25:21: [SM]   [3] Line 26, C:\Users\Ethorbit\Desktop\sourcemod\scripting\autodifficultypatch.sp::OnClientDisconnect_Post
L 05/05/2017 - 16:25:21: Error log file session closed.
L 05/05/2017 - 16:25:21: SourceMod error session started
L 05/05/2017 - 16:25:21: Info (map "dm_morbid_m") (file "errors_20170505.log")
L 05/05/2017 - 16:25:21: [SM] Fatal error encountered parsing translation file "savescores.phrases.txt"
L 05/05/2017 - 16:25:21: [SM] Error (line 0, column 0): Stream failed to open
L 05/05/2017 - 16:26:09: [SM] Exception reported: Entity 4 (4) is invalid
L 05/05/2017 - 16:26:09: [SM] Blaming: autodifficultypatch.smx
L 05/05/2017 - 16:26:09: [SM] Call stack trace:
L 05/05/2017 - 16:26:09: [SM]   [0] GetEntPropString
L 05/05/2017 - 16:26:09: [SM]   [1] Line 1420, C:\Users\Ethorbit\Desktop\sourcemod\scripting\autodifficultypatch.sp::FindEntityByTargetName
L 05/05/2017 - 16:26:09: [SM]   [2] Line 1361, C:\Users\Ethorbit\Desktop\sourcemod\scripting\autodifficultypatch.sp::UpdateHeadcrab
L 05/05/2017 - 16:26:09: [SM]   [3] Line 26, C:\Users\Ethorbit\Desktop\sourcemod\scripting\autodifficultypatch.sp::OnClientDisconnect_Post
L 05/05/2017 - 16:26:22: [SM] Fatal error encountered parsing translation file "customvotes.phrases.txt"
L 05/05/2017 - 16:26:22: [SM] Error (line 0, column 0): Stream failed to open
L 05/05/2017 - 16:48:38: [SM] Exception reported: Entity 3 (3) is invalid
L 05/05/2017 - 16:48:38: [SM] Blaming: autodifficultypatch.smx
L 05/05/2017 - 16:48:38: [SM] Call stack trace:
L 05/05/2017 - 16:48:38: [SM]   [0] GetEntPropString
L 05/05/2017 - 16:48:38: [SM]   [1] Line 1420, C:\Users\Ethorbit\Desktop\sourcemod\scripting\autodifficultypatch.sp::FindEntityByTargetName
L 05/05/2017 - 16:48:38: [SM]   [2] Line 1361, C:\Users\Ethorbit\Desktop\sourcemod\scripting\autodifficultypatch.sp::UpdateHeadcrab
L 05/05/2017 - 16:48:38: [SM]   [3] Line 26, C:\Users\Ethorbit\Desktop\sourcemod\scripting\autodifficultypatch.sp::OnClientDisconnect_Post
L 05/05/2017 - 16:54:47: [SM] Exception reported: Entity 3 (3) is invalid
L 05/05/2017 - 16:54:47: [SM] Blaming: autodifficultypatch.smx
L 05/05/2017 - 16:54:47: [SM] Call stack trace:
L 05/05/2017 - 16:54:47: [SM]   [0] GetEntPropString
L 05/05/2017 - 16:54:47: [SM]   [1] Line 1420, C:\Users\Ethorbit\Desktop\sourcemod\scripting\autodifficultypatch.sp::FindEntityByTargetName
L 05/05/2017 - 16:54:47: [SM]   [2] Line 1361, C:\Users\Ethorbit\Desktop\sourcemod\scripting\autodifficultypatch.sp::UpdateHeadcrab
L 05/05/2017 - 16:54:47: [SM]   [3] Line 26, C:\Users\Ethorbit\Desktop\sourcemod\scripting\autodifficultypatch.sp::OnClientDisconnect_Post
L 05/05/2017 - 17:03:49: [SM] Exception reported: Entity 3 (3) is invalid
L 05/05/2017 - 17:03:49: [SM] Blaming: autodifficultypatch.smx
L 05/05/2017 - 17:03:49: [SM] Call stack trace:
L 05/05/2017 - 17:03:49: [SM]   [0] GetEntPropString
L 05/05/2017 - 17:03:49: [SM]   [1] Line 1420, C:\Users\Ethorbit\Desktop\sourcemod\scripting\autodifficultypatch.sp::FindEntityByTargetName
L 05/05/2017 - 17:03:49: [SM]   [2] Line 1361, C:\Users\Ethorbit\Desktop\sourcemod\scripting\autodifficultypatch.sp::UpdateHeadcrab
L 05/05/2017 - 17:03:49: [SM]   [3] Line 26, C:\Users\Ethorbit\Desktop\sourcemod\scripting\autodifficultypatch.sp::OnClientDisconnect_Post
L 05/05/2017 - 17:25:30: [SM] Exception reported: Entity 1 (1) is invalid
L 05/05/2017 - 17:25:30: [SM] Blaming: autodifficultypatch.smx
L 05/05/2017 - 17:25:30: [SM] Call stack trace:
L 05/05/2017 - 17:25:30: [SM]   [0] GetEntPropString
L 05/05/2017 - 17:25:30: [SM]   [1] Line 1420, C:\Users\Ethorbit\Desktop\sourcemod\scripting\autodifficultypatch.sp::FindEntityByTargetName
L 05/05/2017 - 17:25:30: [SM]   [2] Line 1353, C:\Users\Ethorbit\Desktop\sourcemod\scripting\autodifficultypatch.sp::UpdateHeadcrab
L 05/05/2017 - 17:25:30: [SM]   [3] Line 26, C:\Users\Ethorbit\Desktop\sourcemod\scripting\autodifficultypatch.sp::OnClientDisconnect_Post
L 05/05/2017 - 17:25:30: [SM] Exception reported: Entity 2 (2) is invalid
L 05/05/2017 - 17:25:30: [SM] Blaming: autodifficultypatch.smx
L 05/05/2017 - 17:25:30: [SM] Call stack trace:
L 05/05/2017 - 17:25:30: [SM]   [0] GetEntPropString
L 05/05/2017 - 17:25:30: [SM]   [1] Line 1420, C:\Users\Ethorbit\Desktop\sourcemod\scripting\autodifficultypatch.sp::FindEntityByTargetName
L 05/05/2017 - 17:25:30: [SM]   [2] Line 1345, C:\Users\Ethorbit\Desktop\sourcemod\scripting\autodifficultypatch.sp::UpdateHeadcrab
L 05/05/2017 - 17:25:30: [SM]   [3] Line 26, C:\Users\Ethorbit\Desktop\sourcemod\scripting\autodifficultypatch.sp::OnClientDisconnect_Post
L 05/05/2017 - 17:25:32: Error log file session closed.
L 05/05/2017 - 17:25:32: SourceMod error session started
L 05/05/2017 - 17:25:32: Info (map "pb_z_earthquake_m") (file "errors_20170505.log")
L 05/05/2017 - 17:25:32: [SM] Fatal error encountered parsing translation file "savescores.phrases.txt"
L 05/05/2017 - 17:25:32: [SM] Error (line 0, column 0): Stream failed to open
L 05/05/2017 - 17:25:32: [SM] Fatal error encountered parsing translation file "customvotes.phrases.txt"
L 05/05/2017 - 17:25:32: [SM] Error (line 0, column 0): Stream failed to open
L 05/05/2017 - 17:45:34: [SM] Exception reported: Entity 3 (3) is invalid
L 05/05/2017 - 17:45:34: [SM] Blaming: autodifficultypatch.smx
L 05/05/2017 - 17:45:34: [SM] Call stack trace:
L 05/05/2017 - 17:45:34: [SM]   [0] GetEntPropString
L 05/05/2017 - 17:45:34: [SM]   [1] Line 1420, C:\Users\Ethorbit\Desktop\sourcemod\scripting\autodifficultypatch.sp::FindEntityByTargetName
L 05/05/2017 - 17:45:34: [SM]   [2] Line 834, C:\Users\Ethorbit\Desktop\sourcemod\scripting\autodifficultypatch.sp::UpdateHeadcrab
L 05/05/2017 - 17:45:34: [SM]   [3] Line 26, C:\Users\Ethorbit\Desktop\sourcemod\scripting\autodifficultypatch.sp::OnClientDisconnect_Post
L 05/05/2017 - 17:51:42: [SM] Exception reported: Entity 1 (1) is invalid
L 05/05/2017 - 17:51:42: [SM] Blaming: autodifficultypatch.smx
L 05/05/2017 - 17:51:42: [SM] Call stack trace:
L 05/05/2017 - 17:51:42: [SM]   [0] GetEntPropString
L 05/05/2017 - 17:51:42: [SM]   [1] Line 1420, C:\Users\Ethorbit\Desktop\sourcemod\scripting\autodifficultypatch.sp::FindEntityByTargetName
L 05/05/2017 - 17:51:42: [SM]   [2] Line 826, C:\Users\Ethorbit\Desktop\sourcemod\scripting\autodifficultypatch.sp::UpdateHeadcrab
L 05/05/2017 - 17:51:42: [SM]   [3] Line 26, C:\Users\Ethorbit\Desktop\sourcemod\scripting\autodifficultypatch.sp::OnClientDisconnect_Post
L 05/05/2017 - 17:51:45: [SM] Exception reported: Entity 2 (2) is invalid
L 05/05/2017 - 17:51:45: [SM] Blaming: autodifficultypatch.smx
L 05/05/2017 - 17:51:45: [SM] Call stack trace:
L 05/05/2017 - 17:51:45: [SM]   [0] GetEntPropString
L 05/05/2017 - 17:51:45: [SM]   [1] Line 1420, C:\Users\Ethorbit\Desktop\sourcemod\scripting\autodifficultypatch.sp::FindEntityByTargetName
L 05/05/2017 - 17:51:45: [SM]   [2] Line 818, C:\Users\Ethorbit\Desktop\sourcemod\scripting\autodifficultypatch.sp::UpdateHeadcrab
L 05/05/2017 - 17:51:45: [SM]   [3] Line 26, C:\Users\Ethorbit\Desktop\sourcemod\scripting\autodifficultypatch.sp::OnClientDisconnect_Post
L 05/05/2017 - 18:25:44: Error log file session closed.
L 05/05/2017 - 18:25:44: SourceMod error session started
L 05/05/2017 - 18:25:44: Info (map "dm_coldruins_rc1_m") (file "errors_20170505.log")
L 05/05/2017 - 18:25:44: [SM] Fatal error encountered parsing translation file "savescores.phrases.txt"
L 05/05/2017 - 18:25:44: [SM] Error (line 0, column 0): Stream failed to open
L 05/05/2017 - 18:25:44: [SM] Fatal error encountered parsing translation file "customvotes.phrases.txt"
L 05/05/2017 - 18:25:44: [SM] Error (line 0, column 0): Stream failed to open
L 05/05/2017 - 18:43:06: [SM] Exception reported: Entity 1 (1) is invalid
L 05/05/2017 - 18:43:06: [SM] Blaming: autodifficultypatch.smx
L 05/05/2017 - 18:43:06: [SM] Call stack trace:
L 05/05/2017 - 18:43:06: [SM]   [0] GetEntPropString
L 05/05/2017 - 18:43:06: [SM]   [1] Line 1420, C:\Users\Ethorbit\Desktop\sourcemod\scripting\autodifficultypatch.sp::FindEntityByTargetName
L 05/05/2017 - 18:43:06: [SM]   [2] Line 668, C:\Users\Ethorbit\Desktop\sourcemod\scripting\autodifficultypatch.sp::UpdateHeadcrab
L 05/05/2017 - 18:43:06: [SM]   [3] Line 26, C:\Users\Ethorbit\Desktop\sourcemod\scripting\autodifficultypatch.sp::OnClientDisconnect_Post
L 05/05/2017 - 19:25:53: Error log file session closed.
L 05/05/2017 - 19:25:53: SourceMod error session started
L 05/05/2017 - 19:25:53: Info (map "dm_cave_m") (file "errors_20170505.log")
L 05/05/2017 - 19:25:53: [SM] Fatal error encountered parsing translation file "savescores.phrases.txt"
L 05/05/2017 - 19:25:53: [SM] Error (line 0, column 0): Stream failed to open
L 05/05/2017 - 19:25:53: [SM] Fatal error encountered parsing translation file "customvotes.phrases.txt"
L 05/05/2017 - 19:25:53: [SM] Error (line 0, column 0): Stream failed to open
L 05/05/2017 - 19:33:08: [SM] Exception reported: Entity 1 (1) is invalid
L 05/05/2017 - 19:33:08: [SM] Blaming: autodifficultypatch.smx
L 05/05/2017 - 19:33:08: [SM] Call stack trace:
L 05/05/2017 - 19:33:08: [SM]   [0] GetEntPropString
L 05/05/2017 - 19:33:08: [SM]   [1] Line 1420, C:\Users\Ethorbit\Desktop\sourcemod\scripting\autodifficultypatch.sp::FindEntityByTargetName
L 05/05/2017 - 19:33:08: [SM]   [2] Line 593, C:\Users\Ethorbit\Desktop\sourcemod\scripting\autodifficultypatch.sp::UpdateHeadcrab
L 05/05/2017 - 19:33:08: [SM]   [3] Line 26, C:\Users\Ethorbit\Desktop\sourcemod\scripting\autodifficultypatch.sp::OnClientDisconnect_Post
L 05/05/2017 - 19:33:09: Error log file session closed.
L 05/05/2017 - 19:33:09: SourceMod error session started
L 05/05/2017 - 19:33:09: Info (map "dm_raven_m") (file "errors_20170505.log")
L 05/05/2017 - 19:33:09: [SM] Fatal error encountered parsing translation file "savescores.phrases.txt"
L 05/05/2017 - 19:33:09: [SM] Error (line 0, column 0): Stream failed to open
L 05/05/2017 - 19:33:09: [SM] Fatal error encountered parsing translation file "customvotes.phrases.txt"
L 05/05/2017 - 19:33:09: [SM] Error (line 0, column 0): Stream failed to open
L 05/05/2017 - 19:42:37: [SM] Exception reported: Entity 1 (1) is invalid
L 05/05/2017 - 19:42:37: [SM] Blaming: autodifficultypatch.smx
L 05/05/2017 - 19:42:37: [SM] Call stack trace:
L 05/05/2017 - 19:42:37: [SM]   [0] GetEntPropString
L 05/05/2017 - 19:42:37: [SM]   [1] Line 1420, C:\Users\Ethorbit\Desktop\sourcemod\scripting\autodifficultypatch.sp::FindEntityByTargetName
L 05/05/2017 - 19:42:37: [SM]   [2] Line 968, C:\Users\Ethorbit\Desktop\sourcemod\scripting\autodifficultypatch.sp::UpdateHeadcrab
L 05/05/2017 - 19:42:37: [SM]   [3] Line 26, C:\Users\Ethorbit\Desktop\sourcemod\scripting\autodifficultypatch.sp::OnClientDisconnect_Post
L 05/05/2017 - 20:33:18: Error log file session closed.
L 05/05/2017 - 20:33:18: SourceMod error session started
L 05/05/2017 - 20:33:18: Info (map "pb_z_underground_m") (file "errors_20170505.log")
L 05/05/2017 - 20:33:18: [SM] Fatal error encountered parsing translation file "savescores.phrases.txt"
L 05/05/2017 - 20:33:18: [SM] Error (line 0, column 0): Stream failed to open
L 05/05/2017 - 20:33:18: [SM] Fatal error encountered parsing translation file "customvotes.phrases.txt"
L 05/05/2017 - 20:33:18: [SM] Error (line 0, column 0): Stream failed to open
L 05/05/2017 - 21:33:30: Error log file session closed.
L 05/05/2017 - 21:33:30: SourceMod error session started
L 05/05/2017 - 21:33:30: Info (map "pb_z_area51_m") (file "errors_20170505.log")
L 05/05/2017 - 21:33:30: [SM] Fatal error encountered parsing translation file "savescores.phrases.txt"
L 05/05/2017 - 21:33:30: [SM] Error (line 0, column 0): Stream failed to open
L 05/05/2017 - 21:33:30: [SM] Fatal error encountered parsing translation file "customvotes.phrases.txt"
L 05/05/2017 - 21:33:30: [SM] Error (line 0, column 0): Stream failed to open
L 05/05/2017 - 22:33:39: Error log file session closed.
L 05/05/2017 - 22:33:39: SourceMod error session started
L 05/05/2017 - 22:33:39: Info (map "dm_morbid_m") (file "errors_20170505.log")
L 05/05/2017 - 22:33:39: [SM] Fatal error encountered parsing translation file "savescores.phrases.txt"
L 05/05/2017 - 22:33:39: [SM] Error (line 0, column 0): Stream failed to open
L 05/05/2017 - 22:33:39: [SM] Fatal error encountered parsing translation file "customvotes.phrases.txt"
L 05/05/2017 - 22:33:39: [SM] Error (line 0, column 0): Stream failed to open
L 05/05/2017 - 23:33:48: Error log file session closed.
L 05/05/2017 - 23:33:48: SourceMod error session started
L 05/05/2017 - 23:33:48: Info (map "dm_mine_entrance_m") (file "errors_20170505.log")
L 05/05/2017 - 23:33:48: [SM] Fatal error encountered parsing translation file "savescores.phrases.txt"
L 05/05/2017 - 23:33:48: [SM] Error (line 0, column 0): Stream failed to open
L 05/05/2017 - 23:33:48: [SM] Fatal error encountered parsing translation file "customvotes.phrases.txt"
L 05/05/2017 - 23:33:48: [SM] Error (line 0, column 0): Stream failed to open
