L 05/04/2017 - 00:49:12: SourceMod error session started
L 05/04/2017 - 00:49:12: Info (map "dm_cave_m") (file "errors_20170504.log")
L 05/04/2017 - 00:49:12: Error log file session closed.
L 05/04/2017 - 00:49:12: SourceMod error session started
L 05/04/2017 - 00:49:12: Info (map "dm_cave_m") (file "errors_20170504.log")
L 05/04/2017 - 00:49:12: [SM] Fatal error encountered parsing translation file "savescores.phrases.txt"
L 05/04/2017 - 00:49:12: [SM] Error (line 0, column 0): Stream failed to open
L 05/04/2017 - 00:49:12: [SM] Fatal error encountered parsing translation file "customvotes.phrases.txt"
L 05/04/2017 - 00:49:12: [SM] Error (line 0, column 0): Stream failed to open
L 05/04/2017 - 01:02:50: SourceMod error session started
L 05/04/2017 - 01:02:50: Info (map "pb_z_high_school_m") (file "errors_20170504.log")
L 05/04/2017 - 01:02:50: [SDKTOOLS] Invalid detour address passed - Disabling detour to prevent crashes
L 05/04/2017 - 01:02:51: [SM] Fatal error encountered parsing translation file "savescores.phrases.txt"
L 05/04/2017 - 01:02:51: [SM] Error (line 0, column 0): Stream failed to open
L 05/04/2017 - 07:14:43: [SM] Exception reported: Entity 1 (1) is invalid
L 05/04/2017 - 07:14:43: [SM] Blaming: autodifficultypatch.smx
L 05/04/2017 - 07:14:43: [SM] Call stack trace:
L 05/04/2017 - 07:14:43: [SM]   [0] GetEntPropString
L 05/04/2017 - 07:14:43: [SM]   [1] Line 1420, C:\Users\Ethorbit\Desktop\sourcemod\scripting\autodifficultypatch.sp::FindEntityByTargetName
L 05/04/2017 - 07:14:43: [SM]   [2] Line 1194, C:\Users\Ethorbit\Desktop\sourcemod\scripting\autodifficultypatch.sp::UpdateHeadcrab
L 05/04/2017 - 07:14:43: [SM]   [3] Line 26, C:\Users\Ethorbit\Desktop\sourcemod\scripting\autodifficultypatch.sp::OnClientDisconnect_Post
L 05/04/2017 - 07:35:01: [SM] Exception reported: Entity 1 (1) is invalid
L 05/04/2017 - 07:35:01: [SM] Blaming: autodifficultypatch.smx
L 05/04/2017 - 07:35:01: [SM] Call stack trace:
L 05/04/2017 - 07:35:01: [SM]   [0] GetEntPropString
L 05/04/2017 - 07:35:01: [SM]   [1] Line 1420, C:\Users\Ethorbit\Desktop\sourcemod\scripting\autodifficultypatch.sp::FindEntityByTargetName
L 05/04/2017 - 07:35:01: [SM]   [2] Line 1194, C:\Users\Ethorbit\Desktop\sourcemod\scripting\autodifficultypatch.sp::UpdateHeadcrab
L 05/04/2017 - 07:35:01: [SM]   [3] Line 26, C:\Users\Ethorbit\Desktop\sourcemod\scripting\autodifficultypatch.sp::OnClientDisconnect_Post
L 05/04/2017 - 07:35:05: Error log file session closed.
L 05/04/2017 - 07:35:10: SourceMod error session started
L 05/04/2017 - 07:35:10: Info (map "pb_z_disorder_m") (file "errors_20170504.log")
L 05/04/2017 - 07:35:10: [SM] Fatal error encountered parsing translation file "savescores.phrases.txt"
L 05/04/2017 - 07:35:10: [SM] Error (line 0, column 0): Stream failed to open
L 05/04/2017 - 07:44:29: [SM] Exception reported: Entity 2 (2) is invalid
L 05/04/2017 - 07:44:29: [SM] Blaming: autodifficultypatch.smx
L 05/04/2017 - 07:44:29: [SM] Call stack trace:
L 05/04/2017 - 07:44:29: [SM]   [0] GetEntPropString
L 05/04/2017 - 07:44:29: [SM]   [1] Line 1420, C:\Users\Ethorbit\Desktop\sourcemod\scripting\autodifficultypatch.sp::FindEntityByTargetName
L 05/04/2017 - 07:44:29: [SM]   [2] Line 451, C:\Users\Ethorbit\Desktop\sourcemod\scripting\autodifficultypatch.sp::UpdateHeadcrab
L 05/04/2017 - 07:44:29: [SM]   [3] Line 26, C:\Users\Ethorbit\Desktop\sourcemod\scripting\autodifficultypatch.sp::OnClientDisconnect_Post
L 05/04/2017 - 07:57:27: [SM] Fatal error encountered parsing translation file "customvotes.phrases.txt"
L 05/04/2017 - 07:57:27: [SM] Error (line 0, column 0): Stream failed to open
L 05/04/2017 - 08:03:16: [SM] Exception reported: Entity 1 (1) is invalid
L 05/04/2017 - 08:03:16: [SM] Blaming: autodifficultypatch.smx
L 05/04/2017 - 08:03:16: [SM] Call stack trace:
L 05/04/2017 - 08:03:16: [SM]   [0] GetEntPropString
L 05/04/2017 - 08:03:16: [SM]   [1] Line 1420, C:\Users\Ethorbit\Desktop\sourcemod\scripting\autodifficultypatch.sp::FindEntityByTargetName
L 05/04/2017 - 08:03:16: [SM]   [2] Line 443, C:\Users\Ethorbit\Desktop\sourcemod\scripting\autodifficultypatch.sp::UpdateHeadcrab
L 05/04/2017 - 08:03:16: [SM]   [3] Line 26, C:\Users\Ethorbit\Desktop\sourcemod\scripting\autodifficultypatch.sp::OnClientDisconnect_Post
L 05/04/2017 - 08:35:25: Error log file session closed.
L 05/04/2017 - 08:35:25: SourceMod error session started
L 05/04/2017 - 08:35:25: Info (map "dm_cave_m") (file "errors_20170504.log")
L 05/04/2017 - 08:35:25: [SM] Fatal error encountered parsing translation file "savescores.phrases.txt"
L 05/04/2017 - 08:35:25: [SM] Error (line 0, column 0): Stream failed to open
L 05/04/2017 - 08:35:25: [SM] Fatal error encountered parsing translation file "customvotes.phrases.txt"
L 05/04/2017 - 08:35:25: [SM] Error (line 0, column 0): Stream failed to open
L 05/04/2017 - 09:35:36: Error log file session closed.
L 05/04/2017 - 09:35:36: SourceMod error session started
L 05/04/2017 - 09:35:36: Info (map "pb_z_office_tower_m") (file "errors_20170504.log")
L 05/04/2017 - 09:35:36: [SM] Fatal error encountered parsing translation file "savescores.phrases.txt"
L 05/04/2017 - 09:35:36: [SM] Error (line 0, column 0): Stream failed to open
L 05/04/2017 - 09:35:36: [SM] Fatal error encountered parsing translation file "customvotes.phrases.txt"
L 05/04/2017 - 09:35:36: [SM] Error (line 0, column 0): Stream failed to open
L 05/04/2017 - 10:35:47: Error log file session closed.
L 05/04/2017 - 10:35:47: SourceMod error session started
L 05/04/2017 - 10:35:47: Info (map "pb_z_earthquake_m") (file "errors_20170504.log")
L 05/04/2017 - 10:35:47: [SM] Fatal error encountered parsing translation file "savescores.phrases.txt"
L 05/04/2017 - 10:35:47: [SM] Error (line 0, column 0): Stream failed to open
L 05/04/2017 - 10:35:47: [SM] Fatal error encountered parsing translation file "customvotes.phrases.txt"
L 05/04/2017 - 10:35:47: [SM] Error (line 0, column 0): Stream failed to open
L 05/04/2017 - 11:31:13: [SM] Exception reported: Entity 1 (1) is invalid
L 05/04/2017 - 11:31:13: [SM] Blaming: autodifficultypatch.smx
L 05/04/2017 - 11:31:13: [SM] Call stack trace:
L 05/04/2017 - 11:31:13: [SM]   [0] GetEntPropString
L 05/04/2017 - 11:31:13: [SM]   [1] Line 1420, C:\Users\Ethorbit\Desktop\sourcemod\scripting\autodifficultypatch.sp::FindEntityByTargetName
L 05/04/2017 - 11:31:13: [SM]   [2] Line 818, C:\Users\Ethorbit\Desktop\sourcemod\scripting\autodifficultypatch.sp::UpdateHeadcrab
L 05/04/2017 - 11:31:13: [SM]   [3] Line 26, C:\Users\Ethorbit\Desktop\sourcemod\scripting\autodifficultypatch.sp::OnClientDisconnect_Post
L 05/04/2017 - 11:31:18: Error log file session closed.
L 05/04/2017 - 11:31:18: SourceMod error session started
L 05/04/2017 - 11:31:18: Info (map "pb_z_colony_m") (file "errors_20170504.log")
L 05/04/2017 - 11:31:18: [SM] Fatal error encountered parsing translation file "savescores.phrases.txt"
L 05/04/2017 - 11:31:18: [SM] Error (line 0, column 0): Stream failed to open
L 05/04/2017 - 11:31:18: [SM] Fatal error encountered parsing translation file "customvotes.phrases.txt"
L 05/04/2017 - 11:31:18: [SM] Error (line 0, column 0): Stream failed to open
L 05/04/2017 - 12:31:32: Error log file session closed.
L 05/04/2017 - 12:31:32: SourceMod error session started
L 05/04/2017 - 12:31:32: Info (map "pb_z_office_tower_v2_m") (file "errors_20170504.log")
L 05/04/2017 - 12:31:32: [SM] Fatal error encountered parsing translation file "savescores.phrases.txt"
L 05/04/2017 - 12:31:32: [SM] Error (line 0, column 0): Stream failed to open
L 05/04/2017 - 12:31:32: [SM] Fatal error encountered parsing translation file "customvotes.phrases.txt"
L 05/04/2017 - 12:31:32: [SM] Error (line 0, column 0): Stream failed to open
L 05/04/2017 - 13:05:09: [SM] Exception reported: Entity 2 (2) is invalid
L 05/04/2017 - 13:05:09: [SM] Blaming: autodifficultypatch.smx
L 05/04/2017 - 13:05:09: [SM] Call stack trace:
L 05/04/2017 - 13:05:09: [SM]   [0] GetEntPropString
L 05/04/2017 - 13:05:09: [SM]   [1] Line 1420, C:\Users\Ethorbit\Desktop\sourcemod\scripting\autodifficultypatch.sp::FindEntityByTargetName
L 05/04/2017 - 13:05:09: [SM]   [2] Line 309, C:\Users\Ethorbit\Desktop\sourcemod\scripting\autodifficultypatch.sp::UpdateHeadcrab
L 05/04/2017 - 13:05:09: [SM]   [3] Line 26, C:\Users\Ethorbit\Desktop\sourcemod\scripting\autodifficultypatch.sp::OnClientDisconnect_Post
L 05/04/2017 - 13:31:44: Error log file session closed.
L 05/04/2017 - 13:31:44: SourceMod error session started
L 05/04/2017 - 13:31:44: Info (map "dm_morbid_m") (file "errors_20170504.log")
L 05/04/2017 - 13:31:44: [SM] Fatal error encountered parsing translation file "savescores.phrases.txt"
L 05/04/2017 - 13:31:44: [SM] Error (line 0, column 0): Stream failed to open
L 05/04/2017 - 13:31:44: [SM] Fatal error encountered parsing translation file "customvotes.phrases.txt"
L 05/04/2017 - 13:31:44: [SM] Error (line 0, column 0): Stream failed to open
L 05/04/2017 - 14:31:53: Error log file session closed.
L 05/04/2017 - 14:31:53: SourceMod error session started
L 05/04/2017 - 14:31:53: Info (map "pb_z_industry_m") (file "errors_20170504.log")
L 05/04/2017 - 14:31:53: [SM] Fatal error encountered parsing translation file "savescores.phrases.txt"
L 05/04/2017 - 14:31:53: [SM] Error (line 0, column 0): Stream failed to open
L 05/04/2017 - 14:31:53: [SM] Fatal error encountered parsing translation file "customvotes.phrases.txt"
L 05/04/2017 - 14:31:53: [SM] Error (line 0, column 0): Stream failed to open
L 05/04/2017 - 15:32:06: Error log file session closed.
L 05/04/2017 - 15:32:06: SourceMod error session started
L 05/04/2017 - 15:32:06: Info (map "dm_montana_m") (file "errors_20170504.log")
L 05/04/2017 - 15:32:06: [SM] Fatal error encountered parsing translation file "savescores.phrases.txt"
L 05/04/2017 - 15:32:06: [SM] Error (line 0, column 0): Stream failed to open
L 05/04/2017 - 15:32:06: [SM] Fatal error encountered parsing translation file "customvotes.phrases.txt"
L 05/04/2017 - 15:32:06: [SM] Error (line 0, column 0): Stream failed to open
L 05/04/2017 - 16:32:18: Error log file session closed.
L 05/04/2017 - 16:32:18: SourceMod error session started
L 05/04/2017 - 16:32:18: Info (map "dm_coldruins_rc1_m") (file "errors_20170504.log")
L 05/04/2017 - 16:32:18: [SM] Fatal error encountered parsing translation file "savescores.phrases.txt"
L 05/04/2017 - 16:32:18: [SM] Error (line 0, column 0): Stream failed to open
L 05/04/2017 - 16:32:18: [SM] Fatal error encountered parsing translation file "customvotes.phrases.txt"
L 05/04/2017 - 16:32:18: [SM] Error (line 0, column 0): Stream failed to open
L 05/04/2017 - 16:50:23: [SM] Exception reported: Entity 1 (1) is invalid
L 05/04/2017 - 16:50:23: [SM] Blaming: autodifficultypatch.smx
L 05/04/2017 - 16:50:23: [SM] Call stack trace:
L 05/04/2017 - 16:50:23: [SM]   [0] GetEntPropString
L 05/04/2017 - 16:50:23: [SM]   [1] Line 1420, C:\Users\Ethorbit\Desktop\sourcemod\scripting\autodifficultypatch.sp::FindEntityByTargetName
L 05/04/2017 - 16:50:23: [SM]   [2] Line 668, C:\Users\Ethorbit\Desktop\sourcemod\scripting\autodifficultypatch.sp::UpdateHeadcrab
L 05/04/2017 - 16:50:23: [SM]   [3] Line 26, C:\Users\Ethorbit\Desktop\sourcemod\scripting\autodifficultypatch.sp::OnClientDisconnect_Post
L 05/04/2017 - 17:32:28: Error log file session closed.
L 05/04/2017 - 17:32:28: SourceMod error session started
L 05/04/2017 - 17:32:28: Info (map "pb_z_office_tower_m") (file "errors_20170504.log")
L 05/04/2017 - 17:32:28: [SM] Fatal error encountered parsing translation file "savescores.phrases.txt"
L 05/04/2017 - 17:32:28: [SM] Error (line 0, column 0): Stream failed to open
L 05/04/2017 - 17:32:28: [SM] Fatal error encountered parsing translation file "customvotes.phrases.txt"
L 05/04/2017 - 17:32:28: [SM] Error (line 0, column 0): Stream failed to open
L 05/04/2017 - 18:32:39: Error log file session closed.
L 05/04/2017 - 18:32:39: SourceMod error session started
L 05/04/2017 - 18:32:39: Info (map "pb_z_high_school_m") (file "errors_20170504.log")
L 05/04/2017 - 18:32:39: [SM] Fatal error encountered parsing translation file "savescores.phrases.txt"
L 05/04/2017 - 18:32:39: [SM] Error (line 0, column 0): Stream failed to open
L 05/04/2017 - 18:32:39: [SM] Fatal error encountered parsing translation file "customvotes.phrases.txt"
L 05/04/2017 - 18:32:39: [SM] Error (line 0, column 0): Stream failed to open
L 05/04/2017 - 19:32:49: Error log file session closed.
L 05/04/2017 - 19:32:49: SourceMod error session started
L 05/04/2017 - 19:32:49: Info (map "pb_z_earthquake_m") (file "errors_20170504.log")
L 05/04/2017 - 19:32:49: [SM] Fatal error encountered parsing translation file "savescores.phrases.txt"
L 05/04/2017 - 19:32:49: [SM] Error (line 0, column 0): Stream failed to open
L 05/04/2017 - 19:32:49: [SM] Fatal error encountered parsing translation file "customvotes.phrases.txt"
L 05/04/2017 - 19:32:49: [SM] Error (line 0, column 0): Stream failed to open
L 05/04/2017 - 20:24:15: [SM] Exception reported: Entity 1 (1) is invalid
L 05/04/2017 - 20:24:15: [SM] Blaming: autodifficultypatch.smx
L 05/04/2017 - 20:24:15: [SM] Call stack trace:
L 05/04/2017 - 20:24:15: [SM]   [0] GetEntPropString
L 05/04/2017 - 20:24:15: [SM]   [1] Line 1420, C:\Users\Ethorbit\Desktop\sourcemod\scripting\autodifficultypatch.sp::FindEntityByTargetName
L 05/04/2017 - 20:24:15: [SM]   [2] Line 818, C:\Users\Ethorbit\Desktop\sourcemod\scripting\autodifficultypatch.sp::UpdateHeadcrab
L 05/04/2017 - 20:24:15: [SM]   [3] Line 26, C:\Users\Ethorbit\Desktop\sourcemod\scripting\autodifficultypatch.sp::OnClientDisconnect_Post
L 05/04/2017 - 20:33:00: Error log file session closed.
L 05/04/2017 - 20:33:00: SourceMod error session started
L 05/04/2017 - 20:33:00: Info (map "pb_z_office_tower_v2_m") (file "errors_20170504.log")
L 05/04/2017 - 20:33:00: [SM] Fatal error encountered parsing translation file "savescores.phrases.txt"
L 05/04/2017 - 20:33:00: [SM] Error (line 0, column 0): Stream failed to open
L 05/04/2017 - 20:33:00: [SM] Fatal error encountered parsing translation file "customvotes.phrases.txt"
L 05/04/2017 - 20:33:00: [SM] Error (line 0, column 0): Stream failed to open
L 05/04/2017 - 21:33:10: Error log file session closed.
L 05/04/2017 - 21:33:10: SourceMod error session started
L 05/04/2017 - 21:33:10: Info (map "dm_cave_m") (file "errors_20170504.log")
L 05/04/2017 - 21:33:10: [SM] Fatal error encountered parsing translation file "savescores.phrases.txt"
L 05/04/2017 - 21:33:10: [SM] Error (line 0, column 0): Stream failed to open
L 05/04/2017 - 21:33:10: [SM] Fatal error encountered parsing translation file "customvotes.phrases.txt"
L 05/04/2017 - 21:33:10: [SM] Error (line 0, column 0): Stream failed to open
L 05/04/2017 - 22:33:20: Error log file session closed.
L 05/04/2017 - 22:33:20: SourceMod error session started
L 05/04/2017 - 22:33:20: Info (map "dm_laststop_m") (file "errors_20170504.log")
L 05/04/2017 - 22:33:20: [SM] Fatal error encountered parsing translation file "savescores.phrases.txt"
L 05/04/2017 - 22:33:20: [SM] Error (line 0, column 0): Stream failed to open
L 05/04/2017 - 22:33:20: [SM] Fatal error encountered parsing translation file "customvotes.phrases.txt"
L 05/04/2017 - 22:33:20: [SM] Error (line 0, column 0): Stream failed to open
L 05/04/2017 - 23:33:30: Error log file session closed.
L 05/04/2017 - 23:33:30: SourceMod error session started
L 05/04/2017 - 23:33:30: Info (map "dm_coldruins_rc1_m") (file "errors_20170504.log")
L 05/04/2017 - 23:33:30: [SM] Fatal error encountered parsing translation file "savescores.phrases.txt"
L 05/04/2017 - 23:33:30: [SM] Error (line 0, column 0): Stream failed to open
L 05/04/2017 - 23:33:30: [SM] Fatal error encountered parsing translation file "customvotes.phrases.txt"
L 05/04/2017 - 23:33:30: [SM] Error (line 0, column 0): Stream failed to open
