L 06/07/2017 - 00:41:54: SourceMod error session started
L 06/07/2017 - 00:41:54: Info (map "pb_z_colony_m") (file "errors_20170607.log")
L 06/07/2017 - 00:41:54: Error log file session closed.
L 06/07/2017 - 00:41:54: SourceMod error session started
L 06/07/2017 - 00:41:54: Info (map "pb_z_colony_m") (file "errors_20170607.log")
L 06/07/2017 - 00:41:54: [SM] Fatal error encountered parsing translation file "savescores.phrases.txt"
L 06/07/2017 - 00:41:54: [SM] Error (line 0, column 0): Stream failed to open
L 06/07/2017 - 00:41:54: [SM] Fatal error encountered parsing translation file "customvotes.phrases.txt"
L 06/07/2017 - 00:41:54: [SM] Error (line 0, column 0): Stream failed to open
L 06/07/2017 - 01:21:05: SourceMod error session started
L 06/07/2017 - 01:21:05: Info (map "pb_z_high_school_m") (file "errors_20170607.log")
L 06/07/2017 - 01:21:05: [SDKTOOLS] Invalid detour address passed - Disabling detour to prevent crashes
L 06/07/2017 - 01:21:05: [SM] Unable to load extension "soundlib.ext": error code 0000007e
L 06/07/2017 - 01:21:05: [SM] Unable to load extension "config.ext": error code 0000007e
L 06/07/2017 - 01:21:05: [SM] Fatal error encountered parsing translation file "savescores.phrases.txt"
L 06/07/2017 - 01:21:05: [SM] Error (line 0, column 0): Stream failed to open
L 06/07/2017 - 01:21:05: [SM] Unable to load plugin "time-left-actions.smx": Required extension "Sound Info Library" file("soundlib.ext") not running
L 06/07/2017 - 02:23:14: [SM] Exception reported: Entity 2 (2) is invalid
L 06/07/2017 - 02:23:14: [SM] Blaming: autodifficultypatch.smx
L 06/07/2017 - 02:23:14: [SM] Call stack trace:
L 06/07/2017 - 02:23:14: [SM]   [0] GetEntPropString
L 06/07/2017 - 02:23:14: [SM]   [1] Line 1488, C:\Users\Ethorbit\Desktop\sourcemodbackup\sourcemod\addons\sourcemod\scripting\autodifficultypatch.sp::FindEntityByTargetName
L 06/07/2017 - 02:23:14: [SM]   [2] Line 1270, C:\Users\Ethorbit\Desktop\sourcemodbackup\sourcemod\addons\sourcemod\scripting\autodifficultypatch.sp::UpdateHeadcrab
L 06/07/2017 - 02:23:14: [SM]   [3] Line 26, C:\Users\Ethorbit\Desktop\sourcemodbackup\sourcemod\addons\sourcemod\scripting\autodifficultypatch.sp::OnClientDisconnect_Post
L 06/07/2017 - 02:40:05: [SM] Exception reported: Entity 1 (1) is invalid
L 06/07/2017 - 02:40:05: [SM] Blaming: autodifficultypatch.smx
L 06/07/2017 - 02:40:05: [SM] Call stack trace:
L 06/07/2017 - 02:40:05: [SM]   [0] GetEntPropString
L 06/07/2017 - 02:40:05: [SM]   [1] Line 1488, C:\Users\Ethorbit\Desktop\sourcemodbackup\sourcemod\addons\sourcemod\scripting\autodifficultypatch.sp::FindEntityByTargetName
L 06/07/2017 - 02:40:05: [SM]   [2] Line 1262, C:\Users\Ethorbit\Desktop\sourcemodbackup\sourcemod\addons\sourcemod\scripting\autodifficultypatch.sp::UpdateHeadcrab
L 06/07/2017 - 02:40:05: [SM]   [3] Line 26, C:\Users\Ethorbit\Desktop\sourcemodbackup\sourcemod\addons\sourcemod\scripting\autodifficultypatch.sp::OnClientDisconnect_Post
L 06/07/2017 - 02:53:40: Error log file session closed.
L 06/07/2017 - 02:53:40: SourceMod error session started
L 06/07/2017 - 02:53:40: Info (map "pb_z_industry_m") (file "errors_20170607.log")
L 06/07/2017 - 02:53:40: [SM] Fatal error encountered parsing translation file "savescores.phrases.txt"
L 06/07/2017 - 02:53:40: [SM] Error (line 0, column 0): Stream failed to open
L 06/07/2017 - 03:53:54: Error log file session closed.
L 06/07/2017 - 03:53:54: SourceMod error session started
L 06/07/2017 - 03:53:54: Info (map "pb_z_office_tower_v2_m") (file "errors_20170607.log")
L 06/07/2017 - 03:53:54: [SM] Fatal error encountered parsing translation file "savescores.phrases.txt"
L 06/07/2017 - 03:53:54: [SM] Error (line 0, column 0): Stream failed to open
L 06/07/2017 - 04:54:05: Error log file session closed.
L 06/07/2017 - 04:54:05: SourceMod error session started
L 06/07/2017 - 04:54:05: Info (map "pb_z_office_tower_m") (file "errors_20170607.log")
L 06/07/2017 - 04:54:05: [SM] Fatal error encountered parsing translation file "savescores.phrases.txt"
L 06/07/2017 - 04:54:05: [SM] Error (line 0, column 0): Stream failed to open
L 06/07/2017 - 05:54:16: Error log file session closed.
L 06/07/2017 - 05:54:21: SourceMod error session started
L 06/07/2017 - 05:54:21: Info (map "dm_october_m") (file "errors_20170607.log")
L 06/07/2017 - 05:54:21: [SM] Fatal error encountered parsing translation file "savescores.phrases.txt"
L 06/07/2017 - 05:54:21: [SM] Error (line 0, column 0): Stream failed to open
L 06/07/2017 - 06:37:59: Error log file session closed.
L 06/07/2017 - 06:38:09: SourceMod error session started
L 06/07/2017 - 06:38:09: Info (map "pb_z_colony_m") (file "errors_20170607.log")
L 06/07/2017 - 06:38:09: [SM] Fatal error encountered parsing translation file "savescores.phrases.txt"
L 06/07/2017 - 06:38:09: [SM] Error (line 0, column 0): Stream failed to open
L 06/07/2017 - 06:48:35: Error log file session closed.
L 06/07/2017 - 06:48:36: SourceMod error session started
L 06/07/2017 - 06:48:36: Info (map "dm_central_station_v1_m") (file "errors_20170607.log")
L 06/07/2017 - 06:48:36: [SM] Fatal error encountered parsing translation file "savescores.phrases.txt"
L 06/07/2017 - 06:48:36: [SM] Error (line 0, column 0): Stream failed to open
L 06/07/2017 - 06:56:18: Error log file session closed.
L 06/07/2017 - 06:56:18: SourceMod error session started
L 06/07/2017 - 06:56:18: Info (map "dm_morbid_m") (file "errors_20170607.log")
L 06/07/2017 - 06:56:18: [SM] Fatal error encountered parsing translation file "savescores.phrases.txt"
L 06/07/2017 - 06:56:18: [SM] Error (line 0, column 0): Stream failed to open
L 06/07/2017 - 06:59:35: [SM] Exception reported: Entity 1 (1) is invalid
L 06/07/2017 - 06:59:35: [SM] Blaming: autodifficultypatch.smx
L 06/07/2017 - 06:59:35: [SM] Call stack trace:
L 06/07/2017 - 06:59:35: [SM]   [0] GetEntPropString
L 06/07/2017 - 06:59:35: [SM]   [1] Line 1488, C:\Users\Ethorbit\Desktop\sourcemodbackup\sourcemod\addons\sourcemod\scripting\autodifficultypatch.sp::FindEntityByTargetName
L 06/07/2017 - 06:59:35: [SM]   [2] Line 1413, C:\Users\Ethorbit\Desktop\sourcemodbackup\sourcemod\addons\sourcemod\scripting\autodifficultypatch.sp::UpdateHeadcrab
L 06/07/2017 - 06:59:35: [SM]   [3] Line 26, C:\Users\Ethorbit\Desktop\sourcemodbackup\sourcemod\addons\sourcemod\scripting\autodifficultypatch.sp::OnClientDisconnect_Post
L 06/07/2017 - 06:59:37: Error log file session closed.
L 06/07/2017 - 06:59:37: SourceMod error session started
L 06/07/2017 - 06:59:37: Info (map "dm_coldruins_rc1_m") (file "errors_20170607.log")
L 06/07/2017 - 06:59:37: [SM] Fatal error encountered parsing translation file "savescores.phrases.txt"
L 06/07/2017 - 06:59:37: [SM] Error (line 0, column 0): Stream failed to open
L 06/07/2017 - 07:37:38: [SM] Exception reported: Entity 1 (1) is invalid
L 06/07/2017 - 07:37:38: [SM] Blaming: autodifficultypatch.smx
L 06/07/2017 - 07:37:38: [SM] Call stack trace:
L 06/07/2017 - 07:37:38: [SM]   [0] GetEntPropString
L 06/07/2017 - 07:37:38: [SM]   [1] Line 1488, C:\Users\Ethorbit\Desktop\sourcemodbackup\sourcemod\addons\sourcemod\scripting\autodifficultypatch.sp::FindEntityByTargetName
L 06/07/2017 - 07:37:38: [SM]   [2] Line 736, C:\Users\Ethorbit\Desktop\sourcemodbackup\sourcemod\addons\sourcemod\scripting\autodifficultypatch.sp::UpdateHeadcrab
L 06/07/2017 - 07:37:38: [SM]   [3] Line 26, C:\Users\Ethorbit\Desktop\sourcemodbackup\sourcemod\addons\sourcemod\scripting\autodifficultypatch.sp::OnClientDisconnect_Post
L 06/07/2017 - 07:37:39: Error log file session closed.
L 06/07/2017 - 07:37:39: SourceMod error session started
L 06/07/2017 - 07:37:39: Info (map "dm_thetunnel_v1_m") (file "errors_20170607.log")
L 06/07/2017 - 07:37:39: [SM] Fatal error encountered parsing translation file "savescores.phrases.txt"
L 06/07/2017 - 07:37:39: [SM] Error (line 0, column 0): Stream failed to open
L 06/07/2017 - 07:40:53: Error log file session closed.
L 06/07/2017 - 07:40:53: SourceMod error session started
L 06/07/2017 - 07:40:53: Info (map "pb_z_industry_m") (file "errors_20170607.log")
L 06/07/2017 - 07:40:53: [SM] Fatal error encountered parsing translation file "savescores.phrases.txt"
L 06/07/2017 - 07:40:53: [SM] Error (line 0, column 0): Stream failed to open
L 06/07/2017 - 07:44:03: [SM] Exception reported: Entity 1 (1) is invalid
L 06/07/2017 - 07:44:03: [SM] Blaming: autodifficultypatch.smx
L 06/07/2017 - 07:44:03: [SM] Call stack trace:
L 06/07/2017 - 07:44:03: [SM]   [0] GetEntPropString
L 06/07/2017 - 07:44:03: [SM]   [1] Line 1488, C:\Users\Ethorbit\Desktop\sourcemodbackup\sourcemod\addons\sourcemod\scripting\autodifficultypatch.sp::FindEntityByTargetName
L 06/07/2017 - 07:44:03: [SM]   [2] Line 811, C:\Users\Ethorbit\Desktop\sourcemodbackup\sourcemod\addons\sourcemod\scripting\autodifficultypatch.sp::UpdateHeadcrab
L 06/07/2017 - 07:44:03: [SM]   [3] Line 26, C:\Users\Ethorbit\Desktop\sourcemodbackup\sourcemod\addons\sourcemod\scripting\autodifficultypatch.sp::OnClientDisconnect_Post
L 06/07/2017 - 07:44:04: Error log file session closed.
L 06/07/2017 - 07:44:04: SourceMod error session started
L 06/07/2017 - 07:44:04: Info (map "pb_z_underground_m") (file "errors_20170607.log")
L 06/07/2017 - 07:44:04: [SM] Fatal error encountered parsing translation file "savescores.phrases.txt"
L 06/07/2017 - 07:44:04: [SM] Error (line 0, column 0): Stream failed to open
L 06/07/2017 - 07:44:56: [SM] Exception reported: Entity 1 (1) is invalid
L 06/07/2017 - 07:44:56: [SM] Blaming: autodifficultypatch.smx
L 06/07/2017 - 07:44:56: [SM] Call stack trace:
L 06/07/2017 - 07:44:56: [SM]   [0] GetEntPropString
L 06/07/2017 - 07:44:56: [SM]   [1] Line 1488, C:\Users\Ethorbit\Desktop\sourcemodbackup\sourcemod\addons\sourcemod\scripting\autodifficultypatch.sp::FindEntityByTargetName
L 06/07/2017 - 07:44:56: [SM]   [2] Line 586, C:\Users\Ethorbit\Desktop\sourcemodbackup\sourcemod\addons\sourcemod\scripting\autodifficultypatch.sp::UpdateHeadcrab
L 06/07/2017 - 07:44:56: [SM]   [3] Line 26, C:\Users\Ethorbit\Desktop\sourcemodbackup\sourcemod\addons\sourcemod\scripting\autodifficultypatch.sp::OnClientDisconnect_Post
L 06/07/2017 - 07:44:57: Error log file session closed.
L 06/07/2017 - 07:44:57: SourceMod error session started
L 06/07/2017 - 07:44:57: Info (map "pb_z_earthquake_m") (file "errors_20170607.log")
L 06/07/2017 - 07:44:57: [SM] Fatal error encountered parsing translation file "savescores.phrases.txt"
L 06/07/2017 - 07:44:57: [SM] Error (line 0, column 0): Stream failed to open
L 06/07/2017 - 07:45:52: [SM] Exception reported: Entity 1 (1) is invalid
L 06/07/2017 - 07:45:52: [SM] Blaming: autodifficultypatch.smx
L 06/07/2017 - 07:45:52: [SM] Call stack trace:
L 06/07/2017 - 07:45:52: [SM]   [0] GetEntPropString
L 06/07/2017 - 07:45:52: [SM]   [1] Line 1488, C:\Users\Ethorbit\Desktop\sourcemodbackup\sourcemod\addons\sourcemod\scripting\autodifficultypatch.sp::FindEntityByTargetName
L 06/07/2017 - 07:45:52: [SM]   [2] Line 886, C:\Users\Ethorbit\Desktop\sourcemodbackup\sourcemod\addons\sourcemod\scripting\autodifficultypatch.sp::UpdateHeadcrab
L 06/07/2017 - 07:45:52: [SM]   [3] Line 26, C:\Users\Ethorbit\Desktop\sourcemodbackup\sourcemod\addons\sourcemod\scripting\autodifficultypatch.sp::OnClientDisconnect_Post
L 06/07/2017 - 07:45:53: Error log file session closed.
L 06/07/2017 - 07:45:53: SourceMod error session started
L 06/07/2017 - 07:45:53: Info (map "dm_october_m") (file "errors_20170607.log")
L 06/07/2017 - 07:45:53: [SM] Fatal error encountered parsing translation file "savescores.phrases.txt"
L 06/07/2017 - 07:45:53: [SM] Error (line 0, column 0): Stream failed to open
L 06/07/2017 - 08:46:04: Error log file session closed.
L 06/07/2017 - 08:46:04: SourceMod error session started
L 06/07/2017 - 08:46:04: Info (map "dm_hellsdistrict_m") (file "errors_20170607.log")
L 06/07/2017 - 08:46:04: [SM] Fatal error encountered parsing translation file "savescores.phrases.txt"
L 06/07/2017 - 08:46:04: [SM] Error (line 0, column 0): Stream failed to open
L 06/07/2017 - 09:08:49: Error log file session closed.
L 06/07/2017 - 09:08:49: SourceMod error session started
L 06/07/2017 - 09:08:49: Info (map "pb_z_disorder_m") (file "errors_20170607.log")
L 06/07/2017 - 09:08:49: [SM] Fatal error encountered parsing translation file "savescores.phrases.txt"
L 06/07/2017 - 09:08:49: [SM] Error (line 0, column 0): Stream failed to open
L 06/07/2017 - 09:21:27: [SM] Exception reported: Entity 1 (1) is invalid
L 06/07/2017 - 09:21:27: [SM] Blaming: autodifficultypatch.smx
L 06/07/2017 - 09:21:27: [SM] Call stack trace:
L 06/07/2017 - 09:21:27: [SM]   [0] GetEntPropString
L 06/07/2017 - 09:21:27: [SM]   [1] Line 1488, C:\Users\Ethorbit\Desktop\sourcemodbackup\sourcemod\addons\sourcemod\scripting\autodifficultypatch.sp::FindEntityByTargetName
L 06/07/2017 - 09:21:27: [SM]   [2] Line 519, C:\Users\Ethorbit\Desktop\sourcemodbackup\sourcemod\addons\sourcemod\scripting\autodifficultypatch.sp::UpdateHeadcrab
L 06/07/2017 - 09:21:27: [SM]   [3] Line 26, C:\Users\Ethorbit\Desktop\sourcemodbackup\sourcemod\addons\sourcemod\scripting\autodifficultypatch.sp::OnClientDisconnect_Post
L 06/07/2017 - 09:23:46: [SM] Exception reported: Entity 2 (2) is invalid
L 06/07/2017 - 09:23:46: [SM] Blaming: autodifficultypatch.smx
L 06/07/2017 - 09:23:46: [SM] Call stack trace:
L 06/07/2017 - 09:23:46: [SM]   [0] GetEntPropString
L 06/07/2017 - 09:23:46: [SM]   [1] Line 1488, C:\Users\Ethorbit\Desktop\sourcemodbackup\sourcemod\addons\sourcemod\scripting\autodifficultypatch.sp::FindEntityByTargetName
L 06/07/2017 - 09:23:46: [SM]   [2] Line 511, C:\Users\Ethorbit\Desktop\sourcemodbackup\sourcemod\addons\sourcemod\scripting\autodifficultypatch.sp::UpdateHeadcrab
L 06/07/2017 - 09:23:46: [SM]   [3] Line 26, C:\Users\Ethorbit\Desktop\sourcemodbackup\sourcemod\addons\sourcemod\scripting\autodifficultypatch.sp::OnClientDisconnect_Post
L 06/07/2017 - 10:05:45: [SM] Exception reported: Entity 1 (1) is invalid
L 06/07/2017 - 10:05:45: [SM] Blaming: autodifficultypatch.smx
L 06/07/2017 - 10:05:45: [SM] Call stack trace:
L 06/07/2017 - 10:05:45: [SM]   [0] GetEntPropString
L 06/07/2017 - 10:05:45: [SM]   [1] Line 1488, C:\Users\Ethorbit\Desktop\sourcemodbackup\sourcemod\addons\sourcemod\scripting\autodifficultypatch.sp::FindEntityByTargetName
L 06/07/2017 - 10:05:45: [SM]   [2] Line 511, C:\Users\Ethorbit\Desktop\sourcemodbackup\sourcemod\addons\sourcemod\scripting\autodifficultypatch.sp::UpdateHeadcrab
L 06/07/2017 - 10:05:45: [SM]   [3] Line 26, C:\Users\Ethorbit\Desktop\sourcemodbackup\sourcemod\addons\sourcemod\scripting\autodifficultypatch.sp::OnClientDisconnect_Post
L 06/07/2017 - 10:05:47: Error log file session closed.
L 06/07/2017 - 10:05:47: SourceMod error session started
L 06/07/2017 - 10:05:47: Info (map "pb_z_area51_m") (file "errors_20170607.log")
L 06/07/2017 - 10:05:47: [SM] Fatal error encountered parsing translation file "savescores.phrases.txt"
L 06/07/2017 - 10:05:47: [SM] Error (line 0, column 0): Stream failed to open
L 06/07/2017 - 10:19:12: [SM] Exception reported: Entity 1 (1) is invalid
L 06/07/2017 - 10:19:12: [SM] Blaming: autodifficultypatch.smx
L 06/07/2017 - 10:19:12: [SM] Call stack trace:
L 06/07/2017 - 10:19:12: [SM]   [0] GetEntPropString
L 06/07/2017 - 10:19:12: [SM]   [1] Line 1488, C:\Users\Ethorbit\Desktop\sourcemodbackup\sourcemod\addons\sourcemod\scripting\autodifficultypatch.sp::FindEntityByTargetName
L 06/07/2017 - 10:19:12: [SM]   [2] Line 1346, C:\Users\Ethorbit\Desktop\sourcemodbackup\sourcemod\addons\sourcemod\scripting\autodifficultypatch.sp::UpdateHeadcrab
L 06/07/2017 - 10:19:12: [SM]   [3] Line 26, C:\Users\Ethorbit\Desktop\sourcemodbackup\sourcemod\addons\sourcemod\scripting\autodifficultypatch.sp::OnClientDisconnect_Post
L 06/07/2017 - 10:19:12: [SM] Exception reported: Entity 2 (2) is invalid
L 06/07/2017 - 10:19:12: [SM] Blaming: autodifficultypatch.smx
L 06/07/2017 - 10:19:12: [SM] Call stack trace:
L 06/07/2017 - 10:19:12: [SM]   [0] GetEntPropString
L 06/07/2017 - 10:19:12: [SM]   [1] Line 1488, C:\Users\Ethorbit\Desktop\sourcemodbackup\sourcemod\addons\sourcemod\scripting\autodifficultypatch.sp::FindEntityByTargetName
L 06/07/2017 - 10:19:12: [SM]   [2] Line 1338, C:\Users\Ethorbit\Desktop\sourcemodbackup\sourcemod\addons\sourcemod\scripting\autodifficultypatch.sp::UpdateHeadcrab
L 06/07/2017 - 10:19:12: [SM]   [3] Line 26, C:\Users\Ethorbit\Desktop\sourcemodbackup\sourcemod\addons\sourcemod\scripting\autodifficultypatch.sp::OnClientDisconnect_Post
L 06/07/2017 - 10:19:12: Error log file session closed.
L 06/07/2017 - 10:19:12: SourceMod error session started
L 06/07/2017 - 10:19:12: Info (map "pb_z_industry_m") (file "errors_20170607.log")
L 06/07/2017 - 10:19:12: [SM] Fatal error encountered parsing translation file "savescores.phrases.txt"
L 06/07/2017 - 10:19:12: [SM] Error (line 0, column 0): Stream failed to open
L 06/07/2017 - 10:24:30: [SM] Exception reported: Entity 1 (1) is invalid
L 06/07/2017 - 10:24:30: [SM] Blaming: autodifficultypatch.smx
L 06/07/2017 - 10:24:30: [SM] Call stack trace:
L 06/07/2017 - 10:24:30: [SM]   [0] GetEntPropString
L 06/07/2017 - 10:24:30: [SM]   [1] Line 1488, C:\Users\Ethorbit\Desktop\sourcemodbackup\sourcemod\addons\sourcemod\scripting\autodifficultypatch.sp::FindEntityByTargetName
L 06/07/2017 - 10:24:30: [SM]   [2] Line 819, C:\Users\Ethorbit\Desktop\sourcemodbackup\sourcemod\addons\sourcemod\scripting\autodifficultypatch.sp::UpdateHeadcrab
L 06/07/2017 - 10:24:30: [SM]   [3] Line 26, C:\Users\Ethorbit\Desktop\sourcemodbackup\sourcemod\addons\sourcemod\scripting\autodifficultypatch.sp::OnClientDisconnect_Post
L 06/07/2017 - 10:24:39: [SM] Exception reported: Entity 2 (2) is invalid
L 06/07/2017 - 10:24:39: [SM] Blaming: autodifficultypatch.smx
L 06/07/2017 - 10:24:39: [SM] Call stack trace:
L 06/07/2017 - 10:24:39: [SM]   [0] GetEntPropString
L 06/07/2017 - 10:24:39: [SM]   [1] Line 1488, C:\Users\Ethorbit\Desktop\sourcemodbackup\sourcemod\addons\sourcemod\scripting\autodifficultypatch.sp::FindEntityByTargetName
L 06/07/2017 - 10:24:39: [SM]   [2] Line 811, C:\Users\Ethorbit\Desktop\sourcemodbackup\sourcemod\addons\sourcemod\scripting\autodifficultypatch.sp::UpdateHeadcrab
L 06/07/2017 - 10:24:39: [SM]   [3] Line 26, C:\Users\Ethorbit\Desktop\sourcemodbackup\sourcemod\addons\sourcemod\scripting\autodifficultypatch.sp::OnClientDisconnect_Post
L 06/07/2017 - 10:40:18: [SM] Exception reported: Entity 1 (1) is invalid
L 06/07/2017 - 10:40:18: [SM] Blaming: autodifficultypatch.smx
L 06/07/2017 - 10:40:18: [SM] Call stack trace:
L 06/07/2017 - 10:40:18: [SM]   [0] GetEntPropString
L 06/07/2017 - 10:40:18: [SM]   [1] Line 1488, C:\Users\Ethorbit\Desktop\sourcemodbackup\sourcemod\addons\sourcemod\scripting\autodifficultypatch.sp::FindEntityByTargetName
L 06/07/2017 - 10:40:18: [SM]   [2] Line 811, C:\Users\Ethorbit\Desktop\sourcemodbackup\sourcemod\addons\sourcemod\scripting\autodifficultypatch.sp::UpdateHeadcrab
L 06/07/2017 - 10:40:18: [SM]   [3] Line 26, C:\Users\Ethorbit\Desktop\sourcemodbackup\sourcemod\addons\sourcemod\scripting\autodifficultypatch.sp::OnClientDisconnect_Post
L 06/07/2017 - 11:19:24: Error log file session closed.
L 06/07/2017 - 11:19:24: SourceMod error session started
L 06/07/2017 - 11:19:24: Info (map "dm_cave_m") (file "errors_20170607.log")
L 06/07/2017 - 11:19:24: [SM] Fatal error encountered parsing translation file "savescores.phrases.txt"
L 06/07/2017 - 11:19:24: [SM] Error (line 0, column 0): Stream failed to open
L 06/07/2017 - 12:17:16: [SM] Exception reported: Entity 1 (1) is invalid
L 06/07/2017 - 12:17:16: [SM] Blaming: autodifficultypatch.smx
L 06/07/2017 - 12:17:16: [SM] Call stack trace:
L 06/07/2017 - 12:17:16: [SM]   [0] GetEntPropString
L 06/07/2017 - 12:17:16: [SM]   [1] Line 1488, C:\Users\Ethorbit\Desktop\sourcemodbackup\sourcemod\addons\sourcemod\scripting\autodifficultypatch.sp::FindEntityByTargetName
L 06/07/2017 - 12:17:16: [SM]   [2] Line 661, C:\Users\Ethorbit\Desktop\sourcemodbackup\sourcemod\addons\sourcemod\scripting\autodifficultypatch.sp::UpdateHeadcrab
L 06/07/2017 - 12:17:16: [SM]   [3] Line 26, C:\Users\Ethorbit\Desktop\sourcemodbackup\sourcemod\addons\sourcemod\scripting\autodifficultypatch.sp::OnClientDisconnect_Post
L 06/07/2017 - 12:17:18: Error log file session closed.
L 06/07/2017 - 12:17:18: SourceMod error session started
L 06/07/2017 - 12:17:18: Info (map "dm_laststop_m") (file "errors_20170607.log")
L 06/07/2017 - 12:17:18: [SM] Fatal error encountered parsing translation file "savescores.phrases.txt"
L 06/07/2017 - 12:17:18: [SM] Error (line 0, column 0): Stream failed to open
L 06/07/2017 - 12:18:54: [SM] Exception reported: Entity 1 (1) is invalid
L 06/07/2017 - 12:18:54: [SM] Blaming: autodifficultypatch.smx
L 06/07/2017 - 12:18:54: [SM] Call stack trace:
L 06/07/2017 - 12:18:54: [SM]   [0] GetEntPropString
L 06/07/2017 - 12:18:54: [SM]   [1] Line 1488, C:\Users\Ethorbit\Desktop\sourcemodbackup\sourcemod\addons\sourcemod\scripting\autodifficultypatch.sp::FindEntityByTargetName
L 06/07/2017 - 12:18:54: [SM]   [2] Line 961, C:\Users\Ethorbit\Desktop\sourcemodbackup\sourcemod\addons\sourcemod\scripting\autodifficultypatch.sp::UpdateHeadcrab
L 06/07/2017 - 12:18:54: [SM]   [3] Line 26, C:\Users\Ethorbit\Desktop\sourcemodbackup\sourcemod\addons\sourcemod\scripting\autodifficultypatch.sp::OnClientDisconnect_Post
L 06/07/2017 - 12:18:57: Error log file session closed.
L 06/07/2017 - 12:18:57: SourceMod error session started
L 06/07/2017 - 12:18:57: Info (map "dm_montana_m") (file "errors_20170607.log")
L 06/07/2017 - 12:18:57: [SM] Fatal error encountered parsing translation file "savescores.phrases.txt"
L 06/07/2017 - 12:18:57: [SM] Error (line 0, column 0): Stream failed to open
L 06/07/2017 - 12:20:18: Error log file session closed.
L 06/07/2017 - 12:20:18: SourceMod error session started
L 06/07/2017 - 12:20:18: Info (map "dm_october_m") (file "errors_20170607.log")
L 06/07/2017 - 12:20:18: [SM] Fatal error encountered parsing translation file "savescores.phrases.txt"
L 06/07/2017 - 12:20:18: [SM] Error (line 0, column 0): Stream failed to open
L 06/07/2017 - 13:20:29: Error log file session closed.
L 06/07/2017 - 13:20:29: SourceMod error session started
L 06/07/2017 - 13:20:29: Info (map "pb_z_office_tower_m") (file "errors_20170607.log")
L 06/07/2017 - 13:20:29: [SM] Fatal error encountered parsing translation file "savescores.phrases.txt"
L 06/07/2017 - 13:20:29: [SM] Error (line 0, column 0): Stream failed to open
L 06/07/2017 - 13:29:31: Error log file session closed.
L 06/07/2017 - 13:29:31: SourceMod error session started
L 06/07/2017 - 13:29:31: Info (map "dm_snowfall_m") (file "errors_20170607.log")
L 06/07/2017 - 13:29:31: [SM] Fatal error encountered parsing translation file "savescores.phrases.txt"
L 06/07/2017 - 13:29:31: [SM] Error (line 0, column 0): Stream failed to open
L 06/07/2017 - 14:17:48: Error log file session closed.
L 06/07/2017 - 14:17:48: SourceMod error session started
L 06/07/2017 - 14:17:48: Info (map "dm_central_station_v1_m") (file "errors_20170607.log")
L 06/07/2017 - 14:17:48: [SM] Fatal error encountered parsing translation file "savescores.phrases.txt"
L 06/07/2017 - 14:17:48: [SM] Error (line 0, column 0): Stream failed to open
L 06/07/2017 - 14:20:05: [SM] Fatal error encountered parsing translation file "customvotes.phrases.txt"
L 06/07/2017 - 14:20:05: [SM] Error (line 0, column 0): Stream failed to open
L 06/07/2017 - 15:17:58: Error log file session closed.
L 06/07/2017 - 15:17:58: SourceMod error session started
L 06/07/2017 - 15:17:58: Info (map "pb_z_disorder_m") (file "errors_20170607.log")
L 06/07/2017 - 15:17:58: [SM] Fatal error encountered parsing translation file "savescores.phrases.txt"
L 06/07/2017 - 15:17:58: [SM] Error (line 0, column 0): Stream failed to open
L 06/07/2017 - 15:17:58: [SM] Fatal error encountered parsing translation file "customvotes.phrases.txt"
L 06/07/2017 - 15:17:58: [SM] Error (line 0, column 0): Stream failed to open
L 06/07/2017 - 16:18:07: Error log file session closed.
L 06/07/2017 - 16:18:07: SourceMod error session started
L 06/07/2017 - 16:18:07: Info (map "pb_z_industry_m") (file "errors_20170607.log")
L 06/07/2017 - 16:18:07: [SM] Fatal error encountered parsing translation file "savescores.phrases.txt"
L 06/07/2017 - 16:18:07: [SM] Error (line 0, column 0): Stream failed to open
L 06/07/2017 - 16:18:07: [SM] Fatal error encountered parsing translation file "customvotes.phrases.txt"
L 06/07/2017 - 16:18:07: [SM] Error (line 0, column 0): Stream failed to open
L 06/07/2017 - 16:22:28: [SM] Exception reported: Entity 2 (2) is invalid
L 06/07/2017 - 16:22:28: [SM] Blaming: autodifficultypatch.smx
L 06/07/2017 - 16:22:28: [SM] Call stack trace:
L 06/07/2017 - 16:22:28: [SM]   [0] GetEntPropString
L 06/07/2017 - 16:22:28: [SM]   [1] Line 1488, C:\Users\Ethorbit\Desktop\sourcemodbackup\sourcemod\addons\sourcemod\scripting\autodifficultypatch.sp::FindEntityByTargetName
L 06/07/2017 - 16:22:28: [SM]   [2] Line 819, C:\Users\Ethorbit\Desktop\sourcemodbackup\sourcemod\addons\sourcemod\scripting\autodifficultypatch.sp::UpdateHeadcrab
L 06/07/2017 - 16:22:28: [SM]   [3] Line 26, C:\Users\Ethorbit\Desktop\sourcemodbackup\sourcemod\addons\sourcemod\scripting\autodifficultypatch.sp::OnClientDisconnect_Post
L 06/07/2017 - 16:22:41: [SM] Exception reported: Entity 1 (1) is invalid
L 06/07/2017 - 16:22:41: [SM] Blaming: autodifficultypatch.smx
L 06/07/2017 - 16:22:41: [SM] Call stack trace:
L 06/07/2017 - 16:22:41: [SM]   [0] GetEntPropString
L 06/07/2017 - 16:22:41: [SM]   [1] Line 1488, C:\Users\Ethorbit\Desktop\sourcemodbackup\sourcemod\addons\sourcemod\scripting\autodifficultypatch.sp::FindEntityByTargetName
L 06/07/2017 - 16:22:41: [SM]   [2] Line 811, C:\Users\Ethorbit\Desktop\sourcemodbackup\sourcemod\addons\sourcemod\scripting\autodifficultypatch.sp::UpdateHeadcrab
L 06/07/2017 - 16:22:41: [SM]   [3] Line 26, C:\Users\Ethorbit\Desktop\sourcemodbackup\sourcemod\addons\sourcemod\scripting\autodifficultypatch.sp::OnClientDisconnect_Post
L 06/07/2017 - 17:06:08: [SM] Exception reported: Entity 1 (1) is invalid
L 06/07/2017 - 17:06:08: [SM] Blaming: autodifficultypatch.smx
L 06/07/2017 - 17:06:08: [SM] Call stack trace:
L 06/07/2017 - 17:06:08: [SM]   [0] GetEntPropString
L 06/07/2017 - 17:06:08: [SM]   [1] Line 1488, C:\Users\Ethorbit\Desktop\sourcemodbackup\sourcemod\addons\sourcemod\scripting\autodifficultypatch.sp::FindEntityByTargetName
L 06/07/2017 - 17:06:08: [SM]   [2] Line 811, C:\Users\Ethorbit\Desktop\sourcemodbackup\sourcemod\addons\sourcemod\scripting\autodifficultypatch.sp::UpdateHeadcrab
L 06/07/2017 - 17:06:08: [SM]   [3] Line 26, C:\Users\Ethorbit\Desktop\sourcemodbackup\sourcemod\addons\sourcemod\scripting\autodifficultypatch.sp::OnClientDisconnect_Post
L 06/07/2017 - 17:06:09: Error log file session closed.
L 06/07/2017 - 17:06:09: SourceMod error session started
L 06/07/2017 - 17:06:09: Info (map "pb_z_high_school_m") (file "errors_20170607.log")
L 06/07/2017 - 17:06:09: [SM] Fatal error encountered parsing translation file "savescores.phrases.txt"
L 06/07/2017 - 17:06:09: [SM] Error (line 0, column 0): Stream failed to open
L 06/07/2017 - 17:06:09: [SM] Fatal error encountered parsing translation file "customvotes.phrases.txt"
L 06/07/2017 - 17:06:09: [SM] Error (line 0, column 0): Stream failed to open
L 06/07/2017 - 17:12:34: [SM] Exception reported: Entity 1 (1) is invalid
L 06/07/2017 - 17:12:34: [SM] Blaming: autodifficultypatch.smx
L 06/07/2017 - 17:12:34: [SM] Call stack trace:
L 06/07/2017 - 17:12:34: [SM]   [0] GetEntPropString
L 06/07/2017 - 17:12:34: [SM]   [1] Line 1488, C:\Users\Ethorbit\Desktop\sourcemodbackup\sourcemod\addons\sourcemod\scripting\autodifficultypatch.sp::FindEntityByTargetName
L 06/07/2017 - 17:12:34: [SM]   [2] Line 1270, C:\Users\Ethorbit\Desktop\sourcemodbackup\sourcemod\addons\sourcemod\scripting\autodifficultypatch.sp::UpdateHeadcrab
L 06/07/2017 - 17:12:34: [SM]   [3] Line 26, C:\Users\Ethorbit\Desktop\sourcemodbackup\sourcemod\addons\sourcemod\scripting\autodifficultypatch.sp::OnClientDisconnect_Post
L 06/07/2017 - 17:12:34: [SM] Exception reported: Entity 2 (2) is invalid
L 06/07/2017 - 17:12:34: [SM] Blaming: autodifficultypatch.smx
L 06/07/2017 - 17:12:34: [SM] Call stack trace:
L 06/07/2017 - 17:12:34: [SM]   [0] GetEntPropString
L 06/07/2017 - 17:12:34: [SM]   [1] Line 1488, C:\Users\Ethorbit\Desktop\sourcemodbackup\sourcemod\addons\sourcemod\scripting\autodifficultypatch.sp::FindEntityByTargetName
L 06/07/2017 - 17:12:34: [SM]   [2] Line 1262, C:\Users\Ethorbit\Desktop\sourcemodbackup\sourcemod\addons\sourcemod\scripting\autodifficultypatch.sp::UpdateHeadcrab
L 06/07/2017 - 17:12:34: [SM]   [3] Line 26, C:\Users\Ethorbit\Desktop\sourcemodbackup\sourcemod\addons\sourcemod\scripting\autodifficultypatch.sp::OnClientDisconnect_Post
L 06/07/2017 - 17:12:34: Error log file session closed.
L 06/07/2017 - 17:12:34: SourceMod error session started
L 06/07/2017 - 17:12:34: Info (map "pb_z_underground_m") (file "errors_20170607.log")
L 06/07/2017 - 17:12:34: [SM] Fatal error encountered parsing translation file "savescores.phrases.txt"
L 06/07/2017 - 17:12:34: [SM] Error (line 0, column 0): Stream failed to open
L 06/07/2017 - 17:12:34: [SM] Fatal error encountered parsing translation file "customvotes.phrases.txt"
L 06/07/2017 - 17:12:34: [SM] Error (line 0, column 0): Stream failed to open
L 06/07/2017 - 17:13:20: [SM] Exception reported: Entity 1 (1) is invalid
L 06/07/2017 - 17:13:20: [SM] Blaming: autodifficultypatch.smx
L 06/07/2017 - 17:13:20: [SM] Call stack trace:
L 06/07/2017 - 17:13:20: [SM]   [0] GetEntPropString
L 06/07/2017 - 17:13:20: [SM]   [1] Line 1488, C:\Users\Ethorbit\Desktop\sourcemodbackup\sourcemod\addons\sourcemod\scripting\autodifficultypatch.sp::FindEntityByTargetName
L 06/07/2017 - 17:13:20: [SM]   [2] Line 594, C:\Users\Ethorbit\Desktop\sourcemodbackup\sourcemod\addons\sourcemod\scripting\autodifficultypatch.sp::UpdateHeadcrab
L 06/07/2017 - 17:13:20: [SM]   [3] Line 26, C:\Users\Ethorbit\Desktop\sourcemodbackup\sourcemod\addons\sourcemod\scripting\autodifficultypatch.sp::OnClientDisconnect_Post
L 06/07/2017 - 17:14:37: [SM] Exception reported: Entity 2 (2) is invalid
L 06/07/2017 - 17:14:37: [SM] Blaming: autodifficultypatch.smx
L 06/07/2017 - 17:14:37: [SM] Call stack trace:
L 06/07/2017 - 17:14:37: [SM]   [0] GetEntPropString
L 06/07/2017 - 17:14:37: [SM]   [1] Line 1488, C:\Users\Ethorbit\Desktop\sourcemodbackup\sourcemod\addons\sourcemod\scripting\autodifficultypatch.sp::FindEntityByTargetName
L 06/07/2017 - 17:14:37: [SM]   [2] Line 586, C:\Users\Ethorbit\Desktop\sourcemodbackup\sourcemod\addons\sourcemod\scripting\autodifficultypatch.sp::UpdateHeadcrab
L 06/07/2017 - 17:14:37: [SM]   [3] Line 26, C:\Users\Ethorbit\Desktop\sourcemodbackup\sourcemod\addons\sourcemod\scripting\autodifficultypatch.sp::OnClientDisconnect_Post
L 06/07/2017 - 17:20:38: [SM] Exception reported: Entity 1 (1) is invalid
L 06/07/2017 - 17:20:38: [SM] Blaming: autodifficultypatch.smx
L 06/07/2017 - 17:20:38: [SM] Call stack trace:
L 06/07/2017 - 17:20:38: [SM]   [0] GetEntPropString
L 06/07/2017 - 17:20:38: [SM]   [1] Line 1488, C:\Users\Ethorbit\Desktop\sourcemodbackup\sourcemod\addons\sourcemod\scripting\autodifficultypatch.sp::FindEntityByTargetName
L 06/07/2017 - 17:20:38: [SM]   [2] Line 586, C:\Users\Ethorbit\Desktop\sourcemodbackup\sourcemod\addons\sourcemod\scripting\autodifficultypatch.sp::UpdateHeadcrab
L 06/07/2017 - 17:20:38: [SM]   [3] Line 26, C:\Users\Ethorbit\Desktop\sourcemodbackup\sourcemod\addons\sourcemod\scripting\autodifficultypatch.sp::OnClientDisconnect_Post
L 06/07/2017 - 17:20:38: Error log file session closed.
L 06/07/2017 - 17:20:38: SourceMod error session started
L 06/07/2017 - 17:20:38: Info (map "dm_october_m") (file "errors_20170607.log")
L 06/07/2017 - 17:20:38: [SM] Fatal error encountered parsing translation file "savescores.phrases.txt"
L 06/07/2017 - 17:20:38: [SM] Error (line 0, column 0): Stream failed to open
L 06/07/2017 - 17:20:38: [SM] Fatal error encountered parsing translation file "customvotes.phrases.txt"
L 06/07/2017 - 17:20:38: [SM] Error (line 0, column 0): Stream failed to open
L 06/07/2017 - 18:20:48: Error log file session closed.
L 06/07/2017 - 18:20:48: SourceMod error session started
L 06/07/2017 - 18:20:48: Info (map "pb_z_area51_m") (file "errors_20170607.log")
L 06/07/2017 - 18:20:48: [SM] Fatal error encountered parsing translation file "savescores.phrases.txt"
L 06/07/2017 - 18:20:48: [SM] Error (line 0, column 0): Stream failed to open
L 06/07/2017 - 18:20:48: [SM] Fatal error encountered parsing translation file "customvotes.phrases.txt"
L 06/07/2017 - 18:20:48: [SM] Error (line 0, column 0): Stream failed to open
L 06/07/2017 - 19:20:58: Error log file session closed.
L 06/07/2017 - 19:20:58: SourceMod error session started
L 06/07/2017 - 19:20:58: Info (map "dm_thetunnel_v1_m") (file "errors_20170607.log")
L 06/07/2017 - 19:20:58: [SM] Fatal error encountered parsing translation file "savescores.phrases.txt"
L 06/07/2017 - 19:20:58: [SM] Error (line 0, column 0): Stream failed to open
L 06/07/2017 - 19:20:58: [SM] Fatal error encountered parsing translation file "customvotes.phrases.txt"
L 06/07/2017 - 19:20:58: [SM] Error (line 0, column 0): Stream failed to open
L 06/07/2017 - 20:02:24: Error log file session closed.
L 06/07/2017 - 20:02:24: SourceMod error session started
L 06/07/2017 - 20:02:24: Info (map "pb_z_earthquake_m") (file "errors_20170607.log")
L 06/07/2017 - 20:02:24: [SM] Fatal error encountered parsing translation file "savescores.phrases.txt"
L 06/07/2017 - 20:02:24: [SM] Error (line 0, column 0): Stream failed to open
L 06/07/2017 - 20:02:24: [SM] Fatal error encountered parsing translation file "customvotes.phrases.txt"
L 06/07/2017 - 20:02:24: [SM] Error (line 0, column 0): Stream failed to open
L 06/07/2017 - 20:09:35: [SM] Exception reported: Entity 1 (1) is invalid
L 06/07/2017 - 20:09:35: [SM] Blaming: autodifficultypatch.smx
L 06/07/2017 - 20:09:35: [SM] Call stack trace:
L 06/07/2017 - 20:09:35: [SM]   [0] GetEntPropString
L 06/07/2017 - 20:09:35: [SM]   [1] Line 1488, C:\Users\Ethorbit\Desktop\sourcemodbackup\sourcemod\addons\sourcemod\scripting\autodifficultypatch.sp::FindEntityByTargetName
L 06/07/2017 - 20:09:35: [SM]   [2] Line 886, C:\Users\Ethorbit\Desktop\sourcemodbackup\sourcemod\addons\sourcemod\scripting\autodifficultypatch.sp::UpdateHeadcrab
L 06/07/2017 - 20:09:35: [SM]   [3] Line 26, C:\Users\Ethorbit\Desktop\sourcemodbackup\sourcemod\addons\sourcemod\scripting\autodifficultypatch.sp::OnClientDisconnect_Post
L 06/07/2017 - 20:09:36: Error log file session closed.
L 06/07/2017 - 20:09:36: SourceMod error session started
L 06/07/2017 - 20:09:36: Info (map "dm_montana_m") (file "errors_20170607.log")
L 06/07/2017 - 20:09:36: [SM] Fatal error encountered parsing translation file "savescores.phrases.txt"
L 06/07/2017 - 20:09:36: [SM] Error (line 0, column 0): Stream failed to open
L 06/07/2017 - 20:09:36: [SM] Fatal error encountered parsing translation file "customvotes.phrases.txt"
L 06/07/2017 - 20:09:36: [SM] Error (line 0, column 0): Stream failed to open
L 06/07/2017 - 20:19:29: Error log file session closed.
L 06/07/2017 - 20:19:29: SourceMod error session started
L 06/07/2017 - 20:19:29: Info (map "pb_z_office_tower_v2_m") (file "errors_20170607.log")
L 06/07/2017 - 20:19:29: [SM] Fatal error encountered parsing translation file "savescores.phrases.txt"
L 06/07/2017 - 20:19:29: [SM] Error (line 0, column 0): Stream failed to open
L 06/07/2017 - 20:19:29: [SM] Fatal error encountered parsing translation file "customvotes.phrases.txt"
L 06/07/2017 - 20:19:29: [SM] Error (line 0, column 0): Stream failed to open
L 06/07/2017 - 20:22:59: Error log file session closed.
L 06/07/2017 - 20:22:59: SourceMod error session started
L 06/07/2017 - 20:22:59: Info (map "pb_z_underground_m") (file "errors_20170607.log")
L 06/07/2017 - 20:22:59: [SM] Fatal error encountered parsing translation file "savescores.phrases.txt"
L 06/07/2017 - 20:22:59: [SM] Error (line 0, column 0): Stream failed to open
L 06/07/2017 - 20:22:59: [SM] Fatal error encountered parsing translation file "customvotes.phrases.txt"
L 06/07/2017 - 20:22:59: [SM] Error (line 0, column 0): Stream failed to open
L 06/07/2017 - 21:21:53: SourceMod error session started
L 06/07/2017 - 21:21:53: Info (map "pb_z_high_school_m") (file "errors_20170607.log")
L 06/07/2017 - 21:21:53: [SDKTOOLS] Invalid detour address passed - Disabling detour to prevent crashes
L 06/07/2017 - 21:21:54: [SM] Unable to load extension "soundlib.ext": error code 0000007e
L 06/07/2017 - 21:21:54: [SM] Unable to load extension "config.ext": error code 0000007e
L 06/07/2017 - 21:21:54: [SM] Fatal error encountered parsing translation file "savescores.phrases.txt"
L 06/07/2017 - 21:21:54: [SM] Error (line 0, column 0): Stream failed to open
L 06/07/2017 - 21:21:54: [SM] Unable to load plugin "time-left-actions.smx": Required extension "Sound Info Library" file("soundlib.ext") not running
L 06/07/2017 - 21:23:53: SourceMod error session started
L 06/07/2017 - 21:23:53: Info (map "pb_z_high_school_m") (file "errors_20170607.log")
L 06/07/2017 - 21:23:53: [SDKTOOLS] Invalid detour address passed - Disabling detour to prevent crashes
L 06/07/2017 - 21:23:53: [SM] Unable to load extension "soundlib.ext": error code 0000007e
L 06/07/2017 - 21:23:53: [SM] Unable to load extension "config.ext": error code 0000007e
L 06/07/2017 - 21:23:53: [SM] Fatal error encountered parsing translation file "savescores.phrases.txt"
L 06/07/2017 - 21:23:53: [SM] Error (line 0, column 0): Stream failed to open
L 06/07/2017 - 21:23:53: [SM] Unable to load plugin "time-left-actions.smx": Required extension "Sound Info Library" file("soundlib.ext") not running
L 06/07/2017 - 21:24:13: [SM] Exception reported: Entity 1 (1) is invalid
L 06/07/2017 - 21:24:13: [SM] Blaming: autodifficultypatch.smx
L 06/07/2017 - 21:24:13: [SM] Call stack trace:
L 06/07/2017 - 21:24:13: [SM]   [0] GetEntPropString
L 06/07/2017 - 21:24:13: [SM]   [1] Line 1622, C:\Users\Ethorbit\Desktop\sourcemodbackup\sourcemod\addons\sourcemod\scripting\autodifficultypatch.sp::FindEntityByTargetName
L 06/07/2017 - 21:24:13: [SM]   [2] Line 1396, C:\Users\Ethorbit\Desktop\sourcemodbackup\sourcemod\addons\sourcemod\scripting\autodifficultypatch.sp::UpdateHeadcrab
L 06/07/2017 - 21:24:13: [SM]   [3] Line 26, C:\Users\Ethorbit\Desktop\sourcemodbackup\sourcemod\addons\sourcemod\scripting\autodifficultypatch.sp::OnClientDisconnect_Post
L 06/07/2017 - 21:30:11: SourceMod error session started
L 06/07/2017 - 21:30:11: Info (map "pb_z_high_school_m") (file "errors_20170607.log")
L 06/07/2017 - 21:30:11: [SDKTOOLS] Invalid detour address passed - Disabling detour to prevent crashes
L 06/07/2017 - 21:30:11: [SM] Unable to load extension "soundlib.ext": error code 0000007e
L 06/07/2017 - 21:30:11: [SM] Unable to load extension "config.ext": error code 0000007e
L 06/07/2017 - 21:30:11: [SM] Fatal error encountered parsing translation file "savescores.phrases.txt"
L 06/07/2017 - 21:30:11: [SM] Error (line 0, column 0): Stream failed to open
L 06/07/2017 - 21:30:11: [SM] Unable to load plugin "time-left-actions.smx": Required extension "Sound Info Library" file("soundlib.ext") not running
L 06/07/2017 - 21:33:01: [SM] Exception reported: Entity 1 (1) is invalid
L 06/07/2017 - 21:33:01: [SM] Blaming: autodifficultypatch.smx
L 06/07/2017 - 21:33:01: [SM] Call stack trace:
L 06/07/2017 - 21:33:01: [SM]   [0] GetEntPropString
L 06/07/2017 - 21:33:01: [SM]   [1] Line 1622, C:\Users\Ethorbit\Desktop\sourcemodbackup\sourcemod\addons\sourcemod\scripting\autodifficultypatch.sp::FindEntityByTargetName
L 06/07/2017 - 21:33:01: [SM]   [2] Line 1396, C:\Users\Ethorbit\Desktop\sourcemodbackup\sourcemod\addons\sourcemod\scripting\autodifficultypatch.sp::UpdateHeadcrab
L 06/07/2017 - 21:33:01: [SM]   [3] Line 26, C:\Users\Ethorbit\Desktop\sourcemodbackup\sourcemod\addons\sourcemod\scripting\autodifficultypatch.sp::OnClientDisconnect_Post
L 06/07/2017 - 21:33:02: Error log file session closed.
L 06/07/2017 - 21:33:02: SourceMod error session started
L 06/07/2017 - 21:33:02: Info (map "dm_pinnacles_m") (file "errors_20170607.log")
L 06/07/2017 - 21:33:02: [SM] Fatal error encountered parsing translation file "savescores.phrases.txt"
L 06/07/2017 - 21:33:02: [SM] Error (line 0, column 0): Stream failed to open
L 06/07/2017 - 21:33:53: [SM] Exception reported: Entity 2 (2) is invalid
L 06/07/2017 - 21:33:53: [SM] Blaming: autodifficultypatch.smx
L 06/07/2017 - 21:33:53: [SM] Call stack trace:
L 06/07/2017 - 21:33:53: [SM]   [0] GetEntPropString
L 06/07/2017 - 21:33:53: [SM]   [1] Line 1622, C:\Users\Ethorbit\Desktop\sourcemodbackup\sourcemod\addons\sourcemod\scripting\autodifficultypatch.sp::FindEntityByTargetName
L 06/07/2017 - 21:33:53: [SM]   [2] Line 42, C:\Users\Ethorbit\Desktop\sourcemodbackup\sourcemod\addons\sourcemod\scripting\autodifficultypatch.sp::UpdateHeadcrab
L 06/07/2017 - 21:33:53: [SM]   [3] Line 26, C:\Users\Ethorbit\Desktop\sourcemodbackup\sourcemod\addons\sourcemod\scripting\autodifficultypatch.sp::OnClientDisconnect_Post
L 06/07/2017 - 21:34:14: [SM] Fatal error encountered parsing translation file "customvotes.phrases.txt"
L 06/07/2017 - 21:34:14: [SM] Error (line 0, column 0): Stream failed to open
L 06/07/2017 - 22:02:11: SourceMod error session started
L 06/07/2017 - 22:02:11: Info (map "pb_z_high_school_m") (file "errors_20170607.log")
L 06/07/2017 - 22:02:11: [SDKTOOLS] Invalid detour address passed - Disabling detour to prevent crashes
L 06/07/2017 - 22:02:11: [SM] Unable to load extension "soundlib.ext": error code 0000007e
L 06/07/2017 - 22:02:11: [SM] Unable to load extension "config.ext": error code 0000007e
L 06/07/2017 - 22:02:11: [SM] Fatal error encountered parsing translation file "savescores.phrases.txt"
L 06/07/2017 - 22:02:11: [SM] Error (line 0, column 0): Stream failed to open
L 06/07/2017 - 22:02:11: [SM] Unable to load plugin "time-left-actions.smx": Required extension "Sound Info Library" file("soundlib.ext") not running
L 06/07/2017 - 22:03:25: [SM] Exception reported: Entity 1 (1) is invalid
L 06/07/2017 - 22:03:25: [SM] Blaming: autodifficultypatch.smx
L 06/07/2017 - 22:03:25: [SM] Call stack trace:
L 06/07/2017 - 22:03:25: [SM]   [0] GetEntPropString
L 06/07/2017 - 22:03:25: [SM]   [1] Line 1622, C:\Users\Ethorbit\Desktop\sourcemodbackup\sourcemod\addons\sourcemod\scripting\autodifficultypatch.sp::FindEntityByTargetName
L 06/07/2017 - 22:03:25: [SM]   [2] Line 1396, C:\Users\Ethorbit\Desktop\sourcemodbackup\sourcemod\addons\sourcemod\scripting\autodifficultypatch.sp::UpdateHeadcrab
L 06/07/2017 - 22:03:25: [SM]   [3] Line 26, C:\Users\Ethorbit\Desktop\sourcemodbackup\sourcemod\addons\sourcemod\scripting\autodifficultypatch.sp::OnClientDisconnect_Post
L 06/07/2017 - 22:03:26: Error log file session closed.
L 06/07/2017 - 22:03:26: SourceMod error session started
L 06/07/2017 - 22:03:26: Info (map "dm_pinnacles_m") (file "errors_20170607.log")
L 06/07/2017 - 22:03:26: [SM] Fatal error encountered parsing translation file "savescores.phrases.txt"
L 06/07/2017 - 22:03:26: [SM] Error (line 0, column 0): Stream failed to open
L 06/07/2017 - 22:03:32: [SM] Fatal error encountered parsing translation file "customvotes.phrases.txt"
L 06/07/2017 - 22:03:32: [SM] Error (line 0, column 0): Stream failed to open
L 06/07/2017 - 22:04:43: SourceMod error session started
L 06/07/2017 - 22:04:43: Info (map "pb_z_high_school_m") (file "errors_20170607.log")
L 06/07/2017 - 22:04:43: [SDKTOOLS] Invalid detour address passed - Disabling detour to prevent crashes
L 06/07/2017 - 22:04:43: [SM] Unable to load extension "soundlib.ext": error code 0000007e
L 06/07/2017 - 22:04:43: [SM] Unable to load extension "config.ext": error code 0000007e
L 06/07/2017 - 22:04:43: [SM] Fatal error encountered parsing translation file "savescores.phrases.txt"
L 06/07/2017 - 22:04:43: [SM] Error (line 0, column 0): Stream failed to open
L 06/07/2017 - 22:04:43: [SM] Unable to load plugin "time-left-actions.smx": Required extension "Sound Info Library" file("soundlib.ext") not running
L 06/07/2017 - 22:06:04: [SM] Exception reported: Entity 1 (1) is invalid
L 06/07/2017 - 22:06:04: [SM] Blaming: autodifficultypatch.smx
L 06/07/2017 - 22:06:04: [SM] Call stack trace:
L 06/07/2017 - 22:06:04: [SM]   [0] GetEntPropString
L 06/07/2017 - 22:06:04: [SM]   [1] Line 1622, C:\Users\Ethorbit\Desktop\sourcemodbackup\sourcemod\addons\sourcemod\scripting\autodifficultypatch.sp::FindEntityByTargetName
L 06/07/2017 - 22:06:04: [SM]   [2] Line 1396, C:\Users\Ethorbit\Desktop\sourcemodbackup\sourcemod\addons\sourcemod\scripting\autodifficultypatch.sp::UpdateHeadcrab
L 06/07/2017 - 22:06:04: [SM]   [3] Line 26, C:\Users\Ethorbit\Desktop\sourcemodbackup\sourcemod\addons\sourcemod\scripting\autodifficultypatch.sp::OnClientDisconnect_Post
L 06/07/2017 - 22:06:04: Error log file session closed.
L 06/07/2017 - 22:06:04: SourceMod error session started
L 06/07/2017 - 22:06:04: Info (map "dm_pinnacles_m") (file "errors_20170607.log")
L 06/07/2017 - 22:06:04: [SM] Fatal error encountered parsing translation file "savescores.phrases.txt"
L 06/07/2017 - 22:06:04: [SM] Error (line 0, column 0): Stream failed to open
L 06/07/2017 - 22:06:12: [SM] Fatal error encountered parsing translation file "customvotes.phrases.txt"
L 06/07/2017 - 22:06:12: [SM] Error (line 0, column 0): Stream failed to open
L 06/07/2017 - 22:09:32: SourceMod error session started
L 06/07/2017 - 22:09:32: Info (map "pb_z_high_school_m") (file "errors_20170607.log")
L 06/07/2017 - 22:09:32: [SDKTOOLS] Invalid detour address passed - Disabling detour to prevent crashes
L 06/07/2017 - 22:09:32: [SM] Unable to load extension "soundlib.ext": error code 0000007e
L 06/07/2017 - 22:09:32: [SM] Unable to load extension "config.ext": error code 0000007e
L 06/07/2017 - 22:09:32: [SM] Fatal error encountered parsing translation file "savescores.phrases.txt"
L 06/07/2017 - 22:09:32: [SM] Error (line 0, column 0): Stream failed to open
L 06/07/2017 - 22:09:32: [SM] Unable to load plugin "time-left-actions.smx": Required extension "Sound Info Library" file("soundlib.ext") not running
L 06/07/2017 - 22:10:47: [SM] Exception reported: Entity 1 (1) is invalid
L 06/07/2017 - 22:10:47: [SM] Blaming: autodifficultypatch.smx
L 06/07/2017 - 22:10:47: [SM] Call stack trace:
L 06/07/2017 - 22:10:47: [SM]   [0] GetEntPropString
L 06/07/2017 - 22:10:47: [SM]   [1] Line 1622, C:\Users\Ethorbit\Desktop\sourcemodbackup\sourcemod\addons\sourcemod\scripting\autodifficultypatch.sp::FindEntityByTargetName
L 06/07/2017 - 22:10:47: [SM]   [2] Line 1396, C:\Users\Ethorbit\Desktop\sourcemodbackup\sourcemod\addons\sourcemod\scripting\autodifficultypatch.sp::UpdateHeadcrab
L 06/07/2017 - 22:10:47: [SM]   [3] Line 26, C:\Users\Ethorbit\Desktop\sourcemodbackup\sourcemod\addons\sourcemod\scripting\autodifficultypatch.sp::OnClientDisconnect_Post
L 06/07/2017 - 22:10:48: Error log file session closed.
L 06/07/2017 - 22:10:48: SourceMod error session started
L 06/07/2017 - 22:10:48: Info (map "dm_pinnacles_m") (file "errors_20170607.log")
L 06/07/2017 - 22:10:48: [SM] Fatal error encountered parsing translation file "savescores.phrases.txt"
L 06/07/2017 - 22:10:48: [SM] Error (line 0, column 0): Stream failed to open
L 06/07/2017 - 22:10:53: [SM] Fatal error encountered parsing translation file "customvotes.phrases.txt"
L 06/07/2017 - 22:10:53: [SM] Error (line 0, column 0): Stream failed to open
L 06/07/2017 - 22:21:50: SourceMod error session started
L 06/07/2017 - 22:21:50: Info (map "pb_z_high_school_m") (file "errors_20170607.log")
L 06/07/2017 - 22:21:50: [SDKTOOLS] Invalid detour address passed - Disabling detour to prevent crashes
L 06/07/2017 - 22:21:50: [SM] Unable to load extension "soundlib.ext": error code 0000007e
L 06/07/2017 - 22:21:50: [SM] Unable to load extension "config.ext": error code 0000007e
L 06/07/2017 - 22:21:50: [SM] Fatal error encountered parsing translation file "savescores.phrases.txt"
L 06/07/2017 - 22:21:50: [SM] Error (line 0, column 0): Stream failed to open
L 06/07/2017 - 22:21:50: [SM] Unable to load plugin "time-left-actions.smx": Required extension "Sound Info Library" file("soundlib.ext") not running
L 06/07/2017 - 22:22:34: [SM] Exception reported: Entity 1 (1) is invalid
L 06/07/2017 - 22:22:34: [SM] Blaming: autodifficultypatch.smx
L 06/07/2017 - 22:22:34: [SM] Call stack trace:
L 06/07/2017 - 22:22:34: [SM]   [0] GetEntPropString
L 06/07/2017 - 22:22:34: [SM]   [1] Line 1622, C:\Users\Ethorbit\Desktop\sourcemodbackup\sourcemod\addons\sourcemod\scripting\autodifficultypatch.sp::FindEntityByTargetName
L 06/07/2017 - 22:22:34: [SM]   [2] Line 1396, C:\Users\Ethorbit\Desktop\sourcemodbackup\sourcemod\addons\sourcemod\scripting\autodifficultypatch.sp::UpdateHeadcrab
L 06/07/2017 - 22:22:34: [SM]   [3] Line 26, C:\Users\Ethorbit\Desktop\sourcemodbackup\sourcemod\addons\sourcemod\scripting\autodifficultypatch.sp::OnClientDisconnect_Post
L 06/07/2017 - 22:22:35: Error log file session closed.
L 06/07/2017 - 22:22:35: SourceMod error session started
L 06/07/2017 - 22:22:35: Info (map "dm_pinnacles_m") (file "errors_20170607.log")
L 06/07/2017 - 22:22:35: [SM] Fatal error encountered parsing translation file "savescores.phrases.txt"
L 06/07/2017 - 22:22:35: [SM] Error (line 0, column 0): Stream failed to open
L 06/07/2017 - 22:22:42: [SM] Fatal error encountered parsing translation file "customvotes.phrases.txt"
L 06/07/2017 - 22:22:42: [SM] Error (line 0, column 0): Stream failed to open
L 06/07/2017 - 22:25:25: [SM] Exception reported: Entity 2 (2) is invalid
L 06/07/2017 - 22:25:25: [SM] Blaming: autodifficultypatch.smx
L 06/07/2017 - 22:25:25: [SM] Call stack trace:
L 06/07/2017 - 22:25:25: [SM]   [0] GetEntPropString
L 06/07/2017 - 22:25:25: [SM]   [1] Line 1622, C:\Users\Ethorbit\Desktop\sourcemodbackup\sourcemod\addons\sourcemod\scripting\autodifficultypatch.sp::FindEntityByTargetName
L 06/07/2017 - 22:25:25: [SM]   [2] Line 42, C:\Users\Ethorbit\Desktop\sourcemodbackup\sourcemod\addons\sourcemod\scripting\autodifficultypatch.sp::UpdateHeadcrab
L 06/07/2017 - 22:25:25: [SM]   [3] Line 26, C:\Users\Ethorbit\Desktop\sourcemodbackup\sourcemod\addons\sourcemod\scripting\autodifficultypatch.sp::OnClientDisconnect_Post
L 06/07/2017 - 23:22:44: Error log file session closed.
L 06/07/2017 - 23:22:44: SourceMod error session started
L 06/07/2017 - 23:22:44: Info (map "dm_mine_entrance_m") (file "errors_20170607.log")
L 06/07/2017 - 23:22:44: [SM] Fatal error encountered parsing translation file "savescores.phrases.txt"
L 06/07/2017 - 23:22:44: [SM] Error (line 0, column 0): Stream failed to open
L 06/07/2017 - 23:22:44: [SM] Fatal error encountered parsing translation file "customvotes.phrases.txt"
L 06/07/2017 - 23:22:44: [SM] Error (line 0, column 0): Stream failed to open
