L 06/01/2017 - 00:52:12: SourceMod error session started
L 06/01/2017 - 00:52:12: Info (map "dm_coldruins_rc1_m") (file "errors_20170601.log")
L 06/01/2017 - 00:52:12: Error log file session closed.
L 06/01/2017 - 00:52:12: SourceMod error session started
L 06/01/2017 - 00:52:12: Info (map "dm_coldruins_rc1_m") (file "errors_20170601.log")
L 06/01/2017 - 00:52:12: [SM] Fatal error encountered parsing translation file "customvotes.phrases.txt"
L 06/01/2017 - 00:52:12: [SM] Error (line 0, column 0): Stream failed to open
L 06/01/2017 - 00:52:12: [SM] Fatal error encountered parsing translation file "savescores.phrases.txt"
L 06/01/2017 - 00:52:12: [SM] Error (line 0, column 0): Stream failed to open
L 06/01/2017 - 01:26:04: SourceMod error session started
L 06/01/2017 - 01:26:04: Info (map "pb_z_high_school_m") (file "errors_20170601.log")
L 06/01/2017 - 01:26:04: [SDKTOOLS] Invalid detour address passed - Disabling detour to prevent crashes
L 06/01/2017 - 01:26:04: [SM] Unable to load extension "soundlib.ext": error code 0000007e
L 06/01/2017 - 01:26:04: [SM] Unable to load extension "config.ext": error code 0000007e
L 06/01/2017 - 01:26:04: [SM] Fatal error encountered parsing translation file "savescores.phrases.txt"
L 06/01/2017 - 01:26:04: [SM] Error (line 0, column 0): Stream failed to open
L 06/01/2017 - 01:26:04: [SM] Unable to load plugin "time-left-actions.smx": Required extension "Sound Info Library" file("soundlib.ext") not running
L 06/01/2017 - 03:53:11: [SM] Exception reported: Entity 2 (2) is invalid
L 06/01/2017 - 03:53:11: [SM] Blaming: autodifficultypatch.smx
L 06/01/2017 - 03:53:11: [SM] Call stack trace:
L 06/01/2017 - 03:53:11: [SM]   [0] GetEntPropString
L 06/01/2017 - 03:53:11: [SM]   [1] Line 1421, C:\Users\EthorbitV2\Desktop\sourcemodbackup\sourcemod\addons\sourcemod\scripting\autodifficultypatch.sp::FindEntityByTargetName
L 06/01/2017 - 03:53:11: [SM]   [2] Line 1203, C:\Users\EthorbitV2\Desktop\sourcemodbackup\sourcemod\addons\sourcemod\scripting\autodifficultypatch.sp::UpdateHeadcrab
L 06/01/2017 - 03:53:11: [SM]   [3] Line 26, C:\Users\EthorbitV2\Desktop\sourcemodbackup\sourcemod\addons\sourcemod\scripting\autodifficultypatch.sp::OnClientDisconnect_Post
L 06/01/2017 - 03:56:30: [SM] Exception reported: Entity 1 (1) is invalid
L 06/01/2017 - 03:56:30: [SM] Blaming: autodifficultypatch.smx
L 06/01/2017 - 03:56:30: [SM] Call stack trace:
L 06/01/2017 - 03:56:30: [SM]   [0] GetEntPropString
L 06/01/2017 - 03:56:30: [SM]   [1] Line 1421, C:\Users\EthorbitV2\Desktop\sourcemodbackup\sourcemod\addons\sourcemod\scripting\autodifficultypatch.sp::FindEntityByTargetName
L 06/01/2017 - 03:56:30: [SM]   [2] Line 1195, C:\Users\EthorbitV2\Desktop\sourcemodbackup\sourcemod\addons\sourcemod\scripting\autodifficultypatch.sp::UpdateHeadcrab
L 06/01/2017 - 03:56:30: [SM]   [3] Line 26, C:\Users\EthorbitV2\Desktop\sourcemodbackup\sourcemod\addons\sourcemod\scripting\autodifficultypatch.sp::OnClientDisconnect_Post
L 06/01/2017 - 04:40:21: Error log file session closed.
L 06/01/2017 - 04:40:21: SourceMod error session started
L 06/01/2017 - 04:40:21: Info (map "dm_raven_m") (file "errors_20170601.log")
L 06/01/2017 - 04:40:21: [SM] Fatal error encountered parsing translation file "savescores.phrases.txt"
L 06/01/2017 - 04:40:21: [SM] Error (line 0, column 0): Stream failed to open
L 06/01/2017 - 05:19:43: [SM] Exception reported: Entity 2 (2) is invalid
L 06/01/2017 - 05:19:43: [SM] Blaming: autodifficultypatch.smx
L 06/01/2017 - 05:19:43: [SM] Call stack trace:
L 06/01/2017 - 05:19:43: [SM]   [0] GetEntPropString
L 06/01/2017 - 05:19:43: [SM]   [1] Line 1421, C:\Users\EthorbitV2\Desktop\sourcemodbackup\sourcemod\addons\sourcemod\scripting\autodifficultypatch.sp::FindEntityByTargetName
L 06/01/2017 - 05:19:43: [SM]   [2] Line 977, C:\Users\EthorbitV2\Desktop\sourcemodbackup\sourcemod\addons\sourcemod\scripting\autodifficultypatch.sp::UpdateHeadcrab
L 06/01/2017 - 05:19:43: [SM]   [3] Line 26, C:\Users\EthorbitV2\Desktop\sourcemodbackup\sourcemod\addons\sourcemod\scripting\autodifficultypatch.sp::OnClientDisconnect_Post
L 06/01/2017 - 05:24:28: [SM] Exception reported: Entity 2 (2) is invalid
L 06/01/2017 - 05:24:28: [SM] Blaming: autodifficultypatch.smx
L 06/01/2017 - 05:24:28: [SM] Call stack trace:
L 06/01/2017 - 05:24:28: [SM]   [0] GetEntPropString
L 06/01/2017 - 05:24:28: [SM]   [1] Line 1421, C:\Users\EthorbitV2\Desktop\sourcemodbackup\sourcemod\addons\sourcemod\scripting\autodifficultypatch.sp::FindEntityByTargetName
L 06/01/2017 - 05:24:28: [SM]   [2] Line 969, C:\Users\EthorbitV2\Desktop\sourcemodbackup\sourcemod\addons\sourcemod\scripting\autodifficultypatch.sp::UpdateHeadcrab
L 06/01/2017 - 05:24:28: [SM]   [3] Line 26, C:\Users\EthorbitV2\Desktop\sourcemodbackup\sourcemod\addons\sourcemod\scripting\autodifficultypatch.sp::OnClientDisconnect_Post
L 06/01/2017 - 05:24:28: Error log file session closed.
L 06/01/2017 - 05:24:28: SourceMod error session started
L 06/01/2017 - 05:24:28: Info (map "dm_coldruins_rc1_m") (file "errors_20170601.log")
L 06/01/2017 - 05:24:28: [SM] Fatal error encountered parsing translation file "savescores.phrases.txt"
L 06/01/2017 - 05:24:28: [SM] Error (line 0, column 0): Stream failed to open
L 06/01/2017 - 05:25:21: [SM] Fatal error encountered parsing translation file "customvotes.phrases.txt"
L 06/01/2017 - 05:25:21: [SM] Error (line 0, column 0): Stream failed to open
L 06/01/2017 - 05:38:54: [SM] Exception reported: Entity 2 (2) is invalid
L 06/01/2017 - 05:38:54: [SM] Blaming: autodifficultypatch.smx
L 06/01/2017 - 05:38:54: [SM] Call stack trace:
L 06/01/2017 - 05:38:54: [SM]   [0] GetEntPropString
L 06/01/2017 - 05:38:54: [SM]   [1] Line 1421, C:\Users\EthorbitV2\Desktop\sourcemodbackup\sourcemod\addons\sourcemod\scripting\autodifficultypatch.sp::FindEntityByTargetName
L 06/01/2017 - 05:38:54: [SM]   [2] Line 669, C:\Users\EthorbitV2\Desktop\sourcemodbackup\sourcemod\addons\sourcemod\scripting\autodifficultypatch.sp::UpdateHeadcrab
L 06/01/2017 - 05:38:54: [SM]   [3] Line 26, C:\Users\EthorbitV2\Desktop\sourcemodbackup\sourcemod\addons\sourcemod\scripting\autodifficultypatch.sp::OnClientDisconnect_Post
L 06/01/2017 - 05:54:31: [SM] Exception reported: Entity 1 (1) is invalid
L 06/01/2017 - 05:54:31: [SM] Blaming: autodifficultypatch.smx
L 06/01/2017 - 05:54:31: [SM] Call stack trace:
L 06/01/2017 - 05:54:31: [SM]   [0] GetEntPropString
L 06/01/2017 - 05:54:31: [SM]   [1] Line 1421, C:\Users\EthorbitV2\Desktop\sourcemodbackup\sourcemod\addons\sourcemod\scripting\autodifficultypatch.sp::FindEntityByTargetName
L 06/01/2017 - 05:54:31: [SM]   [2] Line 669, C:\Users\EthorbitV2\Desktop\sourcemodbackup\sourcemod\addons\sourcemod\scripting\autodifficultypatch.sp::UpdateHeadcrab
L 06/01/2017 - 05:54:31: [SM]   [3] Line 26, C:\Users\EthorbitV2\Desktop\sourcemodbackup\sourcemod\addons\sourcemod\scripting\autodifficultypatch.sp::OnClientDisconnect_Post
L 06/01/2017 - 05:54:35: Error log file session closed.
L 06/01/2017 - 05:54:42: SourceMod error session started
L 06/01/2017 - 05:54:42: Info (map "pb_z_disorder_m") (file "errors_20170601.log")
L 06/01/2017 - 05:54:42: [SM] Fatal error encountered parsing translation file "savescores.phrases.txt"
L 06/01/2017 - 05:54:42: [SM] Error (line 0, column 0): Stream failed to open
L 06/01/2017 - 05:54:43: [SM] Fatal error encountered parsing translation file "customvotes.phrases.txt"
L 06/01/2017 - 05:54:43: [SM] Error (line 0, column 0): Stream failed to open
L 06/01/2017 - 05:59:09: [SM] Exception reported: Entity 1 (1) is invalid
L 06/01/2017 - 05:59:09: [SM] Blaming: autodifficultypatch.smx
L 06/01/2017 - 05:59:09: [SM] Call stack trace:
L 06/01/2017 - 05:59:09: [SM]   [0] GetEntPropString
L 06/01/2017 - 05:59:09: [SM]   [1] Line 1421, C:\Users\EthorbitV2\Desktop\sourcemodbackup\sourcemod\addons\sourcemod\scripting\autodifficultypatch.sp::FindEntityByTargetName
L 06/01/2017 - 05:59:09: [SM]   [2] Line 444, C:\Users\EthorbitV2\Desktop\sourcemodbackup\sourcemod\addons\sourcemod\scripting\autodifficultypatch.sp::UpdateHeadcrab
L 06/01/2017 - 05:59:09: [SM]   [3] Line 26, C:\Users\EthorbitV2\Desktop\sourcemodbackup\sourcemod\addons\sourcemod\scripting\autodifficultypatch.sp::OnClientDisconnect_Post
L 06/01/2017 - 05:59:11: Error log file session closed.
L 06/01/2017 - 05:59:11: SourceMod error session started
L 06/01/2017 - 05:59:11: Info (map "dm_central_station_v1_m") (file "errors_20170601.log")
L 06/01/2017 - 05:59:11: [SM] Fatal error encountered parsing translation file "savescores.phrases.txt"
L 06/01/2017 - 05:59:11: [SM] Error (line 0, column 0): Stream failed to open
L 06/01/2017 - 05:59:11: [SM] Fatal error encountered parsing translation file "customvotes.phrases.txt"
L 06/01/2017 - 05:59:11: [SM] Error (line 0, column 0): Stream failed to open
L 06/01/2017 - 06:14:00: [SM] Exception reported: Entity 1 (1) is invalid
L 06/01/2017 - 06:14:00: [SM] Blaming: autodifficultypatch.smx
L 06/01/2017 - 06:14:00: [SM] Call stack trace:
L 06/01/2017 - 06:14:00: [SM]   [0] GetEntPropString
L 06/01/2017 - 06:14:00: [SM]   [1] Line 1421, C:\Users\EthorbitV2\Desktop\sourcemodbackup\sourcemod\addons\sourcemod\scripting\autodifficultypatch.sp::FindEntityByTargetName
L 06/01/2017 - 06:14:00: [SM]   [2] Line 42, C:\Users\EthorbitV2\Desktop\sourcemodbackup\sourcemod\addons\sourcemod\scripting\autodifficultypatch.sp::UpdateHeadcrab
L 06/01/2017 - 06:14:00: [SM]   [3] Line 26, C:\Users\EthorbitV2\Desktop\sourcemodbackup\sourcemod\addons\sourcemod\scripting\autodifficultypatch.sp::OnClientDisconnect_Post
L 06/01/2017 - 06:14:02: Error log file session closed.
L 06/01/2017 - 06:14:02: SourceMod error session started
L 06/01/2017 - 06:14:02: Info (map "dm_snowfall_m") (file "errors_20170601.log")
L 06/01/2017 - 06:14:02: [SM] Fatal error encountered parsing translation file "savescores.phrases.txt"
L 06/01/2017 - 06:14:02: [SM] Error (line 0, column 0): Stream failed to open
L 06/01/2017 - 06:14:02: [SM] Fatal error encountered parsing translation file "customvotes.phrases.txt"
L 06/01/2017 - 06:14:02: [SM] Error (line 0, column 0): Stream failed to open
L 06/01/2017 - 07:14:15: Error log file session closed.
L 06/01/2017 - 07:14:19: SourceMod error session started
L 06/01/2017 - 07:14:19: Info (map "pb_z_area51_m") (file "errors_20170601.log")
L 06/01/2017 - 07:14:19: [SM] Fatal error encountered parsing translation file "savescores.phrases.txt"
L 06/01/2017 - 07:14:19: [SM] Error (line 0, column 0): Stream failed to open
L 06/01/2017 - 07:14:19: [SM] Fatal error encountered parsing translation file "customvotes.phrases.txt"
L 06/01/2017 - 07:14:19: [SM] Error (line 0, column 0): Stream failed to open
L 06/01/2017 - 07:57:10: [SM] Exception reported: Entity 1 (1) is invalid
L 06/01/2017 - 07:57:10: [SM] Blaming: autodifficultypatch.smx
L 06/01/2017 - 07:57:10: [SM] Call stack trace:
L 06/01/2017 - 07:57:10: [SM]   [0] GetEntPropString
L 06/01/2017 - 07:57:10: [SM]   [1] Line 1421, C:\Users\EthorbitV2\Desktop\sourcemodbackup\sourcemod\addons\sourcemod\scripting\autodifficultypatch.sp::FindEntityByTargetName
L 06/01/2017 - 07:57:10: [SM]   [2] Line 1271, C:\Users\EthorbitV2\Desktop\sourcemodbackup\sourcemod\addons\sourcemod\scripting\autodifficultypatch.sp::UpdateHeadcrab
L 06/01/2017 - 07:57:10: [SM]   [3] Line 26, C:\Users\EthorbitV2\Desktop\sourcemodbackup\sourcemod\addons\sourcemod\scripting\autodifficultypatch.sp::OnClientDisconnect_Post
L 06/01/2017 - 08:01:33: [SM] Exception reported: Entity 1 (1) is invalid
L 06/01/2017 - 08:01:33: [SM] Blaming: autodifficultypatch.smx
L 06/01/2017 - 08:01:33: [SM] Call stack trace:
L 06/01/2017 - 08:01:33: [SM]   [0] GetEntPropString
L 06/01/2017 - 08:01:33: [SM]   [1] Line 1421, C:\Users\EthorbitV2\Desktop\sourcemodbackup\sourcemod\addons\sourcemod\scripting\autodifficultypatch.sp::FindEntityByTargetName
L 06/01/2017 - 08:01:33: [SM]   [2] Line 1271, C:\Users\EthorbitV2\Desktop\sourcemodbackup\sourcemod\addons\sourcemod\scripting\autodifficultypatch.sp::UpdateHeadcrab
L 06/01/2017 - 08:01:33: [SM]   [3] Line 26, C:\Users\EthorbitV2\Desktop\sourcemodbackup\sourcemod\addons\sourcemod\scripting\autodifficultypatch.sp::OnClientDisconnect_Post
L 06/01/2017 - 08:01:34: Error log file session closed.
L 06/01/2017 - 08:01:34: SourceMod error session started
L 06/01/2017 - 08:01:34: Info (map "dm_october_m") (file "errors_20170601.log")
L 06/01/2017 - 08:01:34: [SM] Fatal error encountered parsing translation file "savescores.phrases.txt"
L 06/01/2017 - 08:01:34: [SM] Error (line 0, column 0): Stream failed to open
L 06/01/2017 - 08:01:34: [SM] Fatal error encountered parsing translation file "customvotes.phrases.txt"
L 06/01/2017 - 08:01:34: [SM] Error (line 0, column 0): Stream failed to open
L 06/01/2017 - 09:01:48: Error log file session closed.
L 06/01/2017 - 09:01:48: SourceMod error session started
L 06/01/2017 - 09:01:48: Info (map "dm_cave_m") (file "errors_20170601.log")
L 06/01/2017 - 09:01:48: [SM] Fatal error encountered parsing translation file "savescores.phrases.txt"
L 06/01/2017 - 09:01:48: [SM] Error (line 0, column 0): Stream failed to open
L 06/01/2017 - 09:01:48: [SM] Fatal error encountered parsing translation file "customvotes.phrases.txt"
L 06/01/2017 - 09:01:48: [SM] Error (line 0, column 0): Stream failed to open
L 06/01/2017 - 09:40:56: [SM] Exception reported: Entity 1 (1) is invalid
L 06/01/2017 - 09:40:56: [SM] Blaming: autodifficultypatch.smx
L 06/01/2017 - 09:40:56: [SM] Call stack trace:
L 06/01/2017 - 09:40:56: [SM]   [0] GetEntPropString
L 06/01/2017 - 09:40:56: [SM]   [1] Line 1421, C:\Users\EthorbitV2\Desktop\sourcemodbackup\sourcemod\addons\sourcemod\scripting\autodifficultypatch.sp::FindEntityByTargetName
L 06/01/2017 - 09:40:56: [SM]   [2] Line 594, C:\Users\EthorbitV2\Desktop\sourcemodbackup\sourcemod\addons\sourcemod\scripting\autodifficultypatch.sp::UpdateHeadcrab
L 06/01/2017 - 09:40:56: [SM]   [3] Line 26, C:\Users\EthorbitV2\Desktop\sourcemodbackup\sourcemod\addons\sourcemod\scripting\autodifficultypatch.sp::OnClientDisconnect_Post
L 06/01/2017 - 10:02:00: Error log file session closed.
L 06/01/2017 - 10:02:00: SourceMod error session started
L 06/01/2017 - 10:02:00: Info (map "pb_z_office_tower_m") (file "errors_20170601.log")
L 06/01/2017 - 10:02:00: [SM] Fatal error encountered parsing translation file "savescores.phrases.txt"
L 06/01/2017 - 10:02:00: [SM] Error (line 0, column 0): Stream failed to open
L 06/01/2017 - 10:02:00: [SM] Fatal error encountered parsing translation file "customvotes.phrases.txt"
L 06/01/2017 - 10:02:00: [SM] Error (line 0, column 0): Stream failed to open
L 06/01/2017 - 10:50:53: [SM] Exception reported: Entity 1 (1) is invalid
L 06/01/2017 - 10:50:53: [SM] Blaming: autodifficultypatch.smx
L 06/01/2017 - 10:50:53: [SM] Call stack trace:
L 06/01/2017 - 10:50:53: [SM]   [0] GetEntPropString
L 06/01/2017 - 10:50:53: [SM]   [1] Line 1421, C:\Users\EthorbitV2\Desktop\sourcemodbackup\sourcemod\addons\sourcemod\scripting\autodifficultypatch.sp::FindEntityByTargetName
L 06/01/2017 - 10:50:53: [SM]   [2] Line 184, C:\Users\EthorbitV2\Desktop\sourcemodbackup\sourcemod\addons\sourcemod\scripting\autodifficultypatch.sp::UpdateHeadcrab
L 06/01/2017 - 10:50:53: [SM]   [3] Line 26, C:\Users\EthorbitV2\Desktop\sourcemodbackup\sourcemod\addons\sourcemod\scripting\autodifficultypatch.sp::OnClientDisconnect_Post
L 06/01/2017 - 10:50:53: [SM] Exception reported: Entity 2 (2) is invalid
L 06/01/2017 - 10:50:53: [SM] Blaming: autodifficultypatch.smx
L 06/01/2017 - 10:50:53: [SM] Call stack trace:
L 06/01/2017 - 10:50:53: [SM]   [0] GetEntPropString
L 06/01/2017 - 10:50:53: [SM]   [1] Line 1421, C:\Users\EthorbitV2\Desktop\sourcemodbackup\sourcemod\addons\sourcemod\scripting\autodifficultypatch.sp::FindEntityByTargetName
L 06/01/2017 - 10:50:53: [SM]   [2] Line 176, C:\Users\EthorbitV2\Desktop\sourcemodbackup\sourcemod\addons\sourcemod\scripting\autodifficultypatch.sp::UpdateHeadcrab
L 06/01/2017 - 10:50:53: [SM]   [3] Line 26, C:\Users\EthorbitV2\Desktop\sourcemodbackup\sourcemod\addons\sourcemod\scripting\autodifficultypatch.sp::OnClientDisconnect_Post
L 06/01/2017 - 10:50:54: Error log file session closed.
L 06/01/2017 - 10:50:54: SourceMod error session started
L 06/01/2017 - 10:50:54: Info (map "pb_z_underground_m") (file "errors_20170601.log")
L 06/01/2017 - 10:50:54: [SM] Fatal error encountered parsing translation file "savescores.phrases.txt"
L 06/01/2017 - 10:50:54: [SM] Error (line 0, column 0): Stream failed to open
L 06/01/2017 - 10:50:54: [SM] Fatal error encountered parsing translation file "customvotes.phrases.txt"
L 06/01/2017 - 10:50:54: [SM] Error (line 0, column 0): Stream failed to open
L 06/01/2017 - 10:59:16: [SM] Exception reported: Entity 1 (1) is invalid
L 06/01/2017 - 10:59:16: [SM] Blaming: autodifficultypatch.smx
L 06/01/2017 - 10:59:16: [SM] Call stack trace:
L 06/01/2017 - 10:59:16: [SM]   [0] GetEntPropString
L 06/01/2017 - 10:59:16: [SM]   [1] Line 1421, C:\Users\EthorbitV2\Desktop\sourcemodbackup\sourcemod\addons\sourcemod\scripting\autodifficultypatch.sp::FindEntityByTargetName
L 06/01/2017 - 10:59:16: [SM]   [2] Line 535, C:\Users\EthorbitV2\Desktop\sourcemodbackup\sourcemod\addons\sourcemod\scripting\autodifficultypatch.sp::UpdateHeadcrab
L 06/01/2017 - 10:59:16: [SM]   [3] Line 26, C:\Users\EthorbitV2\Desktop\sourcemodbackup\sourcemod\addons\sourcemod\scripting\autodifficultypatch.sp::OnClientDisconnect_Post
L 06/01/2017 - 10:59:16: [SM] Exception reported: Entity 2 (2) is invalid
L 06/01/2017 - 10:59:16: [SM] Blaming: autodifficultypatch.smx
L 06/01/2017 - 10:59:16: [SM] Call stack trace:
L 06/01/2017 - 10:59:16: [SM]   [0] GetEntPropString
L 06/01/2017 - 10:59:16: [SM]   [1] Line 1421, C:\Users\EthorbitV2\Desktop\sourcemodbackup\sourcemod\addons\sourcemod\scripting\autodifficultypatch.sp::FindEntityByTargetName
L 06/01/2017 - 10:59:16: [SM]   [2] Line 527, C:\Users\EthorbitV2\Desktop\sourcemodbackup\sourcemod\addons\sourcemod\scripting\autodifficultypatch.sp::UpdateHeadcrab
L 06/01/2017 - 10:59:16: [SM]   [3] Line 26, C:\Users\EthorbitV2\Desktop\sourcemodbackup\sourcemod\addons\sourcemod\scripting\autodifficultypatch.sp::OnClientDisconnect_Post
L 06/01/2017 - 10:59:16: [SM] Exception reported: Entity 3 (3) is invalid
L 06/01/2017 - 10:59:16: [SM] Blaming: autodifficultypatch.smx
L 06/01/2017 - 10:59:16: [SM] Call stack trace:
L 06/01/2017 - 10:59:16: [SM]   [0] GetEntPropString
L 06/01/2017 - 10:59:16: [SM]   [1] Line 1421, C:\Users\EthorbitV2\Desktop\sourcemodbackup\sourcemod\addons\sourcemod\scripting\autodifficultypatch.sp::FindEntityByTargetName
L 06/01/2017 - 10:59:16: [SM]   [2] Line 519, C:\Users\EthorbitV2\Desktop\sourcemodbackup\sourcemod\addons\sourcemod\scripting\autodifficultypatch.sp::UpdateHeadcrab
L 06/01/2017 - 10:59:16: [SM]   [3] Line 26, C:\Users\EthorbitV2\Desktop\sourcemodbackup\sourcemod\addons\sourcemod\scripting\autodifficultypatch.sp::OnClientDisconnect_Post
L 06/01/2017 - 10:59:18: Error log file session closed.
L 06/01/2017 - 10:59:18: SourceMod error session started
L 06/01/2017 - 10:59:18: Info (map "pb_z_disorder_m") (file "errors_20170601.log")
L 06/01/2017 - 10:59:18: [SM] Fatal error encountered parsing translation file "savescores.phrases.txt"
L 06/01/2017 - 10:59:18: [SM] Error (line 0, column 0): Stream failed to open
L 06/01/2017 - 10:59:18: [SM] Fatal error encountered parsing translation file "customvotes.phrases.txt"
L 06/01/2017 - 10:59:18: [SM] Error (line 0, column 0): Stream failed to open
L 06/01/2017 - 11:24:41: [SM] Exception reported: Entity 1 (1) is invalid
L 06/01/2017 - 11:24:41: [SM] Blaming: autodifficultypatch.smx
L 06/01/2017 - 11:24:41: [SM] Call stack trace:
L 06/01/2017 - 11:24:41: [SM]   [0] GetEntPropString
L 06/01/2017 - 11:24:41: [SM]   [1] Line 1421, C:\Users\EthorbitV2\Desktop\sourcemodbackup\sourcemod\addons\sourcemod\scripting\autodifficultypatch.sp::FindEntityByTargetName
L 06/01/2017 - 11:24:41: [SM]   [2] Line 468, C:\Users\EthorbitV2\Desktop\sourcemodbackup\sourcemod\addons\sourcemod\scripting\autodifficultypatch.sp::UpdateHeadcrab
L 06/01/2017 - 11:24:41: [SM]   [3] Line 26, C:\Users\EthorbitV2\Desktop\sourcemodbackup\sourcemod\addons\sourcemod\scripting\autodifficultypatch.sp::OnClientDisconnect_Post
L 06/01/2017 - 11:25:15: [SM] Exception reported: Entity 2 (2) is invalid
L 06/01/2017 - 11:25:15: [SM] Blaming: autodifficultypatch.smx
L 06/01/2017 - 11:25:15: [SM] Call stack trace:
L 06/01/2017 - 11:25:15: [SM]   [0] GetEntPropString
L 06/01/2017 - 11:25:15: [SM]   [1] Line 1421, C:\Users\EthorbitV2\Desktop\sourcemodbackup\sourcemod\addons\sourcemod\scripting\autodifficultypatch.sp::FindEntityByTargetName
L 06/01/2017 - 11:25:15: [SM]   [2] Line 460, C:\Users\EthorbitV2\Desktop\sourcemodbackup\sourcemod\addons\sourcemod\scripting\autodifficultypatch.sp::UpdateHeadcrab
L 06/01/2017 - 11:25:15: [SM]   [3] Line 26, C:\Users\EthorbitV2\Desktop\sourcemodbackup\sourcemod\addons\sourcemod\scripting\autodifficultypatch.sp::OnClientDisconnect_Post
L 06/01/2017 - 11:30:49: [SM] Exception reported: Entity 3 (3) is invalid
L 06/01/2017 - 11:30:49: [SM] Blaming: autodifficultypatch.smx
L 06/01/2017 - 11:30:49: [SM] Call stack trace:
L 06/01/2017 - 11:30:49: [SM]   [0] GetEntPropString
L 06/01/2017 - 11:30:49: [SM]   [1] Line 1421, C:\Users\EthorbitV2\Desktop\sourcemodbackup\sourcemod\addons\sourcemod\scripting\autodifficultypatch.sp::FindEntityByTargetName
L 06/01/2017 - 11:30:49: [SM]   [2] Line 452, C:\Users\EthorbitV2\Desktop\sourcemodbackup\sourcemod\addons\sourcemod\scripting\autodifficultypatch.sp::UpdateHeadcrab
L 06/01/2017 - 11:30:49: [SM]   [3] Line 26, C:\Users\EthorbitV2\Desktop\sourcemodbackup\sourcemod\addons\sourcemod\scripting\autodifficultypatch.sp::OnClientDisconnect_Post
L 06/01/2017 - 11:59:02: [SM] Exception reported: Entity 4 (4) is invalid
L 06/01/2017 - 11:59:02: [SM] Blaming: autodifficultypatch.smx
L 06/01/2017 - 11:59:02: [SM] Call stack trace:
L 06/01/2017 - 11:59:02: [SM]   [0] GetEntPropString
L 06/01/2017 - 11:59:02: [SM]   [1] Line 1421, C:\Users\EthorbitV2\Desktop\sourcemodbackup\sourcemod\addons\sourcemod\scripting\autodifficultypatch.sp::FindEntityByTargetName
L 06/01/2017 - 11:59:02: [SM]   [2] Line 444, C:\Users\EthorbitV2\Desktop\sourcemodbackup\sourcemod\addons\sourcemod\scripting\autodifficultypatch.sp::UpdateHeadcrab
L 06/01/2017 - 11:59:02: [SM]   [3] Line 26, C:\Users\EthorbitV2\Desktop\sourcemodbackup\sourcemod\addons\sourcemod\scripting\autodifficultypatch.sp::OnClientDisconnect_Post
L 06/01/2017 - 11:59:29: Error log file session closed.
L 06/01/2017 - 11:59:29: SourceMod error session started
L 06/01/2017 - 11:59:29: Info (map "dm_central_station_v1_m") (file "errors_20170601.log")
L 06/01/2017 - 11:59:29: [SM] Fatal error encountered parsing translation file "savescores.phrases.txt"
L 06/01/2017 - 11:59:29: [SM] Error (line 0, column 0): Stream failed to open
L 06/01/2017 - 11:59:29: [SM] Fatal error encountered parsing translation file "customvotes.phrases.txt"
L 06/01/2017 - 11:59:29: [SM] Error (line 0, column 0): Stream failed to open
L 06/01/2017 - 12:57:04: [SM] Exception reported: Entity 4 (4) is invalid
L 06/01/2017 - 12:57:04: [SM] Blaming: autodifficultypatch.smx
L 06/01/2017 - 12:57:04: [SM] Call stack trace:
L 06/01/2017 - 12:57:04: [SM]   [0] GetEntPropString
L 06/01/2017 - 12:57:04: [SM]   [1] Line 1421, C:\Users\EthorbitV2\Desktop\sourcemodbackup\sourcemod\addons\sourcemod\scripting\autodifficultypatch.sp::FindEntityByTargetName
L 06/01/2017 - 12:57:04: [SM]   [2] Line 58, C:\Users\EthorbitV2\Desktop\sourcemodbackup\sourcemod\addons\sourcemod\scripting\autodifficultypatch.sp::UpdateHeadcrab
L 06/01/2017 - 12:57:04: [SM]   [3] Line 26, C:\Users\EthorbitV2\Desktop\sourcemodbackup\sourcemod\addons\sourcemod\scripting\autodifficultypatch.sp::OnClientDisconnect_Post
L 06/01/2017 - 12:59:39: [SM] Exception reported: Entity 1 (1) is invalid
L 06/01/2017 - 12:59:39: [SM] Blaming: autodifficultypatch.smx
L 06/01/2017 - 12:59:39: [SM] Call stack trace:
L 06/01/2017 - 12:59:39: [SM]   [0] GetEntPropString
L 06/01/2017 - 12:59:39: [SM]   [1] Line 1421, C:\Users\EthorbitV2\Desktop\sourcemodbackup\sourcemod\addons\sourcemod\scripting\autodifficultypatch.sp::FindEntityByTargetName
L 06/01/2017 - 12:59:39: [SM]   [2] Line 50, C:\Users\EthorbitV2\Desktop\sourcemodbackup\sourcemod\addons\sourcemod\scripting\autodifficultypatch.sp::UpdateHeadcrab
L 06/01/2017 - 12:59:39: [SM]   [3] Line 26, C:\Users\EthorbitV2\Desktop\sourcemodbackup\sourcemod\addons\sourcemod\scripting\autodifficultypatch.sp::OnClientDisconnect_Post
L 06/01/2017 - 12:59:39: [SM] Exception reported: Entity 2 (2) is invalid
L 06/01/2017 - 12:59:39: [SM] Blaming: autodifficultypatch.smx
L 06/01/2017 - 12:59:39: [SM] Call stack trace:
L 06/01/2017 - 12:59:39: [SM]   [0] GetEntPropString
L 06/01/2017 - 12:59:39: [SM]   [1] Line 1421, C:\Users\EthorbitV2\Desktop\sourcemodbackup\sourcemod\addons\sourcemod\scripting\autodifficultypatch.sp::FindEntityByTargetName
L 06/01/2017 - 12:59:39: [SM]   [2] Line 42, C:\Users\EthorbitV2\Desktop\sourcemodbackup\sourcemod\addons\sourcemod\scripting\autodifficultypatch.sp::UpdateHeadcrab
L 06/01/2017 - 12:59:39: [SM]   [3] Line 26, C:\Users\EthorbitV2\Desktop\sourcemodbackup\sourcemod\addons\sourcemod\scripting\autodifficultypatch.sp::OnClientDisconnect_Post
L 06/01/2017 - 12:59:39: Error log file session closed.
L 06/01/2017 - 12:59:40: SourceMod error session started
L 06/01/2017 - 12:59:40: Info (map "pb_z_industry_m") (file "errors_20170601.log")
L 06/01/2017 - 12:59:40: [SM] Fatal error encountered parsing translation file "savescores.phrases.txt"
L 06/01/2017 - 12:59:40: [SM] Error (line 0, column 0): Stream failed to open
L 06/01/2017 - 12:59:40: [SM] Fatal error encountered parsing translation file "customvotes.phrases.txt"
L 06/01/2017 - 12:59:40: [SM] Error (line 0, column 0): Stream failed to open
L 06/01/2017 - 13:08:04: [SM] Exception reported: Entity 2 (2) is invalid
L 06/01/2017 - 13:08:04: [SM] Blaming: autodifficultypatch.smx
L 06/01/2017 - 13:08:04: [SM] Call stack trace:
L 06/01/2017 - 13:08:04: [SM]   [0] GetEntPropString
L 06/01/2017 - 13:08:04: [SM]   [1] Line 1421, C:\Users\EthorbitV2\Desktop\sourcemodbackup\sourcemod\addons\sourcemod\scripting\autodifficultypatch.sp::FindEntityByTargetName
L 06/01/2017 - 13:08:04: [SM]   [2] Line 768, C:\Users\EthorbitV2\Desktop\sourcemodbackup\sourcemod\addons\sourcemod\scripting\autodifficultypatch.sp::UpdateHeadcrab
L 06/01/2017 - 13:08:04: [SM]   [3] Line 26, C:\Users\EthorbitV2\Desktop\sourcemodbackup\sourcemod\addons\sourcemod\scripting\autodifficultypatch.sp::OnClientDisconnect_Post
L 06/01/2017 - 13:32:19: [SM] Exception reported: Entity 6 (6) is invalid
L 06/01/2017 - 13:32:19: [SM] Blaming: autodifficultypatch.smx
L 06/01/2017 - 13:32:19: [SM] Call stack trace:
L 06/01/2017 - 13:32:19: [SM]   [0] GetEntPropString
L 06/01/2017 - 13:32:19: [SM]   [1] Line 1421, C:\Users\EthorbitV2\Desktop\sourcemodbackup\sourcemod\addons\sourcemod\scripting\autodifficultypatch.sp::FindEntityByTargetName
L 06/01/2017 - 13:32:19: [SM]   [2] Line 784, C:\Users\EthorbitV2\Desktop\sourcemodbackup\sourcemod\addons\sourcemod\scripting\autodifficultypatch.sp::UpdateHeadcrab
L 06/01/2017 - 13:32:19: [SM]   [3] Line 26, C:\Users\EthorbitV2\Desktop\sourcemodbackup\sourcemod\addons\sourcemod\scripting\autodifficultypatch.sp::OnClientDisconnect_Post
L 06/01/2017 - 13:40:17: [SM] Exception reported: Entity 6 (6) is invalid
L 06/01/2017 - 13:40:17: [SM] Blaming: autodifficultypatch.smx
L 06/01/2017 - 13:40:17: [SM] Call stack trace:
L 06/01/2017 - 13:40:17: [SM]   [0] GetEntPropString
L 06/01/2017 - 13:40:17: [SM]   [1] Line 1421, C:\Users\EthorbitV2\Desktop\sourcemodbackup\sourcemod\addons\sourcemod\scripting\autodifficultypatch.sp::FindEntityByTargetName
L 06/01/2017 - 13:40:17: [SM]   [2] Line 784, C:\Users\EthorbitV2\Desktop\sourcemodbackup\sourcemod\addons\sourcemod\scripting\autodifficultypatch.sp::UpdateHeadcrab
L 06/01/2017 - 13:40:17: [SM]   [3] Line 26, C:\Users\EthorbitV2\Desktop\sourcemodbackup\sourcemod\addons\sourcemod\scripting\autodifficultypatch.sp::OnClientDisconnect_Post
L 06/01/2017 - 13:48:11: [SM] Exception reported: Entity 6 (6) is invalid
L 06/01/2017 - 13:48:11: [SM] Blaming: autodifficultypatch.smx
L 06/01/2017 - 13:48:11: [SM] Call stack trace:
L 06/01/2017 - 13:48:11: [SM]   [0] GetEntPropString
L 06/01/2017 - 13:48:11: [SM]   [1] Line 1421, C:\Users\EthorbitV2\Desktop\sourcemodbackup\sourcemod\addons\sourcemod\scripting\autodifficultypatch.sp::FindEntityByTargetName
L 06/01/2017 - 13:48:11: [SM]   [2] Line 784, C:\Users\EthorbitV2\Desktop\sourcemodbackup\sourcemod\addons\sourcemod\scripting\autodifficultypatch.sp::UpdateHeadcrab
L 06/01/2017 - 13:48:11: [SM]   [3] Line 26, C:\Users\EthorbitV2\Desktop\sourcemodbackup\sourcemod\addons\sourcemod\scripting\autodifficultypatch.sp::OnClientDisconnect_Post
L 06/01/2017 - 13:59:06: [SM] Exception reported: Entity 7 (7) is invalid
L 06/01/2017 - 13:59:06: [SM] Blaming: autodifficultypatch.smx
L 06/01/2017 - 13:59:06: [SM] Call stack trace:
L 06/01/2017 - 13:59:06: [SM]   [0] GetEntPropString
L 06/01/2017 - 13:59:06: [SM]   [1] Line 1421, C:\Users\EthorbitV2\Desktop\sourcemodbackup\sourcemod\addons\sourcemod\scripting\autodifficultypatch.sp::FindEntityByTargetName
L 06/01/2017 - 13:59:06: [SM]   [2] Line 792, C:\Users\EthorbitV2\Desktop\sourcemodbackup\sourcemod\addons\sourcemod\scripting\autodifficultypatch.sp::UpdateHeadcrab
L 06/01/2017 - 13:59:06: [SM]   [3] Line 26, C:\Users\EthorbitV2\Desktop\sourcemodbackup\sourcemod\addons\sourcemod\scripting\autodifficultypatch.sp::OnClientDisconnect_Post
L 06/01/2017 - 13:59:49: [SM] Exception reported: Entity 1 (1) is invalid
L 06/01/2017 - 13:59:49: [SM] Blaming: autodifficultypatch.smx
L 06/01/2017 - 13:59:49: [SM] Call stack trace:
L 06/01/2017 - 13:59:49: [SM]   [0] GetEntPropString
L 06/01/2017 - 13:59:49: [SM]   [1] Line 1421, C:\Users\EthorbitV2\Desktop\sourcemodbackup\sourcemod\addons\sourcemod\scripting\autodifficultypatch.sp::FindEntityByTargetName
L 06/01/2017 - 13:59:49: [SM]   [2] Line 792, C:\Users\EthorbitV2\Desktop\sourcemodbackup\sourcemod\addons\sourcemod\scripting\autodifficultypatch.sp::UpdateHeadcrab
L 06/01/2017 - 13:59:49: [SM]   [3] Line 26, C:\Users\EthorbitV2\Desktop\sourcemodbackup\sourcemod\addons\sourcemod\scripting\autodifficultypatch.sp::OnClientDisconnect_Post
L 06/01/2017 - 13:59:49: [SM] Exception reported: Entity 2 (2) is invalid
L 06/01/2017 - 13:59:49: [SM] Blaming: autodifficultypatch.smx
L 06/01/2017 - 13:59:49: [SM] Call stack trace:
L 06/01/2017 - 13:59:49: [SM]   [0] GetEntPropString
L 06/01/2017 - 13:59:49: [SM]   [1] Line 1421, C:\Users\EthorbitV2\Desktop\sourcemodbackup\sourcemod\addons\sourcemod\scripting\autodifficultypatch.sp::FindEntityByTargetName
L 06/01/2017 - 13:59:49: [SM]   [2] Line 784, C:\Users\EthorbitV2\Desktop\sourcemodbackup\sourcemod\addons\sourcemod\scripting\autodifficultypatch.sp::UpdateHeadcrab
L 06/01/2017 - 13:59:49: [SM]   [3] Line 26, C:\Users\EthorbitV2\Desktop\sourcemodbackup\sourcemod\addons\sourcemod\scripting\autodifficultypatch.sp::OnClientDisconnect_Post
L 06/01/2017 - 13:59:49: [SM] Exception reported: Entity 3 (3) is invalid
L 06/01/2017 - 13:59:49: [SM] Blaming: autodifficultypatch.smx
L 06/01/2017 - 13:59:49: [SM] Call stack trace:
L 06/01/2017 - 13:59:49: [SM]   [0] GetEntPropString
L 06/01/2017 - 13:59:49: [SM]   [1] Line 1421, C:\Users\EthorbitV2\Desktop\sourcemodbackup\sourcemod\addons\sourcemod\scripting\autodifficultypatch.sp::FindEntityByTargetName
L 06/01/2017 - 13:59:49: [SM]   [2] Line 776, C:\Users\EthorbitV2\Desktop\sourcemodbackup\sourcemod\addons\sourcemod\scripting\autodifficultypatch.sp::UpdateHeadcrab
L 06/01/2017 - 13:59:49: [SM]   [3] Line 26, C:\Users\EthorbitV2\Desktop\sourcemodbackup\sourcemod\addons\sourcemod\scripting\autodifficultypatch.sp::OnClientDisconnect_Post
L 06/01/2017 - 13:59:49: [SM] Exception reported: Entity 4 (4) is invalid
L 06/01/2017 - 13:59:49: [SM] Blaming: autodifficultypatch.smx
L 06/01/2017 - 13:59:49: [SM] Call stack trace:
L 06/01/2017 - 13:59:49: [SM]   [0] GetEntPropString
L 06/01/2017 - 13:59:49: [SM]   [1] Line 1421, C:\Users\EthorbitV2\Desktop\sourcemodbackup\sourcemod\addons\sourcemod\scripting\autodifficultypatch.sp::FindEntityByTargetName
L 06/01/2017 - 13:59:49: [SM]   [2] Line 768, C:\Users\EthorbitV2\Desktop\sourcemodbackup\sourcemod\addons\sourcemod\scripting\autodifficultypatch.sp::UpdateHeadcrab
L 06/01/2017 - 13:59:49: [SM]   [3] Line 26, C:\Users\EthorbitV2\Desktop\sourcemodbackup\sourcemod\addons\sourcemod\scripting\autodifficultypatch.sp::OnClientDisconnect_Post
L 06/01/2017 - 13:59:49: [SM] Exception reported: Entity 5 (5) is invalid
L 06/01/2017 - 13:59:49: [SM] Blaming: autodifficultypatch.smx
L 06/01/2017 - 13:59:49: [SM] Call stack trace:
L 06/01/2017 - 13:59:49: [SM]   [0] GetEntPropString
L 06/01/2017 - 13:59:49: [SM]   [1] Line 1421, C:\Users\EthorbitV2\Desktop\sourcemodbackup\sourcemod\addons\sourcemod\scripting\autodifficultypatch.sp::FindEntityByTargetName
L 06/01/2017 - 13:59:49: [SM]   [2] Line 760, C:\Users\EthorbitV2\Desktop\sourcemodbackup\sourcemod\addons\sourcemod\scripting\autodifficultypatch.sp::UpdateHeadcrab
L 06/01/2017 - 13:59:49: [SM]   [3] Line 26, C:\Users\EthorbitV2\Desktop\sourcemodbackup\sourcemod\addons\sourcemod\scripting\autodifficultypatch.sp::OnClientDisconnect_Post
L 06/01/2017 - 13:59:49: [SM] Exception reported: Entity 6 (6) is invalid
L 06/01/2017 - 13:59:49: [SM] Blaming: autodifficultypatch.smx
L 06/01/2017 - 13:59:49: [SM] Call stack trace:
L 06/01/2017 - 13:59:49: [SM]   [0] GetEntPropString
L 06/01/2017 - 13:59:49: [SM]   [1] Line 1421, C:\Users\EthorbitV2\Desktop\sourcemodbackup\sourcemod\addons\sourcemod\scripting\autodifficultypatch.sp::FindEntityByTargetName
L 06/01/2017 - 13:59:49: [SM]   [2] Line 752, C:\Users\EthorbitV2\Desktop\sourcemodbackup\sourcemod\addons\sourcemod\scripting\autodifficultypatch.sp::UpdateHeadcrab
L 06/01/2017 - 13:59:49: [SM]   [3] Line 26, C:\Users\EthorbitV2\Desktop\sourcemodbackup\sourcemod\addons\sourcemod\scripting\autodifficultypatch.sp::OnClientDisconnect_Post
L 06/01/2017 - 13:59:49: [SM] Exception reported: Entity 7 (7) is invalid
L 06/01/2017 - 13:59:49: [SM] Blaming: autodifficultypatch.smx
L 06/01/2017 - 13:59:49: [SM] Call stack trace:
L 06/01/2017 - 13:59:49: [SM]   [0] GetEntPropString
L 06/01/2017 - 13:59:49: [SM]   [1] Line 1421, C:\Users\EthorbitV2\Desktop\sourcemodbackup\sourcemod\addons\sourcemod\scripting\autodifficultypatch.sp::FindEntityByTargetName
L 06/01/2017 - 13:59:49: [SM]   [2] Line 744, C:\Users\EthorbitV2\Desktop\sourcemodbackup\sourcemod\addons\sourcemod\scripting\autodifficultypatch.sp::UpdateHeadcrab
L 06/01/2017 - 13:59:49: [SM]   [3] Line 26, C:\Users\EthorbitV2\Desktop\sourcemodbackup\sourcemod\addons\sourcemod\scripting\autodifficultypatch.sp::OnClientDisconnect_Post
L 06/01/2017 - 13:59:49: Error log file session closed.
L 06/01/2017 - 13:59:49: SourceMod error session started
L 06/01/2017 - 13:59:49: Info (map "pb_z_area51_m") (file "errors_20170601.log")
L 06/01/2017 - 13:59:49: [SM] Fatal error encountered parsing translation file "savescores.phrases.txt"
L 06/01/2017 - 13:59:49: [SM] Error (line 0, column 0): Stream failed to open
L 06/01/2017 - 13:59:49: [SM] Fatal error encountered parsing translation file "customvotes.phrases.txt"
L 06/01/2017 - 13:59:49: [SM] Error (line 0, column 0): Stream failed to open
L 06/01/2017 - 14:03:53: [SM] Exception reported: Entity 4 (4) is invalid
L 06/01/2017 - 14:03:53: [SM] Blaming: autodifficultypatch.smx
L 06/01/2017 - 14:03:53: [SM] Call stack trace:
L 06/01/2017 - 14:03:53: [SM]   [0] GetEntPropString
L 06/01/2017 - 14:03:53: [SM]   [1] Line 1421, C:\Users\EthorbitV2\Desktop\sourcemodbackup\sourcemod\addons\sourcemod\scripting\autodifficultypatch.sp::FindEntityByTargetName
L 06/01/2017 - 14:03:53: [SM]   [2] Line 1319, C:\Users\EthorbitV2\Desktop\sourcemodbackup\sourcemod\addons\sourcemod\scripting\autodifficultypatch.sp::UpdateHeadcrab
L 06/01/2017 - 14:03:53: [SM]   [3] Line 26, C:\Users\EthorbitV2\Desktop\sourcemodbackup\sourcemod\addons\sourcemod\scripting\autodifficultypatch.sp::OnClientDisconnect_Post
L 06/01/2017 - 14:04:25: [SM] Exception reported: Entity 7 (7) is invalid
L 06/01/2017 - 14:04:25: [SM] Blaming: autodifficultypatch.smx
L 06/01/2017 - 14:04:25: [SM] Call stack trace:
L 06/01/2017 - 14:04:25: [SM]   [0] GetEntPropString
L 06/01/2017 - 14:04:25: [SM]   [1] Line 1421, C:\Users\EthorbitV2\Desktop\sourcemodbackup\sourcemod\addons\sourcemod\scripting\autodifficultypatch.sp::FindEntityByTargetName
L 06/01/2017 - 14:04:25: [SM]   [2] Line 1311, C:\Users\EthorbitV2\Desktop\sourcemodbackup\sourcemod\addons\sourcemod\scripting\autodifficultypatch.sp::UpdateHeadcrab
L 06/01/2017 - 14:04:25: [SM]   [3] Line 26, C:\Users\EthorbitV2\Desktop\sourcemodbackup\sourcemod\addons\sourcemod\scripting\autodifficultypatch.sp::OnClientDisconnect_Post
L 06/01/2017 - 14:07:35: [SM] Exception reported: Entity 1 (1) is invalid
L 06/01/2017 - 14:07:35: [SM] Blaming: autodifficultypatch.smx
L 06/01/2017 - 14:07:35: [SM] Call stack trace:
L 06/01/2017 - 14:07:35: [SM]   [0] GetEntPropString
L 06/01/2017 - 14:07:35: [SM]   [1] Line 1421, C:\Users\EthorbitV2\Desktop\sourcemodbackup\sourcemod\addons\sourcemod\scripting\autodifficultypatch.sp::FindEntityByTargetName
L 06/01/2017 - 14:07:35: [SM]   [2] Line 1303, C:\Users\EthorbitV2\Desktop\sourcemodbackup\sourcemod\addons\sourcemod\scripting\autodifficultypatch.sp::UpdateHeadcrab
L 06/01/2017 - 14:07:35: [SM]   [3] Line 26, C:\Users\EthorbitV2\Desktop\sourcemodbackup\sourcemod\addons\sourcemod\scripting\autodifficultypatch.sp::OnClientDisconnect_Post
L 06/01/2017 - 14:08:23: [SM] Exception reported: Entity 3 (3) is invalid
L 06/01/2017 - 14:08:23: [SM] Blaming: autodifficultypatch.smx
L 06/01/2017 - 14:08:23: [SM] Call stack trace:
L 06/01/2017 - 14:08:23: [SM]   [0] GetEntPropString
L 06/01/2017 - 14:08:23: [SM]   [1] Line 1421, C:\Users\EthorbitV2\Desktop\sourcemodbackup\sourcemod\addons\sourcemod\scripting\autodifficultypatch.sp::FindEntityByTargetName
L 06/01/2017 - 14:08:23: [SM]   [2] Line 1295, C:\Users\EthorbitV2\Desktop\sourcemodbackup\sourcemod\addons\sourcemod\scripting\autodifficultypatch.sp::UpdateHeadcrab
L 06/01/2017 - 14:08:23: [SM]   [3] Line 26, C:\Users\EthorbitV2\Desktop\sourcemodbackup\sourcemod\addons\sourcemod\scripting\autodifficultypatch.sp::OnClientDisconnect_Post
L 06/01/2017 - 14:09:15: [SM] Exception reported: Entity 2 (2) is invalid
L 06/01/2017 - 14:09:15: [SM] Blaming: autodifficultypatch.smx
L 06/01/2017 - 14:09:15: [SM] Call stack trace:
L 06/01/2017 - 14:09:15: [SM]   [0] GetEntPropString
L 06/01/2017 - 14:09:15: [SM]   [1] Line 1421, C:\Users\EthorbitV2\Desktop\sourcemodbackup\sourcemod\addons\sourcemod\scripting\autodifficultypatch.sp::FindEntityByTargetName
L 06/01/2017 - 14:09:15: [SM]   [2] Line 1287, C:\Users\EthorbitV2\Desktop\sourcemodbackup\sourcemod\addons\sourcemod\scripting\autodifficultypatch.sp::UpdateHeadcrab
L 06/01/2017 - 14:09:15: [SM]   [3] Line 26, C:\Users\EthorbitV2\Desktop\sourcemodbackup\sourcemod\addons\sourcemod\scripting\autodifficultypatch.sp::OnClientDisconnect_Post
L 06/01/2017 - 14:10:18: [SM] Exception reported: Entity 1 (1) is invalid
L 06/01/2017 - 14:10:18: [SM] Blaming: autodifficultypatch.smx
L 06/01/2017 - 14:10:18: [SM] Call stack trace:
L 06/01/2017 - 14:10:18: [SM]   [0] GetEntPropString
L 06/01/2017 - 14:10:18: [SM]   [1] Line 1421, C:\Users\EthorbitV2\Desktop\sourcemodbackup\sourcemod\addons\sourcemod\scripting\autodifficultypatch.sp::FindEntityByTargetName
L 06/01/2017 - 14:10:18: [SM]   [2] Line 1287, C:\Users\EthorbitV2\Desktop\sourcemodbackup\sourcemod\addons\sourcemod\scripting\autodifficultypatch.sp::UpdateHeadcrab
L 06/01/2017 - 14:10:18: [SM]   [3] Line 26, C:\Users\EthorbitV2\Desktop\sourcemodbackup\sourcemod\addons\sourcemod\scripting\autodifficultypatch.sp::OnClientDisconnect_Post
L 06/01/2017 - 14:21:55: [SM] Exception reported: Entity 6 (6) is invalid
L 06/01/2017 - 14:21:55: [SM] Blaming: autodifficultypatch.smx
L 06/01/2017 - 14:21:55: [SM] Call stack trace:
L 06/01/2017 - 14:21:55: [SM]   [0] GetEntPropString
L 06/01/2017 - 14:21:55: [SM]   [1] Line 1421, C:\Users\EthorbitV2\Desktop\sourcemodbackup\sourcemod\addons\sourcemod\scripting\autodifficultypatch.sp::FindEntityByTargetName
L 06/01/2017 - 14:21:55: [SM]   [2] Line 1287, C:\Users\EthorbitV2\Desktop\sourcemodbackup\sourcemod\addons\sourcemod\scripting\autodifficultypatch.sp::UpdateHeadcrab
L 06/01/2017 - 14:21:55: [SM]   [3] Line 26, C:\Users\EthorbitV2\Desktop\sourcemodbackup\sourcemod\addons\sourcemod\scripting\autodifficultypatch.sp::OnClientDisconnect_Post
L 06/01/2017 - 14:28:39: [SM] Exception reported: Entity 5 (5) is invalid
L 06/01/2017 - 14:28:39: [SM] Blaming: autodifficultypatch.smx
L 06/01/2017 - 14:28:39: [SM] Call stack trace:
L 06/01/2017 - 14:28:39: [SM]   [0] GetEntPropString
L 06/01/2017 - 14:28:39: [SM]   [1] Line 1421, C:\Users\EthorbitV2\Desktop\sourcemodbackup\sourcemod\addons\sourcemod\scripting\autodifficultypatch.sp::FindEntityByTargetName
L 06/01/2017 - 14:28:39: [SM]   [2] Line 1279, C:\Users\EthorbitV2\Desktop\sourcemodbackup\sourcemod\addons\sourcemod\scripting\autodifficultypatch.sp::UpdateHeadcrab
L 06/01/2017 - 14:28:39: [SM]   [3] Line 26, C:\Users\EthorbitV2\Desktop\sourcemodbackup\sourcemod\addons\sourcemod\scripting\autodifficultypatch.sp::OnClientDisconnect_Post
L 06/01/2017 - 14:29:54: [SM] Exception reported: Entity 1 (1) is invalid
L 06/01/2017 - 14:29:54: [SM] Blaming: autodifficultypatch.smx
L 06/01/2017 - 14:29:54: [SM] Call stack trace:
L 06/01/2017 - 14:29:54: [SM]   [0] GetEntPropString
L 06/01/2017 - 14:29:54: [SM]   [1] Line 1421, C:\Users\EthorbitV2\Desktop\sourcemodbackup\sourcemod\addons\sourcemod\scripting\autodifficultypatch.sp::FindEntityByTargetName
L 06/01/2017 - 14:29:54: [SM]   [2] Line 1271, C:\Users\EthorbitV2\Desktop\sourcemodbackup\sourcemod\addons\sourcemod\scripting\autodifficultypatch.sp::UpdateHeadcrab
L 06/01/2017 - 14:29:54: [SM]   [3] Line 26, C:\Users\EthorbitV2\Desktop\sourcemodbackup\sourcemod\addons\sourcemod\scripting\autodifficultypatch.sp::OnClientDisconnect_Post
L 06/01/2017 - 14:37:16: [SM] Exception reported: Entity 1 (1) is invalid
L 06/01/2017 - 14:37:16: [SM] Blaming: autodifficultypatch.smx
L 06/01/2017 - 14:37:16: [SM] Call stack trace:
L 06/01/2017 - 14:37:16: [SM]   [0] GetEntPropString
L 06/01/2017 - 14:37:16: [SM]   [1] Line 1421, C:\Users\EthorbitV2\Desktop\sourcemodbackup\sourcemod\addons\sourcemod\scripting\autodifficultypatch.sp::FindEntityByTargetName
L 06/01/2017 - 14:37:16: [SM]   [2] Line 1279, C:\Users\EthorbitV2\Desktop\sourcemodbackup\sourcemod\addons\sourcemod\scripting\autodifficultypatch.sp::UpdateHeadcrab
L 06/01/2017 - 14:37:16: [SM]   [3] Line 26, C:\Users\EthorbitV2\Desktop\sourcemodbackup\sourcemod\addons\sourcemod\scripting\autodifficultypatch.sp::OnClientDisconnect_Post
L 06/01/2017 - 14:38:06: [SM] Exception reported: Entity 2 (2) is invalid
L 06/01/2017 - 14:38:06: [SM] Blaming: autodifficultypatch.smx
L 06/01/2017 - 14:38:06: [SM] Call stack trace:
L 06/01/2017 - 14:38:06: [SM]   [0] GetEntPropString
L 06/01/2017 - 14:38:06: [SM]   [1] Line 1421, C:\Users\EthorbitV2\Desktop\sourcemodbackup\sourcemod\addons\sourcemod\scripting\autodifficultypatch.sp::FindEntityByTargetName
L 06/01/2017 - 14:38:06: [SM]   [2] Line 1271, C:\Users\EthorbitV2\Desktop\sourcemodbackup\sourcemod\addons\sourcemod\scripting\autodifficultypatch.sp::UpdateHeadcrab
L 06/01/2017 - 14:38:06: [SM]   [3] Line 26, C:\Users\EthorbitV2\Desktop\sourcemodbackup\sourcemod\addons\sourcemod\scripting\autodifficultypatch.sp::OnClientDisconnect_Post
L 06/01/2017 - 14:38:12: [SM] Exception reported: Entity 1 (1) is invalid
L 06/01/2017 - 14:38:12: [SM] Blaming: autodifficultypatch.smx
L 06/01/2017 - 14:38:12: [SM] Call stack trace:
L 06/01/2017 - 14:38:12: [SM]   [0] GetEntPropString
L 06/01/2017 - 14:38:12: [SM]   [1] Line 1421, C:\Users\EthorbitV2\Desktop\sourcemodbackup\sourcemod\addons\sourcemod\scripting\autodifficultypatch.sp::FindEntityByTargetName
L 06/01/2017 - 14:38:12: [SM]   [2] Line 1271, C:\Users\EthorbitV2\Desktop\sourcemodbackup\sourcemod\addons\sourcemod\scripting\autodifficultypatch.sp::UpdateHeadcrab
L 06/01/2017 - 14:38:12: [SM]   [3] Line 26, C:\Users\EthorbitV2\Desktop\sourcemodbackup\sourcemod\addons\sourcemod\scripting\autodifficultypatch.sp::OnClientDisconnect_Post
L 06/01/2017 - 14:59:59: Error log file session closed.
L 06/01/2017 - 14:59:59: SourceMod error session started
L 06/01/2017 - 14:59:59: Info (map "dm_october_m") (file "errors_20170601.log")
L 06/01/2017 - 14:59:59: [SM] Fatal error encountered parsing translation file "savescores.phrases.txt"
L 06/01/2017 - 14:59:59: [SM] Error (line 0, column 0): Stream failed to open
L 06/01/2017 - 14:59:59: [SM] Fatal error encountered parsing translation file "customvotes.phrases.txt"
L 06/01/2017 - 14:59:59: [SM] Error (line 0, column 0): Stream failed to open
L 06/01/2017 - 16:00:10: Error log file session closed.
L 06/01/2017 - 16:00:10: SourceMod error session started
L 06/01/2017 - 16:00:10: Info (map "dm_raven_m") (file "errors_20170601.log")
L 06/01/2017 - 16:00:10: [SM] Fatal error encountered parsing translation file "savescores.phrases.txt"
L 06/01/2017 - 16:00:10: [SM] Error (line 0, column 0): Stream failed to open
L 06/01/2017 - 16:00:10: [SM] Fatal error encountered parsing translation file "customvotes.phrases.txt"
L 06/01/2017 - 16:00:10: [SM] Error (line 0, column 0): Stream failed to open
L 06/01/2017 - 16:21:59: [SM] Exception reported: Entity 1 (1) is invalid
L 06/01/2017 - 16:21:59: [SM] Blaming: autodifficultypatch.smx
L 06/01/2017 - 16:21:59: [SM] Call stack trace:
L 06/01/2017 - 16:21:59: [SM]   [0] GetEntPropString
L 06/01/2017 - 16:21:59: [SM]   [1] Line 1421, C:\Users\EthorbitV2\Desktop\sourcemodbackup\sourcemod\addons\sourcemod\scripting\autodifficultypatch.sp::FindEntityByTargetName
L 06/01/2017 - 16:21:59: [SM]   [2] Line 969, C:\Users\EthorbitV2\Desktop\sourcemodbackup\sourcemod\addons\sourcemod\scripting\autodifficultypatch.sp::UpdateHeadcrab
L 06/01/2017 - 16:21:59: [SM]   [3] Line 26, C:\Users\EthorbitV2\Desktop\sourcemodbackup\sourcemod\addons\sourcemod\scripting\autodifficultypatch.sp::OnClientDisconnect_Post
L 06/01/2017 - 16:22:02: Error log file session closed.
L 06/01/2017 - 16:22:02: SourceMod error session started
L 06/01/2017 - 16:22:02: Info (map "pb_z_earthquake_m") (file "errors_20170601.log")
L 06/01/2017 - 16:22:02: [SM] Fatal error encountered parsing translation file "savescores.phrases.txt"
L 06/01/2017 - 16:22:02: [SM] Error (line 0, column 0): Stream failed to open
L 06/01/2017 - 16:22:02: [SM] Fatal error encountered parsing translation file "customvotes.phrases.txt"
L 06/01/2017 - 16:22:02: [SM] Error (line 0, column 0): Stream failed to open
L 06/01/2017 - 16:30:24: [SM] Exception reported: Entity 1 (1) is invalid
L 06/01/2017 - 16:30:24: [SM] Blaming: autodifficultypatch.smx
L 06/01/2017 - 16:30:24: [SM] Call stack trace:
L 06/01/2017 - 16:30:24: [SM]   [0] GetEntPropString
L 06/01/2017 - 16:30:24: [SM]   [1] Line 1421, C:\Users\EthorbitV2\Desktop\sourcemodbackup\sourcemod\addons\sourcemod\scripting\autodifficultypatch.sp::FindEntityByTargetName
L 06/01/2017 - 16:30:24: [SM]   [2] Line 819, C:\Users\EthorbitV2\Desktop\sourcemodbackup\sourcemod\addons\sourcemod\scripting\autodifficultypatch.sp::UpdateHeadcrab
L 06/01/2017 - 16:30:24: [SM]   [3] Line 26, C:\Users\EthorbitV2\Desktop\sourcemodbackup\sourcemod\addons\sourcemod\scripting\autodifficultypatch.sp::OnClientDisconnect_Post
L 06/01/2017 - 17:22:13: Error log file session closed.
L 06/01/2017 - 17:22:13: SourceMod error session started
L 06/01/2017 - 17:22:13: Info (map "dm_laststop_m") (file "errors_20170601.log")
L 06/01/2017 - 17:22:13: [SM] Fatal error encountered parsing translation file "savescores.phrases.txt"
L 06/01/2017 - 17:22:13: [SM] Error (line 0, column 0): Stream failed to open
L 06/01/2017 - 17:22:13: [SM] Fatal error encountered parsing translation file "customvotes.phrases.txt"
L 06/01/2017 - 17:22:13: [SM] Error (line 0, column 0): Stream failed to open
L 06/01/2017 - 17:33:05: [SM] Exception reported: Entity 1 (1) is invalid
L 06/01/2017 - 17:33:05: [SM] Blaming: autodifficultypatch.smx
L 06/01/2017 - 17:33:05: [SM] Call stack trace:
L 06/01/2017 - 17:33:05: [SM]   [0] GetEntPropString
L 06/01/2017 - 17:33:05: [SM]   [1] Line 1421, C:\Users\EthorbitV2\Desktop\sourcemodbackup\sourcemod\addons\sourcemod\scripting\autodifficultypatch.sp::FindEntityByTargetName
L 06/01/2017 - 17:33:05: [SM]   [2] Line 894, C:\Users\EthorbitV2\Desktop\sourcemodbackup\sourcemod\addons\sourcemod\scripting\autodifficultypatch.sp::UpdateHeadcrab
L 06/01/2017 - 17:33:05: [SM]   [3] Line 26, C:\Users\EthorbitV2\Desktop\sourcemodbackup\sourcemod\addons\sourcemod\scripting\autodifficultypatch.sp::OnClientDisconnect_Post
L 06/01/2017 - 17:58:34: [SM] Exception reported: Entity 1 (1) is invalid
L 06/01/2017 - 17:58:34: [SM] Blaming: autodifficultypatch.smx
L 06/01/2017 - 17:58:34: [SM] Call stack trace:
L 06/01/2017 - 17:58:34: [SM]   [0] GetEntPropString
L 06/01/2017 - 17:58:34: [SM]   [1] Line 1421, C:\Users\EthorbitV2\Desktop\sourcemodbackup\sourcemod\addons\sourcemod\scripting\autodifficultypatch.sp::FindEntityByTargetName
L 06/01/2017 - 17:58:34: [SM]   [2] Line 894, C:\Users\EthorbitV2\Desktop\sourcemodbackup\sourcemod\addons\sourcemod\scripting\autodifficultypatch.sp::UpdateHeadcrab
L 06/01/2017 - 17:58:34: [SM]   [3] Line 26, C:\Users\EthorbitV2\Desktop\sourcemodbackup\sourcemod\addons\sourcemod\scripting\autodifficultypatch.sp::OnClientDisconnect_Post
L 06/01/2017 - 17:58:35: Error log file session closed.
L 06/01/2017 - 17:58:35: SourceMod error session started
L 06/01/2017 - 17:58:35: Info (map "pb_z_office_tower_m") (file "errors_20170601.log")
L 06/01/2017 - 17:58:35: [SM] Fatal error encountered parsing translation file "savescores.phrases.txt"
L 06/01/2017 - 17:58:35: [SM] Error (line 0, column 0): Stream failed to open
L 06/01/2017 - 17:58:35: [SM] Fatal error encountered parsing translation file "customvotes.phrases.txt"
L 06/01/2017 - 17:58:35: [SM] Error (line 0, column 0): Stream failed to open
L 06/01/2017 - 18:01:29: Error log file session closed.
L 06/01/2017 - 18:01:29: SourceMod error session started
L 06/01/2017 - 18:01:29: Info (map "dm_coldruins_rc1_m") (file "errors_20170601.log")
L 06/01/2017 - 18:01:29: [SM] Fatal error encountered parsing translation file "savescores.phrases.txt"
L 06/01/2017 - 18:01:29: [SM] Error (line 0, column 0): Stream failed to open
L 06/01/2017 - 18:01:29: [SM] Fatal error encountered parsing translation file "customvotes.phrases.txt"
L 06/01/2017 - 18:01:29: [SM] Error (line 0, column 0): Stream failed to open
L 06/01/2017 - 18:13:01: [SM] Exception reported: Entity 1 (1) is invalid
L 06/01/2017 - 18:13:01: [SM] Blaming: autodifficultypatch.smx
L 06/01/2017 - 18:13:01: [SM] Call stack trace:
L 06/01/2017 - 18:13:01: [SM]   [0] GetEntPropString
L 06/01/2017 - 18:13:01: [SM]   [1] Line 1421, C:\Users\EthorbitV2\Desktop\sourcemodbackup\sourcemod\addons\sourcemod\scripting\autodifficultypatch.sp::FindEntityByTargetName
L 06/01/2017 - 18:13:01: [SM]   [2] Line 669, C:\Users\EthorbitV2\Desktop\sourcemodbackup\sourcemod\addons\sourcemod\scripting\autodifficultypatch.sp::UpdateHeadcrab
L 06/01/2017 - 18:13:01: [SM]   [3] Line 26, C:\Users\EthorbitV2\Desktop\sourcemodbackup\sourcemod\addons\sourcemod\scripting\autodifficultypatch.sp::OnClientDisconnect_Post
L 06/01/2017 - 18:13:02: Error log file session closed.
L 06/01/2017 - 18:13:02: SourceMod error session started
L 06/01/2017 - 18:13:02: Info (map "pb_z_high_school_m") (file "errors_20170601.log")
L 06/01/2017 - 18:13:02: [SM] Fatal error encountered parsing translation file "savescores.phrases.txt"
L 06/01/2017 - 18:13:02: [SM] Error (line 0, column 0): Stream failed to open
L 06/01/2017 - 18:13:02: [SM] Fatal error encountered parsing translation file "customvotes.phrases.txt"
L 06/01/2017 - 18:13:02: [SM] Error (line 0, column 0): Stream failed to open
L 06/01/2017 - 18:32:31: [SM] Exception reported: Entity 1 (1) is invalid
L 06/01/2017 - 18:32:31: [SM] Blaming: autodifficultypatch.smx
L 06/01/2017 - 18:32:31: [SM] Call stack trace:
L 06/01/2017 - 18:32:31: [SM]   [0] GetEntPropString
L 06/01/2017 - 18:32:31: [SM]   [1] Line 1421, C:\Users\EthorbitV2\Desktop\sourcemodbackup\sourcemod\addons\sourcemod\scripting\autodifficultypatch.sp::FindEntityByTargetName
L 06/01/2017 - 18:32:31: [SM]   [2] Line 1195, C:\Users\EthorbitV2\Desktop\sourcemodbackup\sourcemod\addons\sourcemod\scripting\autodifficultypatch.sp::UpdateHeadcrab
L 06/01/2017 - 18:32:31: [SM]   [3] Line 26, C:\Users\EthorbitV2\Desktop\sourcemodbackup\sourcemod\addons\sourcemod\scripting\autodifficultypatch.sp::OnClientDisconnect_Post
L 06/01/2017 - 18:36:14: [SM] Exception reported: Entity 1 (1) is invalid
L 06/01/2017 - 18:36:14: [SM] Blaming: autodifficultypatch.smx
L 06/01/2017 - 18:36:14: [SM] Call stack trace:
L 06/01/2017 - 18:36:14: [SM]   [0] GetEntPropString
L 06/01/2017 - 18:36:14: [SM]   [1] Line 1421, C:\Users\EthorbitV2\Desktop\sourcemodbackup\sourcemod\addons\sourcemod\scripting\autodifficultypatch.sp::FindEntityByTargetName
L 06/01/2017 - 18:36:14: [SM]   [2] Line 1195, C:\Users\EthorbitV2\Desktop\sourcemodbackup\sourcemod\addons\sourcemod\scripting\autodifficultypatch.sp::UpdateHeadcrab
L 06/01/2017 - 18:36:14: [SM]   [3] Line 26, C:\Users\EthorbitV2\Desktop\sourcemodbackup\sourcemod\addons\sourcemod\scripting\autodifficultypatch.sp::OnClientDisconnect_Post
L 06/01/2017 - 19:13:16: Error log file session closed.
L 06/01/2017 - 19:13:16: SourceMod error session started
L 06/01/2017 - 19:13:16: Info (map "pb_z_colony_m") (file "errors_20170601.log")
L 06/01/2017 - 19:13:16: [SM] Fatal error encountered parsing translation file "savescores.phrases.txt"
L 06/01/2017 - 19:13:16: [SM] Error (line 0, column 0): Stream failed to open
L 06/01/2017 - 19:13:16: [SM] Fatal error encountered parsing translation file "customvotes.phrases.txt"
L 06/01/2017 - 19:13:16: [SM] Error (line 0, column 0): Stream failed to open
L 06/01/2017 - 20:13:41: Error log file session closed.
L 06/01/2017 - 20:14:04: SourceMod error session started
L 06/01/2017 - 20:14:04: Info (map "dm_october_m") (file "errors_20170601.log")
L 06/01/2017 - 20:14:04: [SM] Fatal error encountered parsing translation file "savescores.phrases.txt"
L 06/01/2017 - 20:14:04: [SM] Error (line 0, column 0): Stream failed to open
L 06/01/2017 - 20:14:04: [SM] Fatal error encountered parsing translation file "customvotes.phrases.txt"
L 06/01/2017 - 20:14:04: [SM] Error (line 0, column 0): Stream failed to open
L 06/01/2017 - 20:40:06: Error log file session closed.
L 06/01/2017 - 20:40:10: SourceMod error session started
L 06/01/2017 - 20:40:10: Info (map "pb_z_area51_m") (file "errors_20170601.log")
L 06/01/2017 - 20:40:10: [SM] Fatal error encountered parsing translation file "savescores.phrases.txt"
L 06/01/2017 - 20:40:10: [SM] Error (line 0, column 0): Stream failed to open
L 06/01/2017 - 20:40:10: [SM] Fatal error encountered parsing translation file "customvotes.phrases.txt"
L 06/01/2017 - 20:40:10: [SM] Error (line 0, column 0): Stream failed to open
L 06/01/2017 - 20:47:42: [SM] Exception reported: Entity 2 (2) is invalid
L 06/01/2017 - 20:47:42: [SM] Blaming: autodifficultypatch.smx
L 06/01/2017 - 20:47:42: [SM] Call stack trace:
L 06/01/2017 - 20:47:42: [SM]   [0] GetEntPropString
L 06/01/2017 - 20:47:42: [SM]   [1] Line 1421, C:\Users\EthorbitV2\Desktop\sourcemodbackup\sourcemod\addons\sourcemod\scripting\autodifficultypatch.sp::FindEntityByTargetName
L 06/01/2017 - 20:47:42: [SM]   [2] Line 1287, C:\Users\EthorbitV2\Desktop\sourcemodbackup\sourcemod\addons\sourcemod\scripting\autodifficultypatch.sp::UpdateHeadcrab
L 06/01/2017 - 20:47:42: [SM]   [3] Line 26, C:\Users\EthorbitV2\Desktop\sourcemodbackup\sourcemod\addons\sourcemod\scripting\autodifficultypatch.sp::OnClientDisconnect_Post
L 06/01/2017 - 20:58:59: [SM] Exception reported: Entity 1 (1) is invalid
L 06/01/2017 - 20:58:59: [SM] Blaming: autodifficultypatch.smx
L 06/01/2017 - 20:58:59: [SM] Call stack trace:
L 06/01/2017 - 20:58:59: [SM]   [0] GetEntPropString
L 06/01/2017 - 20:58:59: [SM]   [1] Line 1421, C:\Users\EthorbitV2\Desktop\sourcemodbackup\sourcemod\addons\sourcemod\scripting\autodifficultypatch.sp::FindEntityByTargetName
L 06/01/2017 - 20:58:59: [SM]   [2] Line 1287, C:\Users\EthorbitV2\Desktop\sourcemodbackup\sourcemod\addons\sourcemod\scripting\autodifficultypatch.sp::UpdateHeadcrab
L 06/01/2017 - 20:58:59: [SM]   [3] Line 26, C:\Users\EthorbitV2\Desktop\sourcemodbackup\sourcemod\addons\sourcemod\scripting\autodifficultypatch.sp::OnClientDisconnect_Post
L 06/01/2017 - 21:02:57: [SM] Exception reported: Entity 2 (2) is invalid
L 06/01/2017 - 21:02:57: [SM] Blaming: autodifficultypatch.smx
L 06/01/2017 - 21:02:57: [SM] Call stack trace:
L 06/01/2017 - 21:02:57: [SM]   [0] GetEntPropString
L 06/01/2017 - 21:02:57: [SM]   [1] Line 1421, C:\Users\EthorbitV2\Desktop\sourcemodbackup\sourcemod\addons\sourcemod\scripting\autodifficultypatch.sp::FindEntityByTargetName
L 06/01/2017 - 21:02:57: [SM]   [2] Line 1287, C:\Users\EthorbitV2\Desktop\sourcemodbackup\sourcemod\addons\sourcemod\scripting\autodifficultypatch.sp::UpdateHeadcrab
L 06/01/2017 - 21:02:57: [SM]   [3] Line 26, C:\Users\EthorbitV2\Desktop\sourcemodbackup\sourcemod\addons\sourcemod\scripting\autodifficultypatch.sp::OnClientDisconnect_Post
L 06/01/2017 - 21:26:04: [SM] Exception reported: Entity 1 (1) is invalid
L 06/01/2017 - 21:26:04: [SM] Blaming: autodifficultypatch.smx
L 06/01/2017 - 21:26:04: [SM] Call stack trace:
L 06/01/2017 - 21:26:04: [SM]   [0] GetEntPropString
L 06/01/2017 - 21:26:04: [SM]   [1] Line 1421, C:\Users\EthorbitV2\Desktop\sourcemodbackup\sourcemod\addons\sourcemod\scripting\autodifficultypatch.sp::FindEntityByTargetName
L 06/01/2017 - 21:26:04: [SM]   [2] Line 1287, C:\Users\EthorbitV2\Desktop\sourcemodbackup\sourcemod\addons\sourcemod\scripting\autodifficultypatch.sp::UpdateHeadcrab
L 06/01/2017 - 21:26:04: [SM]   [3] Line 26, C:\Users\EthorbitV2\Desktop\sourcemodbackup\sourcemod\addons\sourcemod\scripting\autodifficultypatch.sp::OnClientDisconnect_Post
L 06/01/2017 - 21:26:04: [SM] Exception reported: Entity 3 (3) is invalid
L 06/01/2017 - 21:26:04: [SM] Blaming: autodifficultypatch.smx
L 06/01/2017 - 21:26:04: [SM] Call stack trace:
L 06/01/2017 - 21:26:04: [SM]   [0] GetEntPropString
L 06/01/2017 - 21:26:04: [SM]   [1] Line 1421, C:\Users\EthorbitV2\Desktop\sourcemodbackup\sourcemod\addons\sourcemod\scripting\autodifficultypatch.sp::FindEntityByTargetName
L 06/01/2017 - 21:26:04: [SM]   [2] Line 1279, C:\Users\EthorbitV2\Desktop\sourcemodbackup\sourcemod\addons\sourcemod\scripting\autodifficultypatch.sp::UpdateHeadcrab
L 06/01/2017 - 21:26:04: [SM]   [3] Line 26, C:\Users\EthorbitV2\Desktop\sourcemodbackup\sourcemod\addons\sourcemod\scripting\autodifficultypatch.sp::OnClientDisconnect_Post
L 06/01/2017 - 21:28:45: [SM] Exception reported: Entity 2 (2) is invalid
L 06/01/2017 - 21:28:45: [SM] Blaming: autodifficultypatch.smx
L 06/01/2017 - 21:28:45: [SM] Call stack trace:
L 06/01/2017 - 21:28:45: [SM]   [0] GetEntPropString
L 06/01/2017 - 21:28:45: [SM]   [1] Line 1421, C:\Users\EthorbitV2\Desktop\sourcemodbackup\sourcemod\addons\sourcemod\scripting\autodifficultypatch.sp::FindEntityByTargetName
L 06/01/2017 - 21:28:45: [SM]   [2] Line 1271, C:\Users\EthorbitV2\Desktop\sourcemodbackup\sourcemod\addons\sourcemod\scripting\autodifficultypatch.sp::UpdateHeadcrab
L 06/01/2017 - 21:28:45: [SM]   [3] Line 26, C:\Users\EthorbitV2\Desktop\sourcemodbackup\sourcemod\addons\sourcemod\scripting\autodifficultypatch.sp::OnClientDisconnect_Post
L 06/01/2017 - 21:28:47: Error log file session closed.
L 06/01/2017 - 21:28:47: SourceMod error session started
L 06/01/2017 - 21:28:47: Info (map "dm_laststop_m") (file "errors_20170601.log")
L 06/01/2017 - 21:28:47: [SM] Fatal error encountered parsing translation file "savescores.phrases.txt"
L 06/01/2017 - 21:28:47: [SM] Error (line 0, column 0): Stream failed to open
L 06/01/2017 - 21:28:47: [SM] Fatal error encountered parsing translation file "customvotes.phrases.txt"
L 06/01/2017 - 21:28:47: [SM] Error (line 0, column 0): Stream failed to open
L 06/01/2017 - 21:39:08: [SM] Exception reported: Entity 2 (2) is invalid
L 06/01/2017 - 21:39:08: [SM] Blaming: autodifficultypatch.smx
L 06/01/2017 - 21:39:08: [SM] Call stack trace:
L 06/01/2017 - 21:39:08: [SM]   [0] GetEntPropString
L 06/01/2017 - 21:39:08: [SM]   [1] Line 1421, C:\Users\EthorbitV2\Desktop\sourcemodbackup\sourcemod\addons\sourcemod\scripting\autodifficultypatch.sp::FindEntityByTargetName
L 06/01/2017 - 21:39:08: [SM]   [2] Line 894, C:\Users\EthorbitV2\Desktop\sourcemodbackup\sourcemod\addons\sourcemod\scripting\autodifficultypatch.sp::UpdateHeadcrab
L 06/01/2017 - 21:39:08: [SM]   [3] Line 26, C:\Users\EthorbitV2\Desktop\sourcemodbackup\sourcemod\addons\sourcemod\scripting\autodifficultypatch.sp::OnClientDisconnect_Post
L 06/01/2017 - 22:28:58: Error log file session closed.
L 06/01/2017 - 22:28:58: SourceMod error session started
L 06/01/2017 - 22:28:58: Info (map "dm_hellsdistrict_m") (file "errors_20170601.log")
L 06/01/2017 - 22:28:58: [SM] Fatal error encountered parsing translation file "savescores.phrases.txt"
L 06/01/2017 - 22:28:58: [SM] Error (line 0, column 0): Stream failed to open
L 06/01/2017 - 22:28:58: [SM] Fatal error encountered parsing translation file "customvotes.phrases.txt"
L 06/01/2017 - 22:28:58: [SM] Error (line 0, column 0): Stream failed to open
L 06/01/2017 - 23:29:09: Error log file session closed.
L 06/01/2017 - 23:29:09: SourceMod error session started
L 06/01/2017 - 23:29:09: Info (map "dm_morbid_m") (file "errors_20170601.log")
L 06/01/2017 - 23:29:09: [SM] Fatal error encountered parsing translation file "savescores.phrases.txt"
L 06/01/2017 - 23:29:09: [SM] Error (line 0, column 0): Stream failed to open
L 06/01/2017 - 23:29:09: [SM] Fatal error encountered parsing translation file "customvotes.phrases.txt"
L 06/01/2017 - 23:29:09: [SM] Error (line 0, column 0): Stream failed to open
L 06/01/2017 - 23:52:53: [SM] Exception reported: Entity 1 (1) is invalid
L 06/01/2017 - 23:52:53: [SM] Blaming: autodifficultypatch.smx
L 06/01/2017 - 23:52:53: [SM] Call stack trace:
L 06/01/2017 - 23:52:53: [SM]   [0] GetEntPropString
L 06/01/2017 - 23:52:53: [SM]   [1] Line 1421, C:\Users\EthorbitV2\Desktop\sourcemodbackup\sourcemod\addons\sourcemod\scripting\autodifficultypatch.sp::FindEntityByTargetName
L 06/01/2017 - 23:52:53: [SM]   [2] Line 1346, C:\Users\EthorbitV2\Desktop\sourcemodbackup\sourcemod\addons\sourcemod\scripting\autodifficultypatch.sp::UpdateHeadcrab
L 06/01/2017 - 23:52:53: [SM]   [3] Line 26, C:\Users\EthorbitV2\Desktop\sourcemodbackup\sourcemod\addons\sourcemod\scripting\autodifficultypatch.sp::OnClientDisconnect_Post
