L 05/14/2017 - 00:23:26: SourceMod error session started
L 05/14/2017 - 00:23:26: Info (map "dm_raven_m") (file "errors_20170514.log")
L 05/14/2017 - 00:23:26: Error log file session closed.
L 05/14/2017 - 00:23:26: SourceMod error session started
L 05/14/2017 - 00:23:26: Info (map "dm_raven_m") (file "errors_20170514.log")
L 05/14/2017 - 00:23:26: [SM] Fatal error encountered parsing translation file "savescores.phrases.txt"
L 05/14/2017 - 00:23:26: [SM] Error (line 0, column 0): Stream failed to open
L 05/14/2017 - 00:23:26: [SM] Fatal error encountered parsing translation file "customvotes.phrases.txt"
L 05/14/2017 - 00:23:26: [SM] Error (line 0, column 0): Stream failed to open
L 05/14/2017 - 01:21:05: SourceMod error session started
L 05/14/2017 - 01:21:05: Info (map "pb_z_high_school_m") (file "errors_20170514.log")
L 05/14/2017 - 01:21:05: [SDKTOOLS] Invalid detour address passed - Disabling detour to prevent crashes
L 05/14/2017 - 01:21:05: [SM] Fatal error encountered parsing translation file "savescores.phrases.txt"
L 05/14/2017 - 01:21:05: [SM] Error (line 0, column 0): Stream failed to open
L 05/14/2017 - 10:40:58: [SM] Exception reported: Entity 1 (1) is invalid
L 05/14/2017 - 10:40:58: [SM] Blaming: autodifficultypatch.smx
L 05/14/2017 - 10:40:58: [SM] Call stack trace:
L 05/14/2017 - 10:40:58: [SM]   [0] GetEntPropString
L 05/14/2017 - 10:40:58: [SM]   [1] Line 1420, C:\Users\Ethorbit\Desktop\sourcemod\scripting\autodifficultypatch.sp::FindEntityByTargetName
L 05/14/2017 - 10:40:58: [SM]   [2] Line 1194, C:\Users\Ethorbit\Desktop\sourcemod\scripting\autodifficultypatch.sp::UpdateHeadcrab
L 05/14/2017 - 10:40:58: [SM]   [3] Line 26, C:\Users\Ethorbit\Desktop\sourcemod\scripting\autodifficultypatch.sp::OnClientDisconnect_Post
L 05/14/2017 - 11:39:23: [SM] Exception reported: Entity 1 (1) is invalid
L 05/14/2017 - 11:39:23: [SM] Blaming: autodifficultypatch.smx
L 05/14/2017 - 11:39:23: [SM] Call stack trace:
L 05/14/2017 - 11:39:23: [SM]   [0] GetEntPropString
L 05/14/2017 - 11:39:23: [SM]   [1] Line 1420, C:\Users\Ethorbit\Desktop\sourcemod\scripting\autodifficultypatch.sp::FindEntityByTargetName
L 05/14/2017 - 11:39:23: [SM]   [2] Line 1210, C:\Users\Ethorbit\Desktop\sourcemod\scripting\autodifficultypatch.sp::UpdateHeadcrab
L 05/14/2017 - 11:39:23: [SM]   [3] Line 26, C:\Users\Ethorbit\Desktop\sourcemod\scripting\autodifficultypatch.sp::OnClientDisconnect_Post
L 05/14/2017 - 11:39:23: [SM] Exception reported: Entity 2 (2) is invalid
L 05/14/2017 - 11:39:23: [SM] Blaming: autodifficultypatch.smx
L 05/14/2017 - 11:39:23: [SM] Call stack trace:
L 05/14/2017 - 11:39:23: [SM]   [0] GetEntPropString
L 05/14/2017 - 11:39:23: [SM]   [1] Line 1420, C:\Users\Ethorbit\Desktop\sourcemod\scripting\autodifficultypatch.sp::FindEntityByTargetName
L 05/14/2017 - 11:39:23: [SM]   [2] Line 1202, C:\Users\Ethorbit\Desktop\sourcemod\scripting\autodifficultypatch.sp::UpdateHeadcrab
L 05/14/2017 - 11:39:23: [SM]   [3] Line 26, C:\Users\Ethorbit\Desktop\sourcemod\scripting\autodifficultypatch.sp::OnClientDisconnect_Post
L 05/14/2017 - 11:39:23: [SM] Exception reported: Entity 3 (3) is invalid
L 05/14/2017 - 11:39:23: [SM] Blaming: autodifficultypatch.smx
L 05/14/2017 - 11:39:23: [SM] Call stack trace:
L 05/14/2017 - 11:39:23: [SM]   [0] GetEntPropString
L 05/14/2017 - 11:39:23: [SM]   [1] Line 1420, C:\Users\Ethorbit\Desktop\sourcemod\scripting\autodifficultypatch.sp::FindEntityByTargetName
L 05/14/2017 - 11:39:23: [SM]   [2] Line 1194, C:\Users\Ethorbit\Desktop\sourcemod\scripting\autodifficultypatch.sp::UpdateHeadcrab
L 05/14/2017 - 11:39:23: [SM]   [3] Line 26, C:\Users\Ethorbit\Desktop\sourcemod\scripting\autodifficultypatch.sp::OnClientDisconnect_Post
L 05/14/2017 - 11:39:28: Error log file session closed.
L 05/14/2017 - 11:39:31: SourceMod error session started
L 05/14/2017 - 11:39:31: Info (map "pb_z_colony_m") (file "errors_20170514.log")
L 05/14/2017 - 11:39:31: [SM] Fatal error encountered parsing translation file "savescores.phrases.txt"
L 05/14/2017 - 11:39:31: [SM] Error (line 0, column 0): Stream failed to open
L 05/14/2017 - 11:54:58: [SM] Exception reported: Entity 1 (1) is invalid
L 05/14/2017 - 11:54:58: [SM] Blaming: autodifficultypatch.smx
L 05/14/2017 - 11:54:58: [SM] Call stack trace:
L 05/14/2017 - 11:54:58: [SM]   [0] GetEntPropString
L 05/14/2017 - 11:54:58: [SM]   [1] Line 1420, C:\Users\Ethorbit\Desktop\sourcemod\scripting\autodifficultypatch.sp::FindEntityByTargetName
L 05/14/2017 - 11:54:58: [SM]   [2] Line 376, C:\Users\Ethorbit\Desktop\sourcemod\scripting\autodifficultypatch.sp::UpdateHeadcrab
L 05/14/2017 - 11:54:58: [SM]   [3] Line 26, C:\Users\Ethorbit\Desktop\sourcemod\scripting\autodifficultypatch.sp::OnClientDisconnect_Post
L 05/14/2017 - 12:39:42: Error log file session closed.
L 05/14/2017 - 12:39:42: SourceMod error session started
L 05/14/2017 - 12:39:42: Info (map "dm_october_m") (file "errors_20170514.log")
L 05/14/2017 - 12:39:42: [SM] Fatal error encountered parsing translation file "savescores.phrases.txt"
L 05/14/2017 - 12:39:42: [SM] Error (line 0, column 0): Stream failed to open
L 05/14/2017 - 13:23:35: [SM] Fatal error encountered parsing translation file "customvotes.phrases.txt"
L 05/14/2017 - 13:23:35: [SM] Error (line 0, column 0): Stream failed to open
L 05/14/2017 - 13:39:54: Error log file session closed.
L 05/14/2017 - 13:39:54: SourceMod error session started
L 05/14/2017 - 13:39:54: Info (map "pb_z_disorder_m") (file "errors_20170514.log")
L 05/14/2017 - 13:39:54: [SM] Fatal error encountered parsing translation file "savescores.phrases.txt"
L 05/14/2017 - 13:39:54: [SM] Error (line 0, column 0): Stream failed to open
L 05/14/2017 - 13:39:54: [SM] Fatal error encountered parsing translation file "customvotes.phrases.txt"
L 05/14/2017 - 13:39:54: [SM] Error (line 0, column 0): Stream failed to open
L 05/14/2017 - 13:46:54: [SM] Exception reported: Entity 1 (1) is invalid
L 05/14/2017 - 13:46:54: [SM] Blaming: autodifficultypatch.smx
L 05/14/2017 - 13:46:54: [SM] Call stack trace:
L 05/14/2017 - 13:46:54: [SM]   [0] GetEntPropString
L 05/14/2017 - 13:46:54: [SM]   [1] Line 1420, C:\Users\Ethorbit\Desktop\sourcemod\scripting\autodifficultypatch.sp::FindEntityByTargetName
L 05/14/2017 - 13:46:54: [SM]   [2] Line 443, C:\Users\Ethorbit\Desktop\sourcemod\scripting\autodifficultypatch.sp::UpdateHeadcrab
L 05/14/2017 - 13:46:54: [SM]   [3] Line 26, C:\Users\Ethorbit\Desktop\sourcemod\scripting\autodifficultypatch.sp::OnClientDisconnect_Post
L 05/14/2017 - 13:46:55: Error log file session closed.
L 05/14/2017 - 13:46:55: SourceMod error session started
L 05/14/2017 - 13:46:55: Info (map "pb_z_underground_m") (file "errors_20170514.log")
L 05/14/2017 - 13:46:55: [SM] Fatal error encountered parsing translation file "savescores.phrases.txt"
L 05/14/2017 - 13:46:55: [SM] Error (line 0, column 0): Stream failed to open
L 05/14/2017 - 13:46:55: [SM] Fatal error encountered parsing translation file "customvotes.phrases.txt"
L 05/14/2017 - 13:46:55: [SM] Error (line 0, column 0): Stream failed to open
L 05/14/2017 - 13:47:27: [SM] Exception reported: Entity 1 (1) is invalid
L 05/14/2017 - 13:47:27: [SM] Blaming: autodifficultypatch.smx
L 05/14/2017 - 13:47:27: [SM] Call stack trace:
L 05/14/2017 - 13:47:27: [SM]   [0] GetEntPropString
L 05/14/2017 - 13:47:27: [SM]   [1] Line 1420, C:\Users\Ethorbit\Desktop\sourcemod\scripting\autodifficultypatch.sp::FindEntityByTargetName
L 05/14/2017 - 13:47:27: [SM]   [2] Line 518, C:\Users\Ethorbit\Desktop\sourcemod\scripting\autodifficultypatch.sp::UpdateHeadcrab
L 05/14/2017 - 13:47:27: [SM]   [3] Line 26, C:\Users\Ethorbit\Desktop\sourcemod\scripting\autodifficultypatch.sp::OnClientDisconnect_Post
L 05/14/2017 - 14:47:07: Error log file session closed.
L 05/14/2017 - 14:47:07: SourceMod error session started
L 05/14/2017 - 14:47:07: Info (map "dm_cave_m") (file "errors_20170514.log")
L 05/14/2017 - 14:47:07: [SM] Fatal error encountered parsing translation file "savescores.phrases.txt"
L 05/14/2017 - 14:47:07: [SM] Error (line 0, column 0): Stream failed to open
L 05/14/2017 - 14:47:07: [SM] Fatal error encountered parsing translation file "customvotes.phrases.txt"
L 05/14/2017 - 14:47:07: [SM] Error (line 0, column 0): Stream failed to open
L 05/14/2017 - 14:52:40: [SM] Exception reported: Entity 1 (1) is invalid
L 05/14/2017 - 14:52:40: [SM] Blaming: autodifficultypatch.smx
L 05/14/2017 - 14:52:40: [SM] Call stack trace:
L 05/14/2017 - 14:52:40: [SM]   [0] GetEntPropString
L 05/14/2017 - 14:52:40: [SM]   [1] Line 1420, C:\Users\Ethorbit\Desktop\sourcemod\scripting\autodifficultypatch.sp::FindEntityByTargetName
L 05/14/2017 - 14:52:40: [SM]   [2] Line 593, C:\Users\Ethorbit\Desktop\sourcemod\scripting\autodifficultypatch.sp::UpdateHeadcrab
L 05/14/2017 - 14:52:40: [SM]   [3] Line 26, C:\Users\Ethorbit\Desktop\sourcemod\scripting\autodifficultypatch.sp::OnClientDisconnect_Post
L 05/14/2017 - 14:52:43: Error log file session closed.
L 05/14/2017 - 14:52:43: SourceMod error session started
L 05/14/2017 - 14:52:43: Info (map "pb_z_area51_m") (file "errors_20170514.log")
L 05/14/2017 - 14:52:43: [SM] Fatal error encountered parsing translation file "savescores.phrases.txt"
L 05/14/2017 - 14:52:43: [SM] Error (line 0, column 0): Stream failed to open
L 05/14/2017 - 14:52:43: [SM] Fatal error encountered parsing translation file "customvotes.phrases.txt"
L 05/14/2017 - 14:52:43: [SM] Error (line 0, column 0): Stream failed to open
L 05/14/2017 - 15:01:43: [SM] Exception reported: Entity 1 (1) is invalid
L 05/14/2017 - 15:01:43: [SM] Blaming: autodifficultypatch.smx
L 05/14/2017 - 15:01:43: [SM] Call stack trace:
L 05/14/2017 - 15:01:43: [SM]   [0] GetEntPropString
L 05/14/2017 - 15:01:43: [SM]   [1] Line 1420, C:\Users\Ethorbit\Desktop\sourcemod\scripting\autodifficultypatch.sp::FindEntityByTargetName
L 05/14/2017 - 15:01:43: [SM]   [2] Line 1270, C:\Users\Ethorbit\Desktop\sourcemod\scripting\autodifficultypatch.sp::UpdateHeadcrab
L 05/14/2017 - 15:01:43: [SM]   [3] Line 26, C:\Users\Ethorbit\Desktop\sourcemod\scripting\autodifficultypatch.sp::OnClientDisconnect_Post
L 05/14/2017 - 15:35:56: [SM] Exception reported: Entity 1 (1) is invalid
L 05/14/2017 - 15:35:56: [SM] Blaming: autodifficultypatch.smx
L 05/14/2017 - 15:35:56: [SM] Call stack trace:
L 05/14/2017 - 15:35:56: [SM]   [0] GetEntPropString
L 05/14/2017 - 15:35:56: [SM]   [1] Line 1420, C:\Users\Ethorbit\Desktop\sourcemod\scripting\autodifficultypatch.sp::FindEntityByTargetName
L 05/14/2017 - 15:35:56: [SM]   [2] Line 1270, C:\Users\Ethorbit\Desktop\sourcemod\scripting\autodifficultypatch.sp::UpdateHeadcrab
L 05/14/2017 - 15:35:56: [SM]   [3] Line 26, C:\Users\Ethorbit\Desktop\sourcemod\scripting\autodifficultypatch.sp::OnClientDisconnect_Post
L 05/14/2017 - 15:52:55: Error log file session closed.
L 05/14/2017 - 15:52:55: SourceMod error session started
L 05/14/2017 - 15:52:55: Info (map "dm_coldruins_rc1_m") (file "errors_20170514.log")
L 05/14/2017 - 15:52:55: [SM] Fatal error encountered parsing translation file "savescores.phrases.txt"
L 05/14/2017 - 15:52:55: [SM] Error (line 0, column 0): Stream failed to open
L 05/14/2017 - 15:52:55: [SM] Fatal error encountered parsing translation file "customvotes.phrases.txt"
L 05/14/2017 - 15:52:55: [SM] Error (line 0, column 0): Stream failed to open
L 05/14/2017 - 16:53:06: Error log file session closed.
L 05/14/2017 - 16:53:06: SourceMod error session started
L 05/14/2017 - 16:53:06: Info (map "dm_laststop_m") (file "errors_20170514.log")
L 05/14/2017 - 16:53:06: [SM] Fatal error encountered parsing translation file "savescores.phrases.txt"
L 05/14/2017 - 16:53:06: [SM] Error (line 0, column 0): Stream failed to open
L 05/14/2017 - 16:53:06: [SM] Fatal error encountered parsing translation file "customvotes.phrases.txt"
L 05/14/2017 - 16:53:06: [SM] Error (line 0, column 0): Stream failed to open
L 05/14/2017 - 17:53:16: Error log file session closed.
L 05/14/2017 - 17:53:16: SourceMod error session started
L 05/14/2017 - 17:53:16: Info (map "dm_raven_m") (file "errors_20170514.log")
L 05/14/2017 - 17:53:16: [SM] Fatal error encountered parsing translation file "savescores.phrases.txt"
L 05/14/2017 - 17:53:16: [SM] Error (line 0, column 0): Stream failed to open
L 05/14/2017 - 17:53:16: [SM] Fatal error encountered parsing translation file "customvotes.phrases.txt"
L 05/14/2017 - 17:53:16: [SM] Error (line 0, column 0): Stream failed to open
L 05/14/2017 - 18:53:25: Error log file session closed.
L 05/14/2017 - 18:53:25: SourceMod error session started
L 05/14/2017 - 18:53:25: Info (map "dm_october_m") (file "errors_20170514.log")
L 05/14/2017 - 18:53:25: [SM] Fatal error encountered parsing translation file "savescores.phrases.txt"
L 05/14/2017 - 18:53:25: [SM] Error (line 0, column 0): Stream failed to open
L 05/14/2017 - 18:53:25: [SM] Fatal error encountered parsing translation file "customvotes.phrases.txt"
L 05/14/2017 - 18:53:25: [SM] Error (line 0, column 0): Stream failed to open
L 05/14/2017 - 19:53:37: Error log file session closed.
L 05/14/2017 - 19:53:38: SourceMod error session started
L 05/14/2017 - 19:53:38: Info (map "dm_montana_m") (file "errors_20170514.log")
L 05/14/2017 - 19:53:38: [SM] Fatal error encountered parsing translation file "savescores.phrases.txt"
L 05/14/2017 - 19:53:38: [SM] Error (line 0, column 0): Stream failed to open
L 05/14/2017 - 19:53:38: [SM] Fatal error encountered parsing translation file "customvotes.phrases.txt"
L 05/14/2017 - 19:53:38: [SM] Error (line 0, column 0): Stream failed to open
L 05/14/2017 - 20:53:48: Error log file session closed.
L 05/14/2017 - 20:53:48: SourceMod error session started
L 05/14/2017 - 20:53:48: Info (map "dm_hellsdistrict_m") (file "errors_20170514.log")
L 05/14/2017 - 20:53:48: [SM] Fatal error encountered parsing translation file "savescores.phrases.txt"
L 05/14/2017 - 20:53:48: [SM] Error (line 0, column 0): Stream failed to open
L 05/14/2017 - 20:53:48: [SM] Fatal error encountered parsing translation file "customvotes.phrases.txt"
L 05/14/2017 - 20:53:48: [SM] Error (line 0, column 0): Stream failed to open
L 05/14/2017 - 21:53:57: Error log file session closed.
L 05/14/2017 - 21:53:57: SourceMod error session started
L 05/14/2017 - 21:53:57: Info (map "pb_z_disorder_m") (file "errors_20170514.log")
L 05/14/2017 - 21:53:57: [SM] Fatal error encountered parsing translation file "savescores.phrases.txt"
L 05/14/2017 - 21:53:57: [SM] Error (line 0, column 0): Stream failed to open
L 05/14/2017 - 21:53:57: [SM] Fatal error encountered parsing translation file "customvotes.phrases.txt"
L 05/14/2017 - 21:53:57: [SM] Error (line 0, column 0): Stream failed to open
L 05/14/2017 - 22:54:07: Error log file session closed.
L 05/14/2017 - 22:54:07: SourceMod error session started
L 05/14/2017 - 22:54:07: Info (map "dm_coldruins_rc1_m") (file "errors_20170514.log")
L 05/14/2017 - 22:54:07: [SM] Fatal error encountered parsing translation file "savescores.phrases.txt"
L 05/14/2017 - 22:54:07: [SM] Error (line 0, column 0): Stream failed to open
L 05/14/2017 - 22:54:07: [SM] Fatal error encountered parsing translation file "customvotes.phrases.txt"
L 05/14/2017 - 22:54:07: [SM] Error (line 0, column 0): Stream failed to open
L 05/14/2017 - 23:54:16: Error log file session closed.
L 05/14/2017 - 23:54:16: SourceMod error session started
L 05/14/2017 - 23:54:16: Info (map "dm_cave_m") (file "errors_20170514.log")
L 05/14/2017 - 23:54:16: [SM] Fatal error encountered parsing translation file "savescores.phrases.txt"
L 05/14/2017 - 23:54:16: [SM] Error (line 0, column 0): Stream failed to open
L 05/14/2017 - 23:54:16: [SM] Fatal error encountered parsing translation file "customvotes.phrases.txt"
L 05/14/2017 - 23:54:16: [SM] Error (line 0, column 0): Stream failed to open
