L 05/25/2017 - 00:16:49: SourceMod error session started
L 05/25/2017 - 00:16:49: Info (map "pb_z_high_school_m") (file "errors_20170525.log")
L 05/25/2017 - 00:16:49: Error log file session closed.
L 05/25/2017 - 00:16:49: SourceMod error session started
L 05/25/2017 - 00:16:49: Info (map "pb_z_high_school_m") (file "errors_20170525.log")
L 05/25/2017 - 00:16:49: [SM] Fatal error encountered parsing translation file "savescores.phrases.txt"
L 05/25/2017 - 00:16:49: [SM] Error (line 0, column 0): Stream failed to open
L 05/25/2017 - 00:16:49: [SM] Fatal error encountered parsing translation file "customvotes.phrases.txt"
L 05/25/2017 - 00:16:49: [SM] Error (line 0, column 0): Stream failed to open
L 05/25/2017 - 00:59:36: [SM] Exception reported: Entity 1 (1) is invalid
L 05/25/2017 - 00:59:36: [SM] Blaming: autodifficultypatch.smx
L 05/25/2017 - 00:59:36: [SM] Call stack trace:
L 05/25/2017 - 00:59:36: [SM]   [0] GetEntPropString
L 05/25/2017 - 00:59:36: [SM]   [1] Line 1420, C:\Users\Ethorbit\Desktop\sourcemod\scripting\autodifficultypatch.sp::FindEntityByTargetName
L 05/25/2017 - 00:59:36: [SM]   [2] Line 1194, C:\Users\Ethorbit\Desktop\sourcemod\scripting\autodifficultypatch.sp::UpdateHeadcrab
L 05/25/2017 - 00:59:36: [SM]   [3] Line 26, C:\Users\Ethorbit\Desktop\sourcemod\scripting\autodifficultypatch.sp::OnClientDisconnect_Post
L 05/25/2017 - 01:17:10: Error log file session closed.
L 05/25/2017 - 01:17:10: SourceMod error session started
L 05/25/2017 - 01:17:10: Info (map "pb_z_office_tower_v2_m") (file "errors_20170525.log")
L 05/25/2017 - 01:17:10: [SM] Fatal error encountered parsing translation file "savescores.phrases.txt"
L 05/25/2017 - 01:17:10: [SM] Error (line 0, column 0): Stream failed to open
L 05/25/2017 - 01:17:10: [SM] Fatal error encountered parsing translation file "customvotes.phrases.txt"
L 05/25/2017 - 01:17:10: [SM] Error (line 0, column 0): Stream failed to open
L 05/25/2017 - 01:26:02: SourceMod error session started
L 05/25/2017 - 01:26:02: Info (map "pb_z_high_school_m") (file "errors_20170525.log")
L 05/25/2017 - 01:26:02: [SDKTOOLS] Invalid detour address passed - Disabling detour to prevent crashes
L 05/25/2017 - 01:26:03: [SM] Fatal error encountered parsing translation file "savescores.phrases.txt"
L 05/25/2017 - 01:26:03: [SM] Error (line 0, column 0): Stream failed to open
L 05/25/2017 - 04:01:02: [SM] Exception reported: Entity 2 (2) is invalid
L 05/25/2017 - 04:01:02: [SM] Blaming: autodifficultypatch.smx
L 05/25/2017 - 04:01:02: [SM] Call stack trace:
L 05/25/2017 - 04:01:02: [SM]   [0] GetEntPropString
L 05/25/2017 - 04:01:02: [SM]   [1] Line 1420, C:\Users\Ethorbit\Desktop\sourcemod\scripting\autodifficultypatch.sp::FindEntityByTargetName
L 05/25/2017 - 04:01:02: [SM]   [2] Line 1202, C:\Users\Ethorbit\Desktop\sourcemod\scripting\autodifficultypatch.sp::UpdateHeadcrab
L 05/25/2017 - 04:01:02: [SM]   [3] Line 26, C:\Users\Ethorbit\Desktop\sourcemod\scripting\autodifficultypatch.sp::OnClientDisconnect_Post
L 05/25/2017 - 04:02:28: [SM] Exception reported: Entity 1 (1) is invalid
L 05/25/2017 - 04:02:28: [SM] Blaming: autodifficultypatch.smx
L 05/25/2017 - 04:02:28: [SM] Call stack trace:
L 05/25/2017 - 04:02:28: [SM]   [0] GetEntPropString
L 05/25/2017 - 04:02:28: [SM]   [1] Line 1420, C:\Users\Ethorbit\Desktop\sourcemod\scripting\autodifficultypatch.sp::FindEntityByTargetName
L 05/25/2017 - 04:02:28: [SM]   [2] Line 1194, C:\Users\Ethorbit\Desktop\sourcemod\scripting\autodifficultypatch.sp::UpdateHeadcrab
L 05/25/2017 - 04:02:28: [SM]   [3] Line 26, C:\Users\Ethorbit\Desktop\sourcemod\scripting\autodifficultypatch.sp::OnClientDisconnect_Post
L 05/25/2017 - 04:57:01: [SM] Fatal error encountered parsing translation file "customvotes.phrases.txt"
L 05/25/2017 - 04:57:01: [SM] Error (line 0, column 0): Stream failed to open
L 05/25/2017 - 04:59:56: [SM] Exception reported: Entity 1 (1) is invalid
L 05/25/2017 - 04:59:56: [SM] Blaming: autodifficultypatch.smx
L 05/25/2017 - 04:59:56: [SM] Call stack trace:
L 05/25/2017 - 04:59:56: [SM]   [0] GetEntPropString
L 05/25/2017 - 04:59:56: [SM]   [1] Line 1420, C:\Users\Ethorbit\Desktop\sourcemod\scripting\autodifficultypatch.sp::FindEntityByTargetName
L 05/25/2017 - 04:59:56: [SM]   [2] Line 1194, C:\Users\Ethorbit\Desktop\sourcemod\scripting\autodifficultypatch.sp::UpdateHeadcrab
L 05/25/2017 - 04:59:56: [SM]   [3] Line 26, C:\Users\Ethorbit\Desktop\sourcemod\scripting\autodifficultypatch.sp::OnClientDisconnect_Post
L 05/25/2017 - 04:59:59: Error log file session closed.
L 05/25/2017 - 04:59:59: SourceMod error session started
L 05/25/2017 - 04:59:59: Info (map "dm_cave_m") (file "errors_20170525.log")
L 05/25/2017 - 04:59:59: [SM] Fatal error encountered parsing translation file "savescores.phrases.txt"
L 05/25/2017 - 04:59:59: [SM] Error (line 0, column 0): Stream failed to open
L 05/25/2017 - 04:59:59: [SM] Fatal error encountered parsing translation file "customvotes.phrases.txt"
L 05/25/2017 - 04:59:59: [SM] Error (line 0, column 0): Stream failed to open
L 05/25/2017 - 05:00:14: [SM] Exception reported: Entity 1 (1) is invalid
L 05/25/2017 - 05:00:14: [SM] Blaming: autodifficultypatch.smx
L 05/25/2017 - 05:00:14: [SM] Call stack trace:
L 05/25/2017 - 05:00:14: [SM]   [0] GetEntPropString
L 05/25/2017 - 05:00:14: [SM]   [1] Line 1420, C:\Users\Ethorbit\Desktop\sourcemod\scripting\autodifficultypatch.sp::FindEntityByTargetName
L 05/25/2017 - 05:00:14: [SM]   [2] Line 593, C:\Users\Ethorbit\Desktop\sourcemod\scripting\autodifficultypatch.sp::UpdateHeadcrab
L 05/25/2017 - 05:00:14: [SM]   [3] Line 26, C:\Users\Ethorbit\Desktop\sourcemod\scripting\autodifficultypatch.sp::OnClientDisconnect_Post
L 05/25/2017 - 06:00:19: Error log file session closed.
L 05/25/2017 - 06:00:30: SourceMod error session started
L 05/25/2017 - 06:00:30: Info (map "dm_raven_m") (file "errors_20170525.log")
L 05/25/2017 - 06:00:30: [SM] Fatal error encountered parsing translation file "savescores.phrases.txt"
L 05/25/2017 - 06:00:30: [SM] Error (line 0, column 0): Stream failed to open
L 05/25/2017 - 06:00:30: [SM] Fatal error encountered parsing translation file "customvotes.phrases.txt"
L 05/25/2017 - 06:00:30: [SM] Error (line 0, column 0): Stream failed to open
L 05/25/2017 - 07:00:45: Error log file session closed.
L 05/25/2017 - 07:00:49: SourceMod error session started
L 05/25/2017 - 07:00:49: Info (map "dm_laststop_m") (file "errors_20170525.log")
L 05/25/2017 - 07:00:49: [SM] Fatal error encountered parsing translation file "savescores.phrases.txt"
L 05/25/2017 - 07:00:49: [SM] Error (line 0, column 0): Stream failed to open
L 05/25/2017 - 07:00:49: [SM] Fatal error encountered parsing translation file "customvotes.phrases.txt"
L 05/25/2017 - 07:00:49: [SM] Error (line 0, column 0): Stream failed to open
L 05/25/2017 - 08:01:00: Error log file session closed.
L 05/25/2017 - 08:01:00: SourceMod error session started
L 05/25/2017 - 08:01:00: Info (map "dm_morbid_m") (file "errors_20170525.log")
L 05/25/2017 - 08:01:00: [SM] Fatal error encountered parsing translation file "savescores.phrases.txt"
L 05/25/2017 - 08:01:00: [SM] Error (line 0, column 0): Stream failed to open
L 05/25/2017 - 08:01:00: [SM] Fatal error encountered parsing translation file "customvotes.phrases.txt"
L 05/25/2017 - 08:01:00: [SM] Error (line 0, column 0): Stream failed to open
L 05/25/2017 - 08:37:25: [SM] Exception reported: Entity 1 (1) is invalid
L 05/25/2017 - 08:37:25: [SM] Blaming: autodifficultypatch.smx
L 05/25/2017 - 08:37:25: [SM] Call stack trace:
L 05/25/2017 - 08:37:25: [SM]   [0] GetEntPropString
L 05/25/2017 - 08:37:25: [SM]   [1] Line 1420, C:\Users\Ethorbit\Desktop\sourcemod\scripting\autodifficultypatch.sp::FindEntityByTargetName
L 05/25/2017 - 08:37:25: [SM]   [2] Line 1345, C:\Users\Ethorbit\Desktop\sourcemod\scripting\autodifficultypatch.sp::UpdateHeadcrab
L 05/25/2017 - 08:37:25: [SM]   [3] Line 26, C:\Users\Ethorbit\Desktop\sourcemod\scripting\autodifficultypatch.sp::OnClientDisconnect_Post
L 05/25/2017 - 08:37:29: Error log file session closed.
L 05/25/2017 - 08:37:29: SourceMod error session started
L 05/25/2017 - 08:37:29: Info (map "pb_z_colony_m") (file "errors_20170525.log")
L 05/25/2017 - 08:37:29: [SM] Fatal error encountered parsing translation file "savescores.phrases.txt"
L 05/25/2017 - 08:37:29: [SM] Error (line 0, column 0): Stream failed to open
L 05/25/2017 - 08:37:29: [SM] Fatal error encountered parsing translation file "customvotes.phrases.txt"
L 05/25/2017 - 08:37:29: [SM] Error (line 0, column 0): Stream failed to open
L 05/25/2017 - 08:45:06: [SM] Exception reported: Entity 1 (1) is invalid
L 05/25/2017 - 08:45:06: [SM] Blaming: autodifficultypatch.smx
L 05/25/2017 - 08:45:06: [SM] Call stack trace:
L 05/25/2017 - 08:45:06: [SM]   [0] GetEntPropString
L 05/25/2017 - 08:45:06: [SM]   [1] Line 1420, C:\Users\Ethorbit\Desktop\sourcemod\scripting\autodifficultypatch.sp::FindEntityByTargetName
L 05/25/2017 - 08:45:06: [SM]   [2] Line 376, C:\Users\Ethorbit\Desktop\sourcemod\scripting\autodifficultypatch.sp::UpdateHeadcrab
L 05/25/2017 - 08:45:06: [SM]   [3] Line 26, C:\Users\Ethorbit\Desktop\sourcemod\scripting\autodifficultypatch.sp::OnClientDisconnect_Post
L 05/25/2017 - 09:37:40: Error log file session closed.
L 05/25/2017 - 09:37:40: SourceMod error session started
L 05/25/2017 - 09:37:40: Info (map "dm_mine_entrance_m") (file "errors_20170525.log")
L 05/25/2017 - 09:37:40: [SM] Fatal error encountered parsing translation file "savescores.phrases.txt"
L 05/25/2017 - 09:37:40: [SM] Error (line 0, column 0): Stream failed to open
L 05/25/2017 - 09:37:40: [SM] Fatal error encountered parsing translation file "customvotes.phrases.txt"
L 05/25/2017 - 09:37:40: [SM] Error (line 0, column 0): Stream failed to open
L 05/25/2017 - 10:37:51: Error log file session closed.
L 05/25/2017 - 10:37:51: SourceMod error session started
L 05/25/2017 - 10:37:51: Info (map "pb_z_disorder_m") (file "errors_20170525.log")
L 05/25/2017 - 10:37:51: [SM] Fatal error encountered parsing translation file "savescores.phrases.txt"
L 05/25/2017 - 10:37:51: [SM] Error (line 0, column 0): Stream failed to open
L 05/25/2017 - 10:37:51: [SM] Fatal error encountered parsing translation file "customvotes.phrases.txt"
L 05/25/2017 - 10:37:51: [SM] Error (line 0, column 0): Stream failed to open
L 05/25/2017 - 11:11:11: [SM] Exception reported: Entity 1 (1) is invalid
L 05/25/2017 - 11:11:11: [SM] Blaming: autodifficultypatch.smx
L 05/25/2017 - 11:11:11: [SM] Call stack trace:
L 05/25/2017 - 11:11:11: [SM]   [0] GetEntPropString
L 05/25/2017 - 11:11:11: [SM]   [1] Line 1420, C:\Users\Ethorbit\Desktop\sourcemod\scripting\autodifficultypatch.sp::FindEntityByTargetName
L 05/25/2017 - 11:11:11: [SM]   [2] Line 443, C:\Users\Ethorbit\Desktop\sourcemod\scripting\autodifficultypatch.sp::UpdateHeadcrab
L 05/25/2017 - 11:11:11: [SM]   [3] Line 26, C:\Users\Ethorbit\Desktop\sourcemod\scripting\autodifficultypatch.sp::OnClientDisconnect_Post
L 05/25/2017 - 11:11:14: Error log file session closed.
L 05/25/2017 - 11:11:14: SourceMod error session started
L 05/25/2017 - 11:11:14: Info (map "dm_cave_m") (file "errors_20170525.log")
L 05/25/2017 - 11:11:14: [SM] Fatal error encountered parsing translation file "savescores.phrases.txt"
L 05/25/2017 - 11:11:14: [SM] Error (line 0, column 0): Stream failed to open
L 05/25/2017 - 11:11:14: [SM] Fatal error encountered parsing translation file "customvotes.phrases.txt"
L 05/25/2017 - 11:11:14: [SM] Error (line 0, column 0): Stream failed to open
L 05/25/2017 - 11:12:22: [SM] Exception reported: Entity 1 (1) is invalid
L 05/25/2017 - 11:12:22: [SM] Blaming: autodifficultypatch.smx
L 05/25/2017 - 11:12:22: [SM] Call stack trace:
L 05/25/2017 - 11:12:22: [SM]   [0] GetEntPropString
L 05/25/2017 - 11:12:22: [SM]   [1] Line 1420, C:\Users\Ethorbit\Desktop\sourcemod\scripting\autodifficultypatch.sp::FindEntityByTargetName
L 05/25/2017 - 11:12:22: [SM]   [2] Line 593, C:\Users\Ethorbit\Desktop\sourcemod\scripting\autodifficultypatch.sp::UpdateHeadcrab
L 05/25/2017 - 11:12:22: [SM]   [3] Line 26, C:\Users\Ethorbit\Desktop\sourcemod\scripting\autodifficultypatch.sp::OnClientDisconnect_Post
L 05/25/2017 - 11:12:25: Error log file session closed.
L 05/25/2017 - 11:12:25: SourceMod error session started
L 05/25/2017 - 11:12:25: Info (map "dm_montana_m") (file "errors_20170525.log")
L 05/25/2017 - 11:12:25: [SM] Fatal error encountered parsing translation file "savescores.phrases.txt"
L 05/25/2017 - 11:12:25: [SM] Error (line 0, column 0): Stream failed to open
L 05/25/2017 - 11:12:25: [SM] Fatal error encountered parsing translation file "customvotes.phrases.txt"
L 05/25/2017 - 11:12:25: [SM] Error (line 0, column 0): Stream failed to open
L 05/25/2017 - 12:12:35: Error log file session closed.
L 05/25/2017 - 12:12:35: SourceMod error session started
L 05/25/2017 - 12:12:35: Info (map "dm_raven_m") (file "errors_20170525.log")
L 05/25/2017 - 12:12:35: [SM] Fatal error encountered parsing translation file "savescores.phrases.txt"
L 05/25/2017 - 12:12:35: [SM] Error (line 0, column 0): Stream failed to open
L 05/25/2017 - 12:12:35: [SM] Fatal error encountered parsing translation file "customvotes.phrases.txt"
L 05/25/2017 - 12:12:35: [SM] Error (line 0, column 0): Stream failed to open
L 05/25/2017 - 13:12:46: Error log file session closed.
L 05/25/2017 - 13:12:46: SourceMod error session started
L 05/25/2017 - 13:12:46: Info (map "dm_hellsdistrict_m") (file "errors_20170525.log")
L 05/25/2017 - 13:12:46: [SM] Fatal error encountered parsing translation file "savescores.phrases.txt"
L 05/25/2017 - 13:12:46: [SM] Error (line 0, column 0): Stream failed to open
L 05/25/2017 - 13:12:46: [SM] Fatal error encountered parsing translation file "customvotes.phrases.txt"
L 05/25/2017 - 13:12:46: [SM] Error (line 0, column 0): Stream failed to open
L 05/25/2017 - 14:12:57: Error log file session closed.
L 05/25/2017 - 14:12:57: SourceMod error session started
L 05/25/2017 - 14:12:57: Info (map "dm_coldruins_rc1_m") (file "errors_20170525.log")
L 05/25/2017 - 14:12:57: [SM] Fatal error encountered parsing translation file "savescores.phrases.txt"
L 05/25/2017 - 14:12:57: [SM] Error (line 0, column 0): Stream failed to open
L 05/25/2017 - 14:12:57: [SM] Fatal error encountered parsing translation file "customvotes.phrases.txt"
L 05/25/2017 - 14:12:57: [SM] Error (line 0, column 0): Stream failed to open
L 05/25/2017 - 15:13:07: Error log file session closed.
L 05/25/2017 - 15:13:08: SourceMod error session started
L 05/25/2017 - 15:13:08: Info (map "pb_z_underground_m") (file "errors_20170525.log")
L 05/25/2017 - 15:13:08: [SM] Fatal error encountered parsing translation file "savescores.phrases.txt"
L 05/25/2017 - 15:13:08: [SM] Error (line 0, column 0): Stream failed to open
L 05/25/2017 - 15:13:08: [SM] Fatal error encountered parsing translation file "customvotes.phrases.txt"
L 05/25/2017 - 15:13:08: [SM] Error (line 0, column 0): Stream failed to open
L 05/25/2017 - 16:13:17: Error log file session closed.
L 05/25/2017 - 16:13:17: SourceMod error session started
L 05/25/2017 - 16:13:17: Info (map "dm_october_m") (file "errors_20170525.log")
L 05/25/2017 - 16:13:17: [SM] Fatal error encountered parsing translation file "savescores.phrases.txt"
L 05/25/2017 - 16:13:17: [SM] Error (line 0, column 0): Stream failed to open
L 05/25/2017 - 16:13:17: [SM] Fatal error encountered parsing translation file "customvotes.phrases.txt"
L 05/25/2017 - 16:13:17: [SM] Error (line 0, column 0): Stream failed to open
L 05/25/2017 - 17:13:28: Error log file session closed.
L 05/25/2017 - 17:13:29: SourceMod error session started
L 05/25/2017 - 17:13:29: Info (map "pb_z_earthquake_m") (file "errors_20170525.log")
L 05/25/2017 - 17:13:29: [SM] Fatal error encountered parsing translation file "savescores.phrases.txt"
L 05/25/2017 - 17:13:29: [SM] Error (line 0, column 0): Stream failed to open
L 05/25/2017 - 17:13:29: [SM] Fatal error encountered parsing translation file "customvotes.phrases.txt"
L 05/25/2017 - 17:13:29: [SM] Error (line 0, column 0): Stream failed to open
L 05/25/2017 - 18:13:38: Error log file session closed.
L 05/25/2017 - 18:13:38: SourceMod error session started
L 05/25/2017 - 18:13:38: Info (map "dm_montana_m") (file "errors_20170525.log")
L 05/25/2017 - 18:13:38: [SM] Fatal error encountered parsing translation file "savescores.phrases.txt"
L 05/25/2017 - 18:13:38: [SM] Error (line 0, column 0): Stream failed to open
L 05/25/2017 - 18:13:38: [SM] Fatal error encountered parsing translation file "customvotes.phrases.txt"
L 05/25/2017 - 18:13:38: [SM] Error (line 0, column 0): Stream failed to open
L 05/25/2017 - 19:13:48: Error log file session closed.
L 05/25/2017 - 19:13:48: SourceMod error session started
L 05/25/2017 - 19:13:48: Info (map "pb_z_industry_m") (file "errors_20170525.log")
L 05/25/2017 - 19:13:48: [SM] Fatal error encountered parsing translation file "savescores.phrases.txt"
L 05/25/2017 - 19:13:48: [SM] Error (line 0, column 0): Stream failed to open
L 05/25/2017 - 19:13:48: [SM] Fatal error encountered parsing translation file "customvotes.phrases.txt"
L 05/25/2017 - 19:13:48: [SM] Error (line 0, column 0): Stream failed to open
L 05/25/2017 - 20:13:57: Error log file session closed.
L 05/25/2017 - 20:13:57: SourceMod error session started
L 05/25/2017 - 20:13:57: Info (map "pb_z_colony_m") (file "errors_20170525.log")
L 05/25/2017 - 20:13:57: [SM] Fatal error encountered parsing translation file "savescores.phrases.txt"
L 05/25/2017 - 20:13:57: [SM] Error (line 0, column 0): Stream failed to open
L 05/25/2017 - 20:13:57: [SM] Fatal error encountered parsing translation file "customvotes.phrases.txt"
L 05/25/2017 - 20:13:57: [SM] Error (line 0, column 0): Stream failed to open
L 05/25/2017 - 21:14:07: Error log file session closed.
L 05/25/2017 - 21:14:07: SourceMod error session started
L 05/25/2017 - 21:14:07: Info (map "dm_laststop_m") (file "errors_20170525.log")
L 05/25/2017 - 21:14:07: [SM] Fatal error encountered parsing translation file "savescores.phrases.txt"
L 05/25/2017 - 21:14:07: [SM] Error (line 0, column 0): Stream failed to open
L 05/25/2017 - 21:14:07: [SM] Fatal error encountered parsing translation file "customvotes.phrases.txt"
L 05/25/2017 - 21:14:07: [SM] Error (line 0, column 0): Stream failed to open
L 05/25/2017 - 22:14:17: Error log file session closed.
L 05/25/2017 - 22:14:17: SourceMod error session started
L 05/25/2017 - 22:14:17: Info (map "pb_z_office_tower_m") (file "errors_20170525.log")
L 05/25/2017 - 22:14:17: [SM] Fatal error encountered parsing translation file "savescores.phrases.txt"
L 05/25/2017 - 22:14:17: [SM] Error (line 0, column 0): Stream failed to open
L 05/25/2017 - 22:14:17: [SM] Fatal error encountered parsing translation file "customvotes.phrases.txt"
L 05/25/2017 - 22:14:17: [SM] Error (line 0, column 0): Stream failed to open
L 05/25/2017 - 23:14:27: Error log file session closed.
L 05/25/2017 - 23:14:27: SourceMod error session started
L 05/25/2017 - 23:14:27: Info (map "pb_z_disorder_m") (file "errors_20170525.log")
L 05/25/2017 - 23:14:27: [SM] Fatal error encountered parsing translation file "savescores.phrases.txt"
L 05/25/2017 - 23:14:27: [SM] Error (line 0, column 0): Stream failed to open
L 05/25/2017 - 23:14:27: [SM] Fatal error encountered parsing translation file "customvotes.phrases.txt"
L 05/25/2017 - 23:14:27: [SM] Error (line 0, column 0): Stream failed to open
