L 06/08/2017 - 00:22:54: SourceMod error session started
L 06/08/2017 - 00:22:54: Info (map "pb_z_office_tower_v2_m") (file "errors_20170608.log")
L 06/08/2017 - 00:22:54: Error log file session closed.
L 06/08/2017 - 00:22:54: SourceMod error session started
L 06/08/2017 - 00:22:54: Info (map "pb_z_office_tower_v2_m") (file "errors_20170608.log")
L 06/08/2017 - 00:22:54: [SM] Fatal error encountered parsing translation file "savescores.phrases.txt"
L 06/08/2017 - 00:22:54: [SM] Error (line 0, column 0): Stream failed to open
L 06/08/2017 - 00:22:54: [SM] Fatal error encountered parsing translation file "customvotes.phrases.txt"
L 06/08/2017 - 00:22:54: [SM] Error (line 0, column 0): Stream failed to open
L 06/08/2017 - 00:35:39: SourceMod error session started
L 06/08/2017 - 00:35:39: Info (map "pb_z_high_school_m") (file "errors_20170608.log")
L 06/08/2017 - 00:35:39: [SDKTOOLS] Invalid detour address passed - Disabling detour to prevent crashes
L 06/08/2017 - 00:35:39: [SM] Unable to load extension "soundlib.ext": error code 0000007e
L 06/08/2017 - 00:35:39: [SM] Unable to load extension "config.ext": error code 0000007e
L 06/08/2017 - 00:35:39: [SM] Fatal error encountered parsing translation file "savescores.phrases.txt"
L 06/08/2017 - 00:35:39: [SM] Error (line 0, column 0): Stream failed to open
L 06/08/2017 - 00:35:39: [SM] Unable to load plugin "time-left-actions.smx": Required extension "Sound Info Library" file("soundlib.ext") not running
L 06/08/2017 - 00:35:58: [SM] Exception reported: Entity 1 (1) is invalid
L 06/08/2017 - 00:35:58: [SM] Blaming: autodifficultypatch.smx
L 06/08/2017 - 00:35:58: [SM] Call stack trace:
L 06/08/2017 - 00:35:58: [SM]   [0] GetEntPropString
L 06/08/2017 - 00:35:58: [SM]   [1] Line 1622, C:\Users\Ethorbit\Desktop\sourcemodbackup\sourcemod\addons\sourcemod\scripting\autodifficultypatch.sp::FindEntityByTargetName
L 06/08/2017 - 00:35:58: [SM]   [2] Line 1396, C:\Users\Ethorbit\Desktop\sourcemodbackup\sourcemod\addons\sourcemod\scripting\autodifficultypatch.sp::UpdateHeadcrab
L 06/08/2017 - 00:35:58: [SM]   [3] Line 26, C:\Users\Ethorbit\Desktop\sourcemodbackup\sourcemod\addons\sourcemod\scripting\autodifficultypatch.sp::OnClientDisconnect_Post
L 06/08/2017 - 00:36:56: [SM] Exception reported: Entity 3 (3) is invalid
L 06/08/2017 - 00:36:56: [SM] Blaming: autodifficultypatch.smx
L 06/08/2017 - 00:36:56: [SM] Call stack trace:
L 06/08/2017 - 00:36:56: [SM]   [0] GetEntPropString
L 06/08/2017 - 00:36:56: [SM]   [1] Line 1622, C:\Users\Ethorbit\Desktop\sourcemodbackup\sourcemod\addons\sourcemod\scripting\autodifficultypatch.sp::FindEntityByTargetName
L 06/08/2017 - 00:36:56: [SM]   [2] Line 1412, C:\Users\Ethorbit\Desktop\sourcemodbackup\sourcemod\addons\sourcemod\scripting\autodifficultypatch.sp::UpdateHeadcrab
L 06/08/2017 - 00:36:56: [SM]   [3] Line 26, C:\Users\Ethorbit\Desktop\sourcemodbackup\sourcemod\addons\sourcemod\scripting\autodifficultypatch.sp::OnClientDisconnect_Post
L 06/08/2017 - 00:40:24: [SM] Exception reported: Entity 2 (2) is invalid
L 06/08/2017 - 00:40:24: [SM] Blaming: autodifficultypatch.smx
L 06/08/2017 - 00:40:24: [SM] Call stack trace:
L 06/08/2017 - 00:40:24: [SM]   [0] GetEntPropString
L 06/08/2017 - 00:40:24: [SM]   [1] Line 1622, C:\Users\Ethorbit\Desktop\sourcemodbackup\sourcemod\addons\sourcemod\scripting\autodifficultypatch.sp::FindEntityByTargetName
L 06/08/2017 - 00:40:24: [SM]   [2] Line 1412, C:\Users\Ethorbit\Desktop\sourcemodbackup\sourcemod\addons\sourcemod\scripting\autodifficultypatch.sp::UpdateHeadcrab
L 06/08/2017 - 00:40:24: [SM]   [3] Line 26, C:\Users\Ethorbit\Desktop\sourcemodbackup\sourcemod\addons\sourcemod\scripting\autodifficultypatch.sp::OnClientDisconnect_Post
L 06/08/2017 - 00:51:48: [SM] Exception reported: Entity 4 (4) is invalid
L 06/08/2017 - 00:51:48: [SM] Blaming: autodifficultypatch.smx
L 06/08/2017 - 00:51:48: [SM] Call stack trace:
L 06/08/2017 - 00:51:48: [SM]   [0] GetEntPropString
L 06/08/2017 - 00:51:48: [SM]   [1] Line 1622, C:\Users\Ethorbit\Desktop\sourcemodbackup\sourcemod\addons\sourcemod\scripting\autodifficultypatch.sp::FindEntityByTargetName
L 06/08/2017 - 00:51:48: [SM]   [2] Line 1404, C:\Users\Ethorbit\Desktop\sourcemodbackup\sourcemod\addons\sourcemod\scripting\autodifficultypatch.sp::UpdateHeadcrab
L 06/08/2017 - 00:51:48: [SM]   [3] Line 26, C:\Users\Ethorbit\Desktop\sourcemodbackup\sourcemod\addons\sourcemod\scripting\autodifficultypatch.sp::OnClientDisconnect_Post
L 06/08/2017 - 00:52:28: [SM] Exception reported: Entity 1 (1) is invalid
L 06/08/2017 - 00:52:28: [SM] Blaming: autodifficultypatch.smx
L 06/08/2017 - 00:52:28: [SM] Call stack trace:
L 06/08/2017 - 00:52:28: [SM]   [0] GetEntPropString
L 06/08/2017 - 00:52:28: [SM]   [1] Line 1622, C:\Users\Ethorbit\Desktop\sourcemodbackup\sourcemod\addons\sourcemod\scripting\autodifficultypatch.sp::FindEntityByTargetName
L 06/08/2017 - 00:52:28: [SM]   [2] Line 1396, C:\Users\Ethorbit\Desktop\sourcemodbackup\sourcemod\addons\sourcemod\scripting\autodifficultypatch.sp::UpdateHeadcrab
L 06/08/2017 - 00:52:28: [SM]   [3] Line 26, C:\Users\Ethorbit\Desktop\sourcemodbackup\sourcemod\addons\sourcemod\scripting\autodifficultypatch.sp::OnClientDisconnect_Post
L 06/08/2017 - 00:52:38: [SM] Exception reported: Entity 1 (1) is invalid
L 06/08/2017 - 00:52:38: [SM] Blaming: autodifficultypatch.smx
L 06/08/2017 - 00:52:38: [SM] Call stack trace:
L 06/08/2017 - 00:52:38: [SM]   [0] GetEntPropString
L 06/08/2017 - 00:52:38: [SM]   [1] Line 1622, C:\Users\Ethorbit\Desktop\sourcemodbackup\sourcemod\addons\sourcemod\scripting\autodifficultypatch.sp::FindEntityByTargetName
L 06/08/2017 - 00:52:38: [SM]   [2] Line 1396, C:\Users\Ethorbit\Desktop\sourcemodbackup\sourcemod\addons\sourcemod\scripting\autodifficultypatch.sp::UpdateHeadcrab
L 06/08/2017 - 00:52:38: [SM]   [3] Line 26, C:\Users\Ethorbit\Desktop\sourcemodbackup\sourcemod\addons\sourcemod\scripting\autodifficultypatch.sp::OnClientDisconnect_Post
L 06/08/2017 - 00:53:22: [SM] Exception reported: Entity 1 (1) is invalid
L 06/08/2017 - 00:53:22: [SM] Blaming: autodifficultypatch.smx
L 06/08/2017 - 00:53:22: [SM] Call stack trace:
L 06/08/2017 - 00:53:22: [SM]   [0] GetEntPropString
L 06/08/2017 - 00:53:22: [SM]   [1] Line 1622, C:\Users\Ethorbit\Desktop\sourcemodbackup\sourcemod\addons\sourcemod\scripting\autodifficultypatch.sp::FindEntityByTargetName
L 06/08/2017 - 00:53:22: [SM]   [2] Line 1396, C:\Users\Ethorbit\Desktop\sourcemodbackup\sourcemod\addons\sourcemod\scripting\autodifficultypatch.sp::UpdateHeadcrab
L 06/08/2017 - 00:53:22: [SM]   [3] Line 26, C:\Users\Ethorbit\Desktop\sourcemodbackup\sourcemod\addons\sourcemod\scripting\autodifficultypatch.sp::OnClientDisconnect_Post
L 06/08/2017 - 01:35:51: Error log file session closed.
L 06/08/2017 - 01:35:51: SourceMod error session started
L 06/08/2017 - 01:35:51: Info (map "dm_central_station_v1_m") (file "errors_20170608.log")
L 06/08/2017 - 01:35:51: [SM] Fatal error encountered parsing translation file "savescores.phrases.txt"
L 06/08/2017 - 01:35:51: [SM] Error (line 0, column 0): Stream failed to open
L 06/08/2017 - 02:36:00: Error log file session closed.
L 06/08/2017 - 02:36:00: SourceMod error session started
L 06/08/2017 - 02:36:00: Info (map "pb_z_industry_m") (file "errors_20170608.log")
L 06/08/2017 - 02:36:00: [SM] Fatal error encountered parsing translation file "savescores.phrases.txt"
L 06/08/2017 - 02:36:00: [SM] Error (line 0, column 0): Stream failed to open
L 06/08/2017 - 03:36:11: Error log file session closed.
L 06/08/2017 - 03:36:11: SourceMod error session started
L 06/08/2017 - 03:36:11: Info (map "dm_snowfall_m") (file "errors_20170608.log")
L 06/08/2017 - 03:36:11: [SM] Fatal error encountered parsing translation file "savescores.phrases.txt"
L 06/08/2017 - 03:36:11: [SM] Error (line 0, column 0): Stream failed to open
L 06/08/2017 - 04:36:20: Error log file session closed.
L 06/08/2017 - 04:36:20: SourceMod error session started
L 06/08/2017 - 04:36:20: Info (map "dm_morbid_m") (file "errors_20170608.log")
L 06/08/2017 - 04:36:20: [SM] Fatal error encountered parsing translation file "savescores.phrases.txt"
L 06/08/2017 - 04:36:20: [SM] Error (line 0, column 0): Stream failed to open
L 06/08/2017 - 05:36:11: [SM] Exception reported: Entity 1 (1) is invalid
L 06/08/2017 - 05:36:11: [SM] Blaming: autodifficultypatch.smx
L 06/08/2017 - 05:36:11: [SM] Call stack trace:
L 06/08/2017 - 05:36:11: [SM]   [0] GetEntPropString
L 06/08/2017 - 05:36:11: [SM]   [1] Line 1622, C:\Users\Ethorbit\Desktop\sourcemodbackup\sourcemod\addons\sourcemod\scripting\autodifficultypatch.sp::FindEntityByTargetName
L 06/08/2017 - 05:36:11: [SM]   [2] Line 1547, C:\Users\Ethorbit\Desktop\sourcemodbackup\sourcemod\addons\sourcemod\scripting\autodifficultypatch.sp::UpdateHeadcrab
L 06/08/2017 - 05:36:11: [SM]   [3] Line 26, C:\Users\Ethorbit\Desktop\sourcemodbackup\sourcemod\addons\sourcemod\scripting\autodifficultypatch.sp::OnClientDisconnect_Post
L 06/08/2017 - 05:36:18: Error log file session closed.
L 06/08/2017 - 05:36:18: SourceMod error session started
L 06/08/2017 - 05:36:18: Info (map "pb_z_disorder_m") (file "errors_20170608.log")
L 06/08/2017 - 05:36:18: [SM] Fatal error encountered parsing translation file "savescores.phrases.txt"
L 06/08/2017 - 05:36:18: [SM] Error (line 0, column 0): Stream failed to open
L 06/08/2017 - 05:40:45: [SM] Fatal error encountered parsing translation file "customvotes.phrases.txt"
L 06/08/2017 - 05:40:45: [SM] Error (line 0, column 0): Stream failed to open
L 06/08/2017 - 05:50:44: [SM] Exception reported: Entity 2 (2) is invalid
L 06/08/2017 - 05:50:44: [SM] Blaming: autodifficultypatch.smx
L 06/08/2017 - 05:50:44: [SM] Call stack trace:
L 06/08/2017 - 05:50:44: [SM]   [0] GetEntPropString
L 06/08/2017 - 05:50:44: [SM]   [1] Line 1622, C:\Users\Ethorbit\Desktop\sourcemodbackup\sourcemod\addons\sourcemod\scripting\autodifficultypatch.sp::FindEntityByTargetName
L 06/08/2017 - 05:50:44: [SM]   [2] Line 653, C:\Users\Ethorbit\Desktop\sourcemodbackup\sourcemod\addons\sourcemod\scripting\autodifficultypatch.sp::UpdateHeadcrab
L 06/08/2017 - 05:50:44: [SM]   [3] Line 26, C:\Users\Ethorbit\Desktop\sourcemodbackup\sourcemod\addons\sourcemod\scripting\autodifficultypatch.sp::OnClientDisconnect_Post
L 06/08/2017 - 05:50:57: Error log file session closed.
L 06/08/2017 - 05:50:57: SourceMod error session started
L 06/08/2017 - 05:50:57: Info (map "dm_pinnacles_m") (file "errors_20170608.log")
L 06/08/2017 - 05:50:57: [SM] Fatal error encountered parsing translation file "savescores.phrases.txt"
L 06/08/2017 - 05:50:57: [SM] Error (line 0, column 0): Stream failed to open
L 06/08/2017 - 05:50:57: [SM] Fatal error encountered parsing translation file "customvotes.phrases.txt"
L 06/08/2017 - 05:50:57: [SM] Error (line 0, column 0): Stream failed to open
L 06/08/2017 - 05:52:59: [SM] Exception reported: Entity 2 (2) is invalid
L 06/08/2017 - 05:52:59: [SM] Blaming: autodifficultypatch.smx
L 06/08/2017 - 05:52:59: [SM] Call stack trace:
L 06/08/2017 - 05:52:59: [SM]   [0] GetEntPropString
L 06/08/2017 - 05:52:59: [SM]   [1] Line 1622, C:\Users\Ethorbit\Desktop\sourcemodbackup\sourcemod\addons\sourcemod\scripting\autodifficultypatch.sp::FindEntityByTargetName
L 06/08/2017 - 05:52:59: [SM]   [2] Line 42, C:\Users\Ethorbit\Desktop\sourcemodbackup\sourcemod\addons\sourcemod\scripting\autodifficultypatch.sp::UpdateHeadcrab
L 06/08/2017 - 05:52:59: [SM]   [3] Line 26, C:\Users\Ethorbit\Desktop\sourcemodbackup\sourcemod\addons\sourcemod\scripting\autodifficultypatch.sp::OnClientDisconnect_Post
L 06/08/2017 - 06:00:07: [SM] Exception reported: Entity 1 (1) is invalid
L 06/08/2017 - 06:00:07: [SM] Blaming: autodifficultypatch.smx
L 06/08/2017 - 06:00:07: [SM] Call stack trace:
L 06/08/2017 - 06:00:07: [SM]   [0] GetEntPropString
L 06/08/2017 - 06:00:07: [SM]   [1] Line 1622, C:\Users\Ethorbit\Desktop\sourcemodbackup\sourcemod\addons\sourcemod\scripting\autodifficultypatch.sp::FindEntityByTargetName
L 06/08/2017 - 06:00:07: [SM]   [2] Line 42, C:\Users\Ethorbit\Desktop\sourcemodbackup\sourcemod\addons\sourcemod\scripting\autodifficultypatch.sp::UpdateHeadcrab
L 06/08/2017 - 06:00:07: [SM]   [3] Line 26, C:\Users\Ethorbit\Desktop\sourcemodbackup\sourcemod\addons\sourcemod\scripting\autodifficultypatch.sp::OnClientDisconnect_Post
L 06/08/2017 - 06:51:08: Error log file session closed.
L 06/08/2017 - 06:51:12: SourceMod error session started
L 06/08/2017 - 06:51:12: Info (map "dm_mine_entrance_m") (file "errors_20170608.log")
L 06/08/2017 - 06:51:12: [SM] Fatal error encountered parsing translation file "savescores.phrases.txt"
L 06/08/2017 - 06:51:12: [SM] Error (line 0, column 0): Stream failed to open
L 06/08/2017 - 06:51:12: [SM] Fatal error encountered parsing translation file "customvotes.phrases.txt"
L 06/08/2017 - 06:51:12: [SM] Error (line 0, column 0): Stream failed to open
L 06/08/2017 - 07:06:04: [SM] Exception reported: Entity 1 (1) is invalid
L 06/08/2017 - 07:06:04: [SM] Blaming: autodifficultypatch.smx
L 06/08/2017 - 07:06:04: [SM] Call stack trace:
L 06/08/2017 - 07:06:04: [SM]   [0] GetEntPropString
L 06/08/2017 - 07:06:04: [SM]   [1] Line 1622, C:\Users\Ethorbit\Desktop\sourcemodbackup\sourcemod\addons\sourcemod\scripting\autodifficultypatch.sp::FindEntityByTargetName
L 06/08/2017 - 07:06:04: [SM]   [2] Line 1245, C:\Users\Ethorbit\Desktop\sourcemodbackup\sourcemod\addons\sourcemod\scripting\autodifficultypatch.sp::UpdateHeadcrab
L 06/08/2017 - 07:06:04: [SM]   [3] Line 26, C:\Users\Ethorbit\Desktop\sourcemodbackup\sourcemod\addons\sourcemod\scripting\autodifficultypatch.sp::OnClientDisconnect_Post
L 06/08/2017 - 07:06:06: Error log file session closed.
L 06/08/2017 - 07:06:06: SourceMod error session started
L 06/08/2017 - 07:06:06: Info (map "pb_z_high_school_m") (file "errors_20170608.log")
L 06/08/2017 - 07:06:06: [SM] Fatal error encountered parsing translation file "savescores.phrases.txt"
L 06/08/2017 - 07:06:06: [SM] Error (line 0, column 0): Stream failed to open
L 06/08/2017 - 07:06:06: [SM] Fatal error encountered parsing translation file "customvotes.phrases.txt"
L 06/08/2017 - 07:06:06: [SM] Error (line 0, column 0): Stream failed to open
L 06/08/2017 - 07:19:29: [SM] Exception reported: Entity 1 (1) is invalid
L 06/08/2017 - 07:19:29: [SM] Blaming: autodifficultypatch.smx
L 06/08/2017 - 07:19:29: [SM] Call stack trace:
L 06/08/2017 - 07:19:29: [SM]   [0] GetEntPropString
L 06/08/2017 - 07:19:29: [SM]   [1] Line 1622, C:\Users\Ethorbit\Desktop\sourcemodbackup\sourcemod\addons\sourcemod\scripting\autodifficultypatch.sp::FindEntityByTargetName
L 06/08/2017 - 07:19:29: [SM]   [2] Line 1396, C:\Users\Ethorbit\Desktop\sourcemodbackup\sourcemod\addons\sourcemod\scripting\autodifficultypatch.sp::UpdateHeadcrab
L 06/08/2017 - 07:19:29: [SM]   [3] Line 26, C:\Users\Ethorbit\Desktop\sourcemodbackup\sourcemod\addons\sourcemod\scripting\autodifficultypatch.sp::OnClientDisconnect_Post
L 06/08/2017 - 07:35:24: [SM] Exception reported: Entity 1 (1) is invalid
L 06/08/2017 - 07:35:24: [SM] Blaming: autodifficultypatch.smx
L 06/08/2017 - 07:35:24: [SM] Call stack trace:
L 06/08/2017 - 07:35:24: [SM]   [0] GetEntPropString
L 06/08/2017 - 07:35:24: [SM]   [1] Line 1622, C:\Users\Ethorbit\Desktop\sourcemodbackup\sourcemod\addons\sourcemod\scripting\autodifficultypatch.sp::FindEntityByTargetName
L 06/08/2017 - 07:35:24: [SM]   [2] Line 1396, C:\Users\Ethorbit\Desktop\sourcemodbackup\sourcemod\addons\sourcemod\scripting\autodifficultypatch.sp::UpdateHeadcrab
L 06/08/2017 - 07:35:24: [SM]   [3] Line 26, C:\Users\Ethorbit\Desktop\sourcemodbackup\sourcemod\addons\sourcemod\scripting\autodifficultypatch.sp::OnClientDisconnect_Post
L 06/08/2017 - 08:06:18: Error log file session closed.
L 06/08/2017 - 08:06:18: SourceMod error session started
L 06/08/2017 - 08:06:18: Info (map "dm_hellsdistrict_m") (file "errors_20170608.log")
L 06/08/2017 - 08:06:18: [SM] Fatal error encountered parsing translation file "savescores.phrases.txt"
L 06/08/2017 - 08:06:18: [SM] Error (line 0, column 0): Stream failed to open
L 06/08/2017 - 08:06:18: [SM] Fatal error encountered parsing translation file "customvotes.phrases.txt"
L 06/08/2017 - 08:06:18: [SM] Error (line 0, column 0): Stream failed to open
L 06/08/2017 - 09:06:31: Error log file session closed.
L 06/08/2017 - 09:06:31: SourceMod error session started
L 06/08/2017 - 09:06:31: Info (map "dm_cave_m") (file "errors_20170608.log")
L 06/08/2017 - 09:06:31: [SM] Fatal error encountered parsing translation file "savescores.phrases.txt"
L 06/08/2017 - 09:06:31: [SM] Error (line 0, column 0): Stream failed to open
L 06/08/2017 - 09:06:31: [SM] Fatal error encountered parsing translation file "customvotes.phrases.txt"
L 06/08/2017 - 09:06:31: [SM] Error (line 0, column 0): Stream failed to open
L 06/08/2017 - 09:13:01: [SM] Exception reported: Entity 1 (1) is invalid
L 06/08/2017 - 09:13:01: [SM] Blaming: autodifficultypatch.smx
L 06/08/2017 - 09:13:01: [SM] Call stack trace:
L 06/08/2017 - 09:13:01: [SM]   [0] GetEntPropString
L 06/08/2017 - 09:13:01: [SM]   [1] Line 1622, C:\Users\Ethorbit\Desktop\sourcemodbackup\sourcemod\addons\sourcemod\scripting\autodifficultypatch.sp::FindEntityByTargetName
L 06/08/2017 - 09:13:01: [SM]   [2] Line 795, C:\Users\Ethorbit\Desktop\sourcemodbackup\sourcemod\addons\sourcemod\scripting\autodifficultypatch.sp::UpdateHeadcrab
L 06/08/2017 - 09:13:01: [SM]   [3] Line 26, C:\Users\Ethorbit\Desktop\sourcemodbackup\sourcemod\addons\sourcemod\scripting\autodifficultypatch.sp::OnClientDisconnect_Post
L 06/08/2017 - 09:13:02: Error log file session closed.
L 06/08/2017 - 09:13:02: SourceMod error session started
L 06/08/2017 - 09:13:02: Info (map "dm_october_m") (file "errors_20170608.log")
L 06/08/2017 - 09:13:02: [SM] Fatal error encountered parsing translation file "savescores.phrases.txt"
L 06/08/2017 - 09:13:02: [SM] Error (line 0, column 0): Stream failed to open
L 06/08/2017 - 09:13:02: [SM] Fatal error encountered parsing translation file "customvotes.phrases.txt"
L 06/08/2017 - 09:13:02: [SM] Error (line 0, column 0): Stream failed to open
L 06/08/2017 - 10:13:16: Error log file session closed.
L 06/08/2017 - 10:13:16: SourceMod error session started
L 06/08/2017 - 10:13:16: Info (map "dm_coldruins_rc1_m") (file "errors_20170608.log")
L 06/08/2017 - 10:13:16: [SM] Fatal error encountered parsing translation file "savescores.phrases.txt"
L 06/08/2017 - 10:13:16: [SM] Error (line 0, column 0): Stream failed to open
L 06/08/2017 - 10:13:16: [SM] Fatal error encountered parsing translation file "customvotes.phrases.txt"
L 06/08/2017 - 10:13:16: [SM] Error (line 0, column 0): Stream failed to open
L 06/08/2017 - 10:57:51: [SM] Exception reported: Entity 2 (2) is invalid
L 06/08/2017 - 10:57:51: [SM] Blaming: autodifficultypatch.smx
L 06/08/2017 - 10:57:51: [SM] Call stack trace:
L 06/08/2017 - 10:57:51: [SM]   [0] GetEntPropString
L 06/08/2017 - 10:57:51: [SM]   [1] Line 1622, C:\Users\Ethorbit\Desktop\sourcemodbackup\sourcemod\addons\sourcemod\scripting\autodifficultypatch.sp::FindEntityByTargetName
L 06/08/2017 - 10:57:51: [SM]   [2] Line 878, C:\Users\Ethorbit\Desktop\sourcemodbackup\sourcemod\addons\sourcemod\scripting\autodifficultypatch.sp::UpdateHeadcrab
L 06/08/2017 - 10:57:51: [SM]   [3] Line 26, C:\Users\Ethorbit\Desktop\sourcemodbackup\sourcemod\addons\sourcemod\scripting\autodifficultypatch.sp::OnClientDisconnect_Post
L 06/08/2017 - 10:58:59: [SM] Exception reported: Entity 1 (1) is invalid
L 06/08/2017 - 10:58:59: [SM] Blaming: autodifficultypatch.smx
L 06/08/2017 - 10:58:59: [SM] Call stack trace:
L 06/08/2017 - 10:58:59: [SM]   [0] GetEntPropString
L 06/08/2017 - 10:58:59: [SM]   [1] Line 1622, C:\Users\Ethorbit\Desktop\sourcemodbackup\sourcemod\addons\sourcemod\scripting\autodifficultypatch.sp::FindEntityByTargetName
L 06/08/2017 - 10:58:59: [SM]   [2] Line 870, C:\Users\Ethorbit\Desktop\sourcemodbackup\sourcemod\addons\sourcemod\scripting\autodifficultypatch.sp::UpdateHeadcrab
L 06/08/2017 - 10:58:59: [SM]   [3] Line 26, C:\Users\Ethorbit\Desktop\sourcemodbackup\sourcemod\addons\sourcemod\scripting\autodifficultypatch.sp::OnClientDisconnect_Post
L 06/08/2017 - 11:13:26: [SM] Exception reported: Entity 1 (1) is invalid
L 06/08/2017 - 11:13:26: [SM] Blaming: autodifficultypatch.smx
L 06/08/2017 - 11:13:26: [SM] Call stack trace:
L 06/08/2017 - 11:13:26: [SM]   [0] GetEntPropString
L 06/08/2017 - 11:13:26: [SM]   [1] Line 1622, C:\Users\Ethorbit\Desktop\sourcemodbackup\sourcemod\addons\sourcemod\scripting\autodifficultypatch.sp::FindEntityByTargetName
L 06/08/2017 - 11:13:26: [SM]   [2] Line 870, C:\Users\Ethorbit\Desktop\sourcemodbackup\sourcemod\addons\sourcemod\scripting\autodifficultypatch.sp::UpdateHeadcrab
L 06/08/2017 - 11:13:26: [SM]   [3] Line 26, C:\Users\Ethorbit\Desktop\sourcemodbackup\sourcemod\addons\sourcemod\scripting\autodifficultypatch.sp::OnClientDisconnect_Post
L 06/08/2017 - 11:13:28: Error log file session closed.
L 06/08/2017 - 11:13:28: SourceMod error session started
L 06/08/2017 - 11:13:28: Info (map "dm_morbid_m") (file "errors_20170608.log")
L 06/08/2017 - 11:13:28: [SM] Fatal error encountered parsing translation file "savescores.phrases.txt"
L 06/08/2017 - 11:13:28: [SM] Error (line 0, column 0): Stream failed to open
L 06/08/2017 - 11:13:28: [SM] Fatal error encountered parsing translation file "customvotes.phrases.txt"
L 06/08/2017 - 11:13:28: [SM] Error (line 0, column 0): Stream failed to open
L 06/08/2017 - 11:16:00: [SM] Exception reported: Entity 1 (1) is invalid
L 06/08/2017 - 11:16:00: [SM] Blaming: autodifficultypatch.smx
L 06/08/2017 - 11:16:00: [SM] Call stack trace:
L 06/08/2017 - 11:16:00: [SM]   [0] GetEntPropString
L 06/08/2017 - 11:16:00: [SM]   [1] Line 1622, C:\Users\Ethorbit\Desktop\sourcemodbackup\sourcemod\addons\sourcemod\scripting\autodifficultypatch.sp::FindEntityByTargetName
L 06/08/2017 - 11:16:00: [SM]   [2] Line 1547, C:\Users\Ethorbit\Desktop\sourcemodbackup\sourcemod\addons\sourcemod\scripting\autodifficultypatch.sp::UpdateHeadcrab
L 06/08/2017 - 11:16:00: [SM]   [3] Line 26, C:\Users\Ethorbit\Desktop\sourcemodbackup\sourcemod\addons\sourcemod\scripting\autodifficultypatch.sp::OnClientDisconnect_Post
L 06/08/2017 - 11:26:09: [SM] Exception reported: Entity 1 (1) is invalid
L 06/08/2017 - 11:26:09: [SM] Blaming: autodifficultypatch.smx
L 06/08/2017 - 11:26:09: [SM] Call stack trace:
L 06/08/2017 - 11:26:09: [SM]   [0] GetEntPropString
L 06/08/2017 - 11:26:09: [SM]   [1] Line 1622, C:\Users\Ethorbit\Desktop\sourcemodbackup\sourcemod\addons\sourcemod\scripting\autodifficultypatch.sp::FindEntityByTargetName
L 06/08/2017 - 11:26:09: [SM]   [2] Line 1547, C:\Users\Ethorbit\Desktop\sourcemodbackup\sourcemod\addons\sourcemod\scripting\autodifficultypatch.sp::UpdateHeadcrab
L 06/08/2017 - 11:26:09: [SM]   [3] Line 26, C:\Users\Ethorbit\Desktop\sourcemodbackup\sourcemod\addons\sourcemod\scripting\autodifficultypatch.sp::OnClientDisconnect_Post
L 06/08/2017 - 11:46:30: [SM] Exception reported: Entity 1 (1) is invalid
L 06/08/2017 - 11:46:30: [SM] Blaming: autodifficultypatch.smx
L 06/08/2017 - 11:46:30: [SM] Call stack trace:
L 06/08/2017 - 11:46:30: [SM]   [0] GetEntPropString
L 06/08/2017 - 11:46:30: [SM]   [1] Line 1622, C:\Users\Ethorbit\Desktop\sourcemodbackup\sourcemod\addons\sourcemod\scripting\autodifficultypatch.sp::FindEntityByTargetName
L 06/08/2017 - 11:46:30: [SM]   [2] Line 1547, C:\Users\Ethorbit\Desktop\sourcemodbackup\sourcemod\addons\sourcemod\scripting\autodifficultypatch.sp::UpdateHeadcrab
L 06/08/2017 - 11:46:30: [SM]   [3] Line 26, C:\Users\Ethorbit\Desktop\sourcemodbackup\sourcemod\addons\sourcemod\scripting\autodifficultypatch.sp::OnClientDisconnect_Post
L 06/08/2017 - 12:00:18: [SM] Exception reported: Entity 1 (1) is invalid
L 06/08/2017 - 12:00:18: [SM] Blaming: autodifficultypatch.smx
L 06/08/2017 - 12:00:18: [SM] Call stack trace:
L 06/08/2017 - 12:00:18: [SM]   [0] GetEntPropString
L 06/08/2017 - 12:00:18: [SM]   [1] Line 1622, C:\Users\Ethorbit\Desktop\sourcemodbackup\sourcemod\addons\sourcemod\scripting\autodifficultypatch.sp::FindEntityByTargetName
L 06/08/2017 - 12:00:18: [SM]   [2] Line 1547, C:\Users\Ethorbit\Desktop\sourcemodbackup\sourcemod\addons\sourcemod\scripting\autodifficultypatch.sp::UpdateHeadcrab
L 06/08/2017 - 12:00:18: [SM]   [3] Line 26, C:\Users\Ethorbit\Desktop\sourcemodbackup\sourcemod\addons\sourcemod\scripting\autodifficultypatch.sp::OnClientDisconnect_Post
L 06/08/2017 - 12:13:39: Error log file session closed.
L 06/08/2017 - 12:13:39: SourceMod error session started
L 06/08/2017 - 12:13:39: Info (map "dm_laststop_m") (file "errors_20170608.log")
L 06/08/2017 - 12:13:39: [SM] Fatal error encountered parsing translation file "savescores.phrases.txt"
L 06/08/2017 - 12:13:39: [SM] Error (line 0, column 0): Stream failed to open
L 06/08/2017 - 12:13:39: [SM] Fatal error encountered parsing translation file "customvotes.phrases.txt"
L 06/08/2017 - 12:13:39: [SM] Error (line 0, column 0): Stream failed to open
L 06/08/2017 - 12:43:10: [SM] Exception reported: Entity 1 (1) is invalid
L 06/08/2017 - 12:43:10: [SM] Blaming: autodifficultypatch.smx
L 06/08/2017 - 12:43:10: [SM] Call stack trace:
L 06/08/2017 - 12:43:10: [SM]   [0] GetEntPropString
L 06/08/2017 - 12:43:10: [SM]   [1] Line 1622, C:\Users\Ethorbit\Desktop\sourcemodbackup\sourcemod\addons\sourcemod\scripting\autodifficultypatch.sp::FindEntityByTargetName
L 06/08/2017 - 12:43:10: [SM]   [2] Line 1095, C:\Users\Ethorbit\Desktop\sourcemodbackup\sourcemod\addons\sourcemod\scripting\autodifficultypatch.sp::UpdateHeadcrab
L 06/08/2017 - 12:43:10: [SM]   [3] Line 26, C:\Users\Ethorbit\Desktop\sourcemodbackup\sourcemod\addons\sourcemod\scripting\autodifficultypatch.sp::OnClientDisconnect_Post
L 06/08/2017 - 12:43:11: Error log file session closed.
L 06/08/2017 - 12:43:11: SourceMod error session started
L 06/08/2017 - 12:43:11: Info (map "pb_z_earthquake_m") (file "errors_20170608.log")
L 06/08/2017 - 12:43:11: [SM] Fatal error encountered parsing translation file "savescores.phrases.txt"
L 06/08/2017 - 12:43:11: [SM] Error (line 0, column 0): Stream failed to open
L 06/08/2017 - 12:43:11: [SM] Fatal error encountered parsing translation file "customvotes.phrases.txt"
L 06/08/2017 - 12:43:11: [SM] Error (line 0, column 0): Stream failed to open
L 06/08/2017 - 12:45:57: [SM] Exception reported: Entity 3 (3) is invalid
L 06/08/2017 - 12:45:57: [SM] Blaming: autodifficultypatch.smx
L 06/08/2017 - 12:45:57: [SM] Call stack trace:
L 06/08/2017 - 12:45:57: [SM]   [0] GetEntPropString
L 06/08/2017 - 12:45:57: [SM]   [1] Line 1622, C:\Users\Ethorbit\Desktop\sourcemodbackup\sourcemod\addons\sourcemod\scripting\autodifficultypatch.sp::FindEntityByTargetName
L 06/08/2017 - 12:45:57: [SM]   [2] Line 1036, C:\Users\Ethorbit\Desktop\sourcemodbackup\sourcemod\addons\sourcemod\scripting\autodifficultypatch.sp::UpdateHeadcrab
L 06/08/2017 - 12:45:57: [SM]   [3] Line 26, C:\Users\Ethorbit\Desktop\sourcemodbackup\sourcemod\addons\sourcemod\scripting\autodifficultypatch.sp::OnClientDisconnect_Post
L 06/08/2017 - 12:46:52: [SM] Exception reported: Entity 2 (2) is invalid
L 06/08/2017 - 12:46:52: [SM] Blaming: autodifficultypatch.smx
L 06/08/2017 - 12:46:52: [SM] Call stack trace:
L 06/08/2017 - 12:46:52: [SM]   [0] GetEntPropString
L 06/08/2017 - 12:46:52: [SM]   [1] Line 1622, C:\Users\Ethorbit\Desktop\sourcemodbackup\sourcemod\addons\sourcemod\scripting\autodifficultypatch.sp::FindEntityByTargetName
L 06/08/2017 - 12:46:52: [SM]   [2] Line 1028, C:\Users\Ethorbit\Desktop\sourcemodbackup\sourcemod\addons\sourcemod\scripting\autodifficultypatch.sp::UpdateHeadcrab
L 06/08/2017 - 12:46:52: [SM]   [3] Line 26, C:\Users\Ethorbit\Desktop\sourcemodbackup\sourcemod\addons\sourcemod\scripting\autodifficultypatch.sp::OnClientDisconnect_Post
L 06/08/2017 - 12:52:09: [SM] Exception reported: Entity 1 (1) is invalid
L 06/08/2017 - 12:52:09: [SM] Blaming: autodifficultypatch.smx
L 06/08/2017 - 12:52:09: [SM] Call stack trace:
L 06/08/2017 - 12:52:09: [SM]   [0] GetEntPropString
L 06/08/2017 - 12:52:09: [SM]   [1] Line 1622, C:\Users\Ethorbit\Desktop\sourcemodbackup\sourcemod\addons\sourcemod\scripting\autodifficultypatch.sp::FindEntityByTargetName
L 06/08/2017 - 12:52:09: [SM]   [2] Line 1020, C:\Users\Ethorbit\Desktop\sourcemodbackup\sourcemod\addons\sourcemod\scripting\autodifficultypatch.sp::UpdateHeadcrab
L 06/08/2017 - 12:52:09: [SM]   [3] Line 26, C:\Users\Ethorbit\Desktop\sourcemodbackup\sourcemod\addons\sourcemod\scripting\autodifficultypatch.sp::OnClientDisconnect_Post
L 06/08/2017 - 13:43:23: Error log file session closed.
L 06/08/2017 - 13:43:23: SourceMod error session started
L 06/08/2017 - 13:43:23: Info (map "pb_z_office_tower_m") (file "errors_20170608.log")
L 06/08/2017 - 13:43:23: [SM] Fatal error encountered parsing translation file "savescores.phrases.txt"
L 06/08/2017 - 13:43:23: [SM] Error (line 0, column 0): Stream failed to open
L 06/08/2017 - 13:43:23: [SM] Fatal error encountered parsing translation file "customvotes.phrases.txt"
L 06/08/2017 - 13:43:23: [SM] Error (line 0, column 0): Stream failed to open
L 06/08/2017 - 14:43:35: Error log file session closed.
L 06/08/2017 - 14:43:35: SourceMod error session started
L 06/08/2017 - 14:43:35: Info (map "dm_snowfall_m") (file "errors_20170608.log")
L 06/08/2017 - 14:43:35: [SM] Fatal error encountered parsing translation file "savescores.phrases.txt"
L 06/08/2017 - 14:43:35: [SM] Error (line 0, column 0): Stream failed to open
L 06/08/2017 - 14:43:35: [SM] Fatal error encountered parsing translation file "customvotes.phrases.txt"
L 06/08/2017 - 14:43:35: [SM] Error (line 0, column 0): Stream failed to open
L 06/08/2017 - 14:57:23: Error log file session closed.
L 06/08/2017 - 14:57:24: SourceMod error session started
L 06/08/2017 - 14:57:24: Info (map "pb_z_high_school_m") (file "errors_20170608.log")
L 06/08/2017 - 14:57:24: [SM] Fatal error encountered parsing translation file "savescores.phrases.txt"
L 06/08/2017 - 14:57:24: [SM] Error (line 0, column 0): Stream failed to open
L 06/08/2017 - 14:57:24: [SM] Fatal error encountered parsing translation file "customvotes.phrases.txt"
L 06/08/2017 - 14:57:24: [SM] Error (line 0, column 0): Stream failed to open
L 06/08/2017 - 14:57:42: [SM] Exception reported: Entity 1 (1) is invalid
L 06/08/2017 - 14:57:42: [SM] Blaming: autodifficultypatch.smx
L 06/08/2017 - 14:57:42: [SM] Call stack trace:
L 06/08/2017 - 14:57:42: [SM]   [0] GetEntPropString
L 06/08/2017 - 14:57:42: [SM]   [1] Line 1622, C:\Users\Ethorbit\Desktop\sourcemodbackup\sourcemod\addons\sourcemod\scripting\autodifficultypatch.sp::FindEntityByTargetName
L 06/08/2017 - 14:57:42: [SM]   [2] Line 1396, C:\Users\Ethorbit\Desktop\sourcemodbackup\sourcemod\addons\sourcemod\scripting\autodifficultypatch.sp::UpdateHeadcrab
L 06/08/2017 - 14:57:42: [SM]   [3] Line 26, C:\Users\Ethorbit\Desktop\sourcemodbackup\sourcemod\addons\sourcemod\scripting\autodifficultypatch.sp::OnClientDisconnect_Post
L 06/08/2017 - 15:00:26: [SM] Exception reported: Entity 1 (1) is invalid
L 06/08/2017 - 15:00:26: [SM] Blaming: autodifficultypatch.smx
L 06/08/2017 - 15:00:26: [SM] Call stack trace:
L 06/08/2017 - 15:00:26: [SM]   [0] GetEntPropString
L 06/08/2017 - 15:00:26: [SM]   [1] Line 1622, C:\Users\Ethorbit\Desktop\sourcemodbackup\sourcemod\addons\sourcemod\scripting\autodifficultypatch.sp::FindEntityByTargetName
L 06/08/2017 - 15:00:26: [SM]   [2] Line 1396, C:\Users\Ethorbit\Desktop\sourcemodbackup\sourcemod\addons\sourcemod\scripting\autodifficultypatch.sp::UpdateHeadcrab
L 06/08/2017 - 15:00:26: [SM]   [3] Line 26, C:\Users\Ethorbit\Desktop\sourcemodbackup\sourcemod\addons\sourcemod\scripting\autodifficultypatch.sp::OnClientDisconnect_Post
L 06/08/2017 - 15:04:16: [SM] Exception reported: Entity 1 (1) is invalid
L 06/08/2017 - 15:04:16: [SM] Blaming: autodifficultypatch.smx
L 06/08/2017 - 15:04:16: [SM] Call stack trace:
L 06/08/2017 - 15:04:16: [SM]   [0] GetEntPropString
L 06/08/2017 - 15:04:16: [SM]   [1] Line 1622, C:\Users\Ethorbit\Desktop\sourcemodbackup\sourcemod\addons\sourcemod\scripting\autodifficultypatch.sp::FindEntityByTargetName
L 06/08/2017 - 15:04:16: [SM]   [2] Line 1396, C:\Users\Ethorbit\Desktop\sourcemodbackup\sourcemod\addons\sourcemod\scripting\autodifficultypatch.sp::UpdateHeadcrab
L 06/08/2017 - 15:04:16: [SM]   [3] Line 26, C:\Users\Ethorbit\Desktop\sourcemodbackup\sourcemod\addons\sourcemod\scripting\autodifficultypatch.sp::OnClientDisconnect_Post
L 06/08/2017 - 15:04:30: [SM] Exception reported: Entity 1 (1) is invalid
L 06/08/2017 - 15:04:30: [SM] Blaming: autodifficultypatch.smx
L 06/08/2017 - 15:04:30: [SM] Call stack trace:
L 06/08/2017 - 15:04:30: [SM]   [0] GetEntPropString
L 06/08/2017 - 15:04:30: [SM]   [1] Line 1622, C:\Users\Ethorbit\Desktop\sourcemodbackup\sourcemod\addons\sourcemod\scripting\autodifficultypatch.sp::FindEntityByTargetName
L 06/08/2017 - 15:04:30: [SM]   [2] Line 1396, C:\Users\Ethorbit\Desktop\sourcemodbackup\sourcemod\addons\sourcemod\scripting\autodifficultypatch.sp::UpdateHeadcrab
L 06/08/2017 - 15:04:30: [SM]   [3] Line 26, C:\Users\Ethorbit\Desktop\sourcemodbackup\sourcemod\addons\sourcemod\scripting\autodifficultypatch.sp::OnClientDisconnect_Post
L 06/08/2017 - 15:09:38: [SM] Exception reported: Entity 1 (1) is invalid
L 06/08/2017 - 15:09:38: [SM] Blaming: autodifficultypatch.smx
L 06/08/2017 - 15:09:38: [SM] Call stack trace:
L 06/08/2017 - 15:09:38: [SM]   [0] GetEntPropString
L 06/08/2017 - 15:09:38: [SM]   [1] Line 1622, C:\Users\Ethorbit\Desktop\sourcemodbackup\sourcemod\addons\sourcemod\scripting\autodifficultypatch.sp::FindEntityByTargetName
L 06/08/2017 - 15:09:38: [SM]   [2] Line 1396, C:\Users\Ethorbit\Desktop\sourcemodbackup\sourcemod\addons\sourcemod\scripting\autodifficultypatch.sp::UpdateHeadcrab
L 06/08/2017 - 15:09:38: [SM]   [3] Line 26, C:\Users\Ethorbit\Desktop\sourcemodbackup\sourcemod\addons\sourcemod\scripting\autodifficultypatch.sp::OnClientDisconnect_Post
L 06/08/2017 - 15:57:33: Error log file session closed.
L 06/08/2017 - 15:57:33: SourceMod error session started
L 06/08/2017 - 15:57:33: Info (map "dm_october_m") (file "errors_20170608.log")
L 06/08/2017 - 15:57:33: [SM] Fatal error encountered parsing translation file "savescores.phrases.txt"
L 06/08/2017 - 15:57:33: [SM] Error (line 0, column 0): Stream failed to open
L 06/08/2017 - 15:57:33: [SM] Fatal error encountered parsing translation file "customvotes.phrases.txt"
L 06/08/2017 - 15:57:33: [SM] Error (line 0, column 0): Stream failed to open
L 06/08/2017 - 16:57:43: Error log file session closed.
L 06/08/2017 - 16:57:43: SourceMod error session started
L 06/08/2017 - 16:57:43: Info (map "dm_thetunnel_v1_m") (file "errors_20170608.log")
L 06/08/2017 - 16:57:43: [SM] Fatal error encountered parsing translation file "savescores.phrases.txt"
L 06/08/2017 - 16:57:43: [SM] Error (line 0, column 0): Stream failed to open
L 06/08/2017 - 16:57:43: [SM] Fatal error encountered parsing translation file "customvotes.phrases.txt"
L 06/08/2017 - 16:57:43: [SM] Error (line 0, column 0): Stream failed to open
L 06/08/2017 - 17:57:53: Error log file session closed.
L 06/08/2017 - 17:57:53: SourceMod error session started
L 06/08/2017 - 17:57:53: Info (map "dm_laststop_m") (file "errors_20170608.log")
L 06/08/2017 - 17:57:53: [SM] Fatal error encountered parsing translation file "savescores.phrases.txt"
L 06/08/2017 - 17:57:53: [SM] Error (line 0, column 0): Stream failed to open
L 06/08/2017 - 17:57:53: [SM] Fatal error encountered parsing translation file "customvotes.phrases.txt"
L 06/08/2017 - 17:57:53: [SM] Error (line 0, column 0): Stream failed to open
L 06/08/2017 - 18:02:06: [SM] Exception reported: Entity 1 (1) is invalid
L 06/08/2017 - 18:02:06: [SM] Blaming: autodifficultypatch.smx
L 06/08/2017 - 18:02:06: [SM] Call stack trace:
L 06/08/2017 - 18:02:06: [SM]   [0] GetEntPropString
L 06/08/2017 - 18:02:06: [SM]   [1] Line 1622, C:\Users\Ethorbit\Desktop\sourcemodbackup\sourcemod\addons\sourcemod\scripting\autodifficultypatch.sp::FindEntityByTargetName
L 06/08/2017 - 18:02:06: [SM]   [2] Line 1095, C:\Users\Ethorbit\Desktop\sourcemodbackup\sourcemod\addons\sourcemod\scripting\autodifficultypatch.sp::UpdateHeadcrab
L 06/08/2017 - 18:02:06: [SM]   [3] Line 26, C:\Users\Ethorbit\Desktop\sourcemodbackup\sourcemod\addons\sourcemod\scripting\autodifficultypatch.sp::OnClientDisconnect_Post
L 06/08/2017 - 18:02:06: Error log file session closed.
L 06/08/2017 - 18:02:06: SourceMod error session started
L 06/08/2017 - 18:02:06: Info (map "pb_z_earthquake_m") (file "errors_20170608.log")
L 06/08/2017 - 18:02:06: [SM] Fatal error encountered parsing translation file "savescores.phrases.txt"
L 06/08/2017 - 18:02:06: [SM] Error (line 0, column 0): Stream failed to open
L 06/08/2017 - 18:02:06: [SM] Fatal error encountered parsing translation file "customvotes.phrases.txt"
L 06/08/2017 - 18:02:06: [SM] Error (line 0, column 0): Stream failed to open
L 06/08/2017 - 18:13:03: [SM] Exception reported: Entity 1 (1) is invalid
L 06/08/2017 - 18:13:03: [SM] Blaming: autodifficultypatch.smx
L 06/08/2017 - 18:13:03: [SM] Call stack trace:
L 06/08/2017 - 18:13:03: [SM]   [0] GetEntPropString
L 06/08/2017 - 18:13:03: [SM]   [1] Line 1622, C:\Users\Ethorbit\Desktop\sourcemodbackup\sourcemod\addons\sourcemod\scripting\autodifficultypatch.sp::FindEntityByTargetName
L 06/08/2017 - 18:13:03: [SM]   [2] Line 1020, C:\Users\Ethorbit\Desktop\sourcemodbackup\sourcemod\addons\sourcemod\scripting\autodifficultypatch.sp::UpdateHeadcrab
L 06/08/2017 - 18:13:03: [SM]   [3] Line 26, C:\Users\Ethorbit\Desktop\sourcemodbackup\sourcemod\addons\sourcemod\scripting\autodifficultypatch.sp::OnClientDisconnect_Post
L 06/08/2017 - 18:13:07: Error log file session closed.
L 06/08/2017 - 18:13:07: SourceMod error session started
L 06/08/2017 - 18:13:07: Info (map "dm_montana_m") (file "errors_20170608.log")
L 06/08/2017 - 18:13:07: [SM] Fatal error encountered parsing translation file "savescores.phrases.txt"
L 06/08/2017 - 18:13:07: [SM] Error (line 0, column 0): Stream failed to open
L 06/08/2017 - 18:13:07: [SM] Fatal error encountered parsing translation file "customvotes.phrases.txt"
L 06/08/2017 - 18:13:07: [SM] Error (line 0, column 0): Stream failed to open
L 06/08/2017 - 18:13:52: Error log file session closed.
L 06/08/2017 - 18:13:52: SourceMod error session started
L 06/08/2017 - 18:13:52: Info (map "dm_pinnacles_m") (file "errors_20170608.log")
L 06/08/2017 - 18:13:52: [SM] Fatal error encountered parsing translation file "savescores.phrases.txt"
L 06/08/2017 - 18:13:52: [SM] Error (line 0, column 0): Stream failed to open
L 06/08/2017 - 18:13:52: [SM] Fatal error encountered parsing translation file "customvotes.phrases.txt"
L 06/08/2017 - 18:13:52: [SM] Error (line 0, column 0): Stream failed to open
L 06/08/2017 - 18:14:41: Error log file session closed.
L 06/08/2017 - 18:14:42: SourceMod error session started
L 06/08/2017 - 18:14:42: Info (map "pb_z_high_school_m") (file "errors_20170608.log")
L 06/08/2017 - 18:14:42: [SM] Fatal error encountered parsing translation file "savescores.phrases.txt"
L 06/08/2017 - 18:14:42: [SM] Error (line 0, column 0): Stream failed to open
L 06/08/2017 - 18:14:42: [SM] Fatal error encountered parsing translation file "customvotes.phrases.txt"
L 06/08/2017 - 18:14:42: [SM] Error (line 0, column 0): Stream failed to open
L 06/08/2017 - 18:23:25: [SM] Exception reported: Entity 1 (1) is invalid
L 06/08/2017 - 18:23:25: [SM] Blaming: autodifficultypatch.smx
L 06/08/2017 - 18:23:25: [SM] Call stack trace:
L 06/08/2017 - 18:23:25: [SM]   [0] GetEntPropString
L 06/08/2017 - 18:23:25: [SM]   [1] Line 1622, C:\Users\Ethorbit\Desktop\sourcemodbackup\sourcemod\addons\sourcemod\scripting\autodifficultypatch.sp::FindEntityByTargetName
L 06/08/2017 - 18:23:25: [SM]   [2] Line 1396, C:\Users\Ethorbit\Desktop\sourcemodbackup\sourcemod\addons\sourcemod\scripting\autodifficultypatch.sp::UpdateHeadcrab
L 06/08/2017 - 18:23:25: [SM]   [3] Line 26, C:\Users\Ethorbit\Desktop\sourcemodbackup\sourcemod\addons\sourcemod\scripting\autodifficultypatch.sp::OnClientDisconnect_Post
L 06/08/2017 - 19:02:03: [SM] Exception reported: Entity 1 (1) is invalid
L 06/08/2017 - 19:02:03: [SM] Blaming: autodifficultypatch.smx
L 06/08/2017 - 19:02:03: [SM] Call stack trace:
L 06/08/2017 - 19:02:03: [SM]   [0] GetEntPropString
L 06/08/2017 - 19:02:03: [SM]   [1] Line 1622, C:\Users\Ethorbit\Desktop\sourcemodbackup\sourcemod\addons\sourcemod\scripting\autodifficultypatch.sp::FindEntityByTargetName
L 06/08/2017 - 19:02:03: [SM]   [2] Line 1404, C:\Users\Ethorbit\Desktop\sourcemodbackup\sourcemod\addons\sourcemod\scripting\autodifficultypatch.sp::UpdateHeadcrab
L 06/08/2017 - 19:02:03: [SM]   [3] Line 26, C:\Users\Ethorbit\Desktop\sourcemodbackup\sourcemod\addons\sourcemod\scripting\autodifficultypatch.sp::OnClientDisconnect_Post
L 06/08/2017 - 19:02:18: SourceMod error session started
L 06/08/2017 - 19:02:18: Info (map "pb_z_high_school_m") (file "errors_20170608.log")
L 06/08/2017 - 19:02:18: [SDKTOOLS] Invalid detour address passed - Disabling detour to prevent crashes
L 06/08/2017 - 19:02:19: [SM] Unable to load extension "soundlib.ext": error code 0000007e
L 06/08/2017 - 19:02:19: [SM] Unable to load extension "config.ext": error code 0000007e
L 06/08/2017 - 19:02:19: [SM] Fatal error encountered parsing translation file "savescores.phrases.txt"
L 06/08/2017 - 19:02:19: [SM] Error (line 0, column 0): Stream failed to open
L 06/08/2017 - 19:02:19: [SM] Unable to load plugin "time-left-actions.smx": Required extension "Sound Info Library" file("soundlib.ext") not running
L 06/08/2017 - 19:02:39: [SM] Exception reported: Entity 2 (2) is invalid
L 06/08/2017 - 19:02:39: [SM] Blaming: autodifficultypatch.smx
L 06/08/2017 - 19:02:39: [SM] Call stack trace:
L 06/08/2017 - 19:02:39: [SM]   [0] GetEntPropString
L 06/08/2017 - 19:02:39: [SM]   [1] Line 1622, C:\Users\Ethorbit\Desktop\sourcemodbackup\sourcemod\addons\sourcemod\scripting\autodifficultypatch.sp::FindEntityByTargetName
L 06/08/2017 - 19:02:39: [SM]   [2] Line 1404, C:\Users\Ethorbit\Desktop\sourcemodbackup\sourcemod\addons\sourcemod\scripting\autodifficultypatch.sp::UpdateHeadcrab
L 06/08/2017 - 19:02:39: [SM]   [3] Line 26, C:\Users\Ethorbit\Desktop\sourcemodbackup\sourcemod\addons\sourcemod\scripting\autodifficultypatch.sp::OnClientDisconnect_Post
L 06/08/2017 - 19:03:14: [SM] Exception reported: Entity 1 (1) is invalid
L 06/08/2017 - 19:03:14: [SM] Blaming: autodifficultypatch.smx
L 06/08/2017 - 19:03:14: [SM] Call stack trace:
L 06/08/2017 - 19:03:14: [SM]   [0] GetEntPropString
L 06/08/2017 - 19:03:14: [SM]   [1] Line 1622, C:\Users\Ethorbit\Desktop\sourcemodbackup\sourcemod\addons\sourcemod\scripting\autodifficultypatch.sp::FindEntityByTargetName
L 06/08/2017 - 19:03:14: [SM]   [2] Line 1396, C:\Users\Ethorbit\Desktop\sourcemodbackup\sourcemod\addons\sourcemod\scripting\autodifficultypatch.sp::UpdateHeadcrab
L 06/08/2017 - 19:03:14: [SM]   [3] Line 26, C:\Users\Ethorbit\Desktop\sourcemodbackup\sourcemod\addons\sourcemod\scripting\autodifficultypatch.sp::OnClientDisconnect_Post
L 06/08/2017 - 19:03:45: [SM] Exception reported: Entity 1 (1) is invalid
L 06/08/2017 - 19:03:45: [SM] Blaming: autodifficultypatch.smx
L 06/08/2017 - 19:03:45: [SM] Call stack trace:
L 06/08/2017 - 19:03:45: [SM]   [0] GetEntPropString
L 06/08/2017 - 19:03:45: [SM]   [1] Line 1622, C:\Users\Ethorbit\Desktop\sourcemodbackup\sourcemod\addons\sourcemod\scripting\autodifficultypatch.sp::FindEntityByTargetName
L 06/08/2017 - 19:03:45: [SM]   [2] Line 1396, C:\Users\Ethorbit\Desktop\sourcemodbackup\sourcemod\addons\sourcemod\scripting\autodifficultypatch.sp::UpdateHeadcrab
L 06/08/2017 - 19:03:45: [SM]   [3] Line 26, C:\Users\Ethorbit\Desktop\sourcemodbackup\sourcemod\addons\sourcemod\scripting\autodifficultypatch.sp::OnClientDisconnect_Post
L 06/08/2017 - 19:15:12: [SM] Exception reported: Entity 1 (1) is invalid
L 06/08/2017 - 19:15:12: [SM] Blaming: autodifficultypatch.smx
L 06/08/2017 - 19:15:12: [SM] Call stack trace:
L 06/08/2017 - 19:15:12: [SM]   [0] GetEntPropString
L 06/08/2017 - 19:15:12: [SM]   [1] Line 1622, C:\Users\Ethorbit\Desktop\sourcemodbackup\sourcemod\addons\sourcemod\scripting\autodifficultypatch.sp::FindEntityByTargetName
L 06/08/2017 - 19:15:12: [SM]   [2] Line 1396, C:\Users\Ethorbit\Desktop\sourcemodbackup\sourcemod\addons\sourcemod\scripting\autodifficultypatch.sp::UpdateHeadcrab
L 06/08/2017 - 19:15:12: [SM]   [3] Line 26, C:\Users\Ethorbit\Desktop\sourcemodbackup\sourcemod\addons\sourcemod\scripting\autodifficultypatch.sp::OnClientDisconnect_Post
L 06/08/2017 - 20:02:32: Error log file session closed.
L 06/08/2017 - 20:02:32: SourceMod error session started
L 06/08/2017 - 20:02:32: Info (map "dm_montana_m") (file "errors_20170608.log")
L 06/08/2017 - 20:02:32: [SM] Fatal error encountered parsing translation file "savescores.phrases.txt"
L 06/08/2017 - 20:02:32: [SM] Error (line 0, column 0): Stream failed to open
L 06/08/2017 - 20:08:47: Error log file session closed.
L 06/08/2017 - 20:08:47: SourceMod error session started
L 06/08/2017 - 20:08:47: Info (map "pb_z_area51_m") (file "errors_20170608.log")
L 06/08/2017 - 20:08:47: [SM] Fatal error encountered parsing translation file "savescores.phrases.txt"
L 06/08/2017 - 20:08:47: [SM] Error (line 0, column 0): Stream failed to open
L 06/08/2017 - 20:11:56: [SM] Fatal error encountered parsing translation file "customvotes.phrases.txt"
L 06/08/2017 - 20:11:56: [SM] Error (line 0, column 0): Stream failed to open
L 06/08/2017 - 20:12:10: SourceMod error session started
L 06/08/2017 - 20:12:10: Info (map "pb_z_high_school_m") (file "errors_20170608.log")
L 06/08/2017 - 20:12:10: [SDKTOOLS] Invalid detour address passed - Disabling detour to prevent crashes
L 06/08/2017 - 20:12:10: [SM] Unable to load extension "soundlib.ext": error code 0000007e
L 06/08/2017 - 20:12:10: [SM] Unable to load extension "config.ext": error code 0000007e
L 06/08/2017 - 20:12:10: [SM] Fatal error encountered parsing translation file "savescores.phrases.txt"
L 06/08/2017 - 20:12:10: [SM] Error (line 0, column 0): Stream failed to open
L 06/08/2017 - 20:12:10: [SM] Unable to load plugin "time-left-actions.smx": Required extension "Sound Info Library" file("soundlib.ext") not running
L 06/08/2017 - 20:17:06: [SM] Exception reported: Entity 1 (1) is invalid
L 06/08/2017 - 20:17:06: [SM] Blaming: autodifficultypatch.smx
L 06/08/2017 - 20:17:06: [SM] Call stack trace:
L 06/08/2017 - 20:17:06: [SM]   [0] GetEntPropString
L 06/08/2017 - 20:17:06: [SM]   [1] Line 1622, C:\Users\Ethorbit\Desktop\sourcemodbackup\sourcemod\addons\sourcemod\scripting\autodifficultypatch.sp::FindEntityByTargetName
L 06/08/2017 - 20:17:06: [SM]   [2] Line 1404, C:\Users\Ethorbit\Desktop\sourcemodbackup\sourcemod\addons\sourcemod\scripting\autodifficultypatch.sp::UpdateHeadcrab
L 06/08/2017 - 20:17:06: [SM]   [3] Line 26, C:\Users\Ethorbit\Desktop\sourcemodbackup\sourcemod\addons\sourcemod\scripting\autodifficultypatch.sp::OnClientDisconnect_Post
L 06/08/2017 - 20:17:36: [SM] Fatal error encountered parsing translation file "customvotes.phrases.txt"
L 06/08/2017 - 20:17:36: [SM] Error (line 0, column 0): Stream failed to open
L 06/08/2017 - 20:33:35: [SM] Exception reported: Entity 1 (1) is invalid
L 06/08/2017 - 20:33:35: [SM] Blaming: autodifficultypatch.smx
L 06/08/2017 - 20:33:35: [SM] Call stack trace:
L 06/08/2017 - 20:33:35: [SM]   [0] GetEntPropString
L 06/08/2017 - 20:33:35: [SM]   [1] Line 1622, C:\Users\Ethorbit\Desktop\sourcemodbackup\sourcemod\addons\sourcemod\scripting\autodifficultypatch.sp::FindEntityByTargetName
L 06/08/2017 - 20:33:35: [SM]   [2] Line 1404, C:\Users\Ethorbit\Desktop\sourcemodbackup\sourcemod\addons\sourcemod\scripting\autodifficultypatch.sp::UpdateHeadcrab
L 06/08/2017 - 20:33:35: [SM]   [3] Line 26, C:\Users\Ethorbit\Desktop\sourcemodbackup\sourcemod\addons\sourcemod\scripting\autodifficultypatch.sp::OnClientDisconnect_Post
L 06/08/2017 - 20:40:06: [SM] Exception reported: Entity 2 (2) is invalid
L 06/08/2017 - 20:40:06: [SM] Blaming: autodifficultypatch.smx
L 06/08/2017 - 20:40:06: [SM] Call stack trace:
L 06/08/2017 - 20:40:06: [SM]   [0] GetEntPropString
L 06/08/2017 - 20:40:06: [SM]   [1] Line 1622, C:\Users\Ethorbit\Desktop\sourcemodbackup\sourcemod\addons\sourcemod\scripting\autodifficultypatch.sp::FindEntityByTargetName
L 06/08/2017 - 20:40:06: [SM]   [2] Line 1396, C:\Users\Ethorbit\Desktop\sourcemodbackup\sourcemod\addons\sourcemod\scripting\autodifficultypatch.sp::UpdateHeadcrab
L 06/08/2017 - 20:40:06: [SM]   [3] Line 26, C:\Users\Ethorbit\Desktop\sourcemodbackup\sourcemod\addons\sourcemod\scripting\autodifficultypatch.sp::OnClientDisconnect_Post
L 06/08/2017 - 21:12:24: Error log file session closed.
L 06/08/2017 - 21:12:24: SourceMod error session started
L 06/08/2017 - 21:12:24: Info (map "pb_z_office_tower_m") (file "errors_20170608.log")
L 06/08/2017 - 21:12:24: [SM] Fatal error encountered parsing translation file "savescores.phrases.txt"
L 06/08/2017 - 21:12:24: [SM] Error (line 0, column 0): Stream failed to open
L 06/08/2017 - 21:12:24: [SM] Fatal error encountered parsing translation file "customvotes.phrases.txt"
L 06/08/2017 - 21:12:24: [SM] Error (line 0, column 0): Stream failed to open
L 06/08/2017 - 21:26:46: SourceMod error session started
L 06/08/2017 - 21:26:46: Info (map "pb_z_high_school_m") (file "errors_20170608.log")
L 06/08/2017 - 21:26:46: [SDKTOOLS] Invalid detour address passed - Disabling detour to prevent crashes
L 06/08/2017 - 21:26:46: [SM] Unable to load extension "soundlib.ext": error code 0000007e
L 06/08/2017 - 21:26:46: [SM] Unable to load extension "config.ext": error code 0000007e
L 06/08/2017 - 21:26:47: [SM] Fatal error encountered parsing translation file "savescores.phrases.txt"
L 06/08/2017 - 21:26:47: [SM] Error (line 0, column 0): Stream failed to open
L 06/08/2017 - 21:26:47: [SM] Unable to load plugin "time-left-actions.smx": Required extension "Sound Info Library" file("soundlib.ext") not running
L 06/08/2017 - 21:29:41: [SM] Exception reported: Entity 1 (1) is invalid
L 06/08/2017 - 21:29:41: [SM] Blaming: autodifficultypatch.smx
L 06/08/2017 - 21:29:41: [SM] Call stack trace:
L 06/08/2017 - 21:29:41: [SM]   [0] GetEntPropString
L 06/08/2017 - 21:29:41: [SM]   [1] Line 1622, C:\Users\Ethorbit\Desktop\sourcemodbackup\sourcemod\addons\sourcemod\scripting\autodifficultypatch.sp::FindEntityByTargetName
L 06/08/2017 - 21:29:41: [SM]   [2] Line 1396, C:\Users\Ethorbit\Desktop\sourcemodbackup\sourcemod\addons\sourcemod\scripting\autodifficultypatch.sp::UpdateHeadcrab
L 06/08/2017 - 21:29:41: [SM]   [3] Line 26, C:\Users\Ethorbit\Desktop\sourcemodbackup\sourcemod\addons\sourcemod\scripting\autodifficultypatch.sp::OnClientDisconnect_Post
L 06/08/2017 - 21:29:41: Error log file session closed.
L 06/08/2017 - 21:29:41: SourceMod error session started
L 06/08/2017 - 21:29:41: Info (map "pb_z_area51_m") (file "errors_20170608.log")
L 06/08/2017 - 21:29:41: [SM] Fatal error encountered parsing translation file "savescores.phrases.txt"
L 06/08/2017 - 21:29:41: [SM] Error (line 0, column 0): Stream failed to open
L 06/08/2017 - 21:30:16: [SM] Exception reported: Entity 1 (1) is invalid
L 06/08/2017 - 21:30:16: [SM] Blaming: autodifficultypatch.smx
L 06/08/2017 - 21:30:16: [SM] Call stack trace:
L 06/08/2017 - 21:30:16: [SM]   [0] GetEntPropString
L 06/08/2017 - 21:30:16: [SM]   [1] Line 1622, C:\Users\Ethorbit\Desktop\sourcemodbackup\sourcemod\addons\sourcemod\scripting\autodifficultypatch.sp::FindEntityByTargetName
L 06/08/2017 - 21:30:16: [SM]   [2] Line 1472, C:\Users\Ethorbit\Desktop\sourcemodbackup\sourcemod\addons\sourcemod\scripting\autodifficultypatch.sp::UpdateHeadcrab
L 06/08/2017 - 21:30:16: [SM]   [3] Line 26, C:\Users\Ethorbit\Desktop\sourcemodbackup\sourcemod\addons\sourcemod\scripting\autodifficultypatch.sp::OnClientDisconnect_Post
L 06/08/2017 - 21:31:08: [SM] Exception reported: Entity 1 (1) is invalid
L 06/08/2017 - 21:31:08: [SM] Blaming: autodifficultypatch.smx
L 06/08/2017 - 21:31:08: [SM] Call stack trace:
L 06/08/2017 - 21:31:08: [SM]   [0] GetEntPropString
L 06/08/2017 - 21:31:08: [SM]   [1] Line 1622, C:\Users\Ethorbit\Desktop\sourcemodbackup\sourcemod\addons\sourcemod\scripting\autodifficultypatch.sp::FindEntityByTargetName
L 06/08/2017 - 21:31:08: [SM]   [2] Line 1472, C:\Users\Ethorbit\Desktop\sourcemodbackup\sourcemod\addons\sourcemod\scripting\autodifficultypatch.sp::UpdateHeadcrab
L 06/08/2017 - 21:31:08: [SM]   [3] Line 26, C:\Users\Ethorbit\Desktop\sourcemodbackup\sourcemod\addons\sourcemod\scripting\autodifficultypatch.sp::OnClientDisconnect_Post
L 06/08/2017 - 21:31:09: Error log file session closed.
L 06/08/2017 - 21:31:09: SourceMod error session started
L 06/08/2017 - 21:31:09: Info (map "pb_z_colony_m") (file "errors_20170608.log")
L 06/08/2017 - 21:31:09: [SM] Fatal error encountered parsing translation file "savescores.phrases.txt"
L 06/08/2017 - 21:31:09: [SM] Error (line 0, column 0): Stream failed to open
L 06/08/2017 - 21:32:11: Error log file session closed.
L 06/08/2017 - 21:32:11: SourceMod error session started
L 06/08/2017 - 21:32:11: Info (map "pb_z_disorder_m") (file "errors_20170608.log")
L 06/08/2017 - 21:32:11: [SM] Fatal error encountered parsing translation file "savescores.phrases.txt"
L 06/08/2017 - 21:32:11: [SM] Error (line 0, column 0): Stream failed to open
L 06/08/2017 - 21:33:01: [SM] Exception reported: Entity 1 (1) is invalid
L 06/08/2017 - 21:33:01: [SM] Blaming: autodifficultypatch.smx
L 06/08/2017 - 21:33:01: [SM] Call stack trace:
L 06/08/2017 - 21:33:01: [SM]   [0] GetEntPropString
L 06/08/2017 - 21:33:01: [SM]   [1] Line 1622, C:\Users\Ethorbit\Desktop\sourcemodbackup\sourcemod\addons\sourcemod\scripting\autodifficultypatch.sp::FindEntityByTargetName
L 06/08/2017 - 21:33:01: [SM]   [2] Line 645, C:\Users\Ethorbit\Desktop\sourcemodbackup\sourcemod\addons\sourcemod\scripting\autodifficultypatch.sp::UpdateHeadcrab
L 06/08/2017 - 21:33:01: [SM]   [3] Line 26, C:\Users\Ethorbit\Desktop\sourcemodbackup\sourcemod\addons\sourcemod\scripting\autodifficultypatch.sp::OnClientDisconnect_Post
L 06/08/2017 - 21:33:01: Error log file session closed.
L 06/08/2017 - 21:33:01: SourceMod error session started
L 06/08/2017 - 21:33:01: Info (map "pb_z_earthquake_m") (file "errors_20170608.log")
L 06/08/2017 - 21:33:01: [SM] Fatal error encountered parsing translation file "savescores.phrases.txt"
L 06/08/2017 - 21:33:01: [SM] Error (line 0, column 0): Stream failed to open
L 06/08/2017 - 21:33:56: [SM] Exception reported: Entity 1 (1) is invalid
L 06/08/2017 - 21:33:56: [SM] Blaming: autodifficultypatch.smx
L 06/08/2017 - 21:33:56: [SM] Call stack trace:
L 06/08/2017 - 21:33:56: [SM]   [0] GetEntPropString
L 06/08/2017 - 21:33:56: [SM]   [1] Line 1622, C:\Users\Ethorbit\Desktop\sourcemodbackup\sourcemod\addons\sourcemod\scripting\autodifficultypatch.sp::FindEntityByTargetName
L 06/08/2017 - 21:33:56: [SM]   [2] Line 1020, C:\Users\Ethorbit\Desktop\sourcemodbackup\sourcemod\addons\sourcemod\scripting\autodifficultypatch.sp::UpdateHeadcrab
L 06/08/2017 - 21:33:56: [SM]   [3] Line 26, C:\Users\Ethorbit\Desktop\sourcemodbackup\sourcemod\addons\sourcemod\scripting\autodifficultypatch.sp::OnClientDisconnect_Post
L 06/08/2017 - 21:33:56: Error log file session closed.
L 06/08/2017 - 21:33:56: SourceMod error session started
L 06/08/2017 - 21:33:56: Info (map "pb_z_industry_m") (file "errors_20170608.log")
L 06/08/2017 - 21:33:56: [SM] Fatal error encountered parsing translation file "savescores.phrases.txt"
L 06/08/2017 - 21:33:56: [SM] Error (line 0, column 0): Stream failed to open
L 06/08/2017 - 21:34:50: [SM] Exception reported: Entity 1 (1) is invalid
L 06/08/2017 - 21:34:50: [SM] Blaming: autodifficultypatch.smx
L 06/08/2017 - 21:34:50: [SM] Call stack trace:
L 06/08/2017 - 21:34:50: [SM]   [0] GetEntPropString
L 06/08/2017 - 21:34:50: [SM]   [1] Line 1622, C:\Users\Ethorbit\Desktop\sourcemodbackup\sourcemod\addons\sourcemod\scripting\autodifficultypatch.sp::FindEntityByTargetName
L 06/08/2017 - 21:34:50: [SM]   [2] Line 945, C:\Users\Ethorbit\Desktop\sourcemodbackup\sourcemod\addons\sourcemod\scripting\autodifficultypatch.sp::UpdateHeadcrab
L 06/08/2017 - 21:34:50: [SM]   [3] Line 26, C:\Users\Ethorbit\Desktop\sourcemodbackup\sourcemod\addons\sourcemod\scripting\autodifficultypatch.sp::OnClientDisconnect_Post
L 06/08/2017 - 21:34:50: Error log file session closed.
L 06/08/2017 - 21:34:50: SourceMod error session started
L 06/08/2017 - 21:34:50: Info (map "pb_z_office_tower_m") (file "errors_20170608.log")
L 06/08/2017 - 21:34:50: [SM] Fatal error encountered parsing translation file "savescores.phrases.txt"
L 06/08/2017 - 21:34:50: [SM] Error (line 0, column 0): Stream failed to open
L 06/08/2017 - 21:35:27: Error log file session closed.
L 06/08/2017 - 21:35:27: SourceMod error session started
L 06/08/2017 - 21:35:27: Info (map "pb_z_office_tower_v2_m") (file "errors_20170608.log")
L 06/08/2017 - 21:35:27: [SM] Fatal error encountered parsing translation file "savescores.phrases.txt"
L 06/08/2017 - 21:35:27: [SM] Error (line 0, column 0): Stream failed to open
L 06/08/2017 - 21:35:31: SourceMod error session started
L 06/08/2017 - 21:35:31: Info (map "pb_z_high_school_m") (file "errors_20170608.log")
L 06/08/2017 - 21:35:31: [SDKTOOLS] Invalid detour address passed - Disabling detour to prevent crashes
L 06/08/2017 - 21:35:31: [SM] Unable to load extension "soundlib.ext": error code 0000007e
L 06/08/2017 - 21:35:31: [SM] Unable to load extension "config.ext": error code 0000007e
L 06/08/2017 - 21:35:32: [SM] Fatal error encountered parsing translation file "savescores.phrases.txt"
L 06/08/2017 - 21:35:32: [SM] Error (line 0, column 0): Stream failed to open
L 06/08/2017 - 21:35:32: [SM] Unable to load plugin "time-left-actions.smx": Required extension "Sound Info Library" file("soundlib.ext") not running
L 06/08/2017 - 21:36:23: [SM] Exception reported: Entity 1 (1) is invalid
L 06/08/2017 - 21:36:23: [SM] Blaming: autodifficultypatch.smx
L 06/08/2017 - 21:36:23: [SM] Call stack trace:
L 06/08/2017 - 21:36:23: [SM]   [0] GetEntPropString
L 06/08/2017 - 21:36:23: [SM]   [1] Line 1622, C:\Users\Ethorbit\Desktop\sourcemodbackup\sourcemod\addons\sourcemod\scripting\autodifficultypatch.sp::FindEntityByTargetName
L 06/08/2017 - 21:36:23: [SM]   [2] Line 1396, C:\Users\Ethorbit\Desktop\sourcemodbackup\sourcemod\addons\sourcemod\scripting\autodifficultypatch.sp::UpdateHeadcrab
L 06/08/2017 - 21:36:23: [SM]   [3] Line 26, C:\Users\Ethorbit\Desktop\sourcemodbackup\sourcemod\addons\sourcemod\scripting\autodifficultypatch.sp::OnClientDisconnect_Post
L 06/08/2017 - 21:36:23: Error log file session closed.
L 06/08/2017 - 21:36:23: SourceMod error session started
L 06/08/2017 - 21:36:23: Info (map "pb_z_underground_m") (file "errors_20170608.log")
L 06/08/2017 - 21:36:23: [SM] Fatal error encountered parsing translation file "savescores.phrases.txt"
L 06/08/2017 - 21:36:23: [SM] Error (line 0, column 0): Stream failed to open
L 06/08/2017 - 21:37:20: [SM] Exception reported: Entity 1 (1) is invalid
L 06/08/2017 - 21:37:20: [SM] Blaming: autodifficultypatch.smx
L 06/08/2017 - 21:37:20: [SM] Call stack trace:
L 06/08/2017 - 21:37:20: [SM]   [0] GetEntPropString
L 06/08/2017 - 21:37:20: [SM]   [1] Line 1622, C:\Users\Ethorbit\Desktop\sourcemodbackup\sourcemod\addons\sourcemod\scripting\autodifficultypatch.sp::FindEntityByTargetName
L 06/08/2017 - 21:37:20: [SM]   [2] Line 720, C:\Users\Ethorbit\Desktop\sourcemodbackup\sourcemod\addons\sourcemod\scripting\autodifficultypatch.sp::UpdateHeadcrab
L 06/08/2017 - 21:37:20: [SM]   [3] Line 26, C:\Users\Ethorbit\Desktop\sourcemodbackup\sourcemod\addons\sourcemod\scripting\autodifficultypatch.sp::OnClientDisconnect_Post
L 06/08/2017 - 21:37:20: Error log file session closed.
L 06/08/2017 - 21:37:20: SourceMod error session started
L 06/08/2017 - 21:37:20: Info (map "dm_cave_m") (file "errors_20170608.log")
L 06/08/2017 - 21:37:20: [SM] Fatal error encountered parsing translation file "savescores.phrases.txt"
L 06/08/2017 - 21:37:20: [SM] Error (line 0, column 0): Stream failed to open
L 06/08/2017 - 21:38:33: [SM] Exception reported: Entity 1 (1) is invalid
L 06/08/2017 - 21:38:33: [SM] Blaming: autodifficultypatch.smx
L 06/08/2017 - 21:38:34: [SM] Call stack trace:
L 06/08/2017 - 21:38:34: [SM]   [0] GetEntPropString
L 06/08/2017 - 21:38:34: [SM]   [1] Line 1622, C:\Users\Ethorbit\Desktop\sourcemodbackup\sourcemod\addons\sourcemod\scripting\autodifficultypatch.sp::FindEntityByTargetName
L 06/08/2017 - 21:38:34: [SM]   [2] Line 795, C:\Users\Ethorbit\Desktop\sourcemodbackup\sourcemod\addons\sourcemod\scripting\autodifficultypatch.sp::UpdateHeadcrab
L 06/08/2017 - 21:38:34: [SM]   [3] Line 26, C:\Users\Ethorbit\Desktop\sourcemodbackup\sourcemod\addons\sourcemod\scripting\autodifficultypatch.sp::OnClientDisconnect_Post
L 06/08/2017 - 21:44:27: SourceMod error session started
L 06/08/2017 - 21:44:27: Info (map "pb_z_high_school_m") (file "errors_20170608.log")
L 06/08/2017 - 21:44:27: [SDKTOOLS] Invalid detour address passed - Disabling detour to prevent crashes
L 06/08/2017 - 21:44:27: [SM] Unable to load extension "soundlib.ext": error code 0000007e
L 06/08/2017 - 21:44:27: [SM] Unable to load extension "config.ext": error code 0000007e
L 06/08/2017 - 21:44:27: [SM] Fatal error encountered parsing translation file "savescores.phrases.txt"
L 06/08/2017 - 21:44:27: [SM] Error (line 0, column 0): Stream failed to open
L 06/08/2017 - 21:44:27: [SM] Unable to load plugin "time-left-actions.smx": Required extension "Sound Info Library" file("soundlib.ext") not running
L 06/08/2017 - 21:45:08: [SM] Exception reported: Entity 1 (1) is invalid
L 06/08/2017 - 21:45:08: [SM] Blaming: autodifficultypatch.smx
L 06/08/2017 - 21:45:08: [SM] Call stack trace:
L 06/08/2017 - 21:45:08: [SM]   [0] GetEntPropString
L 06/08/2017 - 21:45:08: [SM]   [1] Line 1622, C:\Users\Ethorbit\Desktop\sourcemodbackup\sourcemod\addons\sourcemod\scripting\autodifficultypatch.sp::FindEntityByTargetName
L 06/08/2017 - 21:45:08: [SM]   [2] Line 1396, C:\Users\Ethorbit\Desktop\sourcemodbackup\sourcemod\addons\sourcemod\scripting\autodifficultypatch.sp::UpdateHeadcrab
L 06/08/2017 - 21:45:08: [SM]   [3] Line 26, C:\Users\Ethorbit\Desktop\sourcemodbackup\sourcemod\addons\sourcemod\scripting\autodifficultypatch.sp::OnClientDisconnect_Post
L 06/08/2017 - 21:45:08: Error log file session closed.
L 06/08/2017 - 21:45:08: SourceMod error session started
L 06/08/2017 - 21:45:08: Info (map "dm_cave_m") (file "errors_20170608.log")
L 06/08/2017 - 21:45:08: [SM] Fatal error encountered parsing translation file "savescores.phrases.txt"
L 06/08/2017 - 21:45:08: [SM] Error (line 0, column 0): Stream failed to open
L 06/08/2017 - 21:45:29: [SM] Exception reported: Entity 1 (1) is invalid
L 06/08/2017 - 21:45:29: [SM] Blaming: autodifficultypatch.smx
L 06/08/2017 - 21:45:29: [SM] Call stack trace:
L 06/08/2017 - 21:45:29: [SM]   [0] GetEntPropString
L 06/08/2017 - 21:45:29: [SM]   [1] Line 1622, C:\Users\Ethorbit\Desktop\sourcemodbackup\sourcemod\addons\sourcemod\scripting\autodifficultypatch.sp::FindEntityByTargetName
L 06/08/2017 - 21:45:29: [SM]   [2] Line 795, C:\Users\Ethorbit\Desktop\sourcemodbackup\sourcemod\addons\sourcemod\scripting\autodifficultypatch.sp::UpdateHeadcrab
L 06/08/2017 - 21:45:29: [SM]   [3] Line 26, C:\Users\Ethorbit\Desktop\sourcemodbackup\sourcemod\addons\sourcemod\scripting\autodifficultypatch.sp::OnClientDisconnect_Post
L 06/08/2017 - 21:46:17: [SM] Exception reported: Entity 1 (1) is invalid
L 06/08/2017 - 21:46:17: [SM] Blaming: autodifficultypatch.smx
L 06/08/2017 - 21:46:17: [SM] Call stack trace:
L 06/08/2017 - 21:46:17: [SM]   [0] GetEntPropString
L 06/08/2017 - 21:46:17: [SM]   [1] Line 1622, C:\Users\Ethorbit\Desktop\sourcemodbackup\sourcemod\addons\sourcemod\scripting\autodifficultypatch.sp::FindEntityByTargetName
L 06/08/2017 - 21:46:17: [SM]   [2] Line 795, C:\Users\Ethorbit\Desktop\sourcemodbackup\sourcemod\addons\sourcemod\scripting\autodifficultypatch.sp::UpdateHeadcrab
L 06/08/2017 - 21:46:17: [SM]   [3] Line 26, C:\Users\Ethorbit\Desktop\sourcemodbackup\sourcemod\addons\sourcemod\scripting\autodifficultypatch.sp::OnClientDisconnect_Post
L 06/08/2017 - 21:46:17: Error log file session closed.
L 06/08/2017 - 21:46:17: SourceMod error session started
L 06/08/2017 - 21:46:17: Info (map "dm_cave_m") (file "errors_20170608.log")
L 06/08/2017 - 21:46:17: [SM] Fatal error encountered parsing translation file "savescores.phrases.txt"
L 06/08/2017 - 21:46:17: [SM] Error (line 0, column 0): Stream failed to open
L 06/08/2017 - 21:46:33: [SM] Exception reported: Entity 1 (1) is invalid
L 06/08/2017 - 21:46:33: [SM] Blaming: autodifficultypatch.smx
L 06/08/2017 - 21:46:33: [SM] Call stack trace:
L 06/08/2017 - 21:46:33: [SM]   [0] GetEntPropString
L 06/08/2017 - 21:46:33: [SM]   [1] Line 1622, C:\Users\Ethorbit\Desktop\sourcemodbackup\sourcemod\addons\sourcemod\scripting\autodifficultypatch.sp::FindEntityByTargetName
L 06/08/2017 - 21:46:33: [SM]   [2] Line 795, C:\Users\Ethorbit\Desktop\sourcemodbackup\sourcemod\addons\sourcemod\scripting\autodifficultypatch.sp::UpdateHeadcrab
L 06/08/2017 - 21:46:33: [SM]   [3] Line 26, C:\Users\Ethorbit\Desktop\sourcemodbackup\sourcemod\addons\sourcemod\scripting\autodifficultypatch.sp::OnClientDisconnect_Post
L 06/08/2017 - 21:46:57: [SM] Exception reported: Entity 1 (1) is invalid
L 06/08/2017 - 21:46:57: [SM] Blaming: autodifficultypatch.smx
L 06/08/2017 - 21:46:57: [SM] Call stack trace:
L 06/08/2017 - 21:46:57: [SM]   [0] GetEntPropString
L 06/08/2017 - 21:46:57: [SM]   [1] Line 1622, C:\Users\Ethorbit\Desktop\sourcemodbackup\sourcemod\addons\sourcemod\scripting\autodifficultypatch.sp::FindEntityByTargetName
L 06/08/2017 - 21:46:57: [SM]   [2] Line 795, C:\Users\Ethorbit\Desktop\sourcemodbackup\sourcemod\addons\sourcemod\scripting\autodifficultypatch.sp::UpdateHeadcrab
L 06/08/2017 - 21:46:57: [SM]   [3] Line 26, C:\Users\Ethorbit\Desktop\sourcemodbackup\sourcemod\addons\sourcemod\scripting\autodifficultypatch.sp::OnClientDisconnect_Post
L 06/08/2017 - 21:46:58: Error log file session closed.
L 06/08/2017 - 21:46:58: SourceMod error session started
L 06/08/2017 - 21:46:58: Info (map "dm_cave_m") (file "errors_20170608.log")
L 06/08/2017 - 21:46:58: [SM] Fatal error encountered parsing translation file "savescores.phrases.txt"
L 06/08/2017 - 21:46:58: [SM] Error (line 0, column 0): Stream failed to open
L 06/08/2017 - 21:47:09: [SM] Exception reported: Entity 1 (1) is invalid
L 06/08/2017 - 21:47:09: [SM] Blaming: autodifficultypatch.smx
L 06/08/2017 - 21:47:09: [SM] Call stack trace:
L 06/08/2017 - 21:47:09: [SM]   [0] GetEntPropString
L 06/08/2017 - 21:47:09: [SM]   [1] Line 1622, C:\Users\Ethorbit\Desktop\sourcemodbackup\sourcemod\addons\sourcemod\scripting\autodifficultypatch.sp::FindEntityByTargetName
L 06/08/2017 - 21:47:09: [SM]   [2] Line 795, C:\Users\Ethorbit\Desktop\sourcemodbackup\sourcemod\addons\sourcemod\scripting\autodifficultypatch.sp::UpdateHeadcrab
L 06/08/2017 - 21:47:09: [SM]   [3] Line 26, C:\Users\Ethorbit\Desktop\sourcemodbackup\sourcemod\addons\sourcemod\scripting\autodifficultypatch.sp::OnClientDisconnect_Post
L 06/08/2017 - 21:47:56: SourceMod error session started
L 06/08/2017 - 21:47:56: Info (map "pb_z_high_school_m") (file "errors_20170608.log")
L 06/08/2017 - 21:47:56: [SDKTOOLS] Invalid detour address passed - Disabling detour to prevent crashes
L 06/08/2017 - 21:47:56: [SM] Unable to load extension "soundlib.ext": error code 0000007e
L 06/08/2017 - 21:47:56: [SM] Unable to load extension "config.ext": error code 0000007e
L 06/08/2017 - 21:47:56: [SM] Fatal error encountered parsing translation file "savescores.phrases.txt"
L 06/08/2017 - 21:47:56: [SM] Error (line 0, column 0): Stream failed to open
L 06/08/2017 - 21:47:56: [SM] Unable to load plugin "time-left-actions.smx": Required extension "Sound Info Library" file("soundlib.ext") not running
L 06/08/2017 - 21:48:15: [SM] Exception reported: Entity 1 (1) is invalid
L 06/08/2017 - 21:48:15: [SM] Blaming: autodifficultypatch.smx
L 06/08/2017 - 21:48:15: [SM] Call stack trace:
L 06/08/2017 - 21:48:15: [SM]   [0] GetEntPropString
L 06/08/2017 - 21:48:15: [SM]   [1] Line 1622, C:\Users\Ethorbit\Desktop\sourcemodbackup\sourcemod\addons\sourcemod\scripting\autodifficultypatch.sp::FindEntityByTargetName
L 06/08/2017 - 21:48:15: [SM]   [2] Line 1396, C:\Users\Ethorbit\Desktop\sourcemodbackup\sourcemod\addons\sourcemod\scripting\autodifficultypatch.sp::UpdateHeadcrab
L 06/08/2017 - 21:48:15: [SM]   [3] Line 26, C:\Users\Ethorbit\Desktop\sourcemodbackup\sourcemod\addons\sourcemod\scripting\autodifficultypatch.sp::OnClientDisconnect_Post
L 06/08/2017 - 21:48:15: Error log file session closed.
L 06/08/2017 - 21:48:15: SourceMod error session started
L 06/08/2017 - 21:48:15: Info (map "dm_cave_m") (file "errors_20170608.log")
L 06/08/2017 - 21:48:15: [SM] Fatal error encountered parsing translation file "savescores.phrases.txt"
L 06/08/2017 - 21:48:15: [SM] Error (line 0, column 0): Stream failed to open
L 06/08/2017 - 21:48:48: [SM] Exception reported: Entity 1 (1) is invalid
L 06/08/2017 - 21:48:48: [SM] Blaming: autodifficultypatch.smx
L 06/08/2017 - 21:48:48: [SM] Call stack trace:
L 06/08/2017 - 21:48:48: [SM]   [0] GetEntPropString
L 06/08/2017 - 21:48:48: [SM]   [1] Line 1622, C:\Users\Ethorbit\Desktop\sourcemodbackup\sourcemod\addons\sourcemod\scripting\autodifficultypatch.sp::FindEntityByTargetName
L 06/08/2017 - 21:48:48: [SM]   [2] Line 795, C:\Users\Ethorbit\Desktop\sourcemodbackup\sourcemod\addons\sourcemod\scripting\autodifficultypatch.sp::UpdateHeadcrab
L 06/08/2017 - 21:48:48: [SM]   [3] Line 26, C:\Users\Ethorbit\Desktop\sourcemodbackup\sourcemod\addons\sourcemod\scripting\autodifficultypatch.sp::OnClientDisconnect_Post
L 06/08/2017 - 21:49:26: SourceMod error session started
L 06/08/2017 - 21:49:26: Info (map "pb_z_high_school_m") (file "errors_20170608.log")
L 06/08/2017 - 21:49:26: [SDKTOOLS] Invalid detour address passed - Disabling detour to prevent crashes
L 06/08/2017 - 21:49:26: [SM] Unable to load extension "soundlib.ext": error code 0000007e
L 06/08/2017 - 21:49:26: [SM] Unable to load extension "config.ext": error code 0000007e
L 06/08/2017 - 21:49:26: [SM] Fatal error encountered parsing translation file "savescores.phrases.txt"
L 06/08/2017 - 21:49:26: [SM] Error (line 0, column 0): Stream failed to open
L 06/08/2017 - 21:49:26: [SM] Unable to load plugin "time-left-actions.smx": Required extension "Sound Info Library" file("soundlib.ext") not running
L 06/08/2017 - 21:49:40: [SM] Exception reported: Entity 1 (1) is invalid
L 06/08/2017 - 21:49:40: [SM] Blaming: autodifficultypatch.smx
L 06/08/2017 - 21:49:40: [SM] Call stack trace:
L 06/08/2017 - 21:49:40: [SM]   [0] GetEntPropString
L 06/08/2017 - 21:49:40: [SM]   [1] Line 1622, C:\Users\Ethorbit\Desktop\sourcemodbackup\sourcemod\addons\sourcemod\scripting\autodifficultypatch.sp::FindEntityByTargetName
L 06/08/2017 - 21:49:40: [SM]   [2] Line 1396, C:\Users\Ethorbit\Desktop\sourcemodbackup\sourcemod\addons\sourcemod\scripting\autodifficultypatch.sp::UpdateHeadcrab
L 06/08/2017 - 21:49:40: [SM]   [3] Line 26, C:\Users\Ethorbit\Desktop\sourcemodbackup\sourcemod\addons\sourcemod\scripting\autodifficultypatch.sp::OnClientDisconnect_Post
L 06/08/2017 - 21:49:41: Error log file session closed.
L 06/08/2017 - 21:49:41: SourceMod error session started
L 06/08/2017 - 21:49:41: Info (map "dm_cave_m") (file "errors_20170608.log")
L 06/08/2017 - 21:49:41: [SM] Fatal error encountered parsing translation file "savescores.phrases.txt"
L 06/08/2017 - 21:49:41: [SM] Error (line 0, column 0): Stream failed to open
L 06/08/2017 - 21:50:12: [SM] Exception reported: Entity 1 (1) is invalid
L 06/08/2017 - 21:50:12: [SM] Blaming: autodifficultypatch.smx
L 06/08/2017 - 21:50:12: [SM] Call stack trace:
L 06/08/2017 - 21:50:12: [SM]   [0] GetEntPropString
L 06/08/2017 - 21:50:12: [SM]   [1] Line 1622, C:\Users\Ethorbit\Desktop\sourcemodbackup\sourcemod\addons\sourcemod\scripting\autodifficultypatch.sp::FindEntityByTargetName
L 06/08/2017 - 21:50:12: [SM]   [2] Line 795, C:\Users\Ethorbit\Desktop\sourcemodbackup\sourcemod\addons\sourcemod\scripting\autodifficultypatch.sp::UpdateHeadcrab
L 06/08/2017 - 21:50:12: [SM]   [3] Line 26, C:\Users\Ethorbit\Desktop\sourcemodbackup\sourcemod\addons\sourcemod\scripting\autodifficultypatch.sp::OnClientDisconnect_Post
L 06/08/2017 - 22:49:52: Error log file session closed.
L 06/08/2017 - 22:49:52: SourceMod error session started
L 06/08/2017 - 22:49:52: Info (map "pb_z_disorder_m") (file "errors_20170608.log")
L 06/08/2017 - 22:49:52: [SM] Fatal error encountered parsing translation file "savescores.phrases.txt"
L 06/08/2017 - 22:49:52: [SM] Error (line 0, column 0): Stream failed to open
L 06/08/2017 - 23:50:02: Error log file session closed.
L 06/08/2017 - 23:50:02: SourceMod error session started
L 06/08/2017 - 23:50:02: Info (map "pb_z_area51_m") (file "errors_20170608.log")
L 06/08/2017 - 23:50:02: [SM] Fatal error encountered parsing translation file "savescores.phrases.txt"
L 06/08/2017 - 23:50:02: [SM] Error (line 0, column 0): Stream failed to open
