L 05/20/2017 - 00:06:09: SourceMod error session started
L 05/20/2017 - 00:06:09: Info (map "pb_z_high_school_m") (file "errors_20170520.log")
L 05/20/2017 - 00:06:09: [SDKTOOLS] Invalid detour address passed - Disabling detour to prevent crashes
L 05/20/2017 - 00:06:10: [SM] Fatal error encountered parsing translation file "savescores.phrases.txt"
L 05/20/2017 - 00:06:10: [SM] Error (line 0, column 0): Stream failed to open
L 05/20/2017 - 03:56:56: [SM] Exception reported: Entity 1 (1) is invalid
L 05/20/2017 - 03:56:56: [SM] Blaming: autodifficultypatch.smx
L 05/20/2017 - 03:56:56: [SM] Call stack trace:
L 05/20/2017 - 03:56:56: [SM]   [0] GetEntPropString
L 05/20/2017 - 03:56:56: [SM]   [1] Line 1420, C:\Users\Ethorbit\Desktop\sourcemod\scripting\autodifficultypatch.sp::FindEntityByTargetName
L 05/20/2017 - 03:56:56: [SM]   [2] Line 1194, C:\Users\Ethorbit\Desktop\sourcemod\scripting\autodifficultypatch.sp::UpdateHeadcrab
L 05/20/2017 - 03:56:56: [SM]   [3] Line 26, C:\Users\Ethorbit\Desktop\sourcemod\scripting\autodifficultypatch.sp::OnClientDisconnect_Post
L 05/20/2017 - 04:55:43: Error log file session closed.
L 05/20/2017 - 04:55:43: SourceMod error session started
L 05/20/2017 - 04:55:43: Info (map "pb_z_underground_m") (file "errors_20170520.log")
L 05/20/2017 - 04:55:43: [SM] Fatal error encountered parsing translation file "savescores.phrases.txt"
L 05/20/2017 - 04:55:43: [SM] Error (line 0, column 0): Stream failed to open
L 05/20/2017 - 05:55:55: Error log file session closed.
L 05/20/2017 - 05:55:55: SourceMod error session started
L 05/20/2017 - 05:55:55: Info (map "dm_montana_m") (file "errors_20170520.log")
L 05/20/2017 - 05:55:55: [SM] Fatal error encountered parsing translation file "savescores.phrases.txt"
L 05/20/2017 - 05:55:55: [SM] Error (line 0, column 0): Stream failed to open
L 05/20/2017 - 06:56:09: Error log file session closed.
L 05/20/2017 - 06:56:09: SourceMod error session started
L 05/20/2017 - 06:56:09: Info (map "pb_z_colony_m") (file "errors_20170520.log")
L 05/20/2017 - 06:56:09: [SM] Fatal error encountered parsing translation file "savescores.phrases.txt"
L 05/20/2017 - 06:56:09: [SM] Error (line 0, column 0): Stream failed to open
L 05/20/2017 - 07:56:20: Error log file session closed.
L 05/20/2017 - 07:56:20: SourceMod error session started
L 05/20/2017 - 07:56:20: Info (map "dm_hellsdistrict_m") (file "errors_20170520.log")
L 05/20/2017 - 07:56:20: [SM] Fatal error encountered parsing translation file "savescores.phrases.txt"
L 05/20/2017 - 07:56:20: [SM] Error (line 0, column 0): Stream failed to open
L 05/20/2017 - 08:56:31: Error log file session closed.
L 05/20/2017 - 08:56:31: SourceMod error session started
L 05/20/2017 - 08:56:31: Info (map "dm_raven_m") (file "errors_20170520.log")
L 05/20/2017 - 08:56:31: [SM] Fatal error encountered parsing translation file "savescores.phrases.txt"
L 05/20/2017 - 08:56:31: [SM] Error (line 0, column 0): Stream failed to open
L 05/20/2017 - 09:56:41: Error log file session closed.
L 05/20/2017 - 09:56:41: SourceMod error session started
L 05/20/2017 - 09:56:41: Info (map "dm_mine_entrance_m") (file "errors_20170520.log")
L 05/20/2017 - 09:56:41: [SM] Fatal error encountered parsing translation file "savescores.phrases.txt"
L 05/20/2017 - 09:56:41: [SM] Error (line 0, column 0): Stream failed to open
L 05/20/2017 - 10:56:51: Error log file session closed.
L 05/20/2017 - 10:56:51: SourceMod error session started
L 05/20/2017 - 10:56:51: Info (map "pb_z_earthquake_m") (file "errors_20170520.log")
L 05/20/2017 - 10:56:51: [SM] Fatal error encountered parsing translation file "savescores.phrases.txt"
L 05/20/2017 - 10:56:51: [SM] Error (line 0, column 0): Stream failed to open
L 05/20/2017 - 11:29:07: [SM] Fatal error encountered parsing translation file "customvotes.phrases.txt"
L 05/20/2017 - 11:29:07: [SM] Error (line 0, column 0): Stream failed to open
L 05/20/2017 - 11:31:00: [SM] Exception reported: Entity 2 (2) is invalid
L 05/20/2017 - 11:31:00: [SM] Blaming: autodifficultypatch.smx
L 05/20/2017 - 11:31:00: [SM] Call stack trace:
L 05/20/2017 - 11:31:00: [SM]   [0] GetEntPropString
L 05/20/2017 - 11:31:00: [SM]   [1] Line 1420, C:\Users\Ethorbit\Desktop\sourcemod\scripting\autodifficultypatch.sp::FindEntityByTargetName
L 05/20/2017 - 11:31:00: [SM]   [2] Line 826, C:\Users\Ethorbit\Desktop\sourcemod\scripting\autodifficultypatch.sp::UpdateHeadcrab
L 05/20/2017 - 11:31:00: [SM]   [3] Line 26, C:\Users\Ethorbit\Desktop\sourcemod\scripting\autodifficultypatch.sp::OnClientDisconnect_Post
L 05/20/2017 - 11:33:06: [SM] Exception reported: Entity 2 (2) is invalid
L 05/20/2017 - 11:33:06: [SM] Blaming: autodifficultypatch.smx
L 05/20/2017 - 11:33:06: [SM] Call stack trace:
L 05/20/2017 - 11:33:06: [SM]   [0] GetEntPropString
L 05/20/2017 - 11:33:06: [SM]   [1] Line 1420, C:\Users\Ethorbit\Desktop\sourcemod\scripting\autodifficultypatch.sp::FindEntityByTargetName
L 05/20/2017 - 11:33:06: [SM]   [2] Line 826, C:\Users\Ethorbit\Desktop\sourcemod\scripting\autodifficultypatch.sp::UpdateHeadcrab
L 05/20/2017 - 11:33:06: [SM]   [3] Line 26, C:\Users\Ethorbit\Desktop\sourcemod\scripting\autodifficultypatch.sp::OnClientDisconnect_Post
L 05/20/2017 - 11:38:16: [SM] Exception reported: Entity 2 (2) is invalid
L 05/20/2017 - 11:38:16: [SM] Blaming: autodifficultypatch.smx
L 05/20/2017 - 11:38:16: [SM] Call stack trace:
L 05/20/2017 - 11:38:16: [SM]   [0] GetEntPropString
L 05/20/2017 - 11:38:16: [SM]   [1] Line 1420, C:\Users\Ethorbit\Desktop\sourcemod\scripting\autodifficultypatch.sp::FindEntityByTargetName
L 05/20/2017 - 11:38:16: [SM]   [2] Line 826, C:\Users\Ethorbit\Desktop\sourcemod\scripting\autodifficultypatch.sp::UpdateHeadcrab
L 05/20/2017 - 11:38:16: [SM]   [3] Line 26, C:\Users\Ethorbit\Desktop\sourcemod\scripting\autodifficultypatch.sp::OnClientDisconnect_Post
L 05/20/2017 - 11:57:01: [SM] Exception reported: Entity 1 (1) is invalid
L 05/20/2017 - 11:57:01: [SM] Blaming: autodifficultypatch.smx
L 05/20/2017 - 11:57:01: [SM] Call stack trace:
L 05/20/2017 - 11:57:01: [SM]   [0] GetEntPropString
L 05/20/2017 - 11:57:01: [SM]   [1] Line 1420, C:\Users\Ethorbit\Desktop\sourcemod\scripting\autodifficultypatch.sp::FindEntityByTargetName
L 05/20/2017 - 11:57:01: [SM]   [2] Line 818, C:\Users\Ethorbit\Desktop\sourcemod\scripting\autodifficultypatch.sp::UpdateHeadcrab
L 05/20/2017 - 11:57:01: [SM]   [3] Line 26, C:\Users\Ethorbit\Desktop\sourcemod\scripting\autodifficultypatch.sp::OnClientDisconnect_Post
L 05/20/2017 - 11:57:02: Error log file session closed.
L 05/20/2017 - 11:57:02: SourceMod error session started
L 05/20/2017 - 11:57:02: Info (map "dm_laststop_m") (file "errors_20170520.log")
L 05/20/2017 - 11:57:02: [SM] Fatal error encountered parsing translation file "savescores.phrases.txt"
L 05/20/2017 - 11:57:02: [SM] Error (line 0, column 0): Stream failed to open
L 05/20/2017 - 11:57:02: [SM] Fatal error encountered parsing translation file "customvotes.phrases.txt"
L 05/20/2017 - 11:57:02: [SM] Error (line 0, column 0): Stream failed to open
L 05/20/2017 - 12:57:12: Error log file session closed.
L 05/20/2017 - 12:57:12: SourceMod error session started
L 05/20/2017 - 12:57:12: Info (map "pb_z_industry_m") (file "errors_20170520.log")
L 05/20/2017 - 12:57:12: [SM] Fatal error encountered parsing translation file "savescores.phrases.txt"
L 05/20/2017 - 12:57:12: [SM] Error (line 0, column 0): Stream failed to open
L 05/20/2017 - 12:57:12: [SM] Fatal error encountered parsing translation file "customvotes.phrases.txt"
L 05/20/2017 - 12:57:12: [SM] Error (line 0, column 0): Stream failed to open
L 05/20/2017 - 13:57:26: Error log file session closed.
L 05/20/2017 - 13:57:26: SourceMod error session started
L 05/20/2017 - 13:57:26: Info (map "pb_z_office_tower_v2_m") (file "errors_20170520.log")
L 05/20/2017 - 13:57:26: [SM] Fatal error encountered parsing translation file "savescores.phrases.txt"
L 05/20/2017 - 13:57:26: [SM] Error (line 0, column 0): Stream failed to open
L 05/20/2017 - 13:57:26: [SM] Fatal error encountered parsing translation file "customvotes.phrases.txt"
L 05/20/2017 - 13:57:26: [SM] Error (line 0, column 0): Stream failed to open
L 05/20/2017 - 14:10:38: [SM] Exception reported: Entity 3 (3) is invalid
L 05/20/2017 - 14:10:38: [SM] Blaming: autodifficultypatch.smx
L 05/20/2017 - 14:10:38: [SM] Call stack trace:
L 05/20/2017 - 14:10:38: [SM]   [0] GetEntPropString
L 05/20/2017 - 14:10:38: [SM]   [1] Line 1420, C:\Users\Ethorbit\Desktop\sourcemod\scripting\autodifficultypatch.sp::FindEntityByTargetName
L 05/20/2017 - 14:10:38: [SM]   [2] Line 317, C:\Users\Ethorbit\Desktop\sourcemod\scripting\autodifficultypatch.sp::UpdateHeadcrab
L 05/20/2017 - 14:10:38: [SM]   [3] Line 26, C:\Users\Ethorbit\Desktop\sourcemod\scripting\autodifficultypatch.sp::OnClientDisconnect_Post
L 05/20/2017 - 14:11:50: [SM] Exception reported: Entity 1 (1) is invalid
L 05/20/2017 - 14:11:50: [SM] Blaming: autodifficultypatch.smx
L 05/20/2017 - 14:11:50: [SM] Call stack trace:
L 05/20/2017 - 14:11:50: [SM]   [0] GetEntPropString
L 05/20/2017 - 14:11:50: [SM]   [1] Line 1420, C:\Users\Ethorbit\Desktop\sourcemod\scripting\autodifficultypatch.sp::FindEntityByTargetName
L 05/20/2017 - 14:11:50: [SM]   [2] Line 309, C:\Users\Ethorbit\Desktop\sourcemod\scripting\autodifficultypatch.sp::UpdateHeadcrab
L 05/20/2017 - 14:11:50: [SM]   [3] Line 26, C:\Users\Ethorbit\Desktop\sourcemod\scripting\autodifficultypatch.sp::OnClientDisconnect_Post
L 05/20/2017 - 14:14:46: [SM] Exception reported: Entity 1 (1) is invalid
L 05/20/2017 - 14:14:46: [SM] Blaming: autodifficultypatch.smx
L 05/20/2017 - 14:14:46: [SM] Call stack trace:
L 05/20/2017 - 14:14:46: [SM]   [0] GetEntPropString
L 05/20/2017 - 14:14:46: [SM]   [1] Line 1420, C:\Users\Ethorbit\Desktop\sourcemod\scripting\autodifficultypatch.sp::FindEntityByTargetName
L 05/20/2017 - 14:14:46: [SM]   [2] Line 317, C:\Users\Ethorbit\Desktop\sourcemod\scripting\autodifficultypatch.sp::UpdateHeadcrab
L 05/20/2017 - 14:14:46: [SM]   [3] Line 26, C:\Users\Ethorbit\Desktop\sourcemod\scripting\autodifficultypatch.sp::OnClientDisconnect_Post
L 05/20/2017 - 14:15:56: [SM] Exception reported: Entity 3 (3) is invalid
L 05/20/2017 - 14:15:56: [SM] Blaming: autodifficultypatch.smx
L 05/20/2017 - 14:15:56: [SM] Call stack trace:
L 05/20/2017 - 14:15:56: [SM]   [0] GetEntPropString
L 05/20/2017 - 14:15:56: [SM]   [1] Line 1420, C:\Users\Ethorbit\Desktop\sourcemod\scripting\autodifficultypatch.sp::FindEntityByTargetName
L 05/20/2017 - 14:15:56: [SM]   [2] Line 309, C:\Users\Ethorbit\Desktop\sourcemod\scripting\autodifficultypatch.sp::UpdateHeadcrab
L 05/20/2017 - 14:15:56: [SM]   [3] Line 26, C:\Users\Ethorbit\Desktop\sourcemod\scripting\autodifficultypatch.sp::OnClientDisconnect_Post
L 05/20/2017 - 14:40:20: [SM] Exception reported: Entity 3 (3) is invalid
L 05/20/2017 - 14:40:20: [SM] Blaming: autodifficultypatch.smx
L 05/20/2017 - 14:40:20: [SM] Call stack trace:
L 05/20/2017 - 14:40:20: [SM]   [0] GetEntPropString
L 05/20/2017 - 14:40:20: [SM]   [1] Line 1420, C:\Users\Ethorbit\Desktop\sourcemod\scripting\autodifficultypatch.sp::FindEntityByTargetName
L 05/20/2017 - 14:40:20: [SM]   [2] Line 317, C:\Users\Ethorbit\Desktop\sourcemod\scripting\autodifficultypatch.sp::UpdateHeadcrab
L 05/20/2017 - 14:40:20: [SM]   [3] Line 26, C:\Users\Ethorbit\Desktop\sourcemod\scripting\autodifficultypatch.sp::OnClientDisconnect_Post
L 05/20/2017 - 14:47:45: [SM] Exception reported: Entity 2 (2) is invalid
L 05/20/2017 - 14:47:45: [SM] Blaming: autodifficultypatch.smx
L 05/20/2017 - 14:47:45: [SM] Call stack trace:
L 05/20/2017 - 14:47:45: [SM]   [0] GetEntPropString
L 05/20/2017 - 14:47:45: [SM]   [1] Line 1420, C:\Users\Ethorbit\Desktop\sourcemod\scripting\autodifficultypatch.sp::FindEntityByTargetName
L 05/20/2017 - 14:47:45: [SM]   [2] Line 317, C:\Users\Ethorbit\Desktop\sourcemod\scripting\autodifficultypatch.sp::UpdateHeadcrab
L 05/20/2017 - 14:47:45: [SM]   [3] Line 26, C:\Users\Ethorbit\Desktop\sourcemod\scripting\autodifficultypatch.sp::OnClientDisconnect_Post
L 05/20/2017 - 14:47:54: [SM] Exception reported: Entity 1 (1) is invalid
L 05/20/2017 - 14:47:54: [SM] Blaming: autodifficultypatch.smx
L 05/20/2017 - 14:47:54: [SM] Call stack trace:
L 05/20/2017 - 14:47:54: [SM]   [0] GetEntPropString
L 05/20/2017 - 14:47:54: [SM]   [1] Line 1420, C:\Users\Ethorbit\Desktop\sourcemod\scripting\autodifficultypatch.sp::FindEntityByTargetName
L 05/20/2017 - 14:47:54: [SM]   [2] Line 309, C:\Users\Ethorbit\Desktop\sourcemod\scripting\autodifficultypatch.sp::UpdateHeadcrab
L 05/20/2017 - 14:47:54: [SM]   [3] Line 26, C:\Users\Ethorbit\Desktop\sourcemod\scripting\autodifficultypatch.sp::OnClientDisconnect_Post
L 05/20/2017 - 14:57:37: Error log file session closed.
L 05/20/2017 - 14:57:37: SourceMod error session started
L 05/20/2017 - 14:57:37: Info (map "pb_z_underground_m") (file "errors_20170520.log")
L 05/20/2017 - 14:57:37: [SM] Fatal error encountered parsing translation file "savescores.phrases.txt"
L 05/20/2017 - 14:57:37: [SM] Error (line 0, column 0): Stream failed to open
L 05/20/2017 - 14:57:37: [SM] Fatal error encountered parsing translation file "customvotes.phrases.txt"
L 05/20/2017 - 14:57:37: [SM] Error (line 0, column 0): Stream failed to open
L 05/20/2017 - 15:57:46: Error log file session closed.
L 05/20/2017 - 15:57:46: SourceMod error session started
L 05/20/2017 - 15:57:46: Info (map "dm_raven_m") (file "errors_20170520.log")
L 05/20/2017 - 15:57:46: [SM] Fatal error encountered parsing translation file "savescores.phrases.txt"
L 05/20/2017 - 15:57:46: [SM] Error (line 0, column 0): Stream failed to open
L 05/20/2017 - 15:57:46: [SM] Fatal error encountered parsing translation file "customvotes.phrases.txt"
L 05/20/2017 - 15:57:46: [SM] Error (line 0, column 0): Stream failed to open
L 05/20/2017 - 16:06:05: [SM] Exception reported: Entity 1 (1) is invalid
L 05/20/2017 - 16:06:05: [SM] Blaming: autodifficultypatch.smx
L 05/20/2017 - 16:06:05: [SM] Call stack trace:
L 05/20/2017 - 16:06:05: [SM]   [0] GetEntPropString
L 05/20/2017 - 16:06:05: [SM]   [1] Line 1420, C:\Users\Ethorbit\Desktop\sourcemod\scripting\autodifficultypatch.sp::FindEntityByTargetName
L 05/20/2017 - 16:06:05: [SM]   [2] Line 968, C:\Users\Ethorbit\Desktop\sourcemod\scripting\autodifficultypatch.sp::UpdateHeadcrab
L 05/20/2017 - 16:06:05: [SM]   [3] Line 26, C:\Users\Ethorbit\Desktop\sourcemod\scripting\autodifficultypatch.sp::OnClientDisconnect_Post
L 05/20/2017 - 16:15:35: [SM] Exception reported: Entity 1 (1) is invalid
L 05/20/2017 - 16:15:35: [SM] Blaming: autodifficultypatch.smx
L 05/20/2017 - 16:15:35: [SM] Call stack trace:
L 05/20/2017 - 16:15:35: [SM]   [0] GetEntPropString
L 05/20/2017 - 16:15:35: [SM]   [1] Line 1420, C:\Users\Ethorbit\Desktop\sourcemod\scripting\autodifficultypatch.sp::FindEntityByTargetName
L 05/20/2017 - 16:15:35: [SM]   [2] Line 968, C:\Users\Ethorbit\Desktop\sourcemod\scripting\autodifficultypatch.sp::UpdateHeadcrab
L 05/20/2017 - 16:15:35: [SM]   [3] Line 26, C:\Users\Ethorbit\Desktop\sourcemod\scripting\autodifficultypatch.sp::OnClientDisconnect_Post
L 05/20/2017 - 16:15:36: Error log file session closed.
L 05/20/2017 - 16:15:36: SourceMod error session started
L 05/20/2017 - 16:15:36: Info (map "pb_z_colony_m") (file "errors_20170520.log")
L 05/20/2017 - 16:15:36: [SM] Fatal error encountered parsing translation file "savescores.phrases.txt"
L 05/20/2017 - 16:15:36: [SM] Error (line 0, column 0): Stream failed to open
L 05/20/2017 - 16:15:36: [SM] Fatal error encountered parsing translation file "customvotes.phrases.txt"
L 05/20/2017 - 16:15:36: [SM] Error (line 0, column 0): Stream failed to open
L 05/20/2017 - 17:10:31: Error log file session closed.
L 05/20/2017 - 17:10:31: SourceMod error session started
L 05/20/2017 - 17:10:31: Info (map "pb_z_high_school_m") (file "errors_20170520.log")
L 05/20/2017 - 17:10:31: [SM] Fatal error encountered parsing translation file "savescores.phrases.txt"
L 05/20/2017 - 17:10:31: [SM] Error (line 0, column 0): Stream failed to open
L 05/20/2017 - 17:10:31: [SM] Fatal error encountered parsing translation file "customvotes.phrases.txt"
L 05/20/2017 - 17:10:31: [SM] Error (line 0, column 0): Stream failed to open
L 05/20/2017 - 17:26:49: [SM] Exception reported: Entity 2 (2) is invalid
L 05/20/2017 - 17:26:49: [SM] Blaming: autodifficultypatch.smx
L 05/20/2017 - 17:26:49: [SM] Call stack trace:
L 05/20/2017 - 17:26:49: [SM]   [0] GetEntPropString
L 05/20/2017 - 17:26:49: [SM]   [1] Line 1420, C:\Users\Ethorbit\Desktop\sourcemod\scripting\autodifficultypatch.sp::FindEntityByTargetName
L 05/20/2017 - 17:26:49: [SM]   [2] Line 1202, C:\Users\Ethorbit\Desktop\sourcemod\scripting\autodifficultypatch.sp::UpdateHeadcrab
L 05/20/2017 - 17:26:49: [SM]   [3] Line 26, C:\Users\Ethorbit\Desktop\sourcemod\scripting\autodifficultypatch.sp::OnClientDisconnect_Post
L 05/20/2017 - 17:33:52: [SM] Exception reported: Entity 1 (1) is invalid
L 05/20/2017 - 17:33:52: [SM] Blaming: autodifficultypatch.smx
L 05/20/2017 - 17:33:52: [SM] Call stack trace:
L 05/20/2017 - 17:33:52: [SM]   [0] GetEntPropString
L 05/20/2017 - 17:33:52: [SM]   [1] Line 1420, C:\Users\Ethorbit\Desktop\sourcemod\scripting\autodifficultypatch.sp::FindEntityByTargetName
L 05/20/2017 - 17:33:52: [SM]   [2] Line 1194, C:\Users\Ethorbit\Desktop\sourcemod\scripting\autodifficultypatch.sp::UpdateHeadcrab
L 05/20/2017 - 17:33:52: [SM]   [3] Line 26, C:\Users\Ethorbit\Desktop\sourcemod\scripting\autodifficultypatch.sp::OnClientDisconnect_Post
L 05/20/2017 - 18:10:42: Error log file session closed.
L 05/20/2017 - 18:10:42: SourceMod error session started
L 05/20/2017 - 18:10:42: Info (map "dm_morbid_m") (file "errors_20170520.log")
L 05/20/2017 - 18:10:42: [SM] Fatal error encountered parsing translation file "savescores.phrases.txt"
L 05/20/2017 - 18:10:42: [SM] Error (line 0, column 0): Stream failed to open
L 05/20/2017 - 18:10:42: [SM] Fatal error encountered parsing translation file "customvotes.phrases.txt"
L 05/20/2017 - 18:10:42: [SM] Error (line 0, column 0): Stream failed to open
L 05/20/2017 - 19:10:51: Error log file session closed.
L 05/20/2017 - 19:10:51: SourceMod error session started
L 05/20/2017 - 19:10:51: Info (map "pb_z_industry_m") (file "errors_20170520.log")
L 05/20/2017 - 19:10:51: [SM] Fatal error encountered parsing translation file "savescores.phrases.txt"
L 05/20/2017 - 19:10:51: [SM] Error (line 0, column 0): Stream failed to open
L 05/20/2017 - 19:10:51: [SM] Fatal error encountered parsing translation file "customvotes.phrases.txt"
L 05/20/2017 - 19:10:51: [SM] Error (line 0, column 0): Stream failed to open
L 05/20/2017 - 20:11:02: Error log file session closed.
L 05/20/2017 - 20:11:02: SourceMod error session started
L 05/20/2017 - 20:11:02: Info (map "dm_coldruins_rc1_m") (file "errors_20170520.log")
L 05/20/2017 - 20:11:02: [SM] Fatal error encountered parsing translation file "savescores.phrases.txt"
L 05/20/2017 - 20:11:02: [SM] Error (line 0, column 0): Stream failed to open
L 05/20/2017 - 20:11:02: [SM] Fatal error encountered parsing translation file "customvotes.phrases.txt"
L 05/20/2017 - 20:11:02: [SM] Error (line 0, column 0): Stream failed to open
L 05/20/2017 - 20:47:21: [SM] Exception reported: Entity 2 (2) is invalid
L 05/20/2017 - 20:47:21: [SM] Blaming: autodifficultypatch.smx
L 05/20/2017 - 20:47:21: [SM] Call stack trace:
L 05/20/2017 - 20:47:21: [SM]   [0] GetEntPropString
L 05/20/2017 - 20:47:21: [SM]   [1] Line 1420, C:\Users\Ethorbit\Desktop\sourcemod\scripting\autodifficultypatch.sp::FindEntityByTargetName
L 05/20/2017 - 20:47:21: [SM]   [2] Line 676, C:\Users\Ethorbit\Desktop\sourcemod\scripting\autodifficultypatch.sp::UpdateHeadcrab
L 05/20/2017 - 20:47:21: [SM]   [3] Line 26, C:\Users\Ethorbit\Desktop\sourcemod\scripting\autodifficultypatch.sp::OnClientDisconnect_Post
L 05/20/2017 - 20:51:12: [SM] Exception reported: Entity 2 (2) is invalid
L 05/20/2017 - 20:51:12: [SM] Blaming: autodifficultypatch.smx
L 05/20/2017 - 20:51:12: [SM] Call stack trace:
L 05/20/2017 - 20:51:12: [SM]   [0] GetEntPropString
L 05/20/2017 - 20:51:12: [SM]   [1] Line 1420, C:\Users\Ethorbit\Desktop\sourcemod\scripting\autodifficultypatch.sp::FindEntityByTargetName
L 05/20/2017 - 20:51:12: [SM]   [2] Line 676, C:\Users\Ethorbit\Desktop\sourcemod\scripting\autodifficultypatch.sp::UpdateHeadcrab
L 05/20/2017 - 20:51:12: [SM]   [3] Line 26, C:\Users\Ethorbit\Desktop\sourcemod\scripting\autodifficultypatch.sp::OnClientDisconnect_Post
L 05/20/2017 - 21:04:55: [SM] Exception reported: Entity 1 (1) is invalid
L 05/20/2017 - 21:04:55: [SM] Blaming: autodifficultypatch.smx
L 05/20/2017 - 21:04:55: [SM] Call stack trace:
L 05/20/2017 - 21:04:55: [SM]   [0] GetEntPropString
L 05/20/2017 - 21:04:55: [SM]   [1] Line 1420, C:\Users\Ethorbit\Desktop\sourcemod\scripting\autodifficultypatch.sp::FindEntityByTargetName
L 05/20/2017 - 21:04:55: [SM]   [2] Line 668, C:\Users\Ethorbit\Desktop\sourcemod\scripting\autodifficultypatch.sp::UpdateHeadcrab
L 05/20/2017 - 21:04:55: [SM]   [3] Line 26, C:\Users\Ethorbit\Desktop\sourcemod\scripting\autodifficultypatch.sp::OnClientDisconnect_Post
L 05/20/2017 - 21:04:55: Error log file session closed.
L 05/20/2017 - 21:04:55: SourceMod error session started
L 05/20/2017 - 21:04:55: Info (map "pb_z_earthquake_m") (file "errors_20170520.log")
L 05/20/2017 - 21:04:55: [SM] Fatal error encountered parsing translation file "savescores.phrases.txt"
L 05/20/2017 - 21:04:55: [SM] Error (line 0, column 0): Stream failed to open
L 05/20/2017 - 21:04:55: [SM] Fatal error encountered parsing translation file "customvotes.phrases.txt"
L 05/20/2017 - 21:04:55: [SM] Error (line 0, column 0): Stream failed to open
L 05/20/2017 - 21:25:12: [SM] Exception reported: Entity 1 (1) is invalid
L 05/20/2017 - 21:25:12: [SM] Blaming: autodifficultypatch.smx
L 05/20/2017 - 21:25:12: [SM] Call stack trace:
L 05/20/2017 - 21:25:12: [SM]   [0] GetEntPropString
L 05/20/2017 - 21:25:12: [SM]   [1] Line 1420, C:\Users\Ethorbit\Desktop\sourcemod\scripting\autodifficultypatch.sp::FindEntityByTargetName
L 05/20/2017 - 21:25:12: [SM]   [2] Line 818, C:\Users\Ethorbit\Desktop\sourcemod\scripting\autodifficultypatch.sp::UpdateHeadcrab
L 05/20/2017 - 21:25:12: [SM]   [3] Line 26, C:\Users\Ethorbit\Desktop\sourcemod\scripting\autodifficultypatch.sp::OnClientDisconnect_Post
L 05/20/2017 - 22:04:20: [SM] Exception reported: Entity 1 (1) is invalid
L 05/20/2017 - 22:04:20: [SM] Blaming: autodifficultypatch.smx
L 05/20/2017 - 22:04:20: [SM] Call stack trace:
L 05/20/2017 - 22:04:20: [SM]   [0] GetEntPropString
L 05/20/2017 - 22:04:20: [SM]   [1] Line 1420, C:\Users\Ethorbit\Desktop\sourcemod\scripting\autodifficultypatch.sp::FindEntityByTargetName
L 05/20/2017 - 22:04:20: [SM]   [2] Line 818, C:\Users\Ethorbit\Desktop\sourcemod\scripting\autodifficultypatch.sp::UpdateHeadcrab
L 05/20/2017 - 22:04:20: [SM]   [3] Line 26, C:\Users\Ethorbit\Desktop\sourcemod\scripting\autodifficultypatch.sp::OnClientDisconnect_Post
L 05/20/2017 - 22:05:05: Error log file session closed.
L 05/20/2017 - 22:05:05: SourceMod error session started
L 05/20/2017 - 22:05:05: Info (map "dm_mine_entrance_m") (file "errors_20170520.log")
L 05/20/2017 - 22:05:05: [SM] Fatal error encountered parsing translation file "savescores.phrases.txt"
L 05/20/2017 - 22:05:05: [SM] Error (line 0, column 0): Stream failed to open
L 05/20/2017 - 22:05:05: [SM] Fatal error encountered parsing translation file "customvotes.phrases.txt"
L 05/20/2017 - 22:05:05: [SM] Error (line 0, column 0): Stream failed to open
L 05/20/2017 - 22:05:59: [SM] Exception reported: Entity 1 (1) is invalid
L 05/20/2017 - 22:05:59: [SM] Blaming: autodifficultypatch.smx
L 05/20/2017 - 22:05:59: [SM] Call stack trace:
L 05/20/2017 - 22:05:59: [SM]   [0] GetEntPropString
L 05/20/2017 - 22:05:59: [SM]   [1] Line 1420, C:\Users\Ethorbit\Desktop\sourcemod\scripting\autodifficultypatch.sp::FindEntityByTargetName
L 05/20/2017 - 22:05:59: [SM]   [2] Line 1043, C:\Users\Ethorbit\Desktop\sourcemod\scripting\autodifficultypatch.sp::UpdateHeadcrab
L 05/20/2017 - 22:05:59: [SM]   [3] Line 26, C:\Users\Ethorbit\Desktop\sourcemod\scripting\autodifficultypatch.sp::OnClientDisconnect_Post
L 05/20/2017 - 23:05:16: Error log file session closed.
L 05/20/2017 - 23:05:16: SourceMod error session started
L 05/20/2017 - 23:05:16: Info (map "pb_z_disorder_m") (file "errors_20170520.log")
L 05/20/2017 - 23:05:16: [SM] Fatal error encountered parsing translation file "savescores.phrases.txt"
L 05/20/2017 - 23:05:16: [SM] Error (line 0, column 0): Stream failed to open
L 05/20/2017 - 23:05:16: [SM] Fatal error encountered parsing translation file "customvotes.phrases.txt"
L 05/20/2017 - 23:05:16: [SM] Error (line 0, column 0): Stream failed to open
L 05/20/2017 - 23:56:11: [SM] Exception reported: Entity 1 (1) is invalid
L 05/20/2017 - 23:56:11: [SM] Blaming: autodifficultypatch.smx
L 05/20/2017 - 23:56:11: [SM] Call stack trace:
L 05/20/2017 - 23:56:11: [SM]   [0] GetEntPropString
L 05/20/2017 - 23:56:11: [SM]   [1] Line 1420, C:\Users\Ethorbit\Desktop\sourcemod\scripting\autodifficultypatch.sp::FindEntityByTargetName
L 05/20/2017 - 23:56:11: [SM]   [2] Line 443, C:\Users\Ethorbit\Desktop\sourcemod\scripting\autodifficultypatch.sp::UpdateHeadcrab
L 05/20/2017 - 23:56:11: [SM]   [3] Line 26, C:\Users\Ethorbit\Desktop\sourcemod\scripting\autodifficultypatch.sp::OnClientDisconnect_Post
L 05/20/2017 - 23:56:11: Error log file session closed.
L 05/20/2017 - 23:56:11: SourceMod error session started
L 05/20/2017 - 23:56:11: Info (map "pb_z_underground_m") (file "errors_20170520.log")
L 05/20/2017 - 23:56:11: [SM] Fatal error encountered parsing translation file "savescores.phrases.txt"
L 05/20/2017 - 23:56:11: [SM] Error (line 0, column 0): Stream failed to open
L 05/20/2017 - 23:56:11: [SM] Fatal error encountered parsing translation file "customvotes.phrases.txt"
L 05/20/2017 - 23:56:11: [SM] Error (line 0, column 0): Stream failed to open
L 05/20/2017 - 23:58:02: [SM] Exception reported: Entity 1 (1) is invalid
L 05/20/2017 - 23:58:02: [SM] Blaming: autodifficultypatch.smx
L 05/20/2017 - 23:58:02: [SM] Call stack trace:
L 05/20/2017 - 23:58:02: [SM]   [0] GetEntPropString
L 05/20/2017 - 23:58:02: [SM]   [1] Line 1420, C:\Users\Ethorbit\Desktop\sourcemod\scripting\autodifficultypatch.sp::FindEntityByTargetName
L 05/20/2017 - 23:58:02: [SM]   [2] Line 518, C:\Users\Ethorbit\Desktop\sourcemod\scripting\autodifficultypatch.sp::UpdateHeadcrab
L 05/20/2017 - 23:58:02: [SM]   [3] Line 26, C:\Users\Ethorbit\Desktop\sourcemod\scripting\autodifficultypatch.sp::OnClientDisconnect_Post
L 05/20/2017 - 23:58:03: Error log file session closed.
L 05/20/2017 - 23:58:03: SourceMod error session started
L 05/20/2017 - 23:58:03: Info (map "pb_z_office_tower_m") (file "errors_20170520.log")
L 05/20/2017 - 23:58:03: [SM] Fatal error encountered parsing translation file "savescores.phrases.txt"
L 05/20/2017 - 23:58:03: [SM] Error (line 0, column 0): Stream failed to open
L 05/20/2017 - 23:58:03: [SM] Fatal error encountered parsing translation file "customvotes.phrases.txt"
L 05/20/2017 - 23:58:03: [SM] Error (line 0, column 0): Stream failed to open
