L 06/23/2017 - 00:32:46: SourceMod error session started
L 06/23/2017 - 00:32:46: Info (map "pb_z_area51_m") (file "errors_20170623.log")
L 06/23/2017 - 00:32:46: Error log file session closed.
L 06/23/2017 - 00:32:46: SourceMod error session started
L 06/23/2017 - 00:32:46: Info (map "pb_z_area51_m") (file "errors_20170623.log")
L 06/23/2017 - 00:32:46: [SM] Fatal error encountered parsing translation file "savescores.phrases.txt"
L 06/23/2017 - 00:32:46: [SM] Error (line 0, column 0): Stream failed to open
L 06/23/2017 - 00:32:46: [SM] Fatal error encountered parsing translation file "customvotes.phrases.txt"
L 06/23/2017 - 00:32:46: [SM] Error (line 0, column 0): Stream failed to open
L 06/23/2017 - 00:40:51: SourceMod error session started
L 06/23/2017 - 00:40:51: Info (map "pb_z_high_school_m") (file "errors_20170623.log")
L 06/23/2017 - 00:40:51: [SDKTOOLS] Invalid detour address passed - Disabling detour to prevent crashes
L 06/23/2017 - 00:40:52: [SM] Unable to load extension "soundlib.ext": error code 0000007e
L 06/23/2017 - 00:40:52: [SM] Unable to load extension "config.ext": error code 0000007e
L 06/23/2017 - 00:40:52: [SM] Fatal error encountered parsing translation file "savescores.phrases.txt"
L 06/23/2017 - 00:40:52: [SM] Error (line 0, column 0): Stream failed to open
L 06/23/2017 - 00:40:52: [SM] Unable to load plugin "time-left-actions.smx": Required extension "Sound Info Library" file("soundlib.ext") not running
L 06/23/2017 - 00:41:00: Error log file session closed.
L 06/23/2017 - 00:41:00: SourceMod error session started
L 06/23/2017 - 00:41:00: Info (map "pb_z_high_school_m") (file "errors_20170623.log")
L 06/23/2017 - 00:41:00: [SM] Fatal error encountered parsing translation file "savescores.phrases.txt"
L 06/23/2017 - 00:41:00: [SM] Error (line 0, column 0): Stream failed to open
L 06/23/2017 - 02:22:34: [SM] Exception reported: Entity 1 (1) is invalid
L 06/23/2017 - 02:22:34: [SM] Blaming: autodifficultypatch.smx
L 06/23/2017 - 02:22:34: [SM] Call stack trace:
L 06/23/2017 - 02:22:34: [SM]   [0] GetEntPropString
L 06/23/2017 - 02:22:34: [SM]   [1] Line 1823, C:\Users\Ethorbit\Desktop\sourcemodbackup\sourcemod\addons\sourcemod\scripting\autodifficultypatch.sp::FindEntityByTargetName
L 06/23/2017 - 02:22:34: [SM]   [2] Line 1597, C:\Users\Ethorbit\Desktop\sourcemodbackup\sourcemod\addons\sourcemod\scripting\autodifficultypatch.sp::UpdateHeadcrab
L 06/23/2017 - 02:22:34: [SM]   [3] Line 26, C:\Users\Ethorbit\Desktop\sourcemodbackup\sourcemod\addons\sourcemod\scripting\autodifficultypatch.sp::OnClientDisconnect_Post
L 06/23/2017 - 02:28:35: [SM] Exception reported: Entity 1 (1) is invalid
L 06/23/2017 - 02:28:35: [SM] Blaming: autodifficultypatch.smx
L 06/23/2017 - 02:28:35: [SM] Call stack trace:
L 06/23/2017 - 02:28:35: [SM]   [0] GetEntPropString
L 06/23/2017 - 02:28:35: [SM]   [1] Line 1823, C:\Users\Ethorbit\Desktop\sourcemodbackup\sourcemod\addons\sourcemod\scripting\autodifficultypatch.sp::FindEntityByTargetName
L 06/23/2017 - 02:28:35: [SM]   [2] Line 1597, C:\Users\Ethorbit\Desktop\sourcemodbackup\sourcemod\addons\sourcemod\scripting\autodifficultypatch.sp::UpdateHeadcrab
L 06/23/2017 - 02:28:35: [SM]   [3] Line 26, C:\Users\Ethorbit\Desktop\sourcemodbackup\sourcemod\addons\sourcemod\scripting\autodifficultypatch.sp::OnClientDisconnect_Post
L 06/23/2017 - 03:11:30: Error log file session closed.
L 06/23/2017 - 03:11:30: SourceMod error session started
L 06/23/2017 - 03:11:30: Info (map "dm_snowfall_m") (file "errors_20170623.log")
L 06/23/2017 - 03:11:30: [SM] Fatal error encountered parsing translation file "savescores.phrases.txt"
L 06/23/2017 - 03:11:30: [SM] Error (line 0, column 0): Stream failed to open
L 06/23/2017 - 04:11:43: Error log file session closed.
L 06/23/2017 - 04:11:43: SourceMod error session started
L 06/23/2017 - 04:11:43: Info (map "dm_coldruins_rc1_m") (file "errors_20170623.log")
L 06/23/2017 - 04:11:43: [SM] Fatal error encountered parsing translation file "savescores.phrases.txt"
L 06/23/2017 - 04:11:43: [SM] Error (line 0, column 0): Stream failed to open
L 06/23/2017 - 05:11:55: Error log file session closed.
L 06/23/2017 - 05:11:55: SourceMod error session started
L 06/23/2017 - 05:11:55: Info (map "pb_z_industry_m") (file "errors_20170623.log")
L 06/23/2017 - 05:11:55: [SM] Fatal error encountered parsing translation file "savescores.phrases.txt"
L 06/23/2017 - 05:11:55: [SM] Error (line 0, column 0): Stream failed to open
L 06/23/2017 - 06:12:06: Error log file session closed.
L 06/23/2017 - 06:12:06: SourceMod error session started
L 06/23/2017 - 06:12:06: Info (map "dm_raven_m") (file "errors_20170623.log")
L 06/23/2017 - 06:12:06: [SM] Fatal error encountered parsing translation file "savescores.phrases.txt"
L 06/23/2017 - 06:12:06: [SM] Error (line 0, column 0): Stream failed to open
L 06/23/2017 - 06:50:33: [SM] Exception reported: Entity 1 (1) is invalid
L 06/23/2017 - 06:50:33: [SM] Blaming: autodifficultypatch.smx
L 06/23/2017 - 06:50:33: [SM] Call stack trace:
L 06/23/2017 - 06:50:33: [SM]   [0] GetEntPropString
L 06/23/2017 - 06:50:33: [SM]   [1] Line 1823, C:\Users\Ethorbit\Desktop\sourcemodbackup\sourcemod\addons\sourcemod\scripting\autodifficultypatch.sp::FindEntityByTargetName
L 06/23/2017 - 06:50:33: [SM]   [2] Line 1371, C:\Users\Ethorbit\Desktop\sourcemodbackup\sourcemod\addons\sourcemod\scripting\autodifficultypatch.sp::UpdateHeadcrab
L 06/23/2017 - 06:50:33: [SM]   [3] Line 26, C:\Users\Ethorbit\Desktop\sourcemodbackup\sourcemod\addons\sourcemod\scripting\autodifficultypatch.sp::OnClientDisconnect_Post
L 06/23/2017 - 06:50:34: Error log file session closed.
L 06/23/2017 - 06:50:34: SourceMod error session started
L 06/23/2017 - 06:50:34: Info (map "pb_z_area51_m") (file "errors_20170623.log")
L 06/23/2017 - 06:50:34: [SM] Fatal error encountered parsing translation file "savescores.phrases.txt"
L 06/23/2017 - 06:50:34: [SM] Error (line 0, column 0): Stream failed to open
L 06/23/2017 - 06:51:34: [SM] Fatal error encountered parsing translation file "customvotes.phrases.txt"
L 06/23/2017 - 06:51:34: [SM] Error (line 0, column 0): Stream failed to open
L 06/23/2017 - 07:50:45: Error log file session closed.
L 06/23/2017 - 07:50:45: SourceMod error session started
L 06/23/2017 - 07:50:45: Info (map "pb_z_disorder_m") (file "errors_20170623.log")
L 06/23/2017 - 07:50:45: [SM] Fatal error encountered parsing translation file "savescores.phrases.txt"
L 06/23/2017 - 07:50:45: [SM] Error (line 0, column 0): Stream failed to open
L 06/23/2017 - 07:50:45: [SM] Fatal error encountered parsing translation file "customvotes.phrases.txt"
L 06/23/2017 - 07:50:45: [SM] Error (line 0, column 0): Stream failed to open
L 06/23/2017 - 08:04:01: [SM] Exception reported: Entity 1 (1) is invalid
L 06/23/2017 - 08:04:01: [SM] Blaming: autodifficultypatch.smx
L 06/23/2017 - 08:04:01: [SM] Call stack trace:
L 06/23/2017 - 08:04:01: [SM]   [0] GetEntPropString
L 06/23/2017 - 08:04:01: [SM]   [1] Line 1823, C:\Users\Ethorbit\Desktop\sourcemodbackup\sourcemod\addons\sourcemod\scripting\autodifficultypatch.sp::FindEntityByTargetName
L 06/23/2017 - 08:04:01: [SM]   [2] Line 854, C:\Users\Ethorbit\Desktop\sourcemodbackup\sourcemod\addons\sourcemod\scripting\autodifficultypatch.sp::UpdateHeadcrab
L 06/23/2017 - 08:04:01: [SM]   [3] Line 26, C:\Users\Ethorbit\Desktop\sourcemodbackup\sourcemod\addons\sourcemod\scripting\autodifficultypatch.sp::OnClientDisconnect_Post
L 06/23/2017 - 08:20:19: [SM] Exception reported: Entity 1 (1) is invalid
L 06/23/2017 - 08:20:19: [SM] Blaming: autodifficultypatch.smx
L 06/23/2017 - 08:20:19: [SM] Call stack trace:
L 06/23/2017 - 08:20:19: [SM]   [0] GetEntPropString
L 06/23/2017 - 08:20:19: [SM]   [1] Line 1823, C:\Users\Ethorbit\Desktop\sourcemodbackup\sourcemod\addons\sourcemod\scripting\autodifficultypatch.sp::FindEntityByTargetName
L 06/23/2017 - 08:20:19: [SM]   [2] Line 846, C:\Users\Ethorbit\Desktop\sourcemodbackup\sourcemod\addons\sourcemod\scripting\autodifficultypatch.sp::UpdateHeadcrab
L 06/23/2017 - 08:20:19: [SM]   [3] Line 26, C:\Users\Ethorbit\Desktop\sourcemodbackup\sourcemod\addons\sourcemod\scripting\autodifficultypatch.sp::OnClientDisconnect_Post
L 06/23/2017 - 08:20:20: Error log file session closed.
L 06/23/2017 - 08:20:20: SourceMod error session started
L 06/23/2017 - 08:20:20: Info (map "pb_z_high_school_m") (file "errors_20170623.log")
L 06/23/2017 - 08:20:20: [SM] Fatal error encountered parsing translation file "savescores.phrases.txt"
L 06/23/2017 - 08:20:20: [SM] Error (line 0, column 0): Stream failed to open
L 06/23/2017 - 08:20:20: [SM] Fatal error encountered parsing translation file "customvotes.phrases.txt"
L 06/23/2017 - 08:20:20: [SM] Error (line 0, column 0): Stream failed to open
L 06/23/2017 - 08:28:57: [SM] Exception reported: Entity 1 (1) is invalid
L 06/23/2017 - 08:28:57: [SM] Blaming: autodifficultypatch.smx
L 06/23/2017 - 08:28:57: [SM] Call stack trace:
L 06/23/2017 - 08:28:57: [SM]   [0] GetEntPropString
L 06/23/2017 - 08:28:57: [SM]   [1] Line 1823, C:\Users\Ethorbit\Desktop\sourcemodbackup\sourcemod\addons\sourcemod\scripting\autodifficultypatch.sp::FindEntityByTargetName
L 06/23/2017 - 08:28:57: [SM]   [2] Line 1597, C:\Users\Ethorbit\Desktop\sourcemodbackup\sourcemod\addons\sourcemod\scripting\autodifficultypatch.sp::UpdateHeadcrab
L 06/23/2017 - 08:28:57: [SM]   [3] Line 26, C:\Users\Ethorbit\Desktop\sourcemodbackup\sourcemod\addons\sourcemod\scripting\autodifficultypatch.sp::OnClientDisconnect_Post
L 06/23/2017 - 08:45:18: [SM] Exception reported: Entity 1 (1) is invalid
L 06/23/2017 - 08:45:18: [SM] Blaming: autodifficultypatch.smx
L 06/23/2017 - 08:45:18: [SM] Call stack trace:
L 06/23/2017 - 08:45:18: [SM]   [0] GetEntPropString
L 06/23/2017 - 08:45:18: [SM]   [1] Line 1823, C:\Users\Ethorbit\Desktop\sourcemodbackup\sourcemod\addons\sourcemod\scripting\autodifficultypatch.sp::FindEntityByTargetName
L 06/23/2017 - 08:45:18: [SM]   [2] Line 1597, C:\Users\Ethorbit\Desktop\sourcemodbackup\sourcemod\addons\sourcemod\scripting\autodifficultypatch.sp::UpdateHeadcrab
L 06/23/2017 - 08:45:18: [SM]   [3] Line 26, C:\Users\Ethorbit\Desktop\sourcemodbackup\sourcemod\addons\sourcemod\scripting\autodifficultypatch.sp::OnClientDisconnect_Post
L 06/23/2017 - 09:07:12: [SM] Exception reported: Entity 1 (1) is invalid
L 06/23/2017 - 09:07:12: [SM] Blaming: autodifficultypatch.smx
L 06/23/2017 - 09:07:12: [SM] Call stack trace:
L 06/23/2017 - 09:07:12: [SM]   [0] GetEntPropString
L 06/23/2017 - 09:07:12: [SM]   [1] Line 1823, C:\Users\Ethorbit\Desktop\sourcemodbackup\sourcemod\addons\sourcemod\scripting\autodifficultypatch.sp::FindEntityByTargetName
L 06/23/2017 - 09:07:12: [SM]   [2] Line 1597, C:\Users\Ethorbit\Desktop\sourcemodbackup\sourcemod\addons\sourcemod\scripting\autodifficultypatch.sp::UpdateHeadcrab
L 06/23/2017 - 09:07:12: [SM]   [3] Line 26, C:\Users\Ethorbit\Desktop\sourcemodbackup\sourcemod\addons\sourcemod\scripting\autodifficultypatch.sp::OnClientDisconnect_Post
L 06/23/2017 - 09:20:31: Error log file session closed.
L 06/23/2017 - 09:20:31: SourceMod error session started
L 06/23/2017 - 09:20:31: Info (map "pb_z_hometown1999_m") (file "errors_20170623.log")
L 06/23/2017 - 09:20:31: [SM] Fatal error encountered parsing translation file "savescores.phrases.txt"
L 06/23/2017 - 09:20:31: [SM] Error (line 0, column 0): Stream failed to open
L 06/23/2017 - 09:20:31: [SM] Fatal error encountered parsing translation file "customvotes.phrases.txt"
L 06/23/2017 - 09:20:31: [SM] Error (line 0, column 0): Stream failed to open
L 06/23/2017 - 10:20:43: Error log file session closed.
L 06/23/2017 - 10:20:43: SourceMod error session started
L 06/23/2017 - 10:20:43: Info (map "dm_october_m") (file "errors_20170623.log")
L 06/23/2017 - 10:20:43: [SM] Fatal error encountered parsing translation file "savescores.phrases.txt"
L 06/23/2017 - 10:20:43: [SM] Error (line 0, column 0): Stream failed to open
L 06/23/2017 - 10:20:43: [SM] Fatal error encountered parsing translation file "customvotes.phrases.txt"
L 06/23/2017 - 10:20:43: [SM] Error (line 0, column 0): Stream failed to open
L 06/23/2017 - 11:20:58: Error log file session closed.
L 06/23/2017 - 11:20:58: SourceMod error session started
L 06/23/2017 - 11:20:58: Info (map "dm_hellsdistrict_m") (file "errors_20170623.log")
L 06/23/2017 - 11:20:58: [SM] Fatal error encountered parsing translation file "savescores.phrases.txt"
L 06/23/2017 - 11:20:58: [SM] Error (line 0, column 0): Stream failed to open
L 06/23/2017 - 11:20:58: [SM] Fatal error encountered parsing translation file "customvotes.phrases.txt"
L 06/23/2017 - 11:20:58: [SM] Error (line 0, column 0): Stream failed to open
L 06/23/2017 - 12:21:09: Error log file session closed.
L 06/23/2017 - 12:21:09: SourceMod error session started
L 06/23/2017 - 12:21:09: Info (map "pb_z_earthquake_m") (file "errors_20170623.log")
L 06/23/2017 - 12:21:09: [SM] Fatal error encountered parsing translation file "savescores.phrases.txt"
L 06/23/2017 - 12:21:09: [SM] Error (line 0, column 0): Stream failed to open
L 06/23/2017 - 12:21:09: [SM] Fatal error encountered parsing translation file "customvotes.phrases.txt"
L 06/23/2017 - 12:21:09: [SM] Error (line 0, column 0): Stream failed to open
L 06/23/2017 - 12:23:15: [SM] Exception reported: Entity 2 (2) is invalid
L 06/23/2017 - 12:23:15: [SM] Blaming: autodifficultypatch.smx
L 06/23/2017 - 12:23:15: [SM] Call stack trace:
L 06/23/2017 - 12:23:15: [SM]   [0] GetEntPropString
L 06/23/2017 - 12:23:15: [SM]   [1] Line 1823, C:\Users\Ethorbit\Desktop\sourcemodbackup\sourcemod\addons\sourcemod\scripting\autodifficultypatch.sp::FindEntityByTargetName
L 06/23/2017 - 12:23:15: [SM]   [2] Line 1237, C:\Users\Ethorbit\Desktop\sourcemodbackup\sourcemod\addons\sourcemod\scripting\autodifficultypatch.sp::UpdateHeadcrab
L 06/23/2017 - 12:23:15: [SM]   [3] Line 26, C:\Users\Ethorbit\Desktop\sourcemodbackup\sourcemod\addons\sourcemod\scripting\autodifficultypatch.sp::OnClientDisconnect_Post
L 06/23/2017 - 12:24:55: [SM] Exception reported: Entity 4 (4) is invalid
L 06/23/2017 - 12:24:55: [SM] Blaming: autodifficultypatch.smx
L 06/23/2017 - 12:24:55: [SM] Call stack trace:
L 06/23/2017 - 12:24:55: [SM]   [0] GetEntPropString
L 06/23/2017 - 12:24:55: [SM]   [1] Line 1823, C:\Users\Ethorbit\Desktop\sourcemodbackup\sourcemod\addons\sourcemod\scripting\autodifficultypatch.sp::FindEntityByTargetName
L 06/23/2017 - 12:24:55: [SM]   [2] Line 1245, C:\Users\Ethorbit\Desktop\sourcemodbackup\sourcemod\addons\sourcemod\scripting\autodifficultypatch.sp::UpdateHeadcrab
L 06/23/2017 - 12:24:55: [SM]   [3] Line 26, C:\Users\Ethorbit\Desktop\sourcemodbackup\sourcemod\addons\sourcemod\scripting\autodifficultypatch.sp::OnClientDisconnect_Post
L 06/23/2017 - 12:27:06: [SM] Exception reported: Entity 2 (2) is invalid
L 06/23/2017 - 12:27:06: [SM] Blaming: autodifficultypatch.smx
L 06/23/2017 - 12:27:06: [SM] Call stack trace:
L 06/23/2017 - 12:27:06: [SM]   [0] GetEntPropString
L 06/23/2017 - 12:27:06: [SM]   [1] Line 1823, C:\Users\Ethorbit\Desktop\sourcemodbackup\sourcemod\addons\sourcemod\scripting\autodifficultypatch.sp::FindEntityByTargetName
L 06/23/2017 - 12:27:06: [SM]   [2] Line 1237, C:\Users\Ethorbit\Desktop\sourcemodbackup\sourcemod\addons\sourcemod\scripting\autodifficultypatch.sp::UpdateHeadcrab
L 06/23/2017 - 12:27:06: [SM]   [3] Line 26, C:\Users\Ethorbit\Desktop\sourcemodbackup\sourcemod\addons\sourcemod\scripting\autodifficultypatch.sp::OnClientDisconnect_Post
L 06/23/2017 - 12:46:55: [SM] Exception reported: Entity 3 (3) is invalid
L 06/23/2017 - 12:46:55: [SM] Blaming: autodifficultypatch.smx
L 06/23/2017 - 12:46:55: [SM] Call stack trace:
L 06/23/2017 - 12:46:55: [SM]   [0] GetEntPropString
L 06/23/2017 - 12:46:55: [SM]   [1] Line 1823, C:\Users\Ethorbit\Desktop\sourcemodbackup\sourcemod\addons\sourcemod\scripting\autodifficultypatch.sp::FindEntityByTargetName
L 06/23/2017 - 12:46:55: [SM]   [2] Line 1237, C:\Users\Ethorbit\Desktop\sourcemodbackup\sourcemod\addons\sourcemod\scripting\autodifficultypatch.sp::UpdateHeadcrab
L 06/23/2017 - 12:46:55: [SM]   [3] Line 26, C:\Users\Ethorbit\Desktop\sourcemodbackup\sourcemod\addons\sourcemod\scripting\autodifficultypatch.sp::OnClientDisconnect_Post
L 06/23/2017 - 12:47:22: [SM] Exception reported: Entity 2 (2) is invalid
L 06/23/2017 - 12:47:22: [SM] Blaming: autodifficultypatch.smx
L 06/23/2017 - 12:47:22: [SM] Call stack trace:
L 06/23/2017 - 12:47:22: [SM]   [0] GetEntPropString
L 06/23/2017 - 12:47:22: [SM]   [1] Line 1823, C:\Users\Ethorbit\Desktop\sourcemodbackup\sourcemod\addons\sourcemod\scripting\autodifficultypatch.sp::FindEntityByTargetName
L 06/23/2017 - 12:47:22: [SM]   [2] Line 1229, C:\Users\Ethorbit\Desktop\sourcemodbackup\sourcemod\addons\sourcemod\scripting\autodifficultypatch.sp::UpdateHeadcrab
L 06/23/2017 - 12:47:22: [SM]   [3] Line 26, C:\Users\Ethorbit\Desktop\sourcemodbackup\sourcemod\addons\sourcemod\scripting\autodifficultypatch.sp::OnClientDisconnect_Post
L 06/23/2017 - 12:47:32: [SM] Exception reported: Entity 1 (1) is invalid
L 06/23/2017 - 12:47:32: [SM] Blaming: autodifficultypatch.smx
L 06/23/2017 - 12:47:32: [SM] Call stack trace:
L 06/23/2017 - 12:47:32: [SM]   [0] GetEntPropString
L 06/23/2017 - 12:47:32: [SM]   [1] Line 1823, C:\Users\Ethorbit\Desktop\sourcemodbackup\sourcemod\addons\sourcemod\scripting\autodifficultypatch.sp::FindEntityByTargetName
L 06/23/2017 - 12:47:32: [SM]   [2] Line 1221, C:\Users\Ethorbit\Desktop\sourcemodbackup\sourcemod\addons\sourcemod\scripting\autodifficultypatch.sp::UpdateHeadcrab
L 06/23/2017 - 12:47:32: [SM]   [3] Line 26, C:\Users\Ethorbit\Desktop\sourcemodbackup\sourcemod\addons\sourcemod\scripting\autodifficultypatch.sp::OnClientDisconnect_Post
L 06/23/2017 - 13:21:21: Error log file session closed.
L 06/23/2017 - 13:21:21: SourceMod error session started
L 06/23/2017 - 13:21:21: Info (map "pb_z_area51_m") (file "errors_20170623.log")
L 06/23/2017 - 13:21:21: [SM] Fatal error encountered parsing translation file "savescores.phrases.txt"
L 06/23/2017 - 13:21:21: [SM] Error (line 0, column 0): Stream failed to open
L 06/23/2017 - 13:21:21: [SM] Fatal error encountered parsing translation file "customvotes.phrases.txt"
L 06/23/2017 - 13:21:21: [SM] Error (line 0, column 0): Stream failed to open
L 06/23/2017 - 13:32:33: [SM] Exception reported: Entity 1 (1) is invalid
L 06/23/2017 - 13:32:33: [SM] Blaming: autodifficultypatch.smx
L 06/23/2017 - 13:32:33: [SM] Call stack trace:
L 06/23/2017 - 13:32:33: [SM]   [0] GetEntPropString
L 06/23/2017 - 13:32:33: [SM]   [1] Line 1823, C:\Users\Ethorbit\Desktop\sourcemodbackup\sourcemod\addons\sourcemod\scripting\autodifficultypatch.sp::FindEntityByTargetName
L 06/23/2017 - 13:32:33: [SM]   [2] Line 1681, C:\Users\Ethorbit\Desktop\sourcemodbackup\sourcemod\addons\sourcemod\scripting\autodifficultypatch.sp::UpdateHeadcrab
L 06/23/2017 - 13:32:33: [SM]   [3] Line 26, C:\Users\Ethorbit\Desktop\sourcemodbackup\sourcemod\addons\sourcemod\scripting\autodifficultypatch.sp::OnClientDisconnect_Post
L 06/23/2017 - 13:32:55: [SM] Exception reported: Entity 2 (2) is invalid
L 06/23/2017 - 13:32:55: [SM] Blaming: autodifficultypatch.smx
L 06/23/2017 - 13:32:55: [SM] Call stack trace:
L 06/23/2017 - 13:32:55: [SM]   [0] GetEntPropString
L 06/23/2017 - 13:32:55: [SM]   [1] Line 1823, C:\Users\Ethorbit\Desktop\sourcemodbackup\sourcemod\addons\sourcemod\scripting\autodifficultypatch.sp::FindEntityByTargetName
L 06/23/2017 - 13:32:55: [SM]   [2] Line 1673, C:\Users\Ethorbit\Desktop\sourcemodbackup\sourcemod\addons\sourcemod\scripting\autodifficultypatch.sp::UpdateHeadcrab
L 06/23/2017 - 13:32:55: [SM]   [3] Line 26, C:\Users\Ethorbit\Desktop\sourcemodbackup\sourcemod\addons\sourcemod\scripting\autodifficultypatch.sp::OnClientDisconnect_Post
L 06/23/2017 - 13:32:56: Error log file session closed.
L 06/23/2017 - 13:32:56: SourceMod error session started
L 06/23/2017 - 13:32:56: Info (map "dm_cave_m") (file "errors_20170623.log")
L 06/23/2017 - 13:32:56: [SM] Fatal error encountered parsing translation file "savescores.phrases.txt"
L 06/23/2017 - 13:32:56: [SM] Error (line 0, column 0): Stream failed to open
L 06/23/2017 - 13:32:56: [SM] Fatal error encountered parsing translation file "customvotes.phrases.txt"
L 06/23/2017 - 13:32:56: [SM] Error (line 0, column 0): Stream failed to open
L 06/23/2017 - 13:37:17: [SM] Exception reported: Entity 3 (3) is invalid
L 06/23/2017 - 13:37:17: [SM] Blaming: autodifficultypatch.smx
L 06/23/2017 - 13:37:17: [SM] Call stack trace:
L 06/23/2017 - 13:37:17: [SM]   [0] GetEntPropString
L 06/23/2017 - 13:37:17: [SM]   [1] Line 1823, C:\Users\Ethorbit\Desktop\sourcemodbackup\sourcemod\addons\sourcemod\scripting\autodifficultypatch.sp::FindEntityByTargetName
L 06/23/2017 - 13:37:17: [SM]   [2] Line 1012, C:\Users\Ethorbit\Desktop\sourcemodbackup\sourcemod\addons\sourcemod\scripting\autodifficultypatch.sp::UpdateHeadcrab
L 06/23/2017 - 13:37:17: [SM]   [3] Line 26, C:\Users\Ethorbit\Desktop\sourcemodbackup\sourcemod\addons\sourcemod\scripting\autodifficultypatch.sp::OnClientDisconnect_Post
L 06/23/2017 - 13:39:57: [SM] Exception reported: Entity 2 (2) is invalid
L 06/23/2017 - 13:39:57: [SM] Blaming: autodifficultypatch.smx
L 06/23/2017 - 13:39:57: [SM] Call stack trace:
L 06/23/2017 - 13:39:57: [SM]   [0] GetEntPropString
L 06/23/2017 - 13:39:57: [SM]   [1] Line 1823, C:\Users\Ethorbit\Desktop\sourcemodbackup\sourcemod\addons\sourcemod\scripting\autodifficultypatch.sp::FindEntityByTargetName
L 06/23/2017 - 13:39:57: [SM]   [2] Line 1012, C:\Users\Ethorbit\Desktop\sourcemodbackup\sourcemod\addons\sourcemod\scripting\autodifficultypatch.sp::UpdateHeadcrab
L 06/23/2017 - 13:39:57: [SM]   [3] Line 26, C:\Users\Ethorbit\Desktop\sourcemodbackup\sourcemod\addons\sourcemod\scripting\autodifficultypatch.sp::OnClientDisconnect_Post
L 06/23/2017 - 13:47:22: [SM] Exception reported: Entity 1 (1) is invalid
L 06/23/2017 - 13:47:22: [SM] Blaming: autodifficultypatch.smx
L 06/23/2017 - 13:47:22: [SM] Call stack trace:
L 06/23/2017 - 13:47:22: [SM]   [0] GetEntPropString
L 06/23/2017 - 13:47:22: [SM]   [1] Line 1823, C:\Users\Ethorbit\Desktop\sourcemodbackup\sourcemod\addons\sourcemod\scripting\autodifficultypatch.sp::FindEntityByTargetName
L 06/23/2017 - 13:47:22: [SM]   [2] Line 1004, C:\Users\Ethorbit\Desktop\sourcemodbackup\sourcemod\addons\sourcemod\scripting\autodifficultypatch.sp::UpdateHeadcrab
L 06/23/2017 - 13:47:22: [SM]   [3] Line 26, C:\Users\Ethorbit\Desktop\sourcemodbackup\sourcemod\addons\sourcemod\scripting\autodifficultypatch.sp::OnClientDisconnect_Post
L 06/23/2017 - 13:47:22: [SM] Exception reported: Entity 3 (3) is invalid
L 06/23/2017 - 13:47:22: [SM] Blaming: autodifficultypatch.smx
L 06/23/2017 - 13:47:22: [SM] Call stack trace:
L 06/23/2017 - 13:47:22: [SM]   [0] GetEntPropString
L 06/23/2017 - 13:47:22: [SM]   [1] Line 1823, C:\Users\Ethorbit\Desktop\sourcemodbackup\sourcemod\addons\sourcemod\scripting\autodifficultypatch.sp::FindEntityByTargetName
L 06/23/2017 - 13:47:22: [SM]   [2] Line 996, C:\Users\Ethorbit\Desktop\sourcemodbackup\sourcemod\addons\sourcemod\scripting\autodifficultypatch.sp::UpdateHeadcrab
L 06/23/2017 - 13:47:22: [SM]   [3] Line 26, C:\Users\Ethorbit\Desktop\sourcemodbackup\sourcemod\addons\sourcemod\scripting\autodifficultypatch.sp::OnClientDisconnect_Post
L 06/23/2017 - 13:47:24: Error log file session closed.
L 06/23/2017 - 13:47:24: SourceMod error session started
L 06/23/2017 - 13:47:24: Info (map "pb_z_colony_m") (file "errors_20170623.log")
L 06/23/2017 - 13:47:24: [SM] Fatal error encountered parsing translation file "savescores.phrases.txt"
L 06/23/2017 - 13:47:24: [SM] Error (line 0, column 0): Stream failed to open
L 06/23/2017 - 13:47:24: [SM] Fatal error encountered parsing translation file "customvotes.phrases.txt"
L 06/23/2017 - 13:47:24: [SM] Error (line 0, column 0): Stream failed to open
L 06/23/2017 - 14:02:35: [SM] Exception reported: Entity 2 (2) is invalid
L 06/23/2017 - 14:02:35: [SM] Blaming: autodifficultypatch.smx
L 06/23/2017 - 14:02:35: [SM] Call stack trace:
L 06/23/2017 - 14:02:35: [SM]   [0] GetEntPropString
L 06/23/2017 - 14:02:35: [SM]   [1] Line 1823, C:\Users\Ethorbit\Desktop\sourcemodbackup\sourcemod\addons\sourcemod\scripting\autodifficultypatch.sp::FindEntityByTargetName
L 06/23/2017 - 14:02:35: [SM]   [2] Line 803, C:\Users\Ethorbit\Desktop\sourcemodbackup\sourcemod\addons\sourcemod\scripting\autodifficultypatch.sp::UpdateHeadcrab
L 06/23/2017 - 14:02:35: [SM]   [3] Line 26, C:\Users\Ethorbit\Desktop\sourcemodbackup\sourcemod\addons\sourcemod\scripting\autodifficultypatch.sp::OnClientDisconnect_Post
L 06/23/2017 - 14:02:58: [SM] Exception reported: Entity 1 (1) is invalid
L 06/23/2017 - 14:02:58: [SM] Blaming: autodifficultypatch.smx
L 06/23/2017 - 14:02:58: [SM] Call stack trace:
L 06/23/2017 - 14:02:58: [SM]   [0] GetEntPropString
L 06/23/2017 - 14:02:58: [SM]   [1] Line 1823, C:\Users\Ethorbit\Desktop\sourcemodbackup\sourcemod\addons\sourcemod\scripting\autodifficultypatch.sp::FindEntityByTargetName
L 06/23/2017 - 14:02:58: [SM]   [2] Line 795, C:\Users\Ethorbit\Desktop\sourcemodbackup\sourcemod\addons\sourcemod\scripting\autodifficultypatch.sp::UpdateHeadcrab
L 06/23/2017 - 14:02:58: [SM]   [3] Line 26, C:\Users\Ethorbit\Desktop\sourcemodbackup\sourcemod\addons\sourcemod\scripting\autodifficultypatch.sp::OnClientDisconnect_Post
L 06/23/2017 - 14:02:58: [SM] Exception reported: Entity 3 (3) is invalid
L 06/23/2017 - 14:02:58: [SM] Blaming: autodifficultypatch.smx
L 06/23/2017 - 14:02:58: [SM] Call stack trace:
L 06/23/2017 - 14:02:58: [SM]   [0] GetEntPropString
L 06/23/2017 - 14:02:58: [SM]   [1] Line 1823, C:\Users\Ethorbit\Desktop\sourcemodbackup\sourcemod\addons\sourcemod\scripting\autodifficultypatch.sp::FindEntityByTargetName
L 06/23/2017 - 14:02:58: [SM]   [2] Line 787, C:\Users\Ethorbit\Desktop\sourcemodbackup\sourcemod\addons\sourcemod\scripting\autodifficultypatch.sp::UpdateHeadcrab
L 06/23/2017 - 14:02:58: [SM]   [3] Line 26, C:\Users\Ethorbit\Desktop\sourcemodbackup\sourcemod\addons\sourcemod\scripting\autodifficultypatch.sp::OnClientDisconnect_Post
L 06/23/2017 - 14:02:58: [SM] Exception reported: Entity 4 (4) is invalid
L 06/23/2017 - 14:02:58: [SM] Blaming: autodifficultypatch.smx
L 06/23/2017 - 14:02:58: [SM] Call stack trace:
L 06/23/2017 - 14:02:58: [SM]   [0] GetEntPropString
L 06/23/2017 - 14:02:58: [SM]   [1] Line 1823, C:\Users\Ethorbit\Desktop\sourcemodbackup\sourcemod\addons\sourcemod\scripting\autodifficultypatch.sp::FindEntityByTargetName
L 06/23/2017 - 14:02:58: [SM]   [2] Line 779, C:\Users\Ethorbit\Desktop\sourcemodbackup\sourcemod\addons\sourcemod\scripting\autodifficultypatch.sp::UpdateHeadcrab
L 06/23/2017 - 14:02:58: [SM]   [3] Line 26, C:\Users\Ethorbit\Desktop\sourcemodbackup\sourcemod\addons\sourcemod\scripting\autodifficultypatch.sp::OnClientDisconnect_Post
L 06/23/2017 - 14:03:00: Error log file session closed.
L 06/23/2017 - 14:03:00: SourceMod error session started
L 06/23/2017 - 14:03:00: Info (map "dm_montana_m") (file "errors_20170623.log")
L 06/23/2017 - 14:03:00: [SM] Fatal error encountered parsing translation file "savescores.phrases.txt"
L 06/23/2017 - 14:03:00: [SM] Error (line 0, column 0): Stream failed to open
L 06/23/2017 - 14:03:00: [SM] Fatal error encountered parsing translation file "customvotes.phrases.txt"
L 06/23/2017 - 14:03:00: [SM] Error (line 0, column 0): Stream failed to open
L 06/23/2017 - 14:14:56: [SM] Exception reported: Entity 6 (6) is invalid
L 06/23/2017 - 14:14:56: [SM] Blaming: autodifficultypatch.smx
L 06/23/2017 - 14:14:56: [SM] Call stack trace:
L 06/23/2017 - 14:14:56: [SM]   [0] GetEntPropString
L 06/23/2017 - 14:14:56: [SM]   [1] Line 1823, C:\Users\Ethorbit\Desktop\sourcemodbackup\sourcemod\addons\sourcemod\scripting\autodifficultypatch.sp::FindEntityByTargetName
L 06/23/2017 - 14:14:56: [SM]   [2] Line 677, C:\Users\Ethorbit\Desktop\sourcemodbackup\sourcemod\addons\sourcemod\scripting\autodifficultypatch.sp::UpdateHeadcrab
L 06/23/2017 - 14:14:56: [SM]   [3] Line 26, C:\Users\Ethorbit\Desktop\sourcemodbackup\sourcemod\addons\sourcemod\scripting\autodifficultypatch.sp::OnClientDisconnect_Post
L 06/23/2017 - 14:15:27: [SM] Exception reported: Entity 1 (1) is invalid
L 06/23/2017 - 14:15:27: [SM] Blaming: autodifficultypatch.smx
L 06/23/2017 - 14:15:27: [SM] Call stack trace:
L 06/23/2017 - 14:15:27: [SM]   [0] GetEntPropString
L 06/23/2017 - 14:15:27: [SM]   [1] Line 1823, C:\Users\Ethorbit\Desktop\sourcemodbackup\sourcemod\addons\sourcemod\scripting\autodifficultypatch.sp::FindEntityByTargetName
L 06/23/2017 - 14:15:27: [SM]   [2] Line 669, C:\Users\Ethorbit\Desktop\sourcemodbackup\sourcemod\addons\sourcemod\scripting\autodifficultypatch.sp::UpdateHeadcrab
L 06/23/2017 - 14:15:27: [SM]   [3] Line 26, C:\Users\Ethorbit\Desktop\sourcemodbackup\sourcemod\addons\sourcemod\scripting\autodifficultypatch.sp::OnClientDisconnect_Post
L 06/23/2017 - 14:15:27: [SM] Exception reported: Entity 2 (2) is invalid
L 06/23/2017 - 14:15:27: [SM] Blaming: autodifficultypatch.smx
L 06/23/2017 - 14:15:27: [SM] Call stack trace:
L 06/23/2017 - 14:15:27: [SM]   [0] GetEntPropString
L 06/23/2017 - 14:15:27: [SM]   [1] Line 1823, C:\Users\Ethorbit\Desktop\sourcemodbackup\sourcemod\addons\sourcemod\scripting\autodifficultypatch.sp::FindEntityByTargetName
L 06/23/2017 - 14:15:27: [SM]   [2] Line 661, C:\Users\Ethorbit\Desktop\sourcemodbackup\sourcemod\addons\sourcemod\scripting\autodifficultypatch.sp::UpdateHeadcrab
L 06/23/2017 - 14:15:27: [SM]   [3] Line 26, C:\Users\Ethorbit\Desktop\sourcemodbackup\sourcemod\addons\sourcemod\scripting\autodifficultypatch.sp::OnClientDisconnect_Post
L 06/23/2017 - 14:15:27: [SM] Exception reported: Entity 3 (3) is invalid
L 06/23/2017 - 14:15:27: [SM] Blaming: autodifficultypatch.smx
L 06/23/2017 - 14:15:27: [SM] Call stack trace:
L 06/23/2017 - 14:15:27: [SM]   [0] GetEntPropString
L 06/23/2017 - 14:15:27: [SM]   [1] Line 1823, C:\Users\Ethorbit\Desktop\sourcemodbackup\sourcemod\addons\sourcemod\scripting\autodifficultypatch.sp::FindEntityByTargetName
L 06/23/2017 - 14:15:27: [SM]   [2] Line 653, C:\Users\Ethorbit\Desktop\sourcemodbackup\sourcemod\addons\sourcemod\scripting\autodifficultypatch.sp::UpdateHeadcrab
L 06/23/2017 - 14:15:27: [SM]   [3] Line 26, C:\Users\Ethorbit\Desktop\sourcemodbackup\sourcemod\addons\sourcemod\scripting\autodifficultypatch.sp::OnClientDisconnect_Post
L 06/23/2017 - 14:15:27: [SM] Exception reported: Entity 4 (4) is invalid
L 06/23/2017 - 14:15:27: [SM] Blaming: autodifficultypatch.smx
L 06/23/2017 - 14:15:27: [SM] Call stack trace:
L 06/23/2017 - 14:15:27: [SM]   [0] GetEntPropString
L 06/23/2017 - 14:15:27: [SM]   [1] Line 1823, C:\Users\Ethorbit\Desktop\sourcemodbackup\sourcemod\addons\sourcemod\scripting\autodifficultypatch.sp::FindEntityByTargetName
L 06/23/2017 - 14:15:27: [SM]   [2] Line 645, C:\Users\Ethorbit\Desktop\sourcemodbackup\sourcemod\addons\sourcemod\scripting\autodifficultypatch.sp::UpdateHeadcrab
L 06/23/2017 - 14:15:27: [SM]   [3] Line 26, C:\Users\Ethorbit\Desktop\sourcemodbackup\sourcemod\addons\sourcemod\scripting\autodifficultypatch.sp::OnClientDisconnect_Post
L 06/23/2017 - 14:15:27: Error log file session closed.
L 06/23/2017 - 14:15:27: SourceMod error session started
L 06/23/2017 - 14:15:27: Info (map "dm_raven_m") (file "errors_20170623.log")
L 06/23/2017 - 14:15:27: [SM] Fatal error encountered parsing translation file "savescores.phrases.txt"
L 06/23/2017 - 14:15:27: [SM] Error (line 0, column 0): Stream failed to open
L 06/23/2017 - 14:15:27: [SM] Fatal error encountered parsing translation file "customvotes.phrases.txt"
L 06/23/2017 - 14:15:27: [SM] Error (line 0, column 0): Stream failed to open
L 06/23/2017 - 14:28:35: [SM] Exception reported: Entity 1 (1) is invalid
L 06/23/2017 - 14:28:35: [SM] Blaming: autodifficultypatch.smx
L 06/23/2017 - 14:28:35: [SM] Call stack trace:
L 06/23/2017 - 14:28:35: [SM]   [0] GetEntPropString
L 06/23/2017 - 14:28:35: [SM]   [1] Line 1823, C:\Users\Ethorbit\Desktop\sourcemodbackup\sourcemod\addons\sourcemod\scripting\autodifficultypatch.sp::FindEntityByTargetName
L 06/23/2017 - 14:28:35: [SM]   [2] Line 1403, C:\Users\Ethorbit\Desktop\sourcemodbackup\sourcemod\addons\sourcemod\scripting\autodifficultypatch.sp::UpdateHeadcrab
L 06/23/2017 - 14:28:35: [SM]   [3] Line 26, C:\Users\Ethorbit\Desktop\sourcemodbackup\sourcemod\addons\sourcemod\scripting\autodifficultypatch.sp::OnClientDisconnect_Post
L 06/23/2017 - 14:28:35: [SM] Exception reported: Entity 2 (2) is invalid
L 06/23/2017 - 14:28:35: [SM] Blaming: autodifficultypatch.smx
L 06/23/2017 - 14:28:35: [SM] Call stack trace:
L 06/23/2017 - 14:28:35: [SM]   [0] GetEntPropString
L 06/23/2017 - 14:28:35: [SM]   [1] Line 1823, C:\Users\Ethorbit\Desktop\sourcemodbackup\sourcemod\addons\sourcemod\scripting\autodifficultypatch.sp::FindEntityByTargetName
L 06/23/2017 - 14:28:35: [SM]   [2] Line 1395, C:\Users\Ethorbit\Desktop\sourcemodbackup\sourcemod\addons\sourcemod\scripting\autodifficultypatch.sp::UpdateHeadcrab
L 06/23/2017 - 14:28:35: [SM]   [3] Line 26, C:\Users\Ethorbit\Desktop\sourcemodbackup\sourcemod\addons\sourcemod\scripting\autodifficultypatch.sp::OnClientDisconnect_Post
L 06/23/2017 - 14:28:35: [SM] Exception reported: Entity 3 (3) is invalid
L 06/23/2017 - 14:28:35: [SM] Blaming: autodifficultypatch.smx
L 06/23/2017 - 14:28:35: [SM] Call stack trace:
L 06/23/2017 - 14:28:35: [SM]   [0] GetEntPropString
L 06/23/2017 - 14:28:35: [SM]   [1] Line 1823, C:\Users\Ethorbit\Desktop\sourcemodbackup\sourcemod\addons\sourcemod\scripting\autodifficultypatch.sp::FindEntityByTargetName
L 06/23/2017 - 14:28:35: [SM]   [2] Line 1387, C:\Users\Ethorbit\Desktop\sourcemodbackup\sourcemod\addons\sourcemod\scripting\autodifficultypatch.sp::UpdateHeadcrab
L 06/23/2017 - 14:28:35: [SM]   [3] Line 26, C:\Users\Ethorbit\Desktop\sourcemodbackup\sourcemod\addons\sourcemod\scripting\autodifficultypatch.sp::OnClientDisconnect_Post
L 06/23/2017 - 14:28:35: [SM] Exception reported: Entity 4 (4) is invalid
L 06/23/2017 - 14:28:35: [SM] Blaming: autodifficultypatch.smx
L 06/23/2017 - 14:28:35: [SM] Call stack trace:
L 06/23/2017 - 14:28:35: [SM]   [0] GetEntPropString
L 06/23/2017 - 14:28:35: [SM]   [1] Line 1823, C:\Users\Ethorbit\Desktop\sourcemodbackup\sourcemod\addons\sourcemod\scripting\autodifficultypatch.sp::FindEntityByTargetName
L 06/23/2017 - 14:28:35: [SM]   [2] Line 1379, C:\Users\Ethorbit\Desktop\sourcemodbackup\sourcemod\addons\sourcemod\scripting\autodifficultypatch.sp::UpdateHeadcrab
L 06/23/2017 - 14:28:35: [SM]   [3] Line 26, C:\Users\Ethorbit\Desktop\sourcemodbackup\sourcemod\addons\sourcemod\scripting\autodifficultypatch.sp::OnClientDisconnect_Post
L 06/23/2017 - 14:28:35: [SM] Exception reported: Entity 5 (5) is invalid
L 06/23/2017 - 14:28:35: [SM] Blaming: autodifficultypatch.smx
L 06/23/2017 - 14:28:35: [SM] Call stack trace:
L 06/23/2017 - 14:28:35: [SM]   [0] GetEntPropString
L 06/23/2017 - 14:28:35: [SM]   [1] Line 1823, C:\Users\Ethorbit\Desktop\sourcemodbackup\sourcemod\addons\sourcemod\scripting\autodifficultypatch.sp::FindEntityByTargetName
L 06/23/2017 - 14:28:35: [SM]   [2] Line 1371, C:\Users\Ethorbit\Desktop\sourcemodbackup\sourcemod\addons\sourcemod\scripting\autodifficultypatch.sp::UpdateHeadcrab
L 06/23/2017 - 14:28:35: [SM]   [3] Line 26, C:\Users\Ethorbit\Desktop\sourcemodbackup\sourcemod\addons\sourcemod\scripting\autodifficultypatch.sp::OnClientDisconnect_Post
L 06/23/2017 - 14:28:35: Error log file session closed.
L 06/23/2017 - 14:28:35: SourceMod error session started
L 06/23/2017 - 14:28:35: Info (map "dm_hellsdistrict_m") (file "errors_20170623.log")
L 06/23/2017 - 14:28:35: [SM] Fatal error encountered parsing translation file "savescores.phrases.txt"
L 06/23/2017 - 14:28:35: [SM] Error (line 0, column 0): Stream failed to open
L 06/23/2017 - 14:28:35: [SM] Fatal error encountered parsing translation file "customvotes.phrases.txt"
L 06/23/2017 - 14:28:35: [SM] Error (line 0, column 0): Stream failed to open
L 06/23/2017 - 14:41:17: Error log file session closed.
L 06/23/2017 - 14:41:17: SourceMod error session started
L 06/23/2017 - 14:41:17: Info (map "dm_october_m") (file "errors_20170623.log")
L 06/23/2017 - 14:41:17: [SM] Fatal error encountered parsing translation file "savescores.phrases.txt"
L 06/23/2017 - 14:41:17: [SM] Error (line 0, column 0): Stream failed to open
L 06/23/2017 - 14:41:17: [SM] Fatal error encountered parsing translation file "customvotes.phrases.txt"
L 06/23/2017 - 14:41:17: [SM] Error (line 0, column 0): Stream failed to open
L 06/23/2017 - 14:50:30: [SM] Exception reported: Entity 4 (4) is invalid
L 06/23/2017 - 14:50:30: [SM] Blaming: autodifficultypatch.smx
L 06/23/2017 - 14:50:30: [SM] Call stack trace:
L 06/23/2017 - 14:50:30: [SM]   [0] GetEntPropString
L 06/23/2017 - 14:50:30: [SM]   [1] Line 1823, C:\Users\Ethorbit\Desktop\sourcemodbackup\sourcemod\addons\sourcemod\scripting\autodifficultypatch.sp::FindEntityByTargetName
L 06/23/2017 - 14:50:30: [SM]   [2] Line 535, C:\Users\Ethorbit\Desktop\sourcemodbackup\sourcemod\addons\sourcemod\scripting\autodifficultypatch.sp::UpdateHeadcrab
L 06/23/2017 - 14:50:30: [SM]   [3] Line 26, C:\Users\Ethorbit\Desktop\sourcemodbackup\sourcemod\addons\sourcemod\scripting\autodifficultypatch.sp::OnClientDisconnect_Post
L 06/23/2017 - 15:02:02: [SM] Exception reported: Entity 1 (1) is invalid
L 06/23/2017 - 15:02:02: [SM] Blaming: autodifficultypatch.smx
L 06/23/2017 - 15:02:02: [SM] Call stack trace:
L 06/23/2017 - 15:02:02: [SM]   [0] GetEntPropString
L 06/23/2017 - 15:02:02: [SM]   [1] Line 1823, C:\Users\Ethorbit\Desktop\sourcemodbackup\sourcemod\addons\sourcemod\scripting\autodifficultypatch.sp::FindEntityByTargetName
L 06/23/2017 - 15:02:02: [SM]   [2] Line 535, C:\Users\Ethorbit\Desktop\sourcemodbackup\sourcemod\addons\sourcemod\scripting\autodifficultypatch.sp::UpdateHeadcrab
L 06/23/2017 - 15:02:02: [SM]   [3] Line 26, C:\Users\Ethorbit\Desktop\sourcemodbackup\sourcemod\addons\sourcemod\scripting\autodifficultypatch.sp::OnClientDisconnect_Post
L 06/23/2017 - 15:02:46: [SM] Exception reported: Entity 2 (2) is invalid
L 06/23/2017 - 15:02:46: [SM] Blaming: autodifficultypatch.smx
L 06/23/2017 - 15:02:46: [SM] Call stack trace:
L 06/23/2017 - 15:02:46: [SM]   [0] GetEntPropString
L 06/23/2017 - 15:02:46: [SM]   [1] Line 1823, C:\Users\Ethorbit\Desktop\sourcemodbackup\sourcemod\addons\sourcemod\scripting\autodifficultypatch.sp::FindEntityByTargetName
L 06/23/2017 - 15:02:46: [SM]   [2] Line 527, C:\Users\Ethorbit\Desktop\sourcemodbackup\sourcemod\addons\sourcemod\scripting\autodifficultypatch.sp::UpdateHeadcrab
L 06/23/2017 - 15:02:46: [SM]   [3] Line 26, C:\Users\Ethorbit\Desktop\sourcemodbackup\sourcemod\addons\sourcemod\scripting\autodifficultypatch.sp::OnClientDisconnect_Post
L 06/23/2017 - 15:05:32: [SM] Exception reported: Entity 4 (4) is invalid
L 06/23/2017 - 15:05:32: [SM] Blaming: autodifficultypatch.smx
L 06/23/2017 - 15:05:32: [SM] Call stack trace:
L 06/23/2017 - 15:05:32: [SM]   [0] GetEntPropString
L 06/23/2017 - 15:05:32: [SM]   [1] Line 1823, C:\Users\Ethorbit\Desktop\sourcemodbackup\sourcemod\addons\sourcemod\scripting\autodifficultypatch.sp::FindEntityByTargetName
L 06/23/2017 - 15:05:32: [SM]   [2] Line 519, C:\Users\Ethorbit\Desktop\sourcemodbackup\sourcemod\addons\sourcemod\scripting\autodifficultypatch.sp::UpdateHeadcrab
L 06/23/2017 - 15:05:32: [SM]   [3] Line 26, C:\Users\Ethorbit\Desktop\sourcemodbackup\sourcemod\addons\sourcemod\scripting\autodifficultypatch.sp::OnClientDisconnect_Post
L 06/23/2017 - 15:38:52: Error log file session closed.
L 06/23/2017 - 15:38:52: SourceMod error session started
L 06/23/2017 - 15:38:52: Info (map "dm_pinnacles_m") (file "errors_20170623.log")
L 06/23/2017 - 15:38:52: [SM] Fatal error encountered parsing translation file "savescores.phrases.txt"
L 06/23/2017 - 15:38:52: [SM] Error (line 0, column 0): Stream failed to open
L 06/23/2017 - 15:38:52: [SM] Fatal error encountered parsing translation file "customvotes.phrases.txt"
L 06/23/2017 - 15:38:52: [SM] Error (line 0, column 0): Stream failed to open
L 06/23/2017 - 15:39:47: Error log file session closed.
L 06/23/2017 - 15:39:47: SourceMod error session started
L 06/23/2017 - 15:39:47: Info (map "dm_central_station_v1_m") (file "errors_20170623.log")
L 06/23/2017 - 15:39:47: [SM] Fatal error encountered parsing translation file "savescores.phrases.txt"
L 06/23/2017 - 15:39:47: [SM] Error (line 0, column 0): Stream failed to open
L 06/23/2017 - 15:39:47: [SM] Fatal error encountered parsing translation file "customvotes.phrases.txt"
L 06/23/2017 - 15:39:47: [SM] Error (line 0, column 0): Stream failed to open
L 06/23/2017 - 15:57:14: [SM] Exception reported: Entity 1 (1) is invalid
L 06/23/2017 - 15:57:14: [SM] Blaming: autodifficultypatch.smx
L 06/23/2017 - 15:57:14: [SM] Call stack trace:
L 06/23/2017 - 15:57:14: [SM]   [0] GetEntPropString
L 06/23/2017 - 15:57:14: [SM]   [1] Line 1823, C:\Users\Ethorbit\Desktop\sourcemodbackup\sourcemod\addons\sourcemod\scripting\autodifficultypatch.sp::FindEntityByTargetName
L 06/23/2017 - 15:57:14: [SM]   [2] Line 377, C:\Users\Ethorbit\Desktop\sourcemodbackup\sourcemod\addons\sourcemod\scripting\autodifficultypatch.sp::UpdateHeadcrab
L 06/23/2017 - 15:57:14: [SM]   [3] Line 26, C:\Users\Ethorbit\Desktop\sourcemodbackup\sourcemod\addons\sourcemod\scripting\autodifficultypatch.sp::OnClientDisconnect_Post
L 06/23/2017 - 16:15:29: Error log file session closed.
L 06/23/2017 - 16:15:29: SourceMod error session started
L 06/23/2017 - 16:15:29: Info (map "dm_morbid_m") (file "errors_20170623.log")
L 06/23/2017 - 16:15:29: [SM] Fatal error encountered parsing translation file "savescores.phrases.txt"
L 06/23/2017 - 16:15:29: [SM] Error (line 0, column 0): Stream failed to open
L 06/23/2017 - 16:15:29: [SM] Fatal error encountered parsing translation file "customvotes.phrases.txt"
L 06/23/2017 - 16:15:29: [SM] Error (line 0, column 0): Stream failed to open
L 06/23/2017 - 16:16:27: [SM] Exception reported: Entity 3 (3) is invalid
L 06/23/2017 - 16:16:27: [SM] Blaming: autodifficultypatch.smx
L 06/23/2017 - 16:16:27: [SM] Call stack trace:
L 06/23/2017 - 16:16:27: [SM]   [0] GetEntPropString
L 06/23/2017 - 16:16:27: [SM]   [1] Line 1823, C:\Users\Ethorbit\Desktop\sourcemodbackup\sourcemod\addons\sourcemod\scripting\autodifficultypatch.sp::FindEntityByTargetName
L 06/23/2017 - 16:16:27: [SM]   [2] Line 1748, C:\Users\Ethorbit\Desktop\sourcemodbackup\sourcemod\addons\sourcemod\scripting\autodifficultypatch.sp::UpdateHeadcrab
L 06/23/2017 - 16:16:27: [SM]   [3] Line 26, C:\Users\Ethorbit\Desktop\sourcemodbackup\sourcemod\addons\sourcemod\scripting\autodifficultypatch.sp::OnClientDisconnect_Post
L 06/23/2017 - 16:16:28: Error log file session closed.
L 06/23/2017 - 16:16:28: SourceMod error session started
L 06/23/2017 - 16:16:28: Info (map "dm_mine_entrance_m") (file "errors_20170623.log")
L 06/23/2017 - 16:16:28: [SM] Fatal error encountered parsing translation file "savescores.phrases.txt"
L 06/23/2017 - 16:16:28: [SM] Error (line 0, column 0): Stream failed to open
L 06/23/2017 - 16:16:28: [SM] Fatal error encountered parsing translation file "customvotes.phrases.txt"
L 06/23/2017 - 16:16:28: [SM] Error (line 0, column 0): Stream failed to open
L 06/23/2017 - 16:17:33: [SM] Exception reported: Entity 3 (3) is invalid
L 06/23/2017 - 16:17:33: [SM] Blaming: autodifficultypatch.smx
L 06/23/2017 - 16:17:33: [SM] Call stack trace:
L 06/23/2017 - 16:17:33: [SM]   [0] GetEntPropString
L 06/23/2017 - 16:17:33: [SM]   [1] Line 1823, C:\Users\Ethorbit\Desktop\sourcemodbackup\sourcemod\addons\sourcemod\scripting\autodifficultypatch.sp::FindEntityByTargetName
L 06/23/2017 - 16:17:33: [SM]   [2] Line 1446, C:\Users\Ethorbit\Desktop\sourcemodbackup\sourcemod\addons\sourcemod\scripting\autodifficultypatch.sp::UpdateHeadcrab
L 06/23/2017 - 16:17:33: [SM]   [3] Line 26, C:\Users\Ethorbit\Desktop\sourcemodbackup\sourcemod\addons\sourcemod\scripting\autodifficultypatch.sp::OnClientDisconnect_Post
L 06/23/2017 - 16:17:34: Error log file session closed.
L 06/23/2017 - 16:17:34: SourceMod error session started
L 06/23/2017 - 16:17:34: Info (map "dm_snowfall_m") (file "errors_20170623.log")
L 06/23/2017 - 16:17:34: [SM] Fatal error encountered parsing translation file "savescores.phrases.txt"
L 06/23/2017 - 16:17:34: [SM] Error (line 0, column 0): Stream failed to open
L 06/23/2017 - 16:17:34: [SM] Fatal error encountered parsing translation file "customvotes.phrases.txt"
L 06/23/2017 - 16:17:34: [SM] Error (line 0, column 0): Stream failed to open
L 06/23/2017 - 16:18:54: Error log file session closed.
L 06/23/2017 - 16:18:55: SourceMod error session started
L 06/23/2017 - 16:18:55: Info (map "dm_thetunnel_v1_m") (file "errors_20170623.log")
L 06/23/2017 - 16:18:55: [SM] Fatal error encountered parsing translation file "savescores.phrases.txt"
L 06/23/2017 - 16:18:55: [SM] Error (line 0, column 0): Stream failed to open
L 06/23/2017 - 16:18:55: [SM] Fatal error encountered parsing translation file "customvotes.phrases.txt"
L 06/23/2017 - 16:18:55: [SM] Error (line 0, column 0): Stream failed to open
L 06/23/2017 - 16:19:50: Error log file session closed.
L 06/23/2017 - 16:19:50: SourceMod error session started
L 06/23/2017 - 16:19:50: Info (map "pb_z_industry_m") (file "errors_20170623.log")
L 06/23/2017 - 16:19:50: [SM] Fatal error encountered parsing translation file "savescores.phrases.txt"
L 06/23/2017 - 16:19:50: [SM] Error (line 0, column 0): Stream failed to open
L 06/23/2017 - 16:19:50: [SM] Fatal error encountered parsing translation file "customvotes.phrases.txt"
L 06/23/2017 - 16:19:50: [SM] Error (line 0, column 0): Stream failed to open
L 06/23/2017 - 17:09:48: Error log file session closed.
L 06/23/2017 - 17:09:48: SourceMod error session started
L 06/23/2017 - 17:09:48: Info (map "z_ravenhell_m") (file "errors_20170623.log")
L 06/23/2017 - 17:09:48: [SM] Fatal error encountered parsing translation file "savescores.phrases.txt"
L 06/23/2017 - 17:09:48: [SM] Error (line 0, column 0): Stream failed to open
L 06/23/2017 - 17:09:48: [SM] Fatal error encountered parsing translation file "customvotes.phrases.txt"
L 06/23/2017 - 17:09:48: [SM] Error (line 0, column 0): Stream failed to open
L 06/23/2017 - 17:44:04: Error log file session closed.
L 06/23/2017 - 17:44:04: SourceMod error session started
L 06/23/2017 - 17:44:04: Info (map "pb_z_disorder_m") (file "errors_20170623.log")
L 06/23/2017 - 17:44:04: [SM] Fatal error encountered parsing translation file "savescores.phrases.txt"
L 06/23/2017 - 17:44:04: [SM] Error (line 0, column 0): Stream failed to open
L 06/23/2017 - 17:44:04: [SM] Fatal error encountered parsing translation file "customvotes.phrases.txt"
L 06/23/2017 - 17:44:04: [SM] Error (line 0, column 0): Stream failed to open
L 06/23/2017 - 17:50:46: [SM] Exception reported: Entity 2 (2) is invalid
L 06/23/2017 - 17:50:46: [SM] Blaming: autodifficultypatch.smx
L 06/23/2017 - 17:50:46: [SM] Call stack trace:
L 06/23/2017 - 17:50:46: [SM]   [0] GetEntPropString
L 06/23/2017 - 17:50:46: [SM]   [1] Line 1823, C:\Users\Ethorbit\Desktop\sourcemodbackup\sourcemod\addons\sourcemod\scripting\autodifficultypatch.sp::FindEntityByTargetName
L 06/23/2017 - 17:50:46: [SM]   [2] Line 854, C:\Users\Ethorbit\Desktop\sourcemodbackup\sourcemod\addons\sourcemod\scripting\autodifficultypatch.sp::UpdateHeadcrab
L 06/23/2017 - 17:50:46: [SM]   [3] Line 26, C:\Users\Ethorbit\Desktop\sourcemodbackup\sourcemod\addons\sourcemod\scripting\autodifficultypatch.sp::OnClientDisconnect_Post
L 06/23/2017 - 17:54:54: Error log file session closed.
L 06/23/2017 - 17:54:54: SourceMod error session started
L 06/23/2017 - 17:54:54: Info (map "dm_october_m") (file "errors_20170623.log")
L 06/23/2017 - 17:54:54: [SM] Fatal error encountered parsing translation file "savescores.phrases.txt"
L 06/23/2017 - 17:54:54: [SM] Error (line 0, column 0): Stream failed to open
L 06/23/2017 - 17:54:54: [SM] Fatal error encountered parsing translation file "customvotes.phrases.txt"
L 06/23/2017 - 17:54:54: [SM] Error (line 0, column 0): Stream failed to open
L 06/23/2017 - 18:55:06: Error log file session closed.
L 06/23/2017 - 18:55:06: SourceMod error session started
L 06/23/2017 - 18:55:06: Info (map "pb_z_office_tower_m") (file "errors_20170623.log")
L 06/23/2017 - 18:55:06: [SM] Fatal error encountered parsing translation file "savescores.phrases.txt"
L 06/23/2017 - 18:55:06: [SM] Error (line 0, column 0): Stream failed to open
L 06/23/2017 - 18:55:06: [SM] Fatal error encountered parsing translation file "customvotes.phrases.txt"
L 06/23/2017 - 18:55:06: [SM] Error (line 0, column 0): Stream failed to open
L 06/23/2017 - 18:57:50: Error log file session closed.
L 06/23/2017 - 18:57:50: SourceMod error session started
L 06/23/2017 - 18:57:50: Info (map "pb_z_hometown1999_m") (file "errors_20170623.log")
L 06/23/2017 - 18:57:50: [SM] Fatal error encountered parsing translation file "savescores.phrases.txt"
L 06/23/2017 - 18:57:50: [SM] Error (line 0, column 0): Stream failed to open
L 06/23/2017 - 18:57:50: [SM] Fatal error encountered parsing translation file "customvotes.phrases.txt"
L 06/23/2017 - 18:57:50: [SM] Error (line 0, column 0): Stream failed to open
L 06/23/2017 - 19:41:49: Error log file session closed.
L 06/23/2017 - 19:41:49: SourceMod error session started
L 06/23/2017 - 19:41:49: Info (map "pb_z_area51_m") (file "errors_20170623.log")
L 06/23/2017 - 19:41:49: [SM] Fatal error encountered parsing translation file "savescores.phrases.txt"
L 06/23/2017 - 19:41:49: [SM] Error (line 0, column 0): Stream failed to open
L 06/23/2017 - 19:41:49: [SM] Fatal error encountered parsing translation file "customvotes.phrases.txt"
L 06/23/2017 - 19:41:49: [SM] Error (line 0, column 0): Stream failed to open
L 06/23/2017 - 20:41:59: [SM] Exception reported: Entity 1 (1) is invalid
L 06/23/2017 - 20:41:59: [SM] Blaming: autodifficultypatch.smx
L 06/23/2017 - 20:41:59: [SM] Call stack trace:
L 06/23/2017 - 20:41:59: [SM]   [0] GetEntPropString
L 06/23/2017 - 20:41:59: [SM]   [1] Line 1823, C:\Users\Ethorbit\Desktop\sourcemodbackup\sourcemod\addons\sourcemod\scripting\autodifficultypatch.sp::FindEntityByTargetName
L 06/23/2017 - 20:41:59: [SM]   [2] Line 1673, C:\Users\Ethorbit\Desktop\sourcemodbackup\sourcemod\addons\sourcemod\scripting\autodifficultypatch.sp::UpdateHeadcrab
L 06/23/2017 - 20:41:59: [SM]   [3] Line 26, C:\Users\Ethorbit\Desktop\sourcemodbackup\sourcemod\addons\sourcemod\scripting\autodifficultypatch.sp::OnClientDisconnect_Post
L 06/23/2017 - 20:42:00: Error log file session closed.
L 06/23/2017 - 20:42:00: SourceMod error session started
L 06/23/2017 - 20:42:00: Info (map "dm_cave_m") (file "errors_20170623.log")
L 06/23/2017 - 20:42:00: [SM] Fatal error encountered parsing translation file "savescores.phrases.txt"
L 06/23/2017 - 20:42:00: [SM] Error (line 0, column 0): Stream failed to open
L 06/23/2017 - 20:42:00: [SM] Fatal error encountered parsing translation file "customvotes.phrases.txt"
L 06/23/2017 - 20:42:00: [SM] Error (line 0, column 0): Stream failed to open
L 06/23/2017 - 20:52:39: [SM] Exception reported: Entity 1 (1) is invalid
L 06/23/2017 - 20:52:39: [SM] Blaming: autodifficultypatch.smx
L 06/23/2017 - 20:52:39: [SM] Call stack trace:
L 06/23/2017 - 20:52:39: [SM]   [0] GetEntPropString
L 06/23/2017 - 20:52:39: [SM]   [1] Line 1823, C:\Users\Ethorbit\Desktop\sourcemodbackup\sourcemod\addons\sourcemod\scripting\autodifficultypatch.sp::FindEntityByTargetName
L 06/23/2017 - 20:52:39: [SM]   [2] Line 996, C:\Users\Ethorbit\Desktop\sourcemodbackup\sourcemod\addons\sourcemod\scripting\autodifficultypatch.sp::UpdateHeadcrab
L 06/23/2017 - 20:52:39: [SM]   [3] Line 26, C:\Users\Ethorbit\Desktop\sourcemodbackup\sourcemod\addons\sourcemod\scripting\autodifficultypatch.sp::OnClientDisconnect_Post
L 06/23/2017 - 21:42:12: Error log file session closed.
L 06/23/2017 - 21:42:12: SourceMod error session started
L 06/23/2017 - 21:42:12: Info (map "dm_thetunnel_v1_m") (file "errors_20170623.log")
L 06/23/2017 - 21:42:12: [SM] Fatal error encountered parsing translation file "savescores.phrases.txt"
L 06/23/2017 - 21:42:12: [SM] Error (line 0, column 0): Stream failed to open
L 06/23/2017 - 21:42:12: [SM] Fatal error encountered parsing translation file "customvotes.phrases.txt"
L 06/23/2017 - 21:42:12: [SM] Error (line 0, column 0): Stream failed to open
L 06/23/2017 - 21:56:12: Error log file session closed.
L 06/23/2017 - 21:56:12: SourceMod error session started
L 06/23/2017 - 21:56:12: Info (map "dm_morbid_m") (file "errors_20170623.log")
L 06/23/2017 - 21:56:12: [SM] Fatal error encountered parsing translation file "savescores.phrases.txt"
L 06/23/2017 - 21:56:12: [SM] Error (line 0, column 0): Stream failed to open
L 06/23/2017 - 21:56:12: [SM] Fatal error encountered parsing translation file "customvotes.phrases.txt"
L 06/23/2017 - 21:56:12: [SM] Error (line 0, column 0): Stream failed to open
L 06/23/2017 - 21:57:41: [SM] Exception reported: Entity 1 (1) is invalid
L 06/23/2017 - 21:57:41: [SM] Blaming: autodifficultypatch.smx
L 06/23/2017 - 21:57:41: [SM] Call stack trace:
L 06/23/2017 - 21:57:41: [SM]   [0] GetEntPropString
L 06/23/2017 - 21:57:41: [SM]   [1] Line 1823, C:\Users\Ethorbit\Desktop\sourcemodbackup\sourcemod\addons\sourcemod\scripting\autodifficultypatch.sp::FindEntityByTargetName
L 06/23/2017 - 21:57:41: [SM]   [2] Line 1748, C:\Users\Ethorbit\Desktop\sourcemodbackup\sourcemod\addons\sourcemod\scripting\autodifficultypatch.sp::UpdateHeadcrab
L 06/23/2017 - 21:57:41: [SM]   [3] Line 26, C:\Users\Ethorbit\Desktop\sourcemodbackup\sourcemod\addons\sourcemod\scripting\autodifficultypatch.sp::OnClientDisconnect_Post
L 06/23/2017 - 21:57:41: Error log file session closed.
L 06/23/2017 - 21:57:41: SourceMod error session started
L 06/23/2017 - 21:57:41: Info (map "z_ravenhell_m") (file "errors_20170623.log")
L 06/23/2017 - 21:57:41: [SM] Fatal error encountered parsing translation file "savescores.phrases.txt"
L 06/23/2017 - 21:57:41: [SM] Error (line 0, column 0): Stream failed to open
L 06/23/2017 - 21:57:41: [SM] Fatal error encountered parsing translation file "customvotes.phrases.txt"
L 06/23/2017 - 21:57:41: [SM] Error (line 0, column 0): Stream failed to open
L 06/23/2017 - 21:58:25: Error log file session closed.
L 06/23/2017 - 21:58:25: SourceMod error session started
L 06/23/2017 - 21:58:25: Info (map "dm_hellsdistrict_m") (file "errors_20170623.log")
L 06/23/2017 - 21:58:25: [SM] Fatal error encountered parsing translation file "savescores.phrases.txt"
L 06/23/2017 - 21:58:25: [SM] Error (line 0, column 0): Stream failed to open
L 06/23/2017 - 21:58:25: [SM] Fatal error encountered parsing translation file "customvotes.phrases.txt"
L 06/23/2017 - 21:58:25: [SM] Error (line 0, column 0): Stream failed to open
L 06/23/2017 - 21:59:52: Error log file session closed.
L 06/23/2017 - 21:59:52: SourceMod error session started
L 06/23/2017 - 21:59:52: Info (map "pb_z_colony_m") (file "errors_20170623.log")
L 06/23/2017 - 21:59:52: [SM] Fatal error encountered parsing translation file "savescores.phrases.txt"
L 06/23/2017 - 21:59:52: [SM] Error (line 0, column 0): Stream failed to open
L 06/23/2017 - 21:59:52: [SM] Fatal error encountered parsing translation file "customvotes.phrases.txt"
L 06/23/2017 - 21:59:52: [SM] Error (line 0, column 0): Stream failed to open
L 06/23/2017 - 22:01:10: [SM] Exception reported: Entity 1 (1) is invalid
L 06/23/2017 - 22:01:10: [SM] Blaming: autodifficultypatch.smx
L 06/23/2017 - 22:01:10: [SM] Call stack trace:
L 06/23/2017 - 22:01:10: [SM]   [0] GetEntPropString
L 06/23/2017 - 22:01:10: [SM]   [1] Line 1823, C:\Users\Ethorbit\Desktop\sourcemodbackup\sourcemod\addons\sourcemod\scripting\autodifficultypatch.sp::FindEntityByTargetName
L 06/23/2017 - 22:01:10: [SM]   [2] Line 779, C:\Users\Ethorbit\Desktop\sourcemodbackup\sourcemod\addons\sourcemod\scripting\autodifficultypatch.sp::UpdateHeadcrab
L 06/23/2017 - 22:01:10: [SM]   [3] Line 26, C:\Users\Ethorbit\Desktop\sourcemodbackup\sourcemod\addons\sourcemod\scripting\autodifficultypatch.sp::OnClientDisconnect_Post
L 06/23/2017 - 22:01:11: Error log file session closed.
L 06/23/2017 - 22:01:11: SourceMod error session started
L 06/23/2017 - 22:01:11: Info (map "pb_z_area51_m") (file "errors_20170623.log")
L 06/23/2017 - 22:01:11: [SM] Fatal error encountered parsing translation file "savescores.phrases.txt"
L 06/23/2017 - 22:01:11: [SM] Error (line 0, column 0): Stream failed to open
L 06/23/2017 - 22:01:11: [SM] Fatal error encountered parsing translation file "customvotes.phrases.txt"
L 06/23/2017 - 22:01:11: [SM] Error (line 0, column 0): Stream failed to open
L 06/23/2017 - 22:03:42: [SM] Exception reported: Entity 2 (2) is invalid
L 06/23/2017 - 22:03:42: [SM] Blaming: autodifficultypatch.smx
L 06/23/2017 - 22:03:42: [SM] Call stack trace:
L 06/23/2017 - 22:03:42: [SM]   [0] GetEntPropString
L 06/23/2017 - 22:03:42: [SM]   [1] Line 1823, C:\Users\Ethorbit\Desktop\sourcemodbackup\sourcemod\addons\sourcemod\scripting\autodifficultypatch.sp::FindEntityByTargetName
L 06/23/2017 - 22:03:42: [SM]   [2] Line 1689, C:\Users\Ethorbit\Desktop\sourcemodbackup\sourcemod\addons\sourcemod\scripting\autodifficultypatch.sp::UpdateHeadcrab
L 06/23/2017 - 22:03:42: [SM]   [3] Line 26, C:\Users\Ethorbit\Desktop\sourcemodbackup\sourcemod\addons\sourcemod\scripting\autodifficultypatch.sp::OnClientDisconnect_Post
L 06/23/2017 - 22:06:42: [SM] Exception reported: Entity 2 (2) is invalid
L 06/23/2017 - 22:06:42: [SM] Blaming: autodifficultypatch.smx
L 06/23/2017 - 22:06:42: [SM] Call stack trace:
L 06/23/2017 - 22:06:42: [SM]   [0] GetEntPropString
L 06/23/2017 - 22:06:42: [SM]   [1] Line 1823, C:\Users\Ethorbit\Desktop\sourcemodbackup\sourcemod\addons\sourcemod\scripting\autodifficultypatch.sp::FindEntityByTargetName
L 06/23/2017 - 22:06:42: [SM]   [2] Line 1689, C:\Users\Ethorbit\Desktop\sourcemodbackup\sourcemod\addons\sourcemod\scripting\autodifficultypatch.sp::UpdateHeadcrab
L 06/23/2017 - 22:06:42: [SM]   [3] Line 26, C:\Users\Ethorbit\Desktop\sourcemodbackup\sourcemod\addons\sourcemod\scripting\autodifficultypatch.sp::OnClientDisconnect_Post
L 06/23/2017 - 22:16:42: [SM] Exception reported: Entity 3 (3) is invalid
L 06/23/2017 - 22:16:42: [SM] Blaming: autodifficultypatch.smx
L 06/23/2017 - 22:16:42: [SM] Call stack trace:
L 06/23/2017 - 22:16:42: [SM]   [0] GetEntPropString
L 06/23/2017 - 22:16:42: [SM]   [1] Line 1823, C:\Users\Ethorbit\Desktop\sourcemodbackup\sourcemod\addons\sourcemod\scripting\autodifficultypatch.sp::FindEntityByTargetName
L 06/23/2017 - 22:16:42: [SM]   [2] Line 1681, C:\Users\Ethorbit\Desktop\sourcemodbackup\sourcemod\addons\sourcemod\scripting\autodifficultypatch.sp::UpdateHeadcrab
L 06/23/2017 - 22:16:42: [SM]   [3] Line 26, C:\Users\Ethorbit\Desktop\sourcemodbackup\sourcemod\addons\sourcemod\scripting\autodifficultypatch.sp::OnClientDisconnect_Post
L 06/23/2017 - 22:16:57: [SM] Exception reported: Entity 1 (1) is invalid
L 06/23/2017 - 22:16:57: [SM] Blaming: autodifficultypatch.smx
L 06/23/2017 - 22:16:57: [SM] Call stack trace:
L 06/23/2017 - 22:16:57: [SM]   [0] GetEntPropString
L 06/23/2017 - 22:16:57: [SM]   [1] Line 1823, C:\Users\Ethorbit\Desktop\sourcemodbackup\sourcemod\addons\sourcemod\scripting\autodifficultypatch.sp::FindEntityByTargetName
L 06/23/2017 - 22:16:57: [SM]   [2] Line 1673, C:\Users\Ethorbit\Desktop\sourcemodbackup\sourcemod\addons\sourcemod\scripting\autodifficultypatch.sp::UpdateHeadcrab
L 06/23/2017 - 22:16:57: [SM]   [3] Line 26, C:\Users\Ethorbit\Desktop\sourcemodbackup\sourcemod\addons\sourcemod\scripting\autodifficultypatch.sp::OnClientDisconnect_Post
L 06/23/2017 - 22:22:07: [SM] Exception reported: Entity 1 (1) is invalid
L 06/23/2017 - 22:22:07: [SM] Blaming: autodifficultypatch.smx
L 06/23/2017 - 22:22:07: [SM] Call stack trace:
L 06/23/2017 - 22:22:07: [SM]   [0] GetEntPropString
L 06/23/2017 - 22:22:07: [SM]   [1] Line 1823, C:\Users\Ethorbit\Desktop\sourcemodbackup\sourcemod\addons\sourcemod\scripting\autodifficultypatch.sp::FindEntityByTargetName
L 06/23/2017 - 22:22:07: [SM]   [2] Line 1673, C:\Users\Ethorbit\Desktop\sourcemodbackup\sourcemod\addons\sourcemod\scripting\autodifficultypatch.sp::UpdateHeadcrab
L 06/23/2017 - 22:22:07: [SM]   [3] Line 26, C:\Users\Ethorbit\Desktop\sourcemodbackup\sourcemod\addons\sourcemod\scripting\autodifficultypatch.sp::OnClientDisconnect_Post
L 06/23/2017 - 23:01:22: Error log file session closed.
L 06/23/2017 - 23:01:22: SourceMod error session started
L 06/23/2017 - 23:01:22: Info (map "dm_snowfall_m") (file "errors_20170623.log")
L 06/23/2017 - 23:01:22: [SM] Fatal error encountered parsing translation file "savescores.phrases.txt"
L 06/23/2017 - 23:01:22: [SM] Error (line 0, column 0): Stream failed to open
L 06/23/2017 - 23:01:22: [SM] Fatal error encountered parsing translation file "customvotes.phrases.txt"
L 06/23/2017 - 23:01:22: [SM] Error (line 0, column 0): Stream failed to open
