L 05/30/2017 - 00:33:18: SourceMod error session started
L 05/30/2017 - 00:33:18: Info (map "dm_morbid_m") (file "errors_20170530.log")
L 05/30/2017 - 00:33:18: Error log file session closed.
L 05/30/2017 - 00:33:18: SourceMod error session started
L 05/30/2017 - 00:33:18: Info (map "dm_morbid_m") (file "errors_20170530.log")
L 05/30/2017 - 00:33:18: [SM] Fatal error encountered parsing translation file "customvotes.phrases.txt"
L 05/30/2017 - 00:33:18: [SM] Error (line 0, column 0): Stream failed to open
L 05/30/2017 - 00:33:18: [SM] Fatal error encountered parsing translation file "savescores.phrases.txt"
L 05/30/2017 - 00:33:18: [SM] Error (line 0, column 0): Stream failed to open
L 05/30/2017 - 00:44:38: [SM] Exception reported: Entity 1 (1) is invalid
L 05/30/2017 - 00:44:38: [SM] Blaming: autodifficultypatch.smx
L 05/30/2017 - 00:44:38: [SM] Call stack trace:
L 05/30/2017 - 00:44:38: [SM]   [0] GetEntPropString
L 05/30/2017 - 00:44:38: [SM]   [1] Line 1354, C:\Users\EthorbitV2\Desktop\sourcemodbackup\sourcemod\addons\sourcemod\scripting\autodifficultypatch.sp::FindEntityByTargetName
L 05/30/2017 - 00:44:38: [SM]   [2] Line 1279, C:\Users\EthorbitV2\Desktop\sourcemodbackup\sourcemod\addons\sourcemod\scripting\autodifficultypatch.sp::UpdateHeadcrab
L 05/30/2017 - 00:44:38: [SM]   [3] Line 26, C:\Users\EthorbitV2\Desktop\sourcemodbackup\sourcemod\addons\sourcemod\scripting\autodifficultypatch.sp::OnClientDisconnect_Post
L 05/30/2017 - 01:16:02: SourceMod error session started
L 05/30/2017 - 01:16:02: Info (map "pb_z_high_school_m") (file "errors_20170530.log")
L 05/30/2017 - 01:16:02: [SDKTOOLS] Invalid detour address passed - Disabling detour to prevent crashes
L 05/30/2017 - 01:16:02: [SM] Unable to load extension "soundlib.ext": error code 0000007e
L 05/30/2017 - 01:16:02: [SM] Unable to load extension "config.ext": error code 0000007e
L 05/30/2017 - 01:16:02: [SM] Fatal error encountered parsing translation file "customvotes.phrases.txt"
L 05/30/2017 - 01:16:02: [SM] Error (line 0, column 0): Stream failed to open
L 05/30/2017 - 01:16:02: [SM] Fatal error encountered parsing translation file "savescores.phrases.txt"
L 05/30/2017 - 01:16:02: [SM] Error (line 0, column 0): Stream failed to open
L 05/30/2017 - 01:16:02: [SM] Unable to load plugin "time-left-actions.smx": Required extension "Sound Info Library" file("soundlib.ext") not running
L 05/30/2017 - 04:06:41: [SM] Exception reported: Entity 2 (2) is invalid
L 05/30/2017 - 04:06:41: [SM] Blaming: autodifficultypatch.smx
L 05/30/2017 - 04:06:41: [SM] Call stack trace:
L 05/30/2017 - 04:06:41: [SM]   [0] GetEntPropString
L 05/30/2017 - 04:06:41: [SM]   [1] Line 1354, C:\Users\EthorbitV2\Desktop\sourcemodbackup\sourcemod\addons\sourcemod\scripting\autodifficultypatch.sp::FindEntityByTargetName
L 05/30/2017 - 04:06:41: [SM]   [2] Line 1136, C:\Users\EthorbitV2\Desktop\sourcemodbackup\sourcemod\addons\sourcemod\scripting\autodifficultypatch.sp::UpdateHeadcrab
L 05/30/2017 - 04:06:41: [SM]   [3] Line 26, C:\Users\EthorbitV2\Desktop\sourcemodbackup\sourcemod\addons\sourcemod\scripting\autodifficultypatch.sp::OnClientDisconnect_Post
L 05/30/2017 - 04:08:03: [SM] Exception reported: Entity 1 (1) is invalid
L 05/30/2017 - 04:08:03: [SM] Blaming: autodifficultypatch.smx
L 05/30/2017 - 04:08:03: [SM] Call stack trace:
L 05/30/2017 - 04:08:03: [SM]   [0] GetEntPropString
L 05/30/2017 - 04:08:03: [SM]   [1] Line 1354, C:\Users\EthorbitV2\Desktop\sourcemodbackup\sourcemod\addons\sourcemod\scripting\autodifficultypatch.sp::FindEntityByTargetName
L 05/30/2017 - 04:08:03: [SM]   [2] Line 1128, C:\Users\EthorbitV2\Desktop\sourcemodbackup\sourcemod\addons\sourcemod\scripting\autodifficultypatch.sp::UpdateHeadcrab
L 05/30/2017 - 04:08:03: [SM]   [3] Line 26, C:\Users\EthorbitV2\Desktop\sourcemodbackup\sourcemod\addons\sourcemod\scripting\autodifficultypatch.sp::OnClientDisconnect_Post
L 05/30/2017 - 04:51:32: [SM] Exception reported: Entity 1 (1) is invalid
L 05/30/2017 - 04:51:32: [SM] Blaming: autodifficultypatch.smx
L 05/30/2017 - 04:51:32: [SM] Call stack trace:
L 05/30/2017 - 04:51:32: [SM]   [0] GetEntPropString
L 05/30/2017 - 04:51:32: [SM]   [1] Line 1354, C:\Users\EthorbitV2\Desktop\sourcemodbackup\sourcemod\addons\sourcemod\scripting\autodifficultypatch.sp::FindEntityByTargetName
L 05/30/2017 - 04:51:32: [SM]   [2] Line 1136, C:\Users\EthorbitV2\Desktop\sourcemodbackup\sourcemod\addons\sourcemod\scripting\autodifficultypatch.sp::UpdateHeadcrab
L 05/30/2017 - 04:51:32: [SM]   [3] Line 26, C:\Users\EthorbitV2\Desktop\sourcemodbackup\sourcemod\addons\sourcemod\scripting\autodifficultypatch.sp::OnClientDisconnect_Post
L 05/30/2017 - 04:53:05: [SM] Exception reported: Entity 2 (2) is invalid
L 05/30/2017 - 04:53:05: [SM] Blaming: autodifficultypatch.smx
L 05/30/2017 - 04:53:05: [SM] Call stack trace:
L 05/30/2017 - 04:53:05: [SM]   [0] GetEntPropString
L 05/30/2017 - 04:53:05: [SM]   [1] Line 1354, C:\Users\EthorbitV2\Desktop\sourcemodbackup\sourcemod\addons\sourcemod\scripting\autodifficultypatch.sp::FindEntityByTargetName
L 05/30/2017 - 04:53:05: [SM]   [2] Line 1128, C:\Users\EthorbitV2\Desktop\sourcemodbackup\sourcemod\addons\sourcemod\scripting\autodifficultypatch.sp::UpdateHeadcrab
L 05/30/2017 - 04:53:05: [SM]   [3] Line 26, C:\Users\EthorbitV2\Desktop\sourcemodbackup\sourcemod\addons\sourcemod\scripting\autodifficultypatch.sp::OnClientDisconnect_Post
L 05/30/2017 - 04:53:07: Error log file session closed.
L 05/30/2017 - 04:53:07: SourceMod error session started
L 05/30/2017 - 04:53:07: Info (map "dm_laststop_m") (file "errors_20170530.log")
L 05/30/2017 - 04:53:07: [SM] Fatal error encountered parsing translation file "customvotes.phrases.txt"
L 05/30/2017 - 04:53:07: [SM] Error (line 0, column 0): Stream failed to open
L 05/30/2017 - 04:53:07: [SM] Fatal error encountered parsing translation file "savescores.phrases.txt"
L 05/30/2017 - 04:53:07: [SM] Error (line 0, column 0): Stream failed to open
L 05/30/2017 - 05:03:52: [SM] Exception reported: Entity 2 (2) is invalid
L 05/30/2017 - 05:03:52: [SM] Blaming: autodifficultypatch.smx
L 05/30/2017 - 05:03:52: [SM] Call stack trace:
L 05/30/2017 - 05:03:52: [SM]   [0] GetEntPropString
L 05/30/2017 - 05:03:52: [SM]   [1] Line 1354, C:\Users\EthorbitV2\Desktop\sourcemodbackup\sourcemod\addons\sourcemod\scripting\autodifficultypatch.sp::FindEntityByTargetName
L 05/30/2017 - 05:03:52: [SM]   [2] Line 827, C:\Users\EthorbitV2\Desktop\sourcemodbackup\sourcemod\addons\sourcemod\scripting\autodifficultypatch.sp::UpdateHeadcrab
L 05/30/2017 - 05:03:52: [SM]   [3] Line 26, C:\Users\EthorbitV2\Desktop\sourcemodbackup\sourcemod\addons\sourcemod\scripting\autodifficultypatch.sp::OnClientDisconnect_Post
L 05/30/2017 - 05:14:01: [SM] Exception reported: Entity 1 (1) is invalid
L 05/30/2017 - 05:14:01: [SM] Blaming: autodifficultypatch.smx
L 05/30/2017 - 05:14:01: [SM] Call stack trace:
L 05/30/2017 - 05:14:01: [SM]   [0] GetEntPropString
L 05/30/2017 - 05:14:01: [SM]   [1] Line 1354, C:\Users\EthorbitV2\Desktop\sourcemodbackup\sourcemod\addons\sourcemod\scripting\autodifficultypatch.sp::FindEntityByTargetName
L 05/30/2017 - 05:14:01: [SM]   [2] Line 827, C:\Users\EthorbitV2\Desktop\sourcemodbackup\sourcemod\addons\sourcemod\scripting\autodifficultypatch.sp::UpdateHeadcrab
L 05/30/2017 - 05:14:01: [SM]   [3] Line 26, C:\Users\EthorbitV2\Desktop\sourcemodbackup\sourcemod\addons\sourcemod\scripting\autodifficultypatch.sp::OnClientDisconnect_Post
L 05/30/2017 - 05:29:19: [SM] Exception reported: Entity 1 (1) is invalid
L 05/30/2017 - 05:29:19: [SM] Blaming: autodifficultypatch.smx
L 05/30/2017 - 05:29:19: [SM] Call stack trace:
L 05/30/2017 - 05:29:19: [SM]   [0] GetEntPropString
L 05/30/2017 - 05:29:19: [SM]   [1] Line 1354, C:\Users\EthorbitV2\Desktop\sourcemodbackup\sourcemod\addons\sourcemod\scripting\autodifficultypatch.sp::FindEntityByTargetName
L 05/30/2017 - 05:29:19: [SM]   [2] Line 827, C:\Users\EthorbitV2\Desktop\sourcemodbackup\sourcemod\addons\sourcemod\scripting\autodifficultypatch.sp::UpdateHeadcrab
L 05/30/2017 - 05:29:19: [SM]   [3] Line 26, C:\Users\EthorbitV2\Desktop\sourcemodbackup\sourcemod\addons\sourcemod\scripting\autodifficultypatch.sp::OnClientDisconnect_Post
L 05/30/2017 - 05:53:17: [SM] Exception reported: Entity 1 (1) is invalid
L 05/30/2017 - 05:53:17: [SM] Blaming: autodifficultypatch.smx
L 05/30/2017 - 05:53:17: [SM] Call stack trace:
L 05/30/2017 - 05:53:17: [SM]   [0] GetEntPropString
L 05/30/2017 - 05:53:17: [SM]   [1] Line 1354, C:\Users\EthorbitV2\Desktop\sourcemodbackup\sourcemod\addons\sourcemod\scripting\autodifficultypatch.sp::FindEntityByTargetName
L 05/30/2017 - 05:53:17: [SM]   [2] Line 835, C:\Users\EthorbitV2\Desktop\sourcemodbackup\sourcemod\addons\sourcemod\scripting\autodifficultypatch.sp::UpdateHeadcrab
L 05/30/2017 - 05:53:17: [SM]   [3] Line 26, C:\Users\EthorbitV2\Desktop\sourcemodbackup\sourcemod\addons\sourcemod\scripting\autodifficultypatch.sp::OnClientDisconnect_Post
L 05/30/2017 - 05:53:17: [SM] Exception reported: Entity 2 (2) is invalid
L 05/30/2017 - 05:53:17: [SM] Blaming: autodifficultypatch.smx
L 05/30/2017 - 05:53:17: [SM] Call stack trace:
L 05/30/2017 - 05:53:17: [SM]   [0] GetEntPropString
L 05/30/2017 - 05:53:17: [SM]   [1] Line 1354, C:\Users\EthorbitV2\Desktop\sourcemodbackup\sourcemod\addons\sourcemod\scripting\autodifficultypatch.sp::FindEntityByTargetName
L 05/30/2017 - 05:53:17: [SM]   [2] Line 827, C:\Users\EthorbitV2\Desktop\sourcemodbackup\sourcemod\addons\sourcemod\scripting\autodifficultypatch.sp::UpdateHeadcrab
L 05/30/2017 - 05:53:17: [SM]   [3] Line 26, C:\Users\EthorbitV2\Desktop\sourcemodbackup\sourcemod\addons\sourcemod\scripting\autodifficultypatch.sp::OnClientDisconnect_Post
L 05/30/2017 - 05:53:20: Error log file session closed.
L 05/30/2017 - 05:53:24: SourceMod error session started
L 05/30/2017 - 05:53:24: Info (map "pb_z_earthquake_m") (file "errors_20170530.log")
L 05/30/2017 - 05:53:24: [SM] Fatal error encountered parsing translation file "customvotes.phrases.txt"
L 05/30/2017 - 05:53:24: [SM] Error (line 0, column 0): Stream failed to open
L 05/30/2017 - 05:53:27: [SM] Fatal error encountered parsing translation file "savescores.phrases.txt"
L 05/30/2017 - 05:53:27: [SM] Error (line 0, column 0): Stream failed to open
L 05/30/2017 - 05:54:47: [SM] Exception reported: Entity 3 (3) is invalid
L 05/30/2017 - 05:54:47: [SM] Blaming: autodifficultypatch.smx
L 05/30/2017 - 05:54:47: [SM] Call stack trace:
L 05/30/2017 - 05:54:47: [SM]   [0] GetEntPropString
L 05/30/2017 - 05:54:47: [SM]   [1] Line 1354, C:\Users\EthorbitV2\Desktop\sourcemodbackup\sourcemod\addons\sourcemod\scripting\autodifficultypatch.sp::FindEntityByTargetName
L 05/30/2017 - 05:54:47: [SM]   [2] Line 768, C:\Users\EthorbitV2\Desktop\sourcemodbackup\sourcemod\addons\sourcemod\scripting\autodifficultypatch.sp::UpdateHeadcrab
L 05/30/2017 - 05:54:47: [SM]   [3] Line 26, C:\Users\EthorbitV2\Desktop\sourcemodbackup\sourcemod\addons\sourcemod\scripting\autodifficultypatch.sp::OnClientDisconnect_Post
L 05/30/2017 - 06:09:43: [SM] Exception reported: Entity 1 (1) is invalid
L 05/30/2017 - 06:09:43: [SM] Blaming: autodifficultypatch.smx
L 05/30/2017 - 06:09:43: [SM] Call stack trace:
L 05/30/2017 - 06:09:43: [SM]   [0] GetEntPropString
L 05/30/2017 - 06:09:43: [SM]   [1] Line 1354, C:\Users\EthorbitV2\Desktop\sourcemodbackup\sourcemod\addons\sourcemod\scripting\autodifficultypatch.sp::FindEntityByTargetName
L 05/30/2017 - 06:09:43: [SM]   [2] Line 768, C:\Users\EthorbitV2\Desktop\sourcemodbackup\sourcemod\addons\sourcemod\scripting\autodifficultypatch.sp::UpdateHeadcrab
L 05/30/2017 - 06:09:43: [SM]   [3] Line 26, C:\Users\EthorbitV2\Desktop\sourcemodbackup\sourcemod\addons\sourcemod\scripting\autodifficultypatch.sp::OnClientDisconnect_Post
L 05/30/2017 - 06:09:43: [SM] Exception reported: Entity 2 (2) is invalid
L 05/30/2017 - 06:09:43: [SM] Blaming: autodifficultypatch.smx
L 05/30/2017 - 06:09:43: [SM] Call stack trace:
L 05/30/2017 - 06:09:43: [SM]   [0] GetEntPropString
L 05/30/2017 - 06:09:43: [SM]   [1] Line 1354, C:\Users\EthorbitV2\Desktop\sourcemodbackup\sourcemod\addons\sourcemod\scripting\autodifficultypatch.sp::FindEntityByTargetName
L 05/30/2017 - 06:09:43: [SM]   [2] Line 760, C:\Users\EthorbitV2\Desktop\sourcemodbackup\sourcemod\addons\sourcemod\scripting\autodifficultypatch.sp::UpdateHeadcrab
L 05/30/2017 - 06:09:43: [SM]   [3] Line 26, C:\Users\EthorbitV2\Desktop\sourcemodbackup\sourcemod\addons\sourcemod\scripting\autodifficultypatch.sp::OnClientDisconnect_Post
L 05/30/2017 - 06:09:43: [SM] Exception reported: Entity 3 (3) is invalid
L 05/30/2017 - 06:09:43: [SM] Blaming: autodifficultypatch.smx
L 05/30/2017 - 06:09:43: [SM] Call stack trace:
L 05/30/2017 - 06:09:43: [SM]   [0] GetEntPropString
L 05/30/2017 - 06:09:43: [SM]   [1] Line 1354, C:\Users\EthorbitV2\Desktop\sourcemodbackup\sourcemod\addons\sourcemod\scripting\autodifficultypatch.sp::FindEntityByTargetName
L 05/30/2017 - 06:09:43: [SM]   [2] Line 752, C:\Users\EthorbitV2\Desktop\sourcemodbackup\sourcemod\addons\sourcemod\scripting\autodifficultypatch.sp::UpdateHeadcrab
L 05/30/2017 - 06:09:43: [SM]   [3] Line 26, C:\Users\EthorbitV2\Desktop\sourcemodbackup\sourcemod\addons\sourcemod\scripting\autodifficultypatch.sp::OnClientDisconnect_Post
L 05/30/2017 - 06:09:48: Error log file session closed.
L 05/30/2017 - 06:09:48: SourceMod error session started
L 05/30/2017 - 06:09:48: Info (map "pb_z_office_tower_v2_m") (file "errors_20170530.log")
L 05/30/2017 - 06:09:48: [SM] Fatal error encountered parsing translation file "customvotes.phrases.txt"
L 05/30/2017 - 06:09:48: [SM] Error (line 0, column 0): Stream failed to open
L 05/30/2017 - 06:09:48: [SM] Fatal error encountered parsing translation file "savescores.phrases.txt"
L 05/30/2017 - 06:09:48: [SM] Error (line 0, column 0): Stream failed to open
L 05/30/2017 - 06:17:00: [SM] Exception reported: Entity 2 (2) is invalid
L 05/30/2017 - 06:17:00: [SM] Blaming: autodifficultypatch.smx
L 05/30/2017 - 06:17:00: [SM] Call stack trace:
L 05/30/2017 - 06:17:00: [SM]   [0] GetEntPropString
L 05/30/2017 - 06:17:00: [SM]   [1] Line 1354, C:\Users\EthorbitV2\Desktop\sourcemodbackup\sourcemod\addons\sourcemod\scripting\autodifficultypatch.sp::FindEntityByTargetName
L 05/30/2017 - 06:17:00: [SM]   [2] Line 243, C:\Users\EthorbitV2\Desktop\sourcemodbackup\sourcemod\addons\sourcemod\scripting\autodifficultypatch.sp::UpdateHeadcrab
L 05/30/2017 - 06:17:00: [SM]   [3] Line 26, C:\Users\EthorbitV2\Desktop\sourcemodbackup\sourcemod\addons\sourcemod\scripting\autodifficultypatch.sp::OnClientDisconnect_Post
L 05/30/2017 - 06:22:49: [SM] Exception reported: Entity 2 (2) is invalid
L 05/30/2017 - 06:22:49: [SM] Blaming: autodifficultypatch.smx
L 05/30/2017 - 06:22:49: [SM] Call stack trace:
L 05/30/2017 - 06:22:49: [SM]   [0] GetEntPropString
L 05/30/2017 - 06:22:49: [SM]   [1] Line 1354, C:\Users\EthorbitV2\Desktop\sourcemodbackup\sourcemod\addons\sourcemod\scripting\autodifficultypatch.sp::FindEntityByTargetName
L 05/30/2017 - 06:22:49: [SM]   [2] Line 243, C:\Users\EthorbitV2\Desktop\sourcemodbackup\sourcemod\addons\sourcemod\scripting\autodifficultypatch.sp::UpdateHeadcrab
L 05/30/2017 - 06:22:49: [SM]   [3] Line 26, C:\Users\EthorbitV2\Desktop\sourcemodbackup\sourcemod\addons\sourcemod\scripting\autodifficultypatch.sp::OnClientDisconnect_Post
L 05/30/2017 - 07:10:00: Error log file session closed.
L 05/30/2017 - 07:10:00: SourceMod error session started
L 05/30/2017 - 07:10:00: Info (map "dm_morbid_m") (file "errors_20170530.log")
L 05/30/2017 - 07:10:00: [SM] Fatal error encountered parsing translation file "customvotes.phrases.txt"
L 05/30/2017 - 07:10:00: [SM] Error (line 0, column 0): Stream failed to open
L 05/30/2017 - 07:10:00: [SM] Fatal error encountered parsing translation file "savescores.phrases.txt"
L 05/30/2017 - 07:10:00: [SM] Error (line 0, column 0): Stream failed to open
L 05/30/2017 - 07:17:20: [SM] Exception reported: Entity 1 (1) is invalid
L 05/30/2017 - 07:17:20: [SM] Blaming: autodifficultypatch.smx
L 05/30/2017 - 07:17:20: [SM] Call stack trace:
L 05/30/2017 - 07:17:20: [SM]   [0] GetEntPropString
L 05/30/2017 - 07:17:20: [SM]   [1] Line 1354, C:\Users\EthorbitV2\Desktop\sourcemodbackup\sourcemod\addons\sourcemod\scripting\autodifficultypatch.sp::FindEntityByTargetName
L 05/30/2017 - 07:17:20: [SM]   [2] Line 1279, C:\Users\EthorbitV2\Desktop\sourcemodbackup\sourcemod\addons\sourcemod\scripting\autodifficultypatch.sp::UpdateHeadcrab
L 05/30/2017 - 07:17:20: [SM]   [3] Line 26, C:\Users\EthorbitV2\Desktop\sourcemodbackup\sourcemod\addons\sourcemod\scripting\autodifficultypatch.sp::OnClientDisconnect_Post
L 05/30/2017 - 07:24:20: [SM] Exception reported: Entity 1 (1) is invalid
L 05/30/2017 - 07:24:20: [SM] Blaming: autodifficultypatch.smx
L 05/30/2017 - 07:24:20: [SM] Call stack trace:
L 05/30/2017 - 07:24:20: [SM]   [0] GetEntPropString
L 05/30/2017 - 07:24:20: [SM]   [1] Line 1354, C:\Users\EthorbitV2\Desktop\sourcemodbackup\sourcemod\addons\sourcemod\scripting\autodifficultypatch.sp::FindEntityByTargetName
L 05/30/2017 - 07:24:20: [SM]   [2] Line 1279, C:\Users\EthorbitV2\Desktop\sourcemodbackup\sourcemod\addons\sourcemod\scripting\autodifficultypatch.sp::UpdateHeadcrab
L 05/30/2017 - 07:24:20: [SM]   [3] Line 26, C:\Users\EthorbitV2\Desktop\sourcemodbackup\sourcemod\addons\sourcemod\scripting\autodifficultypatch.sp::OnClientDisconnect_Post
L 05/30/2017 - 07:29:13: [SM] Exception reported: Entity 1 (1) is invalid
L 05/30/2017 - 07:29:13: [SM] Blaming: autodifficultypatch.smx
L 05/30/2017 - 07:29:13: [SM] Call stack trace:
L 05/30/2017 - 07:29:13: [SM]   [0] GetEntPropString
L 05/30/2017 - 07:29:13: [SM]   [1] Line 1354, C:\Users\EthorbitV2\Desktop\sourcemodbackup\sourcemod\addons\sourcemod\scripting\autodifficultypatch.sp::FindEntityByTargetName
L 05/30/2017 - 07:29:13: [SM]   [2] Line 1279, C:\Users\EthorbitV2\Desktop\sourcemodbackup\sourcemod\addons\sourcemod\scripting\autodifficultypatch.sp::UpdateHeadcrab
L 05/30/2017 - 07:29:13: [SM]   [3] Line 26, C:\Users\EthorbitV2\Desktop\sourcemodbackup\sourcemod\addons\sourcemod\scripting\autodifficultypatch.sp::OnClientDisconnect_Post
L 05/30/2017 - 07:29:15: Error log file session closed.
L 05/30/2017 - 07:29:15: SourceMod error session started
L 05/30/2017 - 07:29:15: Info (map "pb_z_disorder_m") (file "errors_20170530.log")
L 05/30/2017 - 07:29:15: [SM] Fatal error encountered parsing translation file "customvotes.phrases.txt"
L 05/30/2017 - 07:29:15: [SM] Error (line 0, column 0): Stream failed to open
L 05/30/2017 - 07:29:15: [SM] Fatal error encountered parsing translation file "savescores.phrases.txt"
L 05/30/2017 - 07:29:15: [SM] Error (line 0, column 0): Stream failed to open
L 05/30/2017 - 07:31:26: [SM] Exception reported: Entity 1 (1) is invalid
L 05/30/2017 - 07:31:26: [SM] Blaming: autodifficultypatch.smx
L 05/30/2017 - 07:31:26: [SM] Call stack trace:
L 05/30/2017 - 07:31:26: [SM]   [0] GetEntPropString
L 05/30/2017 - 07:31:26: [SM]   [1] Line 1354, C:\Users\EthorbitV2\Desktop\sourcemodbackup\sourcemod\addons\sourcemod\scripting\autodifficultypatch.sp::FindEntityByTargetName
L 05/30/2017 - 07:31:26: [SM]   [2] Line 377, C:\Users\EthorbitV2\Desktop\sourcemodbackup\sourcemod\addons\sourcemod\scripting\autodifficultypatch.sp::UpdateHeadcrab
L 05/30/2017 - 07:31:26: [SM]   [3] Line 26, C:\Users\EthorbitV2\Desktop\sourcemodbackup\sourcemod\addons\sourcemod\scripting\autodifficultypatch.sp::OnClientDisconnect_Post
L 05/30/2017 - 07:31:27: Error log file session closed.
L 05/30/2017 - 07:31:27: SourceMod error session started
L 05/30/2017 - 07:31:27: Info (map "dm_mine_entrance_m") (file "errors_20170530.log")
L 05/30/2017 - 07:31:27: [SM] Fatal error encountered parsing translation file "customvotes.phrases.txt"
L 05/30/2017 - 07:31:27: [SM] Error (line 0, column 0): Stream failed to open
L 05/30/2017 - 07:31:27: [SM] Fatal error encountered parsing translation file "savescores.phrases.txt"
L 05/30/2017 - 07:31:27: [SM] Error (line 0, column 0): Stream failed to open
L 05/30/2017 - 07:31:53: [SM] Exception reported: Entity 1 (1) is invalid
L 05/30/2017 - 07:31:53: [SM] Blaming: autodifficultypatch.smx
L 05/30/2017 - 07:31:53: [SM] Call stack trace:
L 05/30/2017 - 07:31:53: [SM]   [0] GetEntPropString
L 05/30/2017 - 07:31:53: [SM]   [1] Line 1354, C:\Users\EthorbitV2\Desktop\sourcemodbackup\sourcemod\addons\sourcemod\scripting\autodifficultypatch.sp::FindEntityByTargetName
L 05/30/2017 - 07:31:53: [SM]   [2] Line 977, C:\Users\EthorbitV2\Desktop\sourcemodbackup\sourcemod\addons\sourcemod\scripting\autodifficultypatch.sp::UpdateHeadcrab
L 05/30/2017 - 07:31:53: [SM]   [3] Line 26, C:\Users\EthorbitV2\Desktop\sourcemodbackup\sourcemod\addons\sourcemod\scripting\autodifficultypatch.sp::OnClientDisconnect_Post
L 05/30/2017 - 07:37:37: [SM] Exception reported: Entity 1 (1) is invalid
L 05/30/2017 - 07:37:37: [SM] Blaming: autodifficultypatch.smx
L 05/30/2017 - 07:37:37: [SM] Call stack trace:
L 05/30/2017 - 07:37:37: [SM]   [0] GetEntPropString
L 05/30/2017 - 07:37:37: [SM]   [1] Line 1354, C:\Users\EthorbitV2\Desktop\sourcemodbackup\sourcemod\addons\sourcemod\scripting\autodifficultypatch.sp::FindEntityByTargetName
L 05/30/2017 - 07:37:37: [SM]   [2] Line 977, C:\Users\EthorbitV2\Desktop\sourcemodbackup\sourcemod\addons\sourcemod\scripting\autodifficultypatch.sp::UpdateHeadcrab
L 05/30/2017 - 07:37:37: [SM]   [3] Line 26, C:\Users\EthorbitV2\Desktop\sourcemodbackup\sourcemod\addons\sourcemod\scripting\autodifficultypatch.sp::OnClientDisconnect_Post
L 05/30/2017 - 07:37:39: Error log file session closed.
L 05/30/2017 - 07:37:39: SourceMod error session started
L 05/30/2017 - 07:37:39: Info (map "pb_z_office_tower_m") (file "errors_20170530.log")
L 05/30/2017 - 07:37:39: [SM] Fatal error encountered parsing translation file "customvotes.phrases.txt"
L 05/30/2017 - 07:37:39: [SM] Error (line 0, column 0): Stream failed to open
L 05/30/2017 - 07:37:39: [SM] Fatal error encountered parsing translation file "savescores.phrases.txt"
L 05/30/2017 - 07:37:39: [SM] Error (line 0, column 0): Stream failed to open
L 05/30/2017 - 07:40:07: [SM] Exception reported: Entity 1 (1) is invalid
L 05/30/2017 - 07:40:07: [SM] Blaming: autodifficultypatch.smx
L 05/30/2017 - 07:40:07: [SM] Call stack trace:
L 05/30/2017 - 07:40:07: [SM]   [0] GetEntPropString
L 05/30/2017 - 07:40:07: [SM]   [1] Line 1354, C:\Users\EthorbitV2\Desktop\sourcemodbackup\sourcemod\addons\sourcemod\scripting\autodifficultypatch.sp::FindEntityByTargetName
L 05/30/2017 - 07:40:07: [SM]   [2] Line 109, C:\Users\EthorbitV2\Desktop\sourcemodbackup\sourcemod\addons\sourcemod\scripting\autodifficultypatch.sp::UpdateHeadcrab
L 05/30/2017 - 07:40:07: [SM]   [3] Line 26, C:\Users\EthorbitV2\Desktop\sourcemodbackup\sourcemod\addons\sourcemod\scripting\autodifficultypatch.sp::OnClientDisconnect_Post
L 05/30/2017 - 07:40:09: Error log file session closed.
L 05/30/2017 - 07:40:09: SourceMod error session started
L 05/30/2017 - 07:40:09: Info (map "pb_z_high_school_m") (file "errors_20170530.log")
L 05/30/2017 - 07:40:09: [SM] Fatal error encountered parsing translation file "customvotes.phrases.txt"
L 05/30/2017 - 07:40:09: [SM] Error (line 0, column 0): Stream failed to open
L 05/30/2017 - 07:40:09: [SM] Fatal error encountered parsing translation file "savescores.phrases.txt"
L 05/30/2017 - 07:40:09: [SM] Error (line 0, column 0): Stream failed to open
L 05/30/2017 - 07:42:12: [SM] Exception reported: Entity 2 (2) is invalid
L 05/30/2017 - 07:42:12: [SM] Blaming: autodifficultypatch.smx
L 05/30/2017 - 07:42:12: [SM] Call stack trace:
L 05/30/2017 - 07:42:12: [SM]   [0] GetEntPropString
L 05/30/2017 - 07:42:12: [SM]   [1] Line 1354, C:\Users\EthorbitV2\Desktop\sourcemodbackup\sourcemod\addons\sourcemod\scripting\autodifficultypatch.sp::FindEntityByTargetName
L 05/30/2017 - 07:42:12: [SM]   [2] Line 1144, C:\Users\EthorbitV2\Desktop\sourcemodbackup\sourcemod\addons\sourcemod\scripting\autodifficultypatch.sp::UpdateHeadcrab
L 05/30/2017 - 07:42:12: [SM]   [3] Line 26, C:\Users\EthorbitV2\Desktop\sourcemodbackup\sourcemod\addons\sourcemod\scripting\autodifficultypatch.sp::OnClientDisconnect_Post
L 05/30/2017 - 07:52:50: [SM] Exception reported: Entity 3 (3) is invalid
L 05/30/2017 - 07:52:50: [SM] Blaming: autodifficultypatch.smx
L 05/30/2017 - 07:52:50: [SM] Call stack trace:
L 05/30/2017 - 07:52:50: [SM]   [0] GetEntPropString
L 05/30/2017 - 07:52:50: [SM]   [1] Line 1354, C:\Users\EthorbitV2\Desktop\sourcemodbackup\sourcemod\addons\sourcemod\scripting\autodifficultypatch.sp::FindEntityByTargetName
L 05/30/2017 - 07:52:50: [SM]   [2] Line 1144, C:\Users\EthorbitV2\Desktop\sourcemodbackup\sourcemod\addons\sourcemod\scripting\autodifficultypatch.sp::UpdateHeadcrab
L 05/30/2017 - 07:52:50: [SM]   [3] Line 26, C:\Users\EthorbitV2\Desktop\sourcemodbackup\sourcemod\addons\sourcemod\scripting\autodifficultypatch.sp::OnClientDisconnect_Post
L 05/30/2017 - 07:54:19: [SM] Exception reported: Entity 2 (2) is invalid
L 05/30/2017 - 07:54:19: [SM] Blaming: autodifficultypatch.smx
L 05/30/2017 - 07:54:19: [SM] Call stack trace:
L 05/30/2017 - 07:54:19: [SM]   [0] GetEntPropString
L 05/30/2017 - 07:54:19: [SM]   [1] Line 1354, C:\Users\EthorbitV2\Desktop\sourcemodbackup\sourcemod\addons\sourcemod\scripting\autodifficultypatch.sp::FindEntityByTargetName
L 05/30/2017 - 07:54:19: [SM]   [2] Line 1136, C:\Users\EthorbitV2\Desktop\sourcemodbackup\sourcemod\addons\sourcemod\scripting\autodifficultypatch.sp::UpdateHeadcrab
L 05/30/2017 - 07:54:19: [SM]   [3] Line 26, C:\Users\EthorbitV2\Desktop\sourcemodbackup\sourcemod\addons\sourcemod\scripting\autodifficultypatch.sp::OnClientDisconnect_Post
L 05/30/2017 - 08:02:05: [SM] Exception reported: Entity 2 (2) is invalid
L 05/30/2017 - 08:02:05: [SM] Blaming: autodifficultypatch.smx
L 05/30/2017 - 08:02:05: [SM] Call stack trace:
L 05/30/2017 - 08:02:05: [SM]   [0] GetEntPropString
L 05/30/2017 - 08:02:05: [SM]   [1] Line 1354, C:\Users\EthorbitV2\Desktop\sourcemodbackup\sourcemod\addons\sourcemod\scripting\autodifficultypatch.sp::FindEntityByTargetName
L 05/30/2017 - 08:02:05: [SM]   [2] Line 1136, C:\Users\EthorbitV2\Desktop\sourcemodbackup\sourcemod\addons\sourcemod\scripting\autodifficultypatch.sp::UpdateHeadcrab
L 05/30/2017 - 08:02:05: [SM]   [3] Line 26, C:\Users\EthorbitV2\Desktop\sourcemodbackup\sourcemod\addons\sourcemod\scripting\autodifficultypatch.sp::OnClientDisconnect_Post
L 05/30/2017 - 08:08:35: [SM] Exception reported: Entity 2 (2) is invalid
L 05/30/2017 - 08:08:35: [SM] Blaming: autodifficultypatch.smx
L 05/30/2017 - 08:08:35: [SM] Call stack trace:
L 05/30/2017 - 08:08:35: [SM]   [0] GetEntPropString
L 05/30/2017 - 08:08:35: [SM]   [1] Line 1354, C:\Users\EthorbitV2\Desktop\sourcemodbackup\sourcemod\addons\sourcemod\scripting\autodifficultypatch.sp::FindEntityByTargetName
L 05/30/2017 - 08:08:35: [SM]   [2] Line 1144, C:\Users\EthorbitV2\Desktop\sourcemodbackup\sourcemod\addons\sourcemod\scripting\autodifficultypatch.sp::UpdateHeadcrab
L 05/30/2017 - 08:08:35: [SM]   [3] Line 26, C:\Users\EthorbitV2\Desktop\sourcemodbackup\sourcemod\addons\sourcemod\scripting\autodifficultypatch.sp::OnClientDisconnect_Post
L 05/30/2017 - 08:13:08: [SM] Exception reported: Entity 3 (3) is invalid
L 05/30/2017 - 08:13:08: [SM] Blaming: autodifficultypatch.smx
L 05/30/2017 - 08:13:08: [SM] Call stack trace:
L 05/30/2017 - 08:13:08: [SM]   [0] GetEntPropString
L 05/30/2017 - 08:13:08: [SM]   [1] Line 1354, C:\Users\EthorbitV2\Desktop\sourcemodbackup\sourcemod\addons\sourcemod\scripting\autodifficultypatch.sp::FindEntityByTargetName
L 05/30/2017 - 08:13:08: [SM]   [2] Line 1136, C:\Users\EthorbitV2\Desktop\sourcemodbackup\sourcemod\addons\sourcemod\scripting\autodifficultypatch.sp::UpdateHeadcrab
L 05/30/2017 - 08:13:08: [SM]   [3] Line 26, C:\Users\EthorbitV2\Desktop\sourcemodbackup\sourcemod\addons\sourcemod\scripting\autodifficultypatch.sp::OnClientDisconnect_Post
L 05/30/2017 - 08:14:01: [SM] Exception reported: Entity 2 (2) is invalid
L 05/30/2017 - 08:14:01: [SM] Blaming: autodifficultypatch.smx
L 05/30/2017 - 08:14:01: [SM] Call stack trace:
L 05/30/2017 - 08:14:01: [SM]   [0] GetEntPropString
L 05/30/2017 - 08:14:01: [SM]   [1] Line 1354, C:\Users\EthorbitV2\Desktop\sourcemodbackup\sourcemod\addons\sourcemod\scripting\autodifficultypatch.sp::FindEntityByTargetName
L 05/30/2017 - 08:14:01: [SM]   [2] Line 1136, C:\Users\EthorbitV2\Desktop\sourcemodbackup\sourcemod\addons\sourcemod\scripting\autodifficultypatch.sp::UpdateHeadcrab
L 05/30/2017 - 08:14:01: [SM]   [3] Line 26, C:\Users\EthorbitV2\Desktop\sourcemodbackup\sourcemod\addons\sourcemod\scripting\autodifficultypatch.sp::OnClientDisconnect_Post
L 05/30/2017 - 08:24:56: [SM] Exception reported: Entity 1 (1) is invalid
L 05/30/2017 - 08:24:56: [SM] Blaming: autodifficultypatch.smx
L 05/30/2017 - 08:24:56: [SM] Call stack trace:
L 05/30/2017 - 08:24:56: [SM]   [0] GetEntPropString
L 05/30/2017 - 08:24:56: [SM]   [1] Line 1354, C:\Users\EthorbitV2\Desktop\sourcemodbackup\sourcemod\addons\sourcemod\scripting\autodifficultypatch.sp::FindEntityByTargetName
L 05/30/2017 - 08:24:56: [SM]   [2] Line 1128, C:\Users\EthorbitV2\Desktop\sourcemodbackup\sourcemod\addons\sourcemod\scripting\autodifficultypatch.sp::UpdateHeadcrab
L 05/30/2017 - 08:24:56: [SM]   [3] Line 26, C:\Users\EthorbitV2\Desktop\sourcemodbackup\sourcemod\addons\sourcemod\scripting\autodifficultypatch.sp::OnClientDisconnect_Post
L 05/30/2017 - 08:40:19: [SM] Exception reported: Entity 1 (1) is invalid
L 05/30/2017 - 08:40:19: [SM] Blaming: autodifficultypatch.smx
L 05/30/2017 - 08:40:19: [SM] Call stack trace:
L 05/30/2017 - 08:40:19: [SM]   [0] GetEntPropString
L 05/30/2017 - 08:40:19: [SM]   [1] Line 1354, C:\Users\EthorbitV2\Desktop\sourcemodbackup\sourcemod\addons\sourcemod\scripting\autodifficultypatch.sp::FindEntityByTargetName
L 05/30/2017 - 08:40:19: [SM]   [2] Line 1128, C:\Users\EthorbitV2\Desktop\sourcemodbackup\sourcemod\addons\sourcemod\scripting\autodifficultypatch.sp::UpdateHeadcrab
L 05/30/2017 - 08:40:19: [SM]   [3] Line 26, C:\Users\EthorbitV2\Desktop\sourcemodbackup\sourcemod\addons\sourcemod\scripting\autodifficultypatch.sp::OnClientDisconnect_Post
L 05/30/2017 - 08:40:21: Error log file session closed.
L 05/30/2017 - 08:40:21: SourceMod error session started
L 05/30/2017 - 08:40:21: Info (map "pb_z_area51_m") (file "errors_20170530.log")
L 05/30/2017 - 08:40:21: [SM] Fatal error encountered parsing translation file "customvotes.phrases.txt"
L 05/30/2017 - 08:40:21: [SM] Error (line 0, column 0): Stream failed to open
L 05/30/2017 - 08:40:21: [SM] Fatal error encountered parsing translation file "savescores.phrases.txt"
L 05/30/2017 - 08:40:21: [SM] Error (line 0, column 0): Stream failed to open
L 05/30/2017 - 08:40:56: SourceMod error session started
L 05/30/2017 - 08:40:56: Info (map "pb_z_high_school_m") (file "errors_20170530.log")
L 05/30/2017 - 08:40:56: [SDKTOOLS] Invalid detour address passed - Disabling detour to prevent crashes
L 05/30/2017 - 08:40:56: [SM] Unable to load extension "soundlib.ext": error code 0000007e
L 05/30/2017 - 08:40:56: [SM] Unable to load extension "config.ext": error code 0000007e
L 05/30/2017 - 08:40:56: [SM] Fatal error encountered parsing translation file "savescores.phrases.txt"
L 05/30/2017 - 08:40:56: [SM] Error (line 0, column 0): Stream failed to open
L 05/30/2017 - 08:40:56: [SM] Unable to load plugin "time-left-actions.smx": Required extension "Sound Info Library" file("soundlib.ext") not running
L 05/30/2017 - 09:08:13: [SM] Fatal error encountered parsing translation file "customvotes.phrases.txt"
L 05/30/2017 - 09:08:13: [SM] Error (line 0, column 0): Stream failed to open
L 05/30/2017 - 09:21:47: [SM] Exception reported: Entity 1 (1) is invalid
L 05/30/2017 - 09:21:47: [SM] Blaming: autodifficultypatch.smx
L 05/30/2017 - 09:21:47: [SM] Call stack trace:
L 05/30/2017 - 09:21:47: [SM]   [0] GetEntPropString
L 05/30/2017 - 09:21:47: [SM]   [1] Line 1354, C:\Users\EthorbitV2\Desktop\sourcemodbackup\sourcemod\addons\sourcemod\scripting\autodifficultypatch.sp::FindEntityByTargetName
L 05/30/2017 - 09:21:47: [SM]   [2] Line 1128, C:\Users\EthorbitV2\Desktop\sourcemodbackup\sourcemod\addons\sourcemod\scripting\autodifficultypatch.sp::UpdateHeadcrab
L 05/30/2017 - 09:21:47: [SM]   [3] Line 26, C:\Users\EthorbitV2\Desktop\sourcemodbackup\sourcemod\addons\sourcemod\scripting\autodifficultypatch.sp::OnClientDisconnect_Post
L 05/30/2017 - 09:51:47: [SM] Exception reported: Entity 2 (2) is invalid
L 05/30/2017 - 09:51:47: [SM] Blaming: autodifficultypatch.smx
L 05/30/2017 - 09:51:47: [SM] Call stack trace:
L 05/30/2017 - 09:51:47: [SM]   [0] GetEntPropString
L 05/30/2017 - 09:51:47: [SM]   [1] Line 1354, C:\Users\EthorbitV2\Desktop\sourcemodbackup\sourcemod\addons\sourcemod\scripting\autodifficultypatch.sp::FindEntityByTargetName
L 05/30/2017 - 09:51:47: [SM]   [2] Line 1136, C:\Users\EthorbitV2\Desktop\sourcemodbackup\sourcemod\addons\sourcemod\scripting\autodifficultypatch.sp::UpdateHeadcrab
L 05/30/2017 - 09:51:47: [SM]   [3] Line 26, C:\Users\EthorbitV2\Desktop\sourcemodbackup\sourcemod\addons\sourcemod\scripting\autodifficultypatch.sp::OnClientDisconnect_Post
L 05/30/2017 - 10:04:56: [SM] Exception reported: Entity 1 (1) is invalid
L 05/30/2017 - 10:04:56: [SM] Blaming: autodifficultypatch.smx
L 05/30/2017 - 10:04:56: [SM] Call stack trace:
L 05/30/2017 - 10:04:56: [SM]   [0] GetEntPropString
L 05/30/2017 - 10:04:56: [SM]   [1] Line 1354, C:\Users\EthorbitV2\Desktop\sourcemodbackup\sourcemod\addons\sourcemod\scripting\autodifficultypatch.sp::FindEntityByTargetName
L 05/30/2017 - 10:04:56: [SM]   [2] Line 1128, C:\Users\EthorbitV2\Desktop\sourcemodbackup\sourcemod\addons\sourcemod\scripting\autodifficultypatch.sp::UpdateHeadcrab
L 05/30/2017 - 10:04:56: [SM]   [3] Line 26, C:\Users\EthorbitV2\Desktop\sourcemodbackup\sourcemod\addons\sourcemod\scripting\autodifficultypatch.sp::OnClientDisconnect_Post
L 05/30/2017 - 10:07:20: Error log file session closed.
L 05/30/2017 - 10:07:20: SourceMod error session started
L 05/30/2017 - 10:07:20: Info (map "dm_snowfall_m") (file "errors_20170530.log")
L 05/30/2017 - 10:07:20: [SM] Fatal error encountered parsing translation file "savescores.phrases.txt"
L 05/30/2017 - 10:07:20: [SM] Error (line 0, column 0): Stream failed to open
L 05/30/2017 - 10:07:20: [SM] Fatal error encountered parsing translation file "customvotes.phrases.txt"
L 05/30/2017 - 10:07:20: [SM] Error (line 0, column 0): Stream failed to open
L 05/30/2017 - 11:07:30: Error log file session closed.
L 05/30/2017 - 11:07:31: SourceMod error session started
L 05/30/2017 - 11:07:31: Info (map "dm_hellsdistrict_m") (file "errors_20170530.log")
L 05/30/2017 - 11:07:31: [SM] Fatal error encountered parsing translation file "savescores.phrases.txt"
L 05/30/2017 - 11:07:31: [SM] Error (line 0, column 0): Stream failed to open
L 05/30/2017 - 11:07:31: [SM] Fatal error encountered parsing translation file "customvotes.phrases.txt"
L 05/30/2017 - 11:07:31: [SM] Error (line 0, column 0): Stream failed to open
L 05/30/2017 - 12:07:40: Error log file session closed.
L 05/30/2017 - 12:07:40: SourceMod error session started
L 05/30/2017 - 12:07:40: Info (map "dm_morbid_m") (file "errors_20170530.log")
L 05/30/2017 - 12:07:40: [SM] Fatal error encountered parsing translation file "savescores.phrases.txt"
L 05/30/2017 - 12:07:40: [SM] Error (line 0, column 0): Stream failed to open
L 05/30/2017 - 12:07:41: [SM] Fatal error encountered parsing translation file "customvotes.phrases.txt"
L 05/30/2017 - 12:07:41: [SM] Error (line 0, column 0): Stream failed to open
L 05/30/2017 - 13:07:52: Error log file session closed.
L 05/30/2017 - 13:07:52: SourceMod error session started
L 05/30/2017 - 13:07:52: Info (map "dm_coldruins_rc1_m") (file "errors_20170530.log")
L 05/30/2017 - 13:07:52: [SM] Fatal error encountered parsing translation file "savescores.phrases.txt"
L 05/30/2017 - 13:07:52: [SM] Error (line 0, column 0): Stream failed to open
L 05/30/2017 - 13:07:52: [SM] Fatal error encountered parsing translation file "customvotes.phrases.txt"
L 05/30/2017 - 13:07:52: [SM] Error (line 0, column 0): Stream failed to open
L 05/30/2017 - 14:00:57: [SM] Exception reported: Entity 1 (1) is invalid
L 05/30/2017 - 14:00:57: [SM] Blaming: autodifficultypatch.smx
L 05/30/2017 - 14:00:57: [SM] Call stack trace:
L 05/30/2017 - 14:00:57: [SM]   [0] GetEntPropString
L 05/30/2017 - 14:00:57: [SM]   [1] Line 1354, C:\Users\EthorbitV2\Desktop\sourcemodbackup\sourcemod\addons\sourcemod\scripting\autodifficultypatch.sp::FindEntityByTargetName
L 05/30/2017 - 14:00:57: [SM]   [2] Line 602, C:\Users\EthorbitV2\Desktop\sourcemodbackup\sourcemod\addons\sourcemod\scripting\autodifficultypatch.sp::UpdateHeadcrab
L 05/30/2017 - 14:00:57: [SM]   [3] Line 26, C:\Users\EthorbitV2\Desktop\sourcemodbackup\sourcemod\addons\sourcemod\scripting\autodifficultypatch.sp::OnClientDisconnect_Post
L 05/30/2017 - 14:08:03: Error log file session closed.
L 05/30/2017 - 14:08:03: SourceMod error session started
L 05/30/2017 - 14:08:03: Info (map "pb_z_underground_m") (file "errors_20170530.log")
L 05/30/2017 - 14:08:03: [SM] Fatal error encountered parsing translation file "savescores.phrases.txt"
L 05/30/2017 - 14:08:03: [SM] Error (line 0, column 0): Stream failed to open
L 05/30/2017 - 14:08:03: [SM] Fatal error encountered parsing translation file "customvotes.phrases.txt"
L 05/30/2017 - 14:08:03: [SM] Error (line 0, column 0): Stream failed to open
L 05/30/2017 - 14:27:05: [SM] Exception reported: Entity 1 (1) is invalid
L 05/30/2017 - 14:27:05: [SM] Blaming: autodifficultypatch.smx
L 05/30/2017 - 14:27:05: [SM] Call stack trace:
L 05/30/2017 - 14:27:05: [SM]   [0] GetEntPropString
L 05/30/2017 - 14:27:05: [SM]   [1] Line 1354, C:\Users\EthorbitV2\Desktop\sourcemodbackup\sourcemod\addons\sourcemod\scripting\autodifficultypatch.sp::FindEntityByTargetName
L 05/30/2017 - 14:27:05: [SM]   [2] Line 452, C:\Users\EthorbitV2\Desktop\sourcemodbackup\sourcemod\addons\sourcemod\scripting\autodifficultypatch.sp::UpdateHeadcrab
L 05/30/2017 - 14:27:05: [SM]   [3] Line 26, C:\Users\EthorbitV2\Desktop\sourcemodbackup\sourcemod\addons\sourcemod\scripting\autodifficultypatch.sp::OnClientDisconnect_Post
L 05/30/2017 - 14:27:54: [SM] Exception reported: Entity 1 (1) is invalid
L 05/30/2017 - 14:27:54: [SM] Blaming: autodifficultypatch.smx
L 05/30/2017 - 14:27:54: [SM] Call stack trace:
L 05/30/2017 - 14:27:54: [SM]   [0] GetEntPropString
L 05/30/2017 - 14:27:54: [SM]   [1] Line 1354, C:\Users\EthorbitV2\Desktop\sourcemodbackup\sourcemod\addons\sourcemod\scripting\autodifficultypatch.sp::FindEntityByTargetName
L 05/30/2017 - 14:27:54: [SM]   [2] Line 452, C:\Users\EthorbitV2\Desktop\sourcemodbackup\sourcemod\addons\sourcemod\scripting\autodifficultypatch.sp::UpdateHeadcrab
L 05/30/2017 - 14:27:54: [SM]   [3] Line 26, C:\Users\EthorbitV2\Desktop\sourcemodbackup\sourcemod\addons\sourcemod\scripting\autodifficultypatch.sp::OnClientDisconnect_Post
L 05/30/2017 - 15:08:13: Error log file session closed.
L 05/30/2017 - 15:08:13: SourceMod error session started
L 05/30/2017 - 15:08:13: Info (map "pb_z_disorder_m") (file "errors_20170530.log")
L 05/30/2017 - 15:08:13: [SM] Fatal error encountered parsing translation file "savescores.phrases.txt"
L 05/30/2017 - 15:08:13: [SM] Error (line 0, column 0): Stream failed to open
L 05/30/2017 - 15:08:13: [SM] Fatal error encountered parsing translation file "customvotes.phrases.txt"
L 05/30/2017 - 15:08:13: [SM] Error (line 0, column 0): Stream failed to open
L 05/30/2017 - 15:31:40: [SM] Exception reported: Entity 1 (1) is invalid
L 05/30/2017 - 15:31:40: [SM] Blaming: autodifficultypatch.smx
L 05/30/2017 - 15:31:40: [SM] Call stack trace:
L 05/30/2017 - 15:31:40: [SM]   [0] GetEntPropString
L 05/30/2017 - 15:31:40: [SM]   [1] Line 1354, C:\Users\EthorbitV2\Desktop\sourcemodbackup\sourcemod\addons\sourcemod\scripting\autodifficultypatch.sp::FindEntityByTargetName
L 05/30/2017 - 15:31:40: [SM]   [2] Line 377, C:\Users\EthorbitV2\Desktop\sourcemodbackup\sourcemod\addons\sourcemod\scripting\autodifficultypatch.sp::UpdateHeadcrab
L 05/30/2017 - 15:31:40: [SM]   [3] Line 26, C:\Users\EthorbitV2\Desktop\sourcemodbackup\sourcemod\addons\sourcemod\scripting\autodifficultypatch.sp::OnClientDisconnect_Post
L 05/30/2017 - 16:08:22: Error log file session closed.
L 05/30/2017 - 16:08:22: SourceMod error session started
L 05/30/2017 - 16:08:22: Info (map "pb_z_office_tower_m") (file "errors_20170530.log")
L 05/30/2017 - 16:08:22: [SM] Fatal error encountered parsing translation file "savescores.phrases.txt"
L 05/30/2017 - 16:08:22: [SM] Error (line 0, column 0): Stream failed to open
L 05/30/2017 - 16:08:22: [SM] Fatal error encountered parsing translation file "customvotes.phrases.txt"
L 05/30/2017 - 16:08:22: [SM] Error (line 0, column 0): Stream failed to open
L 05/30/2017 - 17:08:32: Error log file session closed.
L 05/30/2017 - 17:08:32: SourceMod error session started
L 05/30/2017 - 17:08:32: Info (map "dm_october_m") (file "errors_20170530.log")
L 05/30/2017 - 17:08:32: [SM] Fatal error encountered parsing translation file "savescores.phrases.txt"
L 05/30/2017 - 17:08:32: [SM] Error (line 0, column 0): Stream failed to open
L 05/30/2017 - 17:08:32: [SM] Fatal error encountered parsing translation file "customvotes.phrases.txt"
L 05/30/2017 - 17:08:32: [SM] Error (line 0, column 0): Stream failed to open
L 05/30/2017 - 18:08:43: Error log file session closed.
L 05/30/2017 - 18:08:43: SourceMod error session started
L 05/30/2017 - 18:08:43: Info (map "pb_z_high_school_m") (file "errors_20170530.log")
L 05/30/2017 - 18:08:43: [SM] Fatal error encountered parsing translation file "savescores.phrases.txt"
L 05/30/2017 - 18:08:43: [SM] Error (line 0, column 0): Stream failed to open
L 05/30/2017 - 18:08:43: [SM] Fatal error encountered parsing translation file "customvotes.phrases.txt"
L 05/30/2017 - 18:08:43: [SM] Error (line 0, column 0): Stream failed to open
L 05/30/2017 - 18:36:35: [SM] Exception reported: Entity 1 (1) is invalid
L 05/30/2017 - 18:36:35: [SM] Blaming: autodifficultypatch.smx
L 05/30/2017 - 18:36:35: [SM] Call stack trace:
L 05/30/2017 - 18:36:35: [SM]   [0] GetEntPropString
L 05/30/2017 - 18:36:35: [SM]   [1] Line 1354, C:\Users\EthorbitV2\Desktop\sourcemodbackup\sourcemod\addons\sourcemod\scripting\autodifficultypatch.sp::FindEntityByTargetName
L 05/30/2017 - 18:36:35: [SM]   [2] Line 1128, C:\Users\EthorbitV2\Desktop\sourcemodbackup\sourcemod\addons\sourcemod\scripting\autodifficultypatch.sp::UpdateHeadcrab
L 05/30/2017 - 18:36:35: [SM]   [3] Line 26, C:\Users\EthorbitV2\Desktop\sourcemodbackup\sourcemod\addons\sourcemod\scripting\autodifficultypatch.sp::OnClientDisconnect_Post
L 05/30/2017 - 19:08:57: Error log file session closed.
L 05/30/2017 - 19:08:57: SourceMod error session started
L 05/30/2017 - 19:08:57: Info (map "pb_z_office_tower_v2_m") (file "errors_20170530.log")
L 05/30/2017 - 19:08:57: [SM] Fatal error encountered parsing translation file "savescores.phrases.txt"
L 05/30/2017 - 19:08:57: [SM] Error (line 0, column 0): Stream failed to open
L 05/30/2017 - 19:08:57: [SM] Fatal error encountered parsing translation file "customvotes.phrases.txt"
L 05/30/2017 - 19:08:57: [SM] Error (line 0, column 0): Stream failed to open
L 05/30/2017 - 20:09:07: Error log file session closed.
L 05/30/2017 - 20:09:07: SourceMod error session started
L 05/30/2017 - 20:09:07: Info (map "dm_mine_entrance_m") (file "errors_20170530.log")
L 05/30/2017 - 20:09:07: [SM] Fatal error encountered parsing translation file "savescores.phrases.txt"
L 05/30/2017 - 20:09:07: [SM] Error (line 0, column 0): Stream failed to open
L 05/30/2017 - 20:09:07: [SM] Fatal error encountered parsing translation file "customvotes.phrases.txt"
L 05/30/2017 - 20:09:07: [SM] Error (line 0, column 0): Stream failed to open
L 05/30/2017 - 20:27:44: [SM] Exception reported: Entity 2 (2) is invalid
L 05/30/2017 - 20:27:44: [SM] Blaming: autodifficultypatch.smx
L 05/30/2017 - 20:27:44: [SM] Call stack trace:
L 05/30/2017 - 20:27:44: [SM]   [0] GetEntPropString
L 05/30/2017 - 20:27:44: [SM]   [1] Line 1354, C:\Users\EthorbitV2\Desktop\sourcemodbackup\sourcemod\addons\sourcemod\scripting\autodifficultypatch.sp::FindEntityByTargetName
L 05/30/2017 - 20:27:44: [SM]   [2] Line 985, C:\Users\EthorbitV2\Desktop\sourcemodbackup\sourcemod\addons\sourcemod\scripting\autodifficultypatch.sp::UpdateHeadcrab
L 05/30/2017 - 20:27:44: [SM]   [3] Line 26, C:\Users\EthorbitV2\Desktop\sourcemodbackup\sourcemod\addons\sourcemod\scripting\autodifficultypatch.sp::OnClientDisconnect_Post
L 05/30/2017 - 20:27:50: [SM] Exception reported: Entity 1 (1) is invalid
L 05/30/2017 - 20:27:50: [SM] Blaming: autodifficultypatch.smx
L 05/30/2017 - 20:27:50: [SM] Call stack trace:
L 05/30/2017 - 20:27:50: [SM]   [0] GetEntPropString
L 05/30/2017 - 20:27:50: [SM]   [1] Line 1354, C:\Users\EthorbitV2\Desktop\sourcemodbackup\sourcemod\addons\sourcemod\scripting\autodifficultypatch.sp::FindEntityByTargetName
L 05/30/2017 - 20:27:50: [SM]   [2] Line 977, C:\Users\EthorbitV2\Desktop\sourcemodbackup\sourcemod\addons\sourcemod\scripting\autodifficultypatch.sp::UpdateHeadcrab
L 05/30/2017 - 20:27:50: [SM]   [3] Line 26, C:\Users\EthorbitV2\Desktop\sourcemodbackup\sourcemod\addons\sourcemod\scripting\autodifficultypatch.sp::OnClientDisconnect_Post
L 05/30/2017 - 20:55:10: [SM] Exception reported: Entity 1 (1) is invalid
L 05/30/2017 - 20:55:10: [SM] Blaming: autodifficultypatch.smx
L 05/30/2017 - 20:55:10: [SM] Call stack trace:
L 05/30/2017 - 20:55:10: [SM]   [0] GetEntPropString
L 05/30/2017 - 20:55:10: [SM]   [1] Line 1354, C:\Users\EthorbitV2\Desktop\sourcemodbackup\sourcemod\addons\sourcemod\scripting\autodifficultypatch.sp::FindEntityByTargetName
L 05/30/2017 - 20:55:10: [SM]   [2] Line 977, C:\Users\EthorbitV2\Desktop\sourcemodbackup\sourcemod\addons\sourcemod\scripting\autodifficultypatch.sp::UpdateHeadcrab
L 05/30/2017 - 20:55:10: [SM]   [3] Line 26, C:\Users\EthorbitV2\Desktop\sourcemodbackup\sourcemod\addons\sourcemod\scripting\autodifficultypatch.sp::OnClientDisconnect_Post
L 05/30/2017 - 20:55:13: Error log file session closed.
L 05/30/2017 - 20:55:13: SourceMod error session started
L 05/30/2017 - 20:55:13: Info (map "dm_coldruins_rc1_m") (file "errors_20170530.log")
L 05/30/2017 - 20:55:13: [SM] Fatal error encountered parsing translation file "savescores.phrases.txt"
L 05/30/2017 - 20:55:13: [SM] Error (line 0, column 0): Stream failed to open
L 05/30/2017 - 20:55:13: [SM] Fatal error encountered parsing translation file "customvotes.phrases.txt"
L 05/30/2017 - 20:55:13: [SM] Error (line 0, column 0): Stream failed to open
L 05/30/2017 - 20:58:43: [SM] Exception reported: Entity 2 (2) is invalid
L 05/30/2017 - 20:58:43: [SM] Blaming: autodifficultypatch.smx
L 05/30/2017 - 20:58:43: [SM] Call stack trace:
L 05/30/2017 - 20:58:43: [SM]   [0] GetEntPropString
L 05/30/2017 - 20:58:43: [SM]   [1] Line 1354, C:\Users\EthorbitV2\Desktop\sourcemodbackup\sourcemod\addons\sourcemod\scripting\autodifficultypatch.sp::FindEntityByTargetName
L 05/30/2017 - 20:58:43: [SM]   [2] Line 610, C:\Users\EthorbitV2\Desktop\sourcemodbackup\sourcemod\addons\sourcemod\scripting\autodifficultypatch.sp::UpdateHeadcrab
L 05/30/2017 - 20:58:43: [SM]   [3] Line 26, C:\Users\EthorbitV2\Desktop\sourcemodbackup\sourcemod\addons\sourcemod\scripting\autodifficultypatch.sp::OnClientDisconnect_Post
L 05/30/2017 - 21:08:21: [SM] Exception reported: Entity 2 (2) is invalid
L 05/30/2017 - 21:08:21: [SM] Blaming: autodifficultypatch.smx
L 05/30/2017 - 21:08:21: [SM] Call stack trace:
L 05/30/2017 - 21:08:21: [SM]   [0] GetEntPropString
L 05/30/2017 - 21:08:21: [SM]   [1] Line 1354, C:\Users\EthorbitV2\Desktop\sourcemodbackup\sourcemod\addons\sourcemod\scripting\autodifficultypatch.sp::FindEntityByTargetName
L 05/30/2017 - 21:08:21: [SM]   [2] Line 618, C:\Users\EthorbitV2\Desktop\sourcemodbackup\sourcemod\addons\sourcemod\scripting\autodifficultypatch.sp::UpdateHeadcrab
L 05/30/2017 - 21:08:21: [SM]   [3] Line 26, C:\Users\EthorbitV2\Desktop\sourcemodbackup\sourcemod\addons\sourcemod\scripting\autodifficultypatch.sp::OnClientDisconnect_Post
L 05/30/2017 - 21:12:40: [SM] Exception reported: Entity 3 (3) is invalid
L 05/30/2017 - 21:12:40: [SM] Blaming: autodifficultypatch.smx
L 05/30/2017 - 21:12:40: [SM] Call stack trace:
L 05/30/2017 - 21:12:40: [SM]   [0] GetEntPropString
L 05/30/2017 - 21:12:40: [SM]   [1] Line 1354, C:\Users\EthorbitV2\Desktop\sourcemodbackup\sourcemod\addons\sourcemod\scripting\autodifficultypatch.sp::FindEntityByTargetName
L 05/30/2017 - 21:12:40: [SM]   [2] Line 610, C:\Users\EthorbitV2\Desktop\sourcemodbackup\sourcemod\addons\sourcemod\scripting\autodifficultypatch.sp::UpdateHeadcrab
L 05/30/2017 - 21:12:40: [SM]   [3] Line 26, C:\Users\EthorbitV2\Desktop\sourcemodbackup\sourcemod\addons\sourcemod\scripting\autodifficultypatch.sp::OnClientDisconnect_Post
L 05/30/2017 - 21:29:57: [SM] Exception reported: Entity 1 (1) is invalid
L 05/30/2017 - 21:29:57: [SM] Blaming: autodifficultypatch.smx
L 05/30/2017 - 21:29:57: [SM] Call stack trace:
L 05/30/2017 - 21:29:57: [SM]   [0] GetEntPropString
L 05/30/2017 - 21:29:57: [SM]   [1] Line 1354, C:\Users\EthorbitV2\Desktop\sourcemodbackup\sourcemod\addons\sourcemod\scripting\autodifficultypatch.sp::FindEntityByTargetName
L 05/30/2017 - 21:29:57: [SM]   [2] Line 602, C:\Users\EthorbitV2\Desktop\sourcemodbackup\sourcemod\addons\sourcemod\scripting\autodifficultypatch.sp::UpdateHeadcrab
L 05/30/2017 - 21:29:57: [SM]   [3] Line 26, C:\Users\EthorbitV2\Desktop\sourcemodbackup\sourcemod\addons\sourcemod\scripting\autodifficultypatch.sp::OnClientDisconnect_Post
L 05/30/2017 - 21:55:22: [SM] Exception reported: Entity 1 (1) is invalid
L 05/30/2017 - 21:55:22: [SM] Blaming: autodifficultypatch.smx
L 05/30/2017 - 21:55:22: [SM] Call stack trace:
L 05/30/2017 - 21:55:22: [SM]   [0] GetEntPropString
L 05/30/2017 - 21:55:22: [SM]   [1] Line 1354, C:\Users\EthorbitV2\Desktop\sourcemodbackup\sourcemod\addons\sourcemod\scripting\autodifficultypatch.sp::FindEntityByTargetName
L 05/30/2017 - 21:55:22: [SM]   [2] Line 610, C:\Users\EthorbitV2\Desktop\sourcemodbackup\sourcemod\addons\sourcemod\scripting\autodifficultypatch.sp::UpdateHeadcrab
L 05/30/2017 - 21:55:22: [SM]   [3] Line 26, C:\Users\EthorbitV2\Desktop\sourcemodbackup\sourcemod\addons\sourcemod\scripting\autodifficultypatch.sp::OnClientDisconnect_Post
L 05/30/2017 - 21:55:22: [SM] Exception reported: Entity 2 (2) is invalid
L 05/30/2017 - 21:55:22: [SM] Blaming: autodifficultypatch.smx
L 05/30/2017 - 21:55:22: [SM] Call stack trace:
L 05/30/2017 - 21:55:22: [SM]   [0] GetEntPropString
L 05/30/2017 - 21:55:22: [SM]   [1] Line 1354, C:\Users\EthorbitV2\Desktop\sourcemodbackup\sourcemod\addons\sourcemod\scripting\autodifficultypatch.sp::FindEntityByTargetName
L 05/30/2017 - 21:55:22: [SM]   [2] Line 602, C:\Users\EthorbitV2\Desktop\sourcemodbackup\sourcemod\addons\sourcemod\scripting\autodifficultypatch.sp::UpdateHeadcrab
L 05/30/2017 - 21:55:22: [SM]   [3] Line 26, C:\Users\EthorbitV2\Desktop\sourcemodbackup\sourcemod\addons\sourcemod\scripting\autodifficultypatch.sp::OnClientDisconnect_Post
L 05/30/2017 - 21:55:23: Error log file session closed.
L 05/30/2017 - 21:55:23: SourceMod error session started
L 05/30/2017 - 21:55:23: Info (map "pb_z_earthquake_m") (file "errors_20170530.log")
L 05/30/2017 - 21:55:23: [SM] Fatal error encountered parsing translation file "savescores.phrases.txt"
L 05/30/2017 - 21:55:23: [SM] Error (line 0, column 0): Stream failed to open
L 05/30/2017 - 21:55:23: [SM] Fatal error encountered parsing translation file "customvotes.phrases.txt"
L 05/30/2017 - 21:55:23: [SM] Error (line 0, column 0): Stream failed to open
L 05/30/2017 - 21:56:52: [SM] Exception reported: Entity 2 (2) is invalid
L 05/30/2017 - 21:56:52: [SM] Blaming: autodifficultypatch.smx
L 05/30/2017 - 21:56:52: [SM] Call stack trace:
L 05/30/2017 - 21:56:52: [SM]   [0] GetEntPropString
L 05/30/2017 - 21:56:52: [SM]   [1] Line 1354, C:\Users\EthorbitV2\Desktop\sourcemodbackup\sourcemod\addons\sourcemod\scripting\autodifficultypatch.sp::FindEntityByTargetName
L 05/30/2017 - 21:56:52: [SM]   [2] Line 760, C:\Users\EthorbitV2\Desktop\sourcemodbackup\sourcemod\addons\sourcemod\scripting\autodifficultypatch.sp::UpdateHeadcrab
L 05/30/2017 - 21:56:52: [SM]   [3] Line 26, C:\Users\EthorbitV2\Desktop\sourcemodbackup\sourcemod\addons\sourcemod\scripting\autodifficultypatch.sp::OnClientDisconnect_Post
L 05/30/2017 - 22:22:18: [SM] Exception reported: Entity 1 (1) is invalid
L 05/30/2017 - 22:22:18: [SM] Blaming: autodifficultypatch.smx
L 05/30/2017 - 22:22:18: [SM] Call stack trace:
L 05/30/2017 - 22:22:18: [SM]   [0] GetEntPropString
L 05/30/2017 - 22:22:18: [SM]   [1] Line 1354, C:\Users\EthorbitV2\Desktop\sourcemodbackup\sourcemod\addons\sourcemod\scripting\autodifficultypatch.sp::FindEntityByTargetName
L 05/30/2017 - 22:22:18: [SM]   [2] Line 752, C:\Users\EthorbitV2\Desktop\sourcemodbackup\sourcemod\addons\sourcemod\scripting\autodifficultypatch.sp::UpdateHeadcrab
L 05/30/2017 - 22:22:18: [SM]   [3] Line 26, C:\Users\EthorbitV2\Desktop\sourcemodbackup\sourcemod\addons\sourcemod\scripting\autodifficultypatch.sp::OnClientDisconnect_Post
L 05/30/2017 - 22:55:34: Error log file session closed.
L 05/30/2017 - 22:55:34: SourceMod error session started
L 05/30/2017 - 22:55:34: Info (map "pb_z_underground_m") (file "errors_20170530.log")
L 05/30/2017 - 22:55:34: [SM] Fatal error encountered parsing translation file "savescores.phrases.txt"
L 05/30/2017 - 22:55:34: [SM] Error (line 0, column 0): Stream failed to open
L 05/30/2017 - 22:55:34: [SM] Fatal error encountered parsing translation file "customvotes.phrases.txt"
L 05/30/2017 - 22:55:34: [SM] Error (line 0, column 0): Stream failed to open
L 05/30/2017 - 23:25:13: [SM] Exception reported: Entity 1 (1) is invalid
L 05/30/2017 - 23:25:13: [SM] Blaming: autodifficultypatch.smx
L 05/30/2017 - 23:25:13: [SM] Call stack trace:
L 05/30/2017 - 23:25:13: [SM]   [0] GetEntPropString
L 05/30/2017 - 23:25:13: [SM]   [1] Line 1354, C:\Users\EthorbitV2\Desktop\sourcemodbackup\sourcemod\addons\sourcemod\scripting\autodifficultypatch.sp::FindEntityByTargetName
L 05/30/2017 - 23:25:13: [SM]   [2] Line 452, C:\Users\EthorbitV2\Desktop\sourcemodbackup\sourcemod\addons\sourcemod\scripting\autodifficultypatch.sp::UpdateHeadcrab
L 05/30/2017 - 23:25:13: [SM]   [3] Line 26, C:\Users\EthorbitV2\Desktop\sourcemodbackup\sourcemod\addons\sourcemod\scripting\autodifficultypatch.sp::OnClientDisconnect_Post
L 05/30/2017 - 23:46:42: SourceMod error session started
L 05/30/2017 - 23:46:42: Info (map "pb_z_high_school_m") (file "errors_20170530.log")
L 05/30/2017 - 23:46:42: [SDKTOOLS] Invalid detour address passed - Disabling detour to prevent crashes
L 05/30/2017 - 23:46:43: [SM] Unable to load extension "soundlib.ext": error code 0000007e
L 05/30/2017 - 23:46:43: [SM] Unable to load extension "config.ext": error code 0000007e
L 05/30/2017 - 23:46:43: [SM] Fatal error encountered parsing translation file "savescores.phrases.txt"
L 05/30/2017 - 23:46:43: [SM] Error (line 0, column 0): Stream failed to open
L 05/30/2017 - 23:46:43: [SM] Unable to load plugin "time-left-actions.smx": Required extension "Sound Info Library" file("soundlib.ext") not running
L 05/30/2017 - 23:50:33: SourceMod error session started
L 05/30/2017 - 23:50:33: Info (map "pb_z_high_school_m") (file "errors_20170530.log")
L 05/30/2017 - 23:50:33: [SDKTOOLS] Invalid detour address passed - Disabling detour to prevent crashes
L 05/30/2017 - 23:50:33: [SM] Unable to load extension "soundlib.ext": error code 0000007e
L 05/30/2017 - 23:50:33: [SM] Unable to load extension "config.ext": error code 0000007e
L 05/30/2017 - 23:50:33: [SM] Fatal error encountered parsing translation file "savescores.phrases.txt"
L 05/30/2017 - 23:50:33: [SM] Error (line 0, column 0): Stream failed to open
L 05/30/2017 - 23:50:33: [SM] Unable to load plugin "time-left-actions.smx": Required extension "Sound Info Library" file("soundlib.ext") not running
L 05/30/2017 - 23:51:39: [SM] Exception reported: Entity 1 (1) is invalid
L 05/30/2017 - 23:51:39: [SM] Blaming: autodifficultypatch.smx
L 05/30/2017 - 23:51:39: [SM] Call stack trace:
L 05/30/2017 - 23:51:39: [SM]   [0] GetEntPropString
L 05/30/2017 - 23:51:39: [SM]   [1] Line 1421, C:\Users\EthorbitV2\Desktop\sourcemodbackup\sourcemod\addons\sourcemod\scripting\autodifficultypatch.sp::FindEntityByTargetName
L 05/30/2017 - 23:51:39: [SM]   [2] Line 1195, C:\Users\EthorbitV2\Desktop\sourcemodbackup\sourcemod\addons\sourcemod\scripting\autodifficultypatch.sp::UpdateHeadcrab
L 05/30/2017 - 23:51:39: [SM]   [3] Line 26, C:\Users\EthorbitV2\Desktop\sourcemodbackup\sourcemod\addons\sourcemod\scripting\autodifficultypatch.sp::OnClientDisconnect_Post
L 05/30/2017 - 23:51:39: Error log file session closed.
L 05/30/2017 - 23:51:39: SourceMod error session started
L 05/30/2017 - 23:51:39: Info (map "dm_central_station_v1_m") (file "errors_20170530.log")
L 05/30/2017 - 23:51:39: [SM] Fatal error encountered parsing translation file "savescores.phrases.txt"
L 05/30/2017 - 23:51:39: [SM] Error (line 0, column 0): Stream failed to open
L 05/30/2017 - 23:53:07: [SM] Fatal error encountered parsing translation file "customvotes.phrases.txt"
L 05/30/2017 - 23:53:07: [SM] Error (line 0, column 0): Stream failed to open
