L 05/21/2017 - 00:03:09: SourceMod error session started
L 05/21/2017 - 00:03:09: Info (map "pb_z_area51_m") (file "errors_20170521.log")
L 05/21/2017 - 00:03:09: Error log file session closed.
L 05/21/2017 - 00:03:09: SourceMod error session started
L 05/21/2017 - 00:03:09: Info (map "pb_z_area51_m") (file "errors_20170521.log")
L 05/21/2017 - 00:03:09: [SM] Fatal error encountered parsing translation file "savescores.phrases.txt"
L 05/21/2017 - 00:03:09: [SM] Error (line 0, column 0): Stream failed to open
L 05/21/2017 - 00:03:09: [SM] Fatal error encountered parsing translation file "customvotes.phrases.txt"
L 05/21/2017 - 00:03:09: [SM] Error (line 0, column 0): Stream failed to open
L 05/21/2017 - 00:06:05: [SM] Exception reported: Entity 1 (1) is invalid
L 05/21/2017 - 00:06:05: [SM] Blaming: autodifficultypatch.smx
L 05/21/2017 - 00:06:05: [SM] Call stack trace:
L 05/21/2017 - 00:06:05: [SM]   [0] GetEntPropString
L 05/21/2017 - 00:06:05: [SM]   [1] Line 1420, C:\Users\Ethorbit\Desktop\sourcemod\scripting\autodifficultypatch.sp::FindEntityByTargetName
L 05/21/2017 - 00:06:05: [SM]   [2] Line 1278, C:\Users\Ethorbit\Desktop\sourcemod\scripting\autodifficultypatch.sp::UpdateHeadcrab
L 05/21/2017 - 00:06:05: [SM]   [3] Line 26, C:\Users\Ethorbit\Desktop\sourcemod\scripting\autodifficultypatch.sp::OnClientDisconnect_Post
L 05/21/2017 - 00:06:54: [SM] Exception reported: Entity 2 (2) is invalid
L 05/21/2017 - 00:06:54: [SM] Blaming: autodifficultypatch.smx
L 05/21/2017 - 00:06:54: [SM] Call stack trace:
L 05/21/2017 - 00:06:54: [SM]   [0] GetEntPropString
L 05/21/2017 - 00:06:54: [SM]   [1] Line 1420, C:\Users\Ethorbit\Desktop\sourcemod\scripting\autodifficultypatch.sp::FindEntityByTargetName
L 05/21/2017 - 00:06:54: [SM]   [2] Line 1270, C:\Users\Ethorbit\Desktop\sourcemod\scripting\autodifficultypatch.sp::UpdateHeadcrab
L 05/21/2017 - 00:06:54: [SM]   [3] Line 26, C:\Users\Ethorbit\Desktop\sourcemod\scripting\autodifficultypatch.sp::OnClientDisconnect_Post
L 05/21/2017 - 00:12:33: [SM] Exception reported: Entity 1 (1) is invalid
L 05/21/2017 - 00:12:33: [SM] Blaming: autodifficultypatch.smx
L 05/21/2017 - 00:12:33: [SM] Call stack trace:
L 05/21/2017 - 00:12:33: [SM]   [0] GetEntPropString
L 05/21/2017 - 00:12:33: [SM]   [1] Line 1420, C:\Users\Ethorbit\Desktop\sourcemod\scripting\autodifficultypatch.sp::FindEntityByTargetName
L 05/21/2017 - 00:12:33: [SM]   [2] Line 1270, C:\Users\Ethorbit\Desktop\sourcemod\scripting\autodifficultypatch.sp::UpdateHeadcrab
L 05/21/2017 - 00:12:33: [SM]   [3] Line 26, C:\Users\Ethorbit\Desktop\sourcemod\scripting\autodifficultypatch.sp::OnClientDisconnect_Post
L 05/21/2017 - 00:21:05: SourceMod error session started
L 05/21/2017 - 00:21:05: Info (map "pb_z_high_school_m") (file "errors_20170521.log")
L 05/21/2017 - 00:21:05: [SDKTOOLS] Invalid detour address passed - Disabling detour to prevent crashes
L 05/21/2017 - 00:21:06: [SM] Fatal error encountered parsing translation file "savescores.phrases.txt"
L 05/21/2017 - 00:21:06: [SM] Error (line 0, column 0): Stream failed to open
L 05/21/2017 - 01:03:12: [SM] Exception reported: Entity 1 (1) is invalid
L 05/21/2017 - 01:03:12: [SM] Blaming: autodifficultypatch.smx
L 05/21/2017 - 01:03:12: [SM] Call stack trace:
L 05/21/2017 - 01:03:12: [SM]   [0] GetEntPropString
L 05/21/2017 - 01:03:12: [SM]   [1] Line 1420, C:\Users\Ethorbit\Desktop\sourcemod\scripting\autodifficultypatch.sp::FindEntityByTargetName
L 05/21/2017 - 01:03:12: [SM]   [2] Line 1194, C:\Users\Ethorbit\Desktop\sourcemod\scripting\autodifficultypatch.sp::UpdateHeadcrab
L 05/21/2017 - 01:03:12: [SM]   [3] Line 26, C:\Users\Ethorbit\Desktop\sourcemod\scripting\autodifficultypatch.sp::OnClientDisconnect_Post
L 05/21/2017 - 01:54:50: Error log file session closed.
L 05/21/2017 - 01:54:50: SourceMod error session started
L 05/21/2017 - 01:54:50: Info (map "dm_hellsdistrict_m") (file "errors_20170521.log")
L 05/21/2017 - 01:54:50: [SM] Fatal error encountered parsing translation file "savescores.phrases.txt"
L 05/21/2017 - 01:54:50: [SM] Error (line 0, column 0): Stream failed to open
L 05/21/2017 - 02:55:02: Error log file session closed.
L 05/21/2017 - 02:55:02: SourceMod error session started
L 05/21/2017 - 02:55:02: Info (map "dm_cave_m") (file "errors_20170521.log")
L 05/21/2017 - 02:55:02: [SM] Fatal error encountered parsing translation file "savescores.phrases.txt"
L 05/21/2017 - 02:55:02: [SM] Error (line 0, column 0): Stream failed to open
L 05/21/2017 - 03:55:15: Error log file session closed.
L 05/21/2017 - 03:55:15: SourceMod error session started
L 05/21/2017 - 03:55:15: Info (map "dm_montana_m") (file "errors_20170521.log")
L 05/21/2017 - 03:55:15: [SM] Fatal error encountered parsing translation file "savescores.phrases.txt"
L 05/21/2017 - 03:55:15: [SM] Error (line 0, column 0): Stream failed to open
L 05/21/2017 - 04:55:24: Error log file session closed.
L 05/21/2017 - 04:55:24: SourceMod error session started
L 05/21/2017 - 04:55:24: Info (map "pb_z_earthquake_m") (file "errors_20170521.log")
L 05/21/2017 - 04:55:24: [SM] Fatal error encountered parsing translation file "savescores.phrases.txt"
L 05/21/2017 - 04:55:24: [SM] Error (line 0, column 0): Stream failed to open
L 05/21/2017 - 05:18:43: [SM] Fatal error encountered parsing translation file "customvotes.phrases.txt"
L 05/21/2017 - 05:18:43: [SM] Error (line 0, column 0): Stream failed to open
L 05/21/2017 - 05:42:54: [SM] Exception reported: Entity 1 (1) is invalid
L 05/21/2017 - 05:42:54: [SM] Blaming: autodifficultypatch.smx
L 05/21/2017 - 05:42:54: [SM] Call stack trace:
L 05/21/2017 - 05:42:54: [SM]   [0] GetEntPropString
L 05/21/2017 - 05:42:54: [SM]   [1] Line 1420, C:\Users\Ethorbit\Desktop\sourcemod\scripting\autodifficultypatch.sp::FindEntityByTargetName
L 05/21/2017 - 05:42:54: [SM]   [2] Line 818, C:\Users\Ethorbit\Desktop\sourcemod\scripting\autodifficultypatch.sp::UpdateHeadcrab
L 05/21/2017 - 05:42:54: [SM]   [3] Line 26, C:\Users\Ethorbit\Desktop\sourcemod\scripting\autodifficultypatch.sp::OnClientDisconnect_Post
L 05/21/2017 - 05:54:17: [SM] Exception reported: Entity 1 (1) is invalid
L 05/21/2017 - 05:54:17: [SM] Blaming: autodifficultypatch.smx
L 05/21/2017 - 05:54:17: [SM] Call stack trace:
L 05/21/2017 - 05:54:17: [SM]   [0] GetEntPropString
L 05/21/2017 - 05:54:17: [SM]   [1] Line 1420, C:\Users\Ethorbit\Desktop\sourcemod\scripting\autodifficultypatch.sp::FindEntityByTargetName
L 05/21/2017 - 05:54:17: [SM]   [2] Line 818, C:\Users\Ethorbit\Desktop\sourcemod\scripting\autodifficultypatch.sp::UpdateHeadcrab
L 05/21/2017 - 05:54:17: [SM]   [3] Line 26, C:\Users\Ethorbit\Desktop\sourcemod\scripting\autodifficultypatch.sp::OnClientDisconnect_Post
L 05/21/2017 - 05:55:36: Error log file session closed.
L 05/21/2017 - 05:55:36: SourceMod error session started
L 05/21/2017 - 05:55:36: Info (map "pb_z_office_tower_m") (file "errors_20170521.log")
L 05/21/2017 - 05:55:36: [SM] Fatal error encountered parsing translation file "savescores.phrases.txt"
L 05/21/2017 - 05:55:36: [SM] Error (line 0, column 0): Stream failed to open
L 05/21/2017 - 05:55:36: [SM] Fatal error encountered parsing translation file "customvotes.phrases.txt"
L 05/21/2017 - 05:55:36: [SM] Error (line 0, column 0): Stream failed to open
L 05/21/2017 - 06:55:47: Error log file session closed.
L 05/21/2017 - 06:55:47: SourceMod error session started
L 05/21/2017 - 06:55:47: Info (map "dm_october_m") (file "errors_20170521.log")
L 05/21/2017 - 06:55:47: [SM] Fatal error encountered parsing translation file "savescores.phrases.txt"
L 05/21/2017 - 06:55:47: [SM] Error (line 0, column 0): Stream failed to open
L 05/21/2017 - 06:55:47: [SM] Fatal error encountered parsing translation file "customvotes.phrases.txt"
L 05/21/2017 - 06:55:47: [SM] Error (line 0, column 0): Stream failed to open
L 05/21/2017 - 07:55:59: Error log file session closed.
L 05/21/2017 - 07:55:59: SourceMod error session started
L 05/21/2017 - 07:55:59: Info (map "dm_laststop_m") (file "errors_20170521.log")
L 05/21/2017 - 07:55:59: [SM] Fatal error encountered parsing translation file "savescores.phrases.txt"
L 05/21/2017 - 07:55:59: [SM] Error (line 0, column 0): Stream failed to open
L 05/21/2017 - 07:55:59: [SM] Fatal error encountered parsing translation file "customvotes.phrases.txt"
L 05/21/2017 - 07:55:59: [SM] Error (line 0, column 0): Stream failed to open
L 05/21/2017 - 08:56:11: Error log file session closed.
L 05/21/2017 - 08:56:11: SourceMod error session started
L 05/21/2017 - 08:56:11: Info (map "dm_coldruins_rc1_m") (file "errors_20170521.log")
L 05/21/2017 - 08:56:11: [SM] Fatal error encountered parsing translation file "savescores.phrases.txt"
L 05/21/2017 - 08:56:11: [SM] Error (line 0, column 0): Stream failed to open
L 05/21/2017 - 08:56:11: [SM] Fatal error encountered parsing translation file "customvotes.phrases.txt"
L 05/21/2017 - 08:56:11: [SM] Error (line 0, column 0): Stream failed to open
L 05/21/2017 - 09:56:21: Error log file session closed.
L 05/21/2017 - 09:56:21: SourceMod error session started
L 05/21/2017 - 09:56:21: Info (map "pb_z_underground_m") (file "errors_20170521.log")
L 05/21/2017 - 09:56:21: [SM] Fatal error encountered parsing translation file "savescores.phrases.txt"
L 05/21/2017 - 09:56:21: [SM] Error (line 0, column 0): Stream failed to open
L 05/21/2017 - 09:56:21: [SM] Fatal error encountered parsing translation file "customvotes.phrases.txt"
L 05/21/2017 - 09:56:21: [SM] Error (line 0, column 0): Stream failed to open
L 05/21/2017 - 10:56:35: Error log file session closed.
L 05/21/2017 - 10:56:35: SourceMod error session started
L 05/21/2017 - 10:56:35: Info (map "pb_z_office_tower_v2_m") (file "errors_20170521.log")
L 05/21/2017 - 10:56:35: [SM] Fatal error encountered parsing translation file "savescores.phrases.txt"
L 05/21/2017 - 10:56:35: [SM] Error (line 0, column 0): Stream failed to open
L 05/21/2017 - 10:56:35: [SM] Fatal error encountered parsing translation file "customvotes.phrases.txt"
L 05/21/2017 - 10:56:35: [SM] Error (line 0, column 0): Stream failed to open
L 05/21/2017 - 11:56:57: Error log file session closed.
L 05/21/2017 - 11:57:04: SourceMod error session started
L 05/21/2017 - 11:57:04: Info (map "dm_cave_m") (file "errors_20170521.log")
L 05/21/2017 - 11:57:04: [SM] Fatal error encountered parsing translation file "savescores.phrases.txt"
L 05/21/2017 - 11:57:04: [SM] Error (line 0, column 0): Stream failed to open
L 05/21/2017 - 11:57:04: [SM] Fatal error encountered parsing translation file "customvotes.phrases.txt"
L 05/21/2017 - 11:57:04: [SM] Error (line 0, column 0): Stream failed to open
L 05/21/2017 - 12:57:20: Error log file session closed.
L 05/21/2017 - 12:57:20: SourceMod error session started
L 05/21/2017 - 12:57:20: Info (map "dm_montana_m") (file "errors_20170521.log")
L 05/21/2017 - 12:57:20: [SM] Fatal error encountered parsing translation file "savescores.phrases.txt"
L 05/21/2017 - 12:57:20: [SM] Error (line 0, column 0): Stream failed to open
L 05/21/2017 - 12:57:20: [SM] Fatal error encountered parsing translation file "customvotes.phrases.txt"
L 05/21/2017 - 12:57:20: [SM] Error (line 0, column 0): Stream failed to open
L 05/21/2017 - 13:48:19: Error log file session closed.
L 05/21/2017 - 13:48:19: SourceMod error session started
L 05/21/2017 - 13:48:19: Info (map "pb_z_office_tower_m") (file "errors_20170521.log")
L 05/21/2017 - 13:48:19: [SM] Fatal error encountered parsing translation file "savescores.phrases.txt"
L 05/21/2017 - 13:48:19: [SM] Error (line 0, column 0): Stream failed to open
L 05/21/2017 - 13:48:19: [SM] Fatal error encountered parsing translation file "customvotes.phrases.txt"
L 05/21/2017 - 13:48:19: [SM] Error (line 0, column 0): Stream failed to open
L 05/21/2017 - 13:50:35: Error log file session closed.
L 05/21/2017 - 13:50:35: SourceMod error session started
L 05/21/2017 - 13:50:35: Info (map "pb_z_high_school_m") (file "errors_20170521.log")
L 05/21/2017 - 13:50:35: [SM] Fatal error encountered parsing translation file "savescores.phrases.txt"
L 05/21/2017 - 13:50:35: [SM] Error (line 0, column 0): Stream failed to open
L 05/21/2017 - 13:50:35: [SM] Fatal error encountered parsing translation file "customvotes.phrases.txt"
L 05/21/2017 - 13:50:35: [SM] Error (line 0, column 0): Stream failed to open
L 05/21/2017 - 14:30:40: [SM] Exception reported: Entity 1 (1) is invalid
L 05/21/2017 - 14:30:40: [SM] Blaming: autodifficultypatch.smx
L 05/21/2017 - 14:30:40: [SM] Call stack trace:
L 05/21/2017 - 14:30:40: [SM]   [0] GetEntPropString
L 05/21/2017 - 14:30:40: [SM]   [1] Line 1420, C:\Users\Ethorbit\Desktop\sourcemod\scripting\autodifficultypatch.sp::FindEntityByTargetName
L 05/21/2017 - 14:30:40: [SM]   [2] Line 1194, C:\Users\Ethorbit\Desktop\sourcemod\scripting\autodifficultypatch.sp::UpdateHeadcrab
L 05/21/2017 - 14:30:40: [SM]   [3] Line 26, C:\Users\Ethorbit\Desktop\sourcemod\scripting\autodifficultypatch.sp::OnClientDisconnect_Post
L 05/21/2017 - 14:50:45: Error log file session closed.
L 05/21/2017 - 14:50:45: SourceMod error session started
L 05/21/2017 - 14:50:45: Info (map "dm_mine_entrance_m") (file "errors_20170521.log")
L 05/21/2017 - 14:50:45: [SM] Fatal error encountered parsing translation file "savescores.phrases.txt"
L 05/21/2017 - 14:50:45: [SM] Error (line 0, column 0): Stream failed to open
L 05/21/2017 - 14:50:45: [SM] Fatal error encountered parsing translation file "customvotes.phrases.txt"
L 05/21/2017 - 14:50:45: [SM] Error (line 0, column 0): Stream failed to open
L 05/21/2017 - 15:37:06: [SM] Exception reported: Entity 1 (1) is invalid
L 05/21/2017 - 15:37:06: [SM] Blaming: autodifficultypatch.smx
L 05/21/2017 - 15:37:06: [SM] Call stack trace:
L 05/21/2017 - 15:37:06: [SM]   [0] GetEntPropString
L 05/21/2017 - 15:37:06: [SM]   [1] Line 1420, C:\Users\Ethorbit\Desktop\sourcemod\scripting\autodifficultypatch.sp::FindEntityByTargetName
L 05/21/2017 - 15:37:06: [SM]   [2] Line 1043, C:\Users\Ethorbit\Desktop\sourcemod\scripting\autodifficultypatch.sp::UpdateHeadcrab
L 05/21/2017 - 15:37:06: [SM]   [3] Line 26, C:\Users\Ethorbit\Desktop\sourcemod\scripting\autodifficultypatch.sp::OnClientDisconnect_Post
L 05/21/2017 - 15:37:07: Error log file session closed.
L 05/21/2017 - 15:37:07: SourceMod error session started
L 05/21/2017 - 15:37:07: Info (map "pb_z_earthquake_m") (file "errors_20170521.log")
L 05/21/2017 - 15:37:07: [SM] Fatal error encountered parsing translation file "savescores.phrases.txt"
L 05/21/2017 - 15:37:07: [SM] Error (line 0, column 0): Stream failed to open
L 05/21/2017 - 15:37:07: [SM] Fatal error encountered parsing translation file "customvotes.phrases.txt"
L 05/21/2017 - 15:37:07: [SM] Error (line 0, column 0): Stream failed to open
L 05/21/2017 - 15:53:15: [SM] Exception reported: Entity 1 (1) is invalid
L 05/21/2017 - 15:53:15: [SM] Blaming: autodifficultypatch.smx
L 05/21/2017 - 15:53:15: [SM] Call stack trace:
L 05/21/2017 - 15:53:15: [SM]   [0] GetEntPropString
L 05/21/2017 - 15:53:15: [SM]   [1] Line 1420, C:\Users\Ethorbit\Desktop\sourcemod\scripting\autodifficultypatch.sp::FindEntityByTargetName
L 05/21/2017 - 15:53:15: [SM]   [2] Line 826, C:\Users\Ethorbit\Desktop\sourcemod\scripting\autodifficultypatch.sp::UpdateHeadcrab
L 05/21/2017 - 15:53:15: [SM]   [3] Line 26, C:\Users\Ethorbit\Desktop\sourcemod\scripting\autodifficultypatch.sp::OnClientDisconnect_Post
L 05/21/2017 - 15:55:25: [SM] Exception reported: Entity 2 (2) is invalid
L 05/21/2017 - 15:55:25: [SM] Blaming: autodifficultypatch.smx
L 05/21/2017 - 15:55:25: [SM] Call stack trace:
L 05/21/2017 - 15:55:25: [SM]   [0] GetEntPropString
L 05/21/2017 - 15:55:25: [SM]   [1] Line 1420, C:\Users\Ethorbit\Desktop\sourcemod\scripting\autodifficultypatch.sp::FindEntityByTargetName
L 05/21/2017 - 15:55:25: [SM]   [2] Line 818, C:\Users\Ethorbit\Desktop\sourcemod\scripting\autodifficultypatch.sp::UpdateHeadcrab
L 05/21/2017 - 15:55:25: [SM]   [3] Line 26, C:\Users\Ethorbit\Desktop\sourcemod\scripting\autodifficultypatch.sp::OnClientDisconnect_Post
L 05/21/2017 - 16:37:21: Error log file session closed.
L 05/21/2017 - 16:37:21: SourceMod error session started
L 05/21/2017 - 16:37:21: Info (map "pb_z_colony_m") (file "errors_20170521.log")
L 05/21/2017 - 16:37:21: [SM] Fatal error encountered parsing translation file "savescores.phrases.txt"
L 05/21/2017 - 16:37:21: [SM] Error (line 0, column 0): Stream failed to open
L 05/21/2017 - 16:37:21: [SM] Fatal error encountered parsing translation file "customvotes.phrases.txt"
L 05/21/2017 - 16:37:21: [SM] Error (line 0, column 0): Stream failed to open
L 05/21/2017 - 17:37:32: Error log file session closed.
L 05/21/2017 - 17:37:32: SourceMod error session started
L 05/21/2017 - 17:37:32: Info (map "pb_z_area51_m") (file "errors_20170521.log")
L 05/21/2017 - 17:37:32: [SM] Fatal error encountered parsing translation file "savescores.phrases.txt"
L 05/21/2017 - 17:37:32: [SM] Error (line 0, column 0): Stream failed to open
L 05/21/2017 - 17:37:32: [SM] Fatal error encountered parsing translation file "customvotes.phrases.txt"
L 05/21/2017 - 17:37:32: [SM] Error (line 0, column 0): Stream failed to open
L 05/21/2017 - 18:37:42: [SM] Exception reported: Entity 1 (1) is invalid
L 05/21/2017 - 18:37:42: [SM] Blaming: autodifficultypatch.smx
L 05/21/2017 - 18:37:42: [SM] Call stack trace:
L 05/21/2017 - 18:37:42: [SM]   [0] GetEntPropString
L 05/21/2017 - 18:37:42: [SM]   [1] Line 1420, C:\Users\Ethorbit\Desktop\sourcemod\scripting\autodifficultypatch.sp::FindEntityByTargetName
L 05/21/2017 - 18:37:42: [SM]   [2] Line 1270, C:\Users\Ethorbit\Desktop\sourcemod\scripting\autodifficultypatch.sp::UpdateHeadcrab
L 05/21/2017 - 18:37:42: [SM]   [3] Line 26, C:\Users\Ethorbit\Desktop\sourcemod\scripting\autodifficultypatch.sp::OnClientDisconnect_Post
L 05/21/2017 - 18:37:43: Error log file session closed.
L 05/21/2017 - 18:37:43: SourceMod error session started
L 05/21/2017 - 18:37:43: Info (map "pb_z_industry_m") (file "errors_20170521.log")
L 05/21/2017 - 18:37:43: [SM] Fatal error encountered parsing translation file "savescores.phrases.txt"
L 05/21/2017 - 18:37:43: [SM] Error (line 0, column 0): Stream failed to open
L 05/21/2017 - 18:37:43: [SM] Fatal error encountered parsing translation file "customvotes.phrases.txt"
L 05/21/2017 - 18:37:43: [SM] Error (line 0, column 0): Stream failed to open
L 05/21/2017 - 18:45:40: [SM] Exception reported: Entity 1 (1) is invalid
L 05/21/2017 - 18:45:40: [SM] Blaming: autodifficultypatch.smx
L 05/21/2017 - 18:45:40: [SM] Call stack trace:
L 05/21/2017 - 18:45:40: [SM]   [0] GetEntPropString
L 05/21/2017 - 18:45:40: [SM]   [1] Line 1420, C:\Users\Ethorbit\Desktop\sourcemod\scripting\autodifficultypatch.sp::FindEntityByTargetName
L 05/21/2017 - 18:45:40: [SM]   [2] Line 751, C:\Users\Ethorbit\Desktop\sourcemod\scripting\autodifficultypatch.sp::UpdateHeadcrab
L 05/21/2017 - 18:45:40: [SM]   [3] Line 26, C:\Users\Ethorbit\Desktop\sourcemod\scripting\autodifficultypatch.sp::OnClientDisconnect_Post
L 05/21/2017 - 18:48:37: [SM] Exception reported: Entity 2 (2) is invalid
L 05/21/2017 - 18:48:37: [SM] Blaming: autodifficultypatch.smx
L 05/21/2017 - 18:48:37: [SM] Call stack trace:
L 05/21/2017 - 18:48:37: [SM]   [0] GetEntPropString
L 05/21/2017 - 18:48:37: [SM]   [1] Line 1420, C:\Users\Ethorbit\Desktop\sourcemod\scripting\autodifficultypatch.sp::FindEntityByTargetName
L 05/21/2017 - 18:48:37: [SM]   [2] Line 743, C:\Users\Ethorbit\Desktop\sourcemod\scripting\autodifficultypatch.sp::UpdateHeadcrab
L 05/21/2017 - 18:48:37: [SM]   [3] Line 26, C:\Users\Ethorbit\Desktop\sourcemod\scripting\autodifficultypatch.sp::OnClientDisconnect_Post
L 05/21/2017 - 19:00:20: [SM] Exception reported: Entity 1 (1) is invalid
L 05/21/2017 - 19:00:20: [SM] Blaming: autodifficultypatch.smx
L 05/21/2017 - 19:00:20: [SM] Call stack trace:
L 05/21/2017 - 19:00:20: [SM]   [0] GetEntPropString
L 05/21/2017 - 19:00:20: [SM]   [1] Line 1420, C:\Users\Ethorbit\Desktop\sourcemod\scripting\autodifficultypatch.sp::FindEntityByTargetName
L 05/21/2017 - 19:00:20: [SM]   [2] Line 743, C:\Users\Ethorbit\Desktop\sourcemod\scripting\autodifficultypatch.sp::UpdateHeadcrab
L 05/21/2017 - 19:00:20: [SM]   [3] Line 26, C:\Users\Ethorbit\Desktop\sourcemod\scripting\autodifficultypatch.sp::OnClientDisconnect_Post
L 05/21/2017 - 19:37:56: Error log file session closed.
L 05/21/2017 - 19:37:56: SourceMod error session started
L 05/21/2017 - 19:37:56: Info (map "pb_z_disorder_m") (file "errors_20170521.log")
L 05/21/2017 - 19:37:56: [SM] Fatal error encountered parsing translation file "savescores.phrases.txt"
L 05/21/2017 - 19:37:56: [SM] Error (line 0, column 0): Stream failed to open
L 05/21/2017 - 19:37:56: [SM] Fatal error encountered parsing translation file "customvotes.phrases.txt"
L 05/21/2017 - 19:37:56: [SM] Error (line 0, column 0): Stream failed to open
L 05/21/2017 - 20:38:18: Error log file session closed.
L 05/21/2017 - 20:38:18: SourceMod error session started
L 05/21/2017 - 20:38:18: Info (map "dm_morbid_m") (file "errors_20170521.log")
L 05/21/2017 - 20:38:18: [SM] Fatal error encountered parsing translation file "savescores.phrases.txt"
L 05/21/2017 - 20:38:18: [SM] Error (line 0, column 0): Stream failed to open
L 05/21/2017 - 20:38:18: [SM] Fatal error encountered parsing translation file "customvotes.phrases.txt"
L 05/21/2017 - 20:38:18: [SM] Error (line 0, column 0): Stream failed to open
L 05/21/2017 - 21:38:28: Error log file session closed.
L 05/21/2017 - 21:38:28: SourceMod error session started
L 05/21/2017 - 21:38:28: Info (map "dm_cave_m") (file "errors_20170521.log")
L 05/21/2017 - 21:38:28: [SM] Fatal error encountered parsing translation file "savescores.phrases.txt"
L 05/21/2017 - 21:38:28: [SM] Error (line 0, column 0): Stream failed to open
L 05/21/2017 - 21:38:28: [SM] Fatal error encountered parsing translation file "customvotes.phrases.txt"
L 05/21/2017 - 21:38:28: [SM] Error (line 0, column 0): Stream failed to open
L 05/21/2017 - 22:30:16: [SM] Exception reported: Entity 1 (1) is invalid
L 05/21/2017 - 22:30:16: [SM] Blaming: autodifficultypatch.smx
L 05/21/2017 - 22:30:16: [SM] Call stack trace:
L 05/21/2017 - 22:30:16: [SM]   [0] GetEntPropString
L 05/21/2017 - 22:30:16: [SM]   [1] Line 1420, C:\Users\Ethorbit\Desktop\sourcemod\scripting\autodifficultypatch.sp::FindEntityByTargetName
L 05/21/2017 - 22:30:16: [SM]   [2] Line 593, C:\Users\Ethorbit\Desktop\sourcemod\scripting\autodifficultypatch.sp::UpdateHeadcrab
L 05/21/2017 - 22:30:16: [SM]   [3] Line 26, C:\Users\Ethorbit\Desktop\sourcemod\scripting\autodifficultypatch.sp::OnClientDisconnect_Post
L 05/21/2017 - 22:38:38: Error log file session closed.
L 05/21/2017 - 22:38:38: SourceMod error session started
L 05/21/2017 - 22:38:38: Info (map "dm_mine_entrance_m") (file "errors_20170521.log")
L 05/21/2017 - 22:38:38: [SM] Fatal error encountered parsing translation file "savescores.phrases.txt"
L 05/21/2017 - 22:38:38: [SM] Error (line 0, column 0): Stream failed to open
L 05/21/2017 - 22:38:38: [SM] Fatal error encountered parsing translation file "customvotes.phrases.txt"
L 05/21/2017 - 22:38:38: [SM] Error (line 0, column 0): Stream failed to open
L 05/21/2017 - 23:38:49: Error log file session closed.
L 05/21/2017 - 23:38:49: SourceMod error session started
L 05/21/2017 - 23:38:49: Info (map "dm_laststop_m") (file "errors_20170521.log")
L 05/21/2017 - 23:38:49: [SM] Fatal error encountered parsing translation file "savescores.phrases.txt"
L 05/21/2017 - 23:38:49: [SM] Error (line 0, column 0): Stream failed to open
L 05/21/2017 - 23:38:49: [SM] Fatal error encountered parsing translation file "customvotes.phrases.txt"
L 05/21/2017 - 23:38:49: [SM] Error (line 0, column 0): Stream failed to open
