L 06/06/2017 - 00:18:50: SourceMod error session started
L 06/06/2017 - 00:18:50: Info (map "dm_coldruins_rc1_m") (file "errors_20170606.log")
L 06/06/2017 - 00:18:50: Error log file session closed.
L 06/06/2017 - 00:18:50: SourceMod error session started
L 06/06/2017 - 00:18:50: Info (map "dm_coldruins_rc1_m") (file "errors_20170606.log")
L 06/06/2017 - 00:18:50: [SM] Fatal error encountered parsing translation file "savescores.phrases.txt"
L 06/06/2017 - 00:18:50: [SM] Error (line 0, column 0): Stream failed to open
L 06/06/2017 - 00:18:50: [SM] Fatal error encountered parsing translation file "customvotes.phrases.txt"
L 06/06/2017 - 00:18:50: [SM] Error (line 0, column 0): Stream failed to open
L 06/06/2017 - 01:19:02: Error log file session closed.
L 06/06/2017 - 01:19:02: SourceMod error session started
L 06/06/2017 - 01:19:02: Info (map "dm_laststop_m") (file "errors_20170606.log")
L 06/06/2017 - 01:19:02: [SM] Fatal error encountered parsing translation file "savescores.phrases.txt"
L 06/06/2017 - 01:19:02: [SM] Error (line 0, column 0): Stream failed to open
L 06/06/2017 - 01:19:02: [SM] Fatal error encountered parsing translation file "customvotes.phrases.txt"
L 06/06/2017 - 01:19:02: [SM] Error (line 0, column 0): Stream failed to open
L 06/06/2017 - 01:26:06: SourceMod error session started
L 06/06/2017 - 01:26:06: Info (map "pb_z_high_school_m") (file "errors_20170606.log")
L 06/06/2017 - 01:26:06: [SDKTOOLS] Invalid detour address passed - Disabling detour to prevent crashes
L 06/06/2017 - 01:26:07: [SM] Unable to load extension "soundlib.ext": error code 0000007e
L 06/06/2017 - 01:26:07: [SM] Unable to load extension "config.ext": error code 0000007e
L 06/06/2017 - 01:26:07: [SM] Fatal error encountered parsing translation file "savescores.phrases.txt"
L 06/06/2017 - 01:26:07: [SM] Error (line 0, column 0): Stream failed to open
L 06/06/2017 - 01:26:07: [SM] Unable to load plugin "time-left-actions.smx": Required extension "Sound Info Library" file("soundlib.ext") not running
L 06/06/2017 - 03:05:02: [SM] Exception reported: Entity 2 (2) is invalid
L 06/06/2017 - 03:05:02: [SM] Blaming: autodifficultypatch.smx
L 06/06/2017 - 03:05:02: [SM] Call stack trace:
L 06/06/2017 - 03:05:02: [SM]   [0] GetEntPropString
L 06/06/2017 - 03:05:02: [SM]   [1] Line 1488, C:\Users\Ethorbit\Desktop\sourcemodbackup\sourcemod\addons\sourcemod\scripting\autodifficultypatch.sp::FindEntityByTargetName
L 06/06/2017 - 03:05:02: [SM]   [2] Line 1270, C:\Users\Ethorbit\Desktop\sourcemodbackup\sourcemod\addons\sourcemod\scripting\autodifficultypatch.sp::UpdateHeadcrab
L 06/06/2017 - 03:05:02: [SM]   [3] Line 26, C:\Users\Ethorbit\Desktop\sourcemodbackup\sourcemod\addons\sourcemod\scripting\autodifficultypatch.sp::OnClientDisconnect_Post
L 06/06/2017 - 03:06:28: [SM] Exception reported: Entity 1 (1) is invalid
L 06/06/2017 - 03:06:28: [SM] Blaming: autodifficultypatch.smx
L 06/06/2017 - 03:06:28: [SM] Call stack trace:
L 06/06/2017 - 03:06:28: [SM]   [0] GetEntPropString
L 06/06/2017 - 03:06:28: [SM]   [1] Line 1488, C:\Users\Ethorbit\Desktop\sourcemodbackup\sourcemod\addons\sourcemod\scripting\autodifficultypatch.sp::FindEntityByTargetName
L 06/06/2017 - 03:06:28: [SM]   [2] Line 1278, C:\Users\Ethorbit\Desktop\sourcemodbackup\sourcemod\addons\sourcemod\scripting\autodifficultypatch.sp::UpdateHeadcrab
L 06/06/2017 - 03:06:28: [SM]   [3] Line 26, C:\Users\Ethorbit\Desktop\sourcemodbackup\sourcemod\addons\sourcemod\scripting\autodifficultypatch.sp::OnClientDisconnect_Post
L 06/06/2017 - 03:06:45: [SM] Exception reported: Entity 2 (2) is invalid
L 06/06/2017 - 03:06:45: [SM] Blaming: autodifficultypatch.smx
L 06/06/2017 - 03:06:45: [SM] Call stack trace:
L 06/06/2017 - 03:06:45: [SM]   [0] GetEntPropString
L 06/06/2017 - 03:06:45: [SM]   [1] Line 1488, C:\Users\Ethorbit\Desktop\sourcemodbackup\sourcemod\addons\sourcemod\scripting\autodifficultypatch.sp::FindEntityByTargetName
L 06/06/2017 - 03:06:45: [SM]   [2] Line 1270, C:\Users\Ethorbit\Desktop\sourcemodbackup\sourcemod\addons\sourcemod\scripting\autodifficultypatch.sp::UpdateHeadcrab
L 06/06/2017 - 03:06:45: [SM]   [3] Line 26, C:\Users\Ethorbit\Desktop\sourcemodbackup\sourcemod\addons\sourcemod\scripting\autodifficultypatch.sp::OnClientDisconnect_Post
L 06/06/2017 - 03:07:55: [SM] Exception reported: Entity 3 (3) is invalid
L 06/06/2017 - 03:07:55: [SM] Blaming: autodifficultypatch.smx
L 06/06/2017 - 03:07:55: [SM] Call stack trace:
L 06/06/2017 - 03:07:55: [SM]   [0] GetEntPropString
L 06/06/2017 - 03:07:55: [SM]   [1] Line 1488, C:\Users\Ethorbit\Desktop\sourcemodbackup\sourcemod\addons\sourcemod\scripting\autodifficultypatch.sp::FindEntityByTargetName
L 06/06/2017 - 03:07:55: [SM]   [2] Line 1262, C:\Users\Ethorbit\Desktop\sourcemodbackup\sourcemod\addons\sourcemod\scripting\autodifficultypatch.sp::UpdateHeadcrab
L 06/06/2017 - 03:07:55: [SM]   [3] Line 26, C:\Users\Ethorbit\Desktop\sourcemodbackup\sourcemod\addons\sourcemod\scripting\autodifficultypatch.sp::OnClientDisconnect_Post
L 06/06/2017 - 04:00:13: Error log file session closed.
L 06/06/2017 - 04:00:13: SourceMod error session started
L 06/06/2017 - 04:00:13: Info (map "pb_z_office_tower_v2_m") (file "errors_20170606.log")
L 06/06/2017 - 04:00:13: [SM] Fatal error encountered parsing translation file "savescores.phrases.txt"
L 06/06/2017 - 04:00:13: [SM] Error (line 0, column 0): Stream failed to open
L 06/06/2017 - 04:37:57: Error log file session closed.
L 06/06/2017 - 04:37:57: SourceMod error session started
L 06/06/2017 - 04:37:57: Info (map "pb_z_disorder_m") (file "errors_20170606.log")
L 06/06/2017 - 04:37:57: [SM] Fatal error encountered parsing translation file "savescores.phrases.txt"
L 06/06/2017 - 04:37:57: [SM] Error (line 0, column 0): Stream failed to open
L 06/06/2017 - 04:41:36: [SM] Exception reported: Entity 1 (1) is invalid
L 06/06/2017 - 04:41:36: [SM] Blaming: autodifficultypatch.smx
L 06/06/2017 - 04:41:36: [SM] Call stack trace:
L 06/06/2017 - 04:41:36: [SM]   [0] GetEntPropString
L 06/06/2017 - 04:41:36: [SM]   [1] Line 1488, C:\Users\Ethorbit\Desktop\sourcemodbackup\sourcemod\addons\sourcemod\scripting\autodifficultypatch.sp::FindEntityByTargetName
L 06/06/2017 - 04:41:36: [SM]   [2] Line 511, C:\Users\Ethorbit\Desktop\sourcemodbackup\sourcemod\addons\sourcemod\scripting\autodifficultypatch.sp::UpdateHeadcrab
L 06/06/2017 - 04:41:36: [SM]   [3] Line 26, C:\Users\Ethorbit\Desktop\sourcemodbackup\sourcemod\addons\sourcemod\scripting\autodifficultypatch.sp::OnClientDisconnect_Post
L 06/06/2017 - 04:41:36: Error log file session closed.
L 06/06/2017 - 04:41:36: SourceMod error session started
L 06/06/2017 - 04:41:36: Info (map "dm_october_m") (file "errors_20170606.log")
L 06/06/2017 - 04:41:36: [SM] Fatal error encountered parsing translation file "savescores.phrases.txt"
L 06/06/2017 - 04:41:36: [SM] Error (line 0, column 0): Stream failed to open
L 06/06/2017 - 04:49:30: [SM] Fatal error encountered parsing translation file "customvotes.phrases.txt"
L 06/06/2017 - 04:49:30: [SM] Error (line 0, column 0): Stream failed to open
L 06/06/2017 - 04:54:42: Error log file session closed.
L 06/06/2017 - 04:54:42: SourceMod error session started
L 06/06/2017 - 04:54:42: Info (map "dm_snowfall_m") (file "errors_20170606.log")
L 06/06/2017 - 04:54:42: [SM] Fatal error encountered parsing translation file "savescores.phrases.txt"
L 06/06/2017 - 04:54:42: [SM] Error (line 0, column 0): Stream failed to open
L 06/06/2017 - 04:54:42: [SM] Fatal error encountered parsing translation file "customvotes.phrases.txt"
L 06/06/2017 - 04:54:42: [SM] Error (line 0, column 0): Stream failed to open
L 06/06/2017 - 04:58:14: Error log file session closed.
L 06/06/2017 - 04:58:14: SourceMod error session started
L 06/06/2017 - 04:58:14: Info (map "pb_z_earthquake_m") (file "errors_20170606.log")
L 06/06/2017 - 04:58:14: [SM] Fatal error encountered parsing translation file "savescores.phrases.txt"
L 06/06/2017 - 04:58:14: [SM] Error (line 0, column 0): Stream failed to open
L 06/06/2017 - 04:58:14: [SM] Fatal error encountered parsing translation file "customvotes.phrases.txt"
L 06/06/2017 - 04:58:14: [SM] Error (line 0, column 0): Stream failed to open
L 06/06/2017 - 05:23:24: [SM] Exception reported: Entity 2 (2) is invalid
L 06/06/2017 - 05:23:24: [SM] Blaming: autodifficultypatch.smx
L 06/06/2017 - 05:23:24: [SM] Call stack trace:
L 06/06/2017 - 05:23:24: [SM]   [0] GetEntPropString
L 06/06/2017 - 05:23:24: [SM]   [1] Line 1488, C:\Users\Ethorbit\Desktop\sourcemodbackup\sourcemod\addons\sourcemod\scripting\autodifficultypatch.sp::FindEntityByTargetName
L 06/06/2017 - 05:23:24: [SM]   [2] Line 894, C:\Users\Ethorbit\Desktop\sourcemodbackup\sourcemod\addons\sourcemod\scripting\autodifficultypatch.sp::UpdateHeadcrab
L 06/06/2017 - 05:23:24: [SM]   [3] Line 26, C:\Users\Ethorbit\Desktop\sourcemodbackup\sourcemod\addons\sourcemod\scripting\autodifficultypatch.sp::OnClientDisconnect_Post
L 06/06/2017 - 05:23:30: [SM] Exception reported: Entity 1 (1) is invalid
L 06/06/2017 - 05:23:30: [SM] Blaming: autodifficultypatch.smx
L 06/06/2017 - 05:23:30: [SM] Call stack trace:
L 06/06/2017 - 05:23:30: [SM]   [0] GetEntPropString
L 06/06/2017 - 05:23:30: [SM]   [1] Line 1488, C:\Users\Ethorbit\Desktop\sourcemodbackup\sourcemod\addons\sourcemod\scripting\autodifficultypatch.sp::FindEntityByTargetName
L 06/06/2017 - 05:23:30: [SM]   [2] Line 886, C:\Users\Ethorbit\Desktop\sourcemodbackup\sourcemod\addons\sourcemod\scripting\autodifficultypatch.sp::UpdateHeadcrab
L 06/06/2017 - 05:23:30: [SM]   [3] Line 26, C:\Users\Ethorbit\Desktop\sourcemodbackup\sourcemod\addons\sourcemod\scripting\autodifficultypatch.sp::OnClientDisconnect_Post
L 06/06/2017 - 05:26:51: [SM] Exception reported: Entity 1 (1) is invalid
L 06/06/2017 - 05:26:51: [SM] Blaming: autodifficultypatch.smx
L 06/06/2017 - 05:26:51: [SM] Call stack trace:
L 06/06/2017 - 05:26:51: [SM]   [0] GetEntPropString
L 06/06/2017 - 05:26:51: [SM]   [1] Line 1488, C:\Users\Ethorbit\Desktop\sourcemodbackup\sourcemod\addons\sourcemod\scripting\autodifficultypatch.sp::FindEntityByTargetName
L 06/06/2017 - 05:26:51: [SM]   [2] Line 886, C:\Users\Ethorbit\Desktop\sourcemodbackup\sourcemod\addons\sourcemod\scripting\autodifficultypatch.sp::UpdateHeadcrab
L 06/06/2017 - 05:26:51: [SM]   [3] Line 26, C:\Users\Ethorbit\Desktop\sourcemodbackup\sourcemod\addons\sourcemod\scripting\autodifficultypatch.sp::OnClientDisconnect_Post
L 06/06/2017 - 05:33:15: [SM] Exception reported: Entity 2 (2) is invalid
L 06/06/2017 - 05:33:15: [SM] Blaming: autodifficultypatch.smx
L 06/06/2017 - 05:33:15: [SM] Call stack trace:
L 06/06/2017 - 05:33:15: [SM]   [0] GetEntPropString
L 06/06/2017 - 05:33:15: [SM]   [1] Line 1488, C:\Users\Ethorbit\Desktop\sourcemodbackup\sourcemod\addons\sourcemod\scripting\autodifficultypatch.sp::FindEntityByTargetName
L 06/06/2017 - 05:33:15: [SM]   [2] Line 894, C:\Users\Ethorbit\Desktop\sourcemodbackup\sourcemod\addons\sourcemod\scripting\autodifficultypatch.sp::UpdateHeadcrab
L 06/06/2017 - 05:33:15: [SM]   [3] Line 26, C:\Users\Ethorbit\Desktop\sourcemodbackup\sourcemod\addons\sourcemod\scripting\autodifficultypatch.sp::OnClientDisconnect_Post
L 06/06/2017 - 05:38:47: [SM] Exception reported: Entity 1 (1) is invalid
L 06/06/2017 - 05:38:47: [SM] Blaming: autodifficultypatch.smx
L 06/06/2017 - 05:38:47: [SM] Call stack trace:
L 06/06/2017 - 05:38:47: [SM]   [0] GetEntPropString
L 06/06/2017 - 05:38:47: [SM]   [1] Line 1488, C:\Users\Ethorbit\Desktop\sourcemodbackup\sourcemod\addons\sourcemod\scripting\autodifficultypatch.sp::FindEntityByTargetName
L 06/06/2017 - 05:38:47: [SM]   [2] Line 886, C:\Users\Ethorbit\Desktop\sourcemodbackup\sourcemod\addons\sourcemod\scripting\autodifficultypatch.sp::UpdateHeadcrab
L 06/06/2017 - 05:38:47: [SM]   [3] Line 26, C:\Users\Ethorbit\Desktop\sourcemodbackup\sourcemod\addons\sourcemod\scripting\autodifficultypatch.sp::OnClientDisconnect_Post
L 06/06/2017 - 05:38:53: Error log file session closed.
L 06/06/2017 - 05:38:53: SourceMod error session started
L 06/06/2017 - 05:38:53: Info (map "dm_cave_m") (file "errors_20170606.log")
L 06/06/2017 - 05:38:53: [SM] Fatal error encountered parsing translation file "savescores.phrases.txt"
L 06/06/2017 - 05:38:53: [SM] Error (line 0, column 0): Stream failed to open
L 06/06/2017 - 05:38:53: [SM] Fatal error encountered parsing translation file "customvotes.phrases.txt"
L 06/06/2017 - 05:38:53: [SM] Error (line 0, column 0): Stream failed to open
L 06/06/2017 - 05:42:21: [SM] Exception reported: Entity 1 (1) is invalid
L 06/06/2017 - 05:42:21: [SM] Blaming: autodifficultypatch.smx
L 06/06/2017 - 05:42:21: [SM] Call stack trace:
L 06/06/2017 - 05:42:21: [SM]   [0] GetEntPropString
L 06/06/2017 - 05:42:21: [SM]   [1] Line 1488, C:\Users\Ethorbit\Desktop\sourcemodbackup\sourcemod\addons\sourcemod\scripting\autodifficultypatch.sp::FindEntityByTargetName
L 06/06/2017 - 05:42:21: [SM]   [2] Line 661, C:\Users\Ethorbit\Desktop\sourcemodbackup\sourcemod\addons\sourcemod\scripting\autodifficultypatch.sp::UpdateHeadcrab
L 06/06/2017 - 05:42:21: [SM]   [3] Line 26, C:\Users\Ethorbit\Desktop\sourcemodbackup\sourcemod\addons\sourcemod\scripting\autodifficultypatch.sp::OnClientDisconnect_Post
L 06/06/2017 - 05:42:21: Error log file session closed.
L 06/06/2017 - 05:42:21: SourceMod error session started
L 06/06/2017 - 05:42:21: Info (map "dm_thetunnel_v1_m") (file "errors_20170606.log")
L 06/06/2017 - 05:42:21: [SM] Fatal error encountered parsing translation file "savescores.phrases.txt"
L 06/06/2017 - 05:42:21: [SM] Error (line 0, column 0): Stream failed to open
L 06/06/2017 - 05:42:21: [SM] Fatal error encountered parsing translation file "customvotes.phrases.txt"
L 06/06/2017 - 05:42:21: [SM] Error (line 0, column 0): Stream failed to open
L 06/06/2017 - 05:42:27: SourceMod error session started
L 06/06/2017 - 05:42:27: Info (map "pb_z_high_school_m") (file "errors_20170606.log")
L 06/06/2017 - 05:42:27: [SDKTOOLS] Invalid detour address passed - Disabling detour to prevent crashes
L 06/06/2017 - 05:42:27: [SM] Unable to load extension "soundlib.ext": error code 0000007e
L 06/06/2017 - 05:42:27: [SM] Unable to load extension "config.ext": error code 0000007e
L 06/06/2017 - 05:42:27: [SM] Fatal error encountered parsing translation file "savescores.phrases.txt"
L 06/06/2017 - 05:42:27: [SM] Error (line 0, column 0): Stream failed to open
L 06/06/2017 - 05:42:27: [SM] Unable to load plugin "time-left-actions.smx": Required extension "Sound Info Library" file("soundlib.ext") not running
L 06/06/2017 - 05:45:08: [SM] Exception reported: Entity 1 (1) is invalid
L 06/06/2017 - 05:45:08: [SM] Blaming: autodifficultypatch.smx
L 06/06/2017 - 05:45:08: [SM] Call stack trace:
L 06/06/2017 - 05:45:08: [SM]   [0] GetEntPropString
L 06/06/2017 - 05:45:08: [SM]   [1] Line 1488, C:\Users\Ethorbit\Desktop\sourcemodbackup\sourcemod\addons\sourcemod\scripting\autodifficultypatch.sp::FindEntityByTargetName
L 06/06/2017 - 05:45:08: [SM]   [2] Line 1262, C:\Users\Ethorbit\Desktop\sourcemodbackup\sourcemod\addons\sourcemod\scripting\autodifficultypatch.sp::UpdateHeadcrab
L 06/06/2017 - 05:45:08: [SM]   [3] Line 26, C:\Users\Ethorbit\Desktop\sourcemodbackup\sourcemod\addons\sourcemod\scripting\autodifficultypatch.sp::OnClientDisconnect_Post
L 06/06/2017 - 05:45:08: Error log file session closed.
L 06/06/2017 - 05:45:08: SourceMod error session started
L 06/06/2017 - 05:45:08: Info (map "dm_october_m") (file "errors_20170606.log")
L 06/06/2017 - 05:45:08: [SM] Fatal error encountered parsing translation file "savescores.phrases.txt"
L 06/06/2017 - 05:45:08: [SM] Error (line 0, column 0): Stream failed to open
L 06/06/2017 - 06:45:19: Error log file session closed.
L 06/06/2017 - 06:45:19: SourceMod error session started
L 06/06/2017 - 06:45:19: Info (map "dm_hellsdistrict_m") (file "errors_20170606.log")
L 06/06/2017 - 06:45:19: [SM] Fatal error encountered parsing translation file "savescores.phrases.txt"
L 06/06/2017 - 06:45:19: [SM] Error (line 0, column 0): Stream failed to open
L 06/06/2017 - 07:45:31: Error log file session closed.
L 06/06/2017 - 07:45:31: SourceMod error session started
L 06/06/2017 - 07:45:31: Info (map "dm_cave_m") (file "errors_20170606.log")
L 06/06/2017 - 07:45:31: [SM] Fatal error encountered parsing translation file "savescores.phrases.txt"
L 06/06/2017 - 07:45:31: [SM] Error (line 0, column 0): Stream failed to open
L 06/06/2017 - 08:08:08: [SM] Exception reported: Entity 1 (1) is invalid
L 06/06/2017 - 08:08:08: [SM] Blaming: autodifficultypatch.smx
L 06/06/2017 - 08:08:08: [SM] Call stack trace:
L 06/06/2017 - 08:08:08: [SM]   [0] GetEntPropString
L 06/06/2017 - 08:08:08: [SM]   [1] Line 1488, C:\Users\Ethorbit\Desktop\sourcemodbackup\sourcemod\addons\sourcemod\scripting\autodifficultypatch.sp::FindEntityByTargetName
L 06/06/2017 - 08:08:08: [SM]   [2] Line 661, C:\Users\Ethorbit\Desktop\sourcemodbackup\sourcemod\addons\sourcemod\scripting\autodifficultypatch.sp::UpdateHeadcrab
L 06/06/2017 - 08:08:08: [SM]   [3] Line 26, C:\Users\Ethorbit\Desktop\sourcemodbackup\sourcemod\addons\sourcemod\scripting\autodifficultypatch.sp::OnClientDisconnect_Post
L 06/06/2017 - 08:45:42: Error log file session closed.
L 06/06/2017 - 08:45:42: SourceMod error session started
L 06/06/2017 - 08:45:42: Info (map "dm_central_station_v1_m") (file "errors_20170606.log")
L 06/06/2017 - 08:45:42: [SM] Fatal error encountered parsing translation file "savescores.phrases.txt"
L 06/06/2017 - 08:45:42: [SM] Error (line 0, column 0): Stream failed to open
L 06/06/2017 - 09:45:53: Error log file session closed.
L 06/06/2017 - 09:45:53: SourceMod error session started
L 06/06/2017 - 09:45:53: Info (map "dm_morbid_m") (file "errors_20170606.log")
L 06/06/2017 - 09:45:53: [SM] Fatal error encountered parsing translation file "savescores.phrases.txt"
L 06/06/2017 - 09:45:53: [SM] Error (line 0, column 0): Stream failed to open
L 06/06/2017 - 10:24:54: [SM] Exception reported: Entity 1 (1) is invalid
L 06/06/2017 - 10:24:54: [SM] Blaming: autodifficultypatch.smx
L 06/06/2017 - 10:24:54: [SM] Call stack trace:
L 06/06/2017 - 10:24:54: [SM]   [0] GetEntPropString
L 06/06/2017 - 10:24:54: [SM]   [1] Line 1488, C:\Users\Ethorbit\Desktop\sourcemodbackup\sourcemod\addons\sourcemod\scripting\autodifficultypatch.sp::FindEntityByTargetName
L 06/06/2017 - 10:24:54: [SM]   [2] Line 1413, C:\Users\Ethorbit\Desktop\sourcemodbackup\sourcemod\addons\sourcemod\scripting\autodifficultypatch.sp::UpdateHeadcrab
L 06/06/2017 - 10:24:54: [SM]   [3] Line 26, C:\Users\Ethorbit\Desktop\sourcemodbackup\sourcemod\addons\sourcemod\scripting\autodifficultypatch.sp::OnClientDisconnect_Post
L 06/06/2017 - 10:41:33: [SM] Exception reported: Entity 1 (1) is invalid
L 06/06/2017 - 10:41:33: [SM] Blaming: autodifficultypatch.smx
L 06/06/2017 - 10:41:33: [SM] Call stack trace:
L 06/06/2017 - 10:41:33: [SM]   [0] GetEntPropString
L 06/06/2017 - 10:41:33: [SM]   [1] Line 1488, C:\Users\Ethorbit\Desktop\sourcemodbackup\sourcemod\addons\sourcemod\scripting\autodifficultypatch.sp::FindEntityByTargetName
L 06/06/2017 - 10:41:33: [SM]   [2] Line 1413, C:\Users\Ethorbit\Desktop\sourcemodbackup\sourcemod\addons\sourcemod\scripting\autodifficultypatch.sp::UpdateHeadcrab
L 06/06/2017 - 10:41:33: [SM]   [3] Line 26, C:\Users\Ethorbit\Desktop\sourcemodbackup\sourcemod\addons\sourcemod\scripting\autodifficultypatch.sp::OnClientDisconnect_Post
L 06/06/2017 - 10:42:44: [SM] Exception reported: Entity 1 (1) is invalid
L 06/06/2017 - 10:42:44: [SM] Blaming: autodifficultypatch.smx
L 06/06/2017 - 10:42:44: [SM] Call stack trace:
L 06/06/2017 - 10:42:44: [SM]   [0] GetEntPropString
L 06/06/2017 - 10:42:44: [SM]   [1] Line 1488, C:\Users\Ethorbit\Desktop\sourcemodbackup\sourcemod\addons\sourcemod\scripting\autodifficultypatch.sp::FindEntityByTargetName
L 06/06/2017 - 10:42:44: [SM]   [2] Line 1413, C:\Users\Ethorbit\Desktop\sourcemodbackup\sourcemod\addons\sourcemod\scripting\autodifficultypatch.sp::UpdateHeadcrab
L 06/06/2017 - 10:42:44: [SM]   [3] Line 26, C:\Users\Ethorbit\Desktop\sourcemodbackup\sourcemod\addons\sourcemod\scripting\autodifficultypatch.sp::OnClientDisconnect_Post
L 06/06/2017 - 10:42:48: Error log file session closed.
L 06/06/2017 - 10:42:48: SourceMod error session started
L 06/06/2017 - 10:42:48: Info (map "pb_z_colony_m") (file "errors_20170606.log")
L 06/06/2017 - 10:42:48: [SM] Fatal error encountered parsing translation file "savescores.phrases.txt"
L 06/06/2017 - 10:42:48: [SM] Error (line 0, column 0): Stream failed to open
L 06/06/2017 - 10:51:07: Error log file session closed.
L 06/06/2017 - 10:51:07: SourceMod error session started
L 06/06/2017 - 10:51:07: Info (map "pb_z_high_school_m") (file "errors_20170606.log")
L 06/06/2017 - 10:51:07: [SM] Fatal error encountered parsing translation file "savescores.phrases.txt"
L 06/06/2017 - 10:51:07: [SM] Error (line 0, column 0): Stream failed to open
L 06/06/2017 - 10:53:06: [SM] Fatal error encountered parsing translation file "customvotes.phrases.txt"
L 06/06/2017 - 10:53:06: [SM] Error (line 0, column 0): Stream failed to open
L 06/06/2017 - 11:04:59: [SM] Exception reported: Entity 1 (1) is invalid
L 06/06/2017 - 11:04:59: [SM] Blaming: autodifficultypatch.smx
L 06/06/2017 - 11:04:59: [SM] Call stack trace:
L 06/06/2017 - 11:04:59: [SM]   [0] GetEntPropString
L 06/06/2017 - 11:04:59: [SM]   [1] Line 1488, C:\Users\Ethorbit\Desktop\sourcemodbackup\sourcemod\addons\sourcemod\scripting\autodifficultypatch.sp::FindEntityByTargetName
L 06/06/2017 - 11:04:59: [SM]   [2] Line 1270, C:\Users\Ethorbit\Desktop\sourcemodbackup\sourcemod\addons\sourcemod\scripting\autodifficultypatch.sp::UpdateHeadcrab
L 06/06/2017 - 11:04:59: [SM]   [3] Line 26, C:\Users\Ethorbit\Desktop\sourcemodbackup\sourcemod\addons\sourcemod\scripting\autodifficultypatch.sp::OnClientDisconnect_Post
L 06/06/2017 - 11:10:51: [SM] Exception reported: Entity 2 (2) is invalid
L 06/06/2017 - 11:10:51: [SM] Blaming: autodifficultypatch.smx
L 06/06/2017 - 11:10:51: [SM] Call stack trace:
L 06/06/2017 - 11:10:51: [SM]   [0] GetEntPropString
L 06/06/2017 - 11:10:51: [SM]   [1] Line 1488, C:\Users\Ethorbit\Desktop\sourcemodbackup\sourcemod\addons\sourcemod\scripting\autodifficultypatch.sp::FindEntityByTargetName
L 06/06/2017 - 11:10:51: [SM]   [2] Line 1262, C:\Users\Ethorbit\Desktop\sourcemodbackup\sourcemod\addons\sourcemod\scripting\autodifficultypatch.sp::UpdateHeadcrab
L 06/06/2017 - 11:10:51: [SM]   [3] Line 26, C:\Users\Ethorbit\Desktop\sourcemodbackup\sourcemod\addons\sourcemod\scripting\autodifficultypatch.sp::OnClientDisconnect_Post
L 06/06/2017 - 11:37:10: [SM] Exception reported: Entity 4 (4) is invalid
L 06/06/2017 - 11:37:10: [SM] Blaming: autodifficultypatch.smx
L 06/06/2017 - 11:37:10: [SM] Call stack trace:
L 06/06/2017 - 11:37:10: [SM]   [0] GetEntPropString
L 06/06/2017 - 11:37:10: [SM]   [1] Line 1488, C:\Users\Ethorbit\Desktop\sourcemodbackup\sourcemod\addons\sourcemod\scripting\autodifficultypatch.sp::FindEntityByTargetName
L 06/06/2017 - 11:37:10: [SM]   [2] Line 1294, C:\Users\Ethorbit\Desktop\sourcemodbackup\sourcemod\addons\sourcemod\scripting\autodifficultypatch.sp::UpdateHeadcrab
L 06/06/2017 - 11:37:10: [SM]   [3] Line 26, C:\Users\Ethorbit\Desktop\sourcemodbackup\sourcemod\addons\sourcemod\scripting\autodifficultypatch.sp::OnClientDisconnect_Post
L 06/06/2017 - 11:51:16: [SM] Exception reported: Entity 1 (1) is invalid
L 06/06/2017 - 11:51:16: [SM] Blaming: autodifficultypatch.smx
L 06/06/2017 - 11:51:16: [SM] Call stack trace:
L 06/06/2017 - 11:51:16: [SM]   [0] GetEntPropString
L 06/06/2017 - 11:51:16: [SM]   [1] Line 1488, C:\Users\Ethorbit\Desktop\sourcemodbackup\sourcemod\addons\sourcemod\scripting\autodifficultypatch.sp::FindEntityByTargetName
L 06/06/2017 - 11:51:16: [SM]   [2] Line 1294, C:\Users\Ethorbit\Desktop\sourcemodbackup\sourcemod\addons\sourcemod\scripting\autodifficultypatch.sp::UpdateHeadcrab
L 06/06/2017 - 11:51:16: [SM]   [3] Line 26, C:\Users\Ethorbit\Desktop\sourcemodbackup\sourcemod\addons\sourcemod\scripting\autodifficultypatch.sp::OnClientDisconnect_Post
L 06/06/2017 - 11:51:16: [SM] Exception reported: Entity 2 (2) is invalid
L 06/06/2017 - 11:51:16: [SM] Blaming: autodifficultypatch.smx
L 06/06/2017 - 11:51:16: [SM] Call stack trace:
L 06/06/2017 - 11:51:16: [SM]   [0] GetEntPropString
L 06/06/2017 - 11:51:16: [SM]   [1] Line 1488, C:\Users\Ethorbit\Desktop\sourcemodbackup\sourcemod\addons\sourcemod\scripting\autodifficultypatch.sp::FindEntityByTargetName
L 06/06/2017 - 11:51:16: [SM]   [2] Line 1286, C:\Users\Ethorbit\Desktop\sourcemodbackup\sourcemod\addons\sourcemod\scripting\autodifficultypatch.sp::UpdateHeadcrab
L 06/06/2017 - 11:51:16: [SM]   [3] Line 26, C:\Users\Ethorbit\Desktop\sourcemodbackup\sourcemod\addons\sourcemod\scripting\autodifficultypatch.sp::OnClientDisconnect_Post
L 06/06/2017 - 11:51:16: [SM] Exception reported: Entity 3 (3) is invalid
L 06/06/2017 - 11:51:16: [SM] Blaming: autodifficultypatch.smx
L 06/06/2017 - 11:51:16: [SM] Call stack trace:
L 06/06/2017 - 11:51:16: [SM]   [0] GetEntPropString
L 06/06/2017 - 11:51:16: [SM]   [1] Line 1488, C:\Users\Ethorbit\Desktop\sourcemodbackup\sourcemod\addons\sourcemod\scripting\autodifficultypatch.sp::FindEntityByTargetName
L 06/06/2017 - 11:51:16: [SM]   [2] Line 1278, C:\Users\Ethorbit\Desktop\sourcemodbackup\sourcemod\addons\sourcemod\scripting\autodifficultypatch.sp::UpdateHeadcrab
L 06/06/2017 - 11:51:16: [SM]   [3] Line 26, C:\Users\Ethorbit\Desktop\sourcemodbackup\sourcemod\addons\sourcemod\scripting\autodifficultypatch.sp::OnClientDisconnect_Post
L 06/06/2017 - 11:51:16: [SM] Exception reported: Entity 4 (4) is invalid
L 06/06/2017 - 11:51:16: [SM] Blaming: autodifficultypatch.smx
L 06/06/2017 - 11:51:16: [SM] Call stack trace:
L 06/06/2017 - 11:51:16: [SM]   [0] GetEntPropString
L 06/06/2017 - 11:51:16: [SM]   [1] Line 1488, C:\Users\Ethorbit\Desktop\sourcemodbackup\sourcemod\addons\sourcemod\scripting\autodifficultypatch.sp::FindEntityByTargetName
L 06/06/2017 - 11:51:16: [SM]   [2] Line 1270, C:\Users\Ethorbit\Desktop\sourcemodbackup\sourcemod\addons\sourcemod\scripting\autodifficultypatch.sp::UpdateHeadcrab
L 06/06/2017 - 11:51:16: [SM]   [3] Line 26, C:\Users\Ethorbit\Desktop\sourcemodbackup\sourcemod\addons\sourcemod\scripting\autodifficultypatch.sp::OnClientDisconnect_Post
L 06/06/2017 - 11:51:16: [SM] Exception reported: Entity 5 (5) is invalid
L 06/06/2017 - 11:51:16: [SM] Blaming: autodifficultypatch.smx
L 06/06/2017 - 11:51:16: [SM] Call stack trace:
L 06/06/2017 - 11:51:16: [SM]   [0] GetEntPropString
L 06/06/2017 - 11:51:16: [SM]   [1] Line 1488, C:\Users\Ethorbit\Desktop\sourcemodbackup\sourcemod\addons\sourcemod\scripting\autodifficultypatch.sp::FindEntityByTargetName
L 06/06/2017 - 11:51:16: [SM]   [2] Line 1262, C:\Users\Ethorbit\Desktop\sourcemodbackup\sourcemod\addons\sourcemod\scripting\autodifficultypatch.sp::UpdateHeadcrab
L 06/06/2017 - 11:51:16: [SM]   [3] Line 26, C:\Users\Ethorbit\Desktop\sourcemodbackup\sourcemod\addons\sourcemod\scripting\autodifficultypatch.sp::OnClientDisconnect_Post
L 06/06/2017 - 11:51:17: Error log file session closed.
L 06/06/2017 - 11:51:17: SourceMod error session started
L 06/06/2017 - 11:51:17: Info (map "pb_z_industry_m") (file "errors_20170606.log")
L 06/06/2017 - 11:51:17: [SM] Fatal error encountered parsing translation file "savescores.phrases.txt"
L 06/06/2017 - 11:51:17: [SM] Error (line 0, column 0): Stream failed to open
L 06/06/2017 - 11:51:17: [SM] Fatal error encountered parsing translation file "customvotes.phrases.txt"
L 06/06/2017 - 11:51:17: [SM] Error (line 0, column 0): Stream failed to open
L 06/06/2017 - 12:02:08: [SM] Exception reported: Entity 5 (5) is invalid
L 06/06/2017 - 12:02:08: [SM] Blaming: autodifficultypatch.smx
L 06/06/2017 - 12:02:08: [SM] Call stack trace:
L 06/06/2017 - 12:02:08: [SM]   [0] GetEntPropString
L 06/06/2017 - 12:02:08: [SM]   [1] Line 1488, C:\Users\Ethorbit\Desktop\sourcemodbackup\sourcemod\addons\sourcemod\scripting\autodifficultypatch.sp::FindEntityByTargetName
L 06/06/2017 - 12:02:08: [SM]   [2] Line 843, C:\Users\Ethorbit\Desktop\sourcemodbackup\sourcemod\addons\sourcemod\scripting\autodifficultypatch.sp::UpdateHeadcrab
L 06/06/2017 - 12:02:08: [SM]   [3] Line 26, C:\Users\Ethorbit\Desktop\sourcemodbackup\sourcemod\addons\sourcemod\scripting\autodifficultypatch.sp::OnClientDisconnect_Post
L 06/06/2017 - 12:21:36: [SM] Exception reported: Entity 6 (6) is invalid
L 06/06/2017 - 12:21:36: [SM] Blaming: autodifficultypatch.smx
L 06/06/2017 - 12:21:36: [SM] Call stack trace:
L 06/06/2017 - 12:21:36: [SM]   [0] GetEntPropString
L 06/06/2017 - 12:21:36: [SM]   [1] Line 1488, C:\Users\Ethorbit\Desktop\sourcemodbackup\sourcemod\addons\sourcemod\scripting\autodifficultypatch.sp::FindEntityByTargetName
L 06/06/2017 - 12:21:36: [SM]   [2] Line 851, C:\Users\Ethorbit\Desktop\sourcemodbackup\sourcemod\addons\sourcemod\scripting\autodifficultypatch.sp::UpdateHeadcrab
L 06/06/2017 - 12:21:36: [SM]   [3] Line 26, C:\Users\Ethorbit\Desktop\sourcemodbackup\sourcemod\addons\sourcemod\scripting\autodifficultypatch.sp::OnClientDisconnect_Post
L 06/06/2017 - 12:22:23: [SM] Exception reported: Entity 5 (5) is invalid
L 06/06/2017 - 12:22:23: [SM] Blaming: autodifficultypatch.smx
L 06/06/2017 - 12:22:23: [SM] Call stack trace:
L 06/06/2017 - 12:22:23: [SM]   [0] GetEntPropString
L 06/06/2017 - 12:22:23: [SM]   [1] Line 1488, C:\Users\Ethorbit\Desktop\sourcemodbackup\sourcemod\addons\sourcemod\scripting\autodifficultypatch.sp::FindEntityByTargetName
L 06/06/2017 - 12:22:23: [SM]   [2] Line 843, C:\Users\Ethorbit\Desktop\sourcemodbackup\sourcemod\addons\sourcemod\scripting\autodifficultypatch.sp::UpdateHeadcrab
L 06/06/2017 - 12:22:23: [SM]   [3] Line 26, C:\Users\Ethorbit\Desktop\sourcemodbackup\sourcemod\addons\sourcemod\scripting\autodifficultypatch.sp::OnClientDisconnect_Post
L 06/06/2017 - 12:26:55: [SM] Exception reported: Entity 1 (1) is invalid
L 06/06/2017 - 12:26:55: [SM] Blaming: autodifficultypatch.smx
L 06/06/2017 - 12:26:55: [SM] Call stack trace:
L 06/06/2017 - 12:26:55: [SM]   [0] GetEntPropString
L 06/06/2017 - 12:26:55: [SM]   [1] Line 1488, C:\Users\Ethorbit\Desktop\sourcemodbackup\sourcemod\addons\sourcemod\scripting\autodifficultypatch.sp::FindEntityByTargetName
L 06/06/2017 - 12:26:55: [SM]   [2] Line 843, C:\Users\Ethorbit\Desktop\sourcemodbackup\sourcemod\addons\sourcemod\scripting\autodifficultypatch.sp::UpdateHeadcrab
L 06/06/2017 - 12:26:55: [SM]   [3] Line 26, C:\Users\Ethorbit\Desktop\sourcemodbackup\sourcemod\addons\sourcemod\scripting\autodifficultypatch.sp::OnClientDisconnect_Post
L 06/06/2017 - 12:26:55: [SM] Exception reported: Entity 2 (2) is invalid
L 06/06/2017 - 12:26:55: [SM] Blaming: autodifficultypatch.smx
L 06/06/2017 - 12:26:55: [SM] Call stack trace:
L 06/06/2017 - 12:26:55: [SM]   [0] GetEntPropString
L 06/06/2017 - 12:26:55: [SM]   [1] Line 1488, C:\Users\Ethorbit\Desktop\sourcemodbackup\sourcemod\addons\sourcemod\scripting\autodifficultypatch.sp::FindEntityByTargetName
L 06/06/2017 - 12:26:55: [SM]   [2] Line 835, C:\Users\Ethorbit\Desktop\sourcemodbackup\sourcemod\addons\sourcemod\scripting\autodifficultypatch.sp::UpdateHeadcrab
L 06/06/2017 - 12:26:55: [SM]   [3] Line 26, C:\Users\Ethorbit\Desktop\sourcemodbackup\sourcemod\addons\sourcemod\scripting\autodifficultypatch.sp::OnClientDisconnect_Post
L 06/06/2017 - 12:26:55: [SM] Exception reported: Entity 3 (3) is invalid
L 06/06/2017 - 12:26:55: [SM] Blaming: autodifficultypatch.smx
L 06/06/2017 - 12:26:55: [SM] Call stack trace:
L 06/06/2017 - 12:26:55: [SM]   [0] GetEntPropString
L 06/06/2017 - 12:26:55: [SM]   [1] Line 1488, C:\Users\Ethorbit\Desktop\sourcemodbackup\sourcemod\addons\sourcemod\scripting\autodifficultypatch.sp::FindEntityByTargetName
L 06/06/2017 - 12:26:55: [SM]   [2] Line 827, C:\Users\Ethorbit\Desktop\sourcemodbackup\sourcemod\addons\sourcemod\scripting\autodifficultypatch.sp::UpdateHeadcrab
L 06/06/2017 - 12:26:55: [SM]   [3] Line 26, C:\Users\Ethorbit\Desktop\sourcemodbackup\sourcemod\addons\sourcemod\scripting\autodifficultypatch.sp::OnClientDisconnect_Post
L 06/06/2017 - 12:26:55: [SM] Exception reported: Entity 4 (4) is invalid
L 06/06/2017 - 12:26:55: [SM] Blaming: autodifficultypatch.smx
L 06/06/2017 - 12:26:55: [SM] Call stack trace:
L 06/06/2017 - 12:26:55: [SM]   [0] GetEntPropString
L 06/06/2017 - 12:26:55: [SM]   [1] Line 1488, C:\Users\Ethorbit\Desktop\sourcemodbackup\sourcemod\addons\sourcemod\scripting\autodifficultypatch.sp::FindEntityByTargetName
L 06/06/2017 - 12:26:55: [SM]   [2] Line 819, C:\Users\Ethorbit\Desktop\sourcemodbackup\sourcemod\addons\sourcemod\scripting\autodifficultypatch.sp::UpdateHeadcrab
L 06/06/2017 - 12:26:55: [SM]   [3] Line 26, C:\Users\Ethorbit\Desktop\sourcemodbackup\sourcemod\addons\sourcemod\scripting\autodifficultypatch.sp::OnClientDisconnect_Post
L 06/06/2017 - 12:26:55: [SM] Exception reported: Entity 5 (5) is invalid
L 06/06/2017 - 12:26:55: [SM] Blaming: autodifficultypatch.smx
L 06/06/2017 - 12:26:55: [SM] Call stack trace:
L 06/06/2017 - 12:26:55: [SM]   [0] GetEntPropString
L 06/06/2017 - 12:26:55: [SM]   [1] Line 1488, C:\Users\Ethorbit\Desktop\sourcemodbackup\sourcemod\addons\sourcemod\scripting\autodifficultypatch.sp::FindEntityByTargetName
L 06/06/2017 - 12:26:55: [SM]   [2] Line 811, C:\Users\Ethorbit\Desktop\sourcemodbackup\sourcemod\addons\sourcemod\scripting\autodifficultypatch.sp::UpdateHeadcrab
L 06/06/2017 - 12:26:55: [SM]   [3] Line 26, C:\Users\Ethorbit\Desktop\sourcemodbackup\sourcemod\addons\sourcemod\scripting\autodifficultypatch.sp::OnClientDisconnect_Post
L 06/06/2017 - 12:26:57: Error log file session closed.
L 06/06/2017 - 12:26:57: SourceMod error session started
L 06/06/2017 - 12:26:57: Info (map "pb_z_disorder_m") (file "errors_20170606.log")
L 06/06/2017 - 12:26:57: [SM] Fatal error encountered parsing translation file "savescores.phrases.txt"
L 06/06/2017 - 12:26:57: [SM] Error (line 0, column 0): Stream failed to open
L 06/06/2017 - 12:26:57: [SM] Fatal error encountered parsing translation file "customvotes.phrases.txt"
L 06/06/2017 - 12:26:57: [SM] Error (line 0, column 0): Stream failed to open
L 06/06/2017 - 12:42:16: [SM] Exception reported: Entity 6 (6) is invalid
L 06/06/2017 - 12:42:16: [SM] Blaming: autodifficultypatch.smx
L 06/06/2017 - 12:42:16: [SM] Call stack trace:
L 06/06/2017 - 12:42:16: [SM]   [0] GetEntPropString
L 06/06/2017 - 12:42:16: [SM]   [1] Line 1488, C:\Users\Ethorbit\Desktop\sourcemodbackup\sourcemod\addons\sourcemod\scripting\autodifficultypatch.sp::FindEntityByTargetName
L 06/06/2017 - 12:42:16: [SM]   [2] Line 551, C:\Users\Ethorbit\Desktop\sourcemodbackup\sourcemod\addons\sourcemod\scripting\autodifficultypatch.sp::UpdateHeadcrab
L 06/06/2017 - 12:42:16: [SM]   [3] Line 26, C:\Users\Ethorbit\Desktop\sourcemodbackup\sourcemod\addons\sourcemod\scripting\autodifficultypatch.sp::OnClientDisconnect_Post
L 06/06/2017 - 12:44:49: [SM] Exception reported: Entity 1 (1) is invalid
L 06/06/2017 - 12:44:49: [SM] Blaming: autodifficultypatch.smx
L 06/06/2017 - 12:44:49: [SM] Call stack trace:
L 06/06/2017 - 12:44:49: [SM]   [0] GetEntPropString
L 06/06/2017 - 12:44:49: [SM]   [1] Line 1488, C:\Users\Ethorbit\Desktop\sourcemodbackup\sourcemod\addons\sourcemod\scripting\autodifficultypatch.sp::FindEntityByTargetName
L 06/06/2017 - 12:44:49: [SM]   [2] Line 543, C:\Users\Ethorbit\Desktop\sourcemodbackup\sourcemod\addons\sourcemod\scripting\autodifficultypatch.sp::UpdateHeadcrab
L 06/06/2017 - 12:44:49: [SM]   [3] Line 26, C:\Users\Ethorbit\Desktop\sourcemodbackup\sourcemod\addons\sourcemod\scripting\autodifficultypatch.sp::OnClientDisconnect_Post
L 06/06/2017 - 12:44:49: [SM] Exception reported: Entity 2 (2) is invalid
L 06/06/2017 - 12:44:49: [SM] Blaming: autodifficultypatch.smx
L 06/06/2017 - 12:44:49: [SM] Call stack trace:
L 06/06/2017 - 12:44:49: [SM]   [0] GetEntPropString
L 06/06/2017 - 12:44:49: [SM]   [1] Line 1488, C:\Users\Ethorbit\Desktop\sourcemodbackup\sourcemod\addons\sourcemod\scripting\autodifficultypatch.sp::FindEntityByTargetName
L 06/06/2017 - 12:44:49: [SM]   [2] Line 535, C:\Users\Ethorbit\Desktop\sourcemodbackup\sourcemod\addons\sourcemod\scripting\autodifficultypatch.sp::UpdateHeadcrab
L 06/06/2017 - 12:44:49: [SM]   [3] Line 26, C:\Users\Ethorbit\Desktop\sourcemodbackup\sourcemod\addons\sourcemod\scripting\autodifficultypatch.sp::OnClientDisconnect_Post
L 06/06/2017 - 12:44:49: [SM] Exception reported: Entity 3 (3) is invalid
L 06/06/2017 - 12:44:49: [SM] Blaming: autodifficultypatch.smx
L 06/06/2017 - 12:44:49: [SM] Call stack trace:
L 06/06/2017 - 12:44:49: [SM]   [0] GetEntPropString
L 06/06/2017 - 12:44:49: [SM]   [1] Line 1488, C:\Users\Ethorbit\Desktop\sourcemodbackup\sourcemod\addons\sourcemod\scripting\autodifficultypatch.sp::FindEntityByTargetName
L 06/06/2017 - 12:44:49: [SM]   [2] Line 527, C:\Users\Ethorbit\Desktop\sourcemodbackup\sourcemod\addons\sourcemod\scripting\autodifficultypatch.sp::UpdateHeadcrab
L 06/06/2017 - 12:44:49: [SM]   [3] Line 26, C:\Users\Ethorbit\Desktop\sourcemodbackup\sourcemod\addons\sourcemod\scripting\autodifficultypatch.sp::OnClientDisconnect_Post
L 06/06/2017 - 12:44:49: [SM] Exception reported: Entity 4 (4) is invalid
L 06/06/2017 - 12:44:49: [SM] Blaming: autodifficultypatch.smx
L 06/06/2017 - 12:44:49: [SM] Call stack trace:
L 06/06/2017 - 12:44:49: [SM]   [0] GetEntPropString
L 06/06/2017 - 12:44:49: [SM]   [1] Line 1488, C:\Users\Ethorbit\Desktop\sourcemodbackup\sourcemod\addons\sourcemod\scripting\autodifficultypatch.sp::FindEntityByTargetName
L 06/06/2017 - 12:44:49: [SM]   [2] Line 519, C:\Users\Ethorbit\Desktop\sourcemodbackup\sourcemod\addons\sourcemod\scripting\autodifficultypatch.sp::UpdateHeadcrab
L 06/06/2017 - 12:44:49: [SM]   [3] Line 26, C:\Users\Ethorbit\Desktop\sourcemodbackup\sourcemod\addons\sourcemod\scripting\autodifficultypatch.sp::OnClientDisconnect_Post
L 06/06/2017 - 12:44:49: [SM] Exception reported: Entity 5 (5) is invalid
L 06/06/2017 - 12:44:49: [SM] Blaming: autodifficultypatch.smx
L 06/06/2017 - 12:44:49: [SM] Call stack trace:
L 06/06/2017 - 12:44:49: [SM]   [0] GetEntPropString
L 06/06/2017 - 12:44:49: [SM]   [1] Line 1488, C:\Users\Ethorbit\Desktop\sourcemodbackup\sourcemod\addons\sourcemod\scripting\autodifficultypatch.sp::FindEntityByTargetName
L 06/06/2017 - 12:44:49: [SM]   [2] Line 511, C:\Users\Ethorbit\Desktop\sourcemodbackup\sourcemod\addons\sourcemod\scripting\autodifficultypatch.sp::UpdateHeadcrab
L 06/06/2017 - 12:44:49: [SM]   [3] Line 26, C:\Users\Ethorbit\Desktop\sourcemodbackup\sourcemod\addons\sourcemod\scripting\autodifficultypatch.sp::OnClientDisconnect_Post
L 06/06/2017 - 12:44:51: Error log file session closed.
L 06/06/2017 - 12:44:51: SourceMod error session started
L 06/06/2017 - 12:44:51: Info (map "pb_z_area51_m") (file "errors_20170606.log")
L 06/06/2017 - 12:44:51: [SM] Fatal error encountered parsing translation file "savescores.phrases.txt"
L 06/06/2017 - 12:44:51: [SM] Error (line 0, column 0): Stream failed to open
L 06/06/2017 - 12:44:51: [SM] Fatal error encountered parsing translation file "customvotes.phrases.txt"
L 06/06/2017 - 12:44:51: [SM] Error (line 0, column 0): Stream failed to open
L 06/06/2017 - 12:47:15: [SM] Exception reported: Entity 6 (6) is invalid
L 06/06/2017 - 12:47:15: [SM] Blaming: autodifficultypatch.smx
L 06/06/2017 - 12:47:15: [SM] Call stack trace:
L 06/06/2017 - 12:47:15: [SM]   [0] GetEntPropString
L 06/06/2017 - 12:47:15: [SM]   [1] Line 1488, C:\Users\Ethorbit\Desktop\sourcemodbackup\sourcemod\addons\sourcemod\scripting\autodifficultypatch.sp::FindEntityByTargetName
L 06/06/2017 - 12:47:15: [SM]   [2] Line 1378, C:\Users\Ethorbit\Desktop\sourcemodbackup\sourcemod\addons\sourcemod\scripting\autodifficultypatch.sp::UpdateHeadcrab
L 06/06/2017 - 12:47:15: [SM]   [3] Line 26, C:\Users\Ethorbit\Desktop\sourcemodbackup\sourcemod\addons\sourcemod\scripting\autodifficultypatch.sp::OnClientDisconnect_Post
L 06/06/2017 - 13:06:11: [SM] Exception reported: Entity 8 (8) is invalid
L 06/06/2017 - 13:06:11: [SM] Blaming: autodifficultypatch.smx
L 06/06/2017 - 13:06:11: [SM] Call stack trace:
L 06/06/2017 - 13:06:11: [SM]   [0] GetEntPropString
L 06/06/2017 - 13:06:11: [SM]   [1] Line 1488, C:\Users\Ethorbit\Desktop\sourcemodbackup\sourcemod\addons\sourcemod\scripting\autodifficultypatch.sp::FindEntityByTargetName
L 06/06/2017 - 13:06:11: [SM]   [2] Line 1394, C:\Users\Ethorbit\Desktop\sourcemodbackup\sourcemod\addons\sourcemod\scripting\autodifficultypatch.sp::UpdateHeadcrab
L 06/06/2017 - 13:06:11: [SM]   [3] Line 26, C:\Users\Ethorbit\Desktop\sourcemodbackup\sourcemod\addons\sourcemod\scripting\autodifficultypatch.sp::OnClientDisconnect_Post
L 06/06/2017 - 13:16:09: [SM] Exception reported: Entity 8 (8) is invalid
L 06/06/2017 - 13:16:09: [SM] Blaming: autodifficultypatch.smx
L 06/06/2017 - 13:16:09: [SM] Call stack trace:
L 06/06/2017 - 13:16:09: [SM]   [0] GetEntPropString
L 06/06/2017 - 13:16:09: [SM]   [1] Line 1488, C:\Users\Ethorbit\Desktop\sourcemodbackup\sourcemod\addons\sourcemod\scripting\autodifficultypatch.sp::FindEntityByTargetName
L 06/06/2017 - 13:16:09: [SM]   [2] Line 1394, C:\Users\Ethorbit\Desktop\sourcemodbackup\sourcemod\addons\sourcemod\scripting\autodifficultypatch.sp::UpdateHeadcrab
L 06/06/2017 - 13:16:09: [SM]   [3] Line 26, C:\Users\Ethorbit\Desktop\sourcemodbackup\sourcemod\addons\sourcemod\scripting\autodifficultypatch.sp::OnClientDisconnect_Post
L 06/06/2017 - 13:19:18: [SM] Exception reported: Entity 7 (7) is invalid
L 06/06/2017 - 13:19:18: [SM] Blaming: autodifficultypatch.smx
L 06/06/2017 - 13:19:18: [SM] Call stack trace:
L 06/06/2017 - 13:19:18: [SM]   [0] GetEntPropString
L 06/06/2017 - 13:19:18: [SM]   [1] Line 1488, C:\Users\Ethorbit\Desktop\sourcemodbackup\sourcemod\addons\sourcemod\scripting\autodifficultypatch.sp::FindEntityByTargetName
L 06/06/2017 - 13:19:18: [SM]   [2] Line 1386, C:\Users\Ethorbit\Desktop\sourcemodbackup\sourcemod\addons\sourcemod\scripting\autodifficultypatch.sp::UpdateHeadcrab
L 06/06/2017 - 13:19:18: [SM]   [3] Line 26, C:\Users\Ethorbit\Desktop\sourcemodbackup\sourcemod\addons\sourcemod\scripting\autodifficultypatch.sp::OnClientDisconnect_Post
L 06/06/2017 - 13:20:34: [SM] Exception reported: Entity 6 (6) is invalid
L 06/06/2017 - 13:20:34: [SM] Blaming: autodifficultypatch.smx
L 06/06/2017 - 13:20:34: [SM] Call stack trace:
L 06/06/2017 - 13:20:34: [SM]   [0] GetEntPropString
L 06/06/2017 - 13:20:34: [SM]   [1] Line 1488, C:\Users\Ethorbit\Desktop\sourcemodbackup\sourcemod\addons\sourcemod\scripting\autodifficultypatch.sp::FindEntityByTargetName
L 06/06/2017 - 13:20:34: [SM]   [2] Line 1386, C:\Users\Ethorbit\Desktop\sourcemodbackup\sourcemod\addons\sourcemod\scripting\autodifficultypatch.sp::UpdateHeadcrab
L 06/06/2017 - 13:20:34: [SM]   [3] Line 26, C:\Users\Ethorbit\Desktop\sourcemodbackup\sourcemod\addons\sourcemod\scripting\autodifficultypatch.sp::OnClientDisconnect_Post
L 06/06/2017 - 13:21:52: [SM] Exception reported: Entity 7 (7) is invalid
L 06/06/2017 - 13:21:52: [SM] Blaming: autodifficultypatch.smx
L 06/06/2017 - 13:21:52: [SM] Call stack trace:
L 06/06/2017 - 13:21:52: [SM]   [0] GetEntPropString
L 06/06/2017 - 13:21:52: [SM]   [1] Line 1488, C:\Users\Ethorbit\Desktop\sourcemodbackup\sourcemod\addons\sourcemod\scripting\autodifficultypatch.sp::FindEntityByTargetName
L 06/06/2017 - 13:21:52: [SM]   [2] Line 1386, C:\Users\Ethorbit\Desktop\sourcemodbackup\sourcemod\addons\sourcemod\scripting\autodifficultypatch.sp::UpdateHeadcrab
L 06/06/2017 - 13:21:52: [SM]   [3] Line 26, C:\Users\Ethorbit\Desktop\sourcemodbackup\sourcemod\addons\sourcemod\scripting\autodifficultypatch.sp::OnClientDisconnect_Post
L 06/06/2017 - 13:36:32: [SM] Exception reported: Entity 6 (6) is invalid
L 06/06/2017 - 13:36:32: [SM] Blaming: autodifficultypatch.smx
L 06/06/2017 - 13:36:32: [SM] Call stack trace:
L 06/06/2017 - 13:36:32: [SM]   [0] GetEntPropString
L 06/06/2017 - 13:36:32: [SM]   [1] Line 1488, C:\Users\Ethorbit\Desktop\sourcemodbackup\sourcemod\addons\sourcemod\scripting\autodifficultypatch.sp::FindEntityByTargetName
L 06/06/2017 - 13:36:32: [SM]   [2] Line 1378, C:\Users\Ethorbit\Desktop\sourcemodbackup\sourcemod\addons\sourcemod\scripting\autodifficultypatch.sp::UpdateHeadcrab
L 06/06/2017 - 13:36:32: [SM]   [3] Line 26, C:\Users\Ethorbit\Desktop\sourcemodbackup\sourcemod\addons\sourcemod\scripting\autodifficultypatch.sp::OnClientDisconnect_Post
L 06/06/2017 - 13:40:36: [SM] Exception reported: Entity 3 (3) is invalid
L 06/06/2017 - 13:40:36: [SM] Blaming: autodifficultypatch.smx
L 06/06/2017 - 13:40:36: [SM] Call stack trace:
L 06/06/2017 - 13:40:36: [SM]   [0] GetEntPropString
L 06/06/2017 - 13:40:36: [SM]   [1] Line 1488, C:\Users\Ethorbit\Desktop\sourcemodbackup\sourcemod\addons\sourcemod\scripting\autodifficultypatch.sp::FindEntityByTargetName
L 06/06/2017 - 13:40:36: [SM]   [2] Line 1370, C:\Users\Ethorbit\Desktop\sourcemodbackup\sourcemod\addons\sourcemod\scripting\autodifficultypatch.sp::UpdateHeadcrab
L 06/06/2017 - 13:40:36: [SM]   [3] Line 26, C:\Users\Ethorbit\Desktop\sourcemodbackup\sourcemod\addons\sourcemod\scripting\autodifficultypatch.sp::OnClientDisconnect_Post
L 06/06/2017 - 13:44:04: [SM] Exception reported: Entity 2 (2) is invalid
L 06/06/2017 - 13:44:04: [SM] Blaming: autodifficultypatch.smx
L 06/06/2017 - 13:44:04: [SM] Call stack trace:
L 06/06/2017 - 13:44:04: [SM]   [0] GetEntPropString
L 06/06/2017 - 13:44:04: [SM]   [1] Line 1488, C:\Users\Ethorbit\Desktop\sourcemodbackup\sourcemod\addons\sourcemod\scripting\autodifficultypatch.sp::FindEntityByTargetName
L 06/06/2017 - 13:44:04: [SM]   [2] Line 1370, C:\Users\Ethorbit\Desktop\sourcemodbackup\sourcemod\addons\sourcemod\scripting\autodifficultypatch.sp::UpdateHeadcrab
L 06/06/2017 - 13:44:04: [SM]   [3] Line 26, C:\Users\Ethorbit\Desktop\sourcemodbackup\sourcemod\addons\sourcemod\scripting\autodifficultypatch.sp::OnClientDisconnect_Post
L 06/06/2017 - 13:44:21: [SM] Exception reported: Entity 3 (3) is invalid
L 06/06/2017 - 13:44:21: [SM] Blaming: autodifficultypatch.smx
L 06/06/2017 - 13:44:21: [SM] Call stack trace:
L 06/06/2017 - 13:44:21: [SM]   [0] GetEntPropString
L 06/06/2017 - 13:44:21: [SM]   [1] Line 1488, C:\Users\Ethorbit\Desktop\sourcemodbackup\sourcemod\addons\sourcemod\scripting\autodifficultypatch.sp::FindEntityByTargetName
L 06/06/2017 - 13:44:21: [SM]   [2] Line 1362, C:\Users\Ethorbit\Desktop\sourcemodbackup\sourcemod\addons\sourcemod\scripting\autodifficultypatch.sp::UpdateHeadcrab
L 06/06/2017 - 13:44:21: [SM]   [3] Line 26, C:\Users\Ethorbit\Desktop\sourcemodbackup\sourcemod\addons\sourcemod\scripting\autodifficultypatch.sp::OnClientDisconnect_Post
L 06/06/2017 - 13:44:26: [SM] Exception reported: Entity 1 (1) is invalid
L 06/06/2017 - 13:44:26: [SM] Blaming: autodifficultypatch.smx
L 06/06/2017 - 13:44:26: [SM] Call stack trace:
L 06/06/2017 - 13:44:26: [SM]   [0] GetEntPropString
L 06/06/2017 - 13:44:26: [SM]   [1] Line 1488, C:\Users\Ethorbit\Desktop\sourcemodbackup\sourcemod\addons\sourcemod\scripting\autodifficultypatch.sp::FindEntityByTargetName
L 06/06/2017 - 13:44:26: [SM]   [2] Line 1354, C:\Users\Ethorbit\Desktop\sourcemodbackup\sourcemod\addons\sourcemod\scripting\autodifficultypatch.sp::UpdateHeadcrab
L 06/06/2017 - 13:44:26: [SM]   [3] Line 26, C:\Users\Ethorbit\Desktop\sourcemodbackup\sourcemod\addons\sourcemod\scripting\autodifficultypatch.sp::OnClientDisconnect_Post
L 06/06/2017 - 13:44:26: [SM] Exception reported: Entity 4 (4) is invalid
L 06/06/2017 - 13:44:26: [SM] Blaming: autodifficultypatch.smx
L 06/06/2017 - 13:44:26: [SM] Call stack trace:
L 06/06/2017 - 13:44:26: [SM]   [0] GetEntPropString
L 06/06/2017 - 13:44:26: [SM]   [1] Line 1488, C:\Users\Ethorbit\Desktop\sourcemodbackup\sourcemod\addons\sourcemod\scripting\autodifficultypatch.sp::FindEntityByTargetName
L 06/06/2017 - 13:44:26: [SM]   [2] Line 1346, C:\Users\Ethorbit\Desktop\sourcemodbackup\sourcemod\addons\sourcemod\scripting\autodifficultypatch.sp::UpdateHeadcrab
L 06/06/2017 - 13:44:26: [SM]   [3] Line 26, C:\Users\Ethorbit\Desktop\sourcemodbackup\sourcemod\addons\sourcemod\scripting\autodifficultypatch.sp::OnClientDisconnect_Post
L 06/06/2017 - 13:44:26: [SM] Exception reported: Entity 5 (5) is invalid
L 06/06/2017 - 13:44:26: [SM] Blaming: autodifficultypatch.smx
L 06/06/2017 - 13:44:26: [SM] Call stack trace:
L 06/06/2017 - 13:44:26: [SM]   [0] GetEntPropString
L 06/06/2017 - 13:44:26: [SM]   [1] Line 1488, C:\Users\Ethorbit\Desktop\sourcemodbackup\sourcemod\addons\sourcemod\scripting\autodifficultypatch.sp::FindEntityByTargetName
L 06/06/2017 - 13:44:26: [SM]   [2] Line 1338, C:\Users\Ethorbit\Desktop\sourcemodbackup\sourcemod\addons\sourcemod\scripting\autodifficultypatch.sp::UpdateHeadcrab
L 06/06/2017 - 13:44:26: [SM]   [3] Line 26, C:\Users\Ethorbit\Desktop\sourcemodbackup\sourcemod\addons\sourcemod\scripting\autodifficultypatch.sp::OnClientDisconnect_Post
L 06/06/2017 - 13:44:27: Error log file session closed.
L 06/06/2017 - 13:44:27: SourceMod error session started
L 06/06/2017 - 13:44:27: Info (map "dm_laststop_m") (file "errors_20170606.log")
L 06/06/2017 - 13:44:27: [SM] Fatal error encountered parsing translation file "savescores.phrases.txt"
L 06/06/2017 - 13:44:27: [SM] Error (line 0, column 0): Stream failed to open
L 06/06/2017 - 13:44:27: [SM] Fatal error encountered parsing translation file "customvotes.phrases.txt"
L 06/06/2017 - 13:44:27: [SM] Error (line 0, column 0): Stream failed to open
L 06/06/2017 - 13:47:00: [SM] Exception reported: Entity 5 (5) is invalid
L 06/06/2017 - 13:47:00: [SM] Blaming: autodifficultypatch.smx
L 06/06/2017 - 13:47:00: [SM] Call stack trace:
L 06/06/2017 - 13:47:00: [SM]   [0] GetEntPropString
L 06/06/2017 - 13:47:00: [SM]   [1] Line 1488, C:\Users\Ethorbit\Desktop\sourcemodbackup\sourcemod\addons\sourcemod\scripting\autodifficultypatch.sp::FindEntityByTargetName
L 06/06/2017 - 13:47:00: [SM]   [2] Line 969, C:\Users\Ethorbit\Desktop\sourcemodbackup\sourcemod\addons\sourcemod\scripting\autodifficultypatch.sp::UpdateHeadcrab
L 06/06/2017 - 13:47:00: [SM]   [3] Line 26, C:\Users\Ethorbit\Desktop\sourcemodbackup\sourcemod\addons\sourcemod\scripting\autodifficultypatch.sp::OnClientDisconnect_Post
L 06/06/2017 - 13:52:18: [SM] Exception reported: Entity 1 (1) is invalid
L 06/06/2017 - 13:52:18: [SM] Blaming: autodifficultypatch.smx
L 06/06/2017 - 13:52:18: [SM] Call stack trace:
L 06/06/2017 - 13:52:18: [SM]   [0] GetEntPropString
L 06/06/2017 - 13:52:18: [SM]   [1] Line 1488, C:\Users\Ethorbit\Desktop\sourcemodbackup\sourcemod\addons\sourcemod\scripting\autodifficultypatch.sp::FindEntityByTargetName
L 06/06/2017 - 13:52:18: [SM]   [2] Line 961, C:\Users\Ethorbit\Desktop\sourcemodbackup\sourcemod\addons\sourcemod\scripting\autodifficultypatch.sp::UpdateHeadcrab
L 06/06/2017 - 13:52:18: [SM]   [3] Line 26, C:\Users\Ethorbit\Desktop\sourcemodbackup\sourcemod\addons\sourcemod\scripting\autodifficultypatch.sp::OnClientDisconnect_Post
L 06/06/2017 - 14:44:37: [SM] Exception reported: Entity 1 (1) is invalid
L 06/06/2017 - 14:44:37: [SM] Blaming: autodifficultypatch.smx
L 06/06/2017 - 14:44:37: [SM] Call stack trace:
L 06/06/2017 - 14:44:37: [SM]   [0] GetEntPropString
L 06/06/2017 - 14:44:37: [SM]   [1] Line 1488, C:\Users\Ethorbit\Desktop\sourcemodbackup\sourcemod\addons\sourcemod\scripting\autodifficultypatch.sp::FindEntityByTargetName
L 06/06/2017 - 14:44:37: [SM]   [2] Line 961, C:\Users\Ethorbit\Desktop\sourcemodbackup\sourcemod\addons\sourcemod\scripting\autodifficultypatch.sp::UpdateHeadcrab
L 06/06/2017 - 14:44:37: [SM]   [3] Line 26, C:\Users\Ethorbit\Desktop\sourcemodbackup\sourcemod\addons\sourcemod\scripting\autodifficultypatch.sp::OnClientDisconnect_Post
L 06/06/2017 - 14:44:41: Error log file session closed.
L 06/06/2017 - 14:44:41: SourceMod error session started
L 06/06/2017 - 14:44:41: Info (map "pb_z_office_tower_v2_m") (file "errors_20170606.log")
L 06/06/2017 - 14:44:41: [SM] Fatal error encountered parsing translation file "savescores.phrases.txt"
L 06/06/2017 - 14:44:41: [SM] Error (line 0, column 0): Stream failed to open
L 06/06/2017 - 14:44:41: [SM] Fatal error encountered parsing translation file "customvotes.phrases.txt"
L 06/06/2017 - 14:44:41: [SM] Error (line 0, column 0): Stream failed to open
L 06/06/2017 - 15:44:51: Error log file session closed.
L 06/06/2017 - 15:44:51: SourceMod error session started
L 06/06/2017 - 15:44:51: Info (map "dm_thetunnel_v1_m") (file "errors_20170606.log")
L 06/06/2017 - 15:44:51: [SM] Fatal error encountered parsing translation file "savescores.phrases.txt"
L 06/06/2017 - 15:44:51: [SM] Error (line 0, column 0): Stream failed to open
L 06/06/2017 - 15:44:51: [SM] Fatal error encountered parsing translation file "customvotes.phrases.txt"
L 06/06/2017 - 15:44:51: [SM] Error (line 0, column 0): Stream failed to open
L 06/06/2017 - 16:45:01: Error log file session closed.
L 06/06/2017 - 16:45:01: SourceMod error session started
L 06/06/2017 - 16:45:01: Info (map "dm_morbid_m") (file "errors_20170606.log")
L 06/06/2017 - 16:45:01: [SM] Fatal error encountered parsing translation file "savescores.phrases.txt"
L 06/06/2017 - 16:45:01: [SM] Error (line 0, column 0): Stream failed to open
L 06/06/2017 - 16:45:01: [SM] Fatal error encountered parsing translation file "customvotes.phrases.txt"
L 06/06/2017 - 16:45:01: [SM] Error (line 0, column 0): Stream failed to open
L 06/06/2017 - 17:11:38: [SM] Exception reported: Entity 1 (1) is invalid
L 06/06/2017 - 17:11:38: [SM] Blaming: autodifficultypatch.smx
L 06/06/2017 - 17:11:38: [SM] Call stack trace:
L 06/06/2017 - 17:11:38: [SM]   [0] GetEntPropString
L 06/06/2017 - 17:11:38: [SM]   [1] Line 1488, C:\Users\Ethorbit\Desktop\sourcemodbackup\sourcemod\addons\sourcemod\scripting\autodifficultypatch.sp::FindEntityByTargetName
L 06/06/2017 - 17:11:38: [SM]   [2] Line 1413, C:\Users\Ethorbit\Desktop\sourcemodbackup\sourcemod\addons\sourcemod\scripting\autodifficultypatch.sp::UpdateHeadcrab
L 06/06/2017 - 17:11:38: [SM]   [3] Line 26, C:\Users\Ethorbit\Desktop\sourcemodbackup\sourcemod\addons\sourcemod\scripting\autodifficultypatch.sp::OnClientDisconnect_Post
L 06/06/2017 - 17:11:38: Error log file session closed.
L 06/06/2017 - 17:11:38: SourceMod error session started
L 06/06/2017 - 17:11:38: Info (map "pb_z_high_school_m") (file "errors_20170606.log")
L 06/06/2017 - 17:11:38: [SM] Fatal error encountered parsing translation file "savescores.phrases.txt"
L 06/06/2017 - 17:11:38: [SM] Error (line 0, column 0): Stream failed to open
L 06/06/2017 - 17:11:38: [SM] Fatal error encountered parsing translation file "customvotes.phrases.txt"
L 06/06/2017 - 17:11:38: [SM] Error (line 0, column 0): Stream failed to open
L 06/06/2017 - 17:36:08: [SM] Exception reported: Entity 1 (1) is invalid
L 06/06/2017 - 17:36:08: [SM] Blaming: autodifficultypatch.smx
L 06/06/2017 - 17:36:08: [SM] Call stack trace:
L 06/06/2017 - 17:36:08: [SM]   [0] GetEntPropString
L 06/06/2017 - 17:36:08: [SM]   [1] Line 1488, C:\Users\Ethorbit\Desktop\sourcemodbackup\sourcemod\addons\sourcemod\scripting\autodifficultypatch.sp::FindEntityByTargetName
L 06/06/2017 - 17:36:08: [SM]   [2] Line 1262, C:\Users\Ethorbit\Desktop\sourcemodbackup\sourcemod\addons\sourcemod\scripting\autodifficultypatch.sp::UpdateHeadcrab
L 06/06/2017 - 17:36:08: [SM]   [3] Line 26, C:\Users\Ethorbit\Desktop\sourcemodbackup\sourcemod\addons\sourcemod\scripting\autodifficultypatch.sp::OnClientDisconnect_Post
L 06/06/2017 - 18:11:48: [SM] Exception reported: Entity 1 (1) is invalid
L 06/06/2017 - 18:11:48: [SM] Blaming: autodifficultypatch.smx
L 06/06/2017 - 18:11:48: [SM] Call stack trace:
L 06/06/2017 - 18:11:48: [SM]   [0] GetEntPropString
L 06/06/2017 - 18:11:48: [SM]   [1] Line 1488, C:\Users\Ethorbit\Desktop\sourcemodbackup\sourcemod\addons\sourcemod\scripting\autodifficultypatch.sp::FindEntityByTargetName
L 06/06/2017 - 18:11:48: [SM]   [2] Line 1270, C:\Users\Ethorbit\Desktop\sourcemodbackup\sourcemod\addons\sourcemod\scripting\autodifficultypatch.sp::UpdateHeadcrab
L 06/06/2017 - 18:11:48: [SM]   [3] Line 26, C:\Users\Ethorbit\Desktop\sourcemodbackup\sourcemod\addons\sourcemod\scripting\autodifficultypatch.sp::OnClientDisconnect_Post
L 06/06/2017 - 18:11:48: [SM] Exception reported: Entity 2 (2) is invalid
L 06/06/2017 - 18:11:48: [SM] Blaming: autodifficultypatch.smx
L 06/06/2017 - 18:11:48: [SM] Call stack trace:
L 06/06/2017 - 18:11:48: [SM]   [0] GetEntPropString
L 06/06/2017 - 18:11:48: [SM]   [1] Line 1488, C:\Users\Ethorbit\Desktop\sourcemodbackup\sourcemod\addons\sourcemod\scripting\autodifficultypatch.sp::FindEntityByTargetName
L 06/06/2017 - 18:11:48: [SM]   [2] Line 1262, C:\Users\Ethorbit\Desktop\sourcemodbackup\sourcemod\addons\sourcemod\scripting\autodifficultypatch.sp::UpdateHeadcrab
L 06/06/2017 - 18:11:48: [SM]   [3] Line 26, C:\Users\Ethorbit\Desktop\sourcemodbackup\sourcemod\addons\sourcemod\scripting\autodifficultypatch.sp::OnClientDisconnect_Post
L 06/06/2017 - 18:11:48: Error log file session closed.
L 06/06/2017 - 18:11:48: SourceMod error session started
L 06/06/2017 - 18:11:48: Info (map "pb_z_industry_m") (file "errors_20170606.log")
L 06/06/2017 - 18:11:48: [SM] Fatal error encountered parsing translation file "savescores.phrases.txt"
L 06/06/2017 - 18:11:48: [SM] Error (line 0, column 0): Stream failed to open
L 06/06/2017 - 18:11:48: [SM] Fatal error encountered parsing translation file "customvotes.phrases.txt"
L 06/06/2017 - 18:11:48: [SM] Error (line 0, column 0): Stream failed to open
L 06/06/2017 - 18:14:42: [SM] Exception reported: Entity 2 (2) is invalid
L 06/06/2017 - 18:14:42: [SM] Blaming: autodifficultypatch.smx
L 06/06/2017 - 18:14:42: [SM] Call stack trace:
L 06/06/2017 - 18:14:42: [SM]   [0] GetEntPropString
L 06/06/2017 - 18:14:42: [SM]   [1] Line 1488, C:\Users\Ethorbit\Desktop\sourcemodbackup\sourcemod\addons\sourcemod\scripting\autodifficultypatch.sp::FindEntityByTargetName
L 06/06/2017 - 18:14:42: [SM]   [2] Line 819, C:\Users\Ethorbit\Desktop\sourcemodbackup\sourcemod\addons\sourcemod\scripting\autodifficultypatch.sp::UpdateHeadcrab
L 06/06/2017 - 18:14:42: [SM]   [3] Line 26, C:\Users\Ethorbit\Desktop\sourcemodbackup\sourcemod\addons\sourcemod\scripting\autodifficultypatch.sp::OnClientDisconnect_Post
L 06/06/2017 - 18:14:46: [SM] Exception reported: Entity 1 (1) is invalid
L 06/06/2017 - 18:14:46: [SM] Blaming: autodifficultypatch.smx
L 06/06/2017 - 18:14:46: [SM] Call stack trace:
L 06/06/2017 - 18:14:46: [SM]   [0] GetEntPropString
L 06/06/2017 - 18:14:46: [SM]   [1] Line 1488, C:\Users\Ethorbit\Desktop\sourcemodbackup\sourcemod\addons\sourcemod\scripting\autodifficultypatch.sp::FindEntityByTargetName
L 06/06/2017 - 18:14:46: [SM]   [2] Line 811, C:\Users\Ethorbit\Desktop\sourcemodbackup\sourcemod\addons\sourcemod\scripting\autodifficultypatch.sp::UpdateHeadcrab
L 06/06/2017 - 18:14:46: [SM]   [3] Line 26, C:\Users\Ethorbit\Desktop\sourcemodbackup\sourcemod\addons\sourcemod\scripting\autodifficultypatch.sp::OnClientDisconnect_Post
L 06/06/2017 - 18:41:52: [SM] Exception reported: Entity 1 (1) is invalid
L 06/06/2017 - 18:41:52: [SM] Blaming: autodifficultypatch.smx
L 06/06/2017 - 18:41:52: [SM] Call stack trace:
L 06/06/2017 - 18:41:52: [SM]   [0] GetEntPropString
L 06/06/2017 - 18:41:52: [SM]   [1] Line 1488, C:\Users\Ethorbit\Desktop\sourcemodbackup\sourcemod\addons\sourcemod\scripting\autodifficultypatch.sp::FindEntityByTargetName
L 06/06/2017 - 18:41:52: [SM]   [2] Line 811, C:\Users\Ethorbit\Desktop\sourcemodbackup\sourcemod\addons\sourcemod\scripting\autodifficultypatch.sp::UpdateHeadcrab
L 06/06/2017 - 18:41:52: [SM]   [3] Line 26, C:\Users\Ethorbit\Desktop\sourcemodbackup\sourcemod\addons\sourcemod\scripting\autodifficultypatch.sp::OnClientDisconnect_Post
L 06/06/2017 - 18:41:53: Error log file session closed.
L 06/06/2017 - 18:41:53: SourceMod error session started
L 06/06/2017 - 18:41:53: Info (map "dm_october_m") (file "errors_20170606.log")
L 06/06/2017 - 18:41:53: [SM] Fatal error encountered parsing translation file "savescores.phrases.txt"
L 06/06/2017 - 18:41:53: [SM] Error (line 0, column 0): Stream failed to open
L 06/06/2017 - 18:41:53: [SM] Fatal error encountered parsing translation file "customvotes.phrases.txt"
L 06/06/2017 - 18:41:53: [SM] Error (line 0, column 0): Stream failed to open
L 06/06/2017 - 19:42:03: Error log file session closed.
L 06/06/2017 - 19:42:03: SourceMod error session started
L 06/06/2017 - 19:42:03: Info (map "dm_laststop_m") (file "errors_20170606.log")
L 06/06/2017 - 19:42:03: [SM] Fatal error encountered parsing translation file "savescores.phrases.txt"
L 06/06/2017 - 19:42:03: [SM] Error (line 0, column 0): Stream failed to open
L 06/06/2017 - 19:42:03: [SM] Fatal error encountered parsing translation file "customvotes.phrases.txt"
L 06/06/2017 - 19:42:03: [SM] Error (line 0, column 0): Stream failed to open
L 06/06/2017 - 19:57:29: [SM] Exception reported: Entity 1 (1) is invalid
L 06/06/2017 - 19:57:29: [SM] Blaming: autodifficultypatch.smx
L 06/06/2017 - 19:57:29: [SM] Call stack trace:
L 06/06/2017 - 19:57:29: [SM]   [0] GetEntPropString
L 06/06/2017 - 19:57:29: [SM]   [1] Line 1488, C:\Users\Ethorbit\Desktop\sourcemodbackup\sourcemod\addons\sourcemod\scripting\autodifficultypatch.sp::FindEntityByTargetName
L 06/06/2017 - 19:57:29: [SM]   [2] Line 961, C:\Users\Ethorbit\Desktop\sourcemodbackup\sourcemod\addons\sourcemod\scripting\autodifficultypatch.sp::UpdateHeadcrab
L 06/06/2017 - 19:57:29: [SM]   [3] Line 26, C:\Users\Ethorbit\Desktop\sourcemodbackup\sourcemod\addons\sourcemod\scripting\autodifficultypatch.sp::OnClientDisconnect_Post
L 06/06/2017 - 20:32:22: [SM] Exception reported: Entity 1 (1) is invalid
L 06/06/2017 - 20:32:22: [SM] Blaming: autodifficultypatch.smx
L 06/06/2017 - 20:32:22: [SM] Call stack trace:
L 06/06/2017 - 20:32:22: [SM]   [0] GetEntPropString
L 06/06/2017 - 20:32:22: [SM]   [1] Line 1488, C:\Users\Ethorbit\Desktop\sourcemodbackup\sourcemod\addons\sourcemod\scripting\autodifficultypatch.sp::FindEntityByTargetName
L 06/06/2017 - 20:32:22: [SM]   [2] Line 961, C:\Users\Ethorbit\Desktop\sourcemodbackup\sourcemod\addons\sourcemod\scripting\autodifficultypatch.sp::UpdateHeadcrab
L 06/06/2017 - 20:32:22: [SM]   [3] Line 26, C:\Users\Ethorbit\Desktop\sourcemodbackup\sourcemod\addons\sourcemod\scripting\autodifficultypatch.sp::OnClientDisconnect_Post
L 06/06/2017 - 20:32:24: Error log file session closed.
L 06/06/2017 - 20:32:24: SourceMod error session started
L 06/06/2017 - 20:32:24: Info (map "pb_z_disorder_m") (file "errors_20170606.log")
L 06/06/2017 - 20:32:24: [SM] Fatal error encountered parsing translation file "savescores.phrases.txt"
L 06/06/2017 - 20:32:24: [SM] Error (line 0, column 0): Stream failed to open
L 06/06/2017 - 20:32:24: [SM] Fatal error encountered parsing translation file "customvotes.phrases.txt"
L 06/06/2017 - 20:32:24: [SM] Error (line 0, column 0): Stream failed to open
L 06/06/2017 - 20:40:10: [SM] Exception reported: Entity 2 (2) is invalid
L 06/06/2017 - 20:40:10: [SM] Blaming: autodifficultypatch.smx
L 06/06/2017 - 20:40:10: [SM] Call stack trace:
L 06/06/2017 - 20:40:10: [SM]   [0] GetEntPropString
L 06/06/2017 - 20:40:10: [SM]   [1] Line 1488, C:\Users\Ethorbit\Desktop\sourcemodbackup\sourcemod\addons\sourcemod\scripting\autodifficultypatch.sp::FindEntityByTargetName
L 06/06/2017 - 20:40:10: [SM]   [2] Line 519, C:\Users\Ethorbit\Desktop\sourcemodbackup\sourcemod\addons\sourcemod\scripting\autodifficultypatch.sp::UpdateHeadcrab
L 06/06/2017 - 20:40:10: [SM]   [3] Line 26, C:\Users\Ethorbit\Desktop\sourcemodbackup\sourcemod\addons\sourcemod\scripting\autodifficultypatch.sp::OnClientDisconnect_Post
L 06/06/2017 - 20:40:40: [SM] Exception reported: Entity 1 (1) is invalid
L 06/06/2017 - 20:40:40: [SM] Blaming: autodifficultypatch.smx
L 06/06/2017 - 20:40:40: [SM] Call stack trace:
L 06/06/2017 - 20:40:40: [SM]   [0] GetEntPropString
L 06/06/2017 - 20:40:40: [SM]   [1] Line 1488, C:\Users\Ethorbit\Desktop\sourcemodbackup\sourcemod\addons\sourcemod\scripting\autodifficultypatch.sp::FindEntityByTargetName
L 06/06/2017 - 20:40:40: [SM]   [2] Line 511, C:\Users\Ethorbit\Desktop\sourcemodbackup\sourcemod\addons\sourcemod\scripting\autodifficultypatch.sp::UpdateHeadcrab
L 06/06/2017 - 20:40:40: [SM]   [3] Line 26, C:\Users\Ethorbit\Desktop\sourcemodbackup\sourcemod\addons\sourcemod\scripting\autodifficultypatch.sp::OnClientDisconnect_Post
L 06/06/2017 - 20:40:43: Error log file session closed.
L 06/06/2017 - 20:40:43: SourceMod error session started
L 06/06/2017 - 20:40:43: Info (map "dm_coldruins_rc1_m") (file "errors_20170606.log")
L 06/06/2017 - 20:40:43: [SM] Fatal error encountered parsing translation file "savescores.phrases.txt"
L 06/06/2017 - 20:40:43: [SM] Error (line 0, column 0): Stream failed to open
L 06/06/2017 - 20:40:43: [SM] Fatal error encountered parsing translation file "customvotes.phrases.txt"
L 06/06/2017 - 20:40:43: [SM] Error (line 0, column 0): Stream failed to open
L 06/06/2017 - 20:49:02: [SM] Exception reported: Entity 1 (1) is invalid
L 06/06/2017 - 20:49:02: [SM] Blaming: autodifficultypatch.smx
L 06/06/2017 - 20:49:02: [SM] Call stack trace:
L 06/06/2017 - 20:49:02: [SM]   [0] GetEntPropString
L 06/06/2017 - 20:49:02: [SM]   [1] Line 1488, C:\Users\Ethorbit\Desktop\sourcemodbackup\sourcemod\addons\sourcemod\scripting\autodifficultypatch.sp::FindEntityByTargetName
L 06/06/2017 - 20:49:02: [SM]   [2] Line 736, C:\Users\Ethorbit\Desktop\sourcemodbackup\sourcemod\addons\sourcemod\scripting\autodifficultypatch.sp::UpdateHeadcrab
L 06/06/2017 - 20:49:02: [SM]   [3] Line 26, C:\Users\Ethorbit\Desktop\sourcemodbackup\sourcemod\addons\sourcemod\scripting\autodifficultypatch.sp::OnClientDisconnect_Post
L 06/06/2017 - 21:40:54: Error log file session closed.
L 06/06/2017 - 21:40:54: SourceMod error session started
L 06/06/2017 - 21:40:54: Info (map "pb_z_area51_m") (file "errors_20170606.log")
L 06/06/2017 - 21:40:54: [SM] Fatal error encountered parsing translation file "savescores.phrases.txt"
L 06/06/2017 - 21:40:54: [SM] Error (line 0, column 0): Stream failed to open
L 06/06/2017 - 21:40:54: [SM] Fatal error encountered parsing translation file "customvotes.phrases.txt"
L 06/06/2017 - 21:40:54: [SM] Error (line 0, column 0): Stream failed to open
L 06/06/2017 - 22:41:04: Error log file session closed.
L 06/06/2017 - 22:41:04: SourceMod error session started
L 06/06/2017 - 22:41:04: Info (map "dm_mine_entrance_m") (file "errors_20170606.log")
L 06/06/2017 - 22:41:04: [SM] Fatal error encountered parsing translation file "savescores.phrases.txt"
L 06/06/2017 - 22:41:04: [SM] Error (line 0, column 0): Stream failed to open
L 06/06/2017 - 22:41:04: [SM] Fatal error encountered parsing translation file "customvotes.phrases.txt"
L 06/06/2017 - 22:41:04: [SM] Error (line 0, column 0): Stream failed to open
L 06/06/2017 - 23:41:15: Error log file session closed.
L 06/06/2017 - 23:41:15: SourceMod error session started
L 06/06/2017 - 23:41:15: Info (map "dm_hellsdistrict_m") (file "errors_20170606.log")
L 06/06/2017 - 23:41:15: [SM] Fatal error encountered parsing translation file "savescores.phrases.txt"
L 06/06/2017 - 23:41:15: [SM] Error (line 0, column 0): Stream failed to open
L 06/06/2017 - 23:41:15: [SM] Fatal error encountered parsing translation file "customvotes.phrases.txt"
L 06/06/2017 - 23:41:15: [SM] Error (line 0, column 0): Stream failed to open
