L 05/27/2017 - 00:15:59: SourceMod error session started
L 05/27/2017 - 00:15:59: Info (map "pb_z_high_school_m") (file "errors_20170527.log")
L 05/27/2017 - 00:15:59: [SDKTOOLS] Invalid detour address passed - Disabling detour to prevent crashes
L 05/27/2017 - 00:16:00: [SM] Fatal error encountered parsing translation file "savescores.phrases.txt"
L 05/27/2017 - 00:16:00: [SM] Error (line 0, column 0): Stream failed to open
L 05/27/2017 - 01:45:27: [SM] Exception reported: Entity 1 (1) is invalid
L 05/27/2017 - 01:45:27: [SM] Blaming: autodifficultypatch.smx
L 05/27/2017 - 01:45:27: [SM] Call stack trace:
L 05/27/2017 - 01:45:27: [SM]   [0] GetEntPropString
L 05/27/2017 - 01:45:27: [SM]   [1] Line 1420, C:\Users\Ethorbit\Desktop\sourcemod\scripting\autodifficultypatch.sp::FindEntityByTargetName
L 05/27/2017 - 01:45:27: [SM]   [2] Line 1194, C:\Users\Ethorbit\Desktop\sourcemod\scripting\autodifficultypatch.sp::UpdateHeadcrab
L 05/27/2017 - 01:45:27: [SM]   [3] Line 26, C:\Users\Ethorbit\Desktop\sourcemod\scripting\autodifficultypatch.sp::OnClientDisconnect_Post
L 05/27/2017 - 02:41:00: Error log file session closed.
L 05/27/2017 - 02:41:03: SourceMod error session started
L 05/27/2017 - 02:41:03: Info (map "pb_z_industry_m") (file "errors_20170527.log")
L 05/27/2017 - 02:41:03: [SM] Fatal error encountered parsing translation file "savescores.phrases.txt"
L 05/27/2017 - 02:41:03: [SM] Error (line 0, column 0): Stream failed to open
L 05/27/2017 - 03:38:34: [SM] Exception reported: Entity 1 (1) is invalid
L 05/27/2017 - 03:38:34: [SM] Blaming: autodifficultypatch.smx
L 05/27/2017 - 03:38:34: [SM] Call stack trace:
L 05/27/2017 - 03:38:34: [SM]   [0] GetEntPropString
L 05/27/2017 - 03:38:34: [SM]   [1] Line 1420, C:\Users\Ethorbit\Desktop\sourcemod\scripting\autodifficultypatch.sp::FindEntityByTargetName
L 05/27/2017 - 03:38:34: [SM]   [2] Line 743, C:\Users\Ethorbit\Desktop\sourcemod\scripting\autodifficultypatch.sp::UpdateHeadcrab
L 05/27/2017 - 03:38:34: [SM]   [3] Line 26, C:\Users\Ethorbit\Desktop\sourcemod\scripting\autodifficultypatch.sp::OnClientDisconnect_Post
L 05/27/2017 - 03:41:15: Error log file session closed.
L 05/27/2017 - 03:41:15: SourceMod error session started
L 05/27/2017 - 03:41:15: Info (map "dm_laststop_m") (file "errors_20170527.log")
L 05/27/2017 - 03:41:15: [SM] Fatal error encountered parsing translation file "savescores.phrases.txt"
L 05/27/2017 - 03:41:15: [SM] Error (line 0, column 0): Stream failed to open
L 05/27/2017 - 04:07:42: [SM] Exception reported: Entity 2 (2) is invalid
L 05/27/2017 - 04:07:42: [SM] Blaming: autodifficultypatch.smx
L 05/27/2017 - 04:07:42: [SM] Call stack trace:
L 05/27/2017 - 04:07:42: [SM]   [0] GetEntPropString
L 05/27/2017 - 04:07:42: [SM]   [1] Line 1420, C:\Users\Ethorbit\Desktop\sourcemod\scripting\autodifficultypatch.sp::FindEntityByTargetName
L 05/27/2017 - 04:07:42: [SM]   [2] Line 901, C:\Users\Ethorbit\Desktop\sourcemod\scripting\autodifficultypatch.sp::UpdateHeadcrab
L 05/27/2017 - 04:07:42: [SM]   [3] Line 26, C:\Users\Ethorbit\Desktop\sourcemod\scripting\autodifficultypatch.sp::OnClientDisconnect_Post
L 05/27/2017 - 04:09:47: [SM] Exception reported: Entity 1 (1) is invalid
L 05/27/2017 - 04:09:47: [SM] Blaming: autodifficultypatch.smx
L 05/27/2017 - 04:09:47: [SM] Call stack trace:
L 05/27/2017 - 04:09:47: [SM]   [0] GetEntPropString
L 05/27/2017 - 04:09:47: [SM]   [1] Line 1420, C:\Users\Ethorbit\Desktop\sourcemod\scripting\autodifficultypatch.sp::FindEntityByTargetName
L 05/27/2017 - 04:09:47: [SM]   [2] Line 893, C:\Users\Ethorbit\Desktop\sourcemod\scripting\autodifficultypatch.sp::UpdateHeadcrab
L 05/27/2017 - 04:09:47: [SM]   [3] Line 26, C:\Users\Ethorbit\Desktop\sourcemod\scripting\autodifficultypatch.sp::OnClientDisconnect_Post
L 05/27/2017 - 04:41:28: Error log file session closed.
L 05/27/2017 - 04:41:28: SourceMod error session started
L 05/27/2017 - 04:41:28: Info (map "dm_cave_m") (file "errors_20170527.log")
L 05/27/2017 - 04:41:28: [SM] Fatal error encountered parsing translation file "savescores.phrases.txt"
L 05/27/2017 - 04:41:28: [SM] Error (line 0, column 0): Stream failed to open
L 05/27/2017 - 05:32:34: [SM] Exception reported: Entity 1 (1) is invalid
L 05/27/2017 - 05:32:34: [SM] Blaming: autodifficultypatch.smx
L 05/27/2017 - 05:32:34: [SM] Call stack trace:
L 05/27/2017 - 05:32:34: [SM]   [0] GetEntPropString
L 05/27/2017 - 05:32:34: [SM]   [1] Line 1420, C:\Users\Ethorbit\Desktop\sourcemod\scripting\autodifficultypatch.sp::FindEntityByTargetName
L 05/27/2017 - 05:32:34: [SM]   [2] Line 593, C:\Users\Ethorbit\Desktop\sourcemod\scripting\autodifficultypatch.sp::UpdateHeadcrab
L 05/27/2017 - 05:32:34: [SM]   [3] Line 26, C:\Users\Ethorbit\Desktop\sourcemod\scripting\autodifficultypatch.sp::OnClientDisconnect_Post
L 05/27/2017 - 05:32:35: Error log file session closed.
L 05/27/2017 - 05:32:35: SourceMod error session started
L 05/27/2017 - 05:32:35: Info (map "dm_october_m") (file "errors_20170527.log")
L 05/27/2017 - 05:32:35: [SM] Fatal error encountered parsing translation file "savescores.phrases.txt"
L 05/27/2017 - 05:32:35: [SM] Error (line 0, column 0): Stream failed to open
L 05/27/2017 - 05:38:23: [SM] Fatal error encountered parsing translation file "customvotes.phrases.txt"
L 05/27/2017 - 05:38:23: [SM] Error (line 0, column 0): Stream failed to open
L 05/27/2017 - 06:32:48: Error log file session closed.
L 05/27/2017 - 06:32:48: SourceMod error session started
L 05/27/2017 - 06:32:48: Info (map "pb_z_disorder_m") (file "errors_20170527.log")
L 05/27/2017 - 06:32:48: [SM] Fatal error encountered parsing translation file "savescores.phrases.txt"
L 05/27/2017 - 06:32:48: [SM] Error (line 0, column 0): Stream failed to open
L 05/27/2017 - 06:32:48: [SM] Fatal error encountered parsing translation file "customvotes.phrases.txt"
L 05/27/2017 - 06:32:48: [SM] Error (line 0, column 0): Stream failed to open
L 05/27/2017 - 07:29:44: [SM] Exception reported: Entity 2 (2) is invalid
L 05/27/2017 - 07:29:44: [SM] Blaming: autodifficultypatch.smx
L 05/27/2017 - 07:29:44: [SM] Call stack trace:
L 05/27/2017 - 07:29:44: [SM]   [0] GetEntPropString
L 05/27/2017 - 07:29:44: [SM]   [1] Line 1420, C:\Users\Ethorbit\Desktop\sourcemod\scripting\autodifficultypatch.sp::FindEntityByTargetName
L 05/27/2017 - 07:29:44: [SM]   [2] Line 451, C:\Users\Ethorbit\Desktop\sourcemod\scripting\autodifficultypatch.sp::UpdateHeadcrab
L 05/27/2017 - 07:29:44: [SM]   [3] Line 26, C:\Users\Ethorbit\Desktop\sourcemod\scripting\autodifficultypatch.sp::OnClientDisconnect_Post
L 05/27/2017 - 07:32:58: [SM] Exception reported: Entity 1 (1) is invalid
L 05/27/2017 - 07:32:58: [SM] Blaming: autodifficultypatch.smx
L 05/27/2017 - 07:32:58: [SM] Call stack trace:
L 05/27/2017 - 07:32:58: [SM]   [0] GetEntPropString
L 05/27/2017 - 07:32:58: [SM]   [1] Line 1420, C:\Users\Ethorbit\Desktop\sourcemod\scripting\autodifficultypatch.sp::FindEntityByTargetName
L 05/27/2017 - 07:32:58: [SM]   [2] Line 451, C:\Users\Ethorbit\Desktop\sourcemod\scripting\autodifficultypatch.sp::UpdateHeadcrab
L 05/27/2017 - 07:32:58: [SM]   [3] Line 26, C:\Users\Ethorbit\Desktop\sourcemod\scripting\autodifficultypatch.sp::OnClientDisconnect_Post
L 05/27/2017 - 07:32:58: [SM] Exception reported: Entity 2 (2) is invalid
L 05/27/2017 - 07:32:58: [SM] Blaming: autodifficultypatch.smx
L 05/27/2017 - 07:32:58: [SM] Call stack trace:
L 05/27/2017 - 07:32:58: [SM]   [0] GetEntPropString
L 05/27/2017 - 07:32:58: [SM]   [1] Line 1420, C:\Users\Ethorbit\Desktop\sourcemod\scripting\autodifficultypatch.sp::FindEntityByTargetName
L 05/27/2017 - 07:32:58: [SM]   [2] Line 443, C:\Users\Ethorbit\Desktop\sourcemod\scripting\autodifficultypatch.sp::UpdateHeadcrab
L 05/27/2017 - 07:32:58: [SM]   [3] Line 26, C:\Users\Ethorbit\Desktop\sourcemod\scripting\autodifficultypatch.sp::OnClientDisconnect_Post
L 05/27/2017 - 07:32:59: Error log file session closed.
L 05/27/2017 - 07:32:59: SourceMod error session started
L 05/27/2017 - 07:32:59: Info (map "pb_z_office_tower_m") (file "errors_20170527.log")
L 05/27/2017 - 07:32:59: [SM] Fatal error encountered parsing translation file "savescores.phrases.txt"
L 05/27/2017 - 07:32:59: [SM] Error (line 0, column 0): Stream failed to open
L 05/27/2017 - 07:32:59: [SM] Fatal error encountered parsing translation file "customvotes.phrases.txt"
L 05/27/2017 - 07:32:59: [SM] Error (line 0, column 0): Stream failed to open
L 05/27/2017 - 07:34:46: [SM] Exception reported: Entity 1 (1) is invalid
L 05/27/2017 - 07:34:46: [SM] Blaming: autodifficultypatch.smx
L 05/27/2017 - 07:34:46: [SM] Call stack trace:
L 05/27/2017 - 07:34:46: [SM]   [0] GetEntPropString
L 05/27/2017 - 07:34:46: [SM]   [1] Line 1420, C:\Users\Ethorbit\Desktop\sourcemod\scripting\autodifficultypatch.sp::FindEntityByTargetName
L 05/27/2017 - 07:34:46: [SM]   [2] Line 175, C:\Users\Ethorbit\Desktop\sourcemod\scripting\autodifficultypatch.sp::UpdateHeadcrab
L 05/27/2017 - 07:34:46: [SM]   [3] Line 26, C:\Users\Ethorbit\Desktop\sourcemod\scripting\autodifficultypatch.sp::OnClientDisconnect_Post
L 05/27/2017 - 07:34:47: Error log file session closed.
L 05/27/2017 - 07:34:48: SourceMod error session started
L 05/27/2017 - 07:34:48: Info (map "dm_raven_m") (file "errors_20170527.log")
L 05/27/2017 - 07:34:48: [SM] Fatal error encountered parsing translation file "savescores.phrases.txt"
L 05/27/2017 - 07:34:48: [SM] Error (line 0, column 0): Stream failed to open
L 05/27/2017 - 07:34:48: [SM] Fatal error encountered parsing translation file "customvotes.phrases.txt"
L 05/27/2017 - 07:34:48: [SM] Error (line 0, column 0): Stream failed to open
L 05/27/2017 - 07:37:35: [SM] Exception reported: Entity 3 (3) is invalid
L 05/27/2017 - 07:37:35: [SM] Blaming: autodifficultypatch.smx
L 05/27/2017 - 07:37:35: [SM] Call stack trace:
L 05/27/2017 - 07:37:35: [SM]   [0] GetEntPropString
L 05/27/2017 - 07:37:35: [SM]   [1] Line 1420, C:\Users\Ethorbit\Desktop\sourcemod\scripting\autodifficultypatch.sp::FindEntityByTargetName
L 05/27/2017 - 07:37:35: [SM]   [2] Line 984, C:\Users\Ethorbit\Desktop\sourcemod\scripting\autodifficultypatch.sp::UpdateHeadcrab
L 05/27/2017 - 07:37:35: [SM]   [3] Line 26, C:\Users\Ethorbit\Desktop\sourcemod\scripting\autodifficultypatch.sp::OnClientDisconnect_Post
L 05/27/2017 - 07:45:54: [SM] Exception reported: Language phrase "Score restored" not found
L 05/27/2017 - 07:45:54: [SM] Blaming: savescores.smx
L 05/27/2017 - 07:45:54: [SM] Call stack trace:
L 05/27/2017 - 07:45:54: [SM]   [0] VFormat
L 05/27/2017 - 07:45:54: [SM]   [1] Line 60, D:\Source-Servers\css_sm_1.2.4\cstrike\addons\sourcemod\scripting\include\colors.inc::CPrintToChat
L 05/27/2017 - 07:45:54: [SM]   [2] Line 649, D:\Source-Servers\css_sm_1.2.4\cstrike\addons\sourcemod\scripting\savescores.sp::SetPlayerScore
L 05/27/2017 - 07:46:01: [SM] Exception reported: Entity 3 (3) is invalid
L 05/27/2017 - 07:46:01: [SM] Blaming: autodifficultypatch.smx
L 05/27/2017 - 07:46:01: [SM] Call stack trace:
L 05/27/2017 - 07:46:01: [SM]   [0] GetEntPropString
L 05/27/2017 - 07:46:01: [SM]   [1] Line 1420, C:\Users\Ethorbit\Desktop\sourcemod\scripting\autodifficultypatch.sp::FindEntityByTargetName
L 05/27/2017 - 07:46:01: [SM]   [2] Line 984, C:\Users\Ethorbit\Desktop\sourcemod\scripting\autodifficultypatch.sp::UpdateHeadcrab
L 05/27/2017 - 07:46:01: [SM]   [3] Line 26, C:\Users\Ethorbit\Desktop\sourcemod\scripting\autodifficultypatch.sp::OnClientDisconnect_Post
L 05/27/2017 - 07:57:55: [SM] Exception reported: Entity 3 (3) is invalid
L 05/27/2017 - 07:57:55: [SM] Blaming: autodifficultypatch.smx
L 05/27/2017 - 07:57:55: [SM] Call stack trace:
L 05/27/2017 - 07:57:55: [SM]   [0] GetEntPropString
L 05/27/2017 - 07:57:55: [SM]   [1] Line 1420, C:\Users\Ethorbit\Desktop\sourcemod\scripting\autodifficultypatch.sp::FindEntityByTargetName
L 05/27/2017 - 07:57:55: [SM]   [2] Line 984, C:\Users\Ethorbit\Desktop\sourcemod\scripting\autodifficultypatch.sp::UpdateHeadcrab
L 05/27/2017 - 07:57:55: [SM]   [3] Line 26, C:\Users\Ethorbit\Desktop\sourcemod\scripting\autodifficultypatch.sp::OnClientDisconnect_Post
L 05/27/2017 - 08:18:29: [SM] Exception reported: Entity 3 (3) is invalid
L 05/27/2017 - 08:18:29: [SM] Blaming: autodifficultypatch.smx
L 05/27/2017 - 08:18:29: [SM] Call stack trace:
L 05/27/2017 - 08:18:29: [SM]   [0] GetEntPropString
L 05/27/2017 - 08:18:29: [SM]   [1] Line 1420, C:\Users\Ethorbit\Desktop\sourcemod\scripting\autodifficultypatch.sp::FindEntityByTargetName
L 05/27/2017 - 08:18:29: [SM]   [2] Line 984, C:\Users\Ethorbit\Desktop\sourcemod\scripting\autodifficultypatch.sp::UpdateHeadcrab
L 05/27/2017 - 08:18:29: [SM]   [3] Line 26, C:\Users\Ethorbit\Desktop\sourcemod\scripting\autodifficultypatch.sp::OnClientDisconnect_Post
L 05/27/2017 - 08:30:06: [SM] Exception reported: Entity 3 (3) is invalid
L 05/27/2017 - 08:30:06: [SM] Blaming: autodifficultypatch.smx
L 05/27/2017 - 08:30:06: [SM] Call stack trace:
L 05/27/2017 - 08:30:06: [SM]   [0] GetEntPropString
L 05/27/2017 - 08:30:06: [SM]   [1] Line 1420, C:\Users\Ethorbit\Desktop\sourcemod\scripting\autodifficultypatch.sp::FindEntityByTargetName
L 05/27/2017 - 08:30:06: [SM]   [2] Line 984, C:\Users\Ethorbit\Desktop\sourcemod\scripting\autodifficultypatch.sp::UpdateHeadcrab
L 05/27/2017 - 08:30:06: [SM]   [3] Line 26, C:\Users\Ethorbit\Desktop\sourcemod\scripting\autodifficultypatch.sp::OnClientDisconnect_Post
L 05/27/2017 - 08:32:24: [SM] Exception reported: Entity 1 (1) is invalid
L 05/27/2017 - 08:32:24: [SM] Blaming: autodifficultypatch.smx
L 05/27/2017 - 08:32:24: [SM] Call stack trace:
L 05/27/2017 - 08:32:24: [SM]   [0] GetEntPropString
L 05/27/2017 - 08:32:24: [SM]   [1] Line 1420, C:\Users\Ethorbit\Desktop\sourcemod\scripting\autodifficultypatch.sp::FindEntityByTargetName
L 05/27/2017 - 08:32:24: [SM]   [2] Line 976, C:\Users\Ethorbit\Desktop\sourcemod\scripting\autodifficultypatch.sp::UpdateHeadcrab
L 05/27/2017 - 08:32:24: [SM]   [3] Line 26, C:\Users\Ethorbit\Desktop\sourcemod\scripting\autodifficultypatch.sp::OnClientDisconnect_Post
L 05/27/2017 - 08:32:24: [SM] Exception reported: Entity 2 (2) is invalid
L 05/27/2017 - 08:32:24: [SM] Blaming: autodifficultypatch.smx
L 05/27/2017 - 08:32:24: [SM] Call stack trace:
L 05/27/2017 - 08:32:24: [SM]   [0] GetEntPropString
L 05/27/2017 - 08:32:24: [SM]   [1] Line 1420, C:\Users\Ethorbit\Desktop\sourcemod\scripting\autodifficultypatch.sp::FindEntityByTargetName
L 05/27/2017 - 08:32:24: [SM]   [2] Line 968, C:\Users\Ethorbit\Desktop\sourcemod\scripting\autodifficultypatch.sp::UpdateHeadcrab
L 05/27/2017 - 08:32:24: [SM]   [3] Line 26, C:\Users\Ethorbit\Desktop\sourcemod\scripting\autodifficultypatch.sp::OnClientDisconnect_Post
L 05/27/2017 - 08:32:25: Error log file session closed.
L 05/27/2017 - 08:32:25: SourceMod error session started
L 05/27/2017 - 08:32:25: Info (map "pb_z_industry_m") (file "errors_20170527.log")
L 05/27/2017 - 08:32:25: [SM] Fatal error encountered parsing translation file "savescores.phrases.txt"
L 05/27/2017 - 08:32:25: [SM] Error (line 0, column 0): Stream failed to open
L 05/27/2017 - 08:32:25: [SM] Fatal error encountered parsing translation file "customvotes.phrases.txt"
L 05/27/2017 - 08:32:25: [SM] Error (line 0, column 0): Stream failed to open
L 05/27/2017 - 08:33:04: [SM] Exception reported: Entity 2 (2) is invalid
L 05/27/2017 - 08:33:04: [SM] Blaming: autodifficultypatch.smx
L 05/27/2017 - 08:33:04: [SM] Call stack trace:
L 05/27/2017 - 08:33:04: [SM]   [0] GetEntPropString
L 05/27/2017 - 08:33:04: [SM]   [1] Line 1420, C:\Users\Ethorbit\Desktop\sourcemod\scripting\autodifficultypatch.sp::FindEntityByTargetName
L 05/27/2017 - 08:33:04: [SM]   [2] Line 751, C:\Users\Ethorbit\Desktop\sourcemod\scripting\autodifficultypatch.sp::UpdateHeadcrab
L 05/27/2017 - 08:33:04: [SM]   [3] Line 26, C:\Users\Ethorbit\Desktop\sourcemod\scripting\autodifficultypatch.sp::OnClientDisconnect_Post
L 05/27/2017 - 08:33:26: [SM] Exception reported: Entity 1 (1) is invalid
L 05/27/2017 - 08:33:26: [SM] Blaming: autodifficultypatch.smx
L 05/27/2017 - 08:33:26: [SM] Call stack trace:
L 05/27/2017 - 08:33:26: [SM]   [0] GetEntPropString
L 05/27/2017 - 08:33:26: [SM]   [1] Line 1420, C:\Users\Ethorbit\Desktop\sourcemod\scripting\autodifficultypatch.sp::FindEntityByTargetName
L 05/27/2017 - 08:33:26: [SM]   [2] Line 743, C:\Users\Ethorbit\Desktop\sourcemod\scripting\autodifficultypatch.sp::UpdateHeadcrab
L 05/27/2017 - 08:33:26: [SM]   [3] Line 26, C:\Users\Ethorbit\Desktop\sourcemod\scripting\autodifficultypatch.sp::OnClientDisconnect_Post
L 05/27/2017 - 09:32:36: Error log file session closed.
L 05/27/2017 - 09:32:36: SourceMod error session started
L 05/27/2017 - 09:32:36: Info (map "dm_laststop_m") (file "errors_20170527.log")
L 05/27/2017 - 09:32:36: [SM] Fatal error encountered parsing translation file "savescores.phrases.txt"
L 05/27/2017 - 09:32:36: [SM] Error (line 0, column 0): Stream failed to open
L 05/27/2017 - 09:32:36: [SM] Fatal error encountered parsing translation file "customvotes.phrases.txt"
L 05/27/2017 - 09:32:36: [SM] Error (line 0, column 0): Stream failed to open
L 05/27/2017 - 09:45:28: [SM] Exception reported: Entity 1 (1) is invalid
L 05/27/2017 - 09:45:28: [SM] Blaming: autodifficultypatch.smx
L 05/27/2017 - 09:45:28: [SM] Call stack trace:
L 05/27/2017 - 09:45:28: [SM]   [0] GetEntPropString
L 05/27/2017 - 09:45:28: [SM]   [1] Line 1420, C:\Users\Ethorbit\Desktop\sourcemod\scripting\autodifficultypatch.sp::FindEntityByTargetName
L 05/27/2017 - 09:45:28: [SM]   [2] Line 893, C:\Users\Ethorbit\Desktop\sourcemod\scripting\autodifficultypatch.sp::UpdateHeadcrab
L 05/27/2017 - 09:45:28: [SM]   [3] Line 26, C:\Users\Ethorbit\Desktop\sourcemod\scripting\autodifficultypatch.sp::OnClientDisconnect_Post
L 05/27/2017 - 10:06:59: [SM] Exception reported: Entity 2 (2) is invalid
L 05/27/2017 - 10:06:59: [SM] Blaming: autodifficultypatch.smx
L 05/27/2017 - 10:06:59: [SM] Call stack trace:
L 05/27/2017 - 10:06:59: [SM]   [0] GetEntPropString
L 05/27/2017 - 10:06:59: [SM]   [1] Line 1420, C:\Users\Ethorbit\Desktop\sourcemod\scripting\autodifficultypatch.sp::FindEntityByTargetName
L 05/27/2017 - 10:06:59: [SM]   [2] Line 901, C:\Users\Ethorbit\Desktop\sourcemod\scripting\autodifficultypatch.sp::UpdateHeadcrab
L 05/27/2017 - 10:06:59: [SM]   [3] Line 26, C:\Users\Ethorbit\Desktop\sourcemod\scripting\autodifficultypatch.sp::OnClientDisconnect_Post
L 05/27/2017 - 10:07:14: [SM] Exception reported: Entity 1 (1) is invalid
L 05/27/2017 - 10:07:14: [SM] Blaming: autodifficultypatch.smx
L 05/27/2017 - 10:07:14: [SM] Call stack trace:
L 05/27/2017 - 10:07:14: [SM]   [0] GetEntPropString
L 05/27/2017 - 10:07:14: [SM]   [1] Line 1420, C:\Users\Ethorbit\Desktop\sourcemod\scripting\autodifficultypatch.sp::FindEntityByTargetName
L 05/27/2017 - 10:07:14: [SM]   [2] Line 893, C:\Users\Ethorbit\Desktop\sourcemod\scripting\autodifficultypatch.sp::UpdateHeadcrab
L 05/27/2017 - 10:07:14: [SM]   [3] Line 26, C:\Users\Ethorbit\Desktop\sourcemod\scripting\autodifficultypatch.sp::OnClientDisconnect_Post
L 05/27/2017 - 10:32:50: Error log file session closed.
L 05/27/2017 - 10:32:50: SourceMod error session started
L 05/27/2017 - 10:32:50: Info (map "pb_z_office_tower_v2_m") (file "errors_20170527.log")
L 05/27/2017 - 10:32:50: [SM] Fatal error encountered parsing translation file "savescores.phrases.txt"
L 05/27/2017 - 10:32:50: [SM] Error (line 0, column 0): Stream failed to open
L 05/27/2017 - 10:32:50: [SM] Fatal error encountered parsing translation file "customvotes.phrases.txt"
L 05/27/2017 - 10:32:50: [SM] Error (line 0, column 0): Stream failed to open
L 05/27/2017 - 11:33:03: Error log file session closed.
L 05/27/2017 - 11:33:06: SourceMod error session started
L 05/27/2017 - 11:33:06: Info (map "dm_cave_m") (file "errors_20170527.log")
L 05/27/2017 - 11:33:06: [SM] Fatal error encountered parsing translation file "savescores.phrases.txt"
L 05/27/2017 - 11:33:06: [SM] Error (line 0, column 0): Stream failed to open
L 05/27/2017 - 11:33:06: [SM] Fatal error encountered parsing translation file "customvotes.phrases.txt"
L 05/27/2017 - 11:33:06: [SM] Error (line 0, column 0): Stream failed to open
L 05/27/2017 - 12:33:20: Error log file session closed.
L 05/27/2017 - 12:33:20: SourceMod error session started
L 05/27/2017 - 12:33:20: Info (map "dm_montana_m") (file "errors_20170527.log")
L 05/27/2017 - 12:33:20: [SM] Fatal error encountered parsing translation file "savescores.phrases.txt"
L 05/27/2017 - 12:33:20: [SM] Error (line 0, column 0): Stream failed to open
L 05/27/2017 - 12:33:20: [SM] Fatal error encountered parsing translation file "customvotes.phrases.txt"
L 05/27/2017 - 12:33:20: [SM] Error (line 0, column 0): Stream failed to open
L 05/27/2017 - 13:33:30: Error log file session closed.
L 05/27/2017 - 13:33:30: SourceMod error session started
L 05/27/2017 - 13:33:30: Info (map "dm_mine_entrance_m") (file "errors_20170527.log")
L 05/27/2017 - 13:33:30: [SM] Fatal error encountered parsing translation file "savescores.phrases.txt"
L 05/27/2017 - 13:33:30: [SM] Error (line 0, column 0): Stream failed to open
L 05/27/2017 - 13:33:30: [SM] Fatal error encountered parsing translation file "customvotes.phrases.txt"
L 05/27/2017 - 13:33:30: [SM] Error (line 0, column 0): Stream failed to open
L 05/27/2017 - 13:37:51: [SM] Exception reported: Entity 1 (1) is invalid
L 05/27/2017 - 13:37:51: [SM] Blaming: autodifficultypatch.smx
L 05/27/2017 - 13:37:51: [SM] Call stack trace:
L 05/27/2017 - 13:37:51: [SM]   [0] GetEntPropString
L 05/27/2017 - 13:37:51: [SM]   [1] Line 1420, C:\Users\Ethorbit\Desktop\sourcemod\scripting\autodifficultypatch.sp::FindEntityByTargetName
L 05/27/2017 - 13:37:51: [SM]   [2] Line 1043, C:\Users\Ethorbit\Desktop\sourcemod\scripting\autodifficultypatch.sp::UpdateHeadcrab
L 05/27/2017 - 13:37:51: [SM]   [3] Line 26, C:\Users\Ethorbit\Desktop\sourcemod\scripting\autodifficultypatch.sp::OnClientDisconnect_Post
L 05/27/2017 - 14:33:42: Error log file session closed.
L 05/27/2017 - 14:33:46: SourceMod error session started
L 05/27/2017 - 14:33:46: Info (map "dm_coldruins_rc1_m") (file "errors_20170527.log")
L 05/27/2017 - 14:33:46: [SM] Fatal error encountered parsing translation file "savescores.phrases.txt"
L 05/27/2017 - 14:33:46: [SM] Error (line 0, column 0): Stream failed to open
L 05/27/2017 - 14:33:46: [SM] Fatal error encountered parsing translation file "customvotes.phrases.txt"
L 05/27/2017 - 14:33:46: [SM] Error (line 0, column 0): Stream failed to open
L 05/27/2017 - 15:33:09: [SM] Exception reported: Entity 1 (1) is invalid
L 05/27/2017 - 15:33:09: [SM] Blaming: autodifficultypatch.smx
L 05/27/2017 - 15:33:09: [SM] Call stack trace:
L 05/27/2017 - 15:33:09: [SM]   [0] GetEntPropString
L 05/27/2017 - 15:33:09: [SM]   [1] Line 1420, C:\Users\Ethorbit\Desktop\sourcemod\scripting\autodifficultypatch.sp::FindEntityByTargetName
L 05/27/2017 - 15:33:09: [SM]   [2] Line 668, C:\Users\Ethorbit\Desktop\sourcemod\scripting\autodifficultypatch.sp::UpdateHeadcrab
L 05/27/2017 - 15:33:09: [SM]   [3] Line 26, C:\Users\Ethorbit\Desktop\sourcemod\scripting\autodifficultypatch.sp::OnClientDisconnect_Post
L 05/27/2017 - 15:33:58: Error log file session closed.
L 05/27/2017 - 15:33:58: SourceMod error session started
L 05/27/2017 - 15:33:58: Info (map "pb_z_industry_m") (file "errors_20170527.log")
L 05/27/2017 - 15:33:58: [SM] Fatal error encountered parsing translation file "savescores.phrases.txt"
L 05/27/2017 - 15:33:58: [SM] Error (line 0, column 0): Stream failed to open
L 05/27/2017 - 15:33:58: [SM] Fatal error encountered parsing translation file "customvotes.phrases.txt"
L 05/27/2017 - 15:33:58: [SM] Error (line 0, column 0): Stream failed to open
L 05/27/2017 - 16:34:10: Error log file session closed.
L 05/27/2017 - 16:34:13: SourceMod error session started
L 05/27/2017 - 16:34:13: Info (map "dm_raven_m") (file "errors_20170527.log")
L 05/27/2017 - 16:34:13: [SM] Fatal error encountered parsing translation file "savescores.phrases.txt"
L 05/27/2017 - 16:34:13: [SM] Error (line 0, column 0): Stream failed to open
L 05/27/2017 - 16:34:13: [SM] Fatal error encountered parsing translation file "customvotes.phrases.txt"
L 05/27/2017 - 16:34:13: [SM] Error (line 0, column 0): Stream failed to open
L 05/27/2017 - 16:34:26: SourceMod error session started
L 05/27/2017 - 16:34:26: Info (map "pb_z_high_school_m") (file "errors_20170527.log")
L 05/27/2017 - 16:34:26: [SDKTOOLS] Invalid detour address passed - Disabling detour to prevent crashes
L 05/27/2017 - 16:34:26: [SM] Fatal error encountered parsing translation file "savescores.phrases.txt"
L 05/27/2017 - 16:34:26: [SM] Error (line 0, column 0): Stream failed to open
L 05/27/2017 - 19:55:20: [SM] Exception reported: Entity 3 (3) is invalid
L 05/27/2017 - 19:55:20: [SM] Blaming: autodifficultypatch.smx
L 05/27/2017 - 19:55:20: [SM] Call stack trace:
L 05/27/2017 - 19:55:20: [SM]   [0] GetEntPropString
L 05/27/2017 - 19:55:20: [SM]   [1] Line 1420, C:\Users\Ethorbit\Desktop\sourcemod\scripting\autodifficultypatch.sp::FindEntityByTargetName
L 05/27/2017 - 19:55:20: [SM]   [2] Line 1210, C:\Users\Ethorbit\Desktop\sourcemod\scripting\autodifficultypatch.sp::UpdateHeadcrab
L 05/27/2017 - 19:55:20: [SM]   [3] Line 26, C:\Users\Ethorbit\Desktop\sourcemod\scripting\autodifficultypatch.sp::OnClientDisconnect_Post
L 05/27/2017 - 20:18:34: [SM] Exception reported: Entity 3 (3) is invalid
L 05/27/2017 - 20:18:34: [SM] Blaming: autodifficultypatch.smx
L 05/27/2017 - 20:18:34: [SM] Call stack trace:
L 05/27/2017 - 20:18:34: [SM]   [0] GetEntPropString
L 05/27/2017 - 20:18:34: [SM]   [1] Line 1420, C:\Users\Ethorbit\Desktop\sourcemod\scripting\autodifficultypatch.sp::FindEntityByTargetName
L 05/27/2017 - 20:18:34: [SM]   [2] Line 1210, C:\Users\Ethorbit\Desktop\sourcemod\scripting\autodifficultypatch.sp::UpdateHeadcrab
L 05/27/2017 - 20:18:34: [SM]   [3] Line 26, C:\Users\Ethorbit\Desktop\sourcemod\scripting\autodifficultypatch.sp::OnClientDisconnect_Post
L 05/27/2017 - 20:20:15: [SM] Exception reported: Entity 2 (2) is invalid
L 05/27/2017 - 20:20:15: [SM] Blaming: autodifficultypatch.smx
L 05/27/2017 - 20:20:15: [SM] Call stack trace:
L 05/27/2017 - 20:20:15: [SM]   [0] GetEntPropString
L 05/27/2017 - 20:20:15: [SM]   [1] Line 1420, C:\Users\Ethorbit\Desktop\sourcemod\scripting\autodifficultypatch.sp::FindEntityByTargetName
L 05/27/2017 - 20:20:15: [SM]   [2] Line 1202, C:\Users\Ethorbit\Desktop\sourcemod\scripting\autodifficultypatch.sp::UpdateHeadcrab
L 05/27/2017 - 20:20:15: [SM]   [3] Line 26, C:\Users\Ethorbit\Desktop\sourcemod\scripting\autodifficultypatch.sp::OnClientDisconnect_Post
L 05/27/2017 - 20:20:15: [SM] Exception reported: Entity 1 (1) is invalid
L 05/27/2017 - 20:20:15: [SM] Blaming: autodifficultypatch.smx
L 05/27/2017 - 20:20:15: [SM] Call stack trace:
L 05/27/2017 - 20:20:15: [SM]   [0] GetEntPropString
L 05/27/2017 - 20:20:15: [SM]   [1] Line 1420, C:\Users\Ethorbit\Desktop\sourcemod\scripting\autodifficultypatch.sp::FindEntityByTargetName
L 05/27/2017 - 20:20:15: [SM]   [2] Line 1194, C:\Users\Ethorbit\Desktop\sourcemod\scripting\autodifficultypatch.sp::UpdateHeadcrab
L 05/27/2017 - 20:20:15: [SM]   [3] Line 26, C:\Users\Ethorbit\Desktop\sourcemod\scripting\autodifficultypatch.sp::OnClientDisconnect_Post
L 05/27/2017 - 20:26:50: [SM] Exception reported: Entity 1 (1) is invalid
L 05/27/2017 - 20:26:50: [SM] Blaming: autodifficultypatch.smx
L 05/27/2017 - 20:26:50: [SM] Call stack trace:
L 05/27/2017 - 20:26:50: [SM]   [0] GetEntPropString
L 05/27/2017 - 20:26:50: [SM]   [1] Line 1420, C:\Users\Ethorbit\Desktop\sourcemod\scripting\autodifficultypatch.sp::FindEntityByTargetName
L 05/27/2017 - 20:26:50: [SM]   [2] Line 1194, C:\Users\Ethorbit\Desktop\sourcemod\scripting\autodifficultypatch.sp::UpdateHeadcrab
L 05/27/2017 - 20:26:50: [SM]   [3] Line 26, C:\Users\Ethorbit\Desktop\sourcemod\scripting\autodifficultypatch.sp::OnClientDisconnect_Post
L 05/27/2017 - 20:26:55: Error log file session closed.
L 05/27/2017 - 20:26:58: SourceMod error session started
L 05/27/2017 - 20:26:58: Info (map "pb_z_office_tower_v2_m") (file "errors_20170527.log")
L 05/27/2017 - 20:26:58: [SM] Fatal error encountered parsing translation file "savescores.phrases.txt"
L 05/27/2017 - 20:26:58: [SM] Error (line 0, column 0): Stream failed to open
L 05/27/2017 - 20:29:45: Error log file session closed.
L 05/27/2017 - 20:29:45: SourceMod error session started
L 05/27/2017 - 20:29:45: Info (map "dm_montana_m") (file "errors_20170527.log")
L 05/27/2017 - 20:29:45: [SM] Fatal error encountered parsing translation file "savescores.phrases.txt"
L 05/27/2017 - 20:29:45: [SM] Error (line 0, column 0): Stream failed to open
L 05/27/2017 - 20:31:33: [SM] Exception reported: Entity 1 (1) is invalid
L 05/27/2017 - 20:31:33: [SM] Blaming: autodifficultypatch.smx
L 05/27/2017 - 20:31:33: [SM] Call stack trace:
L 05/27/2017 - 20:31:33: [SM]   [0] GetEntPropString
L 05/27/2017 - 20:31:33: [SM]   [1] Line 1420, C:\Users\Ethorbit\Desktop\sourcemod\scripting\autodifficultypatch.sp::FindEntityByTargetName
L 05/27/2017 - 20:31:33: [SM]   [2] Line 242, C:\Users\Ethorbit\Desktop\sourcemod\scripting\autodifficultypatch.sp::UpdateHeadcrab
L 05/27/2017 - 20:31:33: [SM]   [3] Line 26, C:\Users\Ethorbit\Desktop\sourcemod\scripting\autodifficultypatch.sp::OnClientDisconnect_Post
L 05/27/2017 - 20:43:38: [SM] Exception reported: Entity 2 (2) is invalid
L 05/27/2017 - 20:43:38: [SM] Blaming: autodifficultypatch.smx
L 05/27/2017 - 20:43:38: [SM] Call stack trace:
L 05/27/2017 - 20:43:38: [SM]   [0] GetEntPropString
L 05/27/2017 - 20:43:38: [SM]   [1] Line 1420, C:\Users\Ethorbit\Desktop\sourcemod\scripting\autodifficultypatch.sp::FindEntityByTargetName
L 05/27/2017 - 20:43:38: [SM]   [2] Line 242, C:\Users\Ethorbit\Desktop\sourcemod\scripting\autodifficultypatch.sp::UpdateHeadcrab
L 05/27/2017 - 20:43:38: [SM]   [3] Line 26, C:\Users\Ethorbit\Desktop\sourcemod\scripting\autodifficultypatch.sp::OnClientDisconnect_Post
L 05/27/2017 - 21:11:50: [SM] Exception reported: Entity 1 (1) is invalid
L 05/27/2017 - 21:11:50: [SM] Blaming: autodifficultypatch.smx
L 05/27/2017 - 21:11:50: [SM] Call stack trace:
L 05/27/2017 - 21:11:50: [SM]   [0] GetEntPropString
L 05/27/2017 - 21:11:50: [SM]   [1] Line 1420, C:\Users\Ethorbit\Desktop\sourcemod\scripting\autodifficultypatch.sp::FindEntityByTargetName
L 05/27/2017 - 21:11:50: [SM]   [2] Line 242, C:\Users\Ethorbit\Desktop\sourcemod\scripting\autodifficultypatch.sp::UpdateHeadcrab
L 05/27/2017 - 21:11:50: [SM]   [3] Line 26, C:\Users\Ethorbit\Desktop\sourcemod\scripting\autodifficultypatch.sp::OnClientDisconnect_Post
L 05/27/2017 - 21:29:58: Error log file session closed.
L 05/27/2017 - 21:29:58: SourceMod error session started
L 05/27/2017 - 21:29:58: Info (map "dm_laststop_m") (file "errors_20170527.log")
L 05/27/2017 - 21:29:58: [SM] Fatal error encountered parsing translation file "savescores.phrases.txt"
L 05/27/2017 - 21:29:58: [SM] Error (line 0, column 0): Stream failed to open
L 05/27/2017 - 22:30:09: Error log file session closed.
L 05/27/2017 - 22:30:09: SourceMod error session started
L 05/27/2017 - 22:30:09: Info (map "pb_z_underground_m") (file "errors_20170527.log")
L 05/27/2017 - 22:30:09: [SM] Fatal error encountered parsing translation file "savescores.phrases.txt"
L 05/27/2017 - 22:30:09: [SM] Error (line 0, column 0): Stream failed to open
L 05/27/2017 - 23:30:20: Error log file session closed.
L 05/27/2017 - 23:30:20: SourceMod error session started
L 05/27/2017 - 23:30:20: Info (map "pb_z_disorder_m") (file "errors_20170527.log")
L 05/27/2017 - 23:30:20: [SM] Fatal error encountered parsing translation file "savescores.phrases.txt"
L 05/27/2017 - 23:30:20: [SM] Error (line 0, column 0): Stream failed to open
