L 06/09/2017 - 00:30:57: SourceMod error session started
L 06/09/2017 - 00:30:57: Info (map "pb_z_high_school_m") (file "errors_20170609.log")
L 06/09/2017 - 00:30:57: [SDKTOOLS] Invalid detour address passed - Disabling detour to prevent crashes
L 06/09/2017 - 00:30:57: [SM] Unable to load extension "soundlib.ext": error code 0000007e
L 06/09/2017 - 00:30:57: [SM] Unable to load extension "config.ext": error code 0000007e
L 06/09/2017 - 00:30:57: [SM] Fatal error encountered parsing translation file "savescores.phrases.txt"
L 06/09/2017 - 00:30:57: [SM] Error (line 0, column 0): Stream failed to open
L 06/09/2017 - 00:30:57: [SM] Unable to load plugin "time-left-actions.smx": Required extension "Sound Info Library" file("soundlib.ext") not running
L 06/09/2017 - 11:48:55: SourceMod error session started
L 06/09/2017 - 11:48:55: Info (map "pb_z_high_school_m") (file "errors_20170609.log")
L 06/09/2017 - 11:48:55: [SDKTOOLS] Invalid detour address passed - Disabling detour to prevent crashes
L 06/09/2017 - 11:48:55: [SM] Unable to load extension "soundlib.ext": error code 0000007e
L 06/09/2017 - 11:48:55: [SM] Unable to load extension "config.ext": error code 0000007e
L 06/09/2017 - 11:48:55: [SM] Fatal error encountered parsing translation file "savescores.phrases.txt"
L 06/09/2017 - 11:48:55: [SM] Error (line 0, column 0): Stream failed to open
L 06/09/2017 - 11:48:55: [SM] Unable to load plugin "time-left-actions.smx": Required extension "Sound Info Library" file("soundlib.ext") not running
L 06/09/2017 - 11:49:39: [SM] Exception reported: Entity 1 (1) is invalid
L 06/09/2017 - 11:49:39: [SM] Blaming: autodifficultypatch.smx
L 06/09/2017 - 11:49:39: [SM] Call stack trace:
L 06/09/2017 - 11:49:39: [SM]   [0] GetEntPropString
L 06/09/2017 - 11:49:39: [SM]   [1] Line 1622, C:\Users\Ethorbit\Desktop\sourcemodbackup\sourcemod\addons\sourcemod\scripting\autodifficultypatch.sp::FindEntityByTargetName
L 06/09/2017 - 11:49:39: [SM]   [2] Line 1396, C:\Users\Ethorbit\Desktop\sourcemodbackup\sourcemod\addons\sourcemod\scripting\autodifficultypatch.sp::UpdateHeadcrab
L 06/09/2017 - 11:49:39: [SM]   [3] Line 26, C:\Users\Ethorbit\Desktop\sourcemodbackup\sourcemod\addons\sourcemod\scripting\autodifficultypatch.sp::OnClientDisconnect_Post
L 06/09/2017 - 11:49:39: Error log file session closed.
L 06/09/2017 - 11:49:39: SourceMod error session started
L 06/09/2017 - 11:49:39: Info (map "dm_cave_m") (file "errors_20170609.log")
L 06/09/2017 - 11:49:39: [SM] Fatal error encountered parsing translation file "savescores.phrases.txt"
L 06/09/2017 - 11:49:39: [SM] Error (line 0, column 0): Stream failed to open
L 06/09/2017 - 11:50:39: [SM] Exception reported: Entity 1 (1) is invalid
L 06/09/2017 - 11:50:39: [SM] Blaming: autodifficultypatch.smx
L 06/09/2017 - 11:50:39: [SM] Call stack trace:
L 06/09/2017 - 11:50:39: [SM]   [0] GetEntPropString
L 06/09/2017 - 11:50:39: [SM]   [1] Line 1622, C:\Users\Ethorbit\Desktop\sourcemodbackup\sourcemod\addons\sourcemod\scripting\autodifficultypatch.sp::FindEntityByTargetName
L 06/09/2017 - 11:50:39: [SM]   [2] Line 795, C:\Users\Ethorbit\Desktop\sourcemodbackup\sourcemod\addons\sourcemod\scripting\autodifficultypatch.sp::UpdateHeadcrab
L 06/09/2017 - 11:50:39: [SM]   [3] Line 26, C:\Users\Ethorbit\Desktop\sourcemodbackup\sourcemod\addons\sourcemod\scripting\autodifficultypatch.sp::OnClientDisconnect_Post
L 06/09/2017 - 11:58:22: [SM] Exception reported: Entity 1 (1) is invalid
L 06/09/2017 - 11:58:22: [SM] Blaming: autodifficultypatch.smx
L 06/09/2017 - 11:58:22: [SM] Call stack trace:
L 06/09/2017 - 11:58:22: [SM]   [0] GetEntPropString
L 06/09/2017 - 11:58:22: [SM]   [1] Line 1622, C:\Users\Ethorbit\Desktop\sourcemodbackup\sourcemod\addons\sourcemod\scripting\autodifficultypatch.sp::FindEntityByTargetName
L 06/09/2017 - 11:58:22: [SM]   [2] Line 795, C:\Users\Ethorbit\Desktop\sourcemodbackup\sourcemod\addons\sourcemod\scripting\autodifficultypatch.sp::UpdateHeadcrab
L 06/09/2017 - 11:58:22: [SM]   [3] Line 26, C:\Users\Ethorbit\Desktop\sourcemodbackup\sourcemod\addons\sourcemod\scripting\autodifficultypatch.sp::OnClientDisconnect_Post
L 06/09/2017 - 12:49:51: Error log file session closed.
L 06/09/2017 - 12:49:51: SourceMod error session started
L 06/09/2017 - 12:49:51: Info (map "dm_raven_m") (file "errors_20170609.log")
L 06/09/2017 - 12:49:51: [SM] Fatal error encountered parsing translation file "savescores.phrases.txt"
L 06/09/2017 - 12:49:51: [SM] Error (line 0, column 0): Stream failed to open
L 06/09/2017 - 13:50:02: Error log file session closed.
L 06/09/2017 - 13:50:02: SourceMod error session started
L 06/09/2017 - 13:50:02: Info (map "dm_central_station_v1_m") (file "errors_20170609.log")
L 06/09/2017 - 13:50:02: [SM] Fatal error encountered parsing translation file "savescores.phrases.txt"
L 06/09/2017 - 13:50:02: [SM] Error (line 0, column 0): Stream failed to open
L 06/09/2017 - 14:32:02: SourceMod error session started
L 06/09/2017 - 14:32:02: Info (map "pb_z_high_school_m") (file "errors_20170609.log")
L 06/09/2017 - 14:32:02: [SDKTOOLS] Invalid detour address passed - Disabling detour to prevent crashes
L 06/09/2017 - 14:32:02: [SM] Unable to load extension "soundlib.ext": error code 0000007e
L 06/09/2017 - 14:32:02: [SM] Unable to load extension "config.ext": error code 0000007e
L 06/09/2017 - 14:32:02: [SM] Fatal error encountered parsing translation file "savescores.phrases.txt"
L 06/09/2017 - 14:32:02: [SM] Error (line 0, column 0): Stream failed to open
L 06/09/2017 - 14:32:02: [SM] Unable to load plugin "time-left-actions.smx": Required extension "Sound Info Library" file("soundlib.ext") not running
L 06/09/2017 - 14:39:01: SourceMod error session started
L 06/09/2017 - 14:39:01: Info (map "pb_z_high_school_m") (file "errors_20170609.log")
L 06/09/2017 - 14:39:01: [SDKTOOLS] Invalid detour address passed - Disabling detour to prevent crashes
L 06/09/2017 - 14:39:01: [SM] Unable to load extension "soundlib.ext": error code 0000007e
L 06/09/2017 - 14:39:01: [SM] Unable to load extension "config.ext": error code 0000007e
L 06/09/2017 - 14:39:01: [SM] Fatal error encountered parsing translation file "savescores.phrases.txt"
L 06/09/2017 - 14:39:01: [SM] Error (line 0, column 0): Stream failed to open
L 06/09/2017 - 14:39:01: [SM] Unable to load plugin "time-left-actions.smx": Required extension "Sound Info Library" file("soundlib.ext") not running
L 06/09/2017 - 14:54:06: [SM] Exception reported: Entity 1 (1) is invalid
L 06/09/2017 - 14:54:06: [SM] Blaming: autodifficultypatch.smx
L 06/09/2017 - 14:54:06: [SM] Call stack trace:
L 06/09/2017 - 14:54:06: [SM]   [0] GetEntPropString
L 06/09/2017 - 14:54:06: [SM]   [1] Line 1622, C:\Users\Ethorbit\Desktop\sourcemodbackup\sourcemod\addons\sourcemod\scripting\autodifficultypatch.sp::FindEntityByTargetName
L 06/09/2017 - 14:54:06: [SM]   [2] Line 1396, C:\Users\Ethorbit\Desktop\sourcemodbackup\sourcemod\addons\sourcemod\scripting\autodifficultypatch.sp::UpdateHeadcrab
L 06/09/2017 - 14:54:06: [SM]   [3] Line 26, C:\Users\Ethorbit\Desktop\sourcemodbackup\sourcemod\addons\sourcemod\scripting\autodifficultypatch.sp::OnClientDisconnect_Post
