L 06/27/2017 - 00:06:47: SourceMod error session started
L 06/27/2017 - 00:06:47: Info (map "dm_laststop_h") (file "errors_20170627.log")
L 06/27/2017 - 00:06:47: Error log file session closed.
L 06/27/2017 - 00:06:47: SourceMod error session started
L 06/27/2017 - 00:06:47: Info (map "dm_laststop_h") (file "errors_20170627.log")
L 06/27/2017 - 00:06:47: [SM] Fatal error encountered parsing translation file "savescores.phrases.txt"
L 06/27/2017 - 00:06:47: [SM] Error (line 0, column 0): Stream failed to open
L 06/27/2017 - 00:06:47: [SM] Fatal error encountered parsing translation file "customvotes.phrases.txt"
L 06/27/2017 - 00:06:47: [SM] Error (line 0, column 0): Stream failed to open
L 06/27/2017 - 00:06:47: [admin-flatfile.smx] Error(s) detected parsing addons\sourcemod\configs\admins.cfg
L 06/27/2017 - 00:06:47: [admin-flatfile.smx]  (line 13) Invalid flag detected: d
L 06/27/2017 - 00:06:47: [admin-flatfile.smx]  (line 13) Invalid flag detected: e
L 06/27/2017 - 00:06:47: [admin-flatfile.smx]  (line 19) Invalid flag detected: d
L 06/27/2017 - 00:06:47: [admin-flatfile.smx]  (line 19) Invalid flag detected: e
L 06/27/2017 - 00:06:47: [admin-flatfile.smx]  (line 25) Invalid flag detected: d
L 06/27/2017 - 00:06:47: [admin-flatfile.smx]  (line 25) Invalid flag detected: e
L 06/27/2017 - 00:06:47: [admin-flatfile.smx]  (line 31) Invalid flag detected: d
L 06/27/2017 - 00:06:47: [admin-flatfile.smx]  (line 31) Invalid flag detected: e
L 06/27/2017 - 00:06:47: [admin-flatfile.smx]  (line 37) Invalid flag detected: d
L 06/27/2017 - 00:06:47: [admin-flatfile.smx]  (line 37) Invalid flag detected: e
L 06/27/2017 - 00:06:47: [admin-flatfile.smx]  (line 43) Invalid flag detected: d
L 06/27/2017 - 00:06:47: [admin-flatfile.smx]  (line 43) Invalid flag detected: e
L 06/27/2017 - 00:06:47: [admin-flatfile.smx]  (line 49) Invalid flag detected: d
L 06/27/2017 - 00:06:47: [admin-flatfile.smx]  (line 49) Invalid flag detected: e
L 06/27/2017 - 00:12:19: [SM] Exception reported: Entity 1 (1) is invalid
L 06/27/2017 - 00:12:19: [SM] Blaming: autodifficultypatch.smx
L 06/27/2017 - 00:12:19: [SM] Call stack trace:
L 06/27/2017 - 00:12:19: [SM]   [0] GetEntPropString
L 06/27/2017 - 00:12:19: [SM]   [1] Line 1898, C:\Users\Ethorbit\Desktop\sourcemodbackup\sourcemod\addons\sourcemod\scripting\autodifficultypatch.sp::FindEntityByTargetName
L 06/27/2017 - 00:12:19: [SM]   [2] Line 1371, C:\Users\Ethorbit\Desktop\sourcemodbackup\sourcemod\addons\sourcemod\scripting\autodifficultypatch.sp::UpdateHeadcrab
L 06/27/2017 - 00:12:19: [SM]   [3] Line 26, C:\Users\Ethorbit\Desktop\sourcemodbackup\sourcemod\addons\sourcemod\scripting\autodifficultypatch.sp::OnClientDisconnect_Post
L 06/27/2017 - 00:15:53: SourceMod error session started
L 06/27/2017 - 00:15:53: Info (map "pb_z_high_school_h") (file "errors_20170627.log")
L 06/27/2017 - 00:15:53: [SDKTOOLS] Invalid detour address passed - Disabling detour to prevent crashes
L 06/27/2017 - 00:15:53: [SM] Unable to load extension "soundlib.ext": error code 0000007e
L 06/27/2017 - 00:15:53: [SM] Unable to load extension "config.ext": error code 0000007e
L 06/27/2017 - 00:15:53: [SM] Fatal error encountered parsing translation file "customvotes.phrases.txt"
L 06/27/2017 - 00:15:53: [SM] Error (line 0, column 0): Stream failed to open
L 06/27/2017 - 00:15:53: [SM] Unable to load plugin "inviter-fix.smx": Could not find required plugin "steamcore"
L 06/27/2017 - 00:15:53: [SM] Fatal error encountered parsing translation file "savescores.phrases.txt"
L 06/27/2017 - 00:15:53: [SM] Error (line 0, column 0): Stream failed to open
L 06/27/2017 - 00:15:53: [SM] Unable to load plugin "time-left-actions.smx": Required extension "Sound Info Library" file("soundlib.ext") not running
L 06/27/2017 - 00:15:53: [admin-flatfile.smx] Error(s) detected parsing addons\sourcemod\configs\admins.cfg
L 06/27/2017 - 00:15:53: [admin-flatfile.smx]  (line 13) Invalid flag detected: d
L 06/27/2017 - 00:15:53: [admin-flatfile.smx]  (line 13) Invalid flag detected: e
L 06/27/2017 - 00:15:53: [admin-flatfile.smx]  (line 19) Invalid flag detected: d
L 06/27/2017 - 00:15:53: [admin-flatfile.smx]  (line 19) Invalid flag detected: e
L 06/27/2017 - 00:15:53: [admin-flatfile.smx]  (line 25) Invalid flag detected: d
L 06/27/2017 - 00:15:53: [admin-flatfile.smx]  (line 25) Invalid flag detected: e
L 06/27/2017 - 00:15:53: [admin-flatfile.smx]  (line 31) Invalid flag detected: d
L 06/27/2017 - 00:15:53: [admin-flatfile.smx]  (line 31) Invalid flag detected: e
L 06/27/2017 - 00:15:53: [admin-flatfile.smx]  (line 37) Invalid flag detected: d
L 06/27/2017 - 00:15:53: [admin-flatfile.smx]  (line 37) Invalid flag detected: e
L 06/27/2017 - 00:15:53: [admin-flatfile.smx]  (line 43) Invalid flag detected: d
L 06/27/2017 - 00:15:53: [admin-flatfile.smx]  (line 43) Invalid flag detected: e
L 06/27/2017 - 00:15:53: [admin-flatfile.smx]  (line 49) Invalid flag detected: d
L 06/27/2017 - 00:15:53: [admin-flatfile.smx]  (line 49) Invalid flag detected: e
L 06/27/2017 - 00:16:00: Error log file session closed.
L 06/27/2017 - 00:16:00: SourceMod error session started
L 06/27/2017 - 00:16:00: Info (map "pb_z_high_school_h") (file "errors_20170627.log")
L 06/27/2017 - 00:16:00: [SM] Fatal error encountered parsing translation file "customvotes.phrases.txt"
L 06/27/2017 - 00:16:00: [SM] Error (line 0, column 0): Stream failed to open
L 06/27/2017 - 00:16:00: [SM] Fatal error encountered parsing translation file "savescores.phrases.txt"
L 06/27/2017 - 00:16:00: [SM] Error (line 0, column 0): Stream failed to open
L 06/27/2017 - 00:16:00: [admin-flatfile.smx] Error(s) detected parsing addons\sourcemod\configs\admins.cfg
L 06/27/2017 - 00:16:00: [admin-flatfile.smx]  (line 13) Invalid flag detected: d
L 06/27/2017 - 00:16:00: [admin-flatfile.smx]  (line 13) Invalid flag detected: e
L 06/27/2017 - 00:16:00: [admin-flatfile.smx]  (line 19) Invalid flag detected: d
L 06/27/2017 - 00:16:00: [admin-flatfile.smx]  (line 19) Invalid flag detected: e
L 06/27/2017 - 00:16:00: [admin-flatfile.smx]  (line 25) Invalid flag detected: d
L 06/27/2017 - 00:16:00: [admin-flatfile.smx]  (line 25) Invalid flag detected: e
L 06/27/2017 - 00:16:00: [admin-flatfile.smx]  (line 31) Invalid flag detected: d
L 06/27/2017 - 00:16:00: [admin-flatfile.smx]  (line 31) Invalid flag detected: e
L 06/27/2017 - 00:16:00: [admin-flatfile.smx]  (line 37) Invalid flag detected: d
L 06/27/2017 - 00:16:00: [admin-flatfile.smx]  (line 37) Invalid flag detected: e
L 06/27/2017 - 00:16:00: [admin-flatfile.smx]  (line 43) Invalid flag detected: d
L 06/27/2017 - 00:16:00: [admin-flatfile.smx]  (line 43) Invalid flag detected: e
L 06/27/2017 - 00:16:00: [admin-flatfile.smx]  (line 49) Invalid flag detected: d
L 06/27/2017 - 00:16:00: [admin-flatfile.smx]  (line 49) Invalid flag detected: e
L 06/27/2017 - 00:36:14: [SM] Exception reported: Entity 1 (1) is invalid
L 06/27/2017 - 00:36:14: [SM] Blaming: autodifficultypatch.smx
L 06/27/2017 - 00:36:14: [SM] Call stack trace:
L 06/27/2017 - 00:36:14: [SM]   [0] GetEntPropString
L 06/27/2017 - 00:36:14: [SM]   [1] Line 1898, C:\Users\Ethorbit\Desktop\sourcemodbackup\sourcemod\addons\sourcemod\scripting\autodifficultypatch.sp::FindEntityByTargetName
L 06/27/2017 - 00:36:14: [SM]   [2] Line 1680, C:\Users\Ethorbit\Desktop\sourcemodbackup\sourcemod\addons\sourcemod\scripting\autodifficultypatch.sp::UpdateHeadcrab
L 06/27/2017 - 00:36:14: [SM]   [3] Line 26, C:\Users\Ethorbit\Desktop\sourcemodbackup\sourcemod\addons\sourcemod\scripting\autodifficultypatch.sp::OnClientDisconnect_Post
L 06/27/2017 - 00:36:20: [SM] Exception reported: Entity 2 (2) is invalid
L 06/27/2017 - 00:36:20: [SM] Blaming: autodifficultypatch.smx
L 06/27/2017 - 00:36:20: [SM] Call stack trace:
L 06/27/2017 - 00:36:20: [SM]   [0] GetEntPropString
L 06/27/2017 - 00:36:20: [SM]   [1] Line 1898, C:\Users\Ethorbit\Desktop\sourcemodbackup\sourcemod\addons\sourcemod\scripting\autodifficultypatch.sp::FindEntityByTargetName
L 06/27/2017 - 00:36:20: [SM]   [2] Line 1672, C:\Users\Ethorbit\Desktop\sourcemodbackup\sourcemod\addons\sourcemod\scripting\autodifficultypatch.sp::UpdateHeadcrab
L 06/27/2017 - 00:36:20: [SM]   [3] Line 26, C:\Users\Ethorbit\Desktop\sourcemodbackup\sourcemod\addons\sourcemod\scripting\autodifficultypatch.sp::OnClientDisconnect_Post
L 06/27/2017 - 00:49:56: [SM] Exception reported: Entity 1 (1) is invalid
L 06/27/2017 - 00:49:56: [SM] Blaming: autodifficultypatch.smx
L 06/27/2017 - 00:49:56: [SM] Call stack trace:
L 06/27/2017 - 00:49:56: [SM]   [0] GetEntPropString
L 06/27/2017 - 00:49:56: [SM]   [1] Line 1898, C:\Users\Ethorbit\Desktop\sourcemodbackup\sourcemod\addons\sourcemod\scripting\autodifficultypatch.sp::FindEntityByTargetName
L 06/27/2017 - 00:49:56: [SM]   [2] Line 1680, C:\Users\Ethorbit\Desktop\sourcemodbackup\sourcemod\addons\sourcemod\scripting\autodifficultypatch.sp::UpdateHeadcrab
L 06/27/2017 - 00:49:56: [SM]   [3] Line 26, C:\Users\Ethorbit\Desktop\sourcemodbackup\sourcemod\addons\sourcemod\scripting\autodifficultypatch.sp::OnClientDisconnect_Post
L 06/27/2017 - 00:52:19: [SM] Exception reported: Entity 2 (2) is invalid
L 06/27/2017 - 00:52:19: [SM] Blaming: autodifficultypatch.smx
L 06/27/2017 - 00:52:19: [SM] Call stack trace:
L 06/27/2017 - 00:52:19: [SM]   [0] GetEntPropString
L 06/27/2017 - 00:52:19: [SM]   [1] Line 1898, C:\Users\Ethorbit\Desktop\sourcemodbackup\sourcemod\addons\sourcemod\scripting\autodifficultypatch.sp::FindEntityByTargetName
L 06/27/2017 - 00:52:19: [SM]   [2] Line 1672, C:\Users\Ethorbit\Desktop\sourcemodbackup\sourcemod\addons\sourcemod\scripting\autodifficultypatch.sp::UpdateHeadcrab
L 06/27/2017 - 00:52:19: [SM]   [3] Line 26, C:\Users\Ethorbit\Desktop\sourcemodbackup\sourcemod\addons\sourcemod\scripting\autodifficultypatch.sp::OnClientDisconnect_Post
L 06/27/2017 - 01:34:53: Error log file session closed.
L 06/27/2017 - 01:34:53: SourceMod error session started
L 06/27/2017 - 01:34:53: Info (map "dm_hometown1999_h") (file "errors_20170627.log")
L 06/27/2017 - 01:34:53: [SM] Fatal error encountered parsing translation file "customvotes.phrases.txt"
L 06/27/2017 - 01:34:53: [SM] Error (line 0, column 0): Stream failed to open
L 06/27/2017 - 01:34:53: [SM] Fatal error encountered parsing translation file "savescores.phrases.txt"
L 06/27/2017 - 01:34:53: [SM] Error (line 0, column 0): Stream failed to open
L 06/27/2017 - 01:34:53: [admin-flatfile.smx] Error(s) detected parsing addons\sourcemod\configs\admins.cfg
L 06/27/2017 - 01:34:53: [admin-flatfile.smx]  (line 13) Invalid flag detected: d
L 06/27/2017 - 01:34:53: [admin-flatfile.smx]  (line 13) Invalid flag detected: e
L 06/27/2017 - 01:34:53: [admin-flatfile.smx]  (line 19) Invalid flag detected: d
L 06/27/2017 - 01:34:53: [admin-flatfile.smx]  (line 19) Invalid flag detected: e
L 06/27/2017 - 01:34:53: [admin-flatfile.smx]  (line 25) Invalid flag detected: d
L 06/27/2017 - 01:34:53: [admin-flatfile.smx]  (line 25) Invalid flag detected: e
L 06/27/2017 - 01:34:53: [admin-flatfile.smx]  (line 31) Invalid flag detected: d
L 06/27/2017 - 01:34:53: [admin-flatfile.smx]  (line 31) Invalid flag detected: e
L 06/27/2017 - 01:34:53: [admin-flatfile.smx]  (line 37) Invalid flag detected: d
L 06/27/2017 - 01:34:53: [admin-flatfile.smx]  (line 37) Invalid flag detected: e
L 06/27/2017 - 01:34:53: [admin-flatfile.smx]  (line 43) Invalid flag detected: d
L 06/27/2017 - 01:34:53: [admin-flatfile.smx]  (line 43) Invalid flag detected: e
L 06/27/2017 - 01:34:53: [admin-flatfile.smx]  (line 49) Invalid flag detected: d
L 06/27/2017 - 01:34:53: [admin-flatfile.smx]  (line 49) Invalid flag detected: e
L 06/27/2017 - 02:35:04: Error log file session closed.
L 06/27/2017 - 02:35:04: SourceMod error session started
L 06/27/2017 - 02:35:04: Info (map "dm_laststop_h") (file "errors_20170627.log")
L 06/27/2017 - 02:35:04: [SM] Fatal error encountered parsing translation file "customvotes.phrases.txt"
L 06/27/2017 - 02:35:04: [SM] Error (line 0, column 0): Stream failed to open
L 06/27/2017 - 02:35:04: [SM] Fatal error encountered parsing translation file "savescores.phrases.txt"
L 06/27/2017 - 02:35:04: [SM] Error (line 0, column 0): Stream failed to open
L 06/27/2017 - 02:35:04: [admin-flatfile.smx] Error(s) detected parsing addons\sourcemod\configs\admins.cfg
L 06/27/2017 - 02:35:04: [admin-flatfile.smx]  (line 13) Invalid flag detected: d
L 06/27/2017 - 02:35:04: [admin-flatfile.smx]  (line 13) Invalid flag detected: e
L 06/27/2017 - 02:35:04: [admin-flatfile.smx]  (line 19) Invalid flag detected: d
L 06/27/2017 - 02:35:04: [admin-flatfile.smx]  (line 19) Invalid flag detected: e
L 06/27/2017 - 02:35:04: [admin-flatfile.smx]  (line 25) Invalid flag detected: d
L 06/27/2017 - 02:35:04: [admin-flatfile.smx]  (line 25) Invalid flag detected: e
L 06/27/2017 - 02:35:04: [admin-flatfile.smx]  (line 31) Invalid flag detected: d
L 06/27/2017 - 02:35:04: [admin-flatfile.smx]  (line 31) Invalid flag detected: e
L 06/27/2017 - 02:35:04: [admin-flatfile.smx]  (line 37) Invalid flag detected: d
L 06/27/2017 - 02:35:04: [admin-flatfile.smx]  (line 37) Invalid flag detected: e
L 06/27/2017 - 02:35:04: [admin-flatfile.smx]  (line 43) Invalid flag detected: d
L 06/27/2017 - 02:35:04: [admin-flatfile.smx]  (line 43) Invalid flag detected: e
L 06/27/2017 - 02:35:04: [admin-flatfile.smx]  (line 49) Invalid flag detected: d
L 06/27/2017 - 02:35:04: [admin-flatfile.smx]  (line 49) Invalid flag detected: e
L 06/27/2017 - 02:57:59: [SM] Exception reported: Entity 1 (1) is invalid
L 06/27/2017 - 02:57:59: [SM] Blaming: autodifficultypatch.smx
L 06/27/2017 - 02:57:59: [SM] Call stack trace:
L 06/27/2017 - 02:57:59: [SM]   [0] GetEntPropString
L 06/27/2017 - 02:57:59: [SM]   [1] Line 1898, C:\Users\Ethorbit\Desktop\sourcemodbackup\sourcemod\addons\sourcemod\scripting\autodifficultypatch.sp::FindEntityByTargetName
L 06/27/2017 - 02:57:59: [SM]   [2] Line 1379, C:\Users\Ethorbit\Desktop\sourcemodbackup\sourcemod\addons\sourcemod\scripting\autodifficultypatch.sp::UpdateHeadcrab
L 06/27/2017 - 02:57:59: [SM]   [3] Line 26, C:\Users\Ethorbit\Desktop\sourcemodbackup\sourcemod\addons\sourcemod\scripting\autodifficultypatch.sp::OnClientDisconnect_Post
L 06/27/2017 - 03:04:18: [SM] Exception reported: Entity 1 (1) is invalid
L 06/27/2017 - 03:04:18: [SM] Blaming: autodifficultypatch.smx
L 06/27/2017 - 03:04:18: [SM] Call stack trace:
L 06/27/2017 - 03:04:18: [SM]   [0] GetEntPropString
L 06/27/2017 - 03:04:18: [SM]   [1] Line 1898, C:\Users\Ethorbit\Desktop\sourcemodbackup\sourcemod\addons\sourcemod\scripting\autodifficultypatch.sp::FindEntityByTargetName
L 06/27/2017 - 03:04:18: [SM]   [2] Line 1379, C:\Users\Ethorbit\Desktop\sourcemodbackup\sourcemod\addons\sourcemod\scripting\autodifficultypatch.sp::UpdateHeadcrab
L 06/27/2017 - 03:04:18: [SM]   [3] Line 26, C:\Users\Ethorbit\Desktop\sourcemodbackup\sourcemod\addons\sourcemod\scripting\autodifficultypatch.sp::OnClientDisconnect_Post
L 06/27/2017 - 03:24:25: [SM] Exception reported: Entity 2 (2) is invalid
L 06/27/2017 - 03:24:25: [SM] Blaming: autodifficultypatch.smx
L 06/27/2017 - 03:24:25: [SM] Call stack trace:
L 06/27/2017 - 03:24:25: [SM]   [0] GetEntPropString
L 06/27/2017 - 03:24:25: [SM]   [1] Line 1898, C:\Users\Ethorbit\Desktop\sourcemodbackup\sourcemod\addons\sourcemod\scripting\autodifficultypatch.sp::FindEntityByTargetName
L 06/27/2017 - 03:24:25: [SM]   [2] Line 1371, C:\Users\Ethorbit\Desktop\sourcemodbackup\sourcemod\addons\sourcemod\scripting\autodifficultypatch.sp::UpdateHeadcrab
L 06/27/2017 - 03:24:25: [SM]   [3] Line 26, C:\Users\Ethorbit\Desktop\sourcemodbackup\sourcemod\addons\sourcemod\scripting\autodifficultypatch.sp::OnClientDisconnect_Post
L 06/27/2017 - 03:35:14: Error log file session closed.
L 06/27/2017 - 03:35:14: SourceMod error session started
L 06/27/2017 - 03:35:14: Info (map "pb_z_disorder_h") (file "errors_20170627.log")
L 06/27/2017 - 03:35:14: [SM] Fatal error encountered parsing translation file "customvotes.phrases.txt"
L 06/27/2017 - 03:35:14: [SM] Error (line 0, column 0): Stream failed to open
L 06/27/2017 - 03:35:14: [SM] Fatal error encountered parsing translation file "savescores.phrases.txt"
L 06/27/2017 - 03:35:14: [SM] Error (line 0, column 0): Stream failed to open
L 06/27/2017 - 03:35:14: [admin-flatfile.smx] Error(s) detected parsing addons\sourcemod\configs\admins.cfg
L 06/27/2017 - 03:35:14: [admin-flatfile.smx]  (line 13) Invalid flag detected: d
L 06/27/2017 - 03:35:14: [admin-flatfile.smx]  (line 13) Invalid flag detected: e
L 06/27/2017 - 03:35:14: [admin-flatfile.smx]  (line 19) Invalid flag detected: d
L 06/27/2017 - 03:35:14: [admin-flatfile.smx]  (line 19) Invalid flag detected: e
L 06/27/2017 - 03:35:14: [admin-flatfile.smx]  (line 25) Invalid flag detected: d
L 06/27/2017 - 03:35:14: [admin-flatfile.smx]  (line 25) Invalid flag detected: e
L 06/27/2017 - 03:35:14: [admin-flatfile.smx]  (line 31) Invalid flag detected: d
L 06/27/2017 - 03:35:14: [admin-flatfile.smx]  (line 31) Invalid flag detected: e
L 06/27/2017 - 03:35:14: [admin-flatfile.smx]  (line 37) Invalid flag detected: d
L 06/27/2017 - 03:35:14: [admin-flatfile.smx]  (line 37) Invalid flag detected: e
L 06/27/2017 - 03:35:14: [admin-flatfile.smx]  (line 43) Invalid flag detected: d
L 06/27/2017 - 03:35:14: [admin-flatfile.smx]  (line 43) Invalid flag detected: e
L 06/27/2017 - 03:35:14: [admin-flatfile.smx]  (line 49) Invalid flag detected: d
L 06/27/2017 - 03:35:14: [admin-flatfile.smx]  (line 49) Invalid flag detected: e
L 06/27/2017 - 04:04:01: [SM] Exception reported: Entity 1 (1) is invalid
L 06/27/2017 - 04:04:01: [SM] Blaming: autodifficultypatch.smx
L 06/27/2017 - 04:04:01: [SM] Call stack trace:
L 06/27/2017 - 04:04:01: [SM]   [0] GetEntPropString
L 06/27/2017 - 04:04:01: [SM]   [1] Line 1898, C:\Users\Ethorbit\Desktop\sourcemodbackup\sourcemod\addons\sourcemod\scripting\autodifficultypatch.sp::FindEntityByTargetName
L 06/27/2017 - 04:04:01: [SM]   [2] Line 921, C:\Users\Ethorbit\Desktop\sourcemodbackup\sourcemod\addons\sourcemod\scripting\autodifficultypatch.sp::UpdateHeadcrab
L 06/27/2017 - 04:04:01: [SM]   [3] Line 26, C:\Users\Ethorbit\Desktop\sourcemodbackup\sourcemod\addons\sourcemod\scripting\autodifficultypatch.sp::OnClientDisconnect_Post
L 06/27/2017 - 04:24:26: [SM] Exception reported: Entity 1 (1) is invalid
L 06/27/2017 - 04:24:26: [SM] Blaming: autodifficultypatch.smx
L 06/27/2017 - 04:24:26: [SM] Call stack trace:
L 06/27/2017 - 04:24:26: [SM]   [0] GetEntPropString
L 06/27/2017 - 04:24:26: [SM]   [1] Line 1898, C:\Users\Ethorbit\Desktop\sourcemodbackup\sourcemod\addons\sourcemod\scripting\autodifficultypatch.sp::FindEntityByTargetName
L 06/27/2017 - 04:24:26: [SM]   [2] Line 921, C:\Users\Ethorbit\Desktop\sourcemodbackup\sourcemod\addons\sourcemod\scripting\autodifficultypatch.sp::UpdateHeadcrab
L 06/27/2017 - 04:24:26: [SM]   [3] Line 26, C:\Users\Ethorbit\Desktop\sourcemodbackup\sourcemod\addons\sourcemod\scripting\autodifficultypatch.sp::OnClientDisconnect_Post
L 06/27/2017 - 04:24:27: Error log file session closed.
L 06/27/2017 - 04:24:27: SourceMod error session started
L 06/27/2017 - 04:24:27: Info (map "pb_z_area51_h") (file "errors_20170627.log")
L 06/27/2017 - 04:24:27: [SM] Fatal error encountered parsing translation file "customvotes.phrases.txt"
L 06/27/2017 - 04:24:27: [SM] Error (line 0, column 0): Stream failed to open
L 06/27/2017 - 04:24:27: [SM] Fatal error encountered parsing translation file "savescores.phrases.txt"
L 06/27/2017 - 04:24:27: [SM] Error (line 0, column 0): Stream failed to open
L 06/27/2017 - 04:24:27: [admin-flatfile.smx] Error(s) detected parsing addons\sourcemod\configs\admins.cfg
L 06/27/2017 - 04:24:27: [admin-flatfile.smx]  (line 13) Invalid flag detected: d
L 06/27/2017 - 04:24:27: [admin-flatfile.smx]  (line 13) Invalid flag detected: e
L 06/27/2017 - 04:24:27: [admin-flatfile.smx]  (line 19) Invalid flag detected: d
L 06/27/2017 - 04:24:27: [admin-flatfile.smx]  (line 19) Invalid flag detected: e
L 06/27/2017 - 04:24:27: [admin-flatfile.smx]  (line 25) Invalid flag detected: d
L 06/27/2017 - 04:24:27: [admin-flatfile.smx]  (line 25) Invalid flag detected: e
L 06/27/2017 - 04:24:27: [admin-flatfile.smx]  (line 31) Invalid flag detected: d
L 06/27/2017 - 04:24:27: [admin-flatfile.smx]  (line 31) Invalid flag detected: e
L 06/27/2017 - 04:24:27: [admin-flatfile.smx]  (line 37) Invalid flag detected: d
L 06/27/2017 - 04:24:27: [admin-flatfile.smx]  (line 37) Invalid flag detected: e
L 06/27/2017 - 04:24:27: [admin-flatfile.smx]  (line 43) Invalid flag detected: d
L 06/27/2017 - 04:24:27: [admin-flatfile.smx]  (line 43) Invalid flag detected: e
L 06/27/2017 - 04:24:27: [admin-flatfile.smx]  (line 49) Invalid flag detected: d
L 06/27/2017 - 04:24:27: [admin-flatfile.smx]  (line 49) Invalid flag detected: e
L 06/27/2017 - 05:18:40: [SM] Exception reported: Language phrase "Score restored" not found
L 06/27/2017 - 05:18:40: [SM] Blaming: savescores.smx
L 06/27/2017 - 05:18:40: [SM] Call stack trace:
L 06/27/2017 - 05:18:40: [SM]   [0] VFormat
L 06/27/2017 - 05:18:40: [SM]   [1] Line 60, D:\Source-Servers\css_sm_1.2.4\cstrike\addons\sourcemod\scripting\include\colors.inc::CPrintToChat
L 06/27/2017 - 05:18:40: [SM]   [2] Line 649, D:\Source-Servers\css_sm_1.2.4\cstrike\addons\sourcemod\scripting\savescores.sp::SetPlayerScore
L 06/27/2017 - 05:24:37: Error log file session closed.
L 06/27/2017 - 05:24:37: SourceMod error session started
L 06/27/2017 - 05:24:37: Info (map "dm_raven_h") (file "errors_20170627.log")
L 06/27/2017 - 05:24:37: [SM] Fatal error encountered parsing translation file "customvotes.phrases.txt"
L 06/27/2017 - 05:24:37: [SM] Error (line 0, column 0): Stream failed to open
L 06/27/2017 - 05:24:37: [SM] Fatal error encountered parsing translation file "savescores.phrases.txt"
L 06/27/2017 - 05:24:37: [SM] Error (line 0, column 0): Stream failed to open
L 06/27/2017 - 05:24:37: [admin-flatfile.smx] Error(s) detected parsing addons\sourcemod\configs\admins.cfg
L 06/27/2017 - 05:24:37: [admin-flatfile.smx]  (line 13) Invalid flag detected: d
L 06/27/2017 - 05:24:37: [admin-flatfile.smx]  (line 13) Invalid flag detected: e
L 06/27/2017 - 05:24:37: [admin-flatfile.smx]  (line 19) Invalid flag detected: d
L 06/27/2017 - 05:24:37: [admin-flatfile.smx]  (line 19) Invalid flag detected: e
L 06/27/2017 - 05:24:37: [admin-flatfile.smx]  (line 25) Invalid flag detected: d
L 06/27/2017 - 05:24:37: [admin-flatfile.smx]  (line 25) Invalid flag detected: e
L 06/27/2017 - 05:24:37: [admin-flatfile.smx]  (line 31) Invalid flag detected: d
L 06/27/2017 - 05:24:37: [admin-flatfile.smx]  (line 31) Invalid flag detected: e
L 06/27/2017 - 05:24:37: [admin-flatfile.smx]  (line 37) Invalid flag detected: d
L 06/27/2017 - 05:24:37: [admin-flatfile.smx]  (line 37) Invalid flag detected: e
L 06/27/2017 - 05:24:37: [admin-flatfile.smx]  (line 43) Invalid flag detected: d
L 06/27/2017 - 05:24:37: [admin-flatfile.smx]  (line 43) Invalid flag detected: e
L 06/27/2017 - 05:24:37: [admin-flatfile.smx]  (line 49) Invalid flag detected: d
L 06/27/2017 - 05:24:37: [admin-flatfile.smx]  (line 49) Invalid flag detected: e
L 06/27/2017 - 05:24:43: SourceMod error session started
L 06/27/2017 - 05:24:43: Info (map "pb_z_high_school_h") (file "errors_20170627.log")
L 06/27/2017 - 05:24:43: [SDKTOOLS] Invalid detour address passed - Disabling detour to prevent crashes
L 06/27/2017 - 05:24:43: [SM] Unable to load extension "soundlib.ext": error code 0000007e
L 06/27/2017 - 05:24:43: [SM] Unable to load extension "config.ext": error code 0000007e
L 06/27/2017 - 05:24:43: [SM] Unable to load plugin "inviter-fix.smx": Could not find required plugin "steamcore"
L 06/27/2017 - 05:24:43: [SM] Fatal error encountered parsing translation file "savescores.phrases.txt"
L 06/27/2017 - 05:24:43: [SM] Error (line 0, column 0): Stream failed to open
L 06/27/2017 - 05:24:43: [SM] Unable to load plugin "time-left-actions.smx": Required extension "Sound Info Library" file("soundlib.ext") not running
L 06/27/2017 - 05:24:43: [admin-flatfile.smx] Error(s) detected parsing addons\sourcemod\configs\admins.cfg
L 06/27/2017 - 05:24:43: [admin-flatfile.smx]  (line 13) Invalid flag detected: d
L 06/27/2017 - 05:24:43: [admin-flatfile.smx]  (line 13) Invalid flag detected: e
L 06/27/2017 - 05:24:43: [admin-flatfile.smx]  (line 19) Invalid flag detected: d
L 06/27/2017 - 05:24:43: [admin-flatfile.smx]  (line 19) Invalid flag detected: e
L 06/27/2017 - 05:24:43: [admin-flatfile.smx]  (line 25) Invalid flag detected: d
L 06/27/2017 - 05:24:43: [admin-flatfile.smx]  (line 25) Invalid flag detected: e
L 06/27/2017 - 05:24:43: [admin-flatfile.smx]  (line 31) Invalid flag detected: d
L 06/27/2017 - 05:24:43: [admin-flatfile.smx]  (line 31) Invalid flag detected: e
L 06/27/2017 - 05:24:43: [admin-flatfile.smx]  (line 37) Invalid flag detected: d
L 06/27/2017 - 05:24:43: [admin-flatfile.smx]  (line 37) Invalid flag detected: e
L 06/27/2017 - 05:24:43: [admin-flatfile.smx]  (line 43) Invalid flag detected: d
L 06/27/2017 - 05:24:43: [admin-flatfile.smx]  (line 43) Invalid flag detected: e
L 06/27/2017 - 05:24:43: [admin-flatfile.smx]  (line 49) Invalid flag detected: d
L 06/27/2017 - 05:24:43: [admin-flatfile.smx]  (line 49) Invalid flag detected: e
L 06/27/2017 - 05:24:50: Error log file session closed.
L 06/27/2017 - 05:24:50: SourceMod error session started
L 06/27/2017 - 05:24:50: Info (map "pb_z_high_school_h") (file "errors_20170627.log")
L 06/27/2017 - 05:24:50: [SM] Fatal error encountered parsing translation file "savescores.phrases.txt"
L 06/27/2017 - 05:24:50: [SM] Error (line 0, column 0): Stream failed to open
L 06/27/2017 - 05:24:50: [admin-flatfile.smx] Error(s) detected parsing addons\sourcemod\configs\admins.cfg
L 06/27/2017 - 05:24:50: [admin-flatfile.smx]  (line 13) Invalid flag detected: d
L 06/27/2017 - 05:24:50: [admin-flatfile.smx]  (line 13) Invalid flag detected: e
L 06/27/2017 - 05:24:50: [admin-flatfile.smx]  (line 19) Invalid flag detected: d
L 06/27/2017 - 05:24:50: [admin-flatfile.smx]  (line 19) Invalid flag detected: e
L 06/27/2017 - 05:24:50: [admin-flatfile.smx]  (line 25) Invalid flag detected: d
L 06/27/2017 - 05:24:50: [admin-flatfile.smx]  (line 25) Invalid flag detected: e
L 06/27/2017 - 05:24:50: [admin-flatfile.smx]  (line 31) Invalid flag detected: d
L 06/27/2017 - 05:24:50: [admin-flatfile.smx]  (line 31) Invalid flag detected: e
L 06/27/2017 - 05:24:50: [admin-flatfile.smx]  (line 37) Invalid flag detected: d
L 06/27/2017 - 05:24:50: [admin-flatfile.smx]  (line 37) Invalid flag detected: e
L 06/27/2017 - 05:24:50: [admin-flatfile.smx]  (line 43) Invalid flag detected: d
L 06/27/2017 - 05:24:50: [admin-flatfile.smx]  (line 43) Invalid flag detected: e
L 06/27/2017 - 05:24:50: [admin-flatfile.smx]  (line 49) Invalid flag detected: d
L 06/27/2017 - 05:24:50: [admin-flatfile.smx]  (line 49) Invalid flag detected: e
L 06/27/2017 - 05:25:52: [SM] Fatal error encountered parsing translation file "customvotes.phrases.txt"
L 06/27/2017 - 05:25:52: [SM] Error (line 0, column 0): Stream failed to open
L 06/27/2017 - 05:55:38: [SM] Exception reported: Entity 1 (1) is invalid
L 06/27/2017 - 05:55:38: [SM] Blaming: autodifficultypatch.smx
L 06/27/2017 - 05:55:38: [SM] Call stack trace:
L 06/27/2017 - 05:55:38: [SM]   [0] GetEntPropString
L 06/27/2017 - 05:55:38: [SM]   [1] Line 1898, C:\Users\Ethorbit\Desktop\sourcemodbackup\sourcemod\addons\sourcemod\scripting\autodifficultypatch.sp::FindEntityByTargetName
L 06/27/2017 - 05:55:38: [SM]   [2] Line 1672, C:\Users\Ethorbit\Desktop\sourcemodbackup\sourcemod\addons\sourcemod\scripting\autodifficultypatch.sp::UpdateHeadcrab
L 06/27/2017 - 05:55:38: [SM]   [3] Line 26, C:\Users\Ethorbit\Desktop\sourcemodbackup\sourcemod\addons\sourcemod\scripting\autodifficultypatch.sp::OnClientDisconnect_Post
L 06/27/2017 - 05:56:06: [SM] Exception reported: Entity 1 (1) is invalid
L 06/27/2017 - 05:56:06: [SM] Blaming: autodifficultypatch.smx
L 06/27/2017 - 05:56:06: [SM] Call stack trace:
L 06/27/2017 - 05:56:06: [SM]   [0] GetEntPropString
L 06/27/2017 - 05:56:06: [SM]   [1] Line 1898, C:\Users\Ethorbit\Desktop\sourcemodbackup\sourcemod\addons\sourcemod\scripting\autodifficultypatch.sp::FindEntityByTargetName
L 06/27/2017 - 05:56:06: [SM]   [2] Line 1672, C:\Users\Ethorbit\Desktop\sourcemodbackup\sourcemod\addons\sourcemod\scripting\autodifficultypatch.sp::UpdateHeadcrab
L 06/27/2017 - 05:56:06: [SM]   [3] Line 26, C:\Users\Ethorbit\Desktop\sourcemodbackup\sourcemod\addons\sourcemod\scripting\autodifficultypatch.sp::OnClientDisconnect_Post
L 06/27/2017 - 06:25:46: Error log file session closed.
L 06/27/2017 - 06:25:50: SourceMod error session started
L 06/27/2017 - 06:25:50: Info (map "pb_z_underground_h") (file "errors_20170627.log")
L 06/27/2017 - 06:25:50: [SM] Fatal error encountered parsing translation file "savescores.phrases.txt"
L 06/27/2017 - 06:25:50: [SM] Error (line 0, column 0): Stream failed to open
L 06/27/2017 - 06:25:50: [SM] Fatal error encountered parsing translation file "customvotes.phrases.txt"
L 06/27/2017 - 06:25:50: [SM] Error (line 0, column 0): Stream failed to open
L 06/27/2017 - 06:25:50: [admin-flatfile.smx] Error(s) detected parsing addons\sourcemod\configs\admins.cfg
L 06/27/2017 - 06:25:50: [admin-flatfile.smx]  (line 13) Invalid flag detected: d
L 06/27/2017 - 06:25:50: [admin-flatfile.smx]  (line 13) Invalid flag detected: e
L 06/27/2017 - 06:25:50: [admin-flatfile.smx]  (line 19) Invalid flag detected: d
L 06/27/2017 - 06:25:50: [admin-flatfile.smx]  (line 19) Invalid flag detected: e
L 06/27/2017 - 06:25:50: [admin-flatfile.smx]  (line 25) Invalid flag detected: d
L 06/27/2017 - 06:25:50: [admin-flatfile.smx]  (line 25) Invalid flag detected: e
L 06/27/2017 - 06:25:50: [admin-flatfile.smx]  (line 31) Invalid flag detected: d
L 06/27/2017 - 06:25:50: [admin-flatfile.smx]  (line 31) Invalid flag detected: e
L 06/27/2017 - 06:25:50: [admin-flatfile.smx]  (line 37) Invalid flag detected: d
L 06/27/2017 - 06:25:50: [admin-flatfile.smx]  (line 37) Invalid flag detected: e
L 06/27/2017 - 06:25:50: [admin-flatfile.smx]  (line 43) Invalid flag detected: d
L 06/27/2017 - 06:25:50: [admin-flatfile.smx]  (line 43) Invalid flag detected: e
L 06/27/2017 - 06:25:50: [admin-flatfile.smx]  (line 49) Invalid flag detected: d
L 06/27/2017 - 06:25:50: [admin-flatfile.smx]  (line 49) Invalid flag detected: e
L 06/27/2017 - 06:39:05: [SM] Exception reported: Entity 1 (1) is invalid
L 06/27/2017 - 06:39:05: [SM] Blaming: autodifficultypatch.smx
L 06/27/2017 - 06:39:05: [SM] Call stack trace:
L 06/27/2017 - 06:39:05: [SM]   [0] GetEntPropString
L 06/27/2017 - 06:39:05: [SM]   [1] Line 1898, C:\Users\Ethorbit\Desktop\sourcemodbackup\sourcemod\addons\sourcemod\scripting\autodifficultypatch.sp::FindEntityByTargetName
L 06/27/2017 - 06:39:05: [SM]   [2] Line 996, C:\Users\Ethorbit\Desktop\sourcemodbackup\sourcemod\addons\sourcemod\scripting\autodifficultypatch.sp::UpdateHeadcrab
L 06/27/2017 - 06:39:05: [SM]   [3] Line 26, C:\Users\Ethorbit\Desktop\sourcemodbackup\sourcemod\addons\sourcemod\scripting\autodifficultypatch.sp::OnClientDisconnect_Post
L 06/27/2017 - 07:26:02: Error log file session closed.
L 06/27/2017 - 07:26:02: SourceMod error session started
L 06/27/2017 - 07:26:02: Info (map "pb_z_earthquake_h") (file "errors_20170627.log")
L 06/27/2017 - 07:26:02: [SM] Fatal error encountered parsing translation file "savescores.phrases.txt"
L 06/27/2017 - 07:26:02: [SM] Error (line 0, column 0): Stream failed to open
L 06/27/2017 - 07:26:02: [SM] Fatal error encountered parsing translation file "customvotes.phrases.txt"
L 06/27/2017 - 07:26:02: [SM] Error (line 0, column 0): Stream failed to open
L 06/27/2017 - 07:26:02: [admin-flatfile.smx] Error(s) detected parsing addons\sourcemod\configs\admins.cfg
L 06/27/2017 - 07:26:02: [admin-flatfile.smx]  (line 13) Invalid flag detected: d
L 06/27/2017 - 07:26:02: [admin-flatfile.smx]  (line 13) Invalid flag detected: e
L 06/27/2017 - 07:26:02: [admin-flatfile.smx]  (line 19) Invalid flag detected: d
L 06/27/2017 - 07:26:02: [admin-flatfile.smx]  (line 19) Invalid flag detected: e
L 06/27/2017 - 07:26:02: [admin-flatfile.smx]  (line 25) Invalid flag detected: d
L 06/27/2017 - 07:26:02: [admin-flatfile.smx]  (line 25) Invalid flag detected: e
L 06/27/2017 - 07:26:02: [admin-flatfile.smx]  (line 31) Invalid flag detected: d
L 06/27/2017 - 07:26:02: [admin-flatfile.smx]  (line 31) Invalid flag detected: e
L 06/27/2017 - 07:26:02: [admin-flatfile.smx]  (line 37) Invalid flag detected: d
L 06/27/2017 - 07:26:02: [admin-flatfile.smx]  (line 37) Invalid flag detected: e
L 06/27/2017 - 07:26:02: [admin-flatfile.smx]  (line 43) Invalid flag detected: d
L 06/27/2017 - 07:26:02: [admin-flatfile.smx]  (line 43) Invalid flag detected: e
L 06/27/2017 - 07:26:02: [admin-flatfile.smx]  (line 49) Invalid flag detected: d
L 06/27/2017 - 07:26:02: [admin-flatfile.smx]  (line 49) Invalid flag detected: e
L 06/27/2017 - 07:46:14: [SM] Exception reported: Entity 1 (1) is invalid
L 06/27/2017 - 07:46:14: [SM] Blaming: autodifficultypatch.smx
L 06/27/2017 - 07:46:14: [SM] Call stack trace:
L 06/27/2017 - 07:46:14: [SM]   [0] GetEntPropString
L 06/27/2017 - 07:46:14: [SM]   [1] Line 1898, C:\Users\Ethorbit\Desktop\sourcemodbackup\sourcemod\addons\sourcemod\scripting\autodifficultypatch.sp::FindEntityByTargetName
L 06/27/2017 - 07:46:14: [SM]   [2] Line 1296, C:\Users\Ethorbit\Desktop\sourcemodbackup\sourcemod\addons\sourcemod\scripting\autodifficultypatch.sp::UpdateHeadcrab
L 06/27/2017 - 07:46:14: [SM]   [3] Line 26, C:\Users\Ethorbit\Desktop\sourcemodbackup\sourcemod\addons\sourcemod\scripting\autodifficultypatch.sp::OnClientDisconnect_Post
L 06/27/2017 - 08:26:16: Error log file session closed.
L 06/27/2017 - 08:26:16: SourceMod error session started
L 06/27/2017 - 08:26:16: Info (map "pb_z_office_tower_v2_h") (file "errors_20170627.log")
L 06/27/2017 - 08:26:16: [SM] Fatal error encountered parsing translation file "savescores.phrases.txt"
L 06/27/2017 - 08:26:16: [SM] Error (line 0, column 0): Stream failed to open
L 06/27/2017 - 08:26:16: [SM] Fatal error encountered parsing translation file "customvotes.phrases.txt"
L 06/27/2017 - 08:26:16: [SM] Error (line 0, column 0): Stream failed to open
L 06/27/2017 - 08:26:16: [admin-flatfile.smx] Error(s) detected parsing addons\sourcemod\configs\admins.cfg
L 06/27/2017 - 08:26:16: [admin-flatfile.smx]  (line 13) Invalid flag detected: d
L 06/27/2017 - 08:26:16: [admin-flatfile.smx]  (line 13) Invalid flag detected: e
L 06/27/2017 - 08:26:16: [admin-flatfile.smx]  (line 19) Invalid flag detected: d
L 06/27/2017 - 08:26:16: [admin-flatfile.smx]  (line 19) Invalid flag detected: e
L 06/27/2017 - 08:26:16: [admin-flatfile.smx]  (line 25) Invalid flag detected: d
L 06/27/2017 - 08:26:16: [admin-flatfile.smx]  (line 25) Invalid flag detected: e
L 06/27/2017 - 08:26:16: [admin-flatfile.smx]  (line 31) Invalid flag detected: d
L 06/27/2017 - 08:26:16: [admin-flatfile.smx]  (line 31) Invalid flag detected: e
L 06/27/2017 - 08:26:16: [admin-flatfile.smx]  (line 37) Invalid flag detected: d
L 06/27/2017 - 08:26:16: [admin-flatfile.smx]  (line 37) Invalid flag detected: e
L 06/27/2017 - 08:26:16: [admin-flatfile.smx]  (line 43) Invalid flag detected: d
L 06/27/2017 - 08:26:16: [admin-flatfile.smx]  (line 43) Invalid flag detected: e
L 06/27/2017 - 08:26:16: [admin-flatfile.smx]  (line 49) Invalid flag detected: d
L 06/27/2017 - 08:26:16: [admin-flatfile.smx]  (line 49) Invalid flag detected: e
L 06/27/2017 - 08:40:44: [SM] Exception reported: Entity 2 (2) is invalid
L 06/27/2017 - 08:40:44: [SM] Blaming: autodifficultypatch.smx
L 06/27/2017 - 08:40:44: [SM] Call stack trace:
L 06/27/2017 - 08:40:44: [SM]   [0] GetEntPropString
L 06/27/2017 - 08:40:44: [SM]   [1] Line 1898, C:\Users\Ethorbit\Desktop\sourcemodbackup\sourcemod\addons\sourcemod\scripting\autodifficultypatch.sp::FindEntityByTargetName
L 06/27/2017 - 08:40:44: [SM]   [2] Line 787, C:\Users\Ethorbit\Desktop\sourcemodbackup\sourcemod\addons\sourcemod\scripting\autodifficultypatch.sp::UpdateHeadcrab
L 06/27/2017 - 08:40:44: [SM]   [3] Line 26, C:\Users\Ethorbit\Desktop\sourcemodbackup\sourcemod\addons\sourcemod\scripting\autodifficultypatch.sp::OnClientDisconnect_Post
L 06/27/2017 - 09:19:39: Error log file session closed.
L 06/27/2017 - 09:19:39: SourceMod error session started
L 06/27/2017 - 09:19:39: Info (map "dm_hellsdistrict_h") (file "errors_20170627.log")
L 06/27/2017 - 09:19:39: [SM] Fatal error encountered parsing translation file "savescores.phrases.txt"
L 06/27/2017 - 09:19:39: [SM] Error (line 0, column 0): Stream failed to open
L 06/27/2017 - 09:19:39: [SM] Fatal error encountered parsing translation file "customvotes.phrases.txt"
L 06/27/2017 - 09:19:39: [SM] Error (line 0, column 0): Stream failed to open
L 06/27/2017 - 09:19:39: [admin-flatfile.smx] Error(s) detected parsing addons\sourcemod\configs\admins.cfg
L 06/27/2017 - 09:19:39: [admin-flatfile.smx]  (line 13) Invalid flag detected: d
L 06/27/2017 - 09:19:39: [admin-flatfile.smx]  (line 13) Invalid flag detected: e
L 06/27/2017 - 09:19:39: [admin-flatfile.smx]  (line 19) Invalid flag detected: d
L 06/27/2017 - 09:19:39: [admin-flatfile.smx]  (line 19) Invalid flag detected: e
L 06/27/2017 - 09:19:39: [admin-flatfile.smx]  (line 25) Invalid flag detected: d
L 06/27/2017 - 09:19:39: [admin-flatfile.smx]  (line 25) Invalid flag detected: e
L 06/27/2017 - 09:19:39: [admin-flatfile.smx]  (line 31) Invalid flag detected: d
L 06/27/2017 - 09:19:39: [admin-flatfile.smx]  (line 31) Invalid flag detected: e
L 06/27/2017 - 09:19:39: [admin-flatfile.smx]  (line 37) Invalid flag detected: d
L 06/27/2017 - 09:19:39: [admin-flatfile.smx]  (line 37) Invalid flag detected: e
L 06/27/2017 - 09:19:39: [admin-flatfile.smx]  (line 43) Invalid flag detected: d
L 06/27/2017 - 09:19:39: [admin-flatfile.smx]  (line 43) Invalid flag detected: e
L 06/27/2017 - 09:19:39: [admin-flatfile.smx]  (line 49) Invalid flag detected: d
L 06/27/2017 - 09:19:39: [admin-flatfile.smx]  (line 49) Invalid flag detected: e
L 06/27/2017 - 09:22:32: Error log file session closed.
L 06/27/2017 - 09:22:32: SourceMod error session started
L 06/27/2017 - 09:22:32: Info (map "pb_z_colony_h") (file "errors_20170627.log")
L 06/27/2017 - 09:22:32: [SM] Fatal error encountered parsing translation file "savescores.phrases.txt"
L 06/27/2017 - 09:22:32: [SM] Error (line 0, column 0): Stream failed to open
L 06/27/2017 - 09:22:32: [SM] Fatal error encountered parsing translation file "customvotes.phrases.txt"
L 06/27/2017 - 09:22:32: [SM] Error (line 0, column 0): Stream failed to open
L 06/27/2017 - 09:22:32: [admin-flatfile.smx] Error(s) detected parsing addons\sourcemod\configs\admins.cfg
L 06/27/2017 - 09:22:32: [admin-flatfile.smx]  (line 13) Invalid flag detected: d
L 06/27/2017 - 09:22:32: [admin-flatfile.smx]  (line 13) Invalid flag detected: e
L 06/27/2017 - 09:22:32: [admin-flatfile.smx]  (line 19) Invalid flag detected: d
L 06/27/2017 - 09:22:32: [admin-flatfile.smx]  (line 19) Invalid flag detected: e
L 06/27/2017 - 09:22:32: [admin-flatfile.smx]  (line 25) Invalid flag detected: d
L 06/27/2017 - 09:22:32: [admin-flatfile.smx]  (line 25) Invalid flag detected: e
L 06/27/2017 - 09:22:32: [admin-flatfile.smx]  (line 31) Invalid flag detected: d
L 06/27/2017 - 09:22:32: [admin-flatfile.smx]  (line 31) Invalid flag detected: e
L 06/27/2017 - 09:22:32: [admin-flatfile.smx]  (line 37) Invalid flag detected: d
L 06/27/2017 - 09:22:32: [admin-flatfile.smx]  (line 37) Invalid flag detected: e
L 06/27/2017 - 09:22:32: [admin-flatfile.smx]  (line 43) Invalid flag detected: d
L 06/27/2017 - 09:22:32: [admin-flatfile.smx]  (line 43) Invalid flag detected: e
L 06/27/2017 - 09:22:32: [admin-flatfile.smx]  (line 49) Invalid flag detected: d
L 06/27/2017 - 09:22:32: [admin-flatfile.smx]  (line 49) Invalid flag detected: e
L 06/27/2017 - 10:22:43: Error log file session closed.
L 06/27/2017 - 10:22:43: SourceMod error session started
L 06/27/2017 - 10:22:43: Info (map "dm_october_h") (file "errors_20170627.log")
L 06/27/2017 - 10:22:43: [SM] Fatal error encountered parsing translation file "savescores.phrases.txt"
L 06/27/2017 - 10:22:43: [SM] Error (line 0, column 0): Stream failed to open
L 06/27/2017 - 10:22:43: [SM] Fatal error encountered parsing translation file "customvotes.phrases.txt"
L 06/27/2017 - 10:22:43: [SM] Error (line 0, column 0): Stream failed to open
L 06/27/2017 - 10:22:43: [admin-flatfile.smx] Error(s) detected parsing addons\sourcemod\configs\admins.cfg
L 06/27/2017 - 10:22:43: [admin-flatfile.smx]  (line 13) Invalid flag detected: d
L 06/27/2017 - 10:22:43: [admin-flatfile.smx]  (line 13) Invalid flag detected: e
L 06/27/2017 - 10:22:43: [admin-flatfile.smx]  (line 19) Invalid flag detected: d
L 06/27/2017 - 10:22:43: [admin-flatfile.smx]  (line 19) Invalid flag detected: e
L 06/27/2017 - 10:22:43: [admin-flatfile.smx]  (line 25) Invalid flag detected: d
L 06/27/2017 - 10:22:43: [admin-flatfile.smx]  (line 25) Invalid flag detected: e
L 06/27/2017 - 10:22:43: [admin-flatfile.smx]  (line 31) Invalid flag detected: d
L 06/27/2017 - 10:22:43: [admin-flatfile.smx]  (line 31) Invalid flag detected: e
L 06/27/2017 - 10:22:43: [admin-flatfile.smx]  (line 37) Invalid flag detected: d
L 06/27/2017 - 10:22:43: [admin-flatfile.smx]  (line 37) Invalid flag detected: e
L 06/27/2017 - 10:22:43: [admin-flatfile.smx]  (line 43) Invalid flag detected: d
L 06/27/2017 - 10:22:43: [admin-flatfile.smx]  (line 43) Invalid flag detected: e
L 06/27/2017 - 10:22:43: [admin-flatfile.smx]  (line 49) Invalid flag detected: d
L 06/27/2017 - 10:22:43: [admin-flatfile.smx]  (line 49) Invalid flag detected: e
L 06/27/2017 - 10:50:26: [SM] Exception reported: Entity 3 (3) is invalid
L 06/27/2017 - 10:50:26: [SM] Blaming: autodifficultypatch.smx
L 06/27/2017 - 10:50:26: [SM] Call stack trace:
L 06/27/2017 - 10:50:26: [SM]   [0] GetEntPropString
L 06/27/2017 - 10:50:26: [SM]   [1] Line 1898, C:\Users\Ethorbit\Desktop\sourcemodbackup\sourcemod\addons\sourcemod\scripting\autodifficultypatch.sp::FindEntityByTargetName
L 06/27/2017 - 10:50:26: [SM]   [2] Line 594, C:\Users\Ethorbit\Desktop\sourcemodbackup\sourcemod\addons\sourcemod\scripting\autodifficultypatch.sp::UpdateHeadcrab
L 06/27/2017 - 10:50:26: [SM]   [3] Line 26, C:\Users\Ethorbit\Desktop\sourcemodbackup\sourcemod\addons\sourcemod\scripting\autodifficultypatch.sp::OnClientDisconnect_Post
L 06/27/2017 - 11:00:41: [SM] Exception reported: Entity 3 (3) is invalid
L 06/27/2017 - 11:00:41: [SM] Blaming: autodifficultypatch.smx
L 06/27/2017 - 11:00:41: [SM] Call stack trace:
L 06/27/2017 - 11:00:41: [SM]   [0] GetEntPropString
L 06/27/2017 - 11:00:41: [SM]   [1] Line 1898, C:\Users\Ethorbit\Desktop\sourcemodbackup\sourcemod\addons\sourcemod\scripting\autodifficultypatch.sp::FindEntityByTargetName
L 06/27/2017 - 11:00:41: [SM]   [2] Line 610, C:\Users\Ethorbit\Desktop\sourcemodbackup\sourcemod\addons\sourcemod\scripting\autodifficultypatch.sp::UpdateHeadcrab
L 06/27/2017 - 11:00:41: [SM]   [3] Line 26, C:\Users\Ethorbit\Desktop\sourcemodbackup\sourcemod\addons\sourcemod\scripting\autodifficultypatch.sp::OnClientDisconnect_Post
L 06/27/2017 - 11:01:36: [SM] Exception reported: Entity 1 (1) is invalid
L 06/27/2017 - 11:01:36: [SM] Blaming: autodifficultypatch.smx
L 06/27/2017 - 11:01:36: [SM] Call stack trace:
L 06/27/2017 - 11:01:36: [SM]   [0] GetEntPropString
L 06/27/2017 - 11:01:36: [SM]   [1] Line 1898, C:\Users\Ethorbit\Desktop\sourcemodbackup\sourcemod\addons\sourcemod\scripting\autodifficultypatch.sp::FindEntityByTargetName
L 06/27/2017 - 11:01:36: [SM]   [2] Line 610, C:\Users\Ethorbit\Desktop\sourcemodbackup\sourcemod\addons\sourcemod\scripting\autodifficultypatch.sp::UpdateHeadcrab
L 06/27/2017 - 11:01:36: [SM]   [3] Line 26, C:\Users\Ethorbit\Desktop\sourcemodbackup\sourcemod\addons\sourcemod\scripting\autodifficultypatch.sp::OnClientDisconnect_Post
L 06/27/2017 - 11:08:21: [SM] Exception reported: Entity 5 (5) is invalid
L 06/27/2017 - 11:08:21: [SM] Blaming: autodifficultypatch.smx
L 06/27/2017 - 11:08:21: [SM] Call stack trace:
L 06/27/2017 - 11:08:21: [SM]   [0] GetEntPropString
L 06/27/2017 - 11:08:21: [SM]   [1] Line 1898, C:\Users\Ethorbit\Desktop\sourcemodbackup\sourcemod\addons\sourcemod\scripting\autodifficultypatch.sp::FindEntityByTargetName
L 06/27/2017 - 11:08:21: [SM]   [2] Line 610, C:\Users\Ethorbit\Desktop\sourcemodbackup\sourcemod\addons\sourcemod\scripting\autodifficultypatch.sp::UpdateHeadcrab
L 06/27/2017 - 11:08:21: [SM]   [3] Line 26, C:\Users\Ethorbit\Desktop\sourcemodbackup\sourcemod\addons\sourcemod\scripting\autodifficultypatch.sp::OnClientDisconnect_Post
L 06/27/2017 - 11:12:31: [SM] Exception reported: Entity 1 (1) is invalid
L 06/27/2017 - 11:12:31: [SM] Blaming: autodifficultypatch.smx
L 06/27/2017 - 11:12:31: [SM] Call stack trace:
L 06/27/2017 - 11:12:31: [SM]   [0] GetEntPropString
L 06/27/2017 - 11:12:31: [SM]   [1] Line 1898, C:\Users\Ethorbit\Desktop\sourcemodbackup\sourcemod\addons\sourcemod\scripting\autodifficultypatch.sp::FindEntityByTargetName
L 06/27/2017 - 11:12:31: [SM]   [2] Line 602, C:\Users\Ethorbit\Desktop\sourcemodbackup\sourcemod\addons\sourcemod\scripting\autodifficultypatch.sp::UpdateHeadcrab
L 06/27/2017 - 11:12:31: [SM]   [3] Line 26, C:\Users\Ethorbit\Desktop\sourcemodbackup\sourcemod\addons\sourcemod\scripting\autodifficultypatch.sp::OnClientDisconnect_Post
L 06/27/2017 - 11:22:53: [SM] Exception reported: Entity 2 (2) is invalid
L 06/27/2017 - 11:22:53: [SM] Blaming: autodifficultypatch.smx
L 06/27/2017 - 11:22:53: [SM] Call stack trace:
L 06/27/2017 - 11:22:53: [SM]   [0] GetEntPropString
L 06/27/2017 - 11:22:53: [SM]   [1] Line 1898, C:\Users\Ethorbit\Desktop\sourcemodbackup\sourcemod\addons\sourcemod\scripting\autodifficultypatch.sp::FindEntityByTargetName
L 06/27/2017 - 11:22:53: [SM]   [2] Line 594, C:\Users\Ethorbit\Desktop\sourcemodbackup\sourcemod\addons\sourcemod\scripting\autodifficultypatch.sp::UpdateHeadcrab
L 06/27/2017 - 11:22:53: [SM]   [3] Line 26, C:\Users\Ethorbit\Desktop\sourcemodbackup\sourcemod\addons\sourcemod\scripting\autodifficultypatch.sp::OnClientDisconnect_Post
L 06/27/2017 - 11:22:53: [SM] Exception reported: Entity 4 (4) is invalid
L 06/27/2017 - 11:22:53: [SM] Blaming: autodifficultypatch.smx
L 06/27/2017 - 11:22:53: [SM] Call stack trace:
L 06/27/2017 - 11:22:53: [SM]   [0] GetEntPropString
L 06/27/2017 - 11:22:53: [SM]   [1] Line 1898, C:\Users\Ethorbit\Desktop\sourcemodbackup\sourcemod\addons\sourcemod\scripting\autodifficultypatch.sp::FindEntityByTargetName
L 06/27/2017 - 11:22:53: [SM]   [2] Line 586, C:\Users\Ethorbit\Desktop\sourcemodbackup\sourcemod\addons\sourcemod\scripting\autodifficultypatch.sp::UpdateHeadcrab
L 06/27/2017 - 11:22:53: [SM]   [3] Line 26, C:\Users\Ethorbit\Desktop\sourcemodbackup\sourcemod\addons\sourcemod\scripting\autodifficultypatch.sp::OnClientDisconnect_Post
L 06/27/2017 - 11:22:54: Error log file session closed.
L 06/27/2017 - 11:22:54: SourceMod error session started
L 06/27/2017 - 11:22:54: Info (map "pb_z_industry_h") (file "errors_20170627.log")
L 06/27/2017 - 11:22:54: [SM] Fatal error encountered parsing translation file "savescores.phrases.txt"
L 06/27/2017 - 11:22:54: [SM] Error (line 0, column 0): Stream failed to open
L 06/27/2017 - 11:22:54: [SM] Fatal error encountered parsing translation file "customvotes.phrases.txt"
L 06/27/2017 - 11:22:54: [SM] Error (line 0, column 0): Stream failed to open
L 06/27/2017 - 11:22:54: [admin-flatfile.smx] Error(s) detected parsing addons\sourcemod\configs\admins.cfg
L 06/27/2017 - 11:22:54: [admin-flatfile.smx]  (line 13) Invalid flag detected: d
L 06/27/2017 - 11:22:54: [admin-flatfile.smx]  (line 13) Invalid flag detected: e
L 06/27/2017 - 11:22:54: [admin-flatfile.smx]  (line 19) Invalid flag detected: d
L 06/27/2017 - 11:22:54: [admin-flatfile.smx]  (line 19) Invalid flag detected: e
L 06/27/2017 - 11:22:54: [admin-flatfile.smx]  (line 25) Invalid flag detected: d
L 06/27/2017 - 11:22:54: [admin-flatfile.smx]  (line 25) Invalid flag detected: e
L 06/27/2017 - 11:22:54: [admin-flatfile.smx]  (line 31) Invalid flag detected: d
L 06/27/2017 - 11:22:54: [admin-flatfile.smx]  (line 31) Invalid flag detected: e
L 06/27/2017 - 11:22:54: [admin-flatfile.smx]  (line 37) Invalid flag detected: d
L 06/27/2017 - 11:22:54: [admin-flatfile.smx]  (line 37) Invalid flag detected: e
L 06/27/2017 - 11:22:54: [admin-flatfile.smx]  (line 43) Invalid flag detected: d
L 06/27/2017 - 11:22:54: [admin-flatfile.smx]  (line 43) Invalid flag detected: e
L 06/27/2017 - 11:22:54: [admin-flatfile.smx]  (line 49) Invalid flag detected: d
L 06/27/2017 - 11:22:54: [admin-flatfile.smx]  (line 49) Invalid flag detected: e
L 06/27/2017 - 11:23:27: [SM] Exception reported: Entity 4 (4) is invalid
L 06/27/2017 - 11:23:27: [SM] Blaming: autodifficultypatch.smx
L 06/27/2017 - 11:23:27: [SM] Call stack trace:
L 06/27/2017 - 11:23:27: [SM]   [0] GetEntPropString
L 06/27/2017 - 11:23:27: [SM]   [1] Line 1898, C:\Users\Ethorbit\Desktop\sourcemodbackup\sourcemod\addons\sourcemod\scripting\autodifficultypatch.sp::FindEntityByTargetName
L 06/27/2017 - 11:23:27: [SM]   [2] Line 1229, C:\Users\Ethorbit\Desktop\sourcemodbackup\sourcemod\addons\sourcemod\scripting\autodifficultypatch.sp::UpdateHeadcrab
L 06/27/2017 - 11:23:27: [SM]   [3] Line 26, C:\Users\Ethorbit\Desktop\sourcemodbackup\sourcemod\addons\sourcemod\scripting\autodifficultypatch.sp::OnClientDisconnect_Post
L 06/27/2017 - 11:27:40: [SM] Exception reported: Entity 2 (2) is invalid
L 06/27/2017 - 11:27:40: [SM] Blaming: autodifficultypatch.smx
L 06/27/2017 - 11:27:40: [SM] Call stack trace:
L 06/27/2017 - 11:27:40: [SM]   [0] GetEntPropString
L 06/27/2017 - 11:27:40: [SM]   [1] Line 1898, C:\Users\Ethorbit\Desktop\sourcemodbackup\sourcemod\addons\sourcemod\scripting\autodifficultypatch.sp::FindEntityByTargetName
L 06/27/2017 - 11:27:40: [SM]   [2] Line 1221, C:\Users\Ethorbit\Desktop\sourcemodbackup\sourcemod\addons\sourcemod\scripting\autodifficultypatch.sp::UpdateHeadcrab
L 06/27/2017 - 11:27:40: [SM]   [3] Line 26, C:\Users\Ethorbit\Desktop\sourcemodbackup\sourcemod\addons\sourcemod\scripting\autodifficultypatch.sp::OnClientDisconnect_Post
L 06/27/2017 - 11:27:42: Error log file session closed.
L 06/27/2017 - 11:27:42: SourceMod error session started
L 06/27/2017 - 11:27:42: Info (map "dm_central_station_v1_h") (file "errors_20170627.log")
L 06/27/2017 - 11:27:42: [SM] Fatal error encountered parsing translation file "savescores.phrases.txt"
L 06/27/2017 - 11:27:42: [SM] Error (line 0, column 0): Stream failed to open
L 06/27/2017 - 11:27:42: [SM] Fatal error encountered parsing translation file "customvotes.phrases.txt"
L 06/27/2017 - 11:27:42: [SM] Error (line 0, column 0): Stream failed to open
L 06/27/2017 - 11:27:42: [admin-flatfile.smx] Error(s) detected parsing addons\sourcemod\configs\admins.cfg
L 06/27/2017 - 11:27:42: [admin-flatfile.smx]  (line 13) Invalid flag detected: d
L 06/27/2017 - 11:27:42: [admin-flatfile.smx]  (line 13) Invalid flag detected: e
L 06/27/2017 - 11:27:42: [admin-flatfile.smx]  (line 19) Invalid flag detected: d
L 06/27/2017 - 11:27:42: [admin-flatfile.smx]  (line 19) Invalid flag detected: e
L 06/27/2017 - 11:27:42: [admin-flatfile.smx]  (line 25) Invalid flag detected: d
L 06/27/2017 - 11:27:42: [admin-flatfile.smx]  (line 25) Invalid flag detected: e
L 06/27/2017 - 11:27:42: [admin-flatfile.smx]  (line 31) Invalid flag detected: d
L 06/27/2017 - 11:27:42: [admin-flatfile.smx]  (line 31) Invalid flag detected: e
L 06/27/2017 - 11:27:42: [admin-flatfile.smx]  (line 37) Invalid flag detected: d
L 06/27/2017 - 11:27:42: [admin-flatfile.smx]  (line 37) Invalid flag detected: e
L 06/27/2017 - 11:27:42: [admin-flatfile.smx]  (line 43) Invalid flag detected: d
L 06/27/2017 - 11:27:42: [admin-flatfile.smx]  (line 43) Invalid flag detected: e
L 06/27/2017 - 11:27:42: [admin-flatfile.smx]  (line 49) Invalid flag detected: d
L 06/27/2017 - 11:27:42: [admin-flatfile.smx]  (line 49) Invalid flag detected: e
L 06/27/2017 - 11:44:32: [SM] Exception reported: Entity 3 (3) is invalid
L 06/27/2017 - 11:44:32: [SM] Blaming: autodifficultypatch.smx
L 06/27/2017 - 11:44:32: [SM] Call stack trace:
L 06/27/2017 - 11:44:32: [SM]   [0] GetEntPropString
L 06/27/2017 - 11:44:32: [SM]   [1] Line 1898, C:\Users\Ethorbit\Desktop\sourcemodbackup\sourcemod\addons\sourcemod\scripting\autodifficultypatch.sp::FindEntityByTargetName
L 06/27/2017 - 11:44:32: [SM]   [2] Line 460, C:\Users\Ethorbit\Desktop\sourcemodbackup\sourcemod\addons\sourcemod\scripting\autodifficultypatch.sp::UpdateHeadcrab
L 06/27/2017 - 11:44:32: [SM]   [3] Line 26, C:\Users\Ethorbit\Desktop\sourcemodbackup\sourcemod\addons\sourcemod\scripting\autodifficultypatch.sp::OnClientDisconnect_Post
L 06/27/2017 - 12:06:30: [SM] Exception reported: Entity 4 (4) is invalid
L 06/27/2017 - 12:06:30: [SM] Blaming: autodifficultypatch.smx
L 06/27/2017 - 12:06:30: [SM] Call stack trace:
L 06/27/2017 - 12:06:30: [SM]   [0] GetEntPropString
L 06/27/2017 - 12:06:30: [SM]   [1] Line 1898, C:\Users\Ethorbit\Desktop\sourcemodbackup\sourcemod\addons\sourcemod\scripting\autodifficultypatch.sp::FindEntityByTargetName
L 06/27/2017 - 12:06:30: [SM]   [2] Line 476, C:\Users\Ethorbit\Desktop\sourcemodbackup\sourcemod\addons\sourcemod\scripting\autodifficultypatch.sp::UpdateHeadcrab
L 06/27/2017 - 12:06:30: [SM]   [3] Line 26, C:\Users\Ethorbit\Desktop\sourcemodbackup\sourcemod\addons\sourcemod\scripting\autodifficultypatch.sp::OnClientDisconnect_Post
L 06/27/2017 - 12:08:25: [SM] Exception reported: Entity 1 (1) is invalid
L 06/27/2017 - 12:08:25: [SM] Blaming: autodifficultypatch.smx
L 06/27/2017 - 12:08:25: [SM] Call stack trace:
L 06/27/2017 - 12:08:25: [SM]   [0] GetEntPropString
L 06/27/2017 - 12:08:25: [SM]   [1] Line 1898, C:\Users\Ethorbit\Desktop\sourcemodbackup\sourcemod\addons\sourcemod\scripting\autodifficultypatch.sp::FindEntityByTargetName
L 06/27/2017 - 12:08:25: [SM]   [2] Line 468, C:\Users\Ethorbit\Desktop\sourcemodbackup\sourcemod\addons\sourcemod\scripting\autodifficultypatch.sp::UpdateHeadcrab
L 06/27/2017 - 12:08:25: [SM]   [3] Line 26, C:\Users\Ethorbit\Desktop\sourcemodbackup\sourcemod\addons\sourcemod\scripting\autodifficultypatch.sp::OnClientDisconnect_Post
L 06/27/2017 - 12:08:29: [SM] Exception reported: Entity 5 (5) is invalid
L 06/27/2017 - 12:08:29: [SM] Blaming: autodifficultypatch.smx
L 06/27/2017 - 12:08:29: [SM] Call stack trace:
L 06/27/2017 - 12:08:29: [SM]   [0] GetEntPropString
L 06/27/2017 - 12:08:29: [SM]   [1] Line 1898, C:\Users\Ethorbit\Desktop\sourcemodbackup\sourcemod\addons\sourcemod\scripting\autodifficultypatch.sp::FindEntityByTargetName
L 06/27/2017 - 12:08:29: [SM]   [2] Line 460, C:\Users\Ethorbit\Desktop\sourcemodbackup\sourcemod\addons\sourcemod\scripting\autodifficultypatch.sp::UpdateHeadcrab
L 06/27/2017 - 12:08:29: [SM]   [3] Line 26, C:\Users\Ethorbit\Desktop\sourcemodbackup\sourcemod\addons\sourcemod\scripting\autodifficultypatch.sp::OnClientDisconnect_Post
L 06/27/2017 - 12:13:36: [SM] Exception reported: Entity 3 (3) is invalid
L 06/27/2017 - 12:13:36: [SM] Blaming: autodifficultypatch.smx
L 06/27/2017 - 12:13:36: [SM] Call stack trace:
L 06/27/2017 - 12:13:36: [SM]   [0] GetEntPropString
L 06/27/2017 - 12:13:36: [SM]   [1] Line 1898, C:\Users\Ethorbit\Desktop\sourcemodbackup\sourcemod\addons\sourcemod\scripting\autodifficultypatch.sp::FindEntityByTargetName
L 06/27/2017 - 12:13:36: [SM]   [2] Line 460, C:\Users\Ethorbit\Desktop\sourcemodbackup\sourcemod\addons\sourcemod\scripting\autodifficultypatch.sp::UpdateHeadcrab
L 06/27/2017 - 12:13:36: [SM]   [3] Line 26, C:\Users\Ethorbit\Desktop\sourcemodbackup\sourcemod\addons\sourcemod\scripting\autodifficultypatch.sp::OnClientDisconnect_Post
L 06/27/2017 - 12:21:28: [SM] Exception reported: Entity 3 (3) is invalid
L 06/27/2017 - 12:21:28: [SM] Blaming: autodifficultypatch.smx
L 06/27/2017 - 12:21:28: [SM] Call stack trace:
L 06/27/2017 - 12:21:28: [SM]   [0] GetEntPropString
L 06/27/2017 - 12:21:28: [SM]   [1] Line 1898, C:\Users\Ethorbit\Desktop\sourcemodbackup\sourcemod\addons\sourcemod\scripting\autodifficultypatch.sp::FindEntityByTargetName
L 06/27/2017 - 12:21:28: [SM]   [2] Line 460, C:\Users\Ethorbit\Desktop\sourcemodbackup\sourcemod\addons\sourcemod\scripting\autodifficultypatch.sp::UpdateHeadcrab
L 06/27/2017 - 12:21:28: [SM]   [3] Line 26, C:\Users\Ethorbit\Desktop\sourcemodbackup\sourcemod\addons\sourcemod\scripting\autodifficultypatch.sp::OnClientDisconnect_Post
L 06/27/2017 - 12:25:14: [SM] Exception reported: Entity 1 (1) is invalid
L 06/27/2017 - 12:25:14: [SM] Blaming: autodifficultypatch.smx
L 06/27/2017 - 12:25:14: [SM] Call stack trace:
L 06/27/2017 - 12:25:14: [SM]   [0] GetEntPropString
L 06/27/2017 - 12:25:14: [SM]   [1] Line 1898, C:\Users\Ethorbit\Desktop\sourcemodbackup\sourcemod\addons\sourcemod\scripting\autodifficultypatch.sp::FindEntityByTargetName
L 06/27/2017 - 12:25:14: [SM]   [2] Line 452, C:\Users\Ethorbit\Desktop\sourcemodbackup\sourcemod\addons\sourcemod\scripting\autodifficultypatch.sp::UpdateHeadcrab
L 06/27/2017 - 12:25:14: [SM]   [3] Line 26, C:\Users\Ethorbit\Desktop\sourcemodbackup\sourcemod\addons\sourcemod\scripting\autodifficultypatch.sp::OnClientDisconnect_Post
L 06/27/2017 - 12:25:15: Error log file session closed.
L 06/27/2017 - 12:25:15: SourceMod error session started
L 06/27/2017 - 12:25:15: Info (map "pb_z_earthquake_h") (file "errors_20170627.log")
L 06/27/2017 - 12:25:15: [SM] Fatal error encountered parsing translation file "savescores.phrases.txt"
L 06/27/2017 - 12:25:15: [SM] Error (line 0, column 0): Stream failed to open
L 06/27/2017 - 12:25:15: [SM] Fatal error encountered parsing translation file "customvotes.phrases.txt"
L 06/27/2017 - 12:25:15: [SM] Error (line 0, column 0): Stream failed to open
L 06/27/2017 - 12:25:15: [admin-flatfile.smx] Error(s) detected parsing addons\sourcemod\configs\admins.cfg
L 06/27/2017 - 12:25:15: [admin-flatfile.smx]  (line 13) Invalid flag detected: d
L 06/27/2017 - 12:25:15: [admin-flatfile.smx]  (line 13) Invalid flag detected: e
L 06/27/2017 - 12:25:15: [admin-flatfile.smx]  (line 19) Invalid flag detected: d
L 06/27/2017 - 12:25:15: [admin-flatfile.smx]  (line 19) Invalid flag detected: e
L 06/27/2017 - 12:25:15: [admin-flatfile.smx]  (line 25) Invalid flag detected: d
L 06/27/2017 - 12:25:15: [admin-flatfile.smx]  (line 25) Invalid flag detected: e
L 06/27/2017 - 12:25:15: [admin-flatfile.smx]  (line 31) Invalid flag detected: d
L 06/27/2017 - 12:25:15: [admin-flatfile.smx]  (line 31) Invalid flag detected: e
L 06/27/2017 - 12:25:15: [admin-flatfile.smx]  (line 37) Invalid flag detected: d
L 06/27/2017 - 12:25:15: [admin-flatfile.smx]  (line 37) Invalid flag detected: e
L 06/27/2017 - 12:25:15: [admin-flatfile.smx]  (line 43) Invalid flag detected: d
L 06/27/2017 - 12:25:15: [admin-flatfile.smx]  (line 43) Invalid flag detected: e
L 06/27/2017 - 12:25:15: [admin-flatfile.smx]  (line 49) Invalid flag detected: d
L 06/27/2017 - 12:25:15: [admin-flatfile.smx]  (line 49) Invalid flag detected: e
L 06/27/2017 - 12:40:38: [SM] Exception reported: Entity 1 (1) is invalid
L 06/27/2017 - 12:40:38: [SM] Blaming: autodifficultypatch.smx
L 06/27/2017 - 12:40:38: [SM] Call stack trace:
L 06/27/2017 - 12:40:38: [SM]   [0] GetEntPropString
L 06/27/2017 - 12:40:38: [SM]   [1] Line 1898, C:\Users\Ethorbit\Desktop\sourcemodbackup\sourcemod\addons\sourcemod\scripting\autodifficultypatch.sp::FindEntityByTargetName
L 06/27/2017 - 12:40:38: [SM]   [2] Line 1304, C:\Users\Ethorbit\Desktop\sourcemodbackup\sourcemod\addons\sourcemod\scripting\autodifficultypatch.sp::UpdateHeadcrab
L 06/27/2017 - 12:40:38: [SM]   [3] Line 26, C:\Users\Ethorbit\Desktop\sourcemodbackup\sourcemod\addons\sourcemod\scripting\autodifficultypatch.sp::OnClientDisconnect_Post
L 06/27/2017 - 12:40:38: [SM] Exception reported: Entity 2 (2) is invalid
L 06/27/2017 - 12:40:38: [SM] Blaming: autodifficultypatch.smx
L 06/27/2017 - 12:40:38: [SM] Call stack trace:
L 06/27/2017 - 12:40:38: [SM]   [0] GetEntPropString
L 06/27/2017 - 12:40:38: [SM]   [1] Line 1898, C:\Users\Ethorbit\Desktop\sourcemodbackup\sourcemod\addons\sourcemod\scripting\autodifficultypatch.sp::FindEntityByTargetName
L 06/27/2017 - 12:40:38: [SM]   [2] Line 1296, C:\Users\Ethorbit\Desktop\sourcemodbackup\sourcemod\addons\sourcemod\scripting\autodifficultypatch.sp::UpdateHeadcrab
L 06/27/2017 - 12:40:38: [SM]   [3] Line 26, C:\Users\Ethorbit\Desktop\sourcemodbackup\sourcemod\addons\sourcemod\scripting\autodifficultypatch.sp::OnClientDisconnect_Post
L 06/27/2017 - 12:40:38: Error log file session closed.
L 06/27/2017 - 12:40:38: SourceMod error session started
L 06/27/2017 - 12:40:38: Info (map "z_ravenhell_h") (file "errors_20170627.log")
L 06/27/2017 - 12:40:38: [SM] Fatal error encountered parsing translation file "savescores.phrases.txt"
L 06/27/2017 - 12:40:38: [SM] Error (line 0, column 0): Stream failed to open
L 06/27/2017 - 12:40:38: [SM] Fatal error encountered parsing translation file "customvotes.phrases.txt"
L 06/27/2017 - 12:40:38: [SM] Error (line 0, column 0): Stream failed to open
L 06/27/2017 - 12:40:38: [admin-flatfile.smx] Error(s) detected parsing addons\sourcemod\configs\admins.cfg
L 06/27/2017 - 12:40:38: [admin-flatfile.smx]  (line 13) Invalid flag detected: d
L 06/27/2017 - 12:40:38: [admin-flatfile.smx]  (line 13) Invalid flag detected: e
L 06/27/2017 - 12:40:38: [admin-flatfile.smx]  (line 19) Invalid flag detected: d
L 06/27/2017 - 12:40:38: [admin-flatfile.smx]  (line 19) Invalid flag detected: e
L 06/27/2017 - 12:40:38: [admin-flatfile.smx]  (line 25) Invalid flag detected: d
L 06/27/2017 - 12:40:38: [admin-flatfile.smx]  (line 25) Invalid flag detected: e
L 06/27/2017 - 12:40:38: [admin-flatfile.smx]  (line 31) Invalid flag detected: d
L 06/27/2017 - 12:40:38: [admin-flatfile.smx]  (line 31) Invalid flag detected: e
L 06/27/2017 - 12:40:38: [admin-flatfile.smx]  (line 37) Invalid flag detected: d
L 06/27/2017 - 12:40:38: [admin-flatfile.smx]  (line 37) Invalid flag detected: e
L 06/27/2017 - 12:40:38: [admin-flatfile.smx]  (line 43) Invalid flag detected: d
L 06/27/2017 - 12:40:38: [admin-flatfile.smx]  (line 43) Invalid flag detected: e
L 06/27/2017 - 12:40:38: [admin-flatfile.smx]  (line 49) Invalid flag detected: d
L 06/27/2017 - 12:40:38: [admin-flatfile.smx]  (line 49) Invalid flag detected: e
L 06/27/2017 - 12:41:39: [SM] Exception reported: Entity 1 (1) is invalid
L 06/27/2017 - 12:41:39: [SM] Blaming: autodifficultypatch.smx
L 06/27/2017 - 12:41:39: [SM] Call stack trace:
L 06/27/2017 - 12:41:39: [SM]   [0] GetEntPropString
L 06/27/2017 - 12:41:39: [SM]   [1] Line 1898, C:\Users\Ethorbit\Desktop\sourcemodbackup\sourcemod\addons\sourcemod\scripting\autodifficultypatch.sp::FindEntityByTargetName
L 06/27/2017 - 12:41:39: [SM]   [2] Line 251, C:\Users\Ethorbit\Desktop\sourcemodbackup\sourcemod\addons\sourcemod\scripting\autodifficultypatch.sp::UpdateHeadcrab
L 06/27/2017 - 12:41:39: [SM]   [3] Line 26, C:\Users\Ethorbit\Desktop\sourcemodbackup\sourcemod\addons\sourcemod\scripting\autodifficultypatch.sp::OnClientDisconnect_Post
L 06/27/2017 - 12:41:40: Error log file session closed.
L 06/27/2017 - 12:41:40: SourceMod error session started
L 06/27/2017 - 12:41:40: Info (map "dm_montana_h") (file "errors_20170627.log")
L 06/27/2017 - 12:41:40: [SM] Fatal error encountered parsing translation file "savescores.phrases.txt"
L 06/27/2017 - 12:41:40: [SM] Error (line 0, column 0): Stream failed to open
L 06/27/2017 - 12:41:40: [SM] Fatal error encountered parsing translation file "customvotes.phrases.txt"
L 06/27/2017 - 12:41:40: [SM] Error (line 0, column 0): Stream failed to open
L 06/27/2017 - 12:41:40: [admin-flatfile.smx] Error(s) detected parsing addons\sourcemod\configs\admins.cfg
L 06/27/2017 - 12:41:40: [admin-flatfile.smx]  (line 13) Invalid flag detected: d
L 06/27/2017 - 12:41:40: [admin-flatfile.smx]  (line 13) Invalid flag detected: e
L 06/27/2017 - 12:41:40: [admin-flatfile.smx]  (line 19) Invalid flag detected: d
L 06/27/2017 - 12:41:40: [admin-flatfile.smx]  (line 19) Invalid flag detected: e
L 06/27/2017 - 12:41:40: [admin-flatfile.smx]  (line 25) Invalid flag detected: d
L 06/27/2017 - 12:41:40: [admin-flatfile.smx]  (line 25) Invalid flag detected: e
L 06/27/2017 - 12:41:40: [admin-flatfile.smx]  (line 31) Invalid flag detected: d
L 06/27/2017 - 12:41:40: [admin-flatfile.smx]  (line 31) Invalid flag detected: e
L 06/27/2017 - 12:41:40: [admin-flatfile.smx]  (line 37) Invalid flag detected: d
L 06/27/2017 - 12:41:40: [admin-flatfile.smx]  (line 37) Invalid flag detected: e
L 06/27/2017 - 12:41:40: [admin-flatfile.smx]  (line 43) Invalid flag detected: d
L 06/27/2017 - 12:41:40: [admin-flatfile.smx]  (line 43) Invalid flag detected: e
L 06/27/2017 - 12:41:40: [admin-flatfile.smx]  (line 49) Invalid flag detected: d
L 06/27/2017 - 12:41:40: [admin-flatfile.smx]  (line 49) Invalid flag detected: e
L 06/27/2017 - 13:34:56: SourceMod error session started
L 06/27/2017 - 13:34:56: Info (map "pb_z_high_school_h") (file "errors_20170627.log")
L 06/27/2017 - 13:34:56: [SDKTOOLS] Invalid detour address passed - Disabling detour to prevent crashes
L 06/27/2017 - 13:34:57: [SM] Unable to load extension "soundlib.ext": error code 0000007e
L 06/27/2017 - 13:34:57: [SM] Unable to load extension "config.ext": error code 0000007e
L 06/27/2017 - 13:34:57: [SM] Unable to load plugin "inviter-fix.smx": Could not find required plugin "steamcore"
L 06/27/2017 - 13:34:57: [SM] Fatal error encountered parsing translation file "savescores.phrases.txt"
L 06/27/2017 - 13:34:57: [SM] Error (line 0, column 0): Stream failed to open
L 06/27/2017 - 13:34:57: [SM] Unable to load plugin "time-left-actions.smx": Required extension "Sound Info Library" file("soundlib.ext") not running
L 06/27/2017 - 13:34:57: [admin-flatfile.smx] Error(s) detected parsing addons\sourcemod\configs\admins.cfg
L 06/27/2017 - 13:34:57: [admin-flatfile.smx]  (line 13) Invalid flag detected: d
L 06/27/2017 - 13:34:57: [admin-flatfile.smx]  (line 13) Invalid flag detected: e
L 06/27/2017 - 13:34:57: [admin-flatfile.smx]  (line 19) Invalid flag detected: d
L 06/27/2017 - 13:34:57: [admin-flatfile.smx]  (line 19) Invalid flag detected: e
L 06/27/2017 - 13:34:57: [admin-flatfile.smx]  (line 25) Invalid flag detected: d
L 06/27/2017 - 13:34:57: [admin-flatfile.smx]  (line 25) Invalid flag detected: e
L 06/27/2017 - 13:34:57: [admin-flatfile.smx]  (line 31) Invalid flag detected: d
L 06/27/2017 - 13:34:57: [admin-flatfile.smx]  (line 31) Invalid flag detected: e
L 06/27/2017 - 13:34:57: [admin-flatfile.smx]  (line 37) Invalid flag detected: d
L 06/27/2017 - 13:34:57: [admin-flatfile.smx]  (line 37) Invalid flag detected: e
L 06/27/2017 - 13:34:57: [admin-flatfile.smx]  (line 43) Invalid flag detected: d
L 06/27/2017 - 13:34:57: [admin-flatfile.smx]  (line 43) Invalid flag detected: e
L 06/27/2017 - 13:34:57: [admin-flatfile.smx]  (line 49) Invalid flag detected: d
L 06/27/2017 - 13:34:57: [admin-flatfile.smx]  (line 49) Invalid flag detected: e
L 06/27/2017 - 13:35:04: Error log file session closed.
L 06/27/2017 - 13:35:04: SourceMod error session started
L 06/27/2017 - 13:35:04: Info (map "pb_z_high_school_h") (file "errors_20170627.log")
L 06/27/2017 - 13:35:04: [SM] Fatal error encountered parsing translation file "savescores.phrases.txt"
L 06/27/2017 - 13:35:04: [SM] Error (line 0, column 0): Stream failed to open
L 06/27/2017 - 13:35:04: [admin-flatfile.smx] Error(s) detected parsing addons\sourcemod\configs\admins.cfg
L 06/27/2017 - 13:35:04: [admin-flatfile.smx]  (line 13) Invalid flag detected: d
L 06/27/2017 - 13:35:04: [admin-flatfile.smx]  (line 13) Invalid flag detected: e
L 06/27/2017 - 13:35:04: [admin-flatfile.smx]  (line 19) Invalid flag detected: d
L 06/27/2017 - 13:35:04: [admin-flatfile.smx]  (line 19) Invalid flag detected: e
L 06/27/2017 - 13:35:04: [admin-flatfile.smx]  (line 25) Invalid flag detected: d
L 06/27/2017 - 13:35:04: [admin-flatfile.smx]  (line 25) Invalid flag detected: e
L 06/27/2017 - 13:35:04: [admin-flatfile.smx]  (line 31) Invalid flag detected: d
L 06/27/2017 - 13:35:04: [admin-flatfile.smx]  (line 31) Invalid flag detected: e
L 06/27/2017 - 13:35:04: [admin-flatfile.smx]  (line 37) Invalid flag detected: d
L 06/27/2017 - 13:35:04: [admin-flatfile.smx]  (line 37) Invalid flag detected: e
L 06/27/2017 - 13:35:04: [admin-flatfile.smx]  (line 43) Invalid flag detected: d
L 06/27/2017 - 13:35:04: [admin-flatfile.smx]  (line 43) Invalid flag detected: e
L 06/27/2017 - 13:35:04: [admin-flatfile.smx]  (line 49) Invalid flag detected: d
L 06/27/2017 - 13:35:04: [admin-flatfile.smx]  (line 49) Invalid flag detected: e
L 06/27/2017 - 13:35:24: [SM] Fatal error encountered parsing translation file "customvotes.phrases.txt"
L 06/27/2017 - 13:35:24: [SM] Error (line 0, column 0): Stream failed to open
L 06/27/2017 - 13:36:18: [SM] Exception reported: Entity 2 (2) is invalid
L 06/27/2017 - 13:36:18: [SM] Blaming: autodifficultypatch.smx
L 06/27/2017 - 13:36:18: [SM] Call stack trace:
L 06/27/2017 - 13:36:18: [SM]   [0] GetEntPropString
L 06/27/2017 - 13:36:18: [SM]   [1] Line 1898, C:\Users\Ethorbit\Desktop\sourcemodbackup\sourcemod\addons\sourcemod\scripting\autodifficultypatch.sp::FindEntityByTargetName
L 06/27/2017 - 13:36:18: [SM]   [2] Line 1704, C:\Users\Ethorbit\Desktop\sourcemodbackup\sourcemod\addons\sourcemod\scripting\autodifficultypatch.sp::UpdateHeadcrab
L 06/27/2017 - 13:36:18: [SM]   [3] Line 26, C:\Users\Ethorbit\Desktop\sourcemodbackup\sourcemod\addons\sourcemod\scripting\autodifficultypatch.sp::OnClientDisconnect_Post
L 06/27/2017 - 13:36:18: [SM]   [5] KickClient
L 06/27/2017 - 13:36:18: [SM]   [6] Line 40, /home/builds/sourcemod/linux-1.8/build/plugins/basecommands/kick.sp::PerformKick
L 06/27/2017 - 13:36:18: [SM]   [7] Line 196, /home/builds/sourcemod/linux-1.8/build/plugins/basecommands/kick.sp::Command_Kick
L 06/27/2017 - 13:36:25: [SM] Exception reported: Entity 3 (3) is invalid
L 06/27/2017 - 13:36:25: [SM] Blaming: autodifficultypatch.smx
L 06/27/2017 - 13:36:25: [SM] Call stack trace:
L 06/27/2017 - 13:36:25: [SM]   [0] GetEntPropString
L 06/27/2017 - 13:36:25: [SM]   [1] Line 1898, C:\Users\Ethorbit\Desktop\sourcemodbackup\sourcemod\addons\sourcemod\scripting\autodifficultypatch.sp::FindEntityByTargetName
L 06/27/2017 - 13:36:25: [SM]   [2] Line 1696, C:\Users\Ethorbit\Desktop\sourcemodbackup\sourcemod\addons\sourcemod\scripting\autodifficultypatch.sp::UpdateHeadcrab
L 06/27/2017 - 13:36:25: [SM]   [3] Line 26, C:\Users\Ethorbit\Desktop\sourcemodbackup\sourcemod\addons\sourcemod\scripting\autodifficultypatch.sp::OnClientDisconnect_Post
L 06/27/2017 - 13:36:25: [SM]   [5] KickClient
L 06/27/2017 - 13:36:25: [SM]   [6] Line 40, /home/builds/sourcemod/linux-1.8/build/plugins/basecommands/kick.sp::PerformKick
L 06/27/2017 - 13:36:25: [SM]   [7] Line 196, /home/builds/sourcemod/linux-1.8/build/plugins/basecommands/kick.sp::Command_Kick
L 06/27/2017 - 13:36:53: [SM] Exception reported: Entity 1 (1) is invalid
L 06/27/2017 - 13:36:53: [SM] Blaming: autodifficultypatch.smx
L 06/27/2017 - 13:36:53: [SM] Call stack trace:
L 06/27/2017 - 13:36:53: [SM]   [0] GetEntPropString
L 06/27/2017 - 13:36:53: [SM]   [1] Line 1898, C:\Users\Ethorbit\Desktop\sourcemodbackup\sourcemod\addons\sourcemod\scripting\autodifficultypatch.sp::FindEntityByTargetName
L 06/27/2017 - 13:36:53: [SM]   [2] Line 1672, C:\Users\Ethorbit\Desktop\sourcemodbackup\sourcemod\addons\sourcemod\scripting\autodifficultypatch.sp::UpdateHeadcrab
L 06/27/2017 - 13:36:53: [SM]   [3] Line 26, C:\Users\Ethorbit\Desktop\sourcemodbackup\sourcemod\addons\sourcemod\scripting\autodifficultypatch.sp::OnClientDisconnect_Post
L 06/27/2017 - 13:37:01: [SM] Exception reported: Entity 1 (1) is invalid
L 06/27/2017 - 13:37:01: [SM] Blaming: autodifficultypatch.smx
L 06/27/2017 - 13:37:01: [SM] Call stack trace:
L 06/27/2017 - 13:37:01: [SM]   [0] GetEntPropString
L 06/27/2017 - 13:37:01: [SM]   [1] Line 1898, C:\Users\Ethorbit\Desktop\sourcemodbackup\sourcemod\addons\sourcemod\scripting\autodifficultypatch.sp::FindEntityByTargetName
L 06/27/2017 - 13:37:01: [SM]   [2] Line 1672, C:\Users\Ethorbit\Desktop\sourcemodbackup\sourcemod\addons\sourcemod\scripting\autodifficultypatch.sp::UpdateHeadcrab
L 06/27/2017 - 13:37:01: [SM]   [3] Line 26, C:\Users\Ethorbit\Desktop\sourcemodbackup\sourcemod\addons\sourcemod\scripting\autodifficultypatch.sp::OnClientDisconnect_Post
L 06/27/2017 - 13:51:36: [SM] Exception reported: Language phrase "Score restored" not found
L 06/27/2017 - 13:51:36: [SM] Blaming: savescores.smx
L 06/27/2017 - 13:51:36: [SM] Call stack trace:
L 06/27/2017 - 13:51:36: [SM]   [0] VFormat
L 06/27/2017 - 13:51:36: [SM]   [1] Line 60, D:\Source-Servers\css_sm_1.2.4\cstrike\addons\sourcemod\scripting\include\colors.inc::CPrintToChat
L 06/27/2017 - 13:51:36: [SM]   [2] Line 649, D:\Source-Servers\css_sm_1.2.4\cstrike\addons\sourcemod\scripting\savescores.sp::SetPlayerScore
L 06/27/2017 - 14:01:09: [SM] Exception reported: Entity 1 (1) is invalid
L 06/27/2017 - 14:01:09: [SM] Blaming: autodifficultypatch.smx
L 06/27/2017 - 14:01:09: [SM] Call stack trace:
L 06/27/2017 - 14:01:09: [SM]   [0] GetEntPropString
L 06/27/2017 - 14:01:09: [SM]   [1] Line 1898, C:\Users\Ethorbit\Desktop\sourcemodbackup\sourcemod\addons\sourcemod\scripting\autodifficultypatch.sp::FindEntityByTargetName
L 06/27/2017 - 14:01:09: [SM]   [2] Line 1672, C:\Users\Ethorbit\Desktop\sourcemodbackup\sourcemod\addons\sourcemod\scripting\autodifficultypatch.sp::UpdateHeadcrab
L 06/27/2017 - 14:01:09: [SM]   [3] Line 26, C:\Users\Ethorbit\Desktop\sourcemodbackup\sourcemod\addons\sourcemod\scripting\autodifficultypatch.sp::OnClientDisconnect_Post
L 06/27/2017 - 14:10:11: SourceMod error session started
L 06/27/2017 - 14:10:11: Info (map "pb_z_high_school_h") (file "errors_20170627.log")
L 06/27/2017 - 14:10:11: [SDKTOOLS] Invalid detour address passed - Disabling detour to prevent crashes
L 06/27/2017 - 14:10:11: [SM] Unable to load extension "soundlib.ext": error code 0000007e
L 06/27/2017 - 14:10:11: [SM] Unable to load extension "config.ext": error code 0000007e
L 06/27/2017 - 14:10:11: [SM] Unable to load plugin "inviter-fix.smx": Could not find required plugin "steamcore"
L 06/27/2017 - 14:10:11: [SM] Fatal error encountered parsing translation file "savescores.phrases.txt"
L 06/27/2017 - 14:10:11: [SM] Error (line 0, column 0): Stream failed to open
L 06/27/2017 - 14:10:11: [SM] Unable to load plugin "time-left-actions.smx": Required extension "Sound Info Library" file("soundlib.ext") not running
L 06/27/2017 - 14:10:11: [admin-flatfile.smx] Error(s) detected parsing addons\sourcemod\configs\admins.cfg
L 06/27/2017 - 14:10:11: [admin-flatfile.smx]  (line 13) Invalid flag detected: d
L 06/27/2017 - 14:10:11: [admin-flatfile.smx]  (line 13) Invalid flag detected: e
L 06/27/2017 - 14:10:11: [admin-flatfile.smx]  (line 19) Invalid flag detected: d
L 06/27/2017 - 14:10:11: [admin-flatfile.smx]  (line 19) Invalid flag detected: e
L 06/27/2017 - 14:10:11: [admin-flatfile.smx]  (line 25) Invalid flag detected: d
L 06/27/2017 - 14:10:11: [admin-flatfile.smx]  (line 25) Invalid flag detected: e
L 06/27/2017 - 14:10:11: [admin-flatfile.smx]  (line 31) Invalid flag detected: d
L 06/27/2017 - 14:10:11: [admin-flatfile.smx]  (line 31) Invalid flag detected: e
L 06/27/2017 - 14:10:11: [admin-flatfile.smx]  (line 37) Invalid flag detected: d
L 06/27/2017 - 14:10:11: [admin-flatfile.smx]  (line 37) Invalid flag detected: e
L 06/27/2017 - 14:10:11: [admin-flatfile.smx]  (line 43) Invalid flag detected: d
L 06/27/2017 - 14:10:11: [admin-flatfile.smx]  (line 43) Invalid flag detected: e
L 06/27/2017 - 14:10:11: [admin-flatfile.smx]  (line 49) Invalid flag detected: d
L 06/27/2017 - 14:10:11: [admin-flatfile.smx]  (line 49) Invalid flag detected: e
L 06/27/2017 - 14:10:18: Error log file session closed.
L 06/27/2017 - 14:10:18: SourceMod error session started
L 06/27/2017 - 14:10:18: Info (map "pb_z_high_school_h") (file "errors_20170627.log")
L 06/27/2017 - 14:10:18: [SM] Fatal error encountered parsing translation file "savescores.phrases.txt"
L 06/27/2017 - 14:10:18: [SM] Error (line 0, column 0): Stream failed to open
L 06/27/2017 - 14:10:18: [admin-flatfile.smx] Error(s) detected parsing addons\sourcemod\configs\admins.cfg
L 06/27/2017 - 14:10:18: [admin-flatfile.smx]  (line 13) Invalid flag detected: d
L 06/27/2017 - 14:10:18: [admin-flatfile.smx]  (line 13) Invalid flag detected: e
L 06/27/2017 - 14:10:18: [admin-flatfile.smx]  (line 19) Invalid flag detected: d
L 06/27/2017 - 14:10:18: [admin-flatfile.smx]  (line 19) Invalid flag detected: e
L 06/27/2017 - 14:10:18: [admin-flatfile.smx]  (line 25) Invalid flag detected: d
L 06/27/2017 - 14:10:18: [admin-flatfile.smx]  (line 25) Invalid flag detected: e
L 06/27/2017 - 14:10:18: [admin-flatfile.smx]  (line 31) Invalid flag detected: d
L 06/27/2017 - 14:10:18: [admin-flatfile.smx]  (line 31) Invalid flag detected: e
L 06/27/2017 - 14:10:18: [admin-flatfile.smx]  (line 37) Invalid flag detected: d
L 06/27/2017 - 14:10:18: [admin-flatfile.smx]  (line 37) Invalid flag detected: e
L 06/27/2017 - 14:10:18: [admin-flatfile.smx]  (line 43) Invalid flag detected: d
L 06/27/2017 - 14:10:18: [admin-flatfile.smx]  (line 43) Invalid flag detected: e
L 06/27/2017 - 14:10:18: [admin-flatfile.smx]  (line 49) Invalid flag detected: d
L 06/27/2017 - 14:10:18: [admin-flatfile.smx]  (line 49) Invalid flag detected: e
L 06/27/2017 - 14:10:36: [SM] Fatal error encountered parsing translation file "customvotes.phrases.txt"
L 06/27/2017 - 14:10:36: [SM] Error (line 0, column 0): Stream failed to open
L 06/27/2017 - 14:12:15: SourceMod error session started
L 06/27/2017 - 14:12:15: Info (map "pb_z_high_school_h") (file "errors_20170627.log")
L 06/27/2017 - 14:12:15: [SDKTOOLS] Invalid detour address passed - Disabling detour to prevent crashes
L 06/27/2017 - 14:12:15: [SM] Unable to load extension "soundlib.ext": error code 0000007e
L 06/27/2017 - 14:12:15: [SM] Unable to load extension "config.ext": error code 0000007e
L 06/27/2017 - 14:12:15: [SM] Unable to load plugin "inviter-fix.smx": Could not find required plugin "steamcore"
L 06/27/2017 - 14:12:15: [SM] Fatal error encountered parsing translation file "savescores.phrases.txt"
L 06/27/2017 - 14:12:15: [SM] Error (line 0, column 0): Stream failed to open
L 06/27/2017 - 14:12:15: [SM] Unable to load plugin "time-left-actions.smx": Required extension "Sound Info Library" file("soundlib.ext") not running
L 06/27/2017 - 14:12:15: [admin-flatfile.smx] Error(s) detected parsing addons\sourcemod\configs\admins.cfg
L 06/27/2017 - 14:12:15: [admin-flatfile.smx]  (line 13) Invalid flag detected: d
L 06/27/2017 - 14:12:15: [admin-flatfile.smx]  (line 13) Invalid flag detected: e
L 06/27/2017 - 14:12:15: [admin-flatfile.smx]  (line 19) Invalid flag detected: d
L 06/27/2017 - 14:12:15: [admin-flatfile.smx]  (line 19) Invalid flag detected: e
L 06/27/2017 - 14:12:15: [admin-flatfile.smx]  (line 25) Invalid flag detected: d
L 06/27/2017 - 14:12:15: [admin-flatfile.smx]  (line 25) Invalid flag detected: e
L 06/27/2017 - 14:12:15: [admin-flatfile.smx]  (line 31) Invalid flag detected: d
L 06/27/2017 - 14:12:15: [admin-flatfile.smx]  (line 31) Invalid flag detected: e
L 06/27/2017 - 14:12:15: [admin-flatfile.smx]  (line 37) Invalid flag detected: d
L 06/27/2017 - 14:12:15: [admin-flatfile.smx]  (line 37) Invalid flag detected: e
L 06/27/2017 - 14:12:15: [admin-flatfile.smx]  (line 43) Invalid flag detected: d
L 06/27/2017 - 14:12:15: [admin-flatfile.smx]  (line 43) Invalid flag detected: e
L 06/27/2017 - 14:12:15: [admin-flatfile.smx]  (line 49) Invalid flag detected: d
L 06/27/2017 - 14:12:15: [admin-flatfile.smx]  (line 49) Invalid flag detected: e
L 06/27/2017 - 14:12:21: Error log file session closed.
L 06/27/2017 - 14:12:22: SourceMod error session started
L 06/27/2017 - 14:12:22: Info (map "pb_z_high_school_h") (file "errors_20170627.log")
L 06/27/2017 - 14:12:22: [SM] Fatal error encountered parsing translation file "savescores.phrases.txt"
L 06/27/2017 - 14:12:22: [SM] Error (line 0, column 0): Stream failed to open
L 06/27/2017 - 14:12:22: [admin-flatfile.smx] Error(s) detected parsing addons\sourcemod\configs\admins.cfg
L 06/27/2017 - 14:12:22: [admin-flatfile.smx]  (line 13) Invalid flag detected: d
L 06/27/2017 - 14:12:22: [admin-flatfile.smx]  (line 13) Invalid flag detected: e
L 06/27/2017 - 14:12:22: [admin-flatfile.smx]  (line 19) Invalid flag detected: d
L 06/27/2017 - 14:12:22: [admin-flatfile.smx]  (line 19) Invalid flag detected: e
L 06/27/2017 - 14:12:22: [admin-flatfile.smx]  (line 25) Invalid flag detected: d
L 06/27/2017 - 14:12:22: [admin-flatfile.smx]  (line 25) Invalid flag detected: e
L 06/27/2017 - 14:12:22: [admin-flatfile.smx]  (line 31) Invalid flag detected: d
L 06/27/2017 - 14:12:22: [admin-flatfile.smx]  (line 31) Invalid flag detected: e
L 06/27/2017 - 14:12:22: [admin-flatfile.smx]  (line 37) Invalid flag detected: d
L 06/27/2017 - 14:12:22: [admin-flatfile.smx]  (line 37) Invalid flag detected: e
L 06/27/2017 - 14:12:22: [admin-flatfile.smx]  (line 43) Invalid flag detected: d
L 06/27/2017 - 14:12:22: [admin-flatfile.smx]  (line 43) Invalid flag detected: e
L 06/27/2017 - 14:12:22: [admin-flatfile.smx]  (line 49) Invalid flag detected: d
L 06/27/2017 - 14:12:22: [admin-flatfile.smx]  (line 49) Invalid flag detected: e
L 06/27/2017 - 14:12:32: [SM] Fatal error encountered parsing translation file "customvotes.phrases.txt"
L 06/27/2017 - 14:12:32: [SM] Error (line 0, column 0): Stream failed to open
L 06/27/2017 - 14:21:28: SourceMod error session started
L 06/27/2017 - 14:21:28: Info (map "pb_z_high_school_h") (file "errors_20170627.log")
L 06/27/2017 - 14:21:28: [SDKTOOLS] Invalid detour address passed - Disabling detour to prevent crashes
L 06/27/2017 - 14:21:28: [SM] Unable to load extension "soundlib.ext": error code 0000007e
L 06/27/2017 - 14:21:28: [SM] Unable to load extension "config.ext": error code 0000007e
L 06/27/2017 - 14:21:28: [SM] Unable to load plugin "inviter-fix.smx": Could not find required plugin "steamcore"
L 06/27/2017 - 14:21:28: [SM] Fatal error encountered parsing translation file "savescores.phrases.txt"
L 06/27/2017 - 14:21:28: [SM] Error (line 0, column 0): Stream failed to open
L 06/27/2017 - 14:21:28: [SM] Unable to load plugin "time-left-actions.smx": Required extension "Sound Info Library" file("soundlib.ext") not running
L 06/27/2017 - 14:21:28: [admin-flatfile.smx] Error(s) detected parsing addons\sourcemod\configs\admins.cfg
L 06/27/2017 - 14:21:28: [admin-flatfile.smx]  (line 13) Invalid flag detected: d
L 06/27/2017 - 14:21:28: [admin-flatfile.smx]  (line 13) Invalid flag detected: e
L 06/27/2017 - 14:21:28: [admin-flatfile.smx]  (line 19) Invalid flag detected: d
L 06/27/2017 - 14:21:28: [admin-flatfile.smx]  (line 19) Invalid flag detected: e
L 06/27/2017 - 14:21:28: [admin-flatfile.smx]  (line 25) Invalid flag detected: d
L 06/27/2017 - 14:21:28: [admin-flatfile.smx]  (line 25) Invalid flag detected: e
L 06/27/2017 - 14:21:28: [admin-flatfile.smx]  (line 31) Invalid flag detected: d
L 06/27/2017 - 14:21:28: [admin-flatfile.smx]  (line 31) Invalid flag detected: e
L 06/27/2017 - 14:21:28: [admin-flatfile.smx]  (line 37) Invalid flag detected: d
L 06/27/2017 - 14:21:28: [admin-flatfile.smx]  (line 37) Invalid flag detected: e
L 06/27/2017 - 14:21:28: [admin-flatfile.smx]  (line 43) Invalid flag detected: d
L 06/27/2017 - 14:21:28: [admin-flatfile.smx]  (line 43) Invalid flag detected: e
L 06/27/2017 - 14:21:28: [admin-flatfile.smx]  (line 49) Invalid flag detected: d
L 06/27/2017 - 14:21:28: [admin-flatfile.smx]  (line 49) Invalid flag detected: e
L 06/27/2017 - 14:21:35: [SM] Exception reported: Entity 1 (1) is invalid
L 06/27/2017 - 14:21:35: [SM] Blaming: autodifficultypatch.smx
L 06/27/2017 - 14:21:35: [SM] Call stack trace:
L 06/27/2017 - 14:21:35: [SM]   [0] GetEntPropString
L 06/27/2017 - 14:21:35: [SM]   [1] Line 1898, C:\Users\Ethorbit\Desktop\sourcemodbackup\sourcemod\addons\sourcemod\scripting\autodifficultypatch.sp::FindEntityByTargetName
L 06/27/2017 - 14:21:35: [SM]   [2] Line 1672, C:\Users\Ethorbit\Desktop\sourcemodbackup\sourcemod\addons\sourcemod\scripting\autodifficultypatch.sp::UpdateHeadcrab
L 06/27/2017 - 14:21:35: [SM]   [3] Line 26, C:\Users\Ethorbit\Desktop\sourcemodbackup\sourcemod\addons\sourcemod\scripting\autodifficultypatch.sp::OnClientDisconnect_Post
L 06/27/2017 - 14:21:35: Error log file session closed.
L 06/27/2017 - 14:21:35: SourceMod error session started
L 06/27/2017 - 14:21:35: Info (map "pb_z_high_school_h") (file "errors_20170627.log")
L 06/27/2017 - 14:21:35: [SM] Fatal error encountered parsing translation file "savescores.phrases.txt"
L 06/27/2017 - 14:21:35: [SM] Error (line 0, column 0): Stream failed to open
L 06/27/2017 - 14:21:35: [admin-flatfile.smx] Error(s) detected parsing addons\sourcemod\configs\admins.cfg
L 06/27/2017 - 14:21:35: [admin-flatfile.smx]  (line 13) Invalid flag detected: d
L 06/27/2017 - 14:21:35: [admin-flatfile.smx]  (line 13) Invalid flag detected: e
L 06/27/2017 - 14:21:35: [admin-flatfile.smx]  (line 19) Invalid flag detected: d
L 06/27/2017 - 14:21:35: [admin-flatfile.smx]  (line 19) Invalid flag detected: e
L 06/27/2017 - 14:21:35: [admin-flatfile.smx]  (line 25) Invalid flag detected: d
L 06/27/2017 - 14:21:35: [admin-flatfile.smx]  (line 25) Invalid flag detected: e
L 06/27/2017 - 14:21:35: [admin-flatfile.smx]  (line 31) Invalid flag detected: d
L 06/27/2017 - 14:21:35: [admin-flatfile.smx]  (line 31) Invalid flag detected: e
L 06/27/2017 - 14:21:35: [admin-flatfile.smx]  (line 37) Invalid flag detected: d
L 06/27/2017 - 14:21:35: [admin-flatfile.smx]  (line 37) Invalid flag detected: e
L 06/27/2017 - 14:21:35: [admin-flatfile.smx]  (line 43) Invalid flag detected: d
L 06/27/2017 - 14:21:35: [admin-flatfile.smx]  (line 43) Invalid flag detected: e
L 06/27/2017 - 14:21:35: [admin-flatfile.smx]  (line 49) Invalid flag detected: d
L 06/27/2017 - 14:21:35: [admin-flatfile.smx]  (line 49) Invalid flag detected: e
L 06/27/2017 - 14:21:43: [SM] Fatal error encountered parsing translation file "customvotes.phrases.txt"
L 06/27/2017 - 14:21:43: [SM] Error (line 0, column 0): Stream failed to open
L 06/27/2017 - 14:22:03: [SM] Exception reported: Entity 1 (1) is invalid
L 06/27/2017 - 14:22:03: [SM] Blaming: autodifficultypatch.smx
L 06/27/2017 - 14:22:03: [SM] Call stack trace:
L 06/27/2017 - 14:22:03: [SM]   [0] GetEntPropString
L 06/27/2017 - 14:22:03: [SM]   [1] Line 1898, C:\Users\Ethorbit\Desktop\sourcemodbackup\sourcemod\addons\sourcemod\scripting\autodifficultypatch.sp::FindEntityByTargetName
L 06/27/2017 - 14:22:03: [SM]   [2] Line 1672, C:\Users\Ethorbit\Desktop\sourcemodbackup\sourcemod\addons\sourcemod\scripting\autodifficultypatch.sp::UpdateHeadcrab
L 06/27/2017 - 14:22:03: [SM]   [3] Line 26, C:\Users\Ethorbit\Desktop\sourcemodbackup\sourcemod\addons\sourcemod\scripting\autodifficultypatch.sp::OnClientDisconnect_Post
L 06/27/2017 - 14:22:48: [SM] Exception reported: Entity 1 (1) is invalid
L 06/27/2017 - 14:22:48: [SM] Blaming: autodifficultypatch.smx
L 06/27/2017 - 14:22:48: [SM] Call stack trace:
L 06/27/2017 - 14:22:48: [SM]   [0] GetEntPropString
L 06/27/2017 - 14:22:48: [SM]   [1] Line 1898, C:\Users\Ethorbit\Desktop\sourcemodbackup\sourcemod\addons\sourcemod\scripting\autodifficultypatch.sp::FindEntityByTargetName
L 06/27/2017 - 14:22:48: [SM]   [2] Line 1672, C:\Users\Ethorbit\Desktop\sourcemodbackup\sourcemod\addons\sourcemod\scripting\autodifficultypatch.sp::UpdateHeadcrab
L 06/27/2017 - 14:22:48: [SM]   [3] Line 26, C:\Users\Ethorbit\Desktop\sourcemodbackup\sourcemod\addons\sourcemod\scripting\autodifficultypatch.sp::OnClientDisconnect_Post
L 06/27/2017 - 14:24:08: [SM] Exception reported: Entity 1 (1) is invalid
L 06/27/2017 - 14:24:08: [SM] Blaming: autodifficultypatch.smx
L 06/27/2017 - 14:24:08: [SM] Call stack trace:
L 06/27/2017 - 14:24:08: [SM]   [0] GetEntPropString
L 06/27/2017 - 14:24:08: [SM]   [1] Line 1898, C:\Users\Ethorbit\Desktop\sourcemodbackup\sourcemod\addons\sourcemod\scripting\autodifficultypatch.sp::FindEntityByTargetName
L 06/27/2017 - 14:24:08: [SM]   [2] Line 1680, C:\Users\Ethorbit\Desktop\sourcemodbackup\sourcemod\addons\sourcemod\scripting\autodifficultypatch.sp::UpdateHeadcrab
L 06/27/2017 - 14:24:08: [SM]   [3] Line 26, C:\Users\Ethorbit\Desktop\sourcemodbackup\sourcemod\addons\sourcemod\scripting\autodifficultypatch.sp::OnClientDisconnect_Post
