L 05/29/2017 - 00:04:45: SourceMod error session started
L 05/29/2017 - 00:04:45: Info (map "dm_coldruins_rc1_m") (file "errors_20170529.log")
L 05/29/2017 - 00:04:45: Error log file session closed.
L 05/29/2017 - 00:04:45: SourceMod error session started
L 05/29/2017 - 00:04:45: Info (map "dm_coldruins_rc1_m") (file "errors_20170529.log")
L 05/29/2017 - 00:04:45: [SM] Fatal error encountered parsing translation file "savescores.phrases.txt"
L 05/29/2017 - 00:04:45: [SM] Error (line 0, column 0): Stream failed to open
L 05/29/2017 - 00:04:45: [SM] Fatal error encountered parsing translation file "customvotes.phrases.txt"
L 05/29/2017 - 00:04:45: [SM] Error (line 0, column 0): Stream failed to open
L 05/29/2017 - 00:16:02: SourceMod error session started
L 05/29/2017 - 00:16:02: Info (map "pb_z_high_school_m") (file "errors_20170529.log")
L 05/29/2017 - 00:16:02: [SDKTOOLS] Invalid detour address passed - Disabling detour to prevent crashes
L 05/29/2017 - 00:16:02: [SM] Fatal error encountered parsing translation file "savescores.phrases.txt"
L 05/29/2017 - 00:16:02: [SM] Error (line 0, column 0): Stream failed to open
L 05/29/2017 - 02:53:38: [SM] Exception reported: Entity 2 (2) is invalid
L 05/29/2017 - 02:53:38: [SM] Blaming: autodifficultypatch.smx
L 05/29/2017 - 02:53:38: [SM] Call stack trace:
L 05/29/2017 - 02:53:38: [SM]   [0] GetEntPropString
L 05/29/2017 - 02:53:38: [SM]   [1] Line 1420, C:\Users\Ethorbit\Desktop\sourcemod\scripting\autodifficultypatch.sp::FindEntityByTargetName
L 05/29/2017 - 02:53:38: [SM]   [2] Line 1202, C:\Users\Ethorbit\Desktop\sourcemod\scripting\autodifficultypatch.sp::UpdateHeadcrab
L 05/29/2017 - 02:53:38: [SM]   [3] Line 26, C:\Users\Ethorbit\Desktop\sourcemod\scripting\autodifficultypatch.sp::OnClientDisconnect_Post
L 05/29/2017 - 02:57:38: [SM] Exception reported: Entity 1 (1) is invalid
L 05/29/2017 - 02:57:38: [SM] Blaming: autodifficultypatch.smx
L 05/29/2017 - 02:57:38: [SM] Call stack trace:
L 05/29/2017 - 02:57:38: [SM]   [0] GetEntPropString
L 05/29/2017 - 02:57:38: [SM]   [1] Line 1420, C:\Users\Ethorbit\Desktop\sourcemod\scripting\autodifficultypatch.sp::FindEntityByTargetName
L 05/29/2017 - 02:57:38: [SM]   [2] Line 1194, C:\Users\Ethorbit\Desktop\sourcemod\scripting\autodifficultypatch.sp::UpdateHeadcrab
L 05/29/2017 - 02:57:38: [SM]   [3] Line 26, C:\Users\Ethorbit\Desktop\sourcemod\scripting\autodifficultypatch.sp::OnClientDisconnect_Post
L 05/29/2017 - 03:00:47: [SM] Exception reported: Entity 1 (1) is invalid
L 05/29/2017 - 03:00:47: [SM] Blaming: autodifficultypatch.smx
L 05/29/2017 - 03:00:47: [SM] Call stack trace:
L 05/29/2017 - 03:00:47: [SM]   [0] GetEntPropString
L 05/29/2017 - 03:00:47: [SM]   [1] Line 1420, C:\Users\Ethorbit\Desktop\sourcemod\scripting\autodifficultypatch.sp::FindEntityByTargetName
L 05/29/2017 - 03:00:47: [SM]   [2] Line 1194, C:\Users\Ethorbit\Desktop\sourcemod\scripting\autodifficultypatch.sp::UpdateHeadcrab
L 05/29/2017 - 03:00:47: [SM]   [3] Line 26, C:\Users\Ethorbit\Desktop\sourcemod\scripting\autodifficultypatch.sp::OnClientDisconnect_Post
L 05/29/2017 - 03:29:43: Error log file session closed.
L 05/29/2017 - 03:29:43: SourceMod error session started
L 05/29/2017 - 03:29:43: Info (map "pb_z_colony_m") (file "errors_20170529.log")
L 05/29/2017 - 03:29:43: [SM] Fatal error encountered parsing translation file "savescores.phrases.txt"
L 05/29/2017 - 03:29:43: [SM] Error (line 0, column 0): Stream failed to open
L 05/29/2017 - 04:29:53: Error log file session closed.
L 05/29/2017 - 04:29:53: SourceMod error session started
L 05/29/2017 - 04:29:53: Info (map "pb_z_office_tower_m") (file "errors_20170529.log")
L 05/29/2017 - 04:29:53: [SM] Fatal error encountered parsing translation file "savescores.phrases.txt"
L 05/29/2017 - 04:29:53: [SM] Error (line 0, column 0): Stream failed to open
L 05/29/2017 - 05:30:04: Error log file session closed.
L 05/29/2017 - 05:30:04: SourceMod error session started
L 05/29/2017 - 05:30:04: Info (map "pb_z_disorder_m") (file "errors_20170529.log")
L 05/29/2017 - 05:30:04: [SM] Fatal error encountered parsing translation file "savescores.phrases.txt"
L 05/29/2017 - 05:30:04: [SM] Error (line 0, column 0): Stream failed to open
L 05/29/2017 - 06:30:17: Error log file session closed.
L 05/29/2017 - 06:30:22: SourceMod error session started
L 05/29/2017 - 06:30:22: Info (map "pb_z_industry_m") (file "errors_20170529.log")
L 05/29/2017 - 06:30:22: [SM] Fatal error encountered parsing translation file "savescores.phrases.txt"
L 05/29/2017 - 06:30:22: [SM] Error (line 0, column 0): Stream failed to open
L 05/29/2017 - 06:57:02: [SM] Exception reported: Entity 1 (1) is invalid
L 05/29/2017 - 06:57:02: [SM] Blaming: autodifficultypatch.smx
L 05/29/2017 - 06:57:02: [SM] Call stack trace:
L 05/29/2017 - 06:57:02: [SM]   [0] GetEntPropString
L 05/29/2017 - 06:57:02: [SM]   [1] Line 1420, C:\Users\Ethorbit\Desktop\sourcemod\scripting\autodifficultypatch.sp::FindEntityByTargetName
L 05/29/2017 - 06:57:02: [SM]   [2] Line 743, C:\Users\Ethorbit\Desktop\sourcemod\scripting\autodifficultypatch.sp::UpdateHeadcrab
L 05/29/2017 - 06:57:02: [SM]   [3] Line 26, C:\Users\Ethorbit\Desktop\sourcemod\scripting\autodifficultypatch.sp::OnClientDisconnect_Post
L 05/29/2017 - 07:30:35: Error log file session closed.
L 05/29/2017 - 07:30:35: SourceMod error session started
L 05/29/2017 - 07:30:35: Info (map "dm_mine_entrance_m") (file "errors_20170529.log")
L 05/29/2017 - 07:30:35: [SM] Fatal error encountered parsing translation file "savescores.phrases.txt"
L 05/29/2017 - 07:30:35: [SM] Error (line 0, column 0): Stream failed to open
L 05/29/2017 - 07:53:52: [SM] Exception reported: Entity 1 (1) is invalid
L 05/29/2017 - 07:53:52: [SM] Blaming: autodifficultypatch.smx
L 05/29/2017 - 07:53:52: [SM] Call stack trace:
L 05/29/2017 - 07:53:52: [SM]   [0] GetEntPropString
L 05/29/2017 - 07:53:52: [SM]   [1] Line 1420, C:\Users\Ethorbit\Desktop\sourcemod\scripting\autodifficultypatch.sp::FindEntityByTargetName
L 05/29/2017 - 07:53:52: [SM]   [2] Line 1043, C:\Users\Ethorbit\Desktop\sourcemod\scripting\autodifficultypatch.sp::UpdateHeadcrab
L 05/29/2017 - 07:53:52: [SM]   [3] Line 26, C:\Users\Ethorbit\Desktop\sourcemod\scripting\autodifficultypatch.sp::OnClientDisconnect_Post
L 05/29/2017 - 08:30:48: Error log file session closed.
L 05/29/2017 - 08:30:48: SourceMod error session started
L 05/29/2017 - 08:30:48: Info (map "dm_coldruins_rc1_m") (file "errors_20170529.log")
L 05/29/2017 - 08:30:48: [SM] Fatal error encountered parsing translation file "savescores.phrases.txt"
L 05/29/2017 - 08:30:48: [SM] Error (line 0, column 0): Stream failed to open
L 05/29/2017 - 08:34:33: [SM] Fatal error encountered parsing translation file "customvotes.phrases.txt"
L 05/29/2017 - 08:34:33: [SM] Error (line 0, column 0): Stream failed to open
L 05/29/2017 - 08:39:40: [SM] Exception reported: Entity 1 (1) is invalid
L 05/29/2017 - 08:39:40: [SM] Blaming: autodifficultypatch.smx
L 05/29/2017 - 08:39:40: [SM] Call stack trace:
L 05/29/2017 - 08:39:40: [SM]   [0] GetEntPropString
L 05/29/2017 - 08:39:40: [SM]   [1] Line 1420, C:\Users\Ethorbit\Desktop\sourcemod\scripting\autodifficultypatch.sp::FindEntityByTargetName
L 05/29/2017 - 08:39:40: [SM]   [2] Line 668, C:\Users\Ethorbit\Desktop\sourcemod\scripting\autodifficultypatch.sp::UpdateHeadcrab
L 05/29/2017 - 08:39:40: [SM]   [3] Line 26, C:\Users\Ethorbit\Desktop\sourcemod\scripting\autodifficultypatch.sp::OnClientDisconnect_Post
L 05/29/2017 - 08:39:42: Error log file session closed.
L 05/29/2017 - 08:39:42: SourceMod error session started
L 05/29/2017 - 08:39:42: Info (map "pb_z_high_school_m") (file "errors_20170529.log")
L 05/29/2017 - 08:39:42: [SM] Fatal error encountered parsing translation file "savescores.phrases.txt"
L 05/29/2017 - 08:39:42: [SM] Error (line 0, column 0): Stream failed to open
L 05/29/2017 - 08:39:42: [SM] Fatal error encountered parsing translation file "customvotes.phrases.txt"
L 05/29/2017 - 08:39:42: [SM] Error (line 0, column 0): Stream failed to open
L 05/29/2017 - 08:58:21: [SM] Exception reported: Entity 4 (4) is invalid
L 05/29/2017 - 08:58:21: [SM] Blaming: autodifficultypatch.smx
L 05/29/2017 - 08:58:21: [SM] Call stack trace:
L 05/29/2017 - 08:58:21: [SM]   [0] GetEntPropString
L 05/29/2017 - 08:58:21: [SM]   [1] Line 1420, C:\Users\Ethorbit\Desktop\sourcemod\scripting\autodifficultypatch.sp::FindEntityByTargetName
L 05/29/2017 - 08:58:21: [SM]   [2] Line 1218, C:\Users\Ethorbit\Desktop\sourcemod\scripting\autodifficultypatch.sp::UpdateHeadcrab
L 05/29/2017 - 08:58:21: [SM]   [3] Line 26, C:\Users\Ethorbit\Desktop\sourcemod\scripting\autodifficultypatch.sp::OnClientDisconnect_Post
L 05/29/2017 - 08:58:44: [SM] Exception reported: Entity 1 (1) is invalid
L 05/29/2017 - 08:58:44: [SM] Blaming: autodifficultypatch.smx
L 05/29/2017 - 08:58:44: [SM] Call stack trace:
L 05/29/2017 - 08:58:44: [SM]   [0] GetEntPropString
L 05/29/2017 - 08:58:44: [SM]   [1] Line 1420, C:\Users\Ethorbit\Desktop\sourcemod\scripting\autodifficultypatch.sp::FindEntityByTargetName
L 05/29/2017 - 08:58:44: [SM]   [2] Line 1210, C:\Users\Ethorbit\Desktop\sourcemod\scripting\autodifficultypatch.sp::UpdateHeadcrab
L 05/29/2017 - 08:58:44: [SM]   [3] Line 26, C:\Users\Ethorbit\Desktop\sourcemod\scripting\autodifficultypatch.sp::OnClientDisconnect_Post
L 05/29/2017 - 08:58:44: [SM] Exception reported: Entity 2 (2) is invalid
L 05/29/2017 - 08:58:44: [SM] Blaming: autodifficultypatch.smx
L 05/29/2017 - 08:58:44: [SM] Call stack trace:
L 05/29/2017 - 08:58:44: [SM]   [0] GetEntPropString
L 05/29/2017 - 08:58:44: [SM]   [1] Line 1420, C:\Users\Ethorbit\Desktop\sourcemod\scripting\autodifficultypatch.sp::FindEntityByTargetName
L 05/29/2017 - 08:58:44: [SM]   [2] Line 1202, C:\Users\Ethorbit\Desktop\sourcemod\scripting\autodifficultypatch.sp::UpdateHeadcrab
L 05/29/2017 - 08:58:44: [SM]   [3] Line 26, C:\Users\Ethorbit\Desktop\sourcemod\scripting\autodifficultypatch.sp::OnClientDisconnect_Post
L 05/29/2017 - 08:58:44: [SM] Exception reported: Entity 3 (3) is invalid
L 05/29/2017 - 08:58:44: [SM] Blaming: autodifficultypatch.smx
L 05/29/2017 - 08:58:44: [SM] Call stack trace:
L 05/29/2017 - 08:58:44: [SM]   [0] GetEntPropString
L 05/29/2017 - 08:58:44: [SM]   [1] Line 1420, C:\Users\Ethorbit\Desktop\sourcemod\scripting\autodifficultypatch.sp::FindEntityByTargetName
L 05/29/2017 - 08:58:44: [SM]   [2] Line 1194, C:\Users\Ethorbit\Desktop\sourcemod\scripting\autodifficultypatch.sp::UpdateHeadcrab
L 05/29/2017 - 08:58:44: [SM]   [3] Line 26, C:\Users\Ethorbit\Desktop\sourcemod\scripting\autodifficultypatch.sp::OnClientDisconnect_Post
L 05/29/2017 - 08:58:49: Error log file session closed.
L 05/29/2017 - 08:58:49: SourceMod error session started
L 05/29/2017 - 08:58:49: Info (map "pb_z_office_tower_v2_m") (file "errors_20170529.log")
L 05/29/2017 - 08:58:49: [SM] Fatal error encountered parsing translation file "savescores.phrases.txt"
L 05/29/2017 - 08:58:49: [SM] Error (line 0, column 0): Stream failed to open
L 05/29/2017 - 08:58:49: [SM] Fatal error encountered parsing translation file "customvotes.phrases.txt"
L 05/29/2017 - 08:58:49: [SM] Error (line 0, column 0): Stream failed to open
L 05/29/2017 - 08:59:13: [SM] Exception reported: Entity 1 (1) is invalid
L 05/29/2017 - 08:59:13: [SM] Blaming: autodifficultypatch.smx
L 05/29/2017 - 08:59:13: [SM] Call stack trace:
L 05/29/2017 - 08:59:13: [SM]   [0] GetEntPropString
L 05/29/2017 - 08:59:13: [SM]   [1] Line 1420, C:\Users\Ethorbit\Desktop\sourcemod\scripting\autodifficultypatch.sp::FindEntityByTargetName
L 05/29/2017 - 08:59:13: [SM]   [2] Line 317, C:\Users\Ethorbit\Desktop\sourcemod\scripting\autodifficultypatch.sp::UpdateHeadcrab
L 05/29/2017 - 08:59:13: [SM]   [3] Line 26, C:\Users\Ethorbit\Desktop\sourcemod\scripting\autodifficultypatch.sp::OnClientDisconnect_Post
L 05/29/2017 - 08:59:57: [SM] Exception reported: Entity 2 (2) is invalid
L 05/29/2017 - 08:59:57: [SM] Blaming: autodifficultypatch.smx
L 05/29/2017 - 08:59:57: [SM] Call stack trace:
L 05/29/2017 - 08:59:57: [SM]   [0] GetEntPropString
L 05/29/2017 - 08:59:57: [SM]   [1] Line 1420, C:\Users\Ethorbit\Desktop\sourcemod\scripting\autodifficultypatch.sp::FindEntityByTargetName
L 05/29/2017 - 08:59:57: [SM]   [2] Line 309, C:\Users\Ethorbit\Desktop\sourcemod\scripting\autodifficultypatch.sp::UpdateHeadcrab
L 05/29/2017 - 08:59:57: [SM]   [3] Line 26, C:\Users\Ethorbit\Desktop\sourcemod\scripting\autodifficultypatch.sp::OnClientDisconnect_Post
L 05/29/2017 - 08:59:59: Error log file session closed.
L 05/29/2017 - 08:59:59: SourceMod error session started
L 05/29/2017 - 08:59:59: Info (map "pb_z_area51_m") (file "errors_20170529.log")
L 05/29/2017 - 08:59:59: [SM] Fatal error encountered parsing translation file "savescores.phrases.txt"
L 05/29/2017 - 08:59:59: [SM] Error (line 0, column 0): Stream failed to open
L 05/29/2017 - 08:59:59: [SM] Fatal error encountered parsing translation file "customvotes.phrases.txt"
L 05/29/2017 - 08:59:59: [SM] Error (line 0, column 0): Stream failed to open
L 05/29/2017 - 09:00:31: [SM] Exception reported: Entity 2 (2) is invalid
L 05/29/2017 - 09:00:31: [SM] Blaming: autodifficultypatch.smx
L 05/29/2017 - 09:00:31: [SM] Call stack trace:
L 05/29/2017 - 09:00:31: [SM]   [0] GetEntPropString
L 05/29/2017 - 09:00:31: [SM]   [1] Line 1420, C:\Users\Ethorbit\Desktop\sourcemod\scripting\autodifficultypatch.sp::FindEntityByTargetName
L 05/29/2017 - 09:00:31: [SM]   [2] Line 1278, C:\Users\Ethorbit\Desktop\sourcemod\scripting\autodifficultypatch.sp::UpdateHeadcrab
L 05/29/2017 - 09:00:31: [SM]   [3] Line 26, C:\Users\Ethorbit\Desktop\sourcemod\scripting\autodifficultypatch.sp::OnClientDisconnect_Post
L 05/29/2017 - 09:01:34: [SM] Exception reported: Entity 3 (3) is invalid
L 05/29/2017 - 09:01:34: [SM] Blaming: autodifficultypatch.smx
L 05/29/2017 - 09:01:34: [SM] Call stack trace:
L 05/29/2017 - 09:01:34: [SM]   [0] GetEntPropString
L 05/29/2017 - 09:01:34: [SM]   [1] Line 1420, C:\Users\Ethorbit\Desktop\sourcemod\scripting\autodifficultypatch.sp::FindEntityByTargetName
L 05/29/2017 - 09:01:34: [SM]   [2] Line 1270, C:\Users\Ethorbit\Desktop\sourcemod\scripting\autodifficultypatch.sp::UpdateHeadcrab
L 05/29/2017 - 09:01:34: [SM]   [3] Line 26, C:\Users\Ethorbit\Desktop\sourcemod\scripting\autodifficultypatch.sp::OnClientDisconnect_Post
L 05/29/2017 - 09:04:12: [SM] Exception reported: Entity 1 (1) is invalid
L 05/29/2017 - 09:04:12: [SM] Blaming: autodifficultypatch.smx
L 05/29/2017 - 09:04:12: [SM] Call stack trace:
L 05/29/2017 - 09:04:12: [SM]   [0] GetEntPropString
L 05/29/2017 - 09:04:12: [SM]   [1] Line 1420, C:\Users\Ethorbit\Desktop\sourcemod\scripting\autodifficultypatch.sp::FindEntityByTargetName
L 05/29/2017 - 09:04:12: [SM]   [2] Line 1270, C:\Users\Ethorbit\Desktop\sourcemod\scripting\autodifficultypatch.sp::UpdateHeadcrab
L 05/29/2017 - 09:04:12: [SM]   [3] Line 26, C:\Users\Ethorbit\Desktop\sourcemod\scripting\autodifficultypatch.sp::OnClientDisconnect_Post
L 05/29/2017 - 09:51:15: [SM] Exception reported: Entity 1 (1) is invalid
L 05/29/2017 - 09:51:15: [SM] Blaming: autodifficultypatch.smx
L 05/29/2017 - 09:51:15: [SM] Call stack trace:
L 05/29/2017 - 09:51:15: [SM]   [0] GetEntPropString
L 05/29/2017 - 09:51:15: [SM]   [1] Line 1420, C:\Users\Ethorbit\Desktop\sourcemod\scripting\autodifficultypatch.sp::FindEntityByTargetName
L 05/29/2017 - 09:51:15: [SM]   [2] Line 1270, C:\Users\Ethorbit\Desktop\sourcemod\scripting\autodifficultypatch.sp::UpdateHeadcrab
L 05/29/2017 - 09:51:15: [SM]   [3] Line 26, C:\Users\Ethorbit\Desktop\sourcemod\scripting\autodifficultypatch.sp::OnClientDisconnect_Post
L 05/29/2017 - 09:56:23: [SM] Exception reported: Entity 1 (1) is invalid
L 05/29/2017 - 09:56:23: [SM] Blaming: autodifficultypatch.smx
L 05/29/2017 - 09:56:23: [SM] Call stack trace:
L 05/29/2017 - 09:56:23: [SM]   [0] GetEntPropString
L 05/29/2017 - 09:56:23: [SM]   [1] Line 1420, C:\Users\Ethorbit\Desktop\sourcemod\scripting\autodifficultypatch.sp::FindEntityByTargetName
L 05/29/2017 - 09:56:23: [SM]   [2] Line 1270, C:\Users\Ethorbit\Desktop\sourcemod\scripting\autodifficultypatch.sp::UpdateHeadcrab
L 05/29/2017 - 09:56:23: [SM]   [3] Line 26, C:\Users\Ethorbit\Desktop\sourcemod\scripting\autodifficultypatch.sp::OnClientDisconnect_Post
L 05/29/2017 - 09:56:25: Error log file session closed.
L 05/29/2017 - 09:56:25: SourceMod error session started
L 05/29/2017 - 09:56:25: Info (map "pb_z_disorder_m") (file "errors_20170529.log")
L 05/29/2017 - 09:56:25: [SM] Fatal error encountered parsing translation file "savescores.phrases.txt"
L 05/29/2017 - 09:56:25: [SM] Error (line 0, column 0): Stream failed to open
L 05/29/2017 - 09:56:25: [SM] Fatal error encountered parsing translation file "customvotes.phrases.txt"
L 05/29/2017 - 09:56:25: [SM] Error (line 0, column 0): Stream failed to open
L 05/29/2017 - 09:56:40: [SM] Exception reported: Entity 1 (1) is invalid
L 05/29/2017 - 09:56:40: [SM] Blaming: autodifficultypatch.smx
L 05/29/2017 - 09:56:40: [SM] Call stack trace:
L 05/29/2017 - 09:56:40: [SM]   [0] GetEntPropString
L 05/29/2017 - 09:56:40: [SM]   [1] Line 1420, C:\Users\Ethorbit\Desktop\sourcemod\scripting\autodifficultypatch.sp::FindEntityByTargetName
L 05/29/2017 - 09:56:40: [SM]   [2] Line 443, C:\Users\Ethorbit\Desktop\sourcemod\scripting\autodifficultypatch.sp::UpdateHeadcrab
L 05/29/2017 - 09:56:40: [SM]   [3] Line 26, C:\Users\Ethorbit\Desktop\sourcemod\scripting\autodifficultypatch.sp::OnClientDisconnect_Post
L 05/29/2017 - 09:59:16: [SM] Exception reported: Entity 1 (1) is invalid
L 05/29/2017 - 09:59:16: [SM] Blaming: autodifficultypatch.smx
L 05/29/2017 - 09:59:16: [SM] Call stack trace:
L 05/29/2017 - 09:59:16: [SM]   [0] GetEntPropString
L 05/29/2017 - 09:59:16: [SM]   [1] Line 1420, C:\Users\Ethorbit\Desktop\sourcemod\scripting\autodifficultypatch.sp::FindEntityByTargetName
L 05/29/2017 - 09:59:16: [SM]   [2] Line 443, C:\Users\Ethorbit\Desktop\sourcemod\scripting\autodifficultypatch.sp::UpdateHeadcrab
L 05/29/2017 - 09:59:16: [SM]   [3] Line 26, C:\Users\Ethorbit\Desktop\sourcemod\scripting\autodifficultypatch.sp::OnClientDisconnect_Post
L 05/29/2017 - 10:28:00: [SM] Exception reported: Entity 1 (1) is invalid
L 05/29/2017 - 10:28:00: [SM] Blaming: autodifficultypatch.smx
L 05/29/2017 - 10:28:00: [SM] Call stack trace:
L 05/29/2017 - 10:28:00: [SM]   [0] GetEntPropString
L 05/29/2017 - 10:28:00: [SM]   [1] Line 1420, C:\Users\Ethorbit\Desktop\sourcemod\scripting\autodifficultypatch.sp::FindEntityByTargetName
L 05/29/2017 - 10:28:00: [SM]   [2] Line 443, C:\Users\Ethorbit\Desktop\sourcemod\scripting\autodifficultypatch.sp::UpdateHeadcrab
L 05/29/2017 - 10:28:00: [SM]   [3] Line 26, C:\Users\Ethorbit\Desktop\sourcemod\scripting\autodifficultypatch.sp::OnClientDisconnect_Post
L 05/29/2017 - 10:56:35: [SM] Exception reported: Entity 1 (1) is invalid
L 05/29/2017 - 10:56:35: [SM] Blaming: autodifficultypatch.smx
L 05/29/2017 - 10:56:35: [SM] Call stack trace:
L 05/29/2017 - 10:56:35: [SM]   [0] GetEntPropString
L 05/29/2017 - 10:56:35: [SM]   [1] Line 1420, C:\Users\Ethorbit\Desktop\sourcemod\scripting\autodifficultypatch.sp::FindEntityByTargetName
L 05/29/2017 - 10:56:35: [SM]   [2] Line 443, C:\Users\Ethorbit\Desktop\sourcemod\scripting\autodifficultypatch.sp::UpdateHeadcrab
L 05/29/2017 - 10:56:35: [SM]   [3] Line 26, C:\Users\Ethorbit\Desktop\sourcemod\scripting\autodifficultypatch.sp::OnClientDisconnect_Post
L 05/29/2017 - 10:56:36: Error log file session closed.
L 05/29/2017 - 10:56:36: SourceMod error session started
L 05/29/2017 - 10:56:36: Info (map "dm_hellsdistrict_m") (file "errors_20170529.log")
L 05/29/2017 - 10:56:36: [SM] Fatal error encountered parsing translation file "savescores.phrases.txt"
L 05/29/2017 - 10:56:36: [SM] Error (line 0, column 0): Stream failed to open
L 05/29/2017 - 10:56:36: [SM] Fatal error encountered parsing translation file "customvotes.phrases.txt"
L 05/29/2017 - 10:56:36: [SM] Error (line 0, column 0): Stream failed to open
L 05/29/2017 - 11:04:10: [SM] Exception reported: Entity 2 (2) is invalid
L 05/29/2017 - 11:04:10: [SM] Blaming: autodifficultypatch.smx
L 05/29/2017 - 11:04:10: [SM] Call stack trace:
L 05/29/2017 - 11:04:10: [SM]   [0] GetEntPropString
L 05/29/2017 - 11:04:10: [SM]   [1] Line 1420, C:\Users\Ethorbit\Desktop\sourcemod\scripting\autodifficultypatch.sp::FindEntityByTargetName
L 05/29/2017 - 11:04:10: [SM]   [2] Line 109, C:\Users\Ethorbit\Desktop\sourcemod\scripting\autodifficultypatch.sp::UpdateHeadcrab
L 05/29/2017 - 11:04:10: [SM]   [3] Line 26, C:\Users\Ethorbit\Desktop\sourcemod\scripting\autodifficultypatch.sp::OnClientDisconnect_Post
L 05/29/2017 - 11:56:46: Error log file session closed.
L 05/29/2017 - 11:56:46: SourceMod error session started
L 05/29/2017 - 11:56:46: Info (map "pb_z_earthquake_m") (file "errors_20170529.log")
L 05/29/2017 - 11:56:46: [SM] Fatal error encountered parsing translation file "savescores.phrases.txt"
L 05/29/2017 - 11:56:46: [SM] Error (line 0, column 0): Stream failed to open
L 05/29/2017 - 11:56:46: [SM] Fatal error encountered parsing translation file "customvotes.phrases.txt"
L 05/29/2017 - 11:56:46: [SM] Error (line 0, column 0): Stream failed to open
L 05/29/2017 - 12:40:59: [SM] Exception reported: Entity 1 (1) is invalid
L 05/29/2017 - 12:40:59: [SM] Blaming: autodifficultypatch.smx
L 05/29/2017 - 12:40:59: [SM] Call stack trace:
L 05/29/2017 - 12:40:59: [SM]   [0] GetEntPropString
L 05/29/2017 - 12:40:59: [SM]   [1] Line 1420, C:\Users\Ethorbit\Desktop\sourcemod\scripting\autodifficultypatch.sp::FindEntityByTargetName
L 05/29/2017 - 12:40:59: [SM]   [2] Line 818, C:\Users\Ethorbit\Desktop\sourcemod\scripting\autodifficultypatch.sp::UpdateHeadcrab
L 05/29/2017 - 12:40:59: [SM]   [3] Line 26, C:\Users\Ethorbit\Desktop\sourcemod\scripting\autodifficultypatch.sp::OnClientDisconnect_Post
L 05/29/2017 - 12:55:15: [SM] Exception reported: Entity 1 (1) is invalid
L 05/29/2017 - 12:55:15: [SM] Blaming: autodifficultypatch.smx
L 05/29/2017 - 12:55:15: [SM] Call stack trace:
L 05/29/2017 - 12:55:15: [SM]   [0] GetEntPropString
L 05/29/2017 - 12:55:15: [SM]   [1] Line 1420, C:\Users\Ethorbit\Desktop\sourcemod\scripting\autodifficultypatch.sp::FindEntityByTargetName
L 05/29/2017 - 12:55:15: [SM]   [2] Line 834, C:\Users\Ethorbit\Desktop\sourcemod\scripting\autodifficultypatch.sp::UpdateHeadcrab
L 05/29/2017 - 12:55:15: [SM]   [3] Line 26, C:\Users\Ethorbit\Desktop\sourcemod\scripting\autodifficultypatch.sp::OnClientDisconnect_Post
L 05/29/2017 - 12:55:27: [SM] Exception reported: Language phrase "Score restored" not found
L 05/29/2017 - 12:55:27: [SM] Blaming: savescores.smx
L 05/29/2017 - 12:55:27: [SM] Call stack trace:
L 05/29/2017 - 12:55:27: [SM]   [0] VFormat
L 05/29/2017 - 12:55:27: [SM]   [1] Line 60, D:\Source-Servers\css_sm_1.2.4\cstrike\addons\sourcemod\scripting\include\colors.inc::CPrintToChat
L 05/29/2017 - 12:55:27: [SM]   [2] Line 649, D:\Source-Servers\css_sm_1.2.4\cstrike\addons\sourcemod\scripting\savescores.sp::SetPlayerScore
L 05/29/2017 - 12:56:56: [SM] Exception reported: Entity 1 (1) is invalid
L 05/29/2017 - 12:56:56: [SM] Blaming: autodifficultypatch.smx
L 05/29/2017 - 12:56:56: [SM] Call stack trace:
L 05/29/2017 - 12:56:56: [SM]   [0] GetEntPropString
L 05/29/2017 - 12:56:56: [SM]   [1] Line 1420, C:\Users\Ethorbit\Desktop\sourcemod\scripting\autodifficultypatch.sp::FindEntityByTargetName
L 05/29/2017 - 12:56:56: [SM]   [2] Line 834, C:\Users\Ethorbit\Desktop\sourcemod\scripting\autodifficultypatch.sp::UpdateHeadcrab
L 05/29/2017 - 12:56:56: [SM]   [3] Line 26, C:\Users\Ethorbit\Desktop\sourcemod\scripting\autodifficultypatch.sp::OnClientDisconnect_Post
L 05/29/2017 - 12:56:56: [SM] Exception reported: Entity 2 (2) is invalid
L 05/29/2017 - 12:56:56: [SM] Blaming: autodifficultypatch.smx
L 05/29/2017 - 12:56:56: [SM] Call stack trace:
L 05/29/2017 - 12:56:56: [SM]   [0] GetEntPropString
L 05/29/2017 - 12:56:56: [SM]   [1] Line 1420, C:\Users\Ethorbit\Desktop\sourcemod\scripting\autodifficultypatch.sp::FindEntityByTargetName
L 05/29/2017 - 12:56:56: [SM]   [2] Line 826, C:\Users\Ethorbit\Desktop\sourcemod\scripting\autodifficultypatch.sp::UpdateHeadcrab
L 05/29/2017 - 12:56:56: [SM]   [3] Line 26, C:\Users\Ethorbit\Desktop\sourcemod\scripting\autodifficultypatch.sp::OnClientDisconnect_Post
L 05/29/2017 - 12:56:56: [SM] Exception reported: Entity 3 (3) is invalid
L 05/29/2017 - 12:56:56: [SM] Blaming: autodifficultypatch.smx
L 05/29/2017 - 12:56:56: [SM] Call stack trace:
L 05/29/2017 - 12:56:56: [SM]   [0] GetEntPropString
L 05/29/2017 - 12:56:56: [SM]   [1] Line 1420, C:\Users\Ethorbit\Desktop\sourcemod\scripting\autodifficultypatch.sp::FindEntityByTargetName
L 05/29/2017 - 12:56:56: [SM]   [2] Line 818, C:\Users\Ethorbit\Desktop\sourcemod\scripting\autodifficultypatch.sp::UpdateHeadcrab
L 05/29/2017 - 12:56:56: [SM]   [3] Line 26, C:\Users\Ethorbit\Desktop\sourcemod\scripting\autodifficultypatch.sp::OnClientDisconnect_Post
L 05/29/2017 - 12:56:56: Error log file session closed.
L 05/29/2017 - 12:56:56: SourceMod error session started
L 05/29/2017 - 12:56:56: Info (map "dm_coldruins_rc1_m") (file "errors_20170529.log")
L 05/29/2017 - 12:56:56: [SM] Fatal error encountered parsing translation file "savescores.phrases.txt"
L 05/29/2017 - 12:56:56: [SM] Error (line 0, column 0): Stream failed to open
L 05/29/2017 - 12:56:56: [SM] Fatal error encountered parsing translation file "customvotes.phrases.txt"
L 05/29/2017 - 12:56:56: [SM] Error (line 0, column 0): Stream failed to open
L 05/29/2017 - 13:25:50: [SM] Exception reported: Entity 2 (2) is invalid
L 05/29/2017 - 13:25:50: [SM] Blaming: autodifficultypatch.smx
L 05/29/2017 - 13:25:50: [SM] Call stack trace:
L 05/29/2017 - 13:25:50: [SM]   [0] GetEntPropString
L 05/29/2017 - 13:25:50: [SM]   [1] Line 1420, C:\Users\Ethorbit\Desktop\sourcemod\scripting\autodifficultypatch.sp::FindEntityByTargetName
L 05/29/2017 - 13:25:50: [SM]   [2] Line 700, C:\Users\Ethorbit\Desktop\sourcemod\scripting\autodifficultypatch.sp::UpdateHeadcrab
L 05/29/2017 - 13:25:50: [SM]   [3] Line 26, C:\Users\Ethorbit\Desktop\sourcemod\scripting\autodifficultypatch.sp::OnClientDisconnect_Post
L 05/29/2017 - 13:28:51: [SM] Exception reported: Entity 1 (1) is invalid
L 05/29/2017 - 13:28:51: [SM] Blaming: autodifficultypatch.smx
L 05/29/2017 - 13:28:51: [SM] Call stack trace:
L 05/29/2017 - 13:28:51: [SM]   [0] GetEntPropString
L 05/29/2017 - 13:28:51: [SM]   [1] Line 1420, C:\Users\Ethorbit\Desktop\sourcemod\scripting\autodifficultypatch.sp::FindEntityByTargetName
L 05/29/2017 - 13:28:51: [SM]   [2] Line 692, C:\Users\Ethorbit\Desktop\sourcemod\scripting\autodifficultypatch.sp::UpdateHeadcrab
L 05/29/2017 - 13:28:51: [SM]   [3] Line 26, C:\Users\Ethorbit\Desktop\sourcemod\scripting\autodifficultypatch.sp::OnClientDisconnect_Post
L 05/29/2017 - 13:28:51: [SM] Exception reported: Entity 3 (3) is invalid
L 05/29/2017 - 13:28:51: [SM] Blaming: autodifficultypatch.smx
L 05/29/2017 - 13:28:51: [SM] Call stack trace:
L 05/29/2017 - 13:28:51: [SM]   [0] GetEntPropString
L 05/29/2017 - 13:28:51: [SM]   [1] Line 1420, C:\Users\Ethorbit\Desktop\sourcemod\scripting\autodifficultypatch.sp::FindEntityByTargetName
L 05/29/2017 - 13:28:51: [SM]   [2] Line 684, C:\Users\Ethorbit\Desktop\sourcemod\scripting\autodifficultypatch.sp::UpdateHeadcrab
L 05/29/2017 - 13:28:51: [SM]   [3] Line 26, C:\Users\Ethorbit\Desktop\sourcemod\scripting\autodifficultypatch.sp::OnClientDisconnect_Post
L 05/29/2017 - 13:28:51: [SM] Exception reported: Entity 4 (4) is invalid
L 05/29/2017 - 13:28:51: [SM] Blaming: autodifficultypatch.smx
L 05/29/2017 - 13:28:51: [SM] Call stack trace:
L 05/29/2017 - 13:28:51: [SM]   [0] GetEntPropString
L 05/29/2017 - 13:28:51: [SM]   [1] Line 1420, C:\Users\Ethorbit\Desktop\sourcemod\scripting\autodifficultypatch.sp::FindEntityByTargetName
L 05/29/2017 - 13:28:51: [SM]   [2] Line 676, C:\Users\Ethorbit\Desktop\sourcemod\scripting\autodifficultypatch.sp::UpdateHeadcrab
L 05/29/2017 - 13:28:51: [SM]   [3] Line 26, C:\Users\Ethorbit\Desktop\sourcemod\scripting\autodifficultypatch.sp::OnClientDisconnect_Post
L 05/29/2017 - 13:28:51: [SM] Exception reported: Entity 5 (5) is invalid
L 05/29/2017 - 13:28:51: [SM] Blaming: autodifficultypatch.smx
L 05/29/2017 - 13:28:51: [SM] Call stack trace:
L 05/29/2017 - 13:28:51: [SM]   [0] GetEntPropString
L 05/29/2017 - 13:28:51: [SM]   [1] Line 1420, C:\Users\Ethorbit\Desktop\sourcemod\scripting\autodifficultypatch.sp::FindEntityByTargetName
L 05/29/2017 - 13:28:51: [SM]   [2] Line 668, C:\Users\Ethorbit\Desktop\sourcemod\scripting\autodifficultypatch.sp::UpdateHeadcrab
L 05/29/2017 - 13:28:51: [SM]   [3] Line 26, C:\Users\Ethorbit\Desktop\sourcemod\scripting\autodifficultypatch.sp::OnClientDisconnect_Post
L 05/29/2017 - 13:28:54: Error log file session closed.
L 05/29/2017 - 13:28:54: SourceMod error session started
L 05/29/2017 - 13:28:54: Info (map "dm_montana_m") (file "errors_20170529.log")
L 05/29/2017 - 13:28:54: [SM] Fatal error encountered parsing translation file "savescores.phrases.txt"
L 05/29/2017 - 13:28:54: [SM] Error (line 0, column 0): Stream failed to open
L 05/29/2017 - 13:28:54: [SM] Fatal error encountered parsing translation file "customvotes.phrases.txt"
L 05/29/2017 - 13:28:54: [SM] Error (line 0, column 0): Stream failed to open
L 05/29/2017 - 13:33:48: [SM] Exception reported: Entity 1 (1) is invalid
L 05/29/2017 - 13:33:48: [SM] Blaming: autodifficultypatch.smx
L 05/29/2017 - 13:33:48: [SM] Call stack trace:
L 05/29/2017 - 13:33:48: [SM]   [0] GetEntPropString
L 05/29/2017 - 13:33:48: [SM]   [1] Line 1420, C:\Users\Ethorbit\Desktop\sourcemod\scripting\autodifficultypatch.sp::FindEntityByTargetName
L 05/29/2017 - 13:33:48: [SM]   [2] Line 258, C:\Users\Ethorbit\Desktop\sourcemod\scripting\autodifficultypatch.sp::UpdateHeadcrab
L 05/29/2017 - 13:33:48: [SM]   [3] Line 26, C:\Users\Ethorbit\Desktop\sourcemod\scripting\autodifficultypatch.sp::OnClientDisconnect_Post
L 05/29/2017 - 13:36:14: [SM] Exception reported: Entity 4 (4) is invalid
L 05/29/2017 - 13:36:14: [SM] Blaming: autodifficultypatch.smx
L 05/29/2017 - 13:36:14: [SM] Call stack trace:
L 05/29/2017 - 13:36:14: [SM]   [0] GetEntPropString
L 05/29/2017 - 13:36:14: [SM]   [1] Line 1420, C:\Users\Ethorbit\Desktop\sourcemod\scripting\autodifficultypatch.sp::FindEntityByTargetName
L 05/29/2017 - 13:36:14: [SM]   [2] Line 250, C:\Users\Ethorbit\Desktop\sourcemod\scripting\autodifficultypatch.sp::UpdateHeadcrab
L 05/29/2017 - 13:36:14: [SM]   [3] Line 26, C:\Users\Ethorbit\Desktop\sourcemod\scripting\autodifficultypatch.sp::OnClientDisconnect_Post
L 05/29/2017 - 13:56:54: [SM] Exception reported: Entity 1 (1) is invalid
L 05/29/2017 - 13:56:54: [SM] Blaming: autodifficultypatch.smx
L 05/29/2017 - 13:56:54: [SM] Call stack trace:
L 05/29/2017 - 13:56:54: [SM]   [0] GetEntPropString
L 05/29/2017 - 13:56:54: [SM]   [1] Line 1420, C:\Users\Ethorbit\Desktop\sourcemod\scripting\autodifficultypatch.sp::FindEntityByTargetName
L 05/29/2017 - 13:56:54: [SM]   [2] Line 258, C:\Users\Ethorbit\Desktop\sourcemod\scripting\autodifficultypatch.sp::UpdateHeadcrab
L 05/29/2017 - 13:56:54: [SM]   [3] Line 26, C:\Users\Ethorbit\Desktop\sourcemod\scripting\autodifficultypatch.sp::OnClientDisconnect_Post
L 05/29/2017 - 13:57:08: [SM] Exception reported: Entity 2 (2) is invalid
L 05/29/2017 - 13:57:08: [SM] Blaming: autodifficultypatch.smx
L 05/29/2017 - 13:57:08: [SM] Call stack trace:
L 05/29/2017 - 13:57:08: [SM]   [0] GetEntPropString
L 05/29/2017 - 13:57:08: [SM]   [1] Line 1420, C:\Users\Ethorbit\Desktop\sourcemod\scripting\autodifficultypatch.sp::FindEntityByTargetName
L 05/29/2017 - 13:57:08: [SM]   [2] Line 250, C:\Users\Ethorbit\Desktop\sourcemod\scripting\autodifficultypatch.sp::UpdateHeadcrab
L 05/29/2017 - 13:57:08: [SM]   [3] Line 26, C:\Users\Ethorbit\Desktop\sourcemod\scripting\autodifficultypatch.sp::OnClientDisconnect_Post
L 05/29/2017 - 13:57:45: [SM] Exception reported: Entity 3 (3) is invalid
L 05/29/2017 - 13:57:45: [SM] Blaming: autodifficultypatch.smx
L 05/29/2017 - 13:57:45: [SM] Call stack trace:
L 05/29/2017 - 13:57:45: [SM]   [0] GetEntPropString
L 05/29/2017 - 13:57:45: [SM]   [1] Line 1420, C:\Users\Ethorbit\Desktop\sourcemod\scripting\autodifficultypatch.sp::FindEntityByTargetName
L 05/29/2017 - 13:57:45: [SM]   [2] Line 242, C:\Users\Ethorbit\Desktop\sourcemod\scripting\autodifficultypatch.sp::UpdateHeadcrab
L 05/29/2017 - 13:57:45: [SM]   [3] Line 26, C:\Users\Ethorbit\Desktop\sourcemod\scripting\autodifficultypatch.sp::OnClientDisconnect_Post
L 05/29/2017 - 13:57:46: Error log file session closed.
L 05/29/2017 - 13:57:46: SourceMod error session started
L 05/29/2017 - 13:57:46: Info (map "dm_raven_m") (file "errors_20170529.log")
L 05/29/2017 - 13:57:46: [SM] Fatal error encountered parsing translation file "savescores.phrases.txt"
L 05/29/2017 - 13:57:46: [SM] Error (line 0, column 0): Stream failed to open
L 05/29/2017 - 13:57:46: [SM] Fatal error encountered parsing translation file "customvotes.phrases.txt"
L 05/29/2017 - 13:57:46: [SM] Error (line 0, column 0): Stream failed to open
L 05/29/2017 - 14:05:13: [SM] Exception reported: Entity 5 (5) is invalid
L 05/29/2017 - 14:05:13: [SM] Blaming: autodifficultypatch.smx
L 05/29/2017 - 14:05:13: [SM] Call stack trace:
L 05/29/2017 - 14:05:13: [SM]   [0] GetEntPropString
L 05/29/2017 - 14:05:13: [SM]   [1] Line 1420, C:\Users\Ethorbit\Desktop\sourcemod\scripting\autodifficultypatch.sp::FindEntityByTargetName
L 05/29/2017 - 14:05:13: [SM]   [2] Line 976, C:\Users\Ethorbit\Desktop\sourcemod\scripting\autodifficultypatch.sp::UpdateHeadcrab
L 05/29/2017 - 14:05:13: [SM]   [3] Line 26, C:\Users\Ethorbit\Desktop\sourcemod\scripting\autodifficultypatch.sp::OnClientDisconnect_Post
L 05/29/2017 - 14:17:27: [SM] Exception reported: Entity 3 (3) is invalid
L 05/29/2017 - 14:17:27: [SM] Blaming: autodifficultypatch.smx
L 05/29/2017 - 14:17:27: [SM] Call stack trace:
L 05/29/2017 - 14:17:27: [SM]   [0] GetEntPropString
L 05/29/2017 - 14:17:27: [SM]   [1] Line 1420, C:\Users\Ethorbit\Desktop\sourcemod\scripting\autodifficultypatch.sp::FindEntityByTargetName
L 05/29/2017 - 14:17:27: [SM]   [2] Line 968, C:\Users\Ethorbit\Desktop\sourcemod\scripting\autodifficultypatch.sp::UpdateHeadcrab
L 05/29/2017 - 14:17:27: [SM]   [3] Line 26, C:\Users\Ethorbit\Desktop\sourcemod\scripting\autodifficultypatch.sp::OnClientDisconnect_Post
L 05/29/2017 - 14:57:57: Error log file session closed.
L 05/29/2017 - 14:57:57: SourceMod error session started
L 05/29/2017 - 14:57:57: Info (map "pb_z_office_tower_m") (file "errors_20170529.log")
L 05/29/2017 - 14:57:57: [SM] Fatal error encountered parsing translation file "savescores.phrases.txt"
L 05/29/2017 - 14:57:57: [SM] Error (line 0, column 0): Stream failed to open
L 05/29/2017 - 14:57:57: [SM] Fatal error encountered parsing translation file "customvotes.phrases.txt"
L 05/29/2017 - 14:57:57: [SM] Error (line 0, column 0): Stream failed to open
L 05/29/2017 - 15:57:57: Error log file session closed.
L 05/29/2017 - 15:57:57: SourceMod error session started
L 05/29/2017 - 15:57:57: Info (map "pb_z_office_tower_v2_m") (file "errors_20170529.log")
L 05/29/2017 - 15:57:57: [SM] Fatal error encountered parsing translation file "savescores.phrases.txt"
L 05/29/2017 - 15:57:57: [SM] Error (line 0, column 0): Stream failed to open
L 05/29/2017 - 15:57:57: [SM] Fatal error encountered parsing translation file "customvotes.phrases.txt"
L 05/29/2017 - 15:57:57: [SM] Error (line 0, column 0): Stream failed to open
L 05/29/2017 - 16:58:06: Error log file session closed.
L 05/29/2017 - 16:58:06: SourceMod error session started
L 05/29/2017 - 16:58:06: Info (map "pb_z_disorder_m") (file "errors_20170529.log")
L 05/29/2017 - 16:58:06: [SM] Fatal error encountered parsing translation file "savescores.phrases.txt"
L 05/29/2017 - 16:58:06: [SM] Error (line 0, column 0): Stream failed to open
L 05/29/2017 - 16:58:06: [SM] Fatal error encountered parsing translation file "customvotes.phrases.txt"
L 05/29/2017 - 16:58:06: [SM] Error (line 0, column 0): Stream failed to open
L 05/29/2017 - 17:24:22: [SM] Exception reported: Entity 1 (1) is invalid
L 05/29/2017 - 17:24:22: [SM] Blaming: autodifficultypatch.smx
L 05/29/2017 - 17:24:22: [SM] Call stack trace:
L 05/29/2017 - 17:24:22: [SM]   [0] GetEntPropString
L 05/29/2017 - 17:24:22: [SM]   [1] Line 1420, C:\Users\Ethorbit\Desktop\sourcemod\scripting\autodifficultypatch.sp::FindEntityByTargetName
L 05/29/2017 - 17:24:22: [SM]   [2] Line 443, C:\Users\Ethorbit\Desktop\sourcemod\scripting\autodifficultypatch.sp::UpdateHeadcrab
L 05/29/2017 - 17:24:22: [SM]   [3] Line 26, C:\Users\Ethorbit\Desktop\sourcemod\scripting\autodifficultypatch.sp::OnClientDisconnect_Post
L 05/29/2017 - 17:31:16: [SM] Exception reported: Entity 1 (1) is invalid
L 05/29/2017 - 17:31:16: [SM] Blaming: autodifficultypatch.smx
L 05/29/2017 - 17:31:16: [SM] Call stack trace:
L 05/29/2017 - 17:31:16: [SM]   [0] GetEntPropString
L 05/29/2017 - 17:31:16: [SM]   [1] Line 1420, C:\Users\Ethorbit\Desktop\sourcemod\scripting\autodifficultypatch.sp::FindEntityByTargetName
L 05/29/2017 - 17:31:16: [SM]   [2] Line 443, C:\Users\Ethorbit\Desktop\sourcemod\scripting\autodifficultypatch.sp::UpdateHeadcrab
L 05/29/2017 - 17:31:16: [SM]   [3] Line 26, C:\Users\Ethorbit\Desktop\sourcemod\scripting\autodifficultypatch.sp::OnClientDisconnect_Post
L 05/29/2017 - 17:37:56: [SM] Exception reported: Entity 1 (1) is invalid
L 05/29/2017 - 17:37:56: [SM] Blaming: autodifficultypatch.smx
L 05/29/2017 - 17:37:56: [SM] Call stack trace:
L 05/29/2017 - 17:37:56: [SM]   [0] GetEntPropString
L 05/29/2017 - 17:37:56: [SM]   [1] Line 1420, C:\Users\Ethorbit\Desktop\sourcemod\scripting\autodifficultypatch.sp::FindEntityByTargetName
L 05/29/2017 - 17:37:56: [SM]   [2] Line 459, C:\Users\Ethorbit\Desktop\sourcemod\scripting\autodifficultypatch.sp::UpdateHeadcrab
L 05/29/2017 - 17:37:56: [SM]   [3] Line 26, C:\Users\Ethorbit\Desktop\sourcemod\scripting\autodifficultypatch.sp::OnClientDisconnect_Post
L 05/29/2017 - 17:38:33: SourceMod error session started
L 05/29/2017 - 17:38:33: Info (map "pb_z_high_school_m") (file "errors_20170529.log")
L 05/29/2017 - 17:38:33: [SDKTOOLS] Invalid detour address passed - Disabling detour to prevent crashes
L 05/29/2017 - 17:38:34: [SM] Fatal error encountered parsing translation file "savescores.phrases.txt"
L 05/29/2017 - 17:38:34: [SM] Error (line 0, column 0): Stream failed to open
L 05/29/2017 - 17:42:30: SourceMod error session started
L 05/29/2017 - 17:42:30: Info (map "pb_z_high_school_m") (file "errors_20170529.log")
L 05/29/2017 - 17:42:30: [SDKTOOLS] Invalid detour address passed - Disabling detour to prevent crashes
L 05/29/2017 - 17:42:30: [SM] Fatal error encountered parsing translation file "savescores.phrases.txt"
L 05/29/2017 - 17:42:30: [SM] Error (line 0, column 0): Stream failed to open
L 05/29/2017 - 17:43:14: [SM] Exception reported: Entity 1 (1) is invalid
L 05/29/2017 - 17:43:14: [SM] Blaming: autodifficultypatch.smx
L 05/29/2017 - 17:43:14: [SM] Call stack trace:
L 05/29/2017 - 17:43:14: [SM]   [0] GetEntPropString
L 05/29/2017 - 17:43:14: [SM]   [1] Line 1420, C:\Users\Ethorbit\Desktop\sourcemod\scripting\autodifficultypatch.sp::FindEntityByTargetName
L 05/29/2017 - 17:43:14: [SM]   [2] Line 1194, C:\Users\Ethorbit\Desktop\sourcemod\scripting\autodifficultypatch.sp::UpdateHeadcrab
L 05/29/2017 - 17:43:14: [SM]   [3] Line 26, C:\Users\Ethorbit\Desktop\sourcemod\scripting\autodifficultypatch.sp::OnClientDisconnect_Post
L 05/29/2017 - 18:04:33: [SM] Exception reported: Entity 2 (2) is invalid
L 05/29/2017 - 18:04:33: [SM] Blaming: autodifficultypatch.smx
L 05/29/2017 - 18:04:33: [SM] Call stack trace:
L 05/29/2017 - 18:04:33: [SM]   [0] GetEntPropString
L 05/29/2017 - 18:04:33: [SM]   [1] Line 1420, C:\Users\Ethorbit\Desktop\sourcemod\scripting\autodifficultypatch.sp::FindEntityByTargetName
L 05/29/2017 - 18:04:33: [SM]   [2] Line 1202, C:\Users\Ethorbit\Desktop\sourcemod\scripting\autodifficultypatch.sp::UpdateHeadcrab
L 05/29/2017 - 18:04:33: [SM]   [3] Line 26, C:\Users\Ethorbit\Desktop\sourcemod\scripting\autodifficultypatch.sp::OnClientDisconnect_Post
L 05/29/2017 - 18:04:59: SourceMod error session started
L 05/29/2017 - 18:04:59: Info (map "pb_z_high_school_m") (file "errors_20170529.log")
L 05/29/2017 - 18:04:59: [SDKTOOLS] Invalid detour address passed - Disabling detour to prevent crashes
L 05/29/2017 - 18:04:59: [SM] Fatal error encountered parsing translation file "savescores.phrases.txt"
L 05/29/2017 - 18:04:59: [SM] Error (line 0, column 0): Stream failed to open
L 05/29/2017 - 18:05:18: [SM] Exception reported: Entity 1 (1) is invalid
L 05/29/2017 - 18:05:18: [SM] Blaming: autodifficultypatch.smx
L 05/29/2017 - 18:05:18: [SM] Call stack trace:
L 05/29/2017 - 18:05:18: [SM]   [0] GetEntPropString
L 05/29/2017 - 18:05:18: [SM]   [1] Line 1420, C:\Users\Ethorbit\Desktop\sourcemod\scripting\autodifficultypatch.sp::FindEntityByTargetName
L 05/29/2017 - 18:05:18: [SM]   [2] Line 1194, C:\Users\Ethorbit\Desktop\sourcemod\scripting\autodifficultypatch.sp::UpdateHeadcrab
L 05/29/2017 - 18:05:18: [SM]   [3] Line 26, C:\Users\Ethorbit\Desktop\sourcemod\scripting\autodifficultypatch.sp::OnClientDisconnect_Post
L 05/29/2017 - 18:08:50: SourceMod error session started
L 05/29/2017 - 18:08:50: Info (map "pb_z_high_school_m") (file "errors_20170529.log")
L 05/29/2017 - 18:08:50: [SDKTOOLS] Invalid detour address passed - Disabling detour to prevent crashes
L 05/29/2017 - 18:08:50: [SM] Fatal error encountered parsing translation file "savescores.phrases.txt"
L 05/29/2017 - 18:08:50: [SM] Error (line 0, column 0): Stream failed to open
L 05/29/2017 - 18:10:34: SourceMod error session started
L 05/29/2017 - 18:10:34: Info (map "pb_z_high_school_m") (file "errors_20170529.log")
L 05/29/2017 - 18:10:34: [SDKTOOLS] Invalid detour address passed - Disabling detour to prevent crashes
L 05/29/2017 - 18:10:34: [SM] Fatal error encountered parsing translation file "savescores.phrases.txt"
L 05/29/2017 - 18:10:34: [SM] Error (line 0, column 0): Stream failed to open
L 05/29/2017 - 18:11:08: [SM] Exception reported: Entity 1 (1) is invalid
L 05/29/2017 - 18:11:08: [SM] Blaming: autodifficultypatch.smx
L 05/29/2017 - 18:11:08: [SM] Call stack trace:
L 05/29/2017 - 18:11:08: [SM]   [0] GetEntPropString
L 05/29/2017 - 18:11:08: [SM]   [1] Line 1420, C:\Users\Ethorbit\Desktop\sourcemod\scripting\autodifficultypatch.sp::FindEntityByTargetName
L 05/29/2017 - 18:11:08: [SM]   [2] Line 1194, C:\Users\Ethorbit\Desktop\sourcemod\scripting\autodifficultypatch.sp::UpdateHeadcrab
L 05/29/2017 - 18:11:08: [SM]   [3] Line 26, C:\Users\Ethorbit\Desktop\sourcemod\scripting\autodifficultypatch.sp::OnClientDisconnect_Post
L 05/29/2017 - 18:26:53: [SM] Exception reported: Entity 1 (1) is invalid
L 05/29/2017 - 18:26:53: [SM] Blaming: autodifficultypatch.smx
L 05/29/2017 - 18:26:53: [SM] Call stack trace:
L 05/29/2017 - 18:26:53: [SM]   [0] GetEntPropString
L 05/29/2017 - 18:26:53: [SM]   [1] Line 1420, C:\Users\Ethorbit\Desktop\sourcemod\scripting\autodifficultypatch.sp::FindEntityByTargetName
L 05/29/2017 - 18:26:53: [SM]   [2] Line 1194, C:\Users\Ethorbit\Desktop\sourcemod\scripting\autodifficultypatch.sp::UpdateHeadcrab
L 05/29/2017 - 18:26:53: [SM]   [3] Line 26, C:\Users\Ethorbit\Desktop\sourcemod\scripting\autodifficultypatch.sp::OnClientDisconnect_Post
L 05/29/2017 - 19:10:21: SourceMod error session started
L 05/29/2017 - 19:10:21: Info (map "pb_z_high_school_m") (file "errors_20170529.log")
L 05/29/2017 - 19:10:21: [SDKTOOLS] Invalid detour address passed - Disabling detour to prevent crashes
L 05/29/2017 - 19:10:22: [SM] Fatal error encountered parsing translation file "savescores.phrases.txt"
L 05/29/2017 - 19:10:22: [SM] Error (line 0, column 0): Stream failed to open
L 05/29/2017 - 19:13:07: SourceMod error session started
L 05/29/2017 - 19:13:07: Info (map "pb_z_high_school_m") (file "errors_20170529.log")
L 05/29/2017 - 19:13:07: [SDKTOOLS] Invalid detour address passed - Disabling detour to prevent crashes
L 05/29/2017 - 19:13:08: [SM] Fatal error encountered parsing translation file "savescores.phrases.txt"
L 05/29/2017 - 19:13:08: [SM] Error (line 0, column 0): Stream failed to open
L 05/29/2017 - 19:13:46: [SM] Exception reported: Entity 1 (1) is invalid
L 05/29/2017 - 19:13:46: [SM] Blaming: autodifficultypatch.smx
L 05/29/2017 - 19:13:46: [SM] Call stack trace:
L 05/29/2017 - 19:13:46: [SM]   [0] GetEntPropString
L 05/29/2017 - 19:13:46: [SM]   [1] Line 1420, C:\Users\Ethorbit\Desktop\sourcemod\scripting\autodifficultypatch.sp::FindEntityByTargetName
L 05/29/2017 - 19:13:46: [SM]   [2] Line 1194, C:\Users\Ethorbit\Desktop\sourcemod\scripting\autodifficultypatch.sp::UpdateHeadcrab
L 05/29/2017 - 19:13:46: [SM]   [3] Line 26, C:\Users\Ethorbit\Desktop\sourcemod\scripting\autodifficultypatch.sp::OnClientDisconnect_Post
L 05/29/2017 - 19:13:47: Error log file session closed.
L 05/29/2017 - 19:13:47: SourceMod error session started
L 05/29/2017 - 19:13:47: Info (map "dm_snowfall_m2") (file "errors_20170529.log")
L 05/29/2017 - 19:13:47: [SM] Fatal error encountered parsing translation file "savescores.phrases.txt"
L 05/29/2017 - 19:13:47: [SM] Error (line 0, column 0): Stream failed to open
L 05/29/2017 - 19:14:56: SourceMod error session started
L 05/29/2017 - 19:14:56: Info (map "pb_z_high_school_m") (file "errors_20170529.log")
L 05/29/2017 - 19:14:56: [SDKTOOLS] Invalid detour address passed - Disabling detour to prevent crashes
L 05/29/2017 - 19:14:57: [SM] Fatal error encountered parsing translation file "savescores.phrases.txt"
L 05/29/2017 - 19:14:57: [SM] Error (line 0, column 0): Stream failed to open
L 05/29/2017 - 19:18:55: [SM] Exception reported: Entity 1 (1) is invalid
L 05/29/2017 - 19:18:55: [SM] Blaming: autodifficultypatch.smx
L 05/29/2017 - 19:18:55: [SM] Call stack trace:
L 05/29/2017 - 19:18:55: [SM]   [0] GetEntPropString
L 05/29/2017 - 19:18:55: [SM]   [1] Line 1420, C:\Users\Ethorbit\Desktop\sourcemod\scripting\autodifficultypatch.sp::FindEntityByTargetName
L 05/29/2017 - 19:18:55: [SM]   [2] Line 1194, C:\Users\Ethorbit\Desktop\sourcemod\scripting\autodifficultypatch.sp::UpdateHeadcrab
L 05/29/2017 - 19:18:55: [SM]   [3] Line 26, C:\Users\Ethorbit\Desktop\sourcemod\scripting\autodifficultypatch.sp::OnClientDisconnect_Post
L 05/29/2017 - 20:12:12: [SM] Fatal error encountered parsing translation file "customvotes.phrases.txt"
L 05/29/2017 - 20:12:12: [SM] Error (line 0, column 0): Stream failed to open
L 05/29/2017 - 20:18:10: [SM] Exception reported: Entity 1 (1) is invalid
L 05/29/2017 - 20:18:10: [SM] Blaming: autodifficultypatch.smx
L 05/29/2017 - 20:18:10: [SM] Call stack trace:
L 05/29/2017 - 20:18:10: [SM]   [0] GetEntPropString
L 05/29/2017 - 20:18:10: [SM]   [1] Line 1420, C:\Users\Ethorbit\Desktop\sourcemod\scripting\autodifficultypatch.sp::FindEntityByTargetName
L 05/29/2017 - 20:18:10: [SM]   [2] Line 1202, C:\Users\Ethorbit\Desktop\sourcemod\scripting\autodifficultypatch.sp::UpdateHeadcrab
L 05/29/2017 - 20:18:10: [SM]   [3] Line 26, C:\Users\Ethorbit\Desktop\sourcemod\scripting\autodifficultypatch.sp::OnClientDisconnect_Post
L 05/29/2017 - 20:18:15: [SM] Exception reported: Entity 2 (2) is invalid
L 05/29/2017 - 20:18:15: [SM] Blaming: autodifficultypatch.smx
L 05/29/2017 - 20:18:15: [SM] Call stack trace:
L 05/29/2017 - 20:18:15: [SM]   [0] GetEntPropString
L 05/29/2017 - 20:18:15: [SM]   [1] Line 1420, C:\Users\Ethorbit\Desktop\sourcemod\scripting\autodifficultypatch.sp::FindEntityByTargetName
L 05/29/2017 - 20:18:15: [SM]   [2] Line 1194, C:\Users\Ethorbit\Desktop\sourcemod\scripting\autodifficultypatch.sp::UpdateHeadcrab
L 05/29/2017 - 20:18:15: [SM]   [3] Line 26, C:\Users\Ethorbit\Desktop\sourcemod\scripting\autodifficultypatch.sp::OnClientDisconnect_Post
L 05/29/2017 - 20:18:16: Error log file session closed.
L 05/29/2017 - 20:18:16: SourceMod error session started
L 05/29/2017 - 20:18:16: Info (map "pb_z_underground_m") (file "errors_20170529.log")
L 05/29/2017 - 20:18:16: [SM] Fatal error encountered parsing translation file "savescores.phrases.txt"
L 05/29/2017 - 20:18:16: [SM] Error (line 0, column 0): Stream failed to open
L 05/29/2017 - 20:18:16: [SM] Fatal error encountered parsing translation file "customvotes.phrases.txt"
L 05/29/2017 - 20:18:16: [SM] Error (line 0, column 0): Stream failed to open
L 05/29/2017 - 20:20:04: [SM] Exception reported: Entity 2 (2) is invalid
L 05/29/2017 - 20:20:04: [SM] Blaming: autodifficultypatch.smx
L 05/29/2017 - 20:20:04: [SM] Call stack trace:
L 05/29/2017 - 20:20:04: [SM]   [0] GetEntPropString
L 05/29/2017 - 20:20:04: [SM]   [1] Line 1420, C:\Users\Ethorbit\Desktop\sourcemod\scripting\autodifficultypatch.sp::FindEntityByTargetName
L 05/29/2017 - 20:20:04: [SM]   [2] Line 518, C:\Users\Ethorbit\Desktop\sourcemod\scripting\autodifficultypatch.sp::UpdateHeadcrab
L 05/29/2017 - 20:20:04: [SM]   [3] Line 26, C:\Users\Ethorbit\Desktop\sourcemod\scripting\autodifficultypatch.sp::OnClientDisconnect_Post
L 05/29/2017 - 21:18:25: Error log file session closed.
L 05/29/2017 - 21:18:25: SourceMod error session started
L 05/29/2017 - 21:18:25: Info (map "pb_z_area51_m") (file "errors_20170529.log")
L 05/29/2017 - 21:18:25: [SM] Fatal error encountered parsing translation file "savescores.phrases.txt"
L 05/29/2017 - 21:18:25: [SM] Error (line 0, column 0): Stream failed to open
L 05/29/2017 - 21:18:25: [SM] Fatal error encountered parsing translation file "customvotes.phrases.txt"
L 05/29/2017 - 21:18:25: [SM] Error (line 0, column 0): Stream failed to open
L 05/29/2017 - 21:51:23: SourceMod error session started
L 05/29/2017 - 21:51:23: Info (map "pb_z_high_school_m") (file "errors_20170529.log")
L 05/29/2017 - 21:51:23: [SDKTOOLS] Invalid detour address passed - Disabling detour to prevent crashes
L 05/29/2017 - 21:51:23: [SM] Fatal error encountered parsing translation file "customvotes.phrases.txt"
L 05/29/2017 - 21:51:23: [SM] Error (line 0, column 0): Stream failed to open
L 05/29/2017 - 21:51:23: [SM] Fatal error encountered parsing translation file "savescores.phrases.txt"
L 05/29/2017 - 21:51:23: [SM] Error (line 0, column 0): Stream failed to open
L 05/29/2017 - 21:51:50: [SM] Exception reported: Entity 1 (1) is invalid
L 05/29/2017 - 21:51:50: [SM] Blaming: autodifficultypatch.smx
L 05/29/2017 - 21:51:50: [SM] Call stack trace:
L 05/29/2017 - 21:51:50: [SM]   [0] GetEntPropString
L 05/29/2017 - 21:51:50: [SM]   [1] Line 1354, C:\Users\EthorbitV2\Desktop\sourcemodbackup\sourcemod\addons\sourcemod\scripting\autodifficultypatch.sp::FindEntityByTargetName
L 05/29/2017 - 21:51:50: [SM]   [2] Line 1128, C:\Users\EthorbitV2\Desktop\sourcemodbackup\sourcemod\addons\sourcemod\scripting\autodifficultypatch.sp::UpdateHeadcrab
L 05/29/2017 - 21:51:50: [SM]   [3] Line 26, C:\Users\EthorbitV2\Desktop\sourcemodbackup\sourcemod\addons\sourcemod\scripting\autodifficultypatch.sp::OnClientDisconnect_Post
L 05/29/2017 - 21:51:50: Error log file session closed.
L 05/29/2017 - 21:51:50: SourceMod error session started
L 05/29/2017 - 21:51:50: Info (map "dm_snowfall_m") (file "errors_20170529.log")
L 05/29/2017 - 21:51:50: [SM] Fatal error encountered parsing translation file "customvotes.phrases.txt"
L 05/29/2017 - 21:51:50: [SM] Error (line 0, column 0): Stream failed to open
L 05/29/2017 - 21:51:50: [SM] Fatal error encountered parsing translation file "savescores.phrases.txt"
L 05/29/2017 - 21:51:50: [SM] Error (line 0, column 0): Stream failed to open
L 05/29/2017 - 22:10:50: SourceMod error session started
L 05/29/2017 - 22:10:50: Info (map "pb_z_high_school_m") (file "errors_20170529.log")
L 05/29/2017 - 22:10:50: [SDKTOOLS] Invalid detour address passed - Disabling detour to prevent crashes
L 05/29/2017 - 22:10:50: [SM] Unable to load extension "soundlib.ext": error code 0000007e
L 05/29/2017 - 22:10:50: [SM] Unable to load extension "config.ext": error code 0000007e
L 05/29/2017 - 22:10:50: [SM] Fatal error encountered parsing translation file "customvotes.phrases.txt"
L 05/29/2017 - 22:10:50: [SM] Error (line 0, column 0): Stream failed to open
L 05/29/2017 - 22:10:50: [SM] Fatal error encountered parsing translation file "savescores.phrases.txt"
L 05/29/2017 - 22:10:50: [SM] Error (line 0, column 0): Stream failed to open
L 05/29/2017 - 22:10:50: [SM] Unable to load plugin "time-left-actions.smx": Required extension "Sound Info Library" file("soundlib.ext") not running
L 05/29/2017 - 22:14:40: [SM] Exception reported: Entity 2 (2) is invalid
L 05/29/2017 - 22:14:40: [SM] Blaming: autodifficultypatch.smx
L 05/29/2017 - 22:14:40: [SM] Call stack trace:
L 05/29/2017 - 22:14:40: [SM]   [0] GetEntPropString
L 05/29/2017 - 22:14:40: [SM]   [1] Line 1354, C:\Users\EthorbitV2\Desktop\sourcemodbackup\sourcemod\addons\sourcemod\scripting\autodifficultypatch.sp::FindEntityByTargetName
L 05/29/2017 - 22:14:40: [SM]   [2] Line 1136, C:\Users\EthorbitV2\Desktop\sourcemodbackup\sourcemod\addons\sourcemod\scripting\autodifficultypatch.sp::UpdateHeadcrab
L 05/29/2017 - 22:14:40: [SM]   [3] Line 26, C:\Users\EthorbitV2\Desktop\sourcemodbackup\sourcemod\addons\sourcemod\scripting\autodifficultypatch.sp::OnClientDisconnect_Post
L 05/29/2017 - 22:14:50: [SM] Exception reported: Entity 1 (1) is invalid
L 05/29/2017 - 22:14:50: [SM] Blaming: autodifficultypatch.smx
L 05/29/2017 - 22:14:50: [SM] Call stack trace:
L 05/29/2017 - 22:14:50: [SM]   [0] GetEntPropString
L 05/29/2017 - 22:14:50: [SM]   [1] Line 1354, C:\Users\EthorbitV2\Desktop\sourcemodbackup\sourcemod\addons\sourcemod\scripting\autodifficultypatch.sp::FindEntityByTargetName
L 05/29/2017 - 22:14:50: [SM]   [2] Line 1128, C:\Users\EthorbitV2\Desktop\sourcemodbackup\sourcemod\addons\sourcemod\scripting\autodifficultypatch.sp::UpdateHeadcrab
L 05/29/2017 - 22:14:50: [SM]   [3] Line 26, C:\Users\EthorbitV2\Desktop\sourcemodbackup\sourcemod\addons\sourcemod\scripting\autodifficultypatch.sp::OnClientDisconnect_Post
L 05/29/2017 - 22:16:28: [SM] Exception reported: Entity 1 (1) is invalid
L 05/29/2017 - 22:16:28: [SM] Blaming: autodifficultypatch.smx
L 05/29/2017 - 22:16:28: [SM] Call stack trace:
L 05/29/2017 - 22:16:28: [SM]   [0] GetEntPropString
L 05/29/2017 - 22:16:28: [SM]   [1] Line 1354, C:\Users\EthorbitV2\Desktop\sourcemodbackup\sourcemod\addons\sourcemod\scripting\autodifficultypatch.sp::FindEntityByTargetName
L 05/29/2017 - 22:16:28: [SM]   [2] Line 1128, C:\Users\EthorbitV2\Desktop\sourcemodbackup\sourcemod\addons\sourcemod\scripting\autodifficultypatch.sp::UpdateHeadcrab
L 05/29/2017 - 22:16:28: [SM]   [3] Line 26, C:\Users\EthorbitV2\Desktop\sourcemodbackup\sourcemod\addons\sourcemod\scripting\autodifficultypatch.sp::OnClientDisconnect_Post
L 05/29/2017 - 22:16:28: Error log file session closed.
L 05/29/2017 - 22:16:28: SourceMod error session started
L 05/29/2017 - 22:16:28: Info (map "dm_snowfall_m") (file "errors_20170529.log")
L 05/29/2017 - 22:16:28: [SM] Fatal error encountered parsing translation file "customvotes.phrases.txt"
L 05/29/2017 - 22:16:28: [SM] Error (line 0, column 0): Stream failed to open
L 05/29/2017 - 22:16:28: [SM] Fatal error encountered parsing translation file "savescores.phrases.txt"
L 05/29/2017 - 22:16:28: [SM] Error (line 0, column 0): Stream failed to open
L 05/29/2017 - 22:30:17: SourceMod error session started
L 05/29/2017 - 22:30:17: Info (map "pb_z_high_school_m") (file "errors_20170529.log")
L 05/29/2017 - 22:30:17: [SDKTOOLS] Invalid detour address passed - Disabling detour to prevent crashes
L 05/29/2017 - 22:30:17: [SM] Unable to load extension "soundlib.ext": error code 0000007e
L 05/29/2017 - 22:30:17: [SM] Unable to load extension "config.ext": error code 0000007e
L 05/29/2017 - 22:30:17: [SM] Fatal error encountered parsing translation file "customvotes.phrases.txt"
L 05/29/2017 - 22:30:17: [SM] Error (line 0, column 0): Stream failed to open
L 05/29/2017 - 22:30:17: [SM] Fatal error encountered parsing translation file "savescores.phrases.txt"
L 05/29/2017 - 22:30:17: [SM] Error (line 0, column 0): Stream failed to open
L 05/29/2017 - 22:30:17: [SM] Unable to load plugin "time-left-actions.smx": Required extension "Sound Info Library" file("soundlib.ext") not running
L 05/29/2017 - 22:30:58: [SM] Exception reported: Entity 2 (2) is invalid
L 05/29/2017 - 22:30:58: [SM] Blaming: autodifficultypatch.smx
L 05/29/2017 - 22:30:58: [SM] Call stack trace:
L 05/29/2017 - 22:30:58: [SM]   [0] GetEntPropString
L 05/29/2017 - 22:30:58: [SM]   [1] Line 1354, C:\Users\EthorbitV2\Desktop\sourcemodbackup\sourcemod\addons\sourcemod\scripting\autodifficultypatch.sp::FindEntityByTargetName
L 05/29/2017 - 22:30:58: [SM]   [2] Line 1136, C:\Users\EthorbitV2\Desktop\sourcemodbackup\sourcemod\addons\sourcemod\scripting\autodifficultypatch.sp::UpdateHeadcrab
L 05/29/2017 - 22:30:58: [SM]   [3] Line 26, C:\Users\EthorbitV2\Desktop\sourcemodbackup\sourcemod\addons\sourcemod\scripting\autodifficultypatch.sp::OnClientDisconnect_Post
L 05/29/2017 - 22:32:59: [SM] Exception reported: Entity 1 (1) is invalid
L 05/29/2017 - 22:32:59: [SM] Blaming: autodifficultypatch.smx
L 05/29/2017 - 22:32:59: [SM] Call stack trace:
L 05/29/2017 - 22:32:59: [SM]   [0] GetEntPropString
L 05/29/2017 - 22:32:59: [SM]   [1] Line 1354, C:\Users\EthorbitV2\Desktop\sourcemodbackup\sourcemod\addons\sourcemod\scripting\autodifficultypatch.sp::FindEntityByTargetName
L 05/29/2017 - 22:32:59: [SM]   [2] Line 1128, C:\Users\EthorbitV2\Desktop\sourcemodbackup\sourcemod\addons\sourcemod\scripting\autodifficultypatch.sp::UpdateHeadcrab
L 05/29/2017 - 22:32:59: [SM]   [3] Line 26, C:\Users\EthorbitV2\Desktop\sourcemodbackup\sourcemod\addons\sourcemod\scripting\autodifficultypatch.sp::OnClientDisconnect_Post
L 05/29/2017 - 22:32:59: Error log file session closed.
L 05/29/2017 - 22:32:59: SourceMod error session started
L 05/29/2017 - 22:32:59: Info (map "dm_snowfall_m") (file "errors_20170529.log")
L 05/29/2017 - 22:32:59: [SM] Fatal error encountered parsing translation file "customvotes.phrases.txt"
L 05/29/2017 - 22:32:59: [SM] Error (line 0, column 0): Stream failed to open
L 05/29/2017 - 22:32:59: [SM] Fatal error encountered parsing translation file "savescores.phrases.txt"
L 05/29/2017 - 22:32:59: [SM] Error (line 0, column 0): Stream failed to open
L 05/29/2017 - 23:33:09: Error log file session closed.
L 05/29/2017 - 23:33:09: SourceMod error session started
L 05/29/2017 - 23:33:09: Info (map "dm_cave_m") (file "errors_20170529.log")
L 05/29/2017 - 23:33:09: [SM] Fatal error encountered parsing translation file "customvotes.phrases.txt"
L 05/29/2017 - 23:33:09: [SM] Error (line 0, column 0): Stream failed to open
L 05/29/2017 - 23:33:09: [SM] Fatal error encountered parsing translation file "savescores.phrases.txt"
L 05/29/2017 - 23:33:09: [SM] Error (line 0, column 0): Stream failed to open
