L 05/09/2017 - 00:20:37: SourceMod error session started
L 05/09/2017 - 00:20:37: Info (map "dm_coldruins_rc1_m") (file "errors_20170509.log")
L 05/09/2017 - 00:20:37: Error log file session closed.
L 05/09/2017 - 00:20:37: SourceMod error session started
L 05/09/2017 - 00:20:37: Info (map "dm_coldruins_rc1_m") (file "errors_20170509.log")
L 05/09/2017 - 00:20:37: [SM] Fatal error encountered parsing translation file "savescores.phrases.txt"
L 05/09/2017 - 00:20:37: [SM] Error (line 0, column 0): Stream failed to open
L 05/09/2017 - 00:20:37: [SM] Fatal error encountered parsing translation file "customvotes.phrases.txt"
L 05/09/2017 - 00:20:37: [SM] Error (line 0, column 0): Stream failed to open
L 05/09/2017 - 00:51:05: SourceMod error session started
L 05/09/2017 - 00:51:05: Info (map "pb_z_high_school_m") (file "errors_20170509.log")
L 05/09/2017 - 00:51:05: [SDKTOOLS] Invalid detour address passed - Disabling detour to prevent crashes
L 05/09/2017 - 00:51:06: [SM] Fatal error encountered parsing translation file "savescores.phrases.txt"
L 05/09/2017 - 00:51:06: [SM] Error (line 0, column 0): Stream failed to open
L 05/09/2017 - 06:36:29: [SM] Fatal error encountered parsing translation file "customvotes.phrases.txt"
L 05/09/2017 - 06:36:29: [SM] Error (line 0, column 0): Stream failed to open
L 05/09/2017 - 06:45:48: [SM] Exception reported: Entity 1 (1) is invalid
L 05/09/2017 - 06:45:48: [SM] Blaming: autodifficultypatch.smx
L 05/09/2017 - 06:45:48: [SM] Call stack trace:
L 05/09/2017 - 06:45:48: [SM]   [0] GetEntPropString
L 05/09/2017 - 06:45:48: [SM]   [1] Line 1420, C:\Users\Ethorbit\Desktop\sourcemod\scripting\autodifficultypatch.sp::FindEntityByTargetName
L 05/09/2017 - 06:45:48: [SM]   [2] Line 1194, C:\Users\Ethorbit\Desktop\sourcemod\scripting\autodifficultypatch.sp::UpdateHeadcrab
L 05/09/2017 - 06:45:48: [SM]   [3] Line 26, C:\Users\Ethorbit\Desktop\sourcemod\scripting\autodifficultypatch.sp::OnClientDisconnect_Post
L 05/09/2017 - 06:53:56: [SM] Exception reported: Entity 1 (1) is invalid
L 05/09/2017 - 06:53:56: [SM] Blaming: autodifficultypatch.smx
L 05/09/2017 - 06:53:56: [SM] Call stack trace:
L 05/09/2017 - 06:53:56: [SM]   [0] GetEntPropString
L 05/09/2017 - 06:53:56: [SM]   [1] Line 1420, C:\Users\Ethorbit\Desktop\sourcemod\scripting\autodifficultypatch.sp::FindEntityByTargetName
L 05/09/2017 - 06:53:56: [SM]   [2] Line 1194, C:\Users\Ethorbit\Desktop\sourcemod\scripting\autodifficultypatch.sp::UpdateHeadcrab
L 05/09/2017 - 06:53:56: [SM]   [3] Line 26, C:\Users\Ethorbit\Desktop\sourcemod\scripting\autodifficultypatch.sp::OnClientDisconnect_Post
L 05/09/2017 - 06:55:58: [SM] Exception reported: Entity 1 (1) is invalid
L 05/09/2017 - 06:55:58: [SM] Blaming: autodifficultypatch.smx
L 05/09/2017 - 06:55:58: [SM] Call stack trace:
L 05/09/2017 - 06:55:58: [SM]   [0] GetEntPropString
L 05/09/2017 - 06:55:58: [SM]   [1] Line 1420, C:\Users\Ethorbit\Desktop\sourcemod\scripting\autodifficultypatch.sp::FindEntityByTargetName
L 05/09/2017 - 06:55:58: [SM]   [2] Line 1194, C:\Users\Ethorbit\Desktop\sourcemod\scripting\autodifficultypatch.sp::UpdateHeadcrab
L 05/09/2017 - 06:55:58: [SM]   [3] Line 26, C:\Users\Ethorbit\Desktop\sourcemod\scripting\autodifficultypatch.sp::OnClientDisconnect_Post
L 05/09/2017 - 07:33:20: Error log file session closed.
L 05/09/2017 - 07:33:23: SourceMod error session started
L 05/09/2017 - 07:33:23: Info (map "pb_z_earthquake_m") (file "errors_20170509.log")
L 05/09/2017 - 07:33:23: [SM] Fatal error encountered parsing translation file "savescores.phrases.txt"
L 05/09/2017 - 07:33:23: [SM] Error (line 0, column 0): Stream failed to open
L 05/09/2017 - 07:33:23: [SM] Fatal error encountered parsing translation file "customvotes.phrases.txt"
L 05/09/2017 - 07:33:23: [SM] Error (line 0, column 0): Stream failed to open
L 05/09/2017 - 07:46:23: [SM] Exception reported: Entity 1 (1) is invalid
L 05/09/2017 - 07:46:23: [SM] Blaming: autodifficultypatch.smx
L 05/09/2017 - 07:46:23: [SM] Call stack trace:
L 05/09/2017 - 07:46:23: [SM]   [0] GetEntPropString
L 05/09/2017 - 07:46:23: [SM]   [1] Line 1420, C:\Users\Ethorbit\Desktop\sourcemod\scripting\autodifficultypatch.sp::FindEntityByTargetName
L 05/09/2017 - 07:46:23: [SM]   [2] Line 818, C:\Users\Ethorbit\Desktop\sourcemod\scripting\autodifficultypatch.sp::UpdateHeadcrab
L 05/09/2017 - 07:46:23: [SM]   [3] Line 26, C:\Users\Ethorbit\Desktop\sourcemod\scripting\autodifficultypatch.sp::OnClientDisconnect_Post
L 05/09/2017 - 08:12:44: [SM] Exception reported: Entity 2 (2) is invalid
L 05/09/2017 - 08:12:44: [SM] Blaming: autodifficultypatch.smx
L 05/09/2017 - 08:12:44: [SM] Call stack trace:
L 05/09/2017 - 08:12:44: [SM]   [0] GetEntPropString
L 05/09/2017 - 08:12:44: [SM]   [1] Line 1420, C:\Users\Ethorbit\Desktop\sourcemod\scripting\autodifficultypatch.sp::FindEntityByTargetName
L 05/09/2017 - 08:12:44: [SM]   [2] Line 826, C:\Users\Ethorbit\Desktop\sourcemod\scripting\autodifficultypatch.sp::UpdateHeadcrab
L 05/09/2017 - 08:12:44: [SM]   [3] Line 26, C:\Users\Ethorbit\Desktop\sourcemod\scripting\autodifficultypatch.sp::OnClientDisconnect_Post
L 05/09/2017 - 08:17:47: [SM] Exception reported: Entity 3 (3) is invalid
L 05/09/2017 - 08:17:47: [SM] Blaming: autodifficultypatch.smx
L 05/09/2017 - 08:17:47: [SM] Call stack trace:
L 05/09/2017 - 08:17:47: [SM]   [0] GetEntPropString
L 05/09/2017 - 08:17:47: [SM]   [1] Line 1420, C:\Users\Ethorbit\Desktop\sourcemod\scripting\autodifficultypatch.sp::FindEntityByTargetName
L 05/09/2017 - 08:17:47: [SM]   [2] Line 834, C:\Users\Ethorbit\Desktop\sourcemod\scripting\autodifficultypatch.sp::UpdateHeadcrab
L 05/09/2017 - 08:17:47: [SM]   [3] Line 26, C:\Users\Ethorbit\Desktop\sourcemod\scripting\autodifficultypatch.sp::OnClientDisconnect_Post
L 05/09/2017 - 08:33:33: [SM] Exception reported: Entity 1 (1) is invalid
L 05/09/2017 - 08:33:33: [SM] Blaming: autodifficultypatch.smx
L 05/09/2017 - 08:33:33: [SM] Call stack trace:
L 05/09/2017 - 08:33:33: [SM]   [0] GetEntPropString
L 05/09/2017 - 08:33:33: [SM]   [1] Line 1420, C:\Users\Ethorbit\Desktop\sourcemod\scripting\autodifficultypatch.sp::FindEntityByTargetName
L 05/09/2017 - 08:33:33: [SM]   [2] Line 826, C:\Users\Ethorbit\Desktop\sourcemod\scripting\autodifficultypatch.sp::UpdateHeadcrab
L 05/09/2017 - 08:33:33: [SM]   [3] Line 26, C:\Users\Ethorbit\Desktop\sourcemod\scripting\autodifficultypatch.sp::OnClientDisconnect_Post
L 05/09/2017 - 08:33:33: [SM] Exception reported: Entity 2 (2) is invalid
L 05/09/2017 - 08:33:33: [SM] Blaming: autodifficultypatch.smx
L 05/09/2017 - 08:33:33: [SM] Call stack trace:
L 05/09/2017 - 08:33:33: [SM]   [0] GetEntPropString
L 05/09/2017 - 08:33:33: [SM]   [1] Line 1420, C:\Users\Ethorbit\Desktop\sourcemod\scripting\autodifficultypatch.sp::FindEntityByTargetName
L 05/09/2017 - 08:33:33: [SM]   [2] Line 818, C:\Users\Ethorbit\Desktop\sourcemod\scripting\autodifficultypatch.sp::UpdateHeadcrab
L 05/09/2017 - 08:33:33: [SM]   [3] Line 26, C:\Users\Ethorbit\Desktop\sourcemod\scripting\autodifficultypatch.sp::OnClientDisconnect_Post
L 05/09/2017 - 08:33:34: Error log file session closed.
L 05/09/2017 - 08:33:34: SourceMod error session started
L 05/09/2017 - 08:33:34: Info (map "dm_october_m") (file "errors_20170509.log")
L 05/09/2017 - 08:33:34: [SM] Fatal error encountered parsing translation file "savescores.phrases.txt"
L 05/09/2017 - 08:33:34: [SM] Error (line 0, column 0): Stream failed to open
L 05/09/2017 - 08:33:34: [SM] Fatal error encountered parsing translation file "customvotes.phrases.txt"
L 05/09/2017 - 08:33:34: [SM] Error (line 0, column 0): Stream failed to open
L 05/09/2017 - 08:58:36: [SM] Exception reported: Entity 1 (1) is invalid
L 05/09/2017 - 08:58:36: [SM] Blaming: autodifficultypatch.smx
L 05/09/2017 - 08:58:36: [SM] Call stack trace:
L 05/09/2017 - 08:58:36: [SM]   [0] GetEntPropString
L 05/09/2017 - 08:58:36: [SM]   [1] Line 1420, C:\Users\Ethorbit\Desktop\sourcemod\scripting\autodifficultypatch.sp::FindEntityByTargetName
L 05/09/2017 - 08:58:37: [SM]   [2] Line 42, C:\Users\Ethorbit\Desktop\sourcemod\scripting\autodifficultypatch.sp::UpdateHeadcrab
L 05/09/2017 - 08:58:37: [SM]   [3] Line 26, C:\Users\Ethorbit\Desktop\sourcemod\scripting\autodifficultypatch.sp::OnClientDisconnect_Post
L 05/09/2017 - 09:33:46: Error log file session closed.
L 05/09/2017 - 09:33:46: SourceMod error session started
L 05/09/2017 - 09:33:46: Info (map "pb_z_underground_m") (file "errors_20170509.log")
L 05/09/2017 - 09:33:46: [SM] Fatal error encountered parsing translation file "savescores.phrases.txt"
L 05/09/2017 - 09:33:46: [SM] Error (line 0, column 0): Stream failed to open
L 05/09/2017 - 09:33:46: [SM] Fatal error encountered parsing translation file "customvotes.phrases.txt"
L 05/09/2017 - 09:33:46: [SM] Error (line 0, column 0): Stream failed to open
L 05/09/2017 - 10:33:57: Error log file session closed.
L 05/09/2017 - 10:33:57: SourceMod error session started
L 05/09/2017 - 10:33:57: Info (map "dm_coldruins_rc1_m") (file "errors_20170509.log")
L 05/09/2017 - 10:33:57: [SM] Fatal error encountered parsing translation file "savescores.phrases.txt"
L 05/09/2017 - 10:33:57: [SM] Error (line 0, column 0): Stream failed to open
L 05/09/2017 - 10:33:57: [SM] Fatal error encountered parsing translation file "customvotes.phrases.txt"
L 05/09/2017 - 10:33:57: [SM] Error (line 0, column 0): Stream failed to open
L 05/09/2017 - 11:34:08: Error log file session closed.
L 05/09/2017 - 11:34:09: SourceMod error session started
L 05/09/2017 - 11:34:09: Info (map "pb_z_area51_m") (file "errors_20170509.log")
L 05/09/2017 - 11:34:09: [SM] Fatal error encountered parsing translation file "savescores.phrases.txt"
L 05/09/2017 - 11:34:09: [SM] Error (line 0, column 0): Stream failed to open
L 05/09/2017 - 11:34:09: [SM] Fatal error encountered parsing translation file "customvotes.phrases.txt"
L 05/09/2017 - 11:34:09: [SM] Error (line 0, column 0): Stream failed to open
L 05/09/2017 - 12:30:07: [SM] Exception reported: Entity 1 (1) is invalid
L 05/09/2017 - 12:30:07: [SM] Blaming: autodifficultypatch.smx
L 05/09/2017 - 12:30:07: [SM] Call stack trace:
L 05/09/2017 - 12:30:07: [SM]   [0] GetEntPropString
L 05/09/2017 - 12:30:07: [SM]   [1] Line 1420, C:\Users\Ethorbit\Desktop\sourcemod\scripting\autodifficultypatch.sp::FindEntityByTargetName
L 05/09/2017 - 12:30:07: [SM]   [2] Line 1270, C:\Users\Ethorbit\Desktop\sourcemod\scripting\autodifficultypatch.sp::UpdateHeadcrab
L 05/09/2017 - 12:30:07: [SM]   [3] Line 26, C:\Users\Ethorbit\Desktop\sourcemod\scripting\autodifficultypatch.sp::OnClientDisconnect_Post
L 05/09/2017 - 12:30:10: Error log file session closed.
L 05/09/2017 - 12:30:10: SourceMod error session started
L 05/09/2017 - 12:30:10: Info (map "pb_z_office_tower_m") (file "errors_20170509.log")
L 05/09/2017 - 12:30:10: [SM] Fatal error encountered parsing translation file "savescores.phrases.txt"
L 05/09/2017 - 12:30:10: [SM] Error (line 0, column 0): Stream failed to open
L 05/09/2017 - 12:30:10: [SM] Fatal error encountered parsing translation file "customvotes.phrases.txt"
L 05/09/2017 - 12:30:10: [SM] Error (line 0, column 0): Stream failed to open
L 05/09/2017 - 13:30:21: Error log file session closed.
L 05/09/2017 - 13:30:21: SourceMod error session started
L 05/09/2017 - 13:30:21: Info (map "dm_hellsdistrict_m") (file "errors_20170509.log")
L 05/09/2017 - 13:30:21: [SM] Fatal error encountered parsing translation file "savescores.phrases.txt"
L 05/09/2017 - 13:30:21: [SM] Error (line 0, column 0): Stream failed to open
L 05/09/2017 - 13:30:21: [SM] Fatal error encountered parsing translation file "customvotes.phrases.txt"
L 05/09/2017 - 13:30:21: [SM] Error (line 0, column 0): Stream failed to open
L 05/09/2017 - 14:30:34: Error log file session closed.
L 05/09/2017 - 14:30:34: SourceMod error session started
L 05/09/2017 - 14:30:34: Info (map "pb_z_colony_m") (file "errors_20170509.log")
L 05/09/2017 - 14:30:34: [SM] Fatal error encountered parsing translation file "savescores.phrases.txt"
L 05/09/2017 - 14:30:34: [SM] Error (line 0, column 0): Stream failed to open
L 05/09/2017 - 14:30:34: [SM] Fatal error encountered parsing translation file "customvotes.phrases.txt"
L 05/09/2017 - 14:30:34: [SM] Error (line 0, column 0): Stream failed to open
L 05/09/2017 - 15:30:43: Error log file session closed.
L 05/09/2017 - 15:30:43: SourceMod error session started
L 05/09/2017 - 15:30:43: Info (map "dm_october_m") (file "errors_20170509.log")
L 05/09/2017 - 15:30:43: [SM] Fatal error encountered parsing translation file "savescores.phrases.txt"
L 05/09/2017 - 15:30:43: [SM] Error (line 0, column 0): Stream failed to open
L 05/09/2017 - 15:30:43: [SM] Fatal error encountered parsing translation file "customvotes.phrases.txt"
L 05/09/2017 - 15:30:43: [SM] Error (line 0, column 0): Stream failed to open
L 05/09/2017 - 16:30:54: Error log file session closed.
L 05/09/2017 - 16:30:54: SourceMod error session started
L 05/09/2017 - 16:30:54: Info (map "dm_laststop_m") (file "errors_20170509.log")
L 05/09/2017 - 16:30:54: [SM] Fatal error encountered parsing translation file "savescores.phrases.txt"
L 05/09/2017 - 16:30:54: [SM] Error (line 0, column 0): Stream failed to open
L 05/09/2017 - 16:30:54: [SM] Fatal error encountered parsing translation file "customvotes.phrases.txt"
L 05/09/2017 - 16:30:54: [SM] Error (line 0, column 0): Stream failed to open
L 05/09/2017 - 17:31:06: Error log file session closed.
L 05/09/2017 - 17:31:06: SourceMod error session started
L 05/09/2017 - 17:31:06: Info (map "dm_montana_m") (file "errors_20170509.log")
L 05/09/2017 - 17:31:06: [SM] Fatal error encountered parsing translation file "savescores.phrases.txt"
L 05/09/2017 - 17:31:06: [SM] Error (line 0, column 0): Stream failed to open
L 05/09/2017 - 17:31:06: [SM] Fatal error encountered parsing translation file "customvotes.phrases.txt"
L 05/09/2017 - 17:31:06: [SM] Error (line 0, column 0): Stream failed to open
L 05/09/2017 - 18:31:16: Error log file session closed.
L 05/09/2017 - 18:31:16: SourceMod error session started
L 05/09/2017 - 18:31:16: Info (map "dm_coldruins_rc1_m") (file "errors_20170509.log")
L 05/09/2017 - 18:31:16: [SM] Fatal error encountered parsing translation file "savescores.phrases.txt"
L 05/09/2017 - 18:31:16: [SM] Error (line 0, column 0): Stream failed to open
L 05/09/2017 - 18:31:16: [SM] Fatal error encountered parsing translation file "customvotes.phrases.txt"
L 05/09/2017 - 18:31:16: [SM] Error (line 0, column 0): Stream failed to open
L 05/09/2017 - 19:06:58: [SM] Exception reported: Entity 1 (1) is invalid
L 05/09/2017 - 19:06:58: [SM] Blaming: autodifficultypatch.smx
L 05/09/2017 - 19:06:58: [SM] Call stack trace:
L 05/09/2017 - 19:06:58: [SM]   [0] GetEntPropString
L 05/09/2017 - 19:06:58: [SM]   [1] Line 1420, C:\Users\Ethorbit\Desktop\sourcemod\scripting\autodifficultypatch.sp::FindEntityByTargetName
L 05/09/2017 - 19:06:58: [SM]   [2] Line 668, C:\Users\Ethorbit\Desktop\sourcemod\scripting\autodifficultypatch.sp::UpdateHeadcrab
L 05/09/2017 - 19:06:58: [SM]   [3] Line 26, C:\Users\Ethorbit\Desktop\sourcemod\scripting\autodifficultypatch.sp::OnClientDisconnect_Post
L 05/09/2017 - 19:31:26: Error log file session closed.
L 05/09/2017 - 19:31:26: SourceMod error session started
L 05/09/2017 - 19:31:26: Info (map "dm_mine_entrance_m") (file "errors_20170509.log")
L 05/09/2017 - 19:31:26: [SM] Fatal error encountered parsing translation file "savescores.phrases.txt"
L 05/09/2017 - 19:31:26: [SM] Error (line 0, column 0): Stream failed to open
L 05/09/2017 - 19:31:26: [SM] Fatal error encountered parsing translation file "customvotes.phrases.txt"
L 05/09/2017 - 19:31:26: [SM] Error (line 0, column 0): Stream failed to open
L 05/09/2017 - 20:31:35: Error log file session closed.
L 05/09/2017 - 20:31:35: SourceMod error session started
L 05/09/2017 - 20:31:35: Info (map "dm_hellsdistrict_m") (file "errors_20170509.log")
L 05/09/2017 - 20:31:35: [SM] Fatal error encountered parsing translation file "savescores.phrases.txt"
L 05/09/2017 - 20:31:35: [SM] Error (line 0, column 0): Stream failed to open
L 05/09/2017 - 20:31:35: [SM] Fatal error encountered parsing translation file "customvotes.phrases.txt"
L 05/09/2017 - 20:31:35: [SM] Error (line 0, column 0): Stream failed to open
L 05/09/2017 - 21:31:45: Error log file session closed.
L 05/09/2017 - 21:31:45: SourceMod error session started
L 05/09/2017 - 21:31:45: Info (map "pb_z_colony_m") (file "errors_20170509.log")
L 05/09/2017 - 21:31:45: [SM] Fatal error encountered parsing translation file "savescores.phrases.txt"
L 05/09/2017 - 21:31:45: [SM] Error (line 0, column 0): Stream failed to open
L 05/09/2017 - 21:31:45: [SM] Fatal error encountered parsing translation file "customvotes.phrases.txt"
L 05/09/2017 - 21:31:45: [SM] Error (line 0, column 0): Stream failed to open
L 05/09/2017 - 22:31:57: Error log file session closed.
L 05/09/2017 - 22:31:57: SourceMod error session started
L 05/09/2017 - 22:31:57: Info (map "pb_z_disorder_m") (file "errors_20170509.log")
L 05/09/2017 - 22:31:57: [SM] Fatal error encountered parsing translation file "savescores.phrases.txt"
L 05/09/2017 - 22:31:57: [SM] Error (line 0, column 0): Stream failed to open
L 05/09/2017 - 22:31:57: [SM] Fatal error encountered parsing translation file "customvotes.phrases.txt"
L 05/09/2017 - 22:31:57: [SM] Error (line 0, column 0): Stream failed to open
L 05/09/2017 - 23:32:07: Error log file session closed.
L 05/09/2017 - 23:32:07: SourceMod error session started
L 05/09/2017 - 23:32:07: Info (map "pb_z_industry_m") (file "errors_20170509.log")
L 05/09/2017 - 23:32:07: [SM] Fatal error encountered parsing translation file "savescores.phrases.txt"
L 05/09/2017 - 23:32:07: [SM] Error (line 0, column 0): Stream failed to open
L 05/09/2017 - 23:32:07: [SM] Fatal error encountered parsing translation file "customvotes.phrases.txt"
L 05/09/2017 - 23:32:07: [SM] Error (line 0, column 0): Stream failed to open
