L 05/15/2017 - 00:54:25: SourceMod error session started
L 05/15/2017 - 00:54:25: Info (map "pb_z_underground_m") (file "errors_20170515.log")
L 05/15/2017 - 00:54:25: Error log file session closed.
L 05/15/2017 - 00:54:25: SourceMod error session started
L 05/15/2017 - 00:54:25: Info (map "pb_z_underground_m") (file "errors_20170515.log")
L 05/15/2017 - 00:54:25: [SM] Fatal error encountered parsing translation file "savescores.phrases.txt"
L 05/15/2017 - 00:54:25: [SM] Error (line 0, column 0): Stream failed to open
L 05/15/2017 - 00:54:25: [SM] Fatal error encountered parsing translation file "customvotes.phrases.txt"
L 05/15/2017 - 00:54:25: [SM] Error (line 0, column 0): Stream failed to open
L 05/15/2017 - 00:58:53: [SM] Exception reported: Entity 1 (1) is invalid
L 05/15/2017 - 00:58:53: [SM] Blaming: autodifficultypatch.smx
L 05/15/2017 - 00:58:53: [SM] Call stack trace:
L 05/15/2017 - 00:58:53: [SM]   [0] GetEntPropString
L 05/15/2017 - 00:58:53: [SM]   [1] Line 1420, C:\Users\Ethorbit\Desktop\sourcemod\scripting\autodifficultypatch.sp::FindEntityByTargetName
L 05/15/2017 - 00:58:53: [SM]   [2] Line 526, C:\Users\Ethorbit\Desktop\sourcemod\scripting\autodifficultypatch.sp::UpdateHeadcrab
L 05/15/2017 - 00:58:53: [SM]   [3] Line 26, C:\Users\Ethorbit\Desktop\sourcemod\scripting\autodifficultypatch.sp::OnClientDisconnect_Post
L 05/15/2017 - 00:59:29: [SM] Exception reported: Entity 2 (2) is invalid
L 05/15/2017 - 00:59:29: [SM] Blaming: autodifficultypatch.smx
L 05/15/2017 - 00:59:29: [SM] Call stack trace:
L 05/15/2017 - 00:59:29: [SM]   [0] GetEntPropString
L 05/15/2017 - 00:59:29: [SM]   [1] Line 1420, C:\Users\Ethorbit\Desktop\sourcemod\scripting\autodifficultypatch.sp::FindEntityByTargetName
L 05/15/2017 - 00:59:29: [SM]   [2] Line 518, C:\Users\Ethorbit\Desktop\sourcemod\scripting\autodifficultypatch.sp::UpdateHeadcrab
L 05/15/2017 - 00:59:29: [SM]   [3] Line 26, C:\Users\Ethorbit\Desktop\sourcemod\scripting\autodifficultypatch.sp::OnClientDisconnect_Post
L 05/15/2017 - 01:26:07: SourceMod error session started
L 05/15/2017 - 01:26:07: Info (map "pb_z_high_school_m") (file "errors_20170515.log")
L 05/15/2017 - 01:26:07: [SDKTOOLS] Invalid detour address passed - Disabling detour to prevent crashes
L 05/15/2017 - 01:26:08: [SM] Fatal error encountered parsing translation file "savescores.phrases.txt"
L 05/15/2017 - 01:26:08: [SM] Error (line 0, column 0): Stream failed to open
L 05/15/2017 - 06:11:41: [SM] Exception reported: Entity 1 (1) is invalid
L 05/15/2017 - 06:11:41: [SM] Blaming: autodifficultypatch.smx
L 05/15/2017 - 06:11:41: [SM] Call stack trace:
L 05/15/2017 - 06:11:41: [SM]   [0] GetEntPropString
L 05/15/2017 - 06:11:41: [SM]   [1] Line 1420, C:\Users\Ethorbit\Desktop\sourcemod\scripting\autodifficultypatch.sp::FindEntityByTargetName
L 05/15/2017 - 06:11:41: [SM]   [2] Line 1194, C:\Users\Ethorbit\Desktop\sourcemod\scripting\autodifficultypatch.sp::UpdateHeadcrab
L 05/15/2017 - 06:11:41: [SM]   [3] Line 26, C:\Users\Ethorbit\Desktop\sourcemod\scripting\autodifficultypatch.sp::OnClientDisconnect_Post
L 05/15/2017 - 07:07:58: Error log file session closed.
L 05/15/2017 - 07:08:02: SourceMod error session started
L 05/15/2017 - 07:08:02: Info (map "dm_mine_entrance_m") (file "errors_20170515.log")
L 05/15/2017 - 07:08:02: [SM] Fatal error encountered parsing translation file "savescores.phrases.txt"
L 05/15/2017 - 07:08:02: [SM] Error (line 0, column 0): Stream failed to open
L 05/15/2017 - 08:08:17: Error log file session closed.
L 05/15/2017 - 08:08:17: SourceMod error session started
L 05/15/2017 - 08:08:17: Info (map "dm_montana_m") (file "errors_20170515.log")
L 05/15/2017 - 08:08:17: [SM] Fatal error encountered parsing translation file "savescores.phrases.txt"
L 05/15/2017 - 08:08:17: [SM] Error (line 0, column 0): Stream failed to open
L 05/15/2017 - 09:08:28: Error log file session closed.
L 05/15/2017 - 09:08:28: SourceMod error session started
L 05/15/2017 - 09:08:28: Info (map "dm_raven_m") (file "errors_20170515.log")
L 05/15/2017 - 09:08:28: [SM] Fatal error encountered parsing translation file "savescores.phrases.txt"
L 05/15/2017 - 09:08:28: [SM] Error (line 0, column 0): Stream failed to open
L 05/15/2017 - 10:08:40: Error log file session closed.
L 05/15/2017 - 10:08:40: SourceMod error session started
L 05/15/2017 - 10:08:40: Info (map "dm_cave_m") (file "errors_20170515.log")
L 05/15/2017 - 10:08:40: [SM] Fatal error encountered parsing translation file "savescores.phrases.txt"
L 05/15/2017 - 10:08:40: [SM] Error (line 0, column 0): Stream failed to open
L 05/15/2017 - 11:08:51: Error log file session closed.
L 05/15/2017 - 11:08:51: SourceMod error session started
L 05/15/2017 - 11:08:51: Info (map "dm_october_m") (file "errors_20170515.log")
L 05/15/2017 - 11:08:51: [SM] Fatal error encountered parsing translation file "savescores.phrases.txt"
L 05/15/2017 - 11:08:51: [SM] Error (line 0, column 0): Stream failed to open
L 05/15/2017 - 12:09:02: Error log file session closed.
L 05/15/2017 - 12:09:02: SourceMod error session started
L 05/15/2017 - 12:09:02: Info (map "pb_z_underground_m") (file "errors_20170515.log")
L 05/15/2017 - 12:09:02: [SM] Fatal error encountered parsing translation file "savescores.phrases.txt"
L 05/15/2017 - 12:09:02: [SM] Error (line 0, column 0): Stream failed to open
L 05/15/2017 - 12:52:40: [SM] Exception reported: Entity 1 (1) is invalid
L 05/15/2017 - 12:52:40: [SM] Blaming: autodifficultypatch.smx
L 05/15/2017 - 12:52:40: [SM] Call stack trace:
L 05/15/2017 - 12:52:40: [SM]   [0] GetEntPropString
L 05/15/2017 - 12:52:40: [SM]   [1] Line 1420, C:\Users\Ethorbit\Desktop\sourcemod\scripting\autodifficultypatch.sp::FindEntityByTargetName
L 05/15/2017 - 12:52:40: [SM]   [2] Line 518, C:\Users\Ethorbit\Desktop\sourcemod\scripting\autodifficultypatch.sp::UpdateHeadcrab
L 05/15/2017 - 12:52:40: [SM]   [3] Line 26, C:\Users\Ethorbit\Desktop\sourcemod\scripting\autodifficultypatch.sp::OnClientDisconnect_Post
L 05/15/2017 - 12:52:44: Error log file session closed.
L 05/15/2017 - 12:52:44: SourceMod error session started
L 05/15/2017 - 12:52:44: Info (map "pb_z_colony_m") (file "errors_20170515.log")
L 05/15/2017 - 12:52:44: [SM] Fatal error encountered parsing translation file "savescores.phrases.txt"
L 05/15/2017 - 12:52:44: [SM] Error (line 0, column 0): Stream failed to open
L 05/15/2017 - 12:58:47: [SM] Fatal error encountered parsing translation file "customvotes.phrases.txt"
L 05/15/2017 - 12:58:47: [SM] Error (line 0, column 0): Stream failed to open
L 05/15/2017 - 13:52:55: Error log file session closed.
L 05/15/2017 - 13:52:55: SourceMod error session started
L 05/15/2017 - 13:52:55: Info (map "dm_morbid_m") (file "errors_20170515.log")
L 05/15/2017 - 13:52:55: [SM] Fatal error encountered parsing translation file "savescores.phrases.txt"
L 05/15/2017 - 13:52:55: [SM] Error (line 0, column 0): Stream failed to open
L 05/15/2017 - 13:52:55: [SM] Fatal error encountered parsing translation file "customvotes.phrases.txt"
L 05/15/2017 - 13:52:55: [SM] Error (line 0, column 0): Stream failed to open
L 05/15/2017 - 14:25:04: [SM] Exception reported: Entity 1 (1) is invalid
L 05/15/2017 - 14:25:04: [SM] Blaming: autodifficultypatch.smx
L 05/15/2017 - 14:25:04: [SM] Call stack trace:
L 05/15/2017 - 14:25:04: [SM]   [0] GetEntPropString
L 05/15/2017 - 14:25:04: [SM]   [1] Line 1420, C:\Users\Ethorbit\Desktop\sourcemod\scripting\autodifficultypatch.sp::FindEntityByTargetName
L 05/15/2017 - 14:25:04: [SM]   [2] Line 1345, C:\Users\Ethorbit\Desktop\sourcemod\scripting\autodifficultypatch.sp::UpdateHeadcrab
L 05/15/2017 - 14:25:04: [SM]   [3] Line 26, C:\Users\Ethorbit\Desktop\sourcemod\scripting\autodifficultypatch.sp::OnClientDisconnect_Post
L 05/15/2017 - 14:25:05: Error log file session closed.
L 05/15/2017 - 14:25:05: SourceMod error session started
L 05/15/2017 - 14:25:05: Info (map "pb_z_industry_m") (file "errors_20170515.log")
L 05/15/2017 - 14:25:05: [SM] Fatal error encountered parsing translation file "savescores.phrases.txt"
L 05/15/2017 - 14:25:05: [SM] Error (line 0, column 0): Stream failed to open
L 05/15/2017 - 14:25:05: [SM] Fatal error encountered parsing translation file "customvotes.phrases.txt"
L 05/15/2017 - 14:25:05: [SM] Error (line 0, column 0): Stream failed to open
L 05/15/2017 - 14:25:32: [SM] Exception reported: Entity 1 (1) is invalid
L 05/15/2017 - 14:25:32: [SM] Blaming: autodifficultypatch.smx
L 05/15/2017 - 14:25:32: [SM] Call stack trace:
L 05/15/2017 - 14:25:32: [SM]   [0] GetEntPropString
L 05/15/2017 - 14:25:32: [SM]   [1] Line 1420, C:\Users\Ethorbit\Desktop\sourcemod\scripting\autodifficultypatch.sp::FindEntityByTargetName
L 05/15/2017 - 14:25:32: [SM]   [2] Line 743, C:\Users\Ethorbit\Desktop\sourcemod\scripting\autodifficultypatch.sp::UpdateHeadcrab
L 05/15/2017 - 14:25:32: [SM]   [3] Line 26, C:\Users\Ethorbit\Desktop\sourcemod\scripting\autodifficultypatch.sp::OnClientDisconnect_Post
L 05/15/2017 - 14:26:05: [SM] Exception reported: Entity 1 (1) is invalid
L 05/15/2017 - 14:26:05: [SM] Blaming: autodifficultypatch.smx
L 05/15/2017 - 14:26:05: [SM] Call stack trace:
L 05/15/2017 - 14:26:05: [SM]   [0] GetEntPropString
L 05/15/2017 - 14:26:05: [SM]   [1] Line 1420, C:\Users\Ethorbit\Desktop\sourcemod\scripting\autodifficultypatch.sp::FindEntityByTargetName
L 05/15/2017 - 14:26:05: [SM]   [2] Line 743, C:\Users\Ethorbit\Desktop\sourcemod\scripting\autodifficultypatch.sp::UpdateHeadcrab
L 05/15/2017 - 14:26:05: [SM]   [3] Line 26, C:\Users\Ethorbit\Desktop\sourcemod\scripting\autodifficultypatch.sp::OnClientDisconnect_Post
L 05/15/2017 - 14:42:33: [SM] Exception reported: Entity 1 (1) is invalid
L 05/15/2017 - 14:42:33: [SM] Blaming: autodifficultypatch.smx
L 05/15/2017 - 14:42:33: [SM] Call stack trace:
L 05/15/2017 - 14:42:33: [SM]   [0] GetEntPropString
L 05/15/2017 - 14:42:33: [SM]   [1] Line 1420, C:\Users\Ethorbit\Desktop\sourcemod\scripting\autodifficultypatch.sp::FindEntityByTargetName
L 05/15/2017 - 14:42:33: [SM]   [2] Line 743, C:\Users\Ethorbit\Desktop\sourcemod\scripting\autodifficultypatch.sp::UpdateHeadcrab
L 05/15/2017 - 14:42:33: [SM]   [3] Line 26, C:\Users\Ethorbit\Desktop\sourcemod\scripting\autodifficultypatch.sp::OnClientDisconnect_Post
L 05/15/2017 - 15:25:16: Error log file session closed.
L 05/15/2017 - 15:25:16: SourceMod error session started
L 05/15/2017 - 15:25:16: Info (map "pb_z_high_school_m") (file "errors_20170515.log")
L 05/15/2017 - 15:25:16: [SM] Fatal error encountered parsing translation file "savescores.phrases.txt"
L 05/15/2017 - 15:25:16: [SM] Error (line 0, column 0): Stream failed to open
L 05/15/2017 - 15:25:16: [SM] Fatal error encountered parsing translation file "customvotes.phrases.txt"
L 05/15/2017 - 15:25:16: [SM] Error (line 0, column 0): Stream failed to open
L 05/15/2017 - 16:25:27: Error log file session closed.
L 05/15/2017 - 16:25:27: SourceMod error session started
L 05/15/2017 - 16:25:27: Info (map "pb_z_office_tower_m") (file "errors_20170515.log")
L 05/15/2017 - 16:25:27: [SM] Fatal error encountered parsing translation file "savescores.phrases.txt"
L 05/15/2017 - 16:25:27: [SM] Error (line 0, column 0): Stream failed to open
L 05/15/2017 - 16:25:27: [SM] Fatal error encountered parsing translation file "customvotes.phrases.txt"
L 05/15/2017 - 16:25:27: [SM] Error (line 0, column 0): Stream failed to open
L 05/15/2017 - 17:25:36: Error log file session closed.
L 05/15/2017 - 17:25:36: SourceMod error session started
L 05/15/2017 - 17:25:36: Info (map "dm_cave_m") (file "errors_20170515.log")
L 05/15/2017 - 17:25:36: [SM] Fatal error encountered parsing translation file "savescores.phrases.txt"
L 05/15/2017 - 17:25:36: [SM] Error (line 0, column 0): Stream failed to open
L 05/15/2017 - 17:25:36: [SM] Fatal error encountered parsing translation file "customvotes.phrases.txt"
L 05/15/2017 - 17:25:36: [SM] Error (line 0, column 0): Stream failed to open
L 05/15/2017 - 18:07:07: [SM] Exception reported: Entity 1 (1) is invalid
L 05/15/2017 - 18:07:07: [SM] Blaming: autodifficultypatch.smx
L 05/15/2017 - 18:07:07: [SM] Call stack trace:
L 05/15/2017 - 18:07:07: [SM]   [0] GetEntPropString
L 05/15/2017 - 18:07:07: [SM]   [1] Line 1420, C:\Users\Ethorbit\Desktop\sourcemod\scripting\autodifficultypatch.sp::FindEntityByTargetName
L 05/15/2017 - 18:07:07: [SM]   [2] Line 593, C:\Users\Ethorbit\Desktop\sourcemod\scripting\autodifficultypatch.sp::UpdateHeadcrab
L 05/15/2017 - 18:07:07: [SM]   [3] Line 26, C:\Users\Ethorbit\Desktop\sourcemod\scripting\autodifficultypatch.sp::OnClientDisconnect_Post
L 05/15/2017 - 18:25:46: Error log file session closed.
L 05/15/2017 - 18:25:46: SourceMod error session started
L 05/15/2017 - 18:25:46: Info (map "pb_z_underground_m") (file "errors_20170515.log")
L 05/15/2017 - 18:25:46: [SM] Fatal error encountered parsing translation file "savescores.phrases.txt"
L 05/15/2017 - 18:25:46: [SM] Error (line 0, column 0): Stream failed to open
L 05/15/2017 - 18:25:46: [SM] Fatal error encountered parsing translation file "customvotes.phrases.txt"
L 05/15/2017 - 18:25:46: [SM] Error (line 0, column 0): Stream failed to open
L 05/15/2017 - 19:25:55: Error log file session closed.
L 05/15/2017 - 19:25:55: SourceMod error session started
L 05/15/2017 - 19:25:55: Info (map "dm_mine_entrance_m") (file "errors_20170515.log")
L 05/15/2017 - 19:25:55: [SM] Fatal error encountered parsing translation file "savescores.phrases.txt"
L 05/15/2017 - 19:25:55: [SM] Error (line 0, column 0): Stream failed to open
L 05/15/2017 - 19:25:55: [SM] Fatal error encountered parsing translation file "customvotes.phrases.txt"
L 05/15/2017 - 19:25:55: [SM] Error (line 0, column 0): Stream failed to open
L 05/15/2017 - 20:26:05: Error log file session closed.
L 05/15/2017 - 20:26:05: SourceMod error session started
L 05/15/2017 - 20:26:05: Info (map "dm_october_m") (file "errors_20170515.log")
L 05/15/2017 - 20:26:05: [SM] Fatal error encountered parsing translation file "savescores.phrases.txt"
L 05/15/2017 - 20:26:05: [SM] Error (line 0, column 0): Stream failed to open
L 05/15/2017 - 20:26:05: [SM] Fatal error encountered parsing translation file "customvotes.phrases.txt"
L 05/15/2017 - 20:26:05: [SM] Error (line 0, column 0): Stream failed to open
L 05/15/2017 - 21:26:15: Error log file session closed.
L 05/15/2017 - 21:26:15: SourceMod error session started
L 05/15/2017 - 21:26:15: Info (map "dm_montana_m") (file "errors_20170515.log")
L 05/15/2017 - 21:26:15: [SM] Fatal error encountered parsing translation file "savescores.phrases.txt"
L 05/15/2017 - 21:26:15: [SM] Error (line 0, column 0): Stream failed to open
L 05/15/2017 - 21:26:15: [SM] Fatal error encountered parsing translation file "customvotes.phrases.txt"
L 05/15/2017 - 21:26:15: [SM] Error (line 0, column 0): Stream failed to open
L 05/15/2017 - 22:26:24: Error log file session closed.
L 05/15/2017 - 22:26:24: SourceMod error session started
L 05/15/2017 - 22:26:24: Info (map "dm_morbid_m") (file "errors_20170515.log")
L 05/15/2017 - 22:26:24: [SM] Fatal error encountered parsing translation file "savescores.phrases.txt"
L 05/15/2017 - 22:26:24: [SM] Error (line 0, column 0): Stream failed to open
L 05/15/2017 - 22:26:24: [SM] Fatal error encountered parsing translation file "customvotes.phrases.txt"
L 05/15/2017 - 22:26:24: [SM] Error (line 0, column 0): Stream failed to open
L 05/15/2017 - 23:00:13: [SM] Exception reported: Entity 1 (1) is invalid
L 05/15/2017 - 23:00:13: [SM] Blaming: autodifficultypatch.smx
L 05/15/2017 - 23:00:13: [SM] Call stack trace:
L 05/15/2017 - 23:00:13: [SM]   [0] GetEntPropString
L 05/15/2017 - 23:00:13: [SM]   [1] Line 1420, C:\Users\Ethorbit\Desktop\sourcemod\scripting\autodifficultypatch.sp::FindEntityByTargetName
L 05/15/2017 - 23:00:13: [SM]   [2] Line 1345, C:\Users\Ethorbit\Desktop\sourcemod\scripting\autodifficultypatch.sp::UpdateHeadcrab
L 05/15/2017 - 23:00:13: [SM]   [3] Line 26, C:\Users\Ethorbit\Desktop\sourcemod\scripting\autodifficultypatch.sp::OnClientDisconnect_Post
L 05/15/2017 - 23:26:34: Error log file session closed.
L 05/15/2017 - 23:26:34: SourceMod error session started
L 05/15/2017 - 23:26:34: Info (map "pb_z_high_school_m") (file "errors_20170515.log")
L 05/15/2017 - 23:26:34: [SM] Fatal error encountered parsing translation file "savescores.phrases.txt"
L 05/15/2017 - 23:26:34: [SM] Error (line 0, column 0): Stream failed to open
L 05/15/2017 - 23:26:34: [SM] Fatal error encountered parsing translation file "customvotes.phrases.txt"
L 05/15/2017 - 23:26:34: [SM] Error (line 0, column 0): Stream failed to open
