L 06/21/2017 - 00:10:51: SourceMod error session started
L 06/21/2017 - 00:10:51: Info (map "pb_z_high_school_m") (file "errors_20170621.log")
L 06/21/2017 - 00:10:51: [SDKTOOLS] Invalid detour address passed - Disabling detour to prevent crashes
L 06/21/2017 - 00:10:51: [SM] Unable to load extension "soundlib.ext": error code 0000007e
L 06/21/2017 - 00:10:51: [SM] Unable to load extension "config.ext": error code 0000007e
L 06/21/2017 - 00:10:51: [SM] Fatal error encountered parsing translation file "customvotes.phrases.txt"
L 06/21/2017 - 00:10:51: [SM] Error (line 0, column 0): Stream failed to open
L 06/21/2017 - 00:10:51: [SM] Fatal error encountered parsing translation file "savescores.phrases.txt"
L 06/21/2017 - 00:10:51: [SM] Error (line 0, column 0): Stream failed to open
L 06/21/2017 - 00:10:51: [SM] Unable to load plugin "time-left-actions.smx": Required extension "Sound Info Library" file("soundlib.ext") not running
L 06/21/2017 - 03:27:39: [SM] Exception reported: Entity 1 (1) is invalid
L 06/21/2017 - 03:27:39: [SM] Blaming: autodifficultypatch.smx
L 06/21/2017 - 03:27:39: [SM] Call stack trace:
L 06/21/2017 - 03:27:39: [SM]   [0] GetEntPropString
L 06/21/2017 - 03:27:39: [SM]   [1] Line 1823, C:\Users\Ethorbit\Desktop\sourcemodbackup\sourcemod\addons\sourcemod\scripting\autodifficultypatch.sp::FindEntityByTargetName
L 06/21/2017 - 03:27:39: [SM]   [2] Line 1597, C:\Users\Ethorbit\Desktop\sourcemodbackup\sourcemod\addons\sourcemod\scripting\autodifficultypatch.sp::UpdateHeadcrab
L 06/21/2017 - 03:27:39: [SM]   [3] Line 26, C:\Users\Ethorbit\Desktop\sourcemodbackup\sourcemod\addons\sourcemod\scripting\autodifficultypatch.sp::OnClientDisconnect_Post
L 06/21/2017 - 03:51:23: Error log file session closed.
L 06/21/2017 - 03:51:25: SourceMod error session started
L 06/21/2017 - 03:51:25: Info (map "pb_z_area51_m") (file "errors_20170621.log")
L 06/21/2017 - 03:51:25: [SM] Fatal error encountered parsing translation file "customvotes.phrases.txt"
L 06/21/2017 - 03:51:25: [SM] Error (line 0, column 0): Stream failed to open
L 06/21/2017 - 03:51:26: [SM] Fatal error encountered parsing translation file "savescores.phrases.txt"
L 06/21/2017 - 03:51:26: [SM] Error (line 0, column 0): Stream failed to open
L 06/21/2017 - 04:14:21: [SM] Exception reported: Entity 2 (2) is invalid
L 06/21/2017 - 04:14:21: [SM] Blaming: autodifficultypatch.smx
L 06/21/2017 - 04:14:21: [SM] Call stack trace:
L 06/21/2017 - 04:14:21: [SM]   [0] GetEntPropString
L 06/21/2017 - 04:14:21: [SM]   [1] Line 1823, C:\Users\Ethorbit\Desktop\sourcemodbackup\sourcemod\addons\sourcemod\scripting\autodifficultypatch.sp::FindEntityByTargetName
L 06/21/2017 - 04:14:21: [SM]   [2] Line 1681, C:\Users\Ethorbit\Desktop\sourcemodbackup\sourcemod\addons\sourcemod\scripting\autodifficultypatch.sp::UpdateHeadcrab
L 06/21/2017 - 04:14:21: [SM]   [3] Line 26, C:\Users\Ethorbit\Desktop\sourcemodbackup\sourcemod\addons\sourcemod\scripting\autodifficultypatch.sp::OnClientDisconnect_Post
L 06/21/2017 - 04:27:04: [SM] Exception reported: Entity 4 (4) is invalid
L 06/21/2017 - 04:27:04: [SM] Blaming: autodifficultypatch.smx
L 06/21/2017 - 04:27:04: [SM] Call stack trace:
L 06/21/2017 - 04:27:04: [SM]   [0] GetEntPropString
L 06/21/2017 - 04:27:04: [SM]   [1] Line 1823, C:\Users\Ethorbit\Desktop\sourcemodbackup\sourcemod\addons\sourcemod\scripting\autodifficultypatch.sp::FindEntityByTargetName
L 06/21/2017 - 04:27:04: [SM]   [2] Line 1697, C:\Users\Ethorbit\Desktop\sourcemodbackup\sourcemod\addons\sourcemod\scripting\autodifficultypatch.sp::UpdateHeadcrab
L 06/21/2017 - 04:27:04: [SM]   [3] Line 26, C:\Users\Ethorbit\Desktop\sourcemodbackup\sourcemod\addons\sourcemod\scripting\autodifficultypatch.sp::OnClientDisconnect_Post
L 06/21/2017 - 04:40:12: [SM] Exception reported: Entity 3 (3) is invalid
L 06/21/2017 - 04:40:12: [SM] Blaming: autodifficultypatch.smx
L 06/21/2017 - 04:40:12: [SM] Call stack trace:
L 06/21/2017 - 04:40:12: [SM]   [0] GetEntPropString
L 06/21/2017 - 04:40:12: [SM]   [1] Line 1823, C:\Users\Ethorbit\Desktop\sourcemodbackup\sourcemod\addons\sourcemod\scripting\autodifficultypatch.sp::FindEntityByTargetName
L 06/21/2017 - 04:40:12: [SM]   [2] Line 1689, C:\Users\Ethorbit\Desktop\sourcemodbackup\sourcemod\addons\sourcemod\scripting\autodifficultypatch.sp::UpdateHeadcrab
L 06/21/2017 - 04:40:12: [SM]   [3] Line 26, C:\Users\Ethorbit\Desktop\sourcemodbackup\sourcemod\addons\sourcemod\scripting\autodifficultypatch.sp::OnClientDisconnect_Post
L 06/21/2017 - 04:49:41: [SM] Exception reported: Entity 3 (3) is invalid
L 06/21/2017 - 04:49:41: [SM] Blaming: autodifficultypatch.smx
L 06/21/2017 - 04:49:41: [SM] Call stack trace:
L 06/21/2017 - 04:49:41: [SM]   [0] GetEntPropString
L 06/21/2017 - 04:49:41: [SM]   [1] Line 1823, C:\Users\Ethorbit\Desktop\sourcemodbackup\sourcemod\addons\sourcemod\scripting\autodifficultypatch.sp::FindEntityByTargetName
L 06/21/2017 - 04:49:41: [SM]   [2] Line 1689, C:\Users\Ethorbit\Desktop\sourcemodbackup\sourcemod\addons\sourcemod\scripting\autodifficultypatch.sp::UpdateHeadcrab
L 06/21/2017 - 04:49:41: [SM]   [3] Line 26, C:\Users\Ethorbit\Desktop\sourcemodbackup\sourcemod\addons\sourcemod\scripting\autodifficultypatch.sp::OnClientDisconnect_Post
L 06/21/2017 - 04:51:39: [SM] Exception reported: Entity 1 (1) is invalid
L 06/21/2017 - 04:51:39: [SM] Blaming: autodifficultypatch.smx
L 06/21/2017 - 04:51:39: [SM] Call stack trace:
L 06/21/2017 - 04:51:39: [SM]   [0] GetEntPropString
L 06/21/2017 - 04:51:39: [SM]   [1] Line 1823, C:\Users\Ethorbit\Desktop\sourcemodbackup\sourcemod\addons\sourcemod\scripting\autodifficultypatch.sp::FindEntityByTargetName
L 06/21/2017 - 04:51:39: [SM]   [2] Line 1681, C:\Users\Ethorbit\Desktop\sourcemodbackup\sourcemod\addons\sourcemod\scripting\autodifficultypatch.sp::UpdateHeadcrab
L 06/21/2017 - 04:51:39: [SM]   [3] Line 26, C:\Users\Ethorbit\Desktop\sourcemodbackup\sourcemod\addons\sourcemod\scripting\autodifficultypatch.sp::OnClientDisconnect_Post
L 06/21/2017 - 04:51:39: [SM] Exception reported: Entity 2 (2) is invalid
L 06/21/2017 - 04:51:39: [SM] Blaming: autodifficultypatch.smx
L 06/21/2017 - 04:51:39: [SM] Call stack trace:
L 06/21/2017 - 04:51:39: [SM]   [0] GetEntPropString
L 06/21/2017 - 04:51:39: [SM]   [1] Line 1823, C:\Users\Ethorbit\Desktop\sourcemodbackup\sourcemod\addons\sourcemod\scripting\autodifficultypatch.sp::FindEntityByTargetName
L 06/21/2017 - 04:51:39: [SM]   [2] Line 1673, C:\Users\Ethorbit\Desktop\sourcemodbackup\sourcemod\addons\sourcemod\scripting\autodifficultypatch.sp::UpdateHeadcrab
L 06/21/2017 - 04:51:39: [SM]   [3] Line 26, C:\Users\Ethorbit\Desktop\sourcemodbackup\sourcemod\addons\sourcemod\scripting\autodifficultypatch.sp::OnClientDisconnect_Post
L 06/21/2017 - 04:51:41: Error log file session closed.
L 06/21/2017 - 04:51:41: SourceMod error session started
L 06/21/2017 - 04:51:41: Info (map "dm_snowfall_m") (file "errors_20170621.log")
L 06/21/2017 - 04:51:41: [SM] Fatal error encountered parsing translation file "customvotes.phrases.txt"
L 06/21/2017 - 04:51:41: [SM] Error (line 0, column 0): Stream failed to open
L 06/21/2017 - 04:51:41: [SM] Fatal error encountered parsing translation file "savescores.phrases.txt"
L 06/21/2017 - 04:51:41: [SM] Error (line 0, column 0): Stream failed to open
L 06/21/2017 - 05:08:59: [SM] Exception reported: Entity 3 (3) is invalid
L 06/21/2017 - 05:08:59: [SM] Blaming: autodifficultypatch.smx
L 06/21/2017 - 05:08:59: [SM] Call stack trace:
L 06/21/2017 - 05:08:59: [SM]   [0] GetEntPropString
L 06/21/2017 - 05:08:59: [SM]   [1] Line 1823, C:\Users\Ethorbit\Desktop\sourcemodbackup\sourcemod\addons\sourcemod\scripting\autodifficultypatch.sp::FindEntityByTargetName
L 06/21/2017 - 05:08:59: [SM]   [2] Line 452, C:\Users\Ethorbit\Desktop\sourcemodbackup\sourcemod\addons\sourcemod\scripting\autodifficultypatch.sp::UpdateHeadcrab
L 06/21/2017 - 05:08:59: [SM]   [3] Line 26, C:\Users\Ethorbit\Desktop\sourcemodbackup\sourcemod\addons\sourcemod\scripting\autodifficultypatch.sp::OnClientDisconnect_Post
L 06/21/2017 - 05:38:09: [SM] Exception reported: Entity 1 (1) is invalid
L 06/21/2017 - 05:38:09: [SM] Blaming: autodifficultypatch.smx
L 06/21/2017 - 05:38:09: [SM] Call stack trace:
L 06/21/2017 - 05:38:09: [SM]   [0] GetEntPropString
L 06/21/2017 - 05:38:09: [SM]   [1] Line 1823, C:\Users\Ethorbit\Desktop\sourcemodbackup\sourcemod\addons\sourcemod\scripting\autodifficultypatch.sp::FindEntityByTargetName
L 06/21/2017 - 05:38:09: [SM]   [2] Line 444, C:\Users\Ethorbit\Desktop\sourcemodbackup\sourcemod\addons\sourcemod\scripting\autodifficultypatch.sp::UpdateHeadcrab
L 06/21/2017 - 05:38:09: [SM]   [3] Line 26, C:\Users\Ethorbit\Desktop\sourcemodbackup\sourcemod\addons\sourcemod\scripting\autodifficultypatch.sp::OnClientDisconnect_Post
L 06/21/2017 - 05:44:44: [SM] Exception reported: Entity 1 (1) is invalid
L 06/21/2017 - 05:44:44: [SM] Blaming: autodifficultypatch.smx
L 06/21/2017 - 05:44:44: [SM] Call stack trace:
L 06/21/2017 - 05:44:44: [SM]   [0] GetEntPropString
L 06/21/2017 - 05:44:44: [SM]   [1] Line 1823, C:\Users\Ethorbit\Desktop\sourcemodbackup\sourcemod\addons\sourcemod\scripting\autodifficultypatch.sp::FindEntityByTargetName
L 06/21/2017 - 05:44:44: [SM]   [2] Line 444, C:\Users\Ethorbit\Desktop\sourcemodbackup\sourcemod\addons\sourcemod\scripting\autodifficultypatch.sp::UpdateHeadcrab
L 06/21/2017 - 05:44:44: [SM]   [3] Line 26, C:\Users\Ethorbit\Desktop\sourcemodbackup\sourcemod\addons\sourcemod\scripting\autodifficultypatch.sp::OnClientDisconnect_Post
L 06/21/2017 - 05:51:57: Error log file session closed.
L 06/21/2017 - 05:52:12: SourceMod error session started
L 06/21/2017 - 05:52:12: Info (map "pb_z_office_tower_m") (file "errors_20170621.log")
L 06/21/2017 - 05:52:12: [SM] Fatal error encountered parsing translation file "customvotes.phrases.txt"
L 06/21/2017 - 05:52:12: [SM] Error (line 0, column 0): Stream failed to open
L 06/21/2017 - 05:52:16: [SM] Fatal error encountered parsing translation file "savescores.phrases.txt"
L 06/21/2017 - 05:52:16: [SM] Error (line 0, column 0): Stream failed to open
L 06/21/2017 - 06:07:33: [SM] Exception reported: Entity 2 (2) is invalid
L 06/21/2017 - 06:07:33: [SM] Blaming: autodifficultypatch.smx
L 06/21/2017 - 06:07:33: [SM] Call stack trace:
L 06/21/2017 - 06:07:33: [SM]   [0] GetEntPropString
L 06/21/2017 - 06:07:33: [SM]   [1] Line 1823, C:\Users\Ethorbit\Desktop\sourcemodbackup\sourcemod\addons\sourcemod\scripting\autodifficultypatch.sp::FindEntityByTargetName
L 06/21/2017 - 06:07:33: [SM]   [2] Line 578, C:\Users\Ethorbit\Desktop\sourcemodbackup\sourcemod\addons\sourcemod\scripting\autodifficultypatch.sp::UpdateHeadcrab
L 06/21/2017 - 06:07:33: [SM]   [3] Line 26, C:\Users\Ethorbit\Desktop\sourcemodbackup\sourcemod\addons\sourcemod\scripting\autodifficultypatch.sp::OnClientDisconnect_Post
L 06/21/2017 - 06:52:34: Error log file session closed.
L 06/21/2017 - 06:52:34: SourceMod error session started
L 06/21/2017 - 06:52:34: Info (map "pb_z_colony_m") (file "errors_20170621.log")
L 06/21/2017 - 06:52:34: [SM] Fatal error encountered parsing translation file "customvotes.phrases.txt"
L 06/21/2017 - 06:52:34: [SM] Error (line 0, column 0): Stream failed to open
L 06/21/2017 - 06:52:34: [SM] Fatal error encountered parsing translation file "savescores.phrases.txt"
L 06/21/2017 - 06:52:34: [SM] Error (line 0, column 0): Stream failed to open
L 06/21/2017 - 07:21:21: Error log file session closed.
L 06/21/2017 - 07:21:21: SourceMod error session started
L 06/21/2017 - 07:21:21: Info (map "pb_z_disorder_m") (file "errors_20170621.log")
L 06/21/2017 - 07:21:21: [SM] Fatal error encountered parsing translation file "customvotes.phrases.txt"
L 06/21/2017 - 07:21:21: [SM] Error (line 0, column 0): Stream failed to open
L 06/21/2017 - 07:21:21: [SM] Fatal error encountered parsing translation file "savescores.phrases.txt"
L 06/21/2017 - 07:21:21: [SM] Error (line 0, column 0): Stream failed to open
L 06/21/2017 - 07:22:10: [SM] Exception reported: Entity 1 (1) is invalid
L 06/21/2017 - 07:22:10: [SM] Blaming: autodifficultypatch.smx
L 06/21/2017 - 07:22:10: [SM] Call stack trace:
L 06/21/2017 - 07:22:10: [SM]   [0] GetEntPropString
L 06/21/2017 - 07:22:10: [SM]   [1] Line 1823, C:\Users\Ethorbit\Desktop\sourcemodbackup\sourcemod\addons\sourcemod\scripting\autodifficultypatch.sp::FindEntityByTargetName
L 06/21/2017 - 07:22:10: [SM]   [2] Line 846, C:\Users\Ethorbit\Desktop\sourcemodbackup\sourcemod\addons\sourcemod\scripting\autodifficultypatch.sp::UpdateHeadcrab
L 06/21/2017 - 07:22:10: [SM]   [3] Line 26, C:\Users\Ethorbit\Desktop\sourcemodbackup\sourcemod\addons\sourcemod\scripting\autodifficultypatch.sp::OnClientDisconnect_Post
L 06/21/2017 - 07:22:11: Error log file session closed.
L 06/21/2017 - 07:22:11: SourceMod error session started
L 06/21/2017 - 07:22:11: Info (map "dm_thetunnel_v1_m") (file "errors_20170621.log")
L 06/21/2017 - 07:22:11: [SM] Fatal error encountered parsing translation file "customvotes.phrases.txt"
L 06/21/2017 - 07:22:11: [SM] Error (line 0, column 0): Stream failed to open
L 06/21/2017 - 07:22:11: [SM] Fatal error encountered parsing translation file "savescores.phrases.txt"
L 06/21/2017 - 07:22:11: [SM] Error (line 0, column 0): Stream failed to open
L 06/21/2017 - 07:22:54: Error log file session closed.
L 06/21/2017 - 07:22:54: SourceMod error session started
L 06/21/2017 - 07:22:54: Info (map "pb_z_earthquake_m") (file "errors_20170621.log")
L 06/21/2017 - 07:22:54: [SM] Fatal error encountered parsing translation file "customvotes.phrases.txt"
L 06/21/2017 - 07:22:54: [SM] Error (line 0, column 0): Stream failed to open
L 06/21/2017 - 07:22:54: [SM] Fatal error encountered parsing translation file "savescores.phrases.txt"
L 06/21/2017 - 07:22:54: [SM] Error (line 0, column 0): Stream failed to open
L 06/21/2017 - 07:29:47: [SM] Exception reported: Entity 1 (1) is invalid
L 06/21/2017 - 07:29:47: [SM] Blaming: autodifficultypatch.smx
L 06/21/2017 - 07:29:47: [SM] Call stack trace:
L 06/21/2017 - 07:29:47: [SM]   [0] GetEntPropString
L 06/21/2017 - 07:29:47: [SM]   [1] Line 1823, C:\Users\Ethorbit\Desktop\sourcemodbackup\sourcemod\addons\sourcemod\scripting\autodifficultypatch.sp::FindEntityByTargetName
L 06/21/2017 - 07:29:47: [SM]   [2] Line 1221, C:\Users\Ethorbit\Desktop\sourcemodbackup\sourcemod\addons\sourcemod\scripting\autodifficultypatch.sp::UpdateHeadcrab
L 06/21/2017 - 07:29:47: [SM]   [3] Line 26, C:\Users\Ethorbit\Desktop\sourcemodbackup\sourcemod\addons\sourcemod\scripting\autodifficultypatch.sp::OnClientDisconnect_Post
L 06/21/2017 - 08:23:06: Error log file session closed.
L 06/21/2017 - 08:23:06: SourceMod error session started
L 06/21/2017 - 08:23:06: Info (map "z_ravenhell_m") (file "errors_20170621.log")
L 06/21/2017 - 08:23:06: [SM] Fatal error encountered parsing translation file "customvotes.phrases.txt"
L 06/21/2017 - 08:23:06: [SM] Error (line 0, column 0): Stream failed to open
L 06/21/2017 - 08:23:06: [SM] Fatal error encountered parsing translation file "savescores.phrases.txt"
L 06/21/2017 - 08:23:06: [SM] Error (line 0, column 0): Stream failed to open
L 06/21/2017 - 08:25:21: Error log file session closed.
L 06/21/2017 - 08:25:21: SourceMod error session started
L 06/21/2017 - 08:25:21: Info (map "dm_october_m") (file "errors_20170621.log")
L 06/21/2017 - 08:25:21: [SM] Fatal error encountered parsing translation file "customvotes.phrases.txt"
L 06/21/2017 - 08:25:21: [SM] Error (line 0, column 0): Stream failed to open
L 06/21/2017 - 08:25:21: [SM] Fatal error encountered parsing translation file "savescores.phrases.txt"
L 06/21/2017 - 08:25:21: [SM] Error (line 0, column 0): Stream failed to open
L 06/21/2017 - 09:25:35: Error log file session closed.
L 06/21/2017 - 09:25:35: SourceMod error session started
L 06/21/2017 - 09:25:35: Info (map "dm_cave_m") (file "errors_20170621.log")
L 06/21/2017 - 09:25:35: [SM] Fatal error encountered parsing translation file "customvotes.phrases.txt"
L 06/21/2017 - 09:25:35: [SM] Error (line 0, column 0): Stream failed to open
L 06/21/2017 - 09:25:35: [SM] Fatal error encountered parsing translation file "savescores.phrases.txt"
L 06/21/2017 - 09:25:35: [SM] Error (line 0, column 0): Stream failed to open
L 06/21/2017 - 09:43:54: [SM] Exception reported: Entity 1 (1) is invalid
L 06/21/2017 - 09:43:54: [SM] Blaming: autodifficultypatch.smx
L 06/21/2017 - 09:43:54: [SM] Call stack trace:
L 06/21/2017 - 09:43:54: [SM]   [0] GetEntPropString
L 06/21/2017 - 09:43:54: [SM]   [1] Line 1823, C:\Users\Ethorbit\Desktop\sourcemodbackup\sourcemod\addons\sourcemod\scripting\autodifficultypatch.sp::FindEntityByTargetName
L 06/21/2017 - 09:43:54: [SM]   [2] Line 996, C:\Users\Ethorbit\Desktop\sourcemodbackup\sourcemod\addons\sourcemod\scripting\autodifficultypatch.sp::UpdateHeadcrab
L 06/21/2017 - 09:43:54: [SM]   [3] Line 26, C:\Users\Ethorbit\Desktop\sourcemodbackup\sourcemod\addons\sourcemod\scripting\autodifficultypatch.sp::OnClientDisconnect_Post
L 06/21/2017 - 09:43:58: Error log file session closed.
L 06/21/2017 - 09:43:58: SourceMod error session started
L 06/21/2017 - 09:43:58: Info (map "pb_z_high_school_m") (file "errors_20170621.log")
L 06/21/2017 - 09:43:58: [SM] Fatal error encountered parsing translation file "customvotes.phrases.txt"
L 06/21/2017 - 09:43:58: [SM] Error (line 0, column 0): Stream failed to open
L 06/21/2017 - 09:43:58: [SM] Fatal error encountered parsing translation file "savescores.phrases.txt"
L 06/21/2017 - 09:43:58: [SM] Error (line 0, column 0): Stream failed to open
L 06/21/2017 - 09:53:54: [SM] Exception reported: Entity 1 (1) is invalid
L 06/21/2017 - 09:53:54: [SM] Blaming: autodifficultypatch.smx
L 06/21/2017 - 09:53:54: [SM] Call stack trace:
L 06/21/2017 - 09:53:54: [SM]   [0] GetEntPropString
L 06/21/2017 - 09:53:54: [SM]   [1] Line 1823, C:\Users\Ethorbit\Desktop\sourcemodbackup\sourcemod\addons\sourcemod\scripting\autodifficultypatch.sp::FindEntityByTargetName
L 06/21/2017 - 09:53:54: [SM]   [2] Line 1597, C:\Users\Ethorbit\Desktop\sourcemodbackup\sourcemod\addons\sourcemod\scripting\autodifficultypatch.sp::UpdateHeadcrab
L 06/21/2017 - 09:53:54: [SM]   [3] Line 26, C:\Users\Ethorbit\Desktop\sourcemodbackup\sourcemod\addons\sourcemod\scripting\autodifficultypatch.sp::OnClientDisconnect_Post
L 06/21/2017 - 10:27:51: [SM] Exception reported: Entity 1 (1) is invalid
L 06/21/2017 - 10:27:51: [SM] Blaming: autodifficultypatch.smx
L 06/21/2017 - 10:27:51: [SM] Call stack trace:
L 06/21/2017 - 10:27:51: [SM]   [0] GetEntPropString
L 06/21/2017 - 10:27:51: [SM]   [1] Line 1823, C:\Users\Ethorbit\Desktop\sourcemodbackup\sourcemod\addons\sourcemod\scripting\autodifficultypatch.sp::FindEntityByTargetName
L 06/21/2017 - 10:27:51: [SM]   [2] Line 1613, C:\Users\Ethorbit\Desktop\sourcemodbackup\sourcemod\addons\sourcemod\scripting\autodifficultypatch.sp::UpdateHeadcrab
L 06/21/2017 - 10:27:51: [SM]   [3] Line 26, C:\Users\Ethorbit\Desktop\sourcemodbackup\sourcemod\addons\sourcemod\scripting\autodifficultypatch.sp::OnClientDisconnect_Post
L 06/21/2017 - 10:27:51: [SM] Exception reported: Entity 2 (2) is invalid
L 06/21/2017 - 10:27:51: [SM] Blaming: autodifficultypatch.smx
L 06/21/2017 - 10:27:51: [SM] Call stack trace:
L 06/21/2017 - 10:27:51: [SM]   [0] GetEntPropString
L 06/21/2017 - 10:27:51: [SM]   [1] Line 1823, C:\Users\Ethorbit\Desktop\sourcemodbackup\sourcemod\addons\sourcemod\scripting\autodifficultypatch.sp::FindEntityByTargetName
L 06/21/2017 - 10:27:51: [SM]   [2] Line 1605, C:\Users\Ethorbit\Desktop\sourcemodbackup\sourcemod\addons\sourcemod\scripting\autodifficultypatch.sp::UpdateHeadcrab
L 06/21/2017 - 10:27:51: [SM]   [3] Line 26, C:\Users\Ethorbit\Desktop\sourcemodbackup\sourcemod\addons\sourcemod\scripting\autodifficultypatch.sp::OnClientDisconnect_Post
L 06/21/2017 - 10:27:51: [SM] Exception reported: Entity 3 (3) is invalid
L 06/21/2017 - 10:27:51: [SM] Blaming: autodifficultypatch.smx
L 06/21/2017 - 10:27:51: [SM] Call stack trace:
L 06/21/2017 - 10:27:51: [SM]   [0] GetEntPropString
L 06/21/2017 - 10:27:51: [SM]   [1] Line 1823, C:\Users\Ethorbit\Desktop\sourcemodbackup\sourcemod\addons\sourcemod\scripting\autodifficultypatch.sp::FindEntityByTargetName
L 06/21/2017 - 10:27:51: [SM]   [2] Line 1597, C:\Users\Ethorbit\Desktop\sourcemodbackup\sourcemod\addons\sourcemod\scripting\autodifficultypatch.sp::UpdateHeadcrab
L 06/21/2017 - 10:27:51: [SM]   [3] Line 26, C:\Users\Ethorbit\Desktop\sourcemodbackup\sourcemod\addons\sourcemod\scripting\autodifficultypatch.sp::OnClientDisconnect_Post
L 06/21/2017 - 10:27:52: Error log file session closed.
L 06/21/2017 - 10:27:52: SourceMod error session started
L 06/21/2017 - 10:27:52: Info (map "dm_raven_m") (file "errors_20170621.log")
L 06/21/2017 - 10:27:52: [SM] Fatal error encountered parsing translation file "customvotes.phrases.txt"
L 06/21/2017 - 10:27:52: [SM] Error (line 0, column 0): Stream failed to open
L 06/21/2017 - 10:27:52: [SM] Fatal error encountered parsing translation file "savescores.phrases.txt"
L 06/21/2017 - 10:27:52: [SM] Error (line 0, column 0): Stream failed to open
L 06/21/2017 - 10:31:59: [SM] Exception reported: Entity 2 (2) is invalid
L 06/21/2017 - 10:31:59: [SM] Blaming: autodifficultypatch.smx
L 06/21/2017 - 10:31:59: [SM] Call stack trace:
L 06/21/2017 - 10:31:59: [SM]   [0] GetEntPropString
L 06/21/2017 - 10:31:59: [SM]   [1] Line 1823, C:\Users\Ethorbit\Desktop\sourcemodbackup\sourcemod\addons\sourcemod\scripting\autodifficultypatch.sp::FindEntityByTargetName
L 06/21/2017 - 10:31:59: [SM]   [2] Line 1379, C:\Users\Ethorbit\Desktop\sourcemodbackup\sourcemod\addons\sourcemod\scripting\autodifficultypatch.sp::UpdateHeadcrab
L 06/21/2017 - 10:31:59: [SM]   [3] Line 26, C:\Users\Ethorbit\Desktop\sourcemodbackup\sourcemod\addons\sourcemod\scripting\autodifficultypatch.sp::OnClientDisconnect_Post
L 06/21/2017 - 10:31:59: [SM] Exception reported: Entity 3 (3) is invalid
L 06/21/2017 - 10:31:59: [SM] Blaming: autodifficultypatch.smx
L 06/21/2017 - 10:31:59: [SM] Call stack trace:
L 06/21/2017 - 10:31:59: [SM]   [0] GetEntPropString
L 06/21/2017 - 10:31:59: [SM]   [1] Line 1823, C:\Users\Ethorbit\Desktop\sourcemodbackup\sourcemod\addons\sourcemod\scripting\autodifficultypatch.sp::FindEntityByTargetName
L 06/21/2017 - 10:31:59: [SM]   [2] Line 1371, C:\Users\Ethorbit\Desktop\sourcemodbackup\sourcemod\addons\sourcemod\scripting\autodifficultypatch.sp::UpdateHeadcrab
L 06/21/2017 - 10:31:59: [SM]   [3] Line 26, C:\Users\Ethorbit\Desktop\sourcemodbackup\sourcemod\addons\sourcemod\scripting\autodifficultypatch.sp::OnClientDisconnect_Post
L 06/21/2017 - 10:32:04: Error log file session closed.
L 06/21/2017 - 10:32:04: SourceMod error session started
L 06/21/2017 - 10:32:04: Info (map "pb_z_office_tower_v2_m") (file "errors_20170621.log")
L 06/21/2017 - 10:32:04: [SM] Fatal error encountered parsing translation file "customvotes.phrases.txt"
L 06/21/2017 - 10:32:04: [SM] Error (line 0, column 0): Stream failed to open
L 06/21/2017 - 10:32:04: [SM] Fatal error encountered parsing translation file "savescores.phrases.txt"
L 06/21/2017 - 10:32:04: [SM] Error (line 0, column 0): Stream failed to open
L 06/21/2017 - 10:33:34: [SM] Exception reported: Entity 2 (2) is invalid
L 06/21/2017 - 10:33:34: [SM] Blaming: autodifficultypatch.smx
L 06/21/2017 - 10:33:34: [SM] Call stack trace:
L 06/21/2017 - 10:33:34: [SM]   [0] GetEntPropString
L 06/21/2017 - 10:33:34: [SM]   [1] Line 1823, C:\Users\Ethorbit\Desktop\sourcemodbackup\sourcemod\addons\sourcemod\scripting\autodifficultypatch.sp::FindEntityByTargetName
L 06/21/2017 - 10:33:34: [SM]   [2] Line 712, C:\Users\Ethorbit\Desktop\sourcemodbackup\sourcemod\addons\sourcemod\scripting\autodifficultypatch.sp::UpdateHeadcrab
L 06/21/2017 - 10:33:34: [SM]   [3] Line 26, C:\Users\Ethorbit\Desktop\sourcemodbackup\sourcemod\addons\sourcemod\scripting\autodifficultypatch.sp::OnClientDisconnect_Post
L 06/21/2017 - 10:33:34: Error log file session closed.
L 06/21/2017 - 10:33:34: SourceMod error session started
L 06/21/2017 - 10:33:34: Info (map "dm_thetunnel_v1_m") (file "errors_20170621.log")
L 06/21/2017 - 10:33:34: [SM] Fatal error encountered parsing translation file "customvotes.phrases.txt"
L 06/21/2017 - 10:33:34: [SM] Error (line 0, column 0): Stream failed to open
L 06/21/2017 - 10:33:34: [SM] Fatal error encountered parsing translation file "savescores.phrases.txt"
L 06/21/2017 - 10:33:34: [SM] Error (line 0, column 0): Stream failed to open
L 06/21/2017 - 10:43:20: [SM] Exception reported: Entity 2 (2) is invalid
L 06/21/2017 - 10:43:20: [SM] Blaming: autodifficultypatch.smx
L 06/21/2017 - 10:43:20: [SM] Call stack trace:
L 06/21/2017 - 10:43:20: [SM]   [0] GetEntPropString
L 06/21/2017 - 10:43:20: [SM]   [1] Line 1823, C:\Users\Ethorbit\Desktop\sourcemodbackup\sourcemod\addons\sourcemod\scripting\autodifficultypatch.sp::FindEntityByTargetName
L 06/21/2017 - 10:43:20: [SM]   [2] Line 310, C:\Users\Ethorbit\Desktop\sourcemodbackup\sourcemod\addons\sourcemod\scripting\autodifficultypatch.sp::UpdateHeadcrab
L 06/21/2017 - 10:43:20: [SM]   [3] Line 26, C:\Users\Ethorbit\Desktop\sourcemodbackup\sourcemod\addons\sourcemod\scripting\autodifficultypatch.sp::OnClientDisconnect_Post
L 06/21/2017 - 10:43:20: Error log file session closed.
L 06/21/2017 - 10:43:20: SourceMod error session started
L 06/21/2017 - 10:43:20: Info (map "pb_z_disorder_m") (file "errors_20170621.log")
L 06/21/2017 - 10:43:20: [SM] Fatal error encountered parsing translation file "customvotes.phrases.txt"
L 06/21/2017 - 10:43:20: [SM] Error (line 0, column 0): Stream failed to open
L 06/21/2017 - 10:43:20: [SM] Fatal error encountered parsing translation file "savescores.phrases.txt"
L 06/21/2017 - 10:43:20: [SM] Error (line 0, column 0): Stream failed to open
L 06/21/2017 - 10:44:55: [SM] Exception reported: Entity 2 (2) is invalid
L 06/21/2017 - 10:44:55: [SM] Blaming: autodifficultypatch.smx
L 06/21/2017 - 10:44:55: [SM] Call stack trace:
L 06/21/2017 - 10:44:55: [SM]   [0] GetEntPropString
L 06/21/2017 - 10:44:55: [SM]   [1] Line 1823, C:\Users\Ethorbit\Desktop\sourcemodbackup\sourcemod\addons\sourcemod\scripting\autodifficultypatch.sp::FindEntityByTargetName
L 06/21/2017 - 10:44:55: [SM]   [2] Line 854, C:\Users\Ethorbit\Desktop\sourcemodbackup\sourcemod\addons\sourcemod\scripting\autodifficultypatch.sp::UpdateHeadcrab
L 06/21/2017 - 10:44:55: [SM]   [3] Line 26, C:\Users\Ethorbit\Desktop\sourcemodbackup\sourcemod\addons\sourcemod\scripting\autodifficultypatch.sp::OnClientDisconnect_Post
L 06/21/2017 - 10:44:55: [SM] Exception reported: Entity 3 (3) is invalid
L 06/21/2017 - 10:44:55: [SM] Blaming: autodifficultypatch.smx
L 06/21/2017 - 10:44:55: [SM] Call stack trace:
L 06/21/2017 - 10:44:55: [SM]   [0] GetEntPropString
L 06/21/2017 - 10:44:55: [SM]   [1] Line 1823, C:\Users\Ethorbit\Desktop\sourcemodbackup\sourcemod\addons\sourcemod\scripting\autodifficultypatch.sp::FindEntityByTargetName
L 06/21/2017 - 10:44:55: [SM]   [2] Line 846, C:\Users\Ethorbit\Desktop\sourcemodbackup\sourcemod\addons\sourcemod\scripting\autodifficultypatch.sp::UpdateHeadcrab
L 06/21/2017 - 10:44:55: [SM]   [3] Line 26, C:\Users\Ethorbit\Desktop\sourcemodbackup\sourcemod\addons\sourcemod\scripting\autodifficultypatch.sp::OnClientDisconnect_Post
L 06/21/2017 - 10:44:56: Error log file session closed.
L 06/21/2017 - 10:44:56: SourceMod error session started
L 06/21/2017 - 10:44:56: Info (map "z_ravenhell_m") (file "errors_20170621.log")
L 06/21/2017 - 10:44:56: [SM] Fatal error encountered parsing translation file "customvotes.phrases.txt"
L 06/21/2017 - 10:44:56: [SM] Error (line 0, column 0): Stream failed to open
L 06/21/2017 - 10:44:56: [SM] Fatal error encountered parsing translation file "savescores.phrases.txt"
L 06/21/2017 - 10:44:56: [SM] Error (line 0, column 0): Stream failed to open
L 06/21/2017 - 10:46:06: [SM] Exception reported: Entity 2 (2) is invalid
L 06/21/2017 - 10:46:06: [SM] Blaming: autodifficultypatch.smx
L 06/21/2017 - 10:46:06: [SM] Call stack trace:
L 06/21/2017 - 10:46:06: [SM]   [0] GetEntPropString
L 06/21/2017 - 10:46:06: [SM]   [1] Line 1823, C:\Users\Ethorbit\Desktop\sourcemodbackup\sourcemod\addons\sourcemod\scripting\autodifficultypatch.sp::FindEntityByTargetName
L 06/21/2017 - 10:46:06: [SM]   [2] Line 176, C:\Users\Ethorbit\Desktop\sourcemodbackup\sourcemod\addons\sourcemod\scripting\autodifficultypatch.sp::UpdateHeadcrab
L 06/21/2017 - 10:46:06: [SM]   [3] Line 26, C:\Users\Ethorbit\Desktop\sourcemodbackup\sourcemod\addons\sourcemod\scripting\autodifficultypatch.sp::OnClientDisconnect_Post
L 06/21/2017 - 10:46:09: Error log file session closed.
L 06/21/2017 - 10:46:09: SourceMod error session started
L 06/21/2017 - 10:46:09: Info (map "dm_hellsdistrict_m") (file "errors_20170621.log")
L 06/21/2017 - 10:46:09: [SM] Fatal error encountered parsing translation file "customvotes.phrases.txt"
L 06/21/2017 - 10:46:09: [SM] Error (line 0, column 0): Stream failed to open
L 06/21/2017 - 10:46:09: [SM] Fatal error encountered parsing translation file "savescores.phrases.txt"
L 06/21/2017 - 10:46:09: [SM] Error (line 0, column 0): Stream failed to open
L 06/21/2017 - 10:47:50: Error log file session closed.
L 06/21/2017 - 10:47:50: SourceMod error session started
L 06/21/2017 - 10:47:50: Info (map "pb_z_underground_m") (file "errors_20170621.log")
L 06/21/2017 - 10:47:50: [SM] Fatal error encountered parsing translation file "customvotes.phrases.txt"
L 06/21/2017 - 10:47:50: [SM] Error (line 0, column 0): Stream failed to open
L 06/21/2017 - 10:47:50: [SM] Fatal error encountered parsing translation file "savescores.phrases.txt"
L 06/21/2017 - 10:47:50: [SM] Error (line 0, column 0): Stream failed to open
L 06/21/2017 - 10:53:43: [SM] Exception reported: Entity 2 (2) is invalid
L 06/21/2017 - 10:53:43: [SM] Blaming: autodifficultypatch.smx
L 06/21/2017 - 10:53:43: [SM] Call stack trace:
L 06/21/2017 - 10:53:43: [SM]   [0] GetEntPropString
L 06/21/2017 - 10:53:43: [SM]   [1] Line 1823, C:\Users\Ethorbit\Desktop\sourcemodbackup\sourcemod\addons\sourcemod\scripting\autodifficultypatch.sp::FindEntityByTargetName
L 06/21/2017 - 10:53:43: [SM]   [2] Line 929, C:\Users\Ethorbit\Desktop\sourcemodbackup\sourcemod\addons\sourcemod\scripting\autodifficultypatch.sp::UpdateHeadcrab
L 06/21/2017 - 10:53:43: [SM]   [3] Line 26, C:\Users\Ethorbit\Desktop\sourcemodbackup\sourcemod\addons\sourcemod\scripting\autodifficultypatch.sp::OnClientDisconnect_Post
L 06/21/2017 - 10:53:43: [SM] Exception reported: Entity 3 (3) is invalid
L 06/21/2017 - 10:53:43: [SM] Blaming: autodifficultypatch.smx
L 06/21/2017 - 10:53:43: [SM] Call stack trace:
L 06/21/2017 - 10:53:43: [SM]   [0] GetEntPropString
L 06/21/2017 - 10:53:43: [SM]   [1] Line 1823, C:\Users\Ethorbit\Desktop\sourcemodbackup\sourcemod\addons\sourcemod\scripting\autodifficultypatch.sp::FindEntityByTargetName
L 06/21/2017 - 10:53:43: [SM]   [2] Line 921, C:\Users\Ethorbit\Desktop\sourcemodbackup\sourcemod\addons\sourcemod\scripting\autodifficultypatch.sp::UpdateHeadcrab
L 06/21/2017 - 10:53:43: [SM]   [3] Line 26, C:\Users\Ethorbit\Desktop\sourcemodbackup\sourcemod\addons\sourcemod\scripting\autodifficultypatch.sp::OnClientDisconnect_Post
L 06/21/2017 - 10:53:44: Error log file session closed.
L 06/21/2017 - 10:53:44: SourceMod error session started
L 06/21/2017 - 10:53:44: Info (map "pb_z_area51_m") (file "errors_20170621.log")
L 06/21/2017 - 10:53:44: [SM] Fatal error encountered parsing translation file "customvotes.phrases.txt"
L 06/21/2017 - 10:53:44: [SM] Error (line 0, column 0): Stream failed to open
L 06/21/2017 - 10:53:44: [SM] Fatal error encountered parsing translation file "savescores.phrases.txt"
L 06/21/2017 - 10:53:44: [SM] Error (line 0, column 0): Stream failed to open
L 06/21/2017 - 11:01:31: [SM] Exception reported: Entity 2 (2) is invalid
L 06/21/2017 - 11:01:31: [SM] Blaming: autodifficultypatch.smx
L 06/21/2017 - 11:01:31: [SM] Call stack trace:
L 06/21/2017 - 11:01:31: [SM]   [0] GetEntPropString
L 06/21/2017 - 11:01:31: [SM]   [1] Line 1823, C:\Users\Ethorbit\Desktop\sourcemodbackup\sourcemod\addons\sourcemod\scripting\autodifficultypatch.sp::FindEntityByTargetName
L 06/21/2017 - 11:01:31: [SM]   [2] Line 1681, C:\Users\Ethorbit\Desktop\sourcemodbackup\sourcemod\addons\sourcemod\scripting\autodifficultypatch.sp::UpdateHeadcrab
L 06/21/2017 - 11:01:31: [SM]   [3] Line 26, C:\Users\Ethorbit\Desktop\sourcemodbackup\sourcemod\addons\sourcemod\scripting\autodifficultypatch.sp::OnClientDisconnect_Post
L 06/21/2017 - 11:01:31: [SM] Exception reported: Entity 3 (3) is invalid
L 06/21/2017 - 11:01:31: [SM] Blaming: autodifficultypatch.smx
L 06/21/2017 - 11:01:31: [SM] Call stack trace:
L 06/21/2017 - 11:01:31: [SM]   [0] GetEntPropString
L 06/21/2017 - 11:01:31: [SM]   [1] Line 1823, C:\Users\Ethorbit\Desktop\sourcemodbackup\sourcemod\addons\sourcemod\scripting\autodifficultypatch.sp::FindEntityByTargetName
L 06/21/2017 - 11:01:31: [SM]   [2] Line 1673, C:\Users\Ethorbit\Desktop\sourcemodbackup\sourcemod\addons\sourcemod\scripting\autodifficultypatch.sp::UpdateHeadcrab
L 06/21/2017 - 11:01:31: [SM]   [3] Line 26, C:\Users\Ethorbit\Desktop\sourcemodbackup\sourcemod\addons\sourcemod\scripting\autodifficultypatch.sp::OnClientDisconnect_Post
L 06/21/2017 - 11:01:31: Error log file session closed.
L 06/21/2017 - 11:01:31: SourceMod error session started
L 06/21/2017 - 11:01:31: Info (map "pb_z_colony_m") (file "errors_20170621.log")
L 06/21/2017 - 11:01:31: [SM] Fatal error encountered parsing translation file "customvotes.phrases.txt"
L 06/21/2017 - 11:01:31: [SM] Error (line 0, column 0): Stream failed to open
L 06/21/2017 - 11:01:31: [SM] Fatal error encountered parsing translation file "savescores.phrases.txt"
L 06/21/2017 - 11:01:31: [SM] Error (line 0, column 0): Stream failed to open
L 06/21/2017 - 11:08:54: [SM] Exception reported: Entity 1 (1) is invalid
L 06/21/2017 - 11:08:54: [SM] Blaming: autodifficultypatch.smx
L 06/21/2017 - 11:08:54: [SM] Call stack trace:
L 06/21/2017 - 11:08:54: [SM]   [0] GetEntPropString
L 06/21/2017 - 11:08:54: [SM]   [1] Line 1823, C:\Users\Ethorbit\Desktop\sourcemodbackup\sourcemod\addons\sourcemod\scripting\autodifficultypatch.sp::FindEntityByTargetName
L 06/21/2017 - 11:08:54: [SM]   [2] Line 779, C:\Users\Ethorbit\Desktop\sourcemodbackup\sourcemod\addons\sourcemod\scripting\autodifficultypatch.sp::UpdateHeadcrab
L 06/21/2017 - 11:08:54: [SM]   [3] Line 26, C:\Users\Ethorbit\Desktop\sourcemodbackup\sourcemod\addons\sourcemod\scripting\autodifficultypatch.sp::OnClientDisconnect_Post
L 06/21/2017 - 11:35:20: [SM] Exception reported: Entity 3 (3) is invalid
L 06/21/2017 - 11:35:20: [SM] Blaming: autodifficultypatch.smx
L 06/21/2017 - 11:35:20: [SM] Call stack trace:
L 06/21/2017 - 11:35:20: [SM]   [0] GetEntPropString
L 06/21/2017 - 11:35:20: [SM]   [1] Line 1823, C:\Users\Ethorbit\Desktop\sourcemodbackup\sourcemod\addons\sourcemod\scripting\autodifficultypatch.sp::FindEntityByTargetName
L 06/21/2017 - 11:35:20: [SM]   [2] Line 787, C:\Users\Ethorbit\Desktop\sourcemodbackup\sourcemod\addons\sourcemod\scripting\autodifficultypatch.sp::UpdateHeadcrab
L 06/21/2017 - 11:35:20: [SM]   [3] Line 26, C:\Users\Ethorbit\Desktop\sourcemodbackup\sourcemod\addons\sourcemod\scripting\autodifficultypatch.sp::OnClientDisconnect_Post
L 06/21/2017 - 11:39:50: [SM] Exception reported: Entity 1 (1) is invalid
L 06/21/2017 - 11:39:50: [SM] Blaming: autodifficultypatch.smx
L 06/21/2017 - 11:39:50: [SM] Call stack trace:
L 06/21/2017 - 11:39:50: [SM]   [0] GetEntPropString
L 06/21/2017 - 11:39:50: [SM]   [1] Line 1823, C:\Users\Ethorbit\Desktop\sourcemodbackup\sourcemod\addons\sourcemod\scripting\autodifficultypatch.sp::FindEntityByTargetName
L 06/21/2017 - 11:39:50: [SM]   [2] Line 787, C:\Users\Ethorbit\Desktop\sourcemodbackup\sourcemod\addons\sourcemod\scripting\autodifficultypatch.sp::UpdateHeadcrab
L 06/21/2017 - 11:39:50: [SM]   [3] Line 26, C:\Users\Ethorbit\Desktop\sourcemodbackup\sourcemod\addons\sourcemod\scripting\autodifficultypatch.sp::OnClientDisconnect_Post
L 06/21/2017 - 11:39:50: [SM] Exception reported: Entity 2 (2) is invalid
L 06/21/2017 - 11:39:50: [SM] Blaming: autodifficultypatch.smx
L 06/21/2017 - 11:39:50: [SM] Call stack trace:
L 06/21/2017 - 11:39:50: [SM]   [0] GetEntPropString
L 06/21/2017 - 11:39:50: [SM]   [1] Line 1823, C:\Users\Ethorbit\Desktop\sourcemodbackup\sourcemod\addons\sourcemod\scripting\autodifficultypatch.sp::FindEntityByTargetName
L 06/21/2017 - 11:39:50: [SM]   [2] Line 779, C:\Users\Ethorbit\Desktop\sourcemodbackup\sourcemod\addons\sourcemod\scripting\autodifficultypatch.sp::UpdateHeadcrab
L 06/21/2017 - 11:39:50: [SM]   [3] Line 26, C:\Users\Ethorbit\Desktop\sourcemodbackup\sourcemod\addons\sourcemod\scripting\autodifficultypatch.sp::OnClientDisconnect_Post
L 06/21/2017 - 11:39:52: Error log file session closed.
L 06/21/2017 - 11:39:52: SourceMod error session started
L 06/21/2017 - 11:39:52: Info (map "dm_coldruins_rc1_m") (file "errors_20170621.log")
L 06/21/2017 - 11:39:52: [SM] Fatal error encountered parsing translation file "customvotes.phrases.txt"
L 06/21/2017 - 11:39:52: [SM] Error (line 0, column 0): Stream failed to open
L 06/21/2017 - 11:39:52: [SM] Fatal error encountered parsing translation file "savescores.phrases.txt"
L 06/21/2017 - 11:39:52: [SM] Error (line 0, column 0): Stream failed to open
L 06/21/2017 - 11:42:43: [SM] Exception reported: Entity 1 (1) is invalid
L 06/21/2017 - 11:42:43: [SM] Blaming: autodifficultypatch.smx
L 06/21/2017 - 11:42:43: [SM] Call stack trace:
L 06/21/2017 - 11:42:43: [SM]   [0] GetEntPropString
L 06/21/2017 - 11:42:43: [SM]   [1] Line 1823, C:\Users\Ethorbit\Desktop\sourcemodbackup\sourcemod\addons\sourcemod\scripting\autodifficultypatch.sp::FindEntityByTargetName
L 06/21/2017 - 11:42:43: [SM]   [2] Line 1079, C:\Users\Ethorbit\Desktop\sourcemodbackup\sourcemod\addons\sourcemod\scripting\autodifficultypatch.sp::UpdateHeadcrab
L 06/21/2017 - 11:42:43: [SM]   [3] Line 26, C:\Users\Ethorbit\Desktop\sourcemodbackup\sourcemod\addons\sourcemod\scripting\autodifficultypatch.sp::OnClientDisconnect_Post
L 06/21/2017 - 11:43:03: [SM] Exception reported: Entity 2 (2) is invalid
L 06/21/2017 - 11:43:03: [SM] Blaming: autodifficultypatch.smx
L 06/21/2017 - 11:43:03: [SM] Call stack trace:
L 06/21/2017 - 11:43:03: [SM]   [0] GetEntPropString
L 06/21/2017 - 11:43:03: [SM]   [1] Line 1823, C:\Users\Ethorbit\Desktop\sourcemodbackup\sourcemod\addons\sourcemod\scripting\autodifficultypatch.sp::FindEntityByTargetName
L 06/21/2017 - 11:43:03: [SM]   [2] Line 1071, C:\Users\Ethorbit\Desktop\sourcemodbackup\sourcemod\addons\sourcemod\scripting\autodifficultypatch.sp::UpdateHeadcrab
L 06/21/2017 - 11:43:03: [SM]   [3] Line 26, C:\Users\Ethorbit\Desktop\sourcemodbackup\sourcemod\addons\sourcemod\scripting\autodifficultypatch.sp::OnClientDisconnect_Post
L 06/21/2017 - 11:46:17: [SM] Exception reported: Entity 1 (1) is invalid
L 06/21/2017 - 11:46:17: [SM] Blaming: autodifficultypatch.smx
L 06/21/2017 - 11:46:17: [SM] Call stack trace:
L 06/21/2017 - 11:46:17: [SM]   [0] GetEntPropString
L 06/21/2017 - 11:46:17: [SM]   [1] Line 1823, C:\Users\Ethorbit\Desktop\sourcemodbackup\sourcemod\addons\sourcemod\scripting\autodifficultypatch.sp::FindEntityByTargetName
L 06/21/2017 - 11:46:17: [SM]   [2] Line 1071, C:\Users\Ethorbit\Desktop\sourcemodbackup\sourcemod\addons\sourcemod\scripting\autodifficultypatch.sp::UpdateHeadcrab
L 06/21/2017 - 11:46:17: [SM]   [3] Line 26, C:\Users\Ethorbit\Desktop\sourcemodbackup\sourcemod\addons\sourcemod\scripting\autodifficultypatch.sp::OnClientDisconnect_Post
L 06/21/2017 - 11:46:19: Error log file session closed.
L 06/21/2017 - 11:46:19: SourceMod error session started
L 06/21/2017 - 11:46:19: Info (map "dm_central_station_v1_m") (file "errors_20170621.log")
L 06/21/2017 - 11:46:19: [SM] Fatal error encountered parsing translation file "customvotes.phrases.txt"
L 06/21/2017 - 11:46:19: [SM] Error (line 0, column 0): Stream failed to open
L 06/21/2017 - 11:46:19: [SM] Fatal error encountered parsing translation file "savescores.phrases.txt"
L 06/21/2017 - 11:46:19: [SM] Error (line 0, column 0): Stream failed to open
L 06/21/2017 - 11:50:06: Error log file session closed.
L 06/21/2017 - 11:50:06: SourceMod error session started
L 06/21/2017 - 11:50:06: Info (map "pb_z_earthquake_m") (file "errors_20170621.log")
L 06/21/2017 - 11:50:06: [SM] Fatal error encountered parsing translation file "customvotes.phrases.txt"
L 06/21/2017 - 11:50:06: [SM] Error (line 0, column 0): Stream failed to open
L 06/21/2017 - 11:50:06: [SM] Fatal error encountered parsing translation file "savescores.phrases.txt"
L 06/21/2017 - 11:50:06: [SM] Error (line 0, column 0): Stream failed to open
L 06/21/2017 - 11:54:10: [SM] Exception reported: Entity 1 (1) is invalid
L 06/21/2017 - 11:54:10: [SM] Blaming: autodifficultypatch.smx
L 06/21/2017 - 11:54:10: [SM] Call stack trace:
L 06/21/2017 - 11:54:10: [SM]   [0] GetEntPropString
L 06/21/2017 - 11:54:10: [SM]   [1] Line 1823, C:\Users\Ethorbit\Desktop\sourcemodbackup\sourcemod\addons\sourcemod\scripting\autodifficultypatch.sp::FindEntityByTargetName
L 06/21/2017 - 11:54:10: [SM]   [2] Line 1221, C:\Users\Ethorbit\Desktop\sourcemodbackup\sourcemod\addons\sourcemod\scripting\autodifficultypatch.sp::UpdateHeadcrab
L 06/21/2017 - 11:54:10: [SM]   [3] Line 26, C:\Users\Ethorbit\Desktop\sourcemodbackup\sourcemod\addons\sourcemod\scripting\autodifficultypatch.sp::OnClientDisconnect_Post
L 06/21/2017 - 11:54:10: Error log file session closed.
L 06/21/2017 - 11:54:10: SourceMod error session started
L 06/21/2017 - 11:54:10: Info (map "pb_z_disorder_m") (file "errors_20170621.log")
L 06/21/2017 - 11:54:10: [SM] Fatal error encountered parsing translation file "customvotes.phrases.txt"
L 06/21/2017 - 11:54:10: [SM] Error (line 0, column 0): Stream failed to open
L 06/21/2017 - 11:54:10: [SM] Fatal error encountered parsing translation file "savescores.phrases.txt"
L 06/21/2017 - 11:54:10: [SM] Error (line 0, column 0): Stream failed to open
L 06/21/2017 - 11:56:27: [SM] Exception reported: Entity 2 (2) is invalid
L 06/21/2017 - 11:56:27: [SM] Blaming: autodifficultypatch.smx
L 06/21/2017 - 11:56:27: [SM] Call stack trace:
L 06/21/2017 - 11:56:27: [SM]   [0] GetEntPropString
L 06/21/2017 - 11:56:27: [SM]   [1] Line 1823, C:\Users\Ethorbit\Desktop\sourcemodbackup\sourcemod\addons\sourcemod\scripting\autodifficultypatch.sp::FindEntityByTargetName
L 06/21/2017 - 11:56:27: [SM]   [2] Line 854, C:\Users\Ethorbit\Desktop\sourcemodbackup\sourcemod\addons\sourcemod\scripting\autodifficultypatch.sp::UpdateHeadcrab
L 06/21/2017 - 11:56:27: [SM]   [3] Line 26, C:\Users\Ethorbit\Desktop\sourcemodbackup\sourcemod\addons\sourcemod\scripting\autodifficultypatch.sp::OnClientDisconnect_Post
L 06/21/2017 - 11:57:35: [SM] Exception reported: Entity 1 (1) is invalid
L 06/21/2017 - 11:57:35: [SM] Blaming: autodifficultypatch.smx
L 06/21/2017 - 11:57:35: [SM] Call stack trace:
L 06/21/2017 - 11:57:35: [SM]   [0] GetEntPropString
L 06/21/2017 - 11:57:35: [SM]   [1] Line 1823, C:\Users\Ethorbit\Desktop\sourcemodbackup\sourcemod\addons\sourcemod\scripting\autodifficultypatch.sp::FindEntityByTargetName
L 06/21/2017 - 11:57:35: [SM]   [2] Line 846, C:\Users\Ethorbit\Desktop\sourcemodbackup\sourcemod\addons\sourcemod\scripting\autodifficultypatch.sp::UpdateHeadcrab
L 06/21/2017 - 11:57:35: [SM]   [3] Line 26, C:\Users\Ethorbit\Desktop\sourcemodbackup\sourcemod\addons\sourcemod\scripting\autodifficultypatch.sp::OnClientDisconnect_Post
L 06/21/2017 - 11:57:35: Error log file session closed.
L 06/21/2017 - 11:57:35: SourceMod error session started
L 06/21/2017 - 11:57:35: Info (map "pb_z_underground_m") (file "errors_20170621.log")
L 06/21/2017 - 11:57:35: [SM] Fatal error encountered parsing translation file "customvotes.phrases.txt"
L 06/21/2017 - 11:57:35: [SM] Error (line 0, column 0): Stream failed to open
L 06/21/2017 - 11:57:35: [SM] Fatal error encountered parsing translation file "savescores.phrases.txt"
L 06/21/2017 - 11:57:35: [SM] Error (line 0, column 0): Stream failed to open
L 06/21/2017 - 12:00:30: [SM] Exception reported: Entity 1 (1) is invalid
L 06/21/2017 - 12:00:30: [SM] Blaming: autodifficultypatch.smx
L 06/21/2017 - 12:00:30: [SM] Call stack trace:
L 06/21/2017 - 12:00:30: [SM]   [0] GetEntPropString
L 06/21/2017 - 12:00:30: [SM]   [1] Line 1823, C:\Users\Ethorbit\Desktop\sourcemodbackup\sourcemod\addons\sourcemod\scripting\autodifficultypatch.sp::FindEntityByTargetName
L 06/21/2017 - 12:00:30: [SM]   [2] Line 921, C:\Users\Ethorbit\Desktop\sourcemodbackup\sourcemod\addons\sourcemod\scripting\autodifficultypatch.sp::UpdateHeadcrab
L 06/21/2017 - 12:00:30: [SM]   [3] Line 26, C:\Users\Ethorbit\Desktop\sourcemodbackup\sourcemod\addons\sourcemod\scripting\autodifficultypatch.sp::OnClientDisconnect_Post
L 06/21/2017 - 12:00:30: Error log file session closed.
L 06/21/2017 - 12:00:30: SourceMod error session started
L 06/21/2017 - 12:00:30: Info (map "dm_october_m") (file "errors_20170621.log")
L 06/21/2017 - 12:00:30: [SM] Fatal error encountered parsing translation file "customvotes.phrases.txt"
L 06/21/2017 - 12:00:30: [SM] Error (line 0, column 0): Stream failed to open
L 06/21/2017 - 12:00:30: [SM] Fatal error encountered parsing translation file "savescores.phrases.txt"
L 06/21/2017 - 12:00:30: [SM] Error (line 0, column 0): Stream failed to open
L 06/21/2017 - 12:18:13: Error log file session closed.
L 06/21/2017 - 12:18:13: SourceMod error session started
L 06/21/2017 - 12:18:13: Info (map "pb_z_area51_m") (file "errors_20170621.log")
L 06/21/2017 - 12:18:13: [SM] Fatal error encountered parsing translation file "customvotes.phrases.txt"
L 06/21/2017 - 12:18:13: [SM] Error (line 0, column 0): Stream failed to open
L 06/21/2017 - 12:18:13: [SM] Fatal error encountered parsing translation file "savescores.phrases.txt"
L 06/21/2017 - 12:18:13: [SM] Error (line 0, column 0): Stream failed to open
L 06/21/2017 - 12:21:45: Error log file session closed.
L 06/21/2017 - 12:21:45: SourceMod error session started
L 06/21/2017 - 12:21:45: Info (map "dm_hellsdistrict_m") (file "errors_20170621.log")
L 06/21/2017 - 12:21:45: [SM] Fatal error encountered parsing translation file "customvotes.phrases.txt"
L 06/21/2017 - 12:21:45: [SM] Error (line 0, column 0): Stream failed to open
L 06/21/2017 - 12:21:45: [SM] Fatal error encountered parsing translation file "savescores.phrases.txt"
L 06/21/2017 - 12:21:45: [SM] Error (line 0, column 0): Stream failed to open
L 06/21/2017 - 12:58:25: Error log file session closed.
L 06/21/2017 - 12:58:25: SourceMod error session started
L 06/21/2017 - 12:58:25: Info (map "pb_z_colony_m") (file "errors_20170621.log")
L 06/21/2017 - 12:58:25: [SM] Fatal error encountered parsing translation file "customvotes.phrases.txt"
L 06/21/2017 - 12:58:25: [SM] Error (line 0, column 0): Stream failed to open
L 06/21/2017 - 12:58:25: [SM] Fatal error encountered parsing translation file "savescores.phrases.txt"
L 06/21/2017 - 12:58:25: [SM] Error (line 0, column 0): Stream failed to open
L 06/21/2017 - 13:07:19: Error log file session closed.
L 06/21/2017 - 13:07:19: SourceMod error session started
L 06/21/2017 - 13:07:19: Info (map "dm_snowfall_m") (file "errors_20170621.log")
L 06/21/2017 - 13:07:19: [SM] Fatal error encountered parsing translation file "customvotes.phrases.txt"
L 06/21/2017 - 13:07:19: [SM] Error (line 0, column 0): Stream failed to open
L 06/21/2017 - 13:07:19: [SM] Fatal error encountered parsing translation file "savescores.phrases.txt"
L 06/21/2017 - 13:07:19: [SM] Error (line 0, column 0): Stream failed to open
L 06/21/2017 - 13:09:34: Error log file session closed.
L 06/21/2017 - 13:09:34: SourceMod error session started
L 06/21/2017 - 13:09:34: Info (map "pb_z_hometown1999_m") (file "errors_20170621.log")
L 06/21/2017 - 13:09:34: [SM] Fatal error encountered parsing translation file "customvotes.phrases.txt"
L 06/21/2017 - 13:09:34: [SM] Error (line 0, column 0): Stream failed to open
L 06/21/2017 - 13:09:34: [SM] Fatal error encountered parsing translation file "savescores.phrases.txt"
L 06/21/2017 - 13:09:34: [SM] Error (line 0, column 0): Stream failed to open
L 06/21/2017 - 13:10:31: Error log file session closed.
L 06/21/2017 - 13:10:31: SourceMod error session started
L 06/21/2017 - 13:10:31: Info (map "pb_z_high_school_m") (file "errors_20170621.log")
L 06/21/2017 - 13:10:31: [SM] Fatal error encountered parsing translation file "customvotes.phrases.txt"
L 06/21/2017 - 13:10:31: [SM] Error (line 0, column 0): Stream failed to open
L 06/21/2017 - 13:10:31: [SM] Fatal error encountered parsing translation file "savescores.phrases.txt"
L 06/21/2017 - 13:10:31: [SM] Error (line 0, column 0): Stream failed to open
L 06/21/2017 - 14:01:58: Error log file session closed.
L 06/21/2017 - 14:01:58: SourceMod error session started
L 06/21/2017 - 14:01:58: Info (map "pb_z_industry_m") (file "errors_20170621.log")
L 06/21/2017 - 14:01:58: [SM] Fatal error encountered parsing translation file "customvotes.phrases.txt"
L 06/21/2017 - 14:01:58: [SM] Error (line 0, column 0): Stream failed to open
L 06/21/2017 - 14:01:58: [SM] Fatal error encountered parsing translation file "savescores.phrases.txt"
L 06/21/2017 - 14:01:58: [SM] Error (line 0, column 0): Stream failed to open
L 06/21/2017 - 15:02:09: Error log file session closed.
L 06/21/2017 - 15:02:09: SourceMod error session started
L 06/21/2017 - 15:02:09: Info (map "dm_coldruins_rc1_m") (file "errors_20170621.log")
L 06/21/2017 - 15:02:09: [SM] Fatal error encountered parsing translation file "customvotes.phrases.txt"
L 06/21/2017 - 15:02:09: [SM] Error (line 0, column 0): Stream failed to open
L 06/21/2017 - 15:02:09: [SM] Fatal error encountered parsing translation file "savescores.phrases.txt"
L 06/21/2017 - 15:02:09: [SM] Error (line 0, column 0): Stream failed to open
L 06/21/2017 - 15:23:35: SourceMod error session started
L 06/21/2017 - 15:23:35: Info (map "pb_z_high_school_m") (file "errors_20170621.log")
L 06/21/2017 - 15:23:35: [SDKTOOLS] Invalid detour address passed - Disabling detour to prevent crashes
L 06/21/2017 - 15:23:36: [SM] Unable to load extension "soundlib.ext": error code 0000007e
L 06/21/2017 - 15:23:36: [SM] Unable to load extension "config.ext": error code 0000007e
L 06/21/2017 - 15:23:36: [SM] Fatal error encountered parsing translation file "savescores.phrases.txt"
L 06/21/2017 - 15:23:36: [SM] Error (line 0, column 0): Stream failed to open
L 06/21/2017 - 15:23:36: [SM] Unable to load plugin "time-left-actions.smx": Required extension "Sound Info Library" file("soundlib.ext") not running
L 06/21/2017 - 17:16:01: [SM] Exception reported: Entity 1 (1) is invalid
L 06/21/2017 - 17:16:01: [SM] Blaming: autodifficultypatch.smx
L 06/21/2017 - 17:16:01: [SM] Call stack trace:
L 06/21/2017 - 17:16:01: [SM]   [0] GetEntPropString
L 06/21/2017 - 17:16:01: [SM]   [1] Line 1823, C:\Users\Ethorbit\Desktop\sourcemodbackup\sourcemod\addons\sourcemod\scripting\autodifficultypatch.sp::FindEntityByTargetName
L 06/21/2017 - 17:16:01: [SM]   [2] Line 1597, C:\Users\Ethorbit\Desktop\sourcemodbackup\sourcemod\addons\sourcemod\scripting\autodifficultypatch.sp::UpdateHeadcrab
L 06/21/2017 - 17:16:01: [SM]   [3] Line 26, C:\Users\Ethorbit\Desktop\sourcemodbackup\sourcemod\addons\sourcemod\scripting\autodifficultypatch.sp::OnClientDisconnect_Post
L 06/21/2017 - 17:16:02: Error log file session closed.
L 06/21/2017 - 17:16:02: SourceMod error session started
L 06/21/2017 - 17:16:02: Info (map "pb_z_colony_m") (file "errors_20170621.log")
L 06/21/2017 - 17:16:02: [SM] Fatal error encountered parsing translation file "savescores.phrases.txt"
L 06/21/2017 - 17:16:02: [SM] Error (line 0, column 0): Stream failed to open
L 06/21/2017 - 17:31:01: Error log file session closed.
L 06/21/2017 - 17:31:01: SourceMod error session started
L 06/21/2017 - 17:31:01: Info (map "dm_pinnacles_m") (file "errors_20170621.log")
L 06/21/2017 - 17:31:01: [SM] Fatal error encountered parsing translation file "savescores.phrases.txt"
L 06/21/2017 - 17:31:01: [SM] Error (line 0, column 0): Stream failed to open
L 06/21/2017 - 17:36:33: [SM] Exception reported: Entity 1 (1) is invalid
L 06/21/2017 - 17:36:33: [SM] Blaming: autodifficultypatch.smx
L 06/21/2017 - 17:36:33: [SM] Call stack trace:
L 06/21/2017 - 17:36:33: [SM]   [0] GetEntPropString
L 06/21/2017 - 17:36:33: [SM]   [1] Line 1823, C:\Users\Ethorbit\Desktop\sourcemodbackup\sourcemod\addons\sourcemod\scripting\autodifficultypatch.sp::FindEntityByTargetName
L 06/21/2017 - 17:36:33: [SM]   [2] Line 243, C:\Users\Ethorbit\Desktop\sourcemodbackup\sourcemod\addons\sourcemod\scripting\autodifficultypatch.sp::UpdateHeadcrab
L 06/21/2017 - 17:36:33: [SM]   [3] Line 26, C:\Users\Ethorbit\Desktop\sourcemodbackup\sourcemod\addons\sourcemod\scripting\autodifficultypatch.sp::OnClientDisconnect_Post
L 06/21/2017 - 17:47:01: Error log file session closed.
L 06/21/2017 - 17:47:01: SourceMod error session started
L 06/21/2017 - 17:47:01: Info (map "dm_coldruins_rc1_m") (file "errors_20170621.log")
L 06/21/2017 - 17:47:01: [SM] Fatal error encountered parsing translation file "savescores.phrases.txt"
L 06/21/2017 - 17:47:01: [SM] Error (line 0, column 0): Stream failed to open
L 06/21/2017 - 17:49:06: [SM] Exception reported: Entity 1 (1) is invalid
L 06/21/2017 - 17:49:06: [SM] Blaming: autodifficultypatch.smx
L 06/21/2017 - 17:49:06: [SM] Call stack trace:
L 06/21/2017 - 17:49:06: [SM]   [0] GetEntPropString
L 06/21/2017 - 17:49:06: [SM]   [1] Line 1823, C:\Users\Ethorbit\Desktop\sourcemodbackup\sourcemod\addons\sourcemod\scripting\autodifficultypatch.sp::FindEntityByTargetName
L 06/21/2017 - 17:49:06: [SM]   [2] Line 1071, C:\Users\Ethorbit\Desktop\sourcemodbackup\sourcemod\addons\sourcemod\scripting\autodifficultypatch.sp::UpdateHeadcrab
L 06/21/2017 - 17:49:06: [SM]   [3] Line 26, C:\Users\Ethorbit\Desktop\sourcemodbackup\sourcemod\addons\sourcemod\scripting\autodifficultypatch.sp::OnClientDisconnect_Post
L 06/21/2017 - 17:49:06: Error log file session closed.
L 06/21/2017 - 17:49:06: SourceMod error session started
L 06/21/2017 - 17:49:06: Info (map "dm_hellsdistrict_m") (file "errors_20170621.log")
L 06/21/2017 - 17:49:06: [SM] Fatal error encountered parsing translation file "savescores.phrases.txt"
L 06/21/2017 - 17:49:06: [SM] Error (line 0, column 0): Stream failed to open
L 06/21/2017 - 17:50:40: Error log file session closed.
L 06/21/2017 - 17:50:40: SourceMod error session started
L 06/21/2017 - 17:50:40: Info (map "dm_cave_m") (file "errors_20170621.log")
L 06/21/2017 - 17:50:40: [SM] Fatal error encountered parsing translation file "savescores.phrases.txt"
L 06/21/2017 - 17:50:40: [SM] Error (line 0, column 0): Stream failed to open
L 06/21/2017 - 17:51:37: [SM] Exception reported: Entity 1 (1) is invalid
L 06/21/2017 - 17:51:37: [SM] Blaming: autodifficultypatch.smx
L 06/21/2017 - 17:51:37: [SM] Call stack trace:
L 06/21/2017 - 17:51:37: [SM]   [0] GetEntPropString
L 06/21/2017 - 17:51:37: [SM]   [1] Line 1823, C:\Users\Ethorbit\Desktop\sourcemodbackup\sourcemod\addons\sourcemod\scripting\autodifficultypatch.sp::FindEntityByTargetName
L 06/21/2017 - 17:51:37: [SM]   [2] Line 996, C:\Users\Ethorbit\Desktop\sourcemodbackup\sourcemod\addons\sourcemod\scripting\autodifficultypatch.sp::UpdateHeadcrab
L 06/21/2017 - 17:51:37: [SM]   [3] Line 26, C:\Users\Ethorbit\Desktop\sourcemodbackup\sourcemod\addons\sourcemod\scripting\autodifficultypatch.sp::OnClientDisconnect_Post
L 06/21/2017 - 17:51:37: Error log file session closed.
L 06/21/2017 - 17:51:37: SourceMod error session started
L 06/21/2017 - 17:51:37: Info (map "dm_raven_m") (file "errors_20170621.log")
L 06/21/2017 - 17:51:37: [SM] Fatal error encountered parsing translation file "savescores.phrases.txt"
L 06/21/2017 - 17:51:37: [SM] Error (line 0, column 0): Stream failed to open
L 06/21/2017 - 17:54:10: [SM] Fatal error encountered parsing translation file "customvotes.phrases.txt"
L 06/21/2017 - 17:54:10: [SM] Error (line 0, column 0): Stream failed to open
L 06/21/2017 - 17:57:25: Error log file session closed.
L 06/21/2017 - 17:57:25: SourceMod error session started
L 06/21/2017 - 17:57:25: Info (map "pb_z_high_school_m") (file "errors_20170621.log")
L 06/21/2017 - 17:57:25: [SM] Fatal error encountered parsing translation file "savescores.phrases.txt"
L 06/21/2017 - 17:57:25: [SM] Error (line 0, column 0): Stream failed to open
L 06/21/2017 - 17:57:25: [SM] Fatal error encountered parsing translation file "customvotes.phrases.txt"
L 06/21/2017 - 17:57:25: [SM] Error (line 0, column 0): Stream failed to open
L 06/21/2017 - 17:58:09: [SM] Exception reported: Entity 1 (1) is invalid
L 06/21/2017 - 17:58:09: [SM] Blaming: autodifficultypatch.smx
L 06/21/2017 - 17:58:09: [SM] Call stack trace:
L 06/21/2017 - 17:58:09: [SM]   [0] GetEntPropString
L 06/21/2017 - 17:58:09: [SM]   [1] Line 1823, C:\Users\Ethorbit\Desktop\sourcemodbackup\sourcemod\addons\sourcemod\scripting\autodifficultypatch.sp::FindEntityByTargetName
L 06/21/2017 - 17:58:09: [SM]   [2] Line 1597, C:\Users\Ethorbit\Desktop\sourcemodbackup\sourcemod\addons\sourcemod\scripting\autodifficultypatch.sp::UpdateHeadcrab
L 06/21/2017 - 17:58:09: [SM]   [3] Line 26, C:\Users\Ethorbit\Desktop\sourcemodbackup\sourcemod\addons\sourcemod\scripting\autodifficultypatch.sp::OnClientDisconnect_Post
L 06/21/2017 - 18:57:36: Error log file session closed.
L 06/21/2017 - 18:57:36: SourceMod error session started
L 06/21/2017 - 18:57:36: Info (map "pb_z_industry_m") (file "errors_20170621.log")
L 06/21/2017 - 18:57:36: [SM] Fatal error encountered parsing translation file "savescores.phrases.txt"
L 06/21/2017 - 18:57:36: [SM] Error (line 0, column 0): Stream failed to open
L 06/21/2017 - 18:57:36: [SM] Fatal error encountered parsing translation file "customvotes.phrases.txt"
L 06/21/2017 - 18:57:36: [SM] Error (line 0, column 0): Stream failed to open
L 06/21/2017 - 19:21:54: [SM] Exception reported: Entity 3 (3) is invalid
L 06/21/2017 - 19:21:54: [SM] Blaming: autodifficultypatch.smx
L 06/21/2017 - 19:21:54: [SM] Call stack trace:
L 06/21/2017 - 19:21:54: [SM]   [0] GetEntPropString
L 06/21/2017 - 19:21:54: [SM]   [1] Line 1823, C:\Users\Ethorbit\Desktop\sourcemodbackup\sourcemod\addons\sourcemod\scripting\autodifficultypatch.sp::FindEntityByTargetName
L 06/21/2017 - 19:21:54: [SM]   [2] Line 1162, C:\Users\Ethorbit\Desktop\sourcemodbackup\sourcemod\addons\sourcemod\scripting\autodifficultypatch.sp::UpdateHeadcrab
L 06/21/2017 - 19:21:54: [SM]   [3] Line 26, C:\Users\Ethorbit\Desktop\sourcemodbackup\sourcemod\addons\sourcemod\scripting\autodifficultypatch.sp::OnClientDisconnect_Post
L 06/21/2017 - 19:44:08: [SM] Exception reported: Entity 4 (4) is invalid
L 06/21/2017 - 19:44:08: [SM] Blaming: autodifficultypatch.smx
L 06/21/2017 - 19:44:08: [SM] Call stack trace:
L 06/21/2017 - 19:44:08: [SM]   [0] GetEntPropString
L 06/21/2017 - 19:44:08: [SM]   [1] Line 1823, C:\Users\Ethorbit\Desktop\sourcemodbackup\sourcemod\addons\sourcemod\scripting\autodifficultypatch.sp::FindEntityByTargetName
L 06/21/2017 - 19:44:08: [SM]   [2] Line 1170, C:\Users\Ethorbit\Desktop\sourcemodbackup\sourcemod\addons\sourcemod\scripting\autodifficultypatch.sp::UpdateHeadcrab
L 06/21/2017 - 19:44:08: [SM]   [3] Line 26, C:\Users\Ethorbit\Desktop\sourcemodbackup\sourcemod\addons\sourcemod\scripting\autodifficultypatch.sp::OnClientDisconnect_Post
L 06/21/2017 - 19:44:49: [SM] Exception reported: Entity 2 (2) is invalid
L 06/21/2017 - 19:44:49: [SM] Blaming: autodifficultypatch.smx
L 06/21/2017 - 19:44:49: [SM] Call stack trace:
L 06/21/2017 - 19:44:49: [SM]   [0] GetEntPropString
L 06/21/2017 - 19:44:49: [SM]   [1] Line 1823, C:\Users\Ethorbit\Desktop\sourcemodbackup\sourcemod\addons\sourcemod\scripting\autodifficultypatch.sp::FindEntityByTargetName
L 06/21/2017 - 19:44:49: [SM]   [2] Line 1162, C:\Users\Ethorbit\Desktop\sourcemodbackup\sourcemod\addons\sourcemod\scripting\autodifficultypatch.sp::UpdateHeadcrab
L 06/21/2017 - 19:44:49: [SM]   [3] Line 26, C:\Users\Ethorbit\Desktop\sourcemodbackup\sourcemod\addons\sourcemod\scripting\autodifficultypatch.sp::OnClientDisconnect_Post
L 06/21/2017 - 19:46:07: [SM] Exception reported: Entity 3 (3) is invalid
L 06/21/2017 - 19:46:07: [SM] Blaming: autodifficultypatch.smx
L 06/21/2017 - 19:46:07: [SM] Call stack trace:
L 06/21/2017 - 19:46:07: [SM]   [0] GetEntPropString
L 06/21/2017 - 19:46:07: [SM]   [1] Line 1823, C:\Users\Ethorbit\Desktop\sourcemodbackup\sourcemod\addons\sourcemod\scripting\autodifficultypatch.sp::FindEntityByTargetName
L 06/21/2017 - 19:46:07: [SM]   [2] Line 1154, C:\Users\Ethorbit\Desktop\sourcemodbackup\sourcemod\addons\sourcemod\scripting\autodifficultypatch.sp::UpdateHeadcrab
L 06/21/2017 - 19:46:07: [SM]   [3] Line 26, C:\Users\Ethorbit\Desktop\sourcemodbackup\sourcemod\addons\sourcemod\scripting\autodifficultypatch.sp::OnClientDisconnect_Post
L 06/21/2017 - 19:48:20: [SM] Exception reported: Entity 1 (1) is invalid
L 06/21/2017 - 19:48:20: [SM] Blaming: autodifficultypatch.smx
L 06/21/2017 - 19:48:20: [SM] Call stack trace:
L 06/21/2017 - 19:48:20: [SM]   [0] GetEntPropString
L 06/21/2017 - 19:48:20: [SM]   [1] Line 1823, C:\Users\Ethorbit\Desktop\sourcemodbackup\sourcemod\addons\sourcemod\scripting\autodifficultypatch.sp::FindEntityByTargetName
L 06/21/2017 - 19:48:20: [SM]   [2] Line 1146, C:\Users\Ethorbit\Desktop\sourcemodbackup\sourcemod\addons\sourcemod\scripting\autodifficultypatch.sp::UpdateHeadcrab
L 06/21/2017 - 19:48:20: [SM]   [3] Line 26, C:\Users\Ethorbit\Desktop\sourcemodbackup\sourcemod\addons\sourcemod\scripting\autodifficultypatch.sp::OnClientDisconnect_Post
L 06/21/2017 - 19:48:20: Error log file session closed.
L 06/21/2017 - 19:48:20: SourceMod error session started
L 06/21/2017 - 19:48:20: Info (map "dm_thetunnel_v1_m") (file "errors_20170621.log")
L 06/21/2017 - 19:48:20: [SM] Fatal error encountered parsing translation file "savescores.phrases.txt"
L 06/21/2017 - 19:48:20: [SM] Error (line 0, column 0): Stream failed to open
L 06/21/2017 - 19:48:20: [SM] Fatal error encountered parsing translation file "customvotes.phrases.txt"
L 06/21/2017 - 19:48:20: [SM] Error (line 0, column 0): Stream failed to open
L 06/21/2017 - 20:18:04: [SM] Exception reported: Entity 2 (2) is invalid
L 06/21/2017 - 20:18:04: [SM] Blaming: autodifficultypatch.smx
L 06/21/2017 - 20:18:04: [SM] Call stack trace:
L 06/21/2017 - 20:18:04: [SM]   [0] GetEntPropString
L 06/21/2017 - 20:18:04: [SM]   [1] Line 1823, C:\Users\Ethorbit\Desktop\sourcemodbackup\sourcemod\addons\sourcemod\scripting\autodifficultypatch.sp::FindEntityByTargetName
L 06/21/2017 - 20:18:04: [SM]   [2] Line 310, C:\Users\Ethorbit\Desktop\sourcemodbackup\sourcemod\addons\sourcemod\scripting\autodifficultypatch.sp::UpdateHeadcrab
L 06/21/2017 - 20:18:04: [SM]   [3] Line 26, C:\Users\Ethorbit\Desktop\sourcemodbackup\sourcemod\addons\sourcemod\scripting\autodifficultypatch.sp::OnClientDisconnect_Post
L 06/21/2017 - 20:48:31: Error log file session closed.
L 06/21/2017 - 20:48:31: SourceMod error session started
L 06/21/2017 - 20:48:31: Info (map "pb_z_colony_m") (file "errors_20170621.log")
L 06/21/2017 - 20:48:31: [SM] Fatal error encountered parsing translation file "savescores.phrases.txt"
L 06/21/2017 - 20:48:31: [SM] Error (line 0, column 0): Stream failed to open
L 06/21/2017 - 20:48:31: [SM] Fatal error encountered parsing translation file "customvotes.phrases.txt"
L 06/21/2017 - 20:48:31: [SM] Error (line 0, column 0): Stream failed to open
L 06/21/2017 - 21:48:42: Error log file session closed.
L 06/21/2017 - 21:48:42: SourceMod error session started
L 06/21/2017 - 21:48:42: Info (map "z_ravenhell_m") (file "errors_20170621.log")
L 06/21/2017 - 21:48:42: [SM] Fatal error encountered parsing translation file "savescores.phrases.txt"
L 06/21/2017 - 21:48:42: [SM] Error (line 0, column 0): Stream failed to open
L 06/21/2017 - 21:48:42: [SM] Fatal error encountered parsing translation file "customvotes.phrases.txt"
L 06/21/2017 - 21:48:42: [SM] Error (line 0, column 0): Stream failed to open
L 06/21/2017 - 22:48:53: Error log file session closed.
L 06/21/2017 - 22:48:53: SourceMod error session started
L 06/21/2017 - 22:48:53: Info (map "pb_z_office_tower_m") (file "errors_20170621.log")
L 06/21/2017 - 22:48:53: [SM] Fatal error encountered parsing translation file "savescores.phrases.txt"
L 06/21/2017 - 22:48:53: [SM] Error (line 0, column 0): Stream failed to open
L 06/21/2017 - 22:48:53: [SM] Fatal error encountered parsing translation file "customvotes.phrases.txt"
L 06/21/2017 - 22:48:53: [SM] Error (line 0, column 0): Stream failed to open
L 06/21/2017 - 23:49:04: Error log file session closed.
L 06/21/2017 - 23:49:04: SourceMod error session started
L 06/21/2017 - 23:49:04: Info (map "dm_snowfall_m") (file "errors_20170621.log")
L 06/21/2017 - 23:49:04: [SM] Fatal error encountered parsing translation file "savescores.phrases.txt"
L 06/21/2017 - 23:49:04: [SM] Error (line 0, column 0): Stream failed to open
L 06/21/2017 - 23:49:04: [SM] Fatal error encountered parsing translation file "customvotes.phrases.txt"
L 06/21/2017 - 23:49:04: [SM] Error (line 0, column 0): Stream failed to open
