L 06/03/2017 - 00:41:00: SourceMod error session started
L 06/03/2017 - 00:41:00: Info (map "pb_z_high_school_m") (file "errors_20170603.log")
L 06/03/2017 - 00:41:00: [SDKTOOLS] Invalid detour address passed - Disabling detour to prevent crashes
L 06/03/2017 - 00:41:01: [SM] Unable to load extension "soundlib.ext": error code 0000007e
L 06/03/2017 - 00:41:01: [SM] Unable to load extension "config.ext": error code 0000007e
L 06/03/2017 - 00:41:01: [SM] Fatal error encountered parsing translation file "savescores.phrases.txt"
L 06/03/2017 - 00:41:01: [SM] Error (line 0, column 0): Stream failed to open
L 06/03/2017 - 00:41:01: [SM] Unable to load plugin "time-left-actions.smx": Required extension "Sound Info Library" file("soundlib.ext") not running
L 06/03/2017 - 02:22:20: [SM] Exception reported: Entity 1 (1) is invalid
L 06/03/2017 - 02:22:20: [SM] Blaming: autodifficultypatch.smx
L 06/03/2017 - 02:22:20: [SM] Call stack trace:
L 06/03/2017 - 02:22:20: [SM]   [0] GetEntPropString
L 06/03/2017 - 02:22:20: [SM]   [1] Line 1421, C:\Users\EthorbitV2\Desktop\sourcemodbackup\sourcemod\addons\sourcemod\scripting\autodifficultypatch.sp::FindEntityByTargetName
L 06/03/2017 - 02:22:20: [SM]   [2] Line 1195, C:\Users\EthorbitV2\Desktop\sourcemodbackup\sourcemod\addons\sourcemod\scripting\autodifficultypatch.sp::UpdateHeadcrab
L 06/03/2017 - 02:22:20: [SM]   [3] Line 26, C:\Users\EthorbitV2\Desktop\sourcemodbackup\sourcemod\addons\sourcemod\scripting\autodifficultypatch.sp::OnClientDisconnect_Post
L 06/03/2017 - 03:21:19: Error log file session closed.
L 06/03/2017 - 03:21:19: SourceMod error session started
L 06/03/2017 - 03:21:19: Info (map "pb_z_office_tower_m") (file "errors_20170603.log")
L 06/03/2017 - 03:21:19: [SM] Fatal error encountered parsing translation file "savescores.phrases.txt"
L 06/03/2017 - 03:21:19: [SM] Error (line 0, column 0): Stream failed to open
L 06/03/2017 - 04:21:28: Error log file session closed.
L 06/03/2017 - 04:21:28: SourceMod error session started
L 06/03/2017 - 04:21:28: Info (map "dm_snowfall_m") (file "errors_20170603.log")
L 06/03/2017 - 04:21:28: [SM] Fatal error encountered parsing translation file "savescores.phrases.txt"
L 06/03/2017 - 04:21:28: [SM] Error (line 0, column 0): Stream failed to open
L 06/03/2017 - 05:15:50: Error log file session closed.
L 06/03/2017 - 05:15:50: SourceMod error session started
L 06/03/2017 - 05:15:50: Info (map "dm_coldruins_rc1_m") (file "errors_20170603.log")
L 06/03/2017 - 05:15:50: [SM] Fatal error encountered parsing translation file "savescores.phrases.txt"
L 06/03/2017 - 05:15:50: [SM] Error (line 0, column 0): Stream failed to open
L 06/03/2017 - 05:17:19: [SM] Fatal error encountered parsing translation file "customvotes.phrases.txt"
L 06/03/2017 - 05:17:19: [SM] Error (line 0, column 0): Stream failed to open
L 06/03/2017 - 05:37:29: [SM] Exception reported: Entity 1 (1) is invalid
L 06/03/2017 - 05:37:29: [SM] Blaming: autodifficultypatch.smx
L 06/03/2017 - 05:37:29: [SM] Call stack trace:
L 06/03/2017 - 05:37:29: [SM]   [0] GetEntPropString
L 06/03/2017 - 05:37:29: [SM]   [1] Line 1421, C:\Users\EthorbitV2\Desktop\sourcemodbackup\sourcemod\addons\sourcemod\scripting\autodifficultypatch.sp::FindEntityByTargetName
L 06/03/2017 - 05:37:29: [SM]   [2] Line 669, C:\Users\EthorbitV2\Desktop\sourcemodbackup\sourcemod\addons\sourcemod\scripting\autodifficultypatch.sp::UpdateHeadcrab
L 06/03/2017 - 05:37:29: [SM]   [3] Line 26, C:\Users\EthorbitV2\Desktop\sourcemodbackup\sourcemod\addons\sourcemod\scripting\autodifficultypatch.sp::OnClientDisconnect_Post
L 06/03/2017 - 05:38:07: [SM] Exception reported: Entity 1 (1) is invalid
L 06/03/2017 - 05:38:07: [SM] Blaming: autodifficultypatch.smx
L 06/03/2017 - 05:38:07: [SM] Call stack trace:
L 06/03/2017 - 05:38:07: [SM]   [0] GetEntPropString
L 06/03/2017 - 05:38:07: [SM]   [1] Line 1421, C:\Users\EthorbitV2\Desktop\sourcemodbackup\sourcemod\addons\sourcemod\scripting\autodifficultypatch.sp::FindEntityByTargetName
L 06/03/2017 - 05:38:07: [SM]   [2] Line 669, C:\Users\EthorbitV2\Desktop\sourcemodbackup\sourcemod\addons\sourcemod\scripting\autodifficultypatch.sp::UpdateHeadcrab
L 06/03/2017 - 05:38:07: [SM]   [3] Line 26, C:\Users\EthorbitV2\Desktop\sourcemodbackup\sourcemod\addons\sourcemod\scripting\autodifficultypatch.sp::OnClientDisconnect_Post
L 06/03/2017 - 06:07:41: [SM] Exception reported: Entity 1 (1) is invalid
L 06/03/2017 - 06:07:41: [SM] Blaming: autodifficultypatch.smx
L 06/03/2017 - 06:07:41: [SM] Call stack trace:
L 06/03/2017 - 06:07:41: [SM]   [0] GetEntPropString
L 06/03/2017 - 06:07:41: [SM]   [1] Line 1421, C:\Users\EthorbitV2\Desktop\sourcemodbackup\sourcemod\addons\sourcemod\scripting\autodifficultypatch.sp::FindEntityByTargetName
L 06/03/2017 - 06:07:41: [SM]   [2] Line 669, C:\Users\EthorbitV2\Desktop\sourcemodbackup\sourcemod\addons\sourcemod\scripting\autodifficultypatch.sp::UpdateHeadcrab
L 06/03/2017 - 06:07:41: [SM]   [3] Line 26, C:\Users\EthorbitV2\Desktop\sourcemodbackup\sourcemod\addons\sourcemod\scripting\autodifficultypatch.sp::OnClientDisconnect_Post
L 06/03/2017 - 06:15:59: [SM] Exception reported: Entity 1 (1) is invalid
L 06/03/2017 - 06:15:59: [SM] Blaming: autodifficultypatch.smx
L 06/03/2017 - 06:15:59: [SM] Call stack trace:
L 06/03/2017 - 06:15:59: [SM]   [0] GetEntPropString
L 06/03/2017 - 06:15:59: [SM]   [1] Line 1421, C:\Users\EthorbitV2\Desktop\sourcemodbackup\sourcemod\addons\sourcemod\scripting\autodifficultypatch.sp::FindEntityByTargetName
L 06/03/2017 - 06:15:59: [SM]   [2] Line 669, C:\Users\EthorbitV2\Desktop\sourcemodbackup\sourcemod\addons\sourcemod\scripting\autodifficultypatch.sp::UpdateHeadcrab
L 06/03/2017 - 06:15:59: [SM]   [3] Line 26, C:\Users\EthorbitV2\Desktop\sourcemodbackup\sourcemod\addons\sourcemod\scripting\autodifficultypatch.sp::OnClientDisconnect_Post
L 06/03/2017 - 06:16:00: Error log file session closed.
L 06/03/2017 - 06:16:00: SourceMod error session started
L 06/03/2017 - 06:16:00: Info (map "dm_october_m") (file "errors_20170603.log")
L 06/03/2017 - 06:16:00: [SM] Fatal error encountered parsing translation file "savescores.phrases.txt"
L 06/03/2017 - 06:16:00: [SM] Error (line 0, column 0): Stream failed to open
L 06/03/2017 - 06:16:00: [SM] Fatal error encountered parsing translation file "customvotes.phrases.txt"
L 06/03/2017 - 06:16:00: [SM] Error (line 0, column 0): Stream failed to open
L 06/03/2017 - 07:16:12: Error log file session closed.
L 06/03/2017 - 07:16:13: SourceMod error session started
L 06/03/2017 - 07:16:13: Info (map "pb_z_area51_m") (file "errors_20170603.log")
L 06/03/2017 - 07:16:13: [SM] Fatal error encountered parsing translation file "savescores.phrases.txt"
L 06/03/2017 - 07:16:13: [SM] Error (line 0, column 0): Stream failed to open
L 06/03/2017 - 07:16:13: [SM] Fatal error encountered parsing translation file "customvotes.phrases.txt"
L 06/03/2017 - 07:16:13: [SM] Error (line 0, column 0): Stream failed to open
L 06/03/2017 - 07:19:21: [SM] Exception reported: Entity 3 (3) is invalid
L 06/03/2017 - 07:19:21: [SM] Blaming: autodifficultypatch.smx
L 06/03/2017 - 07:19:21: [SM] Call stack trace:
L 06/03/2017 - 07:19:21: [SM]   [0] GetEntPropString
L 06/03/2017 - 07:19:21: [SM]   [1] Line 1421, C:\Users\EthorbitV2\Desktop\sourcemodbackup\sourcemod\addons\sourcemod\scripting\autodifficultypatch.sp::FindEntityByTargetName
L 06/03/2017 - 07:19:21: [SM]   [2] Line 1287, C:\Users\EthorbitV2\Desktop\sourcemodbackup\sourcemod\addons\sourcemod\scripting\autodifficultypatch.sp::UpdateHeadcrab
L 06/03/2017 - 07:19:21: [SM]   [3] Line 26, C:\Users\EthorbitV2\Desktop\sourcemodbackup\sourcemod\addons\sourcemod\scripting\autodifficultypatch.sp::OnClientDisconnect_Post
L 06/03/2017 - 07:21:35: [SM] Exception reported: Entity 3 (3) is invalid
L 06/03/2017 - 07:21:35: [SM] Blaming: autodifficultypatch.smx
L 06/03/2017 - 07:21:35: [SM] Call stack trace:
L 06/03/2017 - 07:21:35: [SM]   [0] GetEntPropString
L 06/03/2017 - 07:21:35: [SM]   [1] Line 1421, C:\Users\EthorbitV2\Desktop\sourcemodbackup\sourcemod\addons\sourcemod\scripting\autodifficultypatch.sp::FindEntityByTargetName
L 06/03/2017 - 07:21:35: [SM]   [2] Line 1287, C:\Users\EthorbitV2\Desktop\sourcemodbackup\sourcemod\addons\sourcemod\scripting\autodifficultypatch.sp::UpdateHeadcrab
L 06/03/2017 - 07:21:35: [SM]   [3] Line 26, C:\Users\EthorbitV2\Desktop\sourcemodbackup\sourcemod\addons\sourcemod\scripting\autodifficultypatch.sp::OnClientDisconnect_Post
L 06/03/2017 - 07:26:39: [SM] Exception reported: Entity 1 (1) is invalid
L 06/03/2017 - 07:26:39: [SM] Blaming: autodifficultypatch.smx
L 06/03/2017 - 07:26:39: [SM] Call stack trace:
L 06/03/2017 - 07:26:39: [SM]   [0] GetEntPropString
L 06/03/2017 - 07:26:39: [SM]   [1] Line 1421, C:\Users\EthorbitV2\Desktop\sourcemodbackup\sourcemod\addons\sourcemod\scripting\autodifficultypatch.sp::FindEntityByTargetName
L 06/03/2017 - 07:26:39: [SM]   [2] Line 1279, C:\Users\EthorbitV2\Desktop\sourcemodbackup\sourcemod\addons\sourcemod\scripting\autodifficultypatch.sp::UpdateHeadcrab
L 06/03/2017 - 07:26:39: [SM]   [3] Line 26, C:\Users\EthorbitV2\Desktop\sourcemodbackup\sourcemod\addons\sourcemod\scripting\autodifficultypatch.sp::OnClientDisconnect_Post
L 06/03/2017 - 07:33:41: [SM] Exception reported: Entity 2 (2) is invalid
L 06/03/2017 - 07:33:41: [SM] Blaming: autodifficultypatch.smx
L 06/03/2017 - 07:33:41: [SM] Call stack trace:
L 06/03/2017 - 07:33:41: [SM]   [0] GetEntPropString
L 06/03/2017 - 07:33:41: [SM]   [1] Line 1421, C:\Users\EthorbitV2\Desktop\sourcemodbackup\sourcemod\addons\sourcemod\scripting\autodifficultypatch.sp::FindEntityByTargetName
L 06/03/2017 - 07:33:41: [SM]   [2] Line 1271, C:\Users\EthorbitV2\Desktop\sourcemodbackup\sourcemod\addons\sourcemod\scripting\autodifficultypatch.sp::UpdateHeadcrab
L 06/03/2017 - 07:33:41: [SM]   [3] Line 26, C:\Users\EthorbitV2\Desktop\sourcemodbackup\sourcemod\addons\sourcemod\scripting\autodifficultypatch.sp::OnClientDisconnect_Post
L 06/03/2017 - 08:16:23: Error log file session closed.
L 06/03/2017 - 08:16:23: SourceMod error session started
L 06/03/2017 - 08:16:23: Info (map "dm_hellsdistrict_m") (file "errors_20170603.log")
L 06/03/2017 - 08:16:23: [SM] Fatal error encountered parsing translation file "savescores.phrases.txt"
L 06/03/2017 - 08:16:23: [SM] Error (line 0, column 0): Stream failed to open
L 06/03/2017 - 08:16:23: [SM] Fatal error encountered parsing translation file "customvotes.phrases.txt"
L 06/03/2017 - 08:16:23: [SM] Error (line 0, column 0): Stream failed to open
L 06/03/2017 - 09:16:36: Error log file session closed.
L 06/03/2017 - 09:16:36: SourceMod error session started
L 06/03/2017 - 09:16:36: Info (map "pb_z_colony_m") (file "errors_20170603.log")
L 06/03/2017 - 09:16:36: [SM] Fatal error encountered parsing translation file "savescores.phrases.txt"
L 06/03/2017 - 09:16:36: [SM] Error (line 0, column 0): Stream failed to open
L 06/03/2017 - 09:16:36: [SM] Fatal error encountered parsing translation file "customvotes.phrases.txt"
L 06/03/2017 - 09:16:36: [SM] Error (line 0, column 0): Stream failed to open
L 06/03/2017 - 10:16:46: [SM] Exception reported: Entity 1 (1) is invalid
L 06/03/2017 - 10:16:46: [SM] Blaming: autodifficultypatch.smx
L 06/03/2017 - 10:16:46: [SM] Call stack trace:
L 06/03/2017 - 10:16:46: [SM]   [0] GetEntPropString
L 06/03/2017 - 10:16:46: [SM]   [1] Line 1421, C:\Users\EthorbitV2\Desktop\sourcemodbackup\sourcemod\addons\sourcemod\scripting\autodifficultypatch.sp::FindEntityByTargetName
L 06/03/2017 - 10:16:46: [SM]   [2] Line 385, C:\Users\EthorbitV2\Desktop\sourcemodbackup\sourcemod\addons\sourcemod\scripting\autodifficultypatch.sp::UpdateHeadcrab
L 06/03/2017 - 10:16:46: [SM]   [3] Line 26, C:\Users\EthorbitV2\Desktop\sourcemodbackup\sourcemod\addons\sourcemod\scripting\autodifficultypatch.sp::OnClientDisconnect_Post
L 06/03/2017 - 10:16:46: [SM] Exception reported: Entity 2 (2) is invalid
L 06/03/2017 - 10:16:46: [SM] Blaming: autodifficultypatch.smx
L 06/03/2017 - 10:16:46: [SM] Call stack trace:
L 06/03/2017 - 10:16:46: [SM]   [0] GetEntPropString
L 06/03/2017 - 10:16:46: [SM]   [1] Line 1421, C:\Users\EthorbitV2\Desktop\sourcemodbackup\sourcemod\addons\sourcemod\scripting\autodifficultypatch.sp::FindEntityByTargetName
L 06/03/2017 - 10:16:46: [SM]   [2] Line 377, C:\Users\EthorbitV2\Desktop\sourcemodbackup\sourcemod\addons\sourcemod\scripting\autodifficultypatch.sp::UpdateHeadcrab
L 06/03/2017 - 10:16:46: [SM]   [3] Line 26, C:\Users\EthorbitV2\Desktop\sourcemodbackup\sourcemod\addons\sourcemod\scripting\autodifficultypatch.sp::OnClientDisconnect_Post
L 06/03/2017 - 10:16:49: Error log file session closed.
L 06/03/2017 - 10:16:49: SourceMod error session started
L 06/03/2017 - 10:16:49: Info (map "dm_montana_m") (file "errors_20170603.log")
L 06/03/2017 - 10:16:49: [SM] Fatal error encountered parsing translation file "savescores.phrases.txt"
L 06/03/2017 - 10:16:49: [SM] Error (line 0, column 0): Stream failed to open
L 06/03/2017 - 10:16:49: [SM] Fatal error encountered parsing translation file "customvotes.phrases.txt"
L 06/03/2017 - 10:16:49: [SM] Error (line 0, column 0): Stream failed to open
L 06/03/2017 - 10:25:37: [SM] Exception reported: Entity 4 (4) is invalid
L 06/03/2017 - 10:25:37: [SM] Blaming: autodifficultypatch.smx
L 06/03/2017 - 10:25:37: [SM] Call stack trace:
L 06/03/2017 - 10:25:37: [SM]   [0] GetEntPropString
L 06/03/2017 - 10:25:37: [SM]   [1] Line 1421, C:\Users\EthorbitV2\Desktop\sourcemodbackup\sourcemod\addons\sourcemod\scripting\autodifficultypatch.sp::FindEntityByTargetName
L 06/03/2017 - 10:25:37: [SM]   [2] Line 259, C:\Users\EthorbitV2\Desktop\sourcemodbackup\sourcemod\addons\sourcemod\scripting\autodifficultypatch.sp::UpdateHeadcrab
L 06/03/2017 - 10:25:37: [SM]   [3] Line 26, C:\Users\EthorbitV2\Desktop\sourcemodbackup\sourcemod\addons\sourcemod\scripting\autodifficultypatch.sp::OnClientDisconnect_Post
L 06/03/2017 - 10:31:11: [SM] Exception reported: Entity 1 (1) is invalid
L 06/03/2017 - 10:31:11: [SM] Blaming: autodifficultypatch.smx
L 06/03/2017 - 10:31:11: [SM] Call stack trace:
L 06/03/2017 - 10:31:11: [SM]   [0] GetEntPropString
L 06/03/2017 - 10:31:11: [SM]   [1] Line 1421, C:\Users\EthorbitV2\Desktop\sourcemodbackup\sourcemod\addons\sourcemod\scripting\autodifficultypatch.sp::FindEntityByTargetName
L 06/03/2017 - 10:31:11: [SM]   [2] Line 251, C:\Users\EthorbitV2\Desktop\sourcemodbackup\sourcemod\addons\sourcemod\scripting\autodifficultypatch.sp::UpdateHeadcrab
L 06/03/2017 - 10:31:11: [SM]   [3] Line 26, C:\Users\EthorbitV2\Desktop\sourcemodbackup\sourcemod\addons\sourcemod\scripting\autodifficultypatch.sp::OnClientDisconnect_Post
L 06/03/2017 - 10:31:11: [SM] Exception reported: Entity 2 (2) is invalid
L 06/03/2017 - 10:31:11: [SM] Blaming: autodifficultypatch.smx
L 06/03/2017 - 10:31:11: [SM] Call stack trace:
L 06/03/2017 - 10:31:11: [SM]   [0] GetEntPropString
L 06/03/2017 - 10:31:11: [SM]   [1] Line 1421, C:\Users\EthorbitV2\Desktop\sourcemodbackup\sourcemod\addons\sourcemod\scripting\autodifficultypatch.sp::FindEntityByTargetName
L 06/03/2017 - 10:31:11: [SM]   [2] Line 243, C:\Users\EthorbitV2\Desktop\sourcemodbackup\sourcemod\addons\sourcemod\scripting\autodifficultypatch.sp::UpdateHeadcrab
L 06/03/2017 - 10:31:11: [SM]   [3] Line 26, C:\Users\EthorbitV2\Desktop\sourcemodbackup\sourcemod\addons\sourcemod\scripting\autodifficultypatch.sp::OnClientDisconnect_Post
L 06/03/2017 - 10:31:11: Error log file session closed.
L 06/03/2017 - 10:31:11: SourceMod error session started
L 06/03/2017 - 10:31:11: Info (map "dm_mine_entrance_m") (file "errors_20170603.log")
L 06/03/2017 - 10:31:11: [SM] Fatal error encountered parsing translation file "savescores.phrases.txt"
L 06/03/2017 - 10:31:11: [SM] Error (line 0, column 0): Stream failed to open
L 06/03/2017 - 10:31:11: [SM] Fatal error encountered parsing translation file "customvotes.phrases.txt"
L 06/03/2017 - 10:31:11: [SM] Error (line 0, column 0): Stream failed to open
L 06/03/2017 - 10:40:04: [SM] Exception reported: Entity 4 (4) is invalid
L 06/03/2017 - 10:40:04: [SM] Blaming: autodifficultypatch.smx
L 06/03/2017 - 10:40:04: [SM] Call stack trace:
L 06/03/2017 - 10:40:04: [SM]   [0] GetEntPropString
L 06/03/2017 - 10:40:04: [SM]   [1] Line 1421, C:\Users\EthorbitV2\Desktop\sourcemodbackup\sourcemod\addons\sourcemod\scripting\autodifficultypatch.sp::FindEntityByTargetName
L 06/03/2017 - 10:40:04: [SM]   [2] Line 1068, C:\Users\EthorbitV2\Desktop\sourcemodbackup\sourcemod\addons\sourcemod\scripting\autodifficultypatch.sp::UpdateHeadcrab
L 06/03/2017 - 10:40:04: [SM]   [3] Line 26, C:\Users\EthorbitV2\Desktop\sourcemodbackup\sourcemod\addons\sourcemod\scripting\autodifficultypatch.sp::OnClientDisconnect_Post
L 06/03/2017 - 10:42:36: [SM] Exception reported: Entity 1 (1) is invalid
L 06/03/2017 - 10:42:36: [SM] Blaming: autodifficultypatch.smx
L 06/03/2017 - 10:42:36: [SM] Call stack trace:
L 06/03/2017 - 10:42:36: [SM]   [0] GetEntPropString
L 06/03/2017 - 10:42:36: [SM]   [1] Line 1421, C:\Users\EthorbitV2\Desktop\sourcemodbackup\sourcemod\addons\sourcemod\scripting\autodifficultypatch.sp::FindEntityByTargetName
L 06/03/2017 - 10:42:36: [SM]   [2] Line 1060, C:\Users\EthorbitV2\Desktop\sourcemodbackup\sourcemod\addons\sourcemod\scripting\autodifficultypatch.sp::UpdateHeadcrab
L 06/03/2017 - 10:42:36: [SM]   [3] Line 26, C:\Users\EthorbitV2\Desktop\sourcemodbackup\sourcemod\addons\sourcemod\scripting\autodifficultypatch.sp::OnClientDisconnect_Post
L 06/03/2017 - 10:42:36: [SM] Exception reported: Entity 2 (2) is invalid
L 06/03/2017 - 10:42:36: [SM] Blaming: autodifficultypatch.smx
L 06/03/2017 - 10:42:36: [SM] Call stack trace:
L 06/03/2017 - 10:42:36: [SM]   [0] GetEntPropString
L 06/03/2017 - 10:42:36: [SM]   [1] Line 1421, C:\Users\EthorbitV2\Desktop\sourcemodbackup\sourcemod\addons\sourcemod\scripting\autodifficultypatch.sp::FindEntityByTargetName
L 06/03/2017 - 10:42:36: [SM]   [2] Line 1052, C:\Users\EthorbitV2\Desktop\sourcemodbackup\sourcemod\addons\sourcemod\scripting\autodifficultypatch.sp::UpdateHeadcrab
L 06/03/2017 - 10:42:36: [SM]   [3] Line 26, C:\Users\EthorbitV2\Desktop\sourcemodbackup\sourcemod\addons\sourcemod\scripting\autodifficultypatch.sp::OnClientDisconnect_Post
L 06/03/2017 - 10:42:36: [SM] Exception reported: Entity 3 (3) is invalid
L 06/03/2017 - 10:42:36: [SM] Blaming: autodifficultypatch.smx
L 06/03/2017 - 10:42:36: [SM] Call stack trace:
L 06/03/2017 - 10:42:36: [SM]   [0] GetEntPropString
L 06/03/2017 - 10:42:36: [SM]   [1] Line 1421, C:\Users\EthorbitV2\Desktop\sourcemodbackup\sourcemod\addons\sourcemod\scripting\autodifficultypatch.sp::FindEntityByTargetName
L 06/03/2017 - 10:42:36: [SM]   [2] Line 1044, C:\Users\EthorbitV2\Desktop\sourcemodbackup\sourcemod\addons\sourcemod\scripting\autodifficultypatch.sp::UpdateHeadcrab
L 06/03/2017 - 10:42:36: [SM]   [3] Line 26, C:\Users\EthorbitV2\Desktop\sourcemodbackup\sourcemod\addons\sourcemod\scripting\autodifficultypatch.sp::OnClientDisconnect_Post
L 06/03/2017 - 10:42:38: Error log file session closed.
L 06/03/2017 - 10:42:38: SourceMod error session started
L 06/03/2017 - 10:42:38: Info (map "pb_z_disorder_m") (file "errors_20170603.log")
L 06/03/2017 - 10:42:38: [SM] Fatal error encountered parsing translation file "savescores.phrases.txt"
L 06/03/2017 - 10:42:38: [SM] Error (line 0, column 0): Stream failed to open
L 06/03/2017 - 10:42:38: [SM] Fatal error encountered parsing translation file "customvotes.phrases.txt"
L 06/03/2017 - 10:42:38: [SM] Error (line 0, column 0): Stream failed to open
L 06/03/2017 - 10:53:01: [SM] Exception reported: Entity 4 (4) is invalid
L 06/03/2017 - 10:53:01: [SM] Blaming: autodifficultypatch.smx
L 06/03/2017 - 10:53:01: [SM] Call stack trace:
L 06/03/2017 - 10:53:01: [SM]   [0] GetEntPropString
L 06/03/2017 - 10:53:01: [SM]   [1] Line 1421, C:\Users\EthorbitV2\Desktop\sourcemodbackup\sourcemod\addons\sourcemod\scripting\autodifficultypatch.sp::FindEntityByTargetName
L 06/03/2017 - 10:53:01: [SM]   [2] Line 476, C:\Users\EthorbitV2\Desktop\sourcemodbackup\sourcemod\addons\sourcemod\scripting\autodifficultypatch.sp::UpdateHeadcrab
L 06/03/2017 - 10:53:01: [SM]   [3] Line 26, C:\Users\EthorbitV2\Desktop\sourcemodbackup\sourcemod\addons\sourcemod\scripting\autodifficultypatch.sp::OnClientDisconnect_Post
L 06/03/2017 - 10:53:56: [SM] Exception reported: Entity 2 (2) is invalid
L 06/03/2017 - 10:53:56: [SM] Blaming: autodifficultypatch.smx
L 06/03/2017 - 10:53:56: [SM] Call stack trace:
L 06/03/2017 - 10:53:56: [SM]   [0] GetEntPropString
L 06/03/2017 - 10:53:56: [SM]   [1] Line 1421, C:\Users\EthorbitV2\Desktop\sourcemodbackup\sourcemod\addons\sourcemod\scripting\autodifficultypatch.sp::FindEntityByTargetName
L 06/03/2017 - 10:53:56: [SM]   [2] Line 468, C:\Users\EthorbitV2\Desktop\sourcemodbackup\sourcemod\addons\sourcemod\scripting\autodifficultypatch.sp::UpdateHeadcrab
L 06/03/2017 - 10:53:56: [SM]   [3] Line 26, C:\Users\EthorbitV2\Desktop\sourcemodbackup\sourcemod\addons\sourcemod\scripting\autodifficultypatch.sp::OnClientDisconnect_Post
L 06/03/2017 - 11:00:21: [SM] Exception reported: Entity 5 (5) is invalid
L 06/03/2017 - 11:00:21: [SM] Blaming: autodifficultypatch.smx
L 06/03/2017 - 11:00:21: [SM] Call stack trace:
L 06/03/2017 - 11:00:21: [SM]   [0] GetEntPropString
L 06/03/2017 - 11:00:21: [SM]   [1] Line 1421, C:\Users\EthorbitV2\Desktop\sourcemodbackup\sourcemod\addons\sourcemod\scripting\autodifficultypatch.sp::FindEntityByTargetName
L 06/03/2017 - 11:00:21: [SM]   [2] Line 468, C:\Users\EthorbitV2\Desktop\sourcemodbackup\sourcemod\addons\sourcemod\scripting\autodifficultypatch.sp::UpdateHeadcrab
L 06/03/2017 - 11:00:21: [SM]   [3] Line 26, C:\Users\EthorbitV2\Desktop\sourcemodbackup\sourcemod\addons\sourcemod\scripting\autodifficultypatch.sp::OnClientDisconnect_Post
L 06/03/2017 - 11:04:21: [SM] Exception reported: Entity 1 (1) is invalid
L 06/03/2017 - 11:04:21: [SM] Blaming: autodifficultypatch.smx
L 06/03/2017 - 11:04:21: [SM] Call stack trace:
L 06/03/2017 - 11:04:21: [SM]   [0] GetEntPropString
L 06/03/2017 - 11:04:21: [SM]   [1] Line 1421, C:\Users\EthorbitV2\Desktop\sourcemodbackup\sourcemod\addons\sourcemod\scripting\autodifficultypatch.sp::FindEntityByTargetName
L 06/03/2017 - 11:04:21: [SM]   [2] Line 460, C:\Users\EthorbitV2\Desktop\sourcemodbackup\sourcemod\addons\sourcemod\scripting\autodifficultypatch.sp::UpdateHeadcrab
L 06/03/2017 - 11:04:21: [SM]   [3] Line 26, C:\Users\EthorbitV2\Desktop\sourcemodbackup\sourcemod\addons\sourcemod\scripting\autodifficultypatch.sp::OnClientDisconnect_Post
L 06/03/2017 - 11:05:35: [SM] Exception reported: Entity 2 (2) is invalid
L 06/03/2017 - 11:05:35: [SM] Blaming: autodifficultypatch.smx
L 06/03/2017 - 11:05:35: [SM] Call stack trace:
L 06/03/2017 - 11:05:35: [SM]   [0] GetEntPropString
L 06/03/2017 - 11:05:35: [SM]   [1] Line 1421, C:\Users\EthorbitV2\Desktop\sourcemodbackup\sourcemod\addons\sourcemod\scripting\autodifficultypatch.sp::FindEntityByTargetName
L 06/03/2017 - 11:05:35: [SM]   [2] Line 460, C:\Users\EthorbitV2\Desktop\sourcemodbackup\sourcemod\addons\sourcemod\scripting\autodifficultypatch.sp::UpdateHeadcrab
L 06/03/2017 - 11:05:35: [SM]   [3] Line 26, C:\Users\EthorbitV2\Desktop\sourcemodbackup\sourcemod\addons\sourcemod\scripting\autodifficultypatch.sp::OnClientDisconnect_Post
L 06/03/2017 - 11:08:31: [SM] Exception reported: Entity 1 (1) is invalid
L 06/03/2017 - 11:08:31: [SM] Blaming: autodifficultypatch.smx
L 06/03/2017 - 11:08:31: [SM] Call stack trace:
L 06/03/2017 - 11:08:31: [SM]   [0] GetEntPropString
L 06/03/2017 - 11:08:31: [SM]   [1] Line 1421, C:\Users\EthorbitV2\Desktop\sourcemodbackup\sourcemod\addons\sourcemod\scripting\autodifficultypatch.sp::FindEntityByTargetName
L 06/03/2017 - 11:08:31: [SM]   [2] Line 452, C:\Users\EthorbitV2\Desktop\sourcemodbackup\sourcemod\addons\sourcemod\scripting\autodifficultypatch.sp::UpdateHeadcrab
L 06/03/2017 - 11:08:31: [SM]   [3] Line 26, C:\Users\EthorbitV2\Desktop\sourcemodbackup\sourcemod\addons\sourcemod\scripting\autodifficultypatch.sp::OnClientDisconnect_Post
L 06/03/2017 - 11:08:34: [SM] Exception reported: Entity 3 (3) is invalid
L 06/03/2017 - 11:08:34: [SM] Blaming: autodifficultypatch.smx
L 06/03/2017 - 11:08:34: [SM] Call stack trace:
L 06/03/2017 - 11:08:34: [SM]   [0] GetEntPropString
L 06/03/2017 - 11:08:34: [SM]   [1] Line 1421, C:\Users\EthorbitV2\Desktop\sourcemodbackup\sourcemod\addons\sourcemod\scripting\autodifficultypatch.sp::FindEntityByTargetName
L 06/03/2017 - 11:08:34: [SM]   [2] Line 444, C:\Users\EthorbitV2\Desktop\sourcemodbackup\sourcemod\addons\sourcemod\scripting\autodifficultypatch.sp::UpdateHeadcrab
L 06/03/2017 - 11:08:34: [SM]   [3] Line 26, C:\Users\EthorbitV2\Desktop\sourcemodbackup\sourcemod\addons\sourcemod\scripting\autodifficultypatch.sp::OnClientDisconnect_Post
L 06/03/2017 - 11:16:02: [SM] Exception reported: Entity 1 (1) is invalid
L 06/03/2017 - 11:16:02: [SM] Blaming: autodifficultypatch.smx
L 06/03/2017 - 11:16:02: [SM] Call stack trace:
L 06/03/2017 - 11:16:02: [SM]   [0] GetEntPropString
L 06/03/2017 - 11:16:02: [SM]   [1] Line 1421, C:\Users\EthorbitV2\Desktop\sourcemodbackup\sourcemod\addons\sourcemod\scripting\autodifficultypatch.sp::FindEntityByTargetName
L 06/03/2017 - 11:16:02: [SM]   [2] Line 444, C:\Users\EthorbitV2\Desktop\sourcemodbackup\sourcemod\addons\sourcemod\scripting\autodifficultypatch.sp::UpdateHeadcrab
L 06/03/2017 - 11:16:02: [SM]   [3] Line 26, C:\Users\EthorbitV2\Desktop\sourcemodbackup\sourcemod\addons\sourcemod\scripting\autodifficultypatch.sp::OnClientDisconnect_Post
L 06/03/2017 - 11:42:52: Error log file session closed.
L 06/03/2017 - 11:42:53: SourceMod error session started
L 06/03/2017 - 11:42:53: Info (map "pb_z_office_tower_v2_m") (file "errors_20170603.log")
L 06/03/2017 - 11:42:53: [SM] Fatal error encountered parsing translation file "savescores.phrases.txt"
L 06/03/2017 - 11:42:53: [SM] Error (line 0, column 0): Stream failed to open
L 06/03/2017 - 11:42:53: [SM] Fatal error encountered parsing translation file "customvotes.phrases.txt"
L 06/03/2017 - 11:42:53: [SM] Error (line 0, column 0): Stream failed to open
L 06/03/2017 - 12:43:02: Error log file session closed.
L 06/03/2017 - 12:43:02: SourceMod error session started
L 06/03/2017 - 12:43:02: Info (map "pb_z_high_school_m") (file "errors_20170603.log")
L 06/03/2017 - 12:43:02: [SM] Fatal error encountered parsing translation file "savescores.phrases.txt"
L 06/03/2017 - 12:43:02: [SM] Error (line 0, column 0): Stream failed to open
L 06/03/2017 - 12:43:02: [SM] Fatal error encountered parsing translation file "customvotes.phrases.txt"
L 06/03/2017 - 12:43:02: [SM] Error (line 0, column 0): Stream failed to open
L 06/03/2017 - 13:16:34: [SM] Exception reported: Entity 1 (1) is invalid
L 06/03/2017 - 13:16:34: [SM] Blaming: autodifficultypatch.smx
L 06/03/2017 - 13:16:34: [SM] Call stack trace:
L 06/03/2017 - 13:16:34: [SM]   [0] GetEntPropString
L 06/03/2017 - 13:16:34: [SM]   [1] Line 1421, C:\Users\EthorbitV2\Desktop\sourcemodbackup\sourcemod\addons\sourcemod\scripting\autodifficultypatch.sp::FindEntityByTargetName
L 06/03/2017 - 13:16:34: [SM]   [2] Line 1203, C:\Users\EthorbitV2\Desktop\sourcemodbackup\sourcemod\addons\sourcemod\scripting\autodifficultypatch.sp::UpdateHeadcrab
L 06/03/2017 - 13:16:34: [SM]   [3] Line 26, C:\Users\EthorbitV2\Desktop\sourcemodbackup\sourcemod\addons\sourcemod\scripting\autodifficultypatch.sp::OnClientDisconnect_Post
L 06/03/2017 - 13:16:57: [SM] Exception reported: Entity 2 (2) is invalid
L 06/03/2017 - 13:16:57: [SM] Blaming: autodifficultypatch.smx
L 06/03/2017 - 13:16:57: [SM] Call stack trace:
L 06/03/2017 - 13:16:57: [SM]   [0] GetEntPropString
L 06/03/2017 - 13:16:57: [SM]   [1] Line 1421, C:\Users\EthorbitV2\Desktop\sourcemodbackup\sourcemod\addons\sourcemod\scripting\autodifficultypatch.sp::FindEntityByTargetName
L 06/03/2017 - 13:16:57: [SM]   [2] Line 1195, C:\Users\EthorbitV2\Desktop\sourcemodbackup\sourcemod\addons\sourcemod\scripting\autodifficultypatch.sp::UpdateHeadcrab
L 06/03/2017 - 13:16:57: [SM]   [3] Line 26, C:\Users\EthorbitV2\Desktop\sourcemodbackup\sourcemod\addons\sourcemod\scripting\autodifficultypatch.sp::OnClientDisconnect_Post
L 06/03/2017 - 13:43:13: Error log file session closed.
L 06/03/2017 - 13:43:13: SourceMod error session started
L 06/03/2017 - 13:43:13: Info (map "dm_central_station_v1_m") (file "errors_20170603.log")
L 06/03/2017 - 13:43:13: [SM] Fatal error encountered parsing translation file "savescores.phrases.txt"
L 06/03/2017 - 13:43:13: [SM] Error (line 0, column 0): Stream failed to open
L 06/03/2017 - 13:43:13: [SM] Fatal error encountered parsing translation file "customvotes.phrases.txt"
L 06/03/2017 - 13:43:13: [SM] Error (line 0, column 0): Stream failed to open
L 06/03/2017 - 14:43:23: Error log file session closed.
L 06/03/2017 - 14:43:23: SourceMod error session started
L 06/03/2017 - 14:43:23: Info (map "pb_z_industry_m") (file "errors_20170603.log")
L 06/03/2017 - 14:43:23: [SM] Fatal error encountered parsing translation file "savescores.phrases.txt"
L 06/03/2017 - 14:43:23: [SM] Error (line 0, column 0): Stream failed to open
L 06/03/2017 - 14:43:23: [SM] Fatal error encountered parsing translation file "customvotes.phrases.txt"
L 06/03/2017 - 14:43:23: [SM] Error (line 0, column 0): Stream failed to open
L 06/03/2017 - 14:49:12: [SM] Exception reported: Entity 1 (1) is invalid
L 06/03/2017 - 14:49:12: [SM] Blaming: autodifficultypatch.smx
L 06/03/2017 - 14:49:12: [SM] Call stack trace:
L 06/03/2017 - 14:49:12: [SM]   [0] GetEntPropString
L 06/03/2017 - 14:49:12: [SM]   [1] Line 1421, C:\Users\EthorbitV2\Desktop\sourcemodbackup\sourcemod\addons\sourcemod\scripting\autodifficultypatch.sp::FindEntityByTargetName
L 06/03/2017 - 14:49:12: [SM]   [2] Line 744, C:\Users\EthorbitV2\Desktop\sourcemodbackup\sourcemod\addons\sourcemod\scripting\autodifficultypatch.sp::UpdateHeadcrab
L 06/03/2017 - 14:49:12: [SM]   [3] Line 26, C:\Users\EthorbitV2\Desktop\sourcemodbackup\sourcemod\addons\sourcemod\scripting\autodifficultypatch.sp::OnClientDisconnect_Post
L 06/03/2017 - 15:01:17: [SM] Exception reported: Entity 1 (1) is invalid
L 06/03/2017 - 15:01:17: [SM] Blaming: autodifficultypatch.smx
L 06/03/2017 - 15:01:17: [SM] Call stack trace:
L 06/03/2017 - 15:01:17: [SM]   [0] GetEntPropString
L 06/03/2017 - 15:01:17: [SM]   [1] Line 1421, C:\Users\EthorbitV2\Desktop\sourcemodbackup\sourcemod\addons\sourcemod\scripting\autodifficultypatch.sp::FindEntityByTargetName
L 06/03/2017 - 15:01:17: [SM]   [2] Line 744, C:\Users\EthorbitV2\Desktop\sourcemodbackup\sourcemod\addons\sourcemod\scripting\autodifficultypatch.sp::UpdateHeadcrab
L 06/03/2017 - 15:01:17: [SM]   [3] Line 26, C:\Users\EthorbitV2\Desktop\sourcemodbackup\sourcemod\addons\sourcemod\scripting\autodifficultypatch.sp::OnClientDisconnect_Post
L 06/03/2017 - 15:01:18: Error log file session closed.
L 06/03/2017 - 15:01:18: SourceMod error session started
L 06/03/2017 - 15:01:18: Info (map "dm_raven_m") (file "errors_20170603.log")
L 06/03/2017 - 15:01:18: [SM] Fatal error encountered parsing translation file "savescores.phrases.txt"
L 06/03/2017 - 15:01:18: [SM] Error (line 0, column 0): Stream failed to open
L 06/03/2017 - 15:01:18: [SM] Fatal error encountered parsing translation file "customvotes.phrases.txt"
L 06/03/2017 - 15:01:18: [SM] Error (line 0, column 0): Stream failed to open
L 06/03/2017 - 15:02:05: [SM] Exception reported: Entity 1 (1) is invalid
L 06/03/2017 - 15:02:05: [SM] Blaming: autodifficultypatch.smx
L 06/03/2017 - 15:02:05: [SM] Call stack trace:
L 06/03/2017 - 15:02:05: [SM]   [0] GetEntPropString
L 06/03/2017 - 15:02:05: [SM]   [1] Line 1421, C:\Users\EthorbitV2\Desktop\sourcemodbackup\sourcemod\addons\sourcemod\scripting\autodifficultypatch.sp::FindEntityByTargetName
L 06/03/2017 - 15:02:05: [SM]   [2] Line 969, C:\Users\EthorbitV2\Desktop\sourcemodbackup\sourcemod\addons\sourcemod\scripting\autodifficultypatch.sp::UpdateHeadcrab
L 06/03/2017 - 15:02:05: [SM]   [3] Line 26, C:\Users\EthorbitV2\Desktop\sourcemodbackup\sourcemod\addons\sourcemod\scripting\autodifficultypatch.sp::OnClientDisconnect_Post
L 06/03/2017 - 15:34:16: [SM] Exception reported: Entity 1 (1) is invalid
L 06/03/2017 - 15:34:16: [SM] Blaming: autodifficultypatch.smx
L 06/03/2017 - 15:34:16: [SM] Call stack trace:
L 06/03/2017 - 15:34:16: [SM]   [0] GetEntPropString
L 06/03/2017 - 15:34:16: [SM]   [1] Line 1421, C:\Users\EthorbitV2\Desktop\sourcemodbackup\sourcemod\addons\sourcemod\scripting\autodifficultypatch.sp::FindEntityByTargetName
L 06/03/2017 - 15:34:16: [SM]   [2] Line 969, C:\Users\EthorbitV2\Desktop\sourcemodbackup\sourcemod\addons\sourcemod\scripting\autodifficultypatch.sp::UpdateHeadcrab
L 06/03/2017 - 15:34:16: [SM]   [3] Line 26, C:\Users\EthorbitV2\Desktop\sourcemodbackup\sourcemod\addons\sourcemod\scripting\autodifficultypatch.sp::OnClientDisconnect_Post
L 06/03/2017 - 15:47:21: [SM] Exception reported: Entity 1 (1) is invalid
L 06/03/2017 - 15:47:21: [SM] Blaming: autodifficultypatch.smx
L 06/03/2017 - 15:47:21: [SM] Call stack trace:
L 06/03/2017 - 15:47:21: [SM]   [0] GetEntPropString
L 06/03/2017 - 15:47:21: [SM]   [1] Line 1421, C:\Users\EthorbitV2\Desktop\sourcemodbackup\sourcemod\addons\sourcemod\scripting\autodifficultypatch.sp::FindEntityByTargetName
L 06/03/2017 - 15:47:21: [SM]   [2] Line 969, C:\Users\EthorbitV2\Desktop\sourcemodbackup\sourcemod\addons\sourcemod\scripting\autodifficultypatch.sp::UpdateHeadcrab
L 06/03/2017 - 15:47:21: [SM]   [3] Line 26, C:\Users\EthorbitV2\Desktop\sourcemodbackup\sourcemod\addons\sourcemod\scripting\autodifficultypatch.sp::OnClientDisconnect_Post
L 06/03/2017 - 15:59:51: [SM] Exception reported: Entity 1 (1) is invalid
L 06/03/2017 - 15:59:51: [SM] Blaming: autodifficultypatch.smx
L 06/03/2017 - 15:59:51: [SM] Call stack trace:
L 06/03/2017 - 15:59:51: [SM]   [0] GetEntPropString
L 06/03/2017 - 15:59:51: [SM]   [1] Line 1421, C:\Users\EthorbitV2\Desktop\sourcemodbackup\sourcemod\addons\sourcemod\scripting\autodifficultypatch.sp::FindEntityByTargetName
L 06/03/2017 - 15:59:51: [SM]   [2] Line 969, C:\Users\EthorbitV2\Desktop\sourcemodbackup\sourcemod\addons\sourcemod\scripting\autodifficultypatch.sp::UpdateHeadcrab
L 06/03/2017 - 15:59:51: [SM]   [3] Line 26, C:\Users\EthorbitV2\Desktop\sourcemodbackup\sourcemod\addons\sourcemod\scripting\autodifficultypatch.sp::OnClientDisconnect_Post
L 06/03/2017 - 16:01:28: Error log file session closed.
L 06/03/2017 - 16:01:28: SourceMod error session started
L 06/03/2017 - 16:01:28: Info (map "pb_z_underground_m") (file "errors_20170603.log")
L 06/03/2017 - 16:01:28: [SM] Fatal error encountered parsing translation file "savescores.phrases.txt"
L 06/03/2017 - 16:01:28: [SM] Error (line 0, column 0): Stream failed to open
L 06/03/2017 - 16:01:28: [SM] Fatal error encountered parsing translation file "customvotes.phrases.txt"
L 06/03/2017 - 16:01:28: [SM] Error (line 0, column 0): Stream failed to open
L 06/03/2017 - 17:01:38: Error log file session closed.
L 06/03/2017 - 17:01:38: SourceMod error session started
L 06/03/2017 - 17:01:38: Info (map "pb_z_area51_m") (file "errors_20170603.log")
L 06/03/2017 - 17:01:38: [SM] Fatal error encountered parsing translation file "savescores.phrases.txt"
L 06/03/2017 - 17:01:38: [SM] Error (line 0, column 0): Stream failed to open
L 06/03/2017 - 17:01:38: [SM] Fatal error encountered parsing translation file "customvotes.phrases.txt"
L 06/03/2017 - 17:01:38: [SM] Error (line 0, column 0): Stream failed to open
L 06/03/2017 - 17:51:54: [SM] Exception reported: Entity 1 (1) is invalid
L 06/03/2017 - 17:51:54: [SM] Blaming: autodifficultypatch.smx
L 06/03/2017 - 17:51:54: [SM] Call stack trace:
L 06/03/2017 - 17:51:54: [SM]   [0] GetEntPropString
L 06/03/2017 - 17:51:54: [SM]   [1] Line 1421, C:\Users\EthorbitV2\Desktop\sourcemodbackup\sourcemod\addons\sourcemod\scripting\autodifficultypatch.sp::FindEntityByTargetName
L 06/03/2017 - 17:51:54: [SM]   [2] Line 1271, C:\Users\EthorbitV2\Desktop\sourcemodbackup\sourcemod\addons\sourcemod\scripting\autodifficultypatch.sp::UpdateHeadcrab
L 06/03/2017 - 17:51:54: [SM]   [3] Line 26, C:\Users\EthorbitV2\Desktop\sourcemodbackup\sourcemod\addons\sourcemod\scripting\autodifficultypatch.sp::OnClientDisconnect_Post
L 06/03/2017 - 17:51:55: Error log file session closed.
L 06/03/2017 - 17:51:55: SourceMod error session started
L 06/03/2017 - 17:51:55: Info (map "dm_october_m") (file "errors_20170603.log")
L 06/03/2017 - 17:51:55: [SM] Fatal error encountered parsing translation file "savescores.phrases.txt"
L 06/03/2017 - 17:51:55: [SM] Error (line 0, column 0): Stream failed to open
L 06/03/2017 - 17:51:55: [SM] Fatal error encountered parsing translation file "customvotes.phrases.txt"
L 06/03/2017 - 17:51:55: [SM] Error (line 0, column 0): Stream failed to open
L 06/03/2017 - 18:52:05: Error log file session closed.
L 06/03/2017 - 18:52:05: SourceMod error session started
L 06/03/2017 - 18:52:05: Info (map "dm_coldruins_rc1_m") (file "errors_20170603.log")
L 06/03/2017 - 18:52:05: [SM] Fatal error encountered parsing translation file "savescores.phrases.txt"
L 06/03/2017 - 18:52:05: [SM] Error (line 0, column 0): Stream failed to open
L 06/03/2017 - 18:52:05: [SM] Fatal error encountered parsing translation file "customvotes.phrases.txt"
L 06/03/2017 - 18:52:05: [SM] Error (line 0, column 0): Stream failed to open
L 06/03/2017 - 19:03:37: [SM] Exception reported: Entity 1 (1) is invalid
L 06/03/2017 - 19:03:37: [SM] Blaming: autodifficultypatch.smx
L 06/03/2017 - 19:03:37: [SM] Call stack trace:
L 06/03/2017 - 19:03:37: [SM]   [0] GetEntPropString
L 06/03/2017 - 19:03:37: [SM]   [1] Line 1421, C:\Users\EthorbitV2\Desktop\sourcemodbackup\sourcemod\addons\sourcemod\scripting\autodifficultypatch.sp::FindEntityByTargetName
L 06/03/2017 - 19:03:37: [SM]   [2] Line 669, C:\Users\EthorbitV2\Desktop\sourcemodbackup\sourcemod\addons\sourcemod\scripting\autodifficultypatch.sp::UpdateHeadcrab
L 06/03/2017 - 19:03:37: [SM]   [3] Line 26, C:\Users\EthorbitV2\Desktop\sourcemodbackup\sourcemod\addons\sourcemod\scripting\autodifficultypatch.sp::OnClientDisconnect_Post
L 06/03/2017 - 19:08:45: [SM] Exception reported: Entity 2 (2) is invalid
L 06/03/2017 - 19:08:45: [SM] Blaming: autodifficultypatch.smx
L 06/03/2017 - 19:08:45: [SM] Call stack trace:
L 06/03/2017 - 19:08:45: [SM]   [0] GetEntPropString
L 06/03/2017 - 19:08:45: [SM]   [1] Line 1421, C:\Users\EthorbitV2\Desktop\sourcemodbackup\sourcemod\addons\sourcemod\scripting\autodifficultypatch.sp::FindEntityByTargetName
L 06/03/2017 - 19:08:45: [SM]   [2] Line 677, C:\Users\EthorbitV2\Desktop\sourcemodbackup\sourcemod\addons\sourcemod\scripting\autodifficultypatch.sp::UpdateHeadcrab
L 06/03/2017 - 19:08:45: [SM]   [3] Line 26, C:\Users\EthorbitV2\Desktop\sourcemodbackup\sourcemod\addons\sourcemod\scripting\autodifficultypatch.sp::OnClientDisconnect_Post
L 06/03/2017 - 19:08:49: [SM] Exception reported: Entity 1 (1) is invalid
L 06/03/2017 - 19:08:49: [SM] Blaming: autodifficultypatch.smx
L 06/03/2017 - 19:08:49: [SM] Call stack trace:
L 06/03/2017 - 19:08:49: [SM]   [0] GetEntPropString
L 06/03/2017 - 19:08:49: [SM]   [1] Line 1421, C:\Users\EthorbitV2\Desktop\sourcemodbackup\sourcemod\addons\sourcemod\scripting\autodifficultypatch.sp::FindEntityByTargetName
L 06/03/2017 - 19:08:49: [SM]   [2] Line 669, C:\Users\EthorbitV2\Desktop\sourcemodbackup\sourcemod\addons\sourcemod\scripting\autodifficultypatch.sp::UpdateHeadcrab
L 06/03/2017 - 19:08:49: [SM]   [3] Line 26, C:\Users\EthorbitV2\Desktop\sourcemodbackup\sourcemod\addons\sourcemod\scripting\autodifficultypatch.sp::OnClientDisconnect_Post
L 06/03/2017 - 19:10:14: [SM] Exception reported: Entity 1 (1) is invalid
L 06/03/2017 - 19:10:14: [SM] Blaming: autodifficultypatch.smx
L 06/03/2017 - 19:10:14: [SM] Call stack trace:
L 06/03/2017 - 19:10:14: [SM]   [0] GetEntPropString
L 06/03/2017 - 19:10:14: [SM]   [1] Line 1421, C:\Users\EthorbitV2\Desktop\sourcemodbackup\sourcemod\addons\sourcemod\scripting\autodifficultypatch.sp::FindEntityByTargetName
L 06/03/2017 - 19:10:14: [SM]   [2] Line 669, C:\Users\EthorbitV2\Desktop\sourcemodbackup\sourcemod\addons\sourcemod\scripting\autodifficultypatch.sp::UpdateHeadcrab
L 06/03/2017 - 19:10:14: [SM]   [3] Line 26, C:\Users\EthorbitV2\Desktop\sourcemodbackup\sourcemod\addons\sourcemod\scripting\autodifficultypatch.sp::OnClientDisconnect_Post
L 06/03/2017 - 19:10:15: Error log file session closed.
L 06/03/2017 - 19:10:15: SourceMod error session started
L 06/03/2017 - 19:10:15: Info (map "dm_snowfall_m") (file "errors_20170603.log")
L 06/03/2017 - 19:10:15: [SM] Fatal error encountered parsing translation file "savescores.phrases.txt"
L 06/03/2017 - 19:10:15: [SM] Error (line 0, column 0): Stream failed to open
L 06/03/2017 - 19:10:15: [SM] Fatal error encountered parsing translation file "customvotes.phrases.txt"
L 06/03/2017 - 19:10:15: [SM] Error (line 0, column 0): Stream failed to open
L 06/03/2017 - 19:15:15: Error log file session closed.
L 06/03/2017 - 19:15:15: SourceMod error session started
L 06/03/2017 - 19:15:15: Info (map "dm_central_station_v1_m") (file "errors_20170603.log")
L 06/03/2017 - 19:15:15: [SM] Fatal error encountered parsing translation file "savescores.phrases.txt"
L 06/03/2017 - 19:15:15: [SM] Error (line 0, column 0): Stream failed to open
L 06/03/2017 - 19:15:15: [SM] Fatal error encountered parsing translation file "customvotes.phrases.txt"
L 06/03/2017 - 19:15:15: [SM] Error (line 0, column 0): Stream failed to open
L 06/03/2017 - 19:16:22: SourceMod error session started
L 06/03/2017 - 19:16:22: Info (map "pb_z_high_school_m") (file "errors_20170603.log")
L 06/03/2017 - 19:16:22: [SDKTOOLS] Invalid detour address passed - Disabling detour to prevent crashes
L 06/03/2017 - 19:16:23: [SM] Unable to load extension "soundlib.ext": error code 0000007e
L 06/03/2017 - 19:16:23: [SM] Unable to load extension "config.ext": error code 0000007e
L 06/03/2017 - 19:16:23: [SM] Fatal error encountered parsing translation file "savescores.phrases.txt"
L 06/03/2017 - 19:16:23: [SM] Error (line 0, column 0): Stream failed to open
L 06/03/2017 - 19:16:23: [SM] Unable to load plugin "time-left-actions.smx": Required extension "Sound Info Library" file("soundlib.ext") not running
L 06/03/2017 - 19:17:03: [SM] Exception reported: Entity 1 (1) is invalid
L 06/03/2017 - 19:17:03: [SM] Blaming: autodifficultypatch.smx
L 06/03/2017 - 19:17:03: [SM] Call stack trace:
L 06/03/2017 - 19:17:03: [SM]   [0] GetEntPropString
L 06/03/2017 - 19:17:03: [SM]   [1] Line 1421, C:\Users\EthorbitV2\Desktop\sourcemodbackup\sourcemod\addons\sourcemod\scripting\autodifficultypatch.sp::FindEntityByTargetName
L 06/03/2017 - 19:17:03: [SM]   [2] Line 1195, C:\Users\EthorbitV2\Desktop\sourcemodbackup\sourcemod\addons\sourcemod\scripting\autodifficultypatch.sp::UpdateHeadcrab
L 06/03/2017 - 19:17:03: [SM]   [3] Line 26, C:\Users\EthorbitV2\Desktop\sourcemodbackup\sourcemod\addons\sourcemod\scripting\autodifficultypatch.sp::OnClientDisconnect_Post
L 06/03/2017 - 19:17:03: Error log file session closed.
L 06/03/2017 - 19:17:03: SourceMod error session started
L 06/03/2017 - 19:17:03: Info (map "dm_central_station_v1_m") (file "errors_20170603.log")
L 06/03/2017 - 19:17:03: [SM] Fatal error encountered parsing translation file "savescores.phrases.txt"
L 06/03/2017 - 19:17:03: [SM] Error (line 0, column 0): Stream failed to open
L 06/03/2017 - 19:18:20: Error log file session closed.
L 06/03/2017 - 19:18:20: SourceMod error session started
L 06/03/2017 - 19:18:20: Info (map "dm_snowfall_m") (file "errors_20170603.log")
L 06/03/2017 - 19:18:20: [SM] Fatal error encountered parsing translation file "savescores.phrases.txt"
L 06/03/2017 - 19:18:20: [SM] Error (line 0, column 0): Stream failed to open
L 06/03/2017 - 19:18:35: [SM] Fatal error encountered parsing translation file "customvotes.phrases.txt"
L 06/03/2017 - 19:18:35: [SM] Error (line 0, column 0): Stream failed to open
L 06/03/2017 - 19:30:58: SourceMod error session started
L 06/03/2017 - 19:30:58: Info (map "pb_z_high_school_m") (file "errors_20170603.log")
L 06/03/2017 - 19:30:58: [SDKTOOLS] Invalid detour address passed - Disabling detour to prevent crashes
L 06/03/2017 - 19:30:58: [SM] Unable to load extension "soundlib.ext": error code 0000007e
L 06/03/2017 - 19:30:58: [SM] Unable to load extension "config.ext": error code 0000007e
L 06/03/2017 - 19:30:58: [SM] Fatal error encountered parsing translation file "savescores.phrases.txt"
L 06/03/2017 - 19:30:58: [SM] Error (line 0, column 0): Stream failed to open
L 06/03/2017 - 19:30:58: [SM] Unable to load plugin "time-left-actions.smx": Required extension "Sound Info Library" file("soundlib.ext") not running
L 06/03/2017 - 19:31:34: [SM] Exception reported: Entity 1 (1) is invalid
L 06/03/2017 - 19:31:34: [SM] Blaming: autodifficultypatch.smx
L 06/03/2017 - 19:31:34: [SM] Call stack trace:
L 06/03/2017 - 19:31:34: [SM]   [0] GetEntPropString
L 06/03/2017 - 19:31:34: [SM]   [1] Line 1421, C:\Users\EthorbitV2\Desktop\sourcemodbackup\sourcemod\addons\sourcemod\scripting\autodifficultypatch.sp::FindEntityByTargetName
L 06/03/2017 - 19:31:34: [SM]   [2] Line 1195, C:\Users\EthorbitV2\Desktop\sourcemodbackup\sourcemod\addons\sourcemod\scripting\autodifficultypatch.sp::UpdateHeadcrab
L 06/03/2017 - 19:31:34: [SM]   [3] Line 26, C:\Users\EthorbitV2\Desktop\sourcemodbackup\sourcemod\addons\sourcemod\scripting\autodifficultypatch.sp::OnClientDisconnect_Post
L 06/03/2017 - 19:31:34: Error log file session closed.
L 06/03/2017 - 19:31:34: SourceMod error session started
L 06/03/2017 - 19:31:34: Info (map "dm_snowfall_m") (file "errors_20170603.log")
L 06/03/2017 - 19:31:34: [SM] Fatal error encountered parsing translation file "savescores.phrases.txt"
L 06/03/2017 - 19:31:34: [SM] Error (line 0, column 0): Stream failed to open
L 06/03/2017 - 19:31:44: [SM] Fatal error encountered parsing translation file "customvotes.phrases.txt"
L 06/03/2017 - 19:31:44: [SM] Error (line 0, column 0): Stream failed to open
L 06/03/2017 - 20:31:44: Error log file session closed.
L 06/03/2017 - 20:31:44: SourceMod error session started
L 06/03/2017 - 20:31:44: Info (map "dm_laststop_m") (file "errors_20170603.log")
L 06/03/2017 - 20:31:44: [SM] Fatal error encountered parsing translation file "savescores.phrases.txt"
L 06/03/2017 - 20:31:44: [SM] Error (line 0, column 0): Stream failed to open
L 06/03/2017 - 20:31:44: [SM] Fatal error encountered parsing translation file "customvotes.phrases.txt"
L 06/03/2017 - 20:31:44: [SM] Error (line 0, column 0): Stream failed to open
L 06/03/2017 - 21:06:42: [SM] Exception reported: Entity 1 (1) is invalid
L 06/03/2017 - 21:06:42: [SM] Blaming: autodifficultypatch.smx
L 06/03/2017 - 21:06:42: [SM] Call stack trace:
L 06/03/2017 - 21:06:42: [SM]   [0] GetEntPropString
L 06/03/2017 - 21:06:42: [SM]   [1] Line 1421, C:\Users\EthorbitV2\Desktop\sourcemodbackup\sourcemod\addons\sourcemod\scripting\autodifficultypatch.sp::FindEntityByTargetName
L 06/03/2017 - 21:06:42: [SM]   [2] Line 894, C:\Users\EthorbitV2\Desktop\sourcemodbackup\sourcemod\addons\sourcemod\scripting\autodifficultypatch.sp::UpdateHeadcrab
L 06/03/2017 - 21:06:42: [SM]   [3] Line 26, C:\Users\EthorbitV2\Desktop\sourcemodbackup\sourcemod\addons\sourcemod\scripting\autodifficultypatch.sp::OnClientDisconnect_Post
L 06/03/2017 - 21:06:43: Error log file session closed.
L 06/03/2017 - 21:06:43: SourceMod error session started
L 06/03/2017 - 21:06:43: Info (map "dm_morbid_m") (file "errors_20170603.log")
L 06/03/2017 - 21:06:43: [SM] Fatal error encountered parsing translation file "savescores.phrases.txt"
L 06/03/2017 - 21:06:43: [SM] Error (line 0, column 0): Stream failed to open
L 06/03/2017 - 21:06:43: [SM] Fatal error encountered parsing translation file "customvotes.phrases.txt"
L 06/03/2017 - 21:06:43: [SM] Error (line 0, column 0): Stream failed to open
L 06/03/2017 - 21:10:10: [SM] Exception reported: Entity 1 (1) is invalid
L 06/03/2017 - 21:10:10: [SM] Blaming: autodifficultypatch.smx
L 06/03/2017 - 21:10:10: [SM] Call stack trace:
L 06/03/2017 - 21:10:10: [SM]   [0] GetEntPropString
L 06/03/2017 - 21:10:10: [SM]   [1] Line 1421, C:\Users\EthorbitV2\Desktop\sourcemodbackup\sourcemod\addons\sourcemod\scripting\autodifficultypatch.sp::FindEntityByTargetName
L 06/03/2017 - 21:10:10: [SM]   [2] Line 1346, C:\Users\EthorbitV2\Desktop\sourcemodbackup\sourcemod\addons\sourcemod\scripting\autodifficultypatch.sp::UpdateHeadcrab
L 06/03/2017 - 21:10:10: [SM]   [3] Line 26, C:\Users\EthorbitV2\Desktop\sourcemodbackup\sourcemod\addons\sourcemod\scripting\autodifficultypatch.sp::OnClientDisconnect_Post
L 06/03/2017 - 21:10:10: Error log file session closed.
L 06/03/2017 - 21:10:11: SourceMod error session started
L 06/03/2017 - 21:10:11: Info (map "dm_hellsdistrict_m") (file "errors_20170603.log")
L 06/03/2017 - 21:10:11: [SM] Fatal error encountered parsing translation file "savescores.phrases.txt"
L 06/03/2017 - 21:10:11: [SM] Error (line 0, column 0): Stream failed to open
L 06/03/2017 - 21:10:11: [SM] Fatal error encountered parsing translation file "customvotes.phrases.txt"
L 06/03/2017 - 21:10:11: [SM] Error (line 0, column 0): Stream failed to open
L 06/03/2017 - 21:33:04: Error log file session closed.
L 06/03/2017 - 21:33:04: SourceMod error session started
L 06/03/2017 - 21:33:04: Info (map "dm_coldruins_rc1_m") (file "errors_20170603.log")
L 06/03/2017 - 21:33:04: [SM] Fatal error encountered parsing translation file "savescores.phrases.txt"
L 06/03/2017 - 21:33:04: [SM] Error (line 0, column 0): Stream failed to open
L 06/03/2017 - 21:33:04: [SM] Fatal error encountered parsing translation file "customvotes.phrases.txt"
L 06/03/2017 - 21:33:04: [SM] Error (line 0, column 0): Stream failed to open
L 06/03/2017 - 21:42:28: [SM] Exception reported: Entity 1 (1) is invalid
L 06/03/2017 - 21:42:28: [SM] Blaming: autodifficultypatch.smx
L 06/03/2017 - 21:42:28: [SM] Call stack trace:
L 06/03/2017 - 21:42:28: [SM]   [0] GetEntPropString
L 06/03/2017 - 21:42:28: [SM]   [1] Line 1421, C:\Users\EthorbitV2\Desktop\sourcemodbackup\sourcemod\addons\sourcemod\scripting\autodifficultypatch.sp::FindEntityByTargetName
L 06/03/2017 - 21:42:28: [SM]   [2] Line 669, C:\Users\EthorbitV2\Desktop\sourcemodbackup\sourcemod\addons\sourcemod\scripting\autodifficultypatch.sp::UpdateHeadcrab
L 06/03/2017 - 21:42:28: [SM]   [3] Line 26, C:\Users\EthorbitV2\Desktop\sourcemodbackup\sourcemod\addons\sourcemod\scripting\autodifficultypatch.sp::OnClientDisconnect_Post
L 06/03/2017 - 22:26:07: [SM] Exception reported: Entity 1 (1) is invalid
L 06/03/2017 - 22:26:07: [SM] Blaming: autodifficultypatch.smx
L 06/03/2017 - 22:26:07: [SM] Call stack trace:
L 06/03/2017 - 22:26:07: [SM]   [0] GetEntPropString
L 06/03/2017 - 22:26:07: [SM]   [1] Line 1421, C:\Users\EthorbitV2\Desktop\sourcemodbackup\sourcemod\addons\sourcemod\scripting\autodifficultypatch.sp::FindEntityByTargetName
L 06/03/2017 - 22:26:07: [SM]   [2] Line 693, C:\Users\EthorbitV2\Desktop\sourcemodbackup\sourcemod\addons\sourcemod\scripting\autodifficultypatch.sp::UpdateHeadcrab
L 06/03/2017 - 22:26:07: [SM]   [3] Line 26, C:\Users\EthorbitV2\Desktop\sourcemodbackup\sourcemod\addons\sourcemod\scripting\autodifficultypatch.sp::OnClientDisconnect_Post
L 06/03/2017 - 22:26:07: [SM] Exception reported: Entity 2 (2) is invalid
L 06/03/2017 - 22:26:07: [SM] Blaming: autodifficultypatch.smx
L 06/03/2017 - 22:26:07: [SM] Call stack trace:
L 06/03/2017 - 22:26:07: [SM]   [0] GetEntPropString
L 06/03/2017 - 22:26:07: [SM]   [1] Line 1421, C:\Users\EthorbitV2\Desktop\sourcemodbackup\sourcemod\addons\sourcemod\scripting\autodifficultypatch.sp::FindEntityByTargetName
L 06/03/2017 - 22:26:07: [SM]   [2] Line 685, C:\Users\EthorbitV2\Desktop\sourcemodbackup\sourcemod\addons\sourcemod\scripting\autodifficultypatch.sp::UpdateHeadcrab
L 06/03/2017 - 22:26:07: [SM]   [3] Line 26, C:\Users\EthorbitV2\Desktop\sourcemodbackup\sourcemod\addons\sourcemod\scripting\autodifficultypatch.sp::OnClientDisconnect_Post
L 06/03/2017 - 22:26:07: [SM] Exception reported: Entity 3 (3) is invalid
L 06/03/2017 - 22:26:07: [SM] Blaming: autodifficultypatch.smx
L 06/03/2017 - 22:26:07: [SM] Call stack trace:
L 06/03/2017 - 22:26:07: [SM]   [0] GetEntPropString
L 06/03/2017 - 22:26:07: [SM]   [1] Line 1421, C:\Users\EthorbitV2\Desktop\sourcemodbackup\sourcemod\addons\sourcemod\scripting\autodifficultypatch.sp::FindEntityByTargetName
L 06/03/2017 - 22:26:07: [SM]   [2] Line 677, C:\Users\EthorbitV2\Desktop\sourcemodbackup\sourcemod\addons\sourcemod\scripting\autodifficultypatch.sp::UpdateHeadcrab
L 06/03/2017 - 22:26:07: [SM]   [3] Line 26, C:\Users\EthorbitV2\Desktop\sourcemodbackup\sourcemod\addons\sourcemod\scripting\autodifficultypatch.sp::OnClientDisconnect_Post
L 06/03/2017 - 22:26:07: [SM] Exception reported: Entity 4 (4) is invalid
L 06/03/2017 - 22:26:07: [SM] Blaming: autodifficultypatch.smx
L 06/03/2017 - 22:26:07: [SM] Call stack trace:
L 06/03/2017 - 22:26:07: [SM]   [0] GetEntPropString
L 06/03/2017 - 22:26:07: [SM]   [1] Line 1421, C:\Users\EthorbitV2\Desktop\sourcemodbackup\sourcemod\addons\sourcemod\scripting\autodifficultypatch.sp::FindEntityByTargetName
L 06/03/2017 - 22:26:07: [SM]   [2] Line 669, C:\Users\EthorbitV2\Desktop\sourcemodbackup\sourcemod\addons\sourcemod\scripting\autodifficultypatch.sp::UpdateHeadcrab
L 06/03/2017 - 22:26:07: [SM]   [3] Line 26, C:\Users\EthorbitV2\Desktop\sourcemodbackup\sourcemod\addons\sourcemod\scripting\autodifficultypatch.sp::OnClientDisconnect_Post
L 06/03/2017 - 22:26:07: Error log file session closed.
L 06/03/2017 - 22:26:07: SourceMod error session started
L 06/03/2017 - 22:26:07: Info (map "dm_october_m") (file "errors_20170603.log")
L 06/03/2017 - 22:26:07: [SM] Fatal error encountered parsing translation file "savescores.phrases.txt"
L 06/03/2017 - 22:26:07: [SM] Error (line 0, column 0): Stream failed to open
L 06/03/2017 - 22:26:07: [SM] Fatal error encountered parsing translation file "customvotes.phrases.txt"
L 06/03/2017 - 22:26:07: [SM] Error (line 0, column 0): Stream failed to open
L 06/03/2017 - 22:47:38: Error log file session closed.
L 06/03/2017 - 22:47:38: SourceMod error session started
L 06/03/2017 - 22:47:38: Info (map "pb_z_office_tower_v2_m") (file "errors_20170603.log")
L 06/03/2017 - 22:47:38: [SM] Fatal error encountered parsing translation file "savescores.phrases.txt"
L 06/03/2017 - 22:47:38: [SM] Error (line 0, column 0): Stream failed to open
L 06/03/2017 - 22:47:38: [SM] Fatal error encountered parsing translation file "customvotes.phrases.txt"
L 06/03/2017 - 22:47:38: [SM] Error (line 0, column 0): Stream failed to open
L 06/03/2017 - 22:50:21: [SM] Exception reported: Entity 7 (7) is invalid
L 06/03/2017 - 22:50:21: [SM] Blaming: autodifficultypatch.smx
L 06/03/2017 - 22:50:21: [SM] Call stack trace:
L 06/03/2017 - 22:50:21: [SM]   [0] GetEntPropString
L 06/03/2017 - 22:50:21: [SM]   [1] Line 1421, C:\Users\EthorbitV2\Desktop\sourcemodbackup\sourcemod\addons\sourcemod\scripting\autodifficultypatch.sp::FindEntityByTargetName
L 06/03/2017 - 22:50:21: [SM]   [2] Line 350, C:\Users\EthorbitV2\Desktop\sourcemodbackup\sourcemod\addons\sourcemod\scripting\autodifficultypatch.sp::UpdateHeadcrab
L 06/03/2017 - 22:50:21: [SM]   [3] Line 26, C:\Users\EthorbitV2\Desktop\sourcemodbackup\sourcemod\addons\sourcemod\scripting\autodifficultypatch.sp::OnClientDisconnect_Post
L 06/03/2017 - 22:52:09: [SM] Exception reported: Entity 2 (2) is invalid
L 06/03/2017 - 22:52:09: [SM] Blaming: autodifficultypatch.smx
L 06/03/2017 - 22:52:09: [SM] Call stack trace:
L 06/03/2017 - 22:52:09: [SM]   [0] GetEntPropString
L 06/03/2017 - 22:52:09: [SM]   [1] Line 1421, C:\Users\EthorbitV2\Desktop\sourcemodbackup\sourcemod\addons\sourcemod\scripting\autodifficultypatch.sp::FindEntityByTargetName
L 06/03/2017 - 22:52:09: [SM]   [2] Line 358, C:\Users\EthorbitV2\Desktop\sourcemodbackup\sourcemod\addons\sourcemod\scripting\autodifficultypatch.sp::UpdateHeadcrab
L 06/03/2017 - 22:52:09: [SM]   [3] Line 26, C:\Users\EthorbitV2\Desktop\sourcemodbackup\sourcemod\addons\sourcemod\scripting\autodifficultypatch.sp::OnClientDisconnect_Post
L 06/03/2017 - 22:52:22: [SM] Exception reported: Entity 3 (3) is invalid
L 06/03/2017 - 22:52:22: [SM] Blaming: autodifficultypatch.smx
L 06/03/2017 - 22:52:22: [SM] Call stack trace:
L 06/03/2017 - 22:52:22: [SM]   [0] GetEntPropString
L 06/03/2017 - 22:52:22: [SM]   [1] Line 1421, C:\Users\EthorbitV2\Desktop\sourcemodbackup\sourcemod\addons\sourcemod\scripting\autodifficultypatch.sp::FindEntityByTargetName
L 06/03/2017 - 22:52:22: [SM]   [2] Line 350, C:\Users\EthorbitV2\Desktop\sourcemodbackup\sourcemod\addons\sourcemod\scripting\autodifficultypatch.sp::UpdateHeadcrab
L 06/03/2017 - 22:52:22: [SM]   [3] Line 26, C:\Users\EthorbitV2\Desktop\sourcemodbackup\sourcemod\addons\sourcemod\scripting\autodifficultypatch.sp::OnClientDisconnect_Post
L 06/03/2017 - 22:52:45: [SM] Exception reported: Entity 1 (1) is invalid
L 06/03/2017 - 22:52:45: [SM] Blaming: autodifficultypatch.smx
L 06/03/2017 - 22:52:45: [SM] Call stack trace:
L 06/03/2017 - 22:52:45: [SM]   [0] GetEntPropString
L 06/03/2017 - 22:52:45: [SM]   [1] Line 1421, C:\Users\EthorbitV2\Desktop\sourcemodbackup\sourcemod\addons\sourcemod\scripting\autodifficultypatch.sp::FindEntityByTargetName
L 06/03/2017 - 22:52:45: [SM]   [2] Line 342, C:\Users\EthorbitV2\Desktop\sourcemodbackup\sourcemod\addons\sourcemod\scripting\autodifficultypatch.sp::UpdateHeadcrab
L 06/03/2017 - 22:52:45: [SM]   [3] Line 26, C:\Users\EthorbitV2\Desktop\sourcemodbackup\sourcemod\addons\sourcemod\scripting\autodifficultypatch.sp::OnClientDisconnect_Post
L 06/03/2017 - 22:52:45: [SM] Exception reported: Entity 4 (4) is invalid
L 06/03/2017 - 22:52:45: [SM] Blaming: autodifficultypatch.smx
L 06/03/2017 - 22:52:45: [SM] Call stack trace:
L 06/03/2017 - 22:52:45: [SM]   [0] GetEntPropString
L 06/03/2017 - 22:52:45: [SM]   [1] Line 1421, C:\Users\EthorbitV2\Desktop\sourcemodbackup\sourcemod\addons\sourcemod\scripting\autodifficultypatch.sp::FindEntityByTargetName
L 06/03/2017 - 22:52:45: [SM]   [2] Line 334, C:\Users\EthorbitV2\Desktop\sourcemodbackup\sourcemod\addons\sourcemod\scripting\autodifficultypatch.sp::UpdateHeadcrab
L 06/03/2017 - 22:52:45: [SM]   [3] Line 26, C:\Users\EthorbitV2\Desktop\sourcemodbackup\sourcemod\addons\sourcemod\scripting\autodifficultypatch.sp::OnClientDisconnect_Post
L 06/03/2017 - 22:52:45: [SM] Exception reported: Entity 5 (5) is invalid
L 06/03/2017 - 22:52:45: [SM] Blaming: autodifficultypatch.smx
L 06/03/2017 - 22:52:45: [SM] Call stack trace:
L 06/03/2017 - 22:52:45: [SM]   [0] GetEntPropString
L 06/03/2017 - 22:52:45: [SM]   [1] Line 1421, C:\Users\EthorbitV2\Desktop\sourcemodbackup\sourcemod\addons\sourcemod\scripting\autodifficultypatch.sp::FindEntityByTargetName
L 06/03/2017 - 22:52:45: [SM]   [2] Line 326, C:\Users\EthorbitV2\Desktop\sourcemodbackup\sourcemod\addons\sourcemod\scripting\autodifficultypatch.sp::UpdateHeadcrab
L 06/03/2017 - 22:52:45: [SM]   [3] Line 26, C:\Users\EthorbitV2\Desktop\sourcemodbackup\sourcemod\addons\sourcemod\scripting\autodifficultypatch.sp::OnClientDisconnect_Post
L 06/03/2017 - 22:52:45: [SM] Exception reported: Entity 6 (6) is invalid
L 06/03/2017 - 22:52:45: [SM] Blaming: autodifficultypatch.smx
L 06/03/2017 - 22:52:45: [SM] Call stack trace:
L 06/03/2017 - 22:52:45: [SM]   [0] GetEntPropString
L 06/03/2017 - 22:52:45: [SM]   [1] Line 1421, C:\Users\EthorbitV2\Desktop\sourcemodbackup\sourcemod\addons\sourcemod\scripting\autodifficultypatch.sp::FindEntityByTargetName
L 06/03/2017 - 22:52:45: [SM]   [2] Line 318, C:\Users\EthorbitV2\Desktop\sourcemodbackup\sourcemod\addons\sourcemod\scripting\autodifficultypatch.sp::UpdateHeadcrab
L 06/03/2017 - 22:52:45: [SM]   [3] Line 26, C:\Users\EthorbitV2\Desktop\sourcemodbackup\sourcemod\addons\sourcemod\scripting\autodifficultypatch.sp::OnClientDisconnect_Post
L 06/03/2017 - 22:52:45: [SM] Exception reported: Entity 7 (7) is invalid
L 06/03/2017 - 22:52:45: [SM] Blaming: autodifficultypatch.smx
L 06/03/2017 - 22:52:45: [SM] Call stack trace:
L 06/03/2017 - 22:52:45: [SM]   [0] GetEntPropString
L 06/03/2017 - 22:52:45: [SM]   [1] Line 1421, C:\Users\EthorbitV2\Desktop\sourcemodbackup\sourcemod\addons\sourcemod\scripting\autodifficultypatch.sp::FindEntityByTargetName
L 06/03/2017 - 22:52:45: [SM]   [2] Line 310, C:\Users\EthorbitV2\Desktop\sourcemodbackup\sourcemod\addons\sourcemod\scripting\autodifficultypatch.sp::UpdateHeadcrab
L 06/03/2017 - 22:52:45: [SM]   [3] Line 26, C:\Users\EthorbitV2\Desktop\sourcemodbackup\sourcemod\addons\sourcemod\scripting\autodifficultypatch.sp::OnClientDisconnect_Post
L 06/03/2017 - 22:52:45: Error log file session closed.
L 06/03/2017 - 22:52:45: SourceMod error session started
L 06/03/2017 - 22:52:45: Info (map "dm_mine_entrance_m") (file "errors_20170603.log")
L 06/03/2017 - 22:52:45: [SM] Fatal error encountered parsing translation file "savescores.phrases.txt"
L 06/03/2017 - 22:52:45: [SM] Error (line 0, column 0): Stream failed to open
L 06/03/2017 - 22:52:45: [SM] Fatal error encountered parsing translation file "customvotes.phrases.txt"
L 06/03/2017 - 22:52:45: [SM] Error (line 0, column 0): Stream failed to open
L 06/03/2017 - 23:02:16: [SM] Exception reported: Entity 2 (2) is invalid
L 06/03/2017 - 23:02:16: [SM] Blaming: autodifficultypatch.smx
L 06/03/2017 - 23:02:16: [SM] Call stack trace:
L 06/03/2017 - 23:02:16: [SM]   [0] GetEntPropString
L 06/03/2017 - 23:02:16: [SM]   [1] Line 1421, C:\Users\EthorbitV2\Desktop\sourcemodbackup\sourcemod\addons\sourcemod\scripting\autodifficultypatch.sp::FindEntityByTargetName
L 06/03/2017 - 23:02:16: [SM]   [2] Line 1076, C:\Users\EthorbitV2\Desktop\sourcemodbackup\sourcemod\addons\sourcemod\scripting\autodifficultypatch.sp::UpdateHeadcrab
L 06/03/2017 - 23:02:16: [SM]   [3] Line 26, C:\Users\EthorbitV2\Desktop\sourcemodbackup\sourcemod\addons\sourcemod\scripting\autodifficultypatch.sp::OnClientDisconnect_Post
L 06/03/2017 - 23:02:41: [SM] Exception reported: Entity 1 (1) is invalid
L 06/03/2017 - 23:02:41: [SM] Blaming: autodifficultypatch.smx
L 06/03/2017 - 23:02:41: [SM] Call stack trace:
L 06/03/2017 - 23:02:41: [SM]   [0] GetEntPropString
L 06/03/2017 - 23:02:41: [SM]   [1] Line 1421, C:\Users\EthorbitV2\Desktop\sourcemodbackup\sourcemod\addons\sourcemod\scripting\autodifficultypatch.sp::FindEntityByTargetName
L 06/03/2017 - 23:02:41: [SM]   [2] Line 1068, C:\Users\EthorbitV2\Desktop\sourcemodbackup\sourcemod\addons\sourcemod\scripting\autodifficultypatch.sp::UpdateHeadcrab
L 06/03/2017 - 23:02:41: [SM]   [3] Line 26, C:\Users\EthorbitV2\Desktop\sourcemodbackup\sourcemod\addons\sourcemod\scripting\autodifficultypatch.sp::OnClientDisconnect_Post
L 06/03/2017 - 23:02:41: [SM] Exception reported: Entity 5 (5) is invalid
L 06/03/2017 - 23:02:41: [SM] Blaming: autodifficultypatch.smx
L 06/03/2017 - 23:02:41: [SM] Call stack trace:
L 06/03/2017 - 23:02:41: [SM]   [0] GetEntPropString
L 06/03/2017 - 23:02:41: [SM]   [1] Line 1421, C:\Users\EthorbitV2\Desktop\sourcemodbackup\sourcemod\addons\sourcemod\scripting\autodifficultypatch.sp::FindEntityByTargetName
L 06/03/2017 - 23:02:41: [SM]   [2] Line 1060, C:\Users\EthorbitV2\Desktop\sourcemodbackup\sourcemod\addons\sourcemod\scripting\autodifficultypatch.sp::UpdateHeadcrab
L 06/03/2017 - 23:02:41: [SM]   [3] Line 26, C:\Users\EthorbitV2\Desktop\sourcemodbackup\sourcemod\addons\sourcemod\scripting\autodifficultypatch.sp::OnClientDisconnect_Post
L 06/03/2017 - 23:02:41: [SM] Exception reported: Entity 7 (7) is invalid
L 06/03/2017 - 23:02:41: [SM] Blaming: autodifficultypatch.smx
L 06/03/2017 - 23:02:41: [SM] Call stack trace:
L 06/03/2017 - 23:02:41: [SM]   [0] GetEntPropString
L 06/03/2017 - 23:02:41: [SM]   [1] Line 1421, C:\Users\EthorbitV2\Desktop\sourcemodbackup\sourcemod\addons\sourcemod\scripting\autodifficultypatch.sp::FindEntityByTargetName
L 06/03/2017 - 23:02:41: [SM]   [2] Line 1052, C:\Users\EthorbitV2\Desktop\sourcemodbackup\sourcemod\addons\sourcemod\scripting\autodifficultypatch.sp::UpdateHeadcrab
L 06/03/2017 - 23:02:41: [SM]   [3] Line 26, C:\Users\EthorbitV2\Desktop\sourcemodbackup\sourcemod\addons\sourcemod\scripting\autodifficultypatch.sp::OnClientDisconnect_Post
L 06/03/2017 - 23:02:41: [SM] Exception reported: Entity 8 (8) is invalid
L 06/03/2017 - 23:02:41: [SM] Blaming: autodifficultypatch.smx
L 06/03/2017 - 23:02:41: [SM] Call stack trace:
L 06/03/2017 - 23:02:41: [SM]   [0] GetEntPropString
L 06/03/2017 - 23:02:41: [SM]   [1] Line 1421, C:\Users\EthorbitV2\Desktop\sourcemodbackup\sourcemod\addons\sourcemod\scripting\autodifficultypatch.sp::FindEntityByTargetName
L 06/03/2017 - 23:02:41: [SM]   [2] Line 1044, C:\Users\EthorbitV2\Desktop\sourcemodbackup\sourcemod\addons\sourcemod\scripting\autodifficultypatch.sp::UpdateHeadcrab
L 06/03/2017 - 23:02:41: [SM]   [3] Line 26, C:\Users\EthorbitV2\Desktop\sourcemodbackup\sourcemod\addons\sourcemod\scripting\autodifficultypatch.sp::OnClientDisconnect_Post
L 06/03/2017 - 23:02:41: Error log file session closed.
L 06/03/2017 - 23:02:41: SourceMod error session started
L 06/03/2017 - 23:02:41: Info (map "pb_z_disorder_m") (file "errors_20170603.log")
L 06/03/2017 - 23:02:41: [SM] Fatal error encountered parsing translation file "savescores.phrases.txt"
L 06/03/2017 - 23:02:41: [SM] Error (line 0, column 0): Stream failed to open
L 06/03/2017 - 23:02:41: [SM] Fatal error encountered parsing translation file "customvotes.phrases.txt"
L 06/03/2017 - 23:02:41: [SM] Error (line 0, column 0): Stream failed to open
L 06/03/2017 - 23:16:30: [SM] Exception reported: Entity 8 (8) is invalid
L 06/03/2017 - 23:16:30: [SM] Blaming: autodifficultypatch.smx
L 06/03/2017 - 23:16:30: [SM] Call stack trace:
L 06/03/2017 - 23:16:30: [SM]   [0] GetEntPropString
L 06/03/2017 - 23:16:30: [SM]   [1] Line 1421, C:\Users\EthorbitV2\Desktop\sourcemodbackup\sourcemod\addons\sourcemod\scripting\autodifficultypatch.sp::FindEntityByTargetName
L 06/03/2017 - 23:16:30: [SM]   [2] Line 468, C:\Users\EthorbitV2\Desktop\sourcemodbackup\sourcemod\addons\sourcemod\scripting\autodifficultypatch.sp::UpdateHeadcrab
L 06/03/2017 - 23:16:30: [SM]   [3] Line 26, C:\Users\EthorbitV2\Desktop\sourcemodbackup\sourcemod\addons\sourcemod\scripting\autodifficultypatch.sp::OnClientDisconnect_Post
L 06/03/2017 - 23:17:21: [SM] Exception reported: Entity 1 (1) is invalid
L 06/03/2017 - 23:17:21: [SM] Blaming: autodifficultypatch.smx
L 06/03/2017 - 23:17:21: [SM] Call stack trace:
L 06/03/2017 - 23:17:21: [SM]   [0] GetEntPropString
L 06/03/2017 - 23:17:21: [SM]   [1] Line 1421, C:\Users\EthorbitV2\Desktop\sourcemodbackup\sourcemod\addons\sourcemod\scripting\autodifficultypatch.sp::FindEntityByTargetName
L 06/03/2017 - 23:17:21: [SM]   [2] Line 460, C:\Users\EthorbitV2\Desktop\sourcemodbackup\sourcemod\addons\sourcemod\scripting\autodifficultypatch.sp::UpdateHeadcrab
L 06/03/2017 - 23:17:21: [SM]   [3] Line 26, C:\Users\EthorbitV2\Desktop\sourcemodbackup\sourcemod\addons\sourcemod\scripting\autodifficultypatch.sp::OnClientDisconnect_Post
L 06/03/2017 - 23:17:21: [SM] Exception reported: Entity 5 (5) is invalid
L 06/03/2017 - 23:17:21: [SM] Blaming: autodifficultypatch.smx
L 06/03/2017 - 23:17:21: [SM] Call stack trace:
L 06/03/2017 - 23:17:21: [SM]   [0] GetEntPropString
L 06/03/2017 - 23:17:21: [SM]   [1] Line 1421, C:\Users\EthorbitV2\Desktop\sourcemodbackup\sourcemod\addons\sourcemod\scripting\autodifficultypatch.sp::FindEntityByTargetName
L 06/03/2017 - 23:17:21: [SM]   [2] Line 452, C:\Users\EthorbitV2\Desktop\sourcemodbackup\sourcemod\addons\sourcemod\scripting\autodifficultypatch.sp::UpdateHeadcrab
L 06/03/2017 - 23:17:21: [SM]   [3] Line 26, C:\Users\EthorbitV2\Desktop\sourcemodbackup\sourcemod\addons\sourcemod\scripting\autodifficultypatch.sp::OnClientDisconnect_Post
L 06/03/2017 - 23:17:21: [SM] Exception reported: Entity 7 (7) is invalid
L 06/03/2017 - 23:17:21: [SM] Blaming: autodifficultypatch.smx
L 06/03/2017 - 23:17:21: [SM] Call stack trace:
L 06/03/2017 - 23:17:21: [SM]   [0] GetEntPropString
L 06/03/2017 - 23:17:21: [SM]   [1] Line 1421, C:\Users\EthorbitV2\Desktop\sourcemodbackup\sourcemod\addons\sourcemod\scripting\autodifficultypatch.sp::FindEntityByTargetName
L 06/03/2017 - 23:17:21: [SM]   [2] Line 444, C:\Users\EthorbitV2\Desktop\sourcemodbackup\sourcemod\addons\sourcemod\scripting\autodifficultypatch.sp::UpdateHeadcrab
L 06/03/2017 - 23:17:21: [SM]   [3] Line 26, C:\Users\EthorbitV2\Desktop\sourcemodbackup\sourcemod\addons\sourcemod\scripting\autodifficultypatch.sp::OnClientDisconnect_Post
L 06/03/2017 - 23:17:21: Error log file session closed.
L 06/03/2017 - 23:17:21: SourceMod error session started
L 06/03/2017 - 23:17:21: Info (map "dm_snowfall_m") (file "errors_20170603.log")
L 06/03/2017 - 23:17:21: [SM] Fatal error encountered parsing translation file "savescores.phrases.txt"
L 06/03/2017 - 23:17:21: [SM] Error (line 0, column 0): Stream failed to open
L 06/03/2017 - 23:17:21: [SM] Fatal error encountered parsing translation file "customvotes.phrases.txt"
L 06/03/2017 - 23:17:21: [SM] Error (line 0, column 0): Stream failed to open
L 06/03/2017 - 23:18:15: [SM] Exception reported: Entity 1 (1) is invalid
L 06/03/2017 - 23:18:15: [SM] Blaming: autodifficultypatch.smx
L 06/03/2017 - 23:18:15: [SM] Call stack trace:
L 06/03/2017 - 23:18:15: [SM]   [0] GetEntPropString
L 06/03/2017 - 23:18:15: [SM]   [1] Line 1421, C:\Users\EthorbitV2\Desktop\sourcemodbackup\sourcemod\addons\sourcemod\scripting\autodifficultypatch.sp::FindEntityByTargetName
L 06/03/2017 - 23:18:15: [SM]   [2] Line 117, C:\Users\EthorbitV2\Desktop\sourcemodbackup\sourcemod\addons\sourcemod\scripting\autodifficultypatch.sp::UpdateHeadcrab
L 06/03/2017 - 23:18:15: [SM]   [3] Line 26, C:\Users\EthorbitV2\Desktop\sourcemodbackup\sourcemod\addons\sourcemod\scripting\autodifficultypatch.sp::OnClientDisconnect_Post
L 06/03/2017 - 23:18:15: [SM] Exception reported: Entity 5 (5) is invalid
L 06/03/2017 - 23:18:15: [SM] Blaming: autodifficultypatch.smx
L 06/03/2017 - 23:18:15: [SM] Call stack trace:
L 06/03/2017 - 23:18:15: [SM]   [0] GetEntPropString
L 06/03/2017 - 23:18:15: [SM]   [1] Line 1421, C:\Users\EthorbitV2\Desktop\sourcemodbackup\sourcemod\addons\sourcemod\scripting\autodifficultypatch.sp::FindEntityByTargetName
L 06/03/2017 - 23:18:15: [SM]   [2] Line 109, C:\Users\EthorbitV2\Desktop\sourcemodbackup\sourcemod\addons\sourcemod\scripting\autodifficultypatch.sp::UpdateHeadcrab
L 06/03/2017 - 23:18:15: [SM]   [3] Line 26, C:\Users\EthorbitV2\Desktop\sourcemodbackup\sourcemod\addons\sourcemod\scripting\autodifficultypatch.sp::OnClientDisconnect_Post
L 06/03/2017 - 23:18:15: Error log file session closed.
L 06/03/2017 - 23:18:15: SourceMod error session started
L 06/03/2017 - 23:18:15: Info (map "pb_z_area51_m") (file "errors_20170603.log")
L 06/03/2017 - 23:18:15: [SM] Fatal error encountered parsing translation file "savescores.phrases.txt"
L 06/03/2017 - 23:18:15: [SM] Error (line 0, column 0): Stream failed to open
L 06/03/2017 - 23:18:15: [SM] Fatal error encountered parsing translation file "customvotes.phrases.txt"
L 06/03/2017 - 23:18:15: [SM] Error (line 0, column 0): Stream failed to open
L 06/03/2017 - 23:21:23: [SM] Exception reported: Entity 7 (7) is invalid
L 06/03/2017 - 23:21:23: [SM] Blaming: autodifficultypatch.smx
L 06/03/2017 - 23:21:23: [SM] Call stack trace:
L 06/03/2017 - 23:21:23: [SM]   [0] GetEntPropString
L 06/03/2017 - 23:21:23: [SM]   [1] Line 1421, C:\Users\EthorbitV2\Desktop\sourcemodbackup\sourcemod\addons\sourcemod\scripting\autodifficultypatch.sp::FindEntityByTargetName
L 06/03/2017 - 23:21:23: [SM]   [2] Line 1287, C:\Users\EthorbitV2\Desktop\sourcemodbackup\sourcemod\addons\sourcemod\scripting\autodifficultypatch.sp::UpdateHeadcrab
L 06/03/2017 - 23:21:23: [SM]   [3] Line 26, C:\Users\EthorbitV2\Desktop\sourcemodbackup\sourcemod\addons\sourcemod\scripting\autodifficultypatch.sp::OnClientDisconnect_Post
L 06/03/2017 - 23:23:17: [SM] Exception reported: Entity 5 (5) is invalid
L 06/03/2017 - 23:23:17: [SM] Blaming: autodifficultypatch.smx
L 06/03/2017 - 23:23:17: [SM] Call stack trace:
L 06/03/2017 - 23:23:17: [SM]   [0] GetEntPropString
L 06/03/2017 - 23:23:17: [SM]   [1] Line 1421, C:\Users\EthorbitV2\Desktop\sourcemodbackup\sourcemod\addons\sourcemod\scripting\autodifficultypatch.sp::FindEntityByTargetName
L 06/03/2017 - 23:23:17: [SM]   [2] Line 1279, C:\Users\EthorbitV2\Desktop\sourcemodbackup\sourcemod\addons\sourcemod\scripting\autodifficultypatch.sp::UpdateHeadcrab
L 06/03/2017 - 23:23:17: [SM]   [3] Line 26, C:\Users\EthorbitV2\Desktop\sourcemodbackup\sourcemod\addons\sourcemod\scripting\autodifficultypatch.sp::OnClientDisconnect_Post
L 06/03/2017 - 23:27:24: [SM] Exception reported: Entity 1 (1) is invalid
L 06/03/2017 - 23:27:24: [SM] Blaming: autodifficultypatch.smx
L 06/03/2017 - 23:27:24: [SM] Call stack trace:
L 06/03/2017 - 23:27:24: [SM]   [0] GetEntPropString
L 06/03/2017 - 23:27:24: [SM]   [1] Line 1421, C:\Users\EthorbitV2\Desktop\sourcemodbackup\sourcemod\addons\sourcemod\scripting\autodifficultypatch.sp::FindEntityByTargetName
L 06/03/2017 - 23:27:24: [SM]   [2] Line 1271, C:\Users\EthorbitV2\Desktop\sourcemodbackup\sourcemod\addons\sourcemod\scripting\autodifficultypatch.sp::UpdateHeadcrab
L 06/03/2017 - 23:27:24: [SM]   [3] Line 26, C:\Users\EthorbitV2\Desktop\sourcemodbackup\sourcemod\addons\sourcemod\scripting\autodifficultypatch.sp::OnClientDisconnect_Post
L 06/03/2017 - 23:29:12: [SM] Exception reported: Entity 1 (1) is invalid
L 06/03/2017 - 23:29:12: [SM] Blaming: autodifficultypatch.smx
L 06/03/2017 - 23:29:12: [SM] Call stack trace:
L 06/03/2017 - 23:29:12: [SM]   [0] GetEntPropString
L 06/03/2017 - 23:29:12: [SM]   [1] Line 1421, C:\Users\EthorbitV2\Desktop\sourcemodbackup\sourcemod\addons\sourcemod\scripting\autodifficultypatch.sp::FindEntityByTargetName
L 06/03/2017 - 23:29:12: [SM]   [2] Line 1271, C:\Users\EthorbitV2\Desktop\sourcemodbackup\sourcemod\addons\sourcemod\scripting\autodifficultypatch.sp::UpdateHeadcrab
L 06/03/2017 - 23:29:12: [SM]   [3] Line 26, C:\Users\EthorbitV2\Desktop\sourcemodbackup\sourcemod\addons\sourcemod\scripting\autodifficultypatch.sp::OnClientDisconnect_Post
L 06/03/2017 - 23:57:28: [SM] Exception reported: Entity 1 (1) is invalid
L 06/03/2017 - 23:57:28: [SM] Blaming: autodifficultypatch.smx
L 06/03/2017 - 23:57:28: [SM] Call stack trace:
L 06/03/2017 - 23:57:28: [SM]   [0] GetEntPropString
L 06/03/2017 - 23:57:28: [SM]   [1] Line 1421, C:\Users\EthorbitV2\Desktop\sourcemodbackup\sourcemod\addons\sourcemod\scripting\autodifficultypatch.sp::FindEntityByTargetName
L 06/03/2017 - 23:57:28: [SM]   [2] Line 1271, C:\Users\EthorbitV2\Desktop\sourcemodbackup\sourcemod\addons\sourcemod\scripting\autodifficultypatch.sp::UpdateHeadcrab
L 06/03/2017 - 23:57:28: [SM]   [3] Line 26, C:\Users\EthorbitV2\Desktop\sourcemodbackup\sourcemod\addons\sourcemod\scripting\autodifficultypatch.sp::OnClientDisconnect_Post
