L 05/07/2017 - 00:38:59: SourceMod error session started
L 05/07/2017 - 00:38:59: Info (map "dm_mine_entrance_m") (file "errors_20170507.log")
L 05/07/2017 - 00:38:59: Error log file session closed.
L 05/07/2017 - 00:38:59: SourceMod error session started
L 05/07/2017 - 00:38:59: Info (map "dm_mine_entrance_m") (file "errors_20170507.log")
L 05/07/2017 - 00:38:59: [SM] Fatal error encountered parsing translation file "savescores.phrases.txt"
L 05/07/2017 - 00:38:59: [SM] Error (line 0, column 0): Stream failed to open
L 05/07/2017 - 00:38:59: [SM] Fatal error encountered parsing translation file "customvotes.phrases.txt"
L 05/07/2017 - 00:38:59: [SM] Error (line 0, column 0): Stream failed to open
L 05/07/2017 - 00:46:07: SourceMod error session started
L 05/07/2017 - 00:46:07: Info (map "pb_z_high_school_m") (file "errors_20170507.log")
L 05/07/2017 - 00:46:07: [SDKTOOLS] Invalid detour address passed - Disabling detour to prevent crashes
L 05/07/2017 - 00:46:07: [SM] Fatal error encountered parsing translation file "savescores.phrases.txt"
L 05/07/2017 - 00:46:07: [SM] Error (line 0, column 0): Stream failed to open
L 05/07/2017 - 01:32:04: [SM] Exception reported: Entity 1 (1) is invalid
L 05/07/2017 - 01:32:04: [SM] Blaming: autodifficultypatch.smx
L 05/07/2017 - 01:32:04: [SM] Call stack trace:
L 05/07/2017 - 01:32:04: [SM]   [0] GetEntPropString
L 05/07/2017 - 01:32:04: [SM]   [1] Line 1420, C:\Users\Ethorbit\Desktop\sourcemod\scripting\autodifficultypatch.sp::FindEntityByTargetName
L 05/07/2017 - 01:32:04: [SM]   [2] Line 1194, C:\Users\Ethorbit\Desktop\sourcemod\scripting\autodifficultypatch.sp::UpdateHeadcrab
L 05/07/2017 - 01:32:04: [SM]   [3] Line 26, C:\Users\Ethorbit\Desktop\sourcemod\scripting\autodifficultypatch.sp::OnClientDisconnect_Post
L 05/07/2017 - 01:34:21: [SM] Exception reported: Entity 1 (1) is invalid
L 05/07/2017 - 01:34:21: [SM] Blaming: autodifficultypatch.smx
L 05/07/2017 - 01:34:21: [SM] Call stack trace:
L 05/07/2017 - 01:34:21: [SM]   [0] GetEntPropString
L 05/07/2017 - 01:34:21: [SM]   [1] Line 1420, C:\Users\Ethorbit\Desktop\sourcemod\scripting\autodifficultypatch.sp::FindEntityByTargetName
L 05/07/2017 - 01:34:21: [SM]   [2] Line 1194, C:\Users\Ethorbit\Desktop\sourcemod\scripting\autodifficultypatch.sp::UpdateHeadcrab
L 05/07/2017 - 01:34:21: [SM]   [3] Line 26, C:\Users\Ethorbit\Desktop\sourcemod\scripting\autodifficultypatch.sp::OnClientDisconnect_Post
L 05/07/2017 - 01:37:01: [SM] Exception reported: Entity 1 (1) is invalid
L 05/07/2017 - 01:37:01: [SM] Blaming: autodifficultypatch.smx
L 05/07/2017 - 01:37:01: [SM] Call stack trace:
L 05/07/2017 - 01:37:01: [SM]   [0] GetEntPropString
L 05/07/2017 - 01:37:01: [SM]   [1] Line 1420, C:\Users\Ethorbit\Desktop\sourcemod\scripting\autodifficultypatch.sp::FindEntityByTargetName
L 05/07/2017 - 01:37:01: [SM]   [2] Line 1194, C:\Users\Ethorbit\Desktop\sourcemod\scripting\autodifficultypatch.sp::UpdateHeadcrab
L 05/07/2017 - 01:37:01: [SM]   [3] Line 26, C:\Users\Ethorbit\Desktop\sourcemod\scripting\autodifficultypatch.sp::OnClientDisconnect_Post
L 05/07/2017 - 01:37:02: Error log file session closed.
L 05/07/2017 - 01:37:02: SourceMod error session started
L 05/07/2017 - 01:37:02: Info (map "dm_october_m") (file "errors_20170507.log")
L 05/07/2017 - 01:37:02: [SM] Fatal error encountered parsing translation file "savescores.phrases.txt"
L 05/07/2017 - 01:37:02: [SM] Error (line 0, column 0): Stream failed to open
L 05/07/2017 - 01:39:57: [SM] Fatal error encountered parsing translation file "customvotes.phrases.txt"
L 05/07/2017 - 01:39:57: [SM] Error (line 0, column 0): Stream failed to open
L 05/07/2017 - 01:54:58: [SM] Exception reported: Entity 2 (2) is invalid
L 05/07/2017 - 01:54:58: [SM] Blaming: autodifficultypatch.smx
L 05/07/2017 - 01:54:58: [SM] Call stack trace:
L 05/07/2017 - 01:54:58: [SM]   [0] GetEntPropString
L 05/07/2017 - 01:54:58: [SM]   [1] Line 1420, C:\Users\Ethorbit\Desktop\sourcemod\scripting\autodifficultypatch.sp::FindEntityByTargetName
L 05/07/2017 - 01:54:58: [SM]   [2] Line 42, C:\Users\Ethorbit\Desktop\sourcemod\scripting\autodifficultypatch.sp::UpdateHeadcrab
L 05/07/2017 - 01:54:58: [SM]   [3] Line 26, C:\Users\Ethorbit\Desktop\sourcemod\scripting\autodifficultypatch.sp::OnClientDisconnect_Post
L 05/07/2017 - 01:55:29: Error log file session closed.
L 05/07/2017 - 01:55:29: SourceMod error session started
L 05/07/2017 - 01:55:29: Info (map "pb_z_earthquake_m") (file "errors_20170507.log")
L 05/07/2017 - 01:55:29: [SM] Fatal error encountered parsing translation file "savescores.phrases.txt"
L 05/07/2017 - 01:55:29: [SM] Error (line 0, column 0): Stream failed to open
L 05/07/2017 - 01:55:29: [SM] Fatal error encountered parsing translation file "customvotes.phrases.txt"
L 05/07/2017 - 01:55:29: [SM] Error (line 0, column 0): Stream failed to open
L 05/07/2017 - 02:07:00: [SM] Exception reported: Entity 1 (1) is invalid
L 05/07/2017 - 02:07:00: [SM] Blaming: autodifficultypatch.smx
L 05/07/2017 - 02:07:00: [SM] Call stack trace:
L 05/07/2017 - 02:07:00: [SM]   [0] GetEntPropString
L 05/07/2017 - 02:07:00: [SM]   [1] Line 1420, C:\Users\Ethorbit\Desktop\sourcemod\scripting\autodifficultypatch.sp::FindEntityByTargetName
L 05/07/2017 - 02:07:00: [SM]   [2] Line 818, C:\Users\Ethorbit\Desktop\sourcemod\scripting\autodifficultypatch.sp::UpdateHeadcrab
L 05/07/2017 - 02:07:00: [SM]   [3] Line 26, C:\Users\Ethorbit\Desktop\sourcemod\scripting\autodifficultypatch.sp::OnClientDisconnect_Post
L 05/07/2017 - 02:07:04: Error log file session closed.
L 05/07/2017 - 02:07:04: SourceMod error session started
L 05/07/2017 - 02:07:04: Info (map "pb_z_colony_m") (file "errors_20170507.log")
L 05/07/2017 - 02:07:04: [SM] Fatal error encountered parsing translation file "savescores.phrases.txt"
L 05/07/2017 - 02:07:04: [SM] Error (line 0, column 0): Stream failed to open
L 05/07/2017 - 02:07:04: [SM] Fatal error encountered parsing translation file "customvotes.phrases.txt"
L 05/07/2017 - 02:07:04: [SM] Error (line 0, column 0): Stream failed to open
L 05/07/2017 - 03:07:15: Error log file session closed.
L 05/07/2017 - 03:07:15: SourceMod error session started
L 05/07/2017 - 03:07:15: Info (map "dm_hellsdistrict_m") (file "errors_20170507.log")
L 05/07/2017 - 03:07:15: [SM] Fatal error encountered parsing translation file "savescores.phrases.txt"
L 05/07/2017 - 03:07:15: [SM] Error (line 0, column 0): Stream failed to open
L 05/07/2017 - 03:07:15: [SM] Fatal error encountered parsing translation file "customvotes.phrases.txt"
L 05/07/2017 - 03:07:15: [SM] Error (line 0, column 0): Stream failed to open
L 05/07/2017 - 04:07:25: Error log file session closed.
L 05/07/2017 - 04:07:25: SourceMod error session started
L 05/07/2017 - 04:07:25: Info (map "pb_z_office_tower_v2_m") (file "errors_20170507.log")
L 05/07/2017 - 04:07:25: [SM] Fatal error encountered parsing translation file "savescores.phrases.txt"
L 05/07/2017 - 04:07:25: [SM] Error (line 0, column 0): Stream failed to open
L 05/07/2017 - 04:07:25: [SM] Fatal error encountered parsing translation file "customvotes.phrases.txt"
L 05/07/2017 - 04:07:25: [SM] Error (line 0, column 0): Stream failed to open
L 05/07/2017 - 05:07:37: Error log file session closed.
L 05/07/2017 - 05:07:37: SourceMod error session started
L 05/07/2017 - 05:07:37: Info (map "pb_z_area51_m") (file "errors_20170507.log")
L 05/07/2017 - 05:07:37: [SM] Fatal error encountered parsing translation file "savescores.phrases.txt"
L 05/07/2017 - 05:07:37: [SM] Error (line 0, column 0): Stream failed to open
L 05/07/2017 - 05:07:37: [SM] Fatal error encountered parsing translation file "customvotes.phrases.txt"
L 05/07/2017 - 05:07:37: [SM] Error (line 0, column 0): Stream failed to open
L 05/07/2017 - 06:07:47: Error log file session closed.
L 05/07/2017 - 06:07:51: SourceMod error session started
L 05/07/2017 - 06:07:51: Info (map "pb_z_industry_m") (file "errors_20170507.log")
L 05/07/2017 - 06:07:51: [SM] Fatal error encountered parsing translation file "savescores.phrases.txt"
L 05/07/2017 - 06:07:51: [SM] Error (line 0, column 0): Stream failed to open
L 05/07/2017 - 06:07:51: [SM] Fatal error encountered parsing translation file "customvotes.phrases.txt"
L 05/07/2017 - 06:07:51: [SM] Error (line 0, column 0): Stream failed to open
L 05/07/2017 - 06:23:12: [SM] Exception reported: Entity 3 (3) is invalid
L 05/07/2017 - 06:23:12: [SM] Blaming: autodifficultypatch.smx
L 05/07/2017 - 06:23:12: [SM] Call stack trace:
L 05/07/2017 - 06:23:12: [SM]   [0] GetEntPropString
L 05/07/2017 - 06:23:12: [SM]   [1] Line 1420, C:\Users\Ethorbit\Desktop\sourcemod\scripting\autodifficultypatch.sp::FindEntityByTargetName
L 05/07/2017 - 06:23:12: [SM]   [2] Line 759, C:\Users\Ethorbit\Desktop\sourcemod\scripting\autodifficultypatch.sp::UpdateHeadcrab
L 05/07/2017 - 06:23:12: [SM]   [3] Line 26, C:\Users\Ethorbit\Desktop\sourcemod\scripting\autodifficultypatch.sp::OnClientDisconnect_Post
L 05/07/2017 - 06:25:20: [SM] Exception reported: Entity 1 (1) is invalid
L 05/07/2017 - 06:25:20: [SM] Blaming: autodifficultypatch.smx
L 05/07/2017 - 06:25:20: [SM] Call stack trace:
L 05/07/2017 - 06:25:20: [SM]   [0] GetEntPropString
L 05/07/2017 - 06:25:20: [SM]   [1] Line 1420, C:\Users\Ethorbit\Desktop\sourcemod\scripting\autodifficultypatch.sp::FindEntityByTargetName
L 05/07/2017 - 06:25:20: [SM]   [2] Line 759, C:\Users\Ethorbit\Desktop\sourcemod\scripting\autodifficultypatch.sp::UpdateHeadcrab
L 05/07/2017 - 06:25:20: [SM]   [3] Line 26, C:\Users\Ethorbit\Desktop\sourcemod\scripting\autodifficultypatch.sp::OnClientDisconnect_Post
L 05/07/2017 - 06:26:25: [SM] Exception reported: Entity 3 (3) is invalid
L 05/07/2017 - 06:26:25: [SM] Blaming: autodifficultypatch.smx
L 05/07/2017 - 06:26:25: [SM] Call stack trace:
L 05/07/2017 - 06:26:25: [SM]   [0] GetEntPropString
L 05/07/2017 - 06:26:25: [SM]   [1] Line 1420, C:\Users\Ethorbit\Desktop\sourcemod\scripting\autodifficultypatch.sp::FindEntityByTargetName
L 05/07/2017 - 06:26:25: [SM]   [2] Line 751, C:\Users\Ethorbit\Desktop\sourcemod\scripting\autodifficultypatch.sp::UpdateHeadcrab
L 05/07/2017 - 06:26:25: [SM]   [3] Line 26, C:\Users\Ethorbit\Desktop\sourcemod\scripting\autodifficultypatch.sp::OnClientDisconnect_Post
L 05/07/2017 - 06:32:07: [SM] Exception reported: Entity 2 (2) is invalid
L 05/07/2017 - 06:32:07: [SM] Blaming: autodifficultypatch.smx
L 05/07/2017 - 06:32:07: [SM] Call stack trace:
L 05/07/2017 - 06:32:07: [SM]   [0] GetEntPropString
L 05/07/2017 - 06:32:07: [SM]   [1] Line 1420, C:\Users\Ethorbit\Desktop\sourcemod\scripting\autodifficultypatch.sp::FindEntityByTargetName
L 05/07/2017 - 06:32:07: [SM]   [2] Line 759, C:\Users\Ethorbit\Desktop\sourcemod\scripting\autodifficultypatch.sp::UpdateHeadcrab
L 05/07/2017 - 06:32:07: [SM]   [3] Line 26, C:\Users\Ethorbit\Desktop\sourcemod\scripting\autodifficultypatch.sp::OnClientDisconnect_Post
L 05/07/2017 - 06:34:41: [SM] Exception reported: Entity 1 (1) is invalid
L 05/07/2017 - 06:34:41: [SM] Blaming: autodifficultypatch.smx
L 05/07/2017 - 06:34:41: [SM] Call stack trace:
L 05/07/2017 - 06:34:41: [SM]   [0] GetEntPropString
L 05/07/2017 - 06:34:41: [SM]   [1] Line 1420, C:\Users\Ethorbit\Desktop\sourcemod\scripting\autodifficultypatch.sp::FindEntityByTargetName
L 05/07/2017 - 06:34:41: [SM]   [2] Line 751, C:\Users\Ethorbit\Desktop\sourcemod\scripting\autodifficultypatch.sp::UpdateHeadcrab
L 05/07/2017 - 06:34:41: [SM]   [3] Line 26, C:\Users\Ethorbit\Desktop\sourcemod\scripting\autodifficultypatch.sp::OnClientDisconnect_Post
L 05/07/2017 - 06:36:07: [SM] Exception reported: Entity 3 (3) is invalid
L 05/07/2017 - 06:36:07: [SM] Blaming: autodifficultypatch.smx
L 05/07/2017 - 06:36:07: [SM] Call stack trace:
L 05/07/2017 - 06:36:07: [SM]   [0] GetEntPropString
L 05/07/2017 - 06:36:07: [SM]   [1] Line 1420, C:\Users\Ethorbit\Desktop\sourcemod\scripting\autodifficultypatch.sp::FindEntityByTargetName
L 05/07/2017 - 06:36:07: [SM]   [2] Line 743, C:\Users\Ethorbit\Desktop\sourcemod\scripting\autodifficultypatch.sp::UpdateHeadcrab
L 05/07/2017 - 06:36:07: [SM]   [3] Line 26, C:\Users\Ethorbit\Desktop\sourcemod\scripting\autodifficultypatch.sp::OnClientDisconnect_Post
L 05/07/2017 - 06:38:24: [SM] Exception reported: Entity 1 (1) is invalid
L 05/07/2017 - 06:38:24: [SM] Blaming: autodifficultypatch.smx
L 05/07/2017 - 06:38:24: [SM] Call stack trace:
L 05/07/2017 - 06:38:24: [SM]   [0] GetEntPropString
L 05/07/2017 - 06:38:24: [SM]   [1] Line 1420, C:\Users\Ethorbit\Desktop\sourcemod\scripting\autodifficultypatch.sp::FindEntityByTargetName
L 05/07/2017 - 06:38:24: [SM]   [2] Line 743, C:\Users\Ethorbit\Desktop\sourcemod\scripting\autodifficultypatch.sp::UpdateHeadcrab
L 05/07/2017 - 06:38:24: [SM]   [3] Line 26, C:\Users\Ethorbit\Desktop\sourcemod\scripting\autodifficultypatch.sp::OnClientDisconnect_Post
L 05/07/2017 - 06:53:34: [SM] Exception reported: Entity 1 (1) is invalid
L 05/07/2017 - 06:53:34: [SM] Blaming: autodifficultypatch.smx
L 05/07/2017 - 06:53:34: [SM] Call stack trace:
L 05/07/2017 - 06:53:34: [SM]   [0] GetEntPropString
L 05/07/2017 - 06:53:34: [SM]   [1] Line 1420, C:\Users\Ethorbit\Desktop\sourcemod\scripting\autodifficultypatch.sp::FindEntityByTargetName
L 05/07/2017 - 06:53:34: [SM]   [2] Line 743, C:\Users\Ethorbit\Desktop\sourcemod\scripting\autodifficultypatch.sp::UpdateHeadcrab
L 05/07/2017 - 06:53:34: [SM]   [3] Line 26, C:\Users\Ethorbit\Desktop\sourcemod\scripting\autodifficultypatch.sp::OnClientDisconnect_Post
L 05/07/2017 - 07:08:01: [SM] Exception reported: Entity 1 (1) is invalid
L 05/07/2017 - 07:08:01: [SM] Blaming: autodifficultypatch.smx
L 05/07/2017 - 07:08:01: [SM] Call stack trace:
L 05/07/2017 - 07:08:01: [SM]   [0] GetEntPropString
L 05/07/2017 - 07:08:01: [SM]   [1] Line 1420, C:\Users\Ethorbit\Desktop\sourcemod\scripting\autodifficultypatch.sp::FindEntityByTargetName
L 05/07/2017 - 07:08:01: [SM]   [2] Line 743, C:\Users\Ethorbit\Desktop\sourcemod\scripting\autodifficultypatch.sp::UpdateHeadcrab
L 05/07/2017 - 07:08:01: [SM]   [3] Line 26, C:\Users\Ethorbit\Desktop\sourcemod\scripting\autodifficultypatch.sp::OnClientDisconnect_Post
L 05/07/2017 - 07:08:02: Error log file session closed.
L 05/07/2017 - 07:08:02: SourceMod error session started
L 05/07/2017 - 07:08:02: Info (map "dm_october_m") (file "errors_20170507.log")
L 05/07/2017 - 07:08:02: [SM] Fatal error encountered parsing translation file "savescores.phrases.txt"
L 05/07/2017 - 07:08:02: [SM] Error (line 0, column 0): Stream failed to open
L 05/07/2017 - 07:08:02: [SM] Fatal error encountered parsing translation file "customvotes.phrases.txt"
L 05/07/2017 - 07:08:02: [SM] Error (line 0, column 0): Stream failed to open
L 05/07/2017 - 08:08:15: Error log file session closed.
L 05/07/2017 - 08:08:18: SourceMod error session started
L 05/07/2017 - 08:08:18: Info (map "dm_raven_m") (file "errors_20170507.log")
L 05/07/2017 - 08:08:18: [SM] Fatal error encountered parsing translation file "savescores.phrases.txt"
L 05/07/2017 - 08:08:18: [SM] Error (line 0, column 0): Stream failed to open
L 05/07/2017 - 08:08:19: [SM] Fatal error encountered parsing translation file "customvotes.phrases.txt"
L 05/07/2017 - 08:08:19: [SM] Error (line 0, column 0): Stream failed to open
L 05/07/2017 - 08:08:33: SourceMod error session started
L 05/07/2017 - 08:08:33: Info (map "pb_z_high_school_m") (file "errors_20170507.log")
L 05/07/2017 - 08:08:33: [SDKTOOLS] Invalid detour address passed - Disabling detour to prevent crashes
L 05/07/2017 - 08:08:33: [SM] Fatal error encountered parsing translation file "savescores.phrases.txt"
L 05/07/2017 - 08:08:33: [SM] Error (line 0, column 0): Stream failed to open
L 05/07/2017 - 08:43:18: [SM] Fatal error encountered parsing translation file "customvotes.phrases.txt"
L 05/07/2017 - 08:43:18: [SM] Error (line 0, column 0): Stream failed to open
L 05/07/2017 - 09:07:49: [SM] Exception reported: Entity 1 (1) is invalid
L 05/07/2017 - 09:07:49: [SM] Blaming: autodifficultypatch.smx
L 05/07/2017 - 09:07:49: [SM] Call stack trace:
L 05/07/2017 - 09:07:49: [SM]   [0] GetEntPropString
L 05/07/2017 - 09:07:49: [SM]   [1] Line 1420, C:\Users\Ethorbit\Desktop\sourcemod\scripting\autodifficultypatch.sp::FindEntityByTargetName
L 05/07/2017 - 09:07:49: [SM]   [2] Line 1194, C:\Users\Ethorbit\Desktop\sourcemod\scripting\autodifficultypatch.sp::UpdateHeadcrab
L 05/07/2017 - 09:07:49: [SM]   [3] Line 26, C:\Users\Ethorbit\Desktop\sourcemod\scripting\autodifficultypatch.sp::OnClientDisconnect_Post
L 05/07/2017 - 09:10:41: [SM] Exception reported: Entity 1 (1) is invalid
L 05/07/2017 - 09:10:41: [SM] Blaming: autodifficultypatch.smx
L 05/07/2017 - 09:10:41: [SM] Call stack trace:
L 05/07/2017 - 09:10:41: [SM]   [0] GetEntPropString
L 05/07/2017 - 09:10:41: [SM]   [1] Line 1420, C:\Users\Ethorbit\Desktop\sourcemod\scripting\autodifficultypatch.sp::FindEntityByTargetName
L 05/07/2017 - 09:10:41: [SM]   [2] Line 1194, C:\Users\Ethorbit\Desktop\sourcemod\scripting\autodifficultypatch.sp::UpdateHeadcrab
L 05/07/2017 - 09:10:41: [SM]   [3] Line 26, C:\Users\Ethorbit\Desktop\sourcemod\scripting\autodifficultypatch.sp::OnClientDisconnect_Post
L 05/07/2017 - 09:32:16: [SM] Exception reported: Entity 1 (1) is invalid
L 05/07/2017 - 09:32:16: [SM] Blaming: autodifficultypatch.smx
L 05/07/2017 - 09:32:16: [SM] Call stack trace:
L 05/07/2017 - 09:32:16: [SM]   [0] GetEntPropString
L 05/07/2017 - 09:32:16: [SM]   [1] Line 1420, C:\Users\Ethorbit\Desktop\sourcemod\scripting\autodifficultypatch.sp::FindEntityByTargetName
L 05/07/2017 - 09:32:16: [SM]   [2] Line 1194, C:\Users\Ethorbit\Desktop\sourcemod\scripting\autodifficultypatch.sp::UpdateHeadcrab
L 05/07/2017 - 09:32:16: [SM]   [3] Line 26, C:\Users\Ethorbit\Desktop\sourcemod\scripting\autodifficultypatch.sp::OnClientDisconnect_Post
L 05/07/2017 - 09:36:35: Error log file session closed.
L 05/07/2017 - 09:36:35: SourceMod error session started
L 05/07/2017 - 09:36:35: Info (map "dm_mine_entrance_m") (file "errors_20170507.log")
L 05/07/2017 - 09:36:35: [SM] Fatal error encountered parsing translation file "savescores.phrases.txt"
L 05/07/2017 - 09:36:35: [SM] Error (line 0, column 0): Stream failed to open
L 05/07/2017 - 09:36:35: [SM] Fatal error encountered parsing translation file "customvotes.phrases.txt"
L 05/07/2017 - 09:36:35: [SM] Error (line 0, column 0): Stream failed to open
L 05/07/2017 - 09:40:47: [SM] Exception reported: Entity 1 (1) is invalid
L 05/07/2017 - 09:40:47: [SM] Blaming: autodifficultypatch.smx
L 05/07/2017 - 09:40:47: [SM] Call stack trace:
L 05/07/2017 - 09:40:47: [SM]   [0] GetEntPropString
L 05/07/2017 - 09:40:47: [SM]   [1] Line 1420, C:\Users\Ethorbit\Desktop\sourcemod\scripting\autodifficultypatch.sp::FindEntityByTargetName
L 05/07/2017 - 09:40:47: [SM]   [2] Line 1043, C:\Users\Ethorbit\Desktop\sourcemod\scripting\autodifficultypatch.sp::UpdateHeadcrab
L 05/07/2017 - 09:40:47: [SM]   [3] Line 26, C:\Users\Ethorbit\Desktop\sourcemod\scripting\autodifficultypatch.sp::OnClientDisconnect_Post
L 05/07/2017 - 10:05:11: [SM] Exception reported: Entity 1 (1) is invalid
L 05/07/2017 - 10:05:11: [SM] Blaming: autodifficultypatch.smx
L 05/07/2017 - 10:05:11: [SM] Call stack trace:
L 05/07/2017 - 10:05:11: [SM]   [0] GetEntPropString
L 05/07/2017 - 10:05:11: [SM]   [1] Line 1420, C:\Users\Ethorbit\Desktop\sourcemod\scripting\autodifficultypatch.sp::FindEntityByTargetName
L 05/07/2017 - 10:05:11: [SM]   [2] Line 1043, C:\Users\Ethorbit\Desktop\sourcemod\scripting\autodifficultypatch.sp::UpdateHeadcrab
L 05/07/2017 - 10:05:11: [SM]   [3] Line 26, C:\Users\Ethorbit\Desktop\sourcemod\scripting\autodifficultypatch.sp::OnClientDisconnect_Post
L 05/07/2017 - 10:05:16: Error log file session closed.
L 05/07/2017 - 10:05:16: SourceMod error session started
L 05/07/2017 - 10:05:16: Info (map "pb_z_office_tower_v2_m") (file "errors_20170507.log")
L 05/07/2017 - 10:05:16: [SM] Fatal error encountered parsing translation file "savescores.phrases.txt"
L 05/07/2017 - 10:05:16: [SM] Error (line 0, column 0): Stream failed to open
L 05/07/2017 - 10:05:16: [SM] Fatal error encountered parsing translation file "customvotes.phrases.txt"
L 05/07/2017 - 10:05:16: [SM] Error (line 0, column 0): Stream failed to open
L 05/07/2017 - 10:16:14: [SM] Exception reported: Entity 2 (2) is invalid
L 05/07/2017 - 10:16:14: [SM] Blaming: autodifficultypatch.smx
L 05/07/2017 - 10:16:14: [SM] Call stack trace:
L 05/07/2017 - 10:16:14: [SM]   [0] GetEntPropString
L 05/07/2017 - 10:16:14: [SM]   [1] Line 1420, C:\Users\Ethorbit\Desktop\sourcemod\scripting\autodifficultypatch.sp::FindEntityByTargetName
L 05/07/2017 - 10:16:14: [SM]   [2] Line 309, C:\Users\Ethorbit\Desktop\sourcemod\scripting\autodifficultypatch.sp::UpdateHeadcrab
L 05/07/2017 - 10:16:14: [SM]   [3] Line 26, C:\Users\Ethorbit\Desktop\sourcemod\scripting\autodifficultypatch.sp::OnClientDisconnect_Post
L 05/07/2017 - 11:05:29: Error log file session closed.
L 05/07/2017 - 11:05:29: SourceMod error session started
L 05/07/2017 - 11:05:29: Info (map "dm_montana_m") (file "errors_20170507.log")
L 05/07/2017 - 11:05:29: [SM] Fatal error encountered parsing translation file "savescores.phrases.txt"
L 05/07/2017 - 11:05:29: [SM] Error (line 0, column 0): Stream failed to open
L 05/07/2017 - 11:05:29: [SM] Fatal error encountered parsing translation file "customvotes.phrases.txt"
L 05/07/2017 - 11:05:29: [SM] Error (line 0, column 0): Stream failed to open
L 05/07/2017 - 12:05:40: Error log file session closed.
L 05/07/2017 - 12:05:40: SourceMod error session started
L 05/07/2017 - 12:05:40: Info (map "dm_hellsdistrict_m") (file "errors_20170507.log")
L 05/07/2017 - 12:05:40: [SM] Fatal error encountered parsing translation file "savescores.phrases.txt"
L 05/07/2017 - 12:05:40: [SM] Error (line 0, column 0): Stream failed to open
L 05/07/2017 - 12:05:40: [SM] Fatal error encountered parsing translation file "customvotes.phrases.txt"
L 05/07/2017 - 12:05:40: [SM] Error (line 0, column 0): Stream failed to open
L 05/07/2017 - 13:05:49: Error log file session closed.
L 05/07/2017 - 13:05:50: SourceMod error session started
L 05/07/2017 - 13:05:50: Info (map "dm_raven_m") (file "errors_20170507.log")
L 05/07/2017 - 13:05:50: [SM] Fatal error encountered parsing translation file "savescores.phrases.txt"
L 05/07/2017 - 13:05:50: [SM] Error (line 0, column 0): Stream failed to open
L 05/07/2017 - 13:05:50: [SM] Fatal error encountered parsing translation file "customvotes.phrases.txt"
L 05/07/2017 - 13:05:50: [SM] Error (line 0, column 0): Stream failed to open
L 05/07/2017 - 13:05:51: SourceMod error session started
L 05/07/2017 - 13:05:51: Info (map "pb_z_high_school_m") (file "errors_20170507.log")
L 05/07/2017 - 13:05:51: [SDKTOOLS] Invalid detour address passed - Disabling detour to prevent crashes
L 05/07/2017 - 13:05:51: [SM] Fatal error encountered parsing translation file "savescores.phrases.txt"
L 05/07/2017 - 13:05:51: [SM] Error (line 0, column 0): Stream failed to open
L 05/07/2017 - 14:15:04: [SM] Fatal error encountered parsing translation file "customvotes.phrases.txt"
L 05/07/2017 - 14:15:04: [SM] Error (line 0, column 0): Stream failed to open
L 05/07/2017 - 14:28:54: [SM] Exception reported: Entity 1 (1) is invalid
L 05/07/2017 - 14:28:54: [SM] Blaming: autodifficultypatch.smx
L 05/07/2017 - 14:28:54: [SM] Call stack trace:
L 05/07/2017 - 14:28:54: [SM]   [0] GetEntPropString
L 05/07/2017 - 14:28:54: [SM]   [1] Line 1420, C:\Users\Ethorbit\Desktop\sourcemod\scripting\autodifficultypatch.sp::FindEntityByTargetName
L 05/07/2017 - 14:28:54: [SM]   [2] Line 1202, C:\Users\Ethorbit\Desktop\sourcemod\scripting\autodifficultypatch.sp::UpdateHeadcrab
L 05/07/2017 - 14:28:54: [SM]   [3] Line 26, C:\Users\Ethorbit\Desktop\sourcemod\scripting\autodifficultypatch.sp::OnClientDisconnect_Post
L 05/07/2017 - 14:39:13: [SM] Exception reported: Entity 2 (2) is invalid
L 05/07/2017 - 14:39:13: [SM] Blaming: autodifficultypatch.smx
L 05/07/2017 - 14:39:13: [SM] Call stack trace:
L 05/07/2017 - 14:39:13: [SM]   [0] GetEntPropString
L 05/07/2017 - 14:39:13: [SM]   [1] Line 1420, C:\Users\Ethorbit\Desktop\sourcemod\scripting\autodifficultypatch.sp::FindEntityByTargetName
L 05/07/2017 - 14:39:13: [SM]   [2] Line 1194, C:\Users\Ethorbit\Desktop\sourcemod\scripting\autodifficultypatch.sp::UpdateHeadcrab
L 05/07/2017 - 14:39:13: [SM]   [3] Line 26, C:\Users\Ethorbit\Desktop\sourcemod\scripting\autodifficultypatch.sp::OnClientDisconnect_Post
L 05/07/2017 - 14:47:20: [SM] Exception reported: Entity 1 (1) is invalid
L 05/07/2017 - 14:47:20: [SM] Blaming: autodifficultypatch.smx
L 05/07/2017 - 14:47:20: [SM] Call stack trace:
L 05/07/2017 - 14:47:20: [SM]   [0] GetEntPropString
L 05/07/2017 - 14:47:20: [SM]   [1] Line 1420, C:\Users\Ethorbit\Desktop\sourcemod\scripting\autodifficultypatch.sp::FindEntityByTargetName
L 05/07/2017 - 14:47:20: [SM]   [2] Line 1194, C:\Users\Ethorbit\Desktop\sourcemod\scripting\autodifficultypatch.sp::UpdateHeadcrab
L 05/07/2017 - 14:47:20: [SM]   [3] Line 26, C:\Users\Ethorbit\Desktop\sourcemod\scripting\autodifficultypatch.sp::OnClientDisconnect_Post
L 05/07/2017 - 14:47:20: Error log file session closed.
L 05/07/2017 - 14:47:21: SourceMod error session started
L 05/07/2017 - 14:47:21: Info (map "pb_z_underground_m") (file "errors_20170507.log")
L 05/07/2017 - 14:47:21: [SM] Fatal error encountered parsing translation file "savescores.phrases.txt"
L 05/07/2017 - 14:47:21: [SM] Error (line 0, column 0): Stream failed to open
L 05/07/2017 - 14:47:21: [SM] Fatal error encountered parsing translation file "customvotes.phrases.txt"
L 05/07/2017 - 14:47:21: [SM] Error (line 0, column 0): Stream failed to open
L 05/07/2017 - 14:59:36: [SM] Exception reported: Entity 1 (1) is invalid
L 05/07/2017 - 14:59:36: [SM] Blaming: autodifficultypatch.smx
L 05/07/2017 - 14:59:36: [SM] Call stack trace:
L 05/07/2017 - 14:59:36: [SM]   [0] GetEntPropString
L 05/07/2017 - 14:59:36: [SM]   [1] Line 1420, C:\Users\Ethorbit\Desktop\sourcemod\scripting\autodifficultypatch.sp::FindEntityByTargetName
L 05/07/2017 - 14:59:36: [SM]   [2] Line 526, C:\Users\Ethorbit\Desktop\sourcemod\scripting\autodifficultypatch.sp::UpdateHeadcrab
L 05/07/2017 - 14:59:36: [SM]   [3] Line 26, C:\Users\Ethorbit\Desktop\sourcemod\scripting\autodifficultypatch.sp::OnClientDisconnect_Post
L 05/07/2017 - 15:00:10: [SM] Exception reported: Entity 2 (2) is invalid
L 05/07/2017 - 15:00:10: [SM] Blaming: autodifficultypatch.smx
L 05/07/2017 - 15:00:10: [SM] Call stack trace:
L 05/07/2017 - 15:00:10: [SM]   [0] GetEntPropString
L 05/07/2017 - 15:00:10: [SM]   [1] Line 1420, C:\Users\Ethorbit\Desktop\sourcemod\scripting\autodifficultypatch.sp::FindEntityByTargetName
L 05/07/2017 - 15:00:10: [SM]   [2] Line 518, C:\Users\Ethorbit\Desktop\sourcemod\scripting\autodifficultypatch.sp::UpdateHeadcrab
L 05/07/2017 - 15:00:10: [SM]   [3] Line 26, C:\Users\Ethorbit\Desktop\sourcemod\scripting\autodifficultypatch.sp::OnClientDisconnect_Post
L 05/07/2017 - 15:24:51: [SM] Exception reported: Entity 1 (1) is invalid
L 05/07/2017 - 15:24:51: [SM] Blaming: autodifficultypatch.smx
L 05/07/2017 - 15:24:51: [SM] Call stack trace:
L 05/07/2017 - 15:24:51: [SM]   [0] GetEntPropString
L 05/07/2017 - 15:24:51: [SM]   [1] Line 1420, C:\Users\Ethorbit\Desktop\sourcemod\scripting\autodifficultypatch.sp::FindEntityByTargetName
L 05/07/2017 - 15:24:51: [SM]   [2] Line 526, C:\Users\Ethorbit\Desktop\sourcemod\scripting\autodifficultypatch.sp::UpdateHeadcrab
L 05/07/2017 - 15:24:51: [SM]   [3] Line 26, C:\Users\Ethorbit\Desktop\sourcemod\scripting\autodifficultypatch.sp::OnClientDisconnect_Post
L 05/07/2017 - 15:25:02: [SM] Exception reported: Entity 2 (2) is invalid
L 05/07/2017 - 15:25:02: [SM] Blaming: autodifficultypatch.smx
L 05/07/2017 - 15:25:02: [SM] Call stack trace:
L 05/07/2017 - 15:25:02: [SM]   [0] GetEntPropString
L 05/07/2017 - 15:25:02: [SM]   [1] Line 1420, C:\Users\Ethorbit\Desktop\sourcemod\scripting\autodifficultypatch.sp::FindEntityByTargetName
L 05/07/2017 - 15:25:02: [SM]   [2] Line 518, C:\Users\Ethorbit\Desktop\sourcemod\scripting\autodifficultypatch.sp::UpdateHeadcrab
L 05/07/2017 - 15:25:02: [SM]   [3] Line 26, C:\Users\Ethorbit\Desktop\sourcemod\scripting\autodifficultypatch.sp::OnClientDisconnect_Post
L 05/07/2017 - 15:47:30: [SM] Exception reported: Entity 1 (1) is invalid
L 05/07/2017 - 15:47:30: [SM] Blaming: autodifficultypatch.smx
L 05/07/2017 - 15:47:30: [SM] Call stack trace:
L 05/07/2017 - 15:47:30: [SM]   [0] GetEntPropString
L 05/07/2017 - 15:47:30: [SM]   [1] Line 1420, C:\Users\Ethorbit\Desktop\sourcemod\scripting\autodifficultypatch.sp::FindEntityByTargetName
L 05/07/2017 - 15:47:30: [SM]   [2] Line 526, C:\Users\Ethorbit\Desktop\sourcemod\scripting\autodifficultypatch.sp::UpdateHeadcrab
L 05/07/2017 - 15:47:30: [SM]   [3] Line 26, C:\Users\Ethorbit\Desktop\sourcemod\scripting\autodifficultypatch.sp::OnClientDisconnect_Post
L 05/07/2017 - 15:47:30: [SM] Exception reported: Entity 2 (2) is invalid
L 05/07/2017 - 15:47:30: [SM] Blaming: autodifficultypatch.smx
L 05/07/2017 - 15:47:30: [SM] Call stack trace:
L 05/07/2017 - 15:47:30: [SM]   [0] GetEntPropString
L 05/07/2017 - 15:47:30: [SM]   [1] Line 1420, C:\Users\Ethorbit\Desktop\sourcemod\scripting\autodifficultypatch.sp::FindEntityByTargetName
L 05/07/2017 - 15:47:30: [SM]   [2] Line 518, C:\Users\Ethorbit\Desktop\sourcemod\scripting\autodifficultypatch.sp::UpdateHeadcrab
L 05/07/2017 - 15:47:30: [SM]   [3] Line 26, C:\Users\Ethorbit\Desktop\sourcemod\scripting\autodifficultypatch.sp::OnClientDisconnect_Post
L 05/07/2017 - 15:47:32: Error log file session closed.
L 05/07/2017 - 15:47:32: SourceMod error session started
L 05/07/2017 - 15:47:32: Info (map "dm_coldruins_rc1_m") (file "errors_20170507.log")
L 05/07/2017 - 15:47:32: [SM] Fatal error encountered parsing translation file "savescores.phrases.txt"
L 05/07/2017 - 15:47:32: [SM] Error (line 0, column 0): Stream failed to open
L 05/07/2017 - 15:47:32: [SM] Fatal error encountered parsing translation file "customvotes.phrases.txt"
L 05/07/2017 - 15:47:32: [SM] Error (line 0, column 0): Stream failed to open
L 05/07/2017 - 15:56:10: [SM] Exception reported: Entity 2 (2) is invalid
L 05/07/2017 - 15:56:10: [SM] Blaming: autodifficultypatch.smx
L 05/07/2017 - 15:56:10: [SM] Call stack trace:
L 05/07/2017 - 15:56:10: [SM]   [0] GetEntPropString
L 05/07/2017 - 15:56:10: [SM]   [1] Line 1420, C:\Users\Ethorbit\Desktop\sourcemod\scripting\autodifficultypatch.sp::FindEntityByTargetName
L 05/07/2017 - 15:56:10: [SM]   [2] Line 676, C:\Users\Ethorbit\Desktop\sourcemod\scripting\autodifficultypatch.sp::UpdateHeadcrab
L 05/07/2017 - 15:56:10: [SM]   [3] Line 26, C:\Users\Ethorbit\Desktop\sourcemod\scripting\autodifficultypatch.sp::OnClientDisconnect_Post
L 05/07/2017 - 15:59:08: [SM] Exception reported: Entity 1 (1) is invalid
L 05/07/2017 - 15:59:08: [SM] Blaming: autodifficultypatch.smx
L 05/07/2017 - 15:59:08: [SM] Call stack trace:
L 05/07/2017 - 15:59:08: [SM]   [0] GetEntPropString
L 05/07/2017 - 15:59:08: [SM]   [1] Line 1420, C:\Users\Ethorbit\Desktop\sourcemod\scripting\autodifficultypatch.sp::FindEntityByTargetName
L 05/07/2017 - 15:59:08: [SM]   [2] Line 668, C:\Users\Ethorbit\Desktop\sourcemod\scripting\autodifficultypatch.sp::UpdateHeadcrab
L 05/07/2017 - 15:59:08: [SM]   [3] Line 26, C:\Users\Ethorbit\Desktop\sourcemod\scripting\autodifficultypatch.sp::OnClientDisconnect_Post
L 05/07/2017 - 16:01:26: [SM] Exception reported: Entity 1 (1) is invalid
L 05/07/2017 - 16:01:26: [SM] Blaming: autodifficultypatch.smx
L 05/07/2017 - 16:01:26: [SM] Call stack trace:
L 05/07/2017 - 16:01:26: [SM]   [0] GetEntPropString
L 05/07/2017 - 16:01:26: [SM]   [1] Line 1420, C:\Users\Ethorbit\Desktop\sourcemod\scripting\autodifficultypatch.sp::FindEntityByTargetName
L 05/07/2017 - 16:01:26: [SM]   [2] Line 668, C:\Users\Ethorbit\Desktop\sourcemod\scripting\autodifficultypatch.sp::UpdateHeadcrab
L 05/07/2017 - 16:01:26: [SM]   [3] Line 26, C:\Users\Ethorbit\Desktop\sourcemod\scripting\autodifficultypatch.sp::OnClientDisconnect_Post
L 05/07/2017 - 16:23:31: [SM] Exception reported: Entity 1 (1) is invalid
L 05/07/2017 - 16:23:31: [SM] Blaming: autodifficultypatch.smx
L 05/07/2017 - 16:23:31: [SM] Call stack trace:
L 05/07/2017 - 16:23:31: [SM]   [0] GetEntPropString
L 05/07/2017 - 16:23:31: [SM]   [1] Line 1420, C:\Users\Ethorbit\Desktop\sourcemod\scripting\autodifficultypatch.sp::FindEntityByTargetName
L 05/07/2017 - 16:23:31: [SM]   [2] Line 668, C:\Users\Ethorbit\Desktop\sourcemod\scripting\autodifficultypatch.sp::UpdateHeadcrab
L 05/07/2017 - 16:23:31: [SM]   [3] Line 26, C:\Users\Ethorbit\Desktop\sourcemod\scripting\autodifficultypatch.sp::OnClientDisconnect_Post
L 05/07/2017 - 16:23:32: Error log file session closed.
L 05/07/2017 - 16:23:32: SourceMod error session started
L 05/07/2017 - 16:23:32: Info (map "dm_montana_m") (file "errors_20170507.log")
L 05/07/2017 - 16:23:32: [SM] Fatal error encountered parsing translation file "savescores.phrases.txt"
L 05/07/2017 - 16:23:32: [SM] Error (line 0, column 0): Stream failed to open
L 05/07/2017 - 16:23:32: [SM] Fatal error encountered parsing translation file "customvotes.phrases.txt"
L 05/07/2017 - 16:23:32: [SM] Error (line 0, column 0): Stream failed to open
L 05/07/2017 - 16:31:34: Error log file session closed.
L 05/07/2017 - 16:31:34: SourceMod error session started
L 05/07/2017 - 16:31:34: Info (map "dm_raven_m") (file "errors_20170507.log")
L 05/07/2017 - 16:31:34: [SM] Fatal error encountered parsing translation file "savescores.phrases.txt"
L 05/07/2017 - 16:31:34: [SM] Error (line 0, column 0): Stream failed to open
L 05/07/2017 - 16:31:34: [SM] Fatal error encountered parsing translation file "customvotes.phrases.txt"
L 05/07/2017 - 16:31:34: [SM] Error (line 0, column 0): Stream failed to open
L 05/07/2017 - 16:37:09: [SM] Exception reported: Entity 1 (1) is invalid
L 05/07/2017 - 16:37:09: [SM] Blaming: autodifficultypatch.smx
L 05/07/2017 - 16:37:09: [SM] Call stack trace:
L 05/07/2017 - 16:37:09: [SM]   [0] GetEntPropString
L 05/07/2017 - 16:37:09: [SM]   [1] Line 1420, C:\Users\Ethorbit\Desktop\sourcemod\scripting\autodifficultypatch.sp::FindEntityByTargetName
L 05/07/2017 - 16:37:09: [SM]   [2] Line 968, C:\Users\Ethorbit\Desktop\sourcemod\scripting\autodifficultypatch.sp::UpdateHeadcrab
L 05/07/2017 - 16:37:09: [SM]   [3] Line 26, C:\Users\Ethorbit\Desktop\sourcemod\scripting\autodifficultypatch.sp::OnClientDisconnect_Post
L 05/07/2017 - 17:31:45: Error log file session closed.
L 05/07/2017 - 17:31:45: SourceMod error session started
L 05/07/2017 - 17:31:45: Info (map "dm_laststop_m") (file "errors_20170507.log")
L 05/07/2017 - 17:31:45: [SM] Fatal error encountered parsing translation file "savescores.phrases.txt"
L 05/07/2017 - 17:31:45: [SM] Error (line 0, column 0): Stream failed to open
L 05/07/2017 - 17:31:45: [SM] Fatal error encountered parsing translation file "customvotes.phrases.txt"
L 05/07/2017 - 17:31:45: [SM] Error (line 0, column 0): Stream failed to open
L 05/07/2017 - 17:45:53: [SM] Exception reported: Entity 1 (1) is invalid
L 05/07/2017 - 17:45:53: [SM] Blaming: autodifficultypatch.smx
L 05/07/2017 - 17:45:53: [SM] Call stack trace:
L 05/07/2017 - 17:45:53: [SM]   [0] GetEntPropString
L 05/07/2017 - 17:45:53: [SM]   [1] Line 1420, C:\Users\Ethorbit\Desktop\sourcemod\scripting\autodifficultypatch.sp::FindEntityByTargetName
L 05/07/2017 - 17:45:53: [SM]   [2] Line 893, C:\Users\Ethorbit\Desktop\sourcemod\scripting\autodifficultypatch.sp::UpdateHeadcrab
L 05/07/2017 - 17:45:53: [SM]   [3] Line 26, C:\Users\Ethorbit\Desktop\sourcemod\scripting\autodifficultypatch.sp::OnClientDisconnect_Post
L 05/07/2017 - 18:31:55: Error log file session closed.
L 05/07/2017 - 18:31:55: SourceMod error session started
L 05/07/2017 - 18:31:55: Info (map "dm_october_m") (file "errors_20170507.log")
L 05/07/2017 - 18:31:55: [SM] Fatal error encountered parsing translation file "savescores.phrases.txt"
L 05/07/2017 - 18:31:55: [SM] Error (line 0, column 0): Stream failed to open
L 05/07/2017 - 18:31:55: [SM] Fatal error encountered parsing translation file "customvotes.phrases.txt"
L 05/07/2017 - 18:31:55: [SM] Error (line 0, column 0): Stream failed to open
L 05/07/2017 - 19:32:08: Error log file session closed.
L 05/07/2017 - 19:32:08: SourceMod error session started
L 05/07/2017 - 19:32:08: Info (map "pb_z_high_school_m") (file "errors_20170507.log")
L 05/07/2017 - 19:32:08: [SM] Fatal error encountered parsing translation file "savescores.phrases.txt"
L 05/07/2017 - 19:32:08: [SM] Error (line 0, column 0): Stream failed to open
L 05/07/2017 - 19:32:08: [SM] Fatal error encountered parsing translation file "customvotes.phrases.txt"
L 05/07/2017 - 19:32:08: [SM] Error (line 0, column 0): Stream failed to open
L 05/07/2017 - 20:20:43: [SM] Exception reported: Entity 2 (2) is invalid
L 05/07/2017 - 20:20:43: [SM] Blaming: autodifficultypatch.smx
L 05/07/2017 - 20:20:43: [SM] Call stack trace:
L 05/07/2017 - 20:20:43: [SM]   [0] GetEntPropString
L 05/07/2017 - 20:20:43: [SM]   [1] Line 1420, C:\Users\Ethorbit\Desktop\sourcemod\scripting\autodifficultypatch.sp::FindEntityByTargetName
L 05/07/2017 - 20:20:43: [SM]   [2] Line 1202, C:\Users\Ethorbit\Desktop\sourcemod\scripting\autodifficultypatch.sp::UpdateHeadcrab
L 05/07/2017 - 20:20:43: [SM]   [3] Line 26, C:\Users\Ethorbit\Desktop\sourcemod\scripting\autodifficultypatch.sp::OnClientDisconnect_Post
L 05/07/2017 - 20:22:06: [SM] Exception reported: Entity 1 (1) is invalid
L 05/07/2017 - 20:22:06: [SM] Blaming: autodifficultypatch.smx
L 05/07/2017 - 20:22:06: [SM] Call stack trace:
L 05/07/2017 - 20:22:06: [SM]   [0] GetEntPropString
L 05/07/2017 - 20:22:06: [SM]   [1] Line 1420, C:\Users\Ethorbit\Desktop\sourcemod\scripting\autodifficultypatch.sp::FindEntityByTargetName
L 05/07/2017 - 20:22:06: [SM]   [2] Line 1194, C:\Users\Ethorbit\Desktop\sourcemod\scripting\autodifficultypatch.sp::UpdateHeadcrab
L 05/07/2017 - 20:22:06: [SM]   [3] Line 26, C:\Users\Ethorbit\Desktop\sourcemod\scripting\autodifficultypatch.sp::OnClientDisconnect_Post
L 05/07/2017 - 20:32:21: Error log file session closed.
L 05/07/2017 - 20:32:21: SourceMod error session started
L 05/07/2017 - 20:32:21: Info (map "pb_z_colony_m") (file "errors_20170507.log")
L 05/07/2017 - 20:32:21: [SM] Fatal error encountered parsing translation file "savescores.phrases.txt"
L 05/07/2017 - 20:32:21: [SM] Error (line 0, column 0): Stream failed to open
L 05/07/2017 - 20:32:21: [SM] Fatal error encountered parsing translation file "customvotes.phrases.txt"
L 05/07/2017 - 20:32:21: [SM] Error (line 0, column 0): Stream failed to open
L 05/07/2017 - 21:32:31: Error log file session closed.
L 05/07/2017 - 21:32:31: SourceMod error session started
L 05/07/2017 - 21:32:31: Info (map "pb_z_office_tower_v2_m") (file "errors_20170507.log")
L 05/07/2017 - 21:32:31: [SM] Fatal error encountered parsing translation file "savescores.phrases.txt"
L 05/07/2017 - 21:32:31: [SM] Error (line 0, column 0): Stream failed to open
L 05/07/2017 - 21:32:31: [SM] Fatal error encountered parsing translation file "customvotes.phrases.txt"
L 05/07/2017 - 21:32:31: [SM] Error (line 0, column 0): Stream failed to open
L 05/07/2017 - 22:32:41: Error log file session closed.
L 05/07/2017 - 22:32:41: SourceMod error session started
L 05/07/2017 - 22:32:41: Info (map "dm_hellsdistrict_m") (file "errors_20170507.log")
L 05/07/2017 - 22:32:41: [SM] Fatal error encountered parsing translation file "savescores.phrases.txt"
L 05/07/2017 - 22:32:41: [SM] Error (line 0, column 0): Stream failed to open
L 05/07/2017 - 22:32:41: [SM] Fatal error encountered parsing translation file "customvotes.phrases.txt"
L 05/07/2017 - 22:32:41: [SM] Error (line 0, column 0): Stream failed to open
L 05/07/2017 - 23:32:53: Error log file session closed.
L 05/07/2017 - 23:32:53: SourceMod error session started
L 05/07/2017 - 23:32:53: Info (map "dm_cave_m") (file "errors_20170507.log")
L 05/07/2017 - 23:32:53: [SM] Fatal error encountered parsing translation file "savescores.phrases.txt"
L 05/07/2017 - 23:32:53: [SM] Error (line 0, column 0): Stream failed to open
L 05/07/2017 - 23:32:53: [SM] Fatal error encountered parsing translation file "customvotes.phrases.txt"
L 05/07/2017 - 23:32:53: [SM] Error (line 0, column 0): Stream failed to open
