L 05/06/2017 - 00:04:06: SourceMod error session started
L 05/06/2017 - 00:04:06: Info (map "dm_mine_entrance_m") (file "errors_20170506.log")
L 05/06/2017 - 00:04:06: [SM] Exception reported: Entity 1 (1) is invalid
L 05/06/2017 - 00:04:06: [SM] Blaming: autodifficultypatch.smx
L 05/06/2017 - 00:04:06: [SM] Call stack trace:
L 05/06/2017 - 00:04:06: [SM]   [0] GetEntPropString
L 05/06/2017 - 00:04:06: [SM]   [1] Line 1420, C:\Users\Ethorbit\Desktop\sourcemod\scripting\autodifficultypatch.sp::FindEntityByTargetName
L 05/06/2017 - 00:04:06: [SM]   [2] Line 1043, C:\Users\Ethorbit\Desktop\sourcemod\scripting\autodifficultypatch.sp::UpdateHeadcrab
L 05/06/2017 - 00:04:06: [SM]   [3] Line 26, C:\Users\Ethorbit\Desktop\sourcemod\scripting\autodifficultypatch.sp::OnClientDisconnect_Post
L 05/06/2017 - 00:11:02: SourceMod error session started
L 05/06/2017 - 00:11:02: Info (map "pb_z_high_school_m") (file "errors_20170506.log")
L 05/06/2017 - 00:11:02: [SDKTOOLS] Invalid detour address passed - Disabling detour to prevent crashes
L 05/06/2017 - 00:11:02: [SM] Fatal error encountered parsing translation file "savescores.phrases.txt"
L 05/06/2017 - 00:11:02: [SM] Error (line 0, column 0): Stream failed to open
L 05/06/2017 - 01:10:00: [SM] Fatal error encountered parsing translation file "customvotes.phrases.txt"
L 05/06/2017 - 01:10:00: [SM] Error (line 0, column 0): Stream failed to open
L 05/06/2017 - 01:24:59: [SM] Exception reported: Entity 1 (1) is invalid
L 05/06/2017 - 01:24:59: [SM] Blaming: autodifficultypatch.smx
L 05/06/2017 - 01:24:59: [SM] Call stack trace:
L 05/06/2017 - 01:24:59: [SM]   [0] GetEntPropString
L 05/06/2017 - 01:24:59: [SM]   [1] Line 1420, C:\Users\Ethorbit\Desktop\sourcemod\scripting\autodifficultypatch.sp::FindEntityByTargetName
L 05/06/2017 - 01:24:59: [SM]   [2] Line 1194, C:\Users\Ethorbit\Desktop\sourcemod\scripting\autodifficultypatch.sp::UpdateHeadcrab
L 05/06/2017 - 01:24:59: [SM]   [3] Line 26, C:\Users\Ethorbit\Desktop\sourcemod\scripting\autodifficultypatch.sp::OnClientDisconnect_Post
L 05/06/2017 - 02:09:39: Error log file session closed.
L 05/06/2017 - 02:09:39: SourceMod error session started
L 05/06/2017 - 02:09:39: Info (map "pb_z_disorder_m") (file "errors_20170506.log")
L 05/06/2017 - 02:09:39: [SM] Fatal error encountered parsing translation file "savescores.phrases.txt"
L 05/06/2017 - 02:09:39: [SM] Error (line 0, column 0): Stream failed to open
L 05/06/2017 - 02:09:39: [SM] Fatal error encountered parsing translation file "customvotes.phrases.txt"
L 05/06/2017 - 02:09:39: [SM] Error (line 0, column 0): Stream failed to open
L 05/06/2017 - 02:59:44: [SM] Exception reported: Entity 1 (1) is invalid
L 05/06/2017 - 02:59:44: [SM] Blaming: autodifficultypatch.smx
L 05/06/2017 - 02:59:44: [SM] Call stack trace:
L 05/06/2017 - 02:59:44: [SM]   [0] GetEntPropString
L 05/06/2017 - 02:59:44: [SM]   [1] Line 1420, C:\Users\Ethorbit\Desktop\sourcemod\scripting\autodifficultypatch.sp::FindEntityByTargetName
L 05/06/2017 - 02:59:44: [SM]   [2] Line 443, C:\Users\Ethorbit\Desktop\sourcemod\scripting\autodifficultypatch.sp::UpdateHeadcrab
L 05/06/2017 - 02:59:44: [SM]   [3] Line 26, C:\Users\Ethorbit\Desktop\sourcemod\scripting\autodifficultypatch.sp::OnClientDisconnect_Post
L 05/06/2017 - 03:09:48: Error log file session closed.
L 05/06/2017 - 03:09:48: SourceMod error session started
L 05/06/2017 - 03:09:48: Info (map "dm_mine_entrance_m") (file "errors_20170506.log")
L 05/06/2017 - 03:09:48: [SM] Fatal error encountered parsing translation file "savescores.phrases.txt"
L 05/06/2017 - 03:09:48: [SM] Error (line 0, column 0): Stream failed to open
L 05/06/2017 - 03:09:48: [SM] Fatal error encountered parsing translation file "customvotes.phrases.txt"
L 05/06/2017 - 03:09:48: [SM] Error (line 0, column 0): Stream failed to open
L 05/06/2017 - 03:25:41: [SM] Exception reported: Entity 1 (1) is invalid
L 05/06/2017 - 03:25:41: [SM] Blaming: autodifficultypatch.smx
L 05/06/2017 - 03:25:41: [SM] Call stack trace:
L 05/06/2017 - 03:25:41: [SM]   [0] GetEntPropString
L 05/06/2017 - 03:25:41: [SM]   [1] Line 1420, C:\Users\Ethorbit\Desktop\sourcemod\scripting\autodifficultypatch.sp::FindEntityByTargetName
L 05/06/2017 - 03:25:41: [SM]   [2] Line 1043, C:\Users\Ethorbit\Desktop\sourcemod\scripting\autodifficultypatch.sp::UpdateHeadcrab
L 05/06/2017 - 03:25:41: [SM]   [3] Line 26, C:\Users\Ethorbit\Desktop\sourcemod\scripting\autodifficultypatch.sp::OnClientDisconnect_Post
L 05/06/2017 - 04:09:59: Error log file session closed.
L 05/06/2017 - 04:09:59: SourceMod error session started
L 05/06/2017 - 04:09:59: Info (map "dm_raven_m") (file "errors_20170506.log")
L 05/06/2017 - 04:09:59: [SM] Fatal error encountered parsing translation file "savescores.phrases.txt"
L 05/06/2017 - 04:09:59: [SM] Error (line 0, column 0): Stream failed to open
L 05/06/2017 - 04:09:59: [SM] Fatal error encountered parsing translation file "customvotes.phrases.txt"
L 05/06/2017 - 04:09:59: [SM] Error (line 0, column 0): Stream failed to open
L 05/06/2017 - 05:10:09: Error log file session closed.
L 05/06/2017 - 05:10:09: SourceMod error session started
L 05/06/2017 - 05:10:09: Info (map "pb_z_office_tower_m") (file "errors_20170506.log")
L 05/06/2017 - 05:10:09: [SM] Fatal error encountered parsing translation file "savescores.phrases.txt"
L 05/06/2017 - 05:10:09: [SM] Error (line 0, column 0): Stream failed to open
L 05/06/2017 - 05:10:09: [SM] Fatal error encountered parsing translation file "customvotes.phrases.txt"
L 05/06/2017 - 05:10:09: [SM] Error (line 0, column 0): Stream failed to open
L 05/06/2017 - 06:10:24: Error log file session closed.
L 05/06/2017 - 06:10:27: SourceMod error session started
L 05/06/2017 - 06:10:27: Info (map "dm_montana_m") (file "errors_20170506.log")
L 05/06/2017 - 06:10:27: [SM] Fatal error encountered parsing translation file "savescores.phrases.txt"
L 05/06/2017 - 06:10:27: [SM] Error (line 0, column 0): Stream failed to open
L 05/06/2017 - 06:10:27: [SM] Fatal error encountered parsing translation file "customvotes.phrases.txt"
L 05/06/2017 - 06:10:27: [SM] Error (line 0, column 0): Stream failed to open
L 05/06/2017 - 07:10:40: Error log file session closed.
L 05/06/2017 - 07:10:40: SourceMod error session started
L 05/06/2017 - 07:10:40: Info (map "pb_z_earthquake_m") (file "errors_20170506.log")
L 05/06/2017 - 07:10:40: [SM] Fatal error encountered parsing translation file "savescores.phrases.txt"
L 05/06/2017 - 07:10:40: [SM] Error (line 0, column 0): Stream failed to open
L 05/06/2017 - 07:10:40: [SM] Fatal error encountered parsing translation file "customvotes.phrases.txt"
L 05/06/2017 - 07:10:40: [SM] Error (line 0, column 0): Stream failed to open
L 05/06/2017 - 07:16:14: [SM] Exception reported: Entity 1 (1) is invalid
L 05/06/2017 - 07:16:14: [SM] Blaming: autodifficultypatch.smx
L 05/06/2017 - 07:16:14: [SM] Call stack trace:
L 05/06/2017 - 07:16:14: [SM]   [0] GetEntPropString
L 05/06/2017 - 07:16:14: [SM]   [1] Line 1420, C:\Users\Ethorbit\Desktop\sourcemod\scripting\autodifficultypatch.sp::FindEntityByTargetName
L 05/06/2017 - 07:16:14: [SM]   [2] Line 818, C:\Users\Ethorbit\Desktop\sourcemod\scripting\autodifficultypatch.sp::UpdateHeadcrab
L 05/06/2017 - 07:16:14: [SM]   [3] Line 26, C:\Users\Ethorbit\Desktop\sourcemod\scripting\autodifficultypatch.sp::OnClientDisconnect_Post
L 05/06/2017 - 08:10:54: Error log file session closed.
L 05/06/2017 - 08:10:54: SourceMod error session started
L 05/06/2017 - 08:10:54: Info (map "dm_cave_m") (file "errors_20170506.log")
L 05/06/2017 - 08:10:54: [SM] Fatal error encountered parsing translation file "savescores.phrases.txt"
L 05/06/2017 - 08:10:54: [SM] Error (line 0, column 0): Stream failed to open
L 05/06/2017 - 08:10:54: [SM] Fatal error encountered parsing translation file "customvotes.phrases.txt"
L 05/06/2017 - 08:10:54: [SM] Error (line 0, column 0): Stream failed to open
L 05/06/2017 - 09:11:06: Error log file session closed.
L 05/06/2017 - 09:11:06: SourceMod error session started
L 05/06/2017 - 09:11:06: Info (map "dm_coldruins_rc1_m") (file "errors_20170506.log")
L 05/06/2017 - 09:11:06: [SM] Fatal error encountered parsing translation file "savescores.phrases.txt"
L 05/06/2017 - 09:11:06: [SM] Error (line 0, column 0): Stream failed to open
L 05/06/2017 - 09:11:06: [SM] Fatal error encountered parsing translation file "customvotes.phrases.txt"
L 05/06/2017 - 09:11:06: [SM] Error (line 0, column 0): Stream failed to open
L 05/06/2017 - 09:13:52: [SM] Exception reported: Entity 1 (1) is invalid
L 05/06/2017 - 09:13:52: [SM] Blaming: autodifficultypatch.smx
L 05/06/2017 - 09:13:52: [SM] Call stack trace:
L 05/06/2017 - 09:13:52: [SM]   [0] GetEntPropString
L 05/06/2017 - 09:13:52: [SM]   [1] Line 1420, C:\Users\Ethorbit\Desktop\sourcemod\scripting\autodifficultypatch.sp::FindEntityByTargetName
L 05/06/2017 - 09:13:52: [SM]   [2] Line 668, C:\Users\Ethorbit\Desktop\sourcemod\scripting\autodifficultypatch.sp::UpdateHeadcrab
L 05/06/2017 - 09:13:52: [SM]   [3] Line 26, C:\Users\Ethorbit\Desktop\sourcemod\scripting\autodifficultypatch.sp::OnClientDisconnect_Post
L 05/06/2017 - 10:05:14: [SM] Exception reported: Entity 2 (2) is invalid
L 05/06/2017 - 10:05:14: [SM] Blaming: autodifficultypatch.smx
L 05/06/2017 - 10:05:14: [SM] Call stack trace:
L 05/06/2017 - 10:05:14: [SM]   [0] GetEntPropString
L 05/06/2017 - 10:05:14: [SM]   [1] Line 1420, C:\Users\Ethorbit\Desktop\sourcemod\scripting\autodifficultypatch.sp::FindEntityByTargetName
L 05/06/2017 - 10:05:14: [SM]   [2] Line 676, C:\Users\Ethorbit\Desktop\sourcemod\scripting\autodifficultypatch.sp::UpdateHeadcrab
L 05/06/2017 - 10:05:14: [SM]   [3] Line 26, C:\Users\Ethorbit\Desktop\sourcemod\scripting\autodifficultypatch.sp::OnClientDisconnect_Post
L 05/06/2017 - 10:11:15: [SM] Exception reported: Entity 1 (1) is invalid
L 05/06/2017 - 10:11:15: [SM] Blaming: autodifficultypatch.smx
L 05/06/2017 - 10:11:15: [SM] Call stack trace:
L 05/06/2017 - 10:11:15: [SM]   [0] GetEntPropString
L 05/06/2017 - 10:11:15: [SM]   [1] Line 1420, C:\Users\Ethorbit\Desktop\sourcemod\scripting\autodifficultypatch.sp::FindEntityByTargetName
L 05/06/2017 - 10:11:15: [SM]   [2] Line 668, C:\Users\Ethorbit\Desktop\sourcemod\scripting\autodifficultypatch.sp::UpdateHeadcrab
L 05/06/2017 - 10:11:15: [SM]   [3] Line 26, C:\Users\Ethorbit\Desktop\sourcemod\scripting\autodifficultypatch.sp::OnClientDisconnect_Post
L 05/06/2017 - 10:11:17: Error log file session closed.
L 05/06/2017 - 10:11:17: SourceMod error session started
L 05/06/2017 - 10:11:17: Info (map "dm_laststop_m") (file "errors_20170506.log")
L 05/06/2017 - 10:11:17: [SM] Fatal error encountered parsing translation file "savescores.phrases.txt"
L 05/06/2017 - 10:11:17: [SM] Error (line 0, column 0): Stream failed to open
L 05/06/2017 - 10:11:17: [SM] Fatal error encountered parsing translation file "customvotes.phrases.txt"
L 05/06/2017 - 10:11:17: [SM] Error (line 0, column 0): Stream failed to open
L 05/06/2017 - 10:13:55: [SM] Exception reported: Entity 1 (1) is invalid
L 05/06/2017 - 10:13:55: [SM] Blaming: autodifficultypatch.smx
L 05/06/2017 - 10:13:55: [SM] Call stack trace:
L 05/06/2017 - 10:13:55: [SM]   [0] GetEntPropString
L 05/06/2017 - 10:13:55: [SM]   [1] Line 1420, C:\Users\Ethorbit\Desktop\sourcemod\scripting\autodifficultypatch.sp::FindEntityByTargetName
L 05/06/2017 - 10:13:55: [SM]   [2] Line 893, C:\Users\Ethorbit\Desktop\sourcemod\scripting\autodifficultypatch.sp::UpdateHeadcrab
L 05/06/2017 - 10:13:55: [SM]   [3] Line 26, C:\Users\Ethorbit\Desktop\sourcemod\scripting\autodifficultypatch.sp::OnClientDisconnect_Post
L 05/06/2017 - 10:13:57: Error log file session closed.
L 05/06/2017 - 10:13:57: SourceMod error session started
L 05/06/2017 - 10:13:57: Info (map "pb_z_area51_m") (file "errors_20170506.log")
L 05/06/2017 - 10:13:57: [SM] Fatal error encountered parsing translation file "savescores.phrases.txt"
L 05/06/2017 - 10:13:57: [SM] Error (line 0, column 0): Stream failed to open
L 05/06/2017 - 10:13:57: [SM] Fatal error encountered parsing translation file "customvotes.phrases.txt"
L 05/06/2017 - 10:13:57: [SM] Error (line 0, column 0): Stream failed to open
L 05/06/2017 - 10:42:09: [SM] Exception reported: Entity 1 (1) is invalid
L 05/06/2017 - 10:42:09: [SM] Blaming: autodifficultypatch.smx
L 05/06/2017 - 10:42:09: [SM] Call stack trace:
L 05/06/2017 - 10:42:09: [SM]   [0] GetEntPropString
L 05/06/2017 - 10:42:09: [SM]   [1] Line 1420, C:\Users\Ethorbit\Desktop\sourcemod\scripting\autodifficultypatch.sp::FindEntityByTargetName
L 05/06/2017 - 10:42:09: [SM]   [2] Line 1270, C:\Users\Ethorbit\Desktop\sourcemod\scripting\autodifficultypatch.sp::UpdateHeadcrab
L 05/06/2017 - 10:42:09: [SM]   [3] Line 26, C:\Users\Ethorbit\Desktop\sourcemod\scripting\autodifficultypatch.sp::OnClientDisconnect_Post
L 05/06/2017 - 10:47:56: [SM] Exception reported: Entity 1 (1) is invalid
L 05/06/2017 - 10:47:56: [SM] Blaming: autodifficultypatch.smx
L 05/06/2017 - 10:47:56: [SM] Call stack trace:
L 05/06/2017 - 10:47:56: [SM]   [0] GetEntPropString
L 05/06/2017 - 10:47:56: [SM]   [1] Line 1420, C:\Users\Ethorbit\Desktop\sourcemod\scripting\autodifficultypatch.sp::FindEntityByTargetName
L 05/06/2017 - 10:47:56: [SM]   [2] Line 1270, C:\Users\Ethorbit\Desktop\sourcemod\scripting\autodifficultypatch.sp::UpdateHeadcrab
L 05/06/2017 - 10:47:56: [SM]   [3] Line 26, C:\Users\Ethorbit\Desktop\sourcemod\scripting\autodifficultypatch.sp::OnClientDisconnect_Post
L 05/06/2017 - 10:59:29: [SM] Exception reported: Entity 1 (1) is invalid
L 05/06/2017 - 10:59:29: [SM] Blaming: autodifficultypatch.smx
L 05/06/2017 - 10:59:29: [SM] Call stack trace:
L 05/06/2017 - 10:59:29: [SM]   [0] GetEntPropString
L 05/06/2017 - 10:59:29: [SM]   [1] Line 1420, C:\Users\Ethorbit\Desktop\sourcemod\scripting\autodifficultypatch.sp::FindEntityByTargetName
L 05/06/2017 - 10:59:29: [SM]   [2] Line 1270, C:\Users\Ethorbit\Desktop\sourcemod\scripting\autodifficultypatch.sp::UpdateHeadcrab
L 05/06/2017 - 10:59:29: [SM]   [3] Line 26, C:\Users\Ethorbit\Desktop\sourcemod\scripting\autodifficultypatch.sp::OnClientDisconnect_Post
L 05/06/2017 - 11:01:13: [SM] Exception reported: Entity 1 (1) is invalid
L 05/06/2017 - 11:01:13: [SM] Blaming: autodifficultypatch.smx
L 05/06/2017 - 11:01:13: [SM] Call stack trace:
L 05/06/2017 - 11:01:13: [SM]   [0] GetEntPropString
L 05/06/2017 - 11:01:13: [SM]   [1] Line 1420, C:\Users\Ethorbit\Desktop\sourcemod\scripting\autodifficultypatch.sp::FindEntityByTargetName
L 05/06/2017 - 11:01:13: [SM]   [2] Line 1270, C:\Users\Ethorbit\Desktop\sourcemod\scripting\autodifficultypatch.sp::UpdateHeadcrab
L 05/06/2017 - 11:01:13: [SM]   [3] Line 26, C:\Users\Ethorbit\Desktop\sourcemod\scripting\autodifficultypatch.sp::OnClientDisconnect_Post
L 05/06/2017 - 11:03:25: [SM] Exception reported: Entity 1 (1) is invalid
L 05/06/2017 - 11:03:25: [SM] Blaming: autodifficultypatch.smx
L 05/06/2017 - 11:03:25: [SM] Call stack trace:
L 05/06/2017 - 11:03:25: [SM]   [0] GetEntPropString
L 05/06/2017 - 11:03:25: [SM]   [1] Line 1420, C:\Users\Ethorbit\Desktop\sourcemod\scripting\autodifficultypatch.sp::FindEntityByTargetName
L 05/06/2017 - 11:03:25: [SM]   [2] Line 1270, C:\Users\Ethorbit\Desktop\sourcemod\scripting\autodifficultypatch.sp::UpdateHeadcrab
L 05/06/2017 - 11:03:25: [SM]   [3] Line 26, C:\Users\Ethorbit\Desktop\sourcemod\scripting\autodifficultypatch.sp::OnClientDisconnect_Post
L 05/06/2017 - 11:05:17: [SM] Exception reported: Entity 1 (1) is invalid
L 05/06/2017 - 11:05:17: [SM] Blaming: autodifficultypatch.smx
L 05/06/2017 - 11:05:17: [SM] Call stack trace:
L 05/06/2017 - 11:05:17: [SM]   [0] GetEntPropString
L 05/06/2017 - 11:05:17: [SM]   [1] Line 1420, C:\Users\Ethorbit\Desktop\sourcemod\scripting\autodifficultypatch.sp::FindEntityByTargetName
L 05/06/2017 - 11:05:17: [SM]   [2] Line 1270, C:\Users\Ethorbit\Desktop\sourcemod\scripting\autodifficultypatch.sp::UpdateHeadcrab
L 05/06/2017 - 11:05:17: [SM]   [3] Line 26, C:\Users\Ethorbit\Desktop\sourcemod\scripting\autodifficultypatch.sp::OnClientDisconnect_Post
L 05/06/2017 - 11:14:07: [SM] Exception reported: Entity 1 (1) is invalid
L 05/06/2017 - 11:14:07: [SM] Blaming: autodifficultypatch.smx
L 05/06/2017 - 11:14:07: [SM] Call stack trace:
L 05/06/2017 - 11:14:07: [SM]   [0] GetEntPropString
L 05/06/2017 - 11:14:07: [SM]   [1] Line 1420, C:\Users\Ethorbit\Desktop\sourcemod\scripting\autodifficultypatch.sp::FindEntityByTargetName
L 05/06/2017 - 11:14:07: [SM]   [2] Line 1270, C:\Users\Ethorbit\Desktop\sourcemod\scripting\autodifficultypatch.sp::UpdateHeadcrab
L 05/06/2017 - 11:14:07: [SM]   [3] Line 26, C:\Users\Ethorbit\Desktop\sourcemod\scripting\autodifficultypatch.sp::OnClientDisconnect_Post
L 05/06/2017 - 11:14:08: Error log file session closed.
L 05/06/2017 - 11:14:08: SourceMod error session started
L 05/06/2017 - 11:14:08: Info (map "pb_z_industry_m") (file "errors_20170506.log")
L 05/06/2017 - 11:14:08: [SM] Fatal error encountered parsing translation file "savescores.phrases.txt"
L 05/06/2017 - 11:14:08: [SM] Error (line 0, column 0): Stream failed to open
L 05/06/2017 - 11:14:08: [SM] Fatal error encountered parsing translation file "customvotes.phrases.txt"
L 05/06/2017 - 11:14:08: [SM] Error (line 0, column 0): Stream failed to open
L 05/06/2017 - 11:22:07: [SM] Exception reported: Entity 2 (2) is invalid
L 05/06/2017 - 11:22:07: [SM] Blaming: autodifficultypatch.smx
L 05/06/2017 - 11:22:07: [SM] Call stack trace:
L 05/06/2017 - 11:22:07: [SM]   [0] GetEntPropString
L 05/06/2017 - 11:22:07: [SM]   [1] Line 1420, C:\Users\Ethorbit\Desktop\sourcemod\scripting\autodifficultypatch.sp::FindEntityByTargetName
L 05/06/2017 - 11:22:07: [SM]   [2] Line 751, C:\Users\Ethorbit\Desktop\sourcemod\scripting\autodifficultypatch.sp::UpdateHeadcrab
L 05/06/2017 - 11:22:07: [SM]   [3] Line 26, C:\Users\Ethorbit\Desktop\sourcemod\scripting\autodifficultypatch.sp::OnClientDisconnect_Post
L 05/06/2017 - 11:29:44: [SM] Exception reported: Entity 2 (2) is invalid
L 05/06/2017 - 11:29:44: [SM] Blaming: autodifficultypatch.smx
L 05/06/2017 - 11:29:44: [SM] Call stack trace:
L 05/06/2017 - 11:29:44: [SM]   [0] GetEntPropString
L 05/06/2017 - 11:29:44: [SM]   [1] Line 1420, C:\Users\Ethorbit\Desktop\sourcemod\scripting\autodifficultypatch.sp::FindEntityByTargetName
L 05/06/2017 - 11:29:44: [SM]   [2] Line 751, C:\Users\Ethorbit\Desktop\sourcemod\scripting\autodifficultypatch.sp::UpdateHeadcrab
L 05/06/2017 - 11:29:44: [SM]   [3] Line 26, C:\Users\Ethorbit\Desktop\sourcemod\scripting\autodifficultypatch.sp::OnClientDisconnect_Post
L 05/06/2017 - 11:43:17: [SM] Exception reported: Entity 1 (1) is invalid
L 05/06/2017 - 11:43:17: [SM] Blaming: autodifficultypatch.smx
L 05/06/2017 - 11:43:17: [SM] Call stack trace:
L 05/06/2017 - 11:43:17: [SM]   [0] GetEntPropString
L 05/06/2017 - 11:43:17: [SM]   [1] Line 1420, C:\Users\Ethorbit\Desktop\sourcemod\scripting\autodifficultypatch.sp::FindEntityByTargetName
L 05/06/2017 - 11:43:17: [SM]   [2] Line 743, C:\Users\Ethorbit\Desktop\sourcemod\scripting\autodifficultypatch.sp::UpdateHeadcrab
L 05/06/2017 - 11:43:17: [SM]   [3] Line 26, C:\Users\Ethorbit\Desktop\sourcemod\scripting\autodifficultypatch.sp::OnClientDisconnect_Post
L 05/06/2017 - 11:45:45: [SM] Exception reported: Entity 1 (1) is invalid
L 05/06/2017 - 11:45:45: [SM] Blaming: autodifficultypatch.smx
L 05/06/2017 - 11:45:45: [SM] Call stack trace:
L 05/06/2017 - 11:45:45: [SM]   [0] GetEntPropString
L 05/06/2017 - 11:45:45: [SM]   [1] Line 1420, C:\Users\Ethorbit\Desktop\sourcemod\scripting\autodifficultypatch.sp::FindEntityByTargetName
L 05/06/2017 - 11:45:45: [SM]   [2] Line 743, C:\Users\Ethorbit\Desktop\sourcemod\scripting\autodifficultypatch.sp::UpdateHeadcrab
L 05/06/2017 - 11:45:45: [SM]   [3] Line 26, C:\Users\Ethorbit\Desktop\sourcemod\scripting\autodifficultypatch.sp::OnClientDisconnect_Post
L 05/06/2017 - 11:46:03: [SM] Exception reported: Entity 1 (1) is invalid
L 05/06/2017 - 11:46:03: [SM] Blaming: autodifficultypatch.smx
L 05/06/2017 - 11:46:03: [SM] Call stack trace:
L 05/06/2017 - 11:46:03: [SM]   [0] GetEntPropString
L 05/06/2017 - 11:46:03: [SM]   [1] Line 1420, C:\Users\Ethorbit\Desktop\sourcemod\scripting\autodifficultypatch.sp::FindEntityByTargetName
L 05/06/2017 - 11:46:03: [SM]   [2] Line 743, C:\Users\Ethorbit\Desktop\sourcemod\scripting\autodifficultypatch.sp::UpdateHeadcrab
L 05/06/2017 - 11:46:03: [SM]   [3] Line 26, C:\Users\Ethorbit\Desktop\sourcemod\scripting\autodifficultypatch.sp::OnClientDisconnect_Post
L 05/06/2017 - 12:14:17: [SM] Exception reported: Entity 1 (1) is invalid
L 05/06/2017 - 12:14:17: [SM] Blaming: autodifficultypatch.smx
L 05/06/2017 - 12:14:17: [SM] Call stack trace:
L 05/06/2017 - 12:14:17: [SM]   [0] GetEntPropString
L 05/06/2017 - 12:14:17: [SM]   [1] Line 1420, C:\Users\Ethorbit\Desktop\sourcemod\scripting\autodifficultypatch.sp::FindEntityByTargetName
L 05/06/2017 - 12:14:17: [SM]   [2] Line 743, C:\Users\Ethorbit\Desktop\sourcemod\scripting\autodifficultypatch.sp::UpdateHeadcrab
L 05/06/2017 - 12:14:17: [SM]   [3] Line 26, C:\Users\Ethorbit\Desktop\sourcemod\scripting\autodifficultypatch.sp::OnClientDisconnect_Post
L 05/06/2017 - 12:14:19: Error log file session closed.
L 05/06/2017 - 12:14:19: SourceMod error session started
L 05/06/2017 - 12:14:19: Info (map "dm_morbid_m") (file "errors_20170506.log")
L 05/06/2017 - 12:14:19: [SM] Fatal error encountered parsing translation file "savescores.phrases.txt"
L 05/06/2017 - 12:14:19: [SM] Error (line 0, column 0): Stream failed to open
L 05/06/2017 - 12:14:19: [SM] Fatal error encountered parsing translation file "customvotes.phrases.txt"
L 05/06/2017 - 12:14:19: [SM] Error (line 0, column 0): Stream failed to open
L 05/06/2017 - 12:23:58: [SM] Exception reported: Entity 2 (2) is invalid
L 05/06/2017 - 12:23:58: [SM] Blaming: autodifficultypatch.smx
L 05/06/2017 - 12:23:58: [SM] Call stack trace:
L 05/06/2017 - 12:23:58: [SM]   [0] GetEntPropString
L 05/06/2017 - 12:23:58: [SM]   [1] Line 1420, C:\Users\Ethorbit\Desktop\sourcemod\scripting\autodifficultypatch.sp::FindEntityByTargetName
L 05/06/2017 - 12:23:58: [SM]   [2] Line 1353, C:\Users\Ethorbit\Desktop\sourcemod\scripting\autodifficultypatch.sp::UpdateHeadcrab
L 05/06/2017 - 12:23:58: [SM]   [3] Line 26, C:\Users\Ethorbit\Desktop\sourcemod\scripting\autodifficultypatch.sp::OnClientDisconnect_Post
L 05/06/2017 - 12:39:17: [SM] Exception reported: Entity 1 (1) is invalid
L 05/06/2017 - 12:39:17: [SM] Blaming: autodifficultypatch.smx
L 05/06/2017 - 12:39:17: [SM] Call stack trace:
L 05/06/2017 - 12:39:17: [SM]   [0] GetEntPropString
L 05/06/2017 - 12:39:17: [SM]   [1] Line 1420, C:\Users\Ethorbit\Desktop\sourcemod\scripting\autodifficultypatch.sp::FindEntityByTargetName
L 05/06/2017 - 12:39:17: [SM]   [2] Line 1345, C:\Users\Ethorbit\Desktop\sourcemod\scripting\autodifficultypatch.sp::UpdateHeadcrab
L 05/06/2017 - 12:39:17: [SM]   [3] Line 26, C:\Users\Ethorbit\Desktop\sourcemod\scripting\autodifficultypatch.sp::OnClientDisconnect_Post
L 05/06/2017 - 13:14:29: Error log file session closed.
L 05/06/2017 - 13:14:29: SourceMod error session started
L 05/06/2017 - 13:14:29: Info (map "pb_z_underground_m") (file "errors_20170506.log")
L 05/06/2017 - 13:14:29: [SM] Fatal error encountered parsing translation file "savescores.phrases.txt"
L 05/06/2017 - 13:14:29: [SM] Error (line 0, column 0): Stream failed to open
L 05/06/2017 - 13:14:29: [SM] Fatal error encountered parsing translation file "customvotes.phrases.txt"
L 05/06/2017 - 13:14:29: [SM] Error (line 0, column 0): Stream failed to open
L 05/06/2017 - 14:02:22: [SM] Exception reported: Entity 1 (1) is invalid
L 05/06/2017 - 14:02:22: [SM] Blaming: autodifficultypatch.smx
L 05/06/2017 - 14:02:22: [SM] Call stack trace:
L 05/06/2017 - 14:02:22: [SM]   [0] GetEntPropString
L 05/06/2017 - 14:02:22: [SM]   [1] Line 1420, C:\Users\Ethorbit\Desktop\sourcemod\scripting\autodifficultypatch.sp::FindEntityByTargetName
L 05/06/2017 - 14:02:22: [SM]   [2] Line 518, C:\Users\Ethorbit\Desktop\sourcemod\scripting\autodifficultypatch.sp::UpdateHeadcrab
L 05/06/2017 - 14:02:22: [SM]   [3] Line 26, C:\Users\Ethorbit\Desktop\sourcemod\scripting\autodifficultypatch.sp::OnClientDisconnect_Post
L 05/06/2017 - 14:14:38: [SM] Exception reported: Entity 1 (1) is invalid
L 05/06/2017 - 14:14:38: [SM] Blaming: autodifficultypatch.smx
L 05/06/2017 - 14:14:38: [SM] Call stack trace:
L 05/06/2017 - 14:14:38: [SM]   [0] GetEntPropString
L 05/06/2017 - 14:14:38: [SM]   [1] Line 1420, C:\Users\Ethorbit\Desktop\sourcemod\scripting\autodifficultypatch.sp::FindEntityByTargetName
L 05/06/2017 - 14:14:38: [SM]   [2] Line 518, C:\Users\Ethorbit\Desktop\sourcemod\scripting\autodifficultypatch.sp::UpdateHeadcrab
L 05/06/2017 - 14:14:38: [SM]   [3] Line 26, C:\Users\Ethorbit\Desktop\sourcemod\scripting\autodifficultypatch.sp::OnClientDisconnect_Post
L 05/06/2017 - 14:14:39: Error log file session closed.
L 05/06/2017 - 14:14:39: SourceMod error session started
L 05/06/2017 - 14:14:39: Info (map "dm_cave_m") (file "errors_20170506.log")
L 05/06/2017 - 14:14:39: [SM] Fatal error encountered parsing translation file "savescores.phrases.txt"
L 05/06/2017 - 14:14:39: [SM] Error (line 0, column 0): Stream failed to open
L 05/06/2017 - 14:14:39: [SM] Fatal error encountered parsing translation file "customvotes.phrases.txt"
L 05/06/2017 - 14:14:39: [SM] Error (line 0, column 0): Stream failed to open
L 05/06/2017 - 14:55:30: [SM] Exception reported: Entity 2 (2) is invalid
L 05/06/2017 - 14:55:30: [SM] Blaming: autodifficultypatch.smx
L 05/06/2017 - 14:55:30: [SM] Call stack trace:
L 05/06/2017 - 14:55:30: [SM]   [0] GetEntPropString
L 05/06/2017 - 14:55:30: [SM]   [1] Line 1420, C:\Users\Ethorbit\Desktop\sourcemod\scripting\autodifficultypatch.sp::FindEntityByTargetName
L 05/06/2017 - 14:55:30: [SM]   [2] Line 601, C:\Users\Ethorbit\Desktop\sourcemod\scripting\autodifficultypatch.sp::UpdateHeadcrab
L 05/06/2017 - 14:55:30: [SM]   [3] Line 26, C:\Users\Ethorbit\Desktop\sourcemod\scripting\autodifficultypatch.sp::OnClientDisconnect_Post
L 05/06/2017 - 15:09:57: [SM] Exception reported: Entity 1 (1) is invalid
L 05/06/2017 - 15:09:57: [SM] Blaming: autodifficultypatch.smx
L 05/06/2017 - 15:09:57: [SM] Call stack trace:
L 05/06/2017 - 15:09:57: [SM]   [0] GetEntPropString
L 05/06/2017 - 15:09:57: [SM]   [1] Line 1420, C:\Users\Ethorbit\Desktop\sourcemod\scripting\autodifficultypatch.sp::FindEntityByTargetName
L 05/06/2017 - 15:09:57: [SM]   [2] Line 593, C:\Users\Ethorbit\Desktop\sourcemod\scripting\autodifficultypatch.sp::UpdateHeadcrab
L 05/06/2017 - 15:09:57: [SM]   [3] Line 26, C:\Users\Ethorbit\Desktop\sourcemod\scripting\autodifficultypatch.sp::OnClientDisconnect_Post
L 05/06/2017 - 15:14:49: Error log file session closed.
L 05/06/2017 - 15:14:49: SourceMod error session started
L 05/06/2017 - 15:14:49: Info (map "dm_october_m") (file "errors_20170506.log")
L 05/06/2017 - 15:14:49: [SM] Fatal error encountered parsing translation file "savescores.phrases.txt"
L 05/06/2017 - 15:14:49: [SM] Error (line 0, column 0): Stream failed to open
L 05/06/2017 - 15:14:49: [SM] Fatal error encountered parsing translation file "customvotes.phrases.txt"
L 05/06/2017 - 15:14:49: [SM] Error (line 0, column 0): Stream failed to open
L 05/06/2017 - 16:15:02: Error log file session closed.
L 05/06/2017 - 16:15:02: SourceMod error session started
L 05/06/2017 - 16:15:02: Info (map "dm_montana_m") (file "errors_20170506.log")
L 05/06/2017 - 16:15:02: [SM] Fatal error encountered parsing translation file "savescores.phrases.txt"
L 05/06/2017 - 16:15:02: [SM] Error (line 0, column 0): Stream failed to open
L 05/06/2017 - 16:15:02: [SM] Fatal error encountered parsing translation file "customvotes.phrases.txt"
L 05/06/2017 - 16:15:02: [SM] Error (line 0, column 0): Stream failed to open
L 05/06/2017 - 17:00:56: Error log file session closed.
L 05/06/2017 - 17:00:56: SourceMod error session started
L 05/06/2017 - 17:00:56: Info (map "dm_coldruins_rc1_m") (file "errors_20170506.log")
L 05/06/2017 - 17:00:56: [SM] Fatal error encountered parsing translation file "savescores.phrases.txt"
L 05/06/2017 - 17:00:56: [SM] Error (line 0, column 0): Stream failed to open
L 05/06/2017 - 17:00:56: [SM] Fatal error encountered parsing translation file "customvotes.phrases.txt"
L 05/06/2017 - 17:00:56: [SM] Error (line 0, column 0): Stream failed to open
L 05/06/2017 - 17:07:42: [SM] Exception reported: Entity 1 (1) is invalid
L 05/06/2017 - 17:07:42: [SM] Blaming: autodifficultypatch.smx
L 05/06/2017 - 17:07:42: [SM] Call stack trace:
L 05/06/2017 - 17:07:42: [SM]   [0] GetEntPropString
L 05/06/2017 - 17:07:42: [SM]   [1] Line 1420, C:\Users\Ethorbit\Desktop\sourcemod\scripting\autodifficultypatch.sp::FindEntityByTargetName
L 05/06/2017 - 17:07:42: [SM]   [2] Line 668, C:\Users\Ethorbit\Desktop\sourcemod\scripting\autodifficultypatch.sp::UpdateHeadcrab
L 05/06/2017 - 17:07:42: [SM]   [3] Line 26, C:\Users\Ethorbit\Desktop\sourcemod\scripting\autodifficultypatch.sp::OnClientDisconnect_Post
L 05/06/2017 - 18:01:07: [SM] Exception reported: Entity 1 (1) is invalid
L 05/06/2017 - 18:01:07: [SM] Blaming: autodifficultypatch.smx
L 05/06/2017 - 18:01:07: [SM] Call stack trace:
L 05/06/2017 - 18:01:07: [SM]   [0] GetEntPropString
L 05/06/2017 - 18:01:07: [SM]   [1] Line 1420, C:\Users\Ethorbit\Desktop\sourcemod\scripting\autodifficultypatch.sp::FindEntityByTargetName
L 05/06/2017 - 18:01:07: [SM]   [2] Line 668, C:\Users\Ethorbit\Desktop\sourcemod\scripting\autodifficultypatch.sp::UpdateHeadcrab
L 05/06/2017 - 18:01:07: [SM]   [3] Line 26, C:\Users\Ethorbit\Desktop\sourcemod\scripting\autodifficultypatch.sp::OnClientDisconnect_Post
L 05/06/2017 - 18:01:08: Error log file session closed.
L 05/06/2017 - 18:01:08: SourceMod error session started
L 05/06/2017 - 18:01:08: Info (map "pb_z_earthquake_m") (file "errors_20170506.log")
L 05/06/2017 - 18:01:08: [SM] Fatal error encountered parsing translation file "savescores.phrases.txt"
L 05/06/2017 - 18:01:08: [SM] Error (line 0, column 0): Stream failed to open
L 05/06/2017 - 18:01:08: [SM] Fatal error encountered parsing translation file "customvotes.phrases.txt"
L 05/06/2017 - 18:01:08: [SM] Error (line 0, column 0): Stream failed to open
L 05/06/2017 - 18:01:39: [SM] Exception reported: Entity 1 (1) is invalid
L 05/06/2017 - 18:01:39: [SM] Blaming: autodifficultypatch.smx
L 05/06/2017 - 18:01:39: [SM] Call stack trace:
L 05/06/2017 - 18:01:39: [SM]   [0] GetEntPropString
L 05/06/2017 - 18:01:39: [SM]   [1] Line 1420, C:\Users\Ethorbit\Desktop\sourcemod\scripting\autodifficultypatch.sp::FindEntityByTargetName
L 05/06/2017 - 18:01:39: [SM]   [2] Line 818, C:\Users\Ethorbit\Desktop\sourcemod\scripting\autodifficultypatch.sp::UpdateHeadcrab
L 05/06/2017 - 18:01:39: [SM]   [3] Line 26, C:\Users\Ethorbit\Desktop\sourcemod\scripting\autodifficultypatch.sp::OnClientDisconnect_Post
L 05/06/2017 - 19:01:19: Error log file session closed.
L 05/06/2017 - 19:01:19: SourceMod error session started
L 05/06/2017 - 19:01:19: Info (map "pb_z_office_tower_m") (file "errors_20170506.log")
L 05/06/2017 - 19:01:19: [SM] Fatal error encountered parsing translation file "savescores.phrases.txt"
L 05/06/2017 - 19:01:19: [SM] Error (line 0, column 0): Stream failed to open
L 05/06/2017 - 19:01:19: [SM] Fatal error encountered parsing translation file "customvotes.phrases.txt"
L 05/06/2017 - 19:01:19: [SM] Error (line 0, column 0): Stream failed to open
L 05/06/2017 - 19:37:56: Error log file session closed.
L 05/06/2017 - 19:37:56: SourceMod error session started
L 05/06/2017 - 19:37:56: Info (map "pb_z_high_school_m") (file "errors_20170506.log")
L 05/06/2017 - 19:37:56: [SM] Fatal error encountered parsing translation file "savescores.phrases.txt"
L 05/06/2017 - 19:37:56: [SM] Error (line 0, column 0): Stream failed to open
L 05/06/2017 - 19:37:56: [SM] Fatal error encountered parsing translation file "customvotes.phrases.txt"
L 05/06/2017 - 19:37:56: [SM] Error (line 0, column 0): Stream failed to open
L 05/06/2017 - 20:09:59: [SM] Exception reported: Entity 1 (1) is invalid
L 05/06/2017 - 20:09:59: [SM] Blaming: autodifficultypatch.smx
L 05/06/2017 - 20:09:59: [SM] Call stack trace:
L 05/06/2017 - 20:09:59: [SM]   [0] GetEntPropString
L 05/06/2017 - 20:09:59: [SM]   [1] Line 1420, C:\Users\Ethorbit\Desktop\sourcemod\scripting\autodifficultypatch.sp::FindEntityByTargetName
L 05/06/2017 - 20:09:59: [SM]   [2] Line 1194, C:\Users\Ethorbit\Desktop\sourcemod\scripting\autodifficultypatch.sp::UpdateHeadcrab
L 05/06/2017 - 20:09:59: [SM]   [3] Line 26, C:\Users\Ethorbit\Desktop\sourcemod\scripting\autodifficultypatch.sp::OnClientDisconnect_Post
L 05/06/2017 - 20:38:06: Error log file session closed.
L 05/06/2017 - 20:38:06: SourceMod error session started
L 05/06/2017 - 20:38:06: Info (map "pb_z_underground_m") (file "errors_20170506.log")
L 05/06/2017 - 20:38:06: [SM] Fatal error encountered parsing translation file "savescores.phrases.txt"
L 05/06/2017 - 20:38:06: [SM] Error (line 0, column 0): Stream failed to open
L 05/06/2017 - 20:38:06: [SM] Fatal error encountered parsing translation file "customvotes.phrases.txt"
L 05/06/2017 - 20:38:06: [SM] Error (line 0, column 0): Stream failed to open
L 05/06/2017 - 21:38:17: Error log file session closed.
L 05/06/2017 - 21:38:17: SourceMod error session started
L 05/06/2017 - 21:38:17: Info (map "pb_z_disorder_m") (file "errors_20170506.log")
L 05/06/2017 - 21:38:17: [SM] Fatal error encountered parsing translation file "savescores.phrases.txt"
L 05/06/2017 - 21:38:17: [SM] Error (line 0, column 0): Stream failed to open
L 05/06/2017 - 21:38:17: [SM] Fatal error encountered parsing translation file "customvotes.phrases.txt"
L 05/06/2017 - 21:38:17: [SM] Error (line 0, column 0): Stream failed to open
L 05/06/2017 - 21:48:48: [SM] Exception reported: Entity 1 (1) is invalid
L 05/06/2017 - 21:48:48: [SM] Blaming: autodifficultypatch.smx
L 05/06/2017 - 21:48:48: [SM] Call stack trace:
L 05/06/2017 - 21:48:48: [SM]   [0] GetEntPropString
L 05/06/2017 - 21:48:48: [SM]   [1] Line 1420, C:\Users\Ethorbit\Desktop\sourcemod\scripting\autodifficultypatch.sp::FindEntityByTargetName
L 05/06/2017 - 21:48:48: [SM]   [2] Line 443, C:\Users\Ethorbit\Desktop\sourcemod\scripting\autodifficultypatch.sp::UpdateHeadcrab
L 05/06/2017 - 21:48:48: [SM]   [3] Line 26, C:\Users\Ethorbit\Desktop\sourcemod\scripting\autodifficultypatch.sp::OnClientDisconnect_Post
L 05/06/2017 - 22:38:27: Error log file session closed.
L 05/06/2017 - 22:38:27: SourceMod error session started
L 05/06/2017 - 22:38:27: Info (map "pb_z_area51_m") (file "errors_20170506.log")
L 05/06/2017 - 22:38:27: [SM] Fatal error encountered parsing translation file "savescores.phrases.txt"
L 05/06/2017 - 22:38:27: [SM] Error (line 0, column 0): Stream failed to open
L 05/06/2017 - 22:38:27: [SM] Fatal error encountered parsing translation file "customvotes.phrases.txt"
L 05/06/2017 - 22:38:27: [SM] Error (line 0, column 0): Stream failed to open
L 05/06/2017 - 23:26:44: [SM] Exception reported: Entity 1 (1) is invalid
L 05/06/2017 - 23:26:44: [SM] Blaming: autodifficultypatch.smx
L 05/06/2017 - 23:26:44: [SM] Call stack trace:
L 05/06/2017 - 23:26:44: [SM]   [0] GetEntPropString
L 05/06/2017 - 23:26:44: [SM]   [1] Line 1420, C:\Users\Ethorbit\Desktop\sourcemod\scripting\autodifficultypatch.sp::FindEntityByTargetName
L 05/06/2017 - 23:26:44: [SM]   [2] Line 1270, C:\Users\Ethorbit\Desktop\sourcemod\scripting\autodifficultypatch.sp::UpdateHeadcrab
L 05/06/2017 - 23:26:44: [SM]   [3] Line 26, C:\Users\Ethorbit\Desktop\sourcemod\scripting\autodifficultypatch.sp::OnClientDisconnect_Post
L 05/06/2017 - 23:38:42: Error log file session closed.
L 05/06/2017 - 23:38:42: SourceMod error session started
L 05/06/2017 - 23:38:42: Info (map "pb_z_office_tower_v2_m") (file "errors_20170506.log")
L 05/06/2017 - 23:38:42: [SM] Fatal error encountered parsing translation file "savescores.phrases.txt"
L 05/06/2017 - 23:38:42: [SM] Error (line 0, column 0): Stream failed to open
L 05/06/2017 - 23:38:42: [SM] Fatal error encountered parsing translation file "customvotes.phrases.txt"
L 05/06/2017 - 23:38:42: [SM] Error (line 0, column 0): Stream failed to open
