L 05/19/2017 - 00:26:01: SourceMod error session started
L 05/19/2017 - 00:26:01: Info (map "dm_raven_m") (file "errors_20170519.log")
L 05/19/2017 - 00:26:01: Error log file session closed.
L 05/19/2017 - 00:26:01: SourceMod error session started
L 05/19/2017 - 00:26:01: Info (map "dm_raven_m") (file "errors_20170519.log")
L 05/19/2017 - 00:26:01: [SM] Fatal error encountered parsing translation file "savescores.phrases.txt"
L 05/19/2017 - 00:26:01: [SM] Error (line 0, column 0): Stream failed to open
L 05/19/2017 - 00:26:01: [SM] Fatal error encountered parsing translation file "customvotes.phrases.txt"
L 05/19/2017 - 00:26:01: [SM] Error (line 0, column 0): Stream failed to open
L 05/19/2017 - 00:31:08: SourceMod error session started
L 05/19/2017 - 00:31:08: Info (map "pb_z_high_school_m") (file "errors_20170519.log")
L 05/19/2017 - 00:31:08: [SDKTOOLS] Invalid detour address passed - Disabling detour to prevent crashes
L 05/19/2017 - 00:31:09: [SM] Fatal error encountered parsing translation file "savescores.phrases.txt"
L 05/19/2017 - 00:31:09: [SM] Error (line 0, column 0): Stream failed to open
L 05/19/2017 - 05:27:22: [SM] Exception reported: Entity 2 (2) is invalid
L 05/19/2017 - 05:27:22: [SM] Blaming: autodifficultypatch.smx
L 05/19/2017 - 05:27:22: [SM] Call stack trace:
L 05/19/2017 - 05:27:22: [SM]   [0] GetEntPropString
L 05/19/2017 - 05:27:22: [SM]   [1] Line 1420, C:\Users\Ethorbit\Desktop\sourcemod\scripting\autodifficultypatch.sp::FindEntityByTargetName
L 05/19/2017 - 05:27:22: [SM]   [2] Line 1202, C:\Users\Ethorbit\Desktop\sourcemod\scripting\autodifficultypatch.sp::UpdateHeadcrab
L 05/19/2017 - 05:27:22: [SM]   [3] Line 26, C:\Users\Ethorbit\Desktop\sourcemod\scripting\autodifficultypatch.sp::OnClientDisconnect_Post
L 05/19/2017 - 05:29:13: [SM] Fatal error encountered parsing translation file "customvotes.phrases.txt"
L 05/19/2017 - 05:29:13: [SM] Error (line 0, column 0): Stream failed to open
L 05/19/2017 - 05:32:53: [SM] Exception reported: Entity 1 (1) is invalid
L 05/19/2017 - 05:32:53: [SM] Blaming: autodifficultypatch.smx
L 05/19/2017 - 05:32:53: [SM] Call stack trace:
L 05/19/2017 - 05:32:53: [SM]   [0] GetEntPropString
L 05/19/2017 - 05:32:53: [SM]   [1] Line 1420, C:\Users\Ethorbit\Desktop\sourcemod\scripting\autodifficultypatch.sp::FindEntityByTargetName
L 05/19/2017 - 05:32:53: [SM]   [2] Line 1194, C:\Users\Ethorbit\Desktop\sourcemod\scripting\autodifficultypatch.sp::UpdateHeadcrab
L 05/19/2017 - 05:32:53: [SM]   [3] Line 26, C:\Users\Ethorbit\Desktop\sourcemod\scripting\autodifficultypatch.sp::OnClientDisconnect_Post
L 05/19/2017 - 06:22:14: Error log file session closed.
L 05/19/2017 - 06:22:14: SourceMod error session started
L 05/19/2017 - 06:22:14: Info (map "pb_z_disorder_m") (file "errors_20170519.log")
L 05/19/2017 - 06:22:14: [SM] Fatal error encountered parsing translation file "savescores.phrases.txt"
L 05/19/2017 - 06:22:14: [SM] Error (line 0, column 0): Stream failed to open
L 05/19/2017 - 06:22:14: [SM] Fatal error encountered parsing translation file "customvotes.phrases.txt"
L 05/19/2017 - 06:22:14: [SM] Error (line 0, column 0): Stream failed to open
L 05/19/2017 - 07:22:25: Error log file session closed.
L 05/19/2017 - 07:22:25: SourceMod error session started
L 05/19/2017 - 07:22:25: Info (map "dm_montana_m") (file "errors_20170519.log")
L 05/19/2017 - 07:22:25: [SM] Fatal error encountered parsing translation file "savescores.phrases.txt"
L 05/19/2017 - 07:22:25: [SM] Error (line 0, column 0): Stream failed to open
L 05/19/2017 - 07:22:25: [SM] Fatal error encountered parsing translation file "customvotes.phrases.txt"
L 05/19/2017 - 07:22:25: [SM] Error (line 0, column 0): Stream failed to open
L 05/19/2017 - 08:22:34: Error log file session closed.
L 05/19/2017 - 08:22:34: SourceMod error session started
L 05/19/2017 - 08:22:34: Info (map "dm_raven_m") (file "errors_20170519.log")
L 05/19/2017 - 08:22:34: [SM] Fatal error encountered parsing translation file "savescores.phrases.txt"
L 05/19/2017 - 08:22:34: [SM] Error (line 0, column 0): Stream failed to open
L 05/19/2017 - 08:22:34: [SM] Fatal error encountered parsing translation file "customvotes.phrases.txt"
L 05/19/2017 - 08:22:34: [SM] Error (line 0, column 0): Stream failed to open
L 05/19/2017 - 09:22:44: Error log file session closed.
L 05/19/2017 - 09:22:44: SourceMod error session started
L 05/19/2017 - 09:22:44: Info (map "dm_hellsdistrict_m") (file "errors_20170519.log")
L 05/19/2017 - 09:22:44: [SM] Fatal error encountered parsing translation file "savescores.phrases.txt"
L 05/19/2017 - 09:22:44: [SM] Error (line 0, column 0): Stream failed to open
L 05/19/2017 - 09:22:44: [SM] Fatal error encountered parsing translation file "customvotes.phrases.txt"
L 05/19/2017 - 09:22:44: [SM] Error (line 0, column 0): Stream failed to open
L 05/19/2017 - 10:22:54: Error log file session closed.
L 05/19/2017 - 10:22:54: SourceMod error session started
L 05/19/2017 - 10:22:54: Info (map "dm_october_m") (file "errors_20170519.log")
L 05/19/2017 - 10:22:54: [SM] Fatal error encountered parsing translation file "savescores.phrases.txt"
L 05/19/2017 - 10:22:54: [SM] Error (line 0, column 0): Stream failed to open
L 05/19/2017 - 10:22:54: [SM] Fatal error encountered parsing translation file "customvotes.phrases.txt"
L 05/19/2017 - 10:22:54: [SM] Error (line 0, column 0): Stream failed to open
L 05/19/2017 - 11:23:04: Error log file session closed.
L 05/19/2017 - 11:23:04: SourceMod error session started
L 05/19/2017 - 11:23:04: Info (map "pb_z_earthquake_m") (file "errors_20170519.log")
L 05/19/2017 - 11:23:04: [SM] Fatal error encountered parsing translation file "savescores.phrases.txt"
L 05/19/2017 - 11:23:04: [SM] Error (line 0, column 0): Stream failed to open
L 05/19/2017 - 11:23:04: [SM] Fatal error encountered parsing translation file "customvotes.phrases.txt"
L 05/19/2017 - 11:23:04: [SM] Error (line 0, column 0): Stream failed to open
L 05/19/2017 - 12:23:13: Error log file session closed.
L 05/19/2017 - 12:23:13: SourceMod error session started
L 05/19/2017 - 12:23:13: Info (map "pb_z_underground_m") (file "errors_20170519.log")
L 05/19/2017 - 12:23:13: [SM] Fatal error encountered parsing translation file "savescores.phrases.txt"
L 05/19/2017 - 12:23:13: [SM] Error (line 0, column 0): Stream failed to open
L 05/19/2017 - 12:23:13: [SM] Fatal error encountered parsing translation file "customvotes.phrases.txt"
L 05/19/2017 - 12:23:13: [SM] Error (line 0, column 0): Stream failed to open
L 05/19/2017 - 13:23:22: Error log file session closed.
L 05/19/2017 - 13:23:22: SourceMod error session started
L 05/19/2017 - 13:23:22: Info (map "pb_z_disorder_m") (file "errors_20170519.log")
L 05/19/2017 - 13:23:22: [SM] Fatal error encountered parsing translation file "savescores.phrases.txt"
L 05/19/2017 - 13:23:22: [SM] Error (line 0, column 0): Stream failed to open
L 05/19/2017 - 13:23:22: [SM] Fatal error encountered parsing translation file "customvotes.phrases.txt"
L 05/19/2017 - 13:23:22: [SM] Error (line 0, column 0): Stream failed to open
L 05/19/2017 - 14:23:32: Error log file session closed.
L 05/19/2017 - 14:23:32: SourceMod error session started
L 05/19/2017 - 14:23:32: Info (map "dm_montana_m") (file "errors_20170519.log")
L 05/19/2017 - 14:23:32: [SM] Fatal error encountered parsing translation file "savescores.phrases.txt"
L 05/19/2017 - 14:23:32: [SM] Error (line 0, column 0): Stream failed to open
L 05/19/2017 - 14:23:32: [SM] Fatal error encountered parsing translation file "customvotes.phrases.txt"
L 05/19/2017 - 14:23:32: [SM] Error (line 0, column 0): Stream failed to open
L 05/19/2017 - 15:23:42: Error log file session closed.
L 05/19/2017 - 15:23:42: SourceMod error session started
L 05/19/2017 - 15:23:42: Info (map "pb_z_colony_m") (file "errors_20170519.log")
L 05/19/2017 - 15:23:42: [SM] Fatal error encountered parsing translation file "savescores.phrases.txt"
L 05/19/2017 - 15:23:42: [SM] Error (line 0, column 0): Stream failed to open
L 05/19/2017 - 15:23:42: [SM] Fatal error encountered parsing translation file "customvotes.phrases.txt"
L 05/19/2017 - 15:23:42: [SM] Error (line 0, column 0): Stream failed to open
L 05/19/2017 - 16:05:17: [SM] Exception reported: Entity 1 (1) is invalid
L 05/19/2017 - 16:05:17: [SM] Blaming: autodifficultypatch.smx
L 05/19/2017 - 16:05:17: [SM] Call stack trace:
L 05/19/2017 - 16:05:17: [SM]   [0] GetEntPropString
L 05/19/2017 - 16:05:17: [SM]   [1] Line 1420, C:\Users\Ethorbit\Desktop\sourcemod\scripting\autodifficultypatch.sp::FindEntityByTargetName
L 05/19/2017 - 16:05:17: [SM]   [2] Line 376, C:\Users\Ethorbit\Desktop\sourcemod\scripting\autodifficultypatch.sp::UpdateHeadcrab
L 05/19/2017 - 16:05:17: [SM]   [3] Line 26, C:\Users\Ethorbit\Desktop\sourcemod\scripting\autodifficultypatch.sp::OnClientDisconnect_Post
L 05/19/2017 - 16:23:53: Error log file session closed.
L 05/19/2017 - 16:23:53: SourceMod error session started
L 05/19/2017 - 16:23:53: Info (map "dm_morbid_m") (file "errors_20170519.log")
L 05/19/2017 - 16:23:53: [SM] Fatal error encountered parsing translation file "savescores.phrases.txt"
L 05/19/2017 - 16:23:53: [SM] Error (line 0, column 0): Stream failed to open
L 05/19/2017 - 16:23:53: [SM] Fatal error encountered parsing translation file "customvotes.phrases.txt"
L 05/19/2017 - 16:23:53: [SM] Error (line 0, column 0): Stream failed to open
L 05/19/2017 - 16:50:58: [SM] Exception reported: Entity 1 (1) is invalid
L 05/19/2017 - 16:50:58: [SM] Blaming: autodifficultypatch.smx
L 05/19/2017 - 16:50:58: [SM] Call stack trace:
L 05/19/2017 - 16:50:58: [SM]   [0] GetEntPropString
L 05/19/2017 - 16:50:58: [SM]   [1] Line 1420, C:\Users\Ethorbit\Desktop\sourcemod\scripting\autodifficultypatch.sp::FindEntityByTargetName
L 05/19/2017 - 16:50:58: [SM]   [2] Line 1345, C:\Users\Ethorbit\Desktop\sourcemod\scripting\autodifficultypatch.sp::UpdateHeadcrab
L 05/19/2017 - 16:50:58: [SM]   [3] Line 26, C:\Users\Ethorbit\Desktop\sourcemod\scripting\autodifficultypatch.sp::OnClientDisconnect_Post
L 05/19/2017 - 17:24:03: Error log file session closed.
L 05/19/2017 - 17:24:03: SourceMod error session started
L 05/19/2017 - 17:24:03: Info (map "dm_mine_entrance_m") (file "errors_20170519.log")
L 05/19/2017 - 17:24:03: [SM] Fatal error encountered parsing translation file "savescores.phrases.txt"
L 05/19/2017 - 17:24:03: [SM] Error (line 0, column 0): Stream failed to open
L 05/19/2017 - 17:24:03: [SM] Fatal error encountered parsing translation file "customvotes.phrases.txt"
L 05/19/2017 - 17:24:03: [SM] Error (line 0, column 0): Stream failed to open
L 05/19/2017 - 18:24:15: Error log file session closed.
L 05/19/2017 - 18:24:15: SourceMod error session started
L 05/19/2017 - 18:24:15: Info (map "dm_coldruins_rc1_m") (file "errors_20170519.log")
L 05/19/2017 - 18:24:15: [SM] Fatal error encountered parsing translation file "savescores.phrases.txt"
L 05/19/2017 - 18:24:15: [SM] Error (line 0, column 0): Stream failed to open
L 05/19/2017 - 18:24:15: [SM] Fatal error encountered parsing translation file "customvotes.phrases.txt"
L 05/19/2017 - 18:24:15: [SM] Error (line 0, column 0): Stream failed to open
L 05/19/2017 - 19:24:24: Error log file session closed.
L 05/19/2017 - 19:24:24: SourceMod error session started
L 05/19/2017 - 19:24:24: Info (map "pb_z_underground_m") (file "errors_20170519.log")
L 05/19/2017 - 19:24:24: [SM] Fatal error encountered parsing translation file "savescores.phrases.txt"
L 05/19/2017 - 19:24:24: [SM] Error (line 0, column 0): Stream failed to open
L 05/19/2017 - 19:24:24: [SM] Fatal error encountered parsing translation file "customvotes.phrases.txt"
L 05/19/2017 - 19:24:24: [SM] Error (line 0, column 0): Stream failed to open
L 05/19/2017 - 19:57:41: [SM] Exception reported: Entity 1 (1) is invalid
L 05/19/2017 - 19:57:41: [SM] Blaming: autodifficultypatch.smx
L 05/19/2017 - 19:57:41: [SM] Call stack trace:
L 05/19/2017 - 19:57:41: [SM]   [0] GetEntPropString
L 05/19/2017 - 19:57:41: [SM]   [1] Line 1420, C:\Users\Ethorbit\Desktop\sourcemod\scripting\autodifficultypatch.sp::FindEntityByTargetName
L 05/19/2017 - 19:57:41: [SM]   [2] Line 518, C:\Users\Ethorbit\Desktop\sourcemod\scripting\autodifficultypatch.sp::UpdateHeadcrab
L 05/19/2017 - 19:57:41: [SM]   [3] Line 26, C:\Users\Ethorbit\Desktop\sourcemod\scripting\autodifficultypatch.sp::OnClientDisconnect_Post
L 05/19/2017 - 20:04:32: [SM] Exception reported: Entity 1 (1) is invalid
L 05/19/2017 - 20:04:32: [SM] Blaming: autodifficultypatch.smx
L 05/19/2017 - 20:04:32: [SM] Call stack trace:
L 05/19/2017 - 20:04:32: [SM]   [0] GetEntPropString
L 05/19/2017 - 20:04:32: [SM]   [1] Line 1420, C:\Users\Ethorbit\Desktop\sourcemod\scripting\autodifficultypatch.sp::FindEntityByTargetName
L 05/19/2017 - 20:04:32: [SM]   [2] Line 518, C:\Users\Ethorbit\Desktop\sourcemod\scripting\autodifficultypatch.sp::UpdateHeadcrab
L 05/19/2017 - 20:04:32: [SM]   [3] Line 26, C:\Users\Ethorbit\Desktop\sourcemod\scripting\autodifficultypatch.sp::OnClientDisconnect_Post
L 05/19/2017 - 20:24:35: Error log file session closed.
L 05/19/2017 - 20:24:35: SourceMod error session started
L 05/19/2017 - 20:24:35: Info (map "pb_z_high_school_m") (file "errors_20170519.log")
L 05/19/2017 - 20:24:35: [SM] Fatal error encountered parsing translation file "savescores.phrases.txt"
L 05/19/2017 - 20:24:35: [SM] Error (line 0, column 0): Stream failed to open
L 05/19/2017 - 20:24:35: [SM] Fatal error encountered parsing translation file "customvotes.phrases.txt"
L 05/19/2017 - 20:24:35: [SM] Error (line 0, column 0): Stream failed to open
L 05/19/2017 - 21:24:45: [SM] Exception reported: Entity 1 (1) is invalid
L 05/19/2017 - 21:24:45: [SM] Blaming: autodifficultypatch.smx
L 05/19/2017 - 21:24:45: [SM] Call stack trace:
L 05/19/2017 - 21:24:45: [SM]   [0] GetEntPropString
L 05/19/2017 - 21:24:45: [SM]   [1] Line 1420, C:\Users\Ethorbit\Desktop\sourcemod\scripting\autodifficultypatch.sp::FindEntityByTargetName
L 05/19/2017 - 21:24:45: [SM]   [2] Line 1194, C:\Users\Ethorbit\Desktop\sourcemod\scripting\autodifficultypatch.sp::UpdateHeadcrab
L 05/19/2017 - 21:24:45: [SM]   [3] Line 26, C:\Users\Ethorbit\Desktop\sourcemod\scripting\autodifficultypatch.sp::OnClientDisconnect_Post
L 05/19/2017 - 21:24:45: Error log file session closed.
L 05/19/2017 - 21:24:45: SourceMod error session started
L 05/19/2017 - 21:24:45: Info (map "pb_z_disorder_m") (file "errors_20170519.log")
L 05/19/2017 - 21:24:45: [SM] Fatal error encountered parsing translation file "savescores.phrases.txt"
L 05/19/2017 - 21:24:45: [SM] Error (line 0, column 0): Stream failed to open
L 05/19/2017 - 21:24:45: [SM] Fatal error encountered parsing translation file "customvotes.phrases.txt"
L 05/19/2017 - 21:24:45: [SM] Error (line 0, column 0): Stream failed to open
L 05/19/2017 - 21:32:32: [SM] Exception reported: Entity 1 (1) is invalid
L 05/19/2017 - 21:32:32: [SM] Blaming: autodifficultypatch.smx
L 05/19/2017 - 21:32:32: [SM] Call stack trace:
L 05/19/2017 - 21:32:32: [SM]   [0] GetEntPropString
L 05/19/2017 - 21:32:32: [SM]   [1] Line 1420, C:\Users\Ethorbit\Desktop\sourcemod\scripting\autodifficultypatch.sp::FindEntityByTargetName
L 05/19/2017 - 21:32:32: [SM]   [2] Line 443, C:\Users\Ethorbit\Desktop\sourcemod\scripting\autodifficultypatch.sp::UpdateHeadcrab
L 05/19/2017 - 21:32:32: [SM]   [3] Line 26, C:\Users\Ethorbit\Desktop\sourcemod\scripting\autodifficultypatch.sp::OnClientDisconnect_Post
L 05/19/2017 - 22:24:55: Error log file session closed.
L 05/19/2017 - 22:24:55: SourceMod error session started
L 05/19/2017 - 22:24:55: Info (map "pb_z_earthquake_m") (file "errors_20170519.log")
L 05/19/2017 - 22:24:55: [SM] Fatal error encountered parsing translation file "savescores.phrases.txt"
L 05/19/2017 - 22:24:55: [SM] Error (line 0, column 0): Stream failed to open
L 05/19/2017 - 22:24:55: [SM] Fatal error encountered parsing translation file "customvotes.phrases.txt"
L 05/19/2017 - 22:24:55: [SM] Error (line 0, column 0): Stream failed to open
L 05/19/2017 - 23:25:04: Error log file session closed.
L 05/19/2017 - 23:25:04: SourceMod error session started
L 05/19/2017 - 23:25:04: Info (map "dm_october_m") (file "errors_20170519.log")
L 05/19/2017 - 23:25:04: [SM] Fatal error encountered parsing translation file "savescores.phrases.txt"
L 05/19/2017 - 23:25:04: [SM] Error (line 0, column 0): Stream failed to open
L 05/19/2017 - 23:25:04: [SM] Fatal error encountered parsing translation file "customvotes.phrases.txt"
L 05/19/2017 - 23:25:04: [SM] Error (line 0, column 0): Stream failed to open
