L 05/23/2017 - 00:06:10: SourceMod error session started
L 05/23/2017 - 00:06:10: Info (map "pb_z_high_school_m") (file "errors_20170523.log")
L 05/23/2017 - 00:06:10: [SDKTOOLS] Invalid detour address passed - Disabling detour to prevent crashes
L 05/23/2017 - 00:06:11: [SM] Fatal error encountered parsing translation file "savescores.phrases.txt"
L 05/23/2017 - 00:06:11: [SM] Error (line 0, column 0): Stream failed to open
L 05/23/2017 - 07:12:01: [SM] Exception reported: Entity 1 (1) is invalid
L 05/23/2017 - 07:12:01: [SM] Blaming: autodifficultypatch.smx
L 05/23/2017 - 07:12:01: [SM] Call stack trace:
L 05/23/2017 - 07:12:01: [SM]   [0] GetEntPropString
L 05/23/2017 - 07:12:01: [SM]   [1] Line 1420, C:\Users\Ethorbit\Desktop\sourcemod\scripting\autodifficultypatch.sp::FindEntityByTargetName
L 05/23/2017 - 07:12:01: [SM]   [2] Line 1194, C:\Users\Ethorbit\Desktop\sourcemod\scripting\autodifficultypatch.sp::UpdateHeadcrab
L 05/23/2017 - 07:12:01: [SM]   [3] Line 26, C:\Users\Ethorbit\Desktop\sourcemod\scripting\autodifficultypatch.sp::OnClientDisconnect_Post
L 05/23/2017 - 07:18:43: [SM] Exception reported: Entity 1 (1) is invalid
L 05/23/2017 - 07:18:43: [SM] Blaming: autodifficultypatch.smx
L 05/23/2017 - 07:18:43: [SM] Call stack trace:
L 05/23/2017 - 07:18:43: [SM]   [0] GetEntPropString
L 05/23/2017 - 07:18:43: [SM]   [1] Line 1420, C:\Users\Ethorbit\Desktop\sourcemod\scripting\autodifficultypatch.sp::FindEntityByTargetName
L 05/23/2017 - 07:18:43: [SM]   [2] Line 1194, C:\Users\Ethorbit\Desktop\sourcemod\scripting\autodifficultypatch.sp::UpdateHeadcrab
L 05/23/2017 - 07:18:43: [SM]   [3] Line 26, C:\Users\Ethorbit\Desktop\sourcemod\scripting\autodifficultypatch.sp::OnClientDisconnect_Post
L 05/23/2017 - 08:11:36: Error log file session closed.
L 05/23/2017 - 08:11:40: SourceMod error session started
L 05/23/2017 - 08:11:40: Info (map "dm_morbid_m") (file "errors_20170523.log")
L 05/23/2017 - 08:11:40: [SM] Fatal error encountered parsing translation file "savescores.phrases.txt"
L 05/23/2017 - 08:11:40: [SM] Error (line 0, column 0): Stream failed to open
L 05/23/2017 - 08:50:41: [SM] Exception reported: Entity 1 (1) is invalid
L 05/23/2017 - 08:50:41: [SM] Blaming: autodifficultypatch.smx
L 05/23/2017 - 08:50:41: [SM] Call stack trace:
L 05/23/2017 - 08:50:41: [SM]   [0] GetEntPropString
L 05/23/2017 - 08:50:41: [SM]   [1] Line 1420, C:\Users\Ethorbit\Desktop\sourcemod\scripting\autodifficultypatch.sp::FindEntityByTargetName
L 05/23/2017 - 08:50:41: [SM]   [2] Line 1345, C:\Users\Ethorbit\Desktop\sourcemod\scripting\autodifficultypatch.sp::UpdateHeadcrab
L 05/23/2017 - 08:50:41: [SM]   [3] Line 26, C:\Users\Ethorbit\Desktop\sourcemod\scripting\autodifficultypatch.sp::OnClientDisconnect_Post
L 05/23/2017 - 08:50:44: Error log file session closed.
L 05/23/2017 - 08:50:44: SourceMod error session started
L 05/23/2017 - 08:50:44: Info (map "pb_z_area51_m") (file "errors_20170523.log")
L 05/23/2017 - 08:50:44: [SM] Fatal error encountered parsing translation file "savescores.phrases.txt"
L 05/23/2017 - 08:50:44: [SM] Error (line 0, column 0): Stream failed to open
L 05/23/2017 - 09:06:42: [SM] Exception reported: Entity 1 (1) is invalid
L 05/23/2017 - 09:06:42: [SM] Blaming: autodifficultypatch.smx
L 05/23/2017 - 09:06:42: [SM] Call stack trace:
L 05/23/2017 - 09:06:42: [SM]   [0] GetEntPropString
L 05/23/2017 - 09:06:42: [SM]   [1] Line 1420, C:\Users\Ethorbit\Desktop\sourcemod\scripting\autodifficultypatch.sp::FindEntityByTargetName
L 05/23/2017 - 09:06:42: [SM]   [2] Line 1270, C:\Users\Ethorbit\Desktop\sourcemod\scripting\autodifficultypatch.sp::UpdateHeadcrab
L 05/23/2017 - 09:06:42: [SM]   [3] Line 26, C:\Users\Ethorbit\Desktop\sourcemod\scripting\autodifficultypatch.sp::OnClientDisconnect_Post
L 05/23/2017 - 09:50:55: Error log file session closed.
L 05/23/2017 - 09:50:55: SourceMod error session started
L 05/23/2017 - 09:50:55: Info (map "pb_z_earthquake_m") (file "errors_20170523.log")
L 05/23/2017 - 09:50:55: [SM] Fatal error encountered parsing translation file "savescores.phrases.txt"
L 05/23/2017 - 09:50:55: [SM] Error (line 0, column 0): Stream failed to open
L 05/23/2017 - 10:51:05: Error log file session closed.
L 05/23/2017 - 10:51:05: SourceMod error session started
L 05/23/2017 - 10:51:05: Info (map "pb_z_industry_m") (file "errors_20170523.log")
L 05/23/2017 - 10:51:05: [SM] Fatal error encountered parsing translation file "savescores.phrases.txt"
L 05/23/2017 - 10:51:05: [SM] Error (line 0, column 0): Stream failed to open
L 05/23/2017 - 11:51:15: Error log file session closed.
L 05/23/2017 - 11:51:16: SourceMod error session started
L 05/23/2017 - 11:51:16: Info (map "dm_raven_m") (file "errors_20170523.log")
L 05/23/2017 - 11:51:16: [SM] Fatal error encountered parsing translation file "savescores.phrases.txt"
L 05/23/2017 - 11:51:16: [SM] Error (line 0, column 0): Stream failed to open
L 05/23/2017 - 12:51:26: Error log file session closed.
L 05/23/2017 - 12:51:26: SourceMod error session started
L 05/23/2017 - 12:51:26: Info (map "dm_hellsdistrict_m") (file "errors_20170523.log")
L 05/23/2017 - 12:51:26: [SM] Fatal error encountered parsing translation file "savescores.phrases.txt"
L 05/23/2017 - 12:51:26: [SM] Error (line 0, column 0): Stream failed to open
L 05/23/2017 - 13:22:29: Error log file session closed.
L 05/23/2017 - 13:22:29: SourceMod error session started
L 05/23/2017 - 13:22:29: Info (map "pb_z_disorder_m") (file "errors_20170523.log")
L 05/23/2017 - 13:22:29: [SM] Fatal error encountered parsing translation file "savescores.phrases.txt"
L 05/23/2017 - 13:22:29: [SM] Error (line 0, column 0): Stream failed to open
L 05/23/2017 - 13:30:42: [SM] Exception reported: Entity 2 (2) is invalid
L 05/23/2017 - 13:30:42: [SM] Blaming: autodifficultypatch.smx
L 05/23/2017 - 13:30:42: [SM] Call stack trace:
L 05/23/2017 - 13:30:42: [SM]   [0] GetEntPropString
L 05/23/2017 - 13:30:42: [SM]   [1] Line 1420, C:\Users\Ethorbit\Desktop\sourcemod\scripting\autodifficultypatch.sp::FindEntityByTargetName
L 05/23/2017 - 13:30:42: [SM]   [2] Line 451, C:\Users\Ethorbit\Desktop\sourcemod\scripting\autodifficultypatch.sp::UpdateHeadcrab
L 05/23/2017 - 13:30:42: [SM]   [3] Line 26, C:\Users\Ethorbit\Desktop\sourcemod\scripting\autodifficultypatch.sp::OnClientDisconnect_Post
L 05/23/2017 - 13:34:49: [SM] Fatal error encountered parsing translation file "customvotes.phrases.txt"
L 05/23/2017 - 13:34:49: [SM] Error (line 0, column 0): Stream failed to open
L 05/23/2017 - 13:52:14: [SM] Exception reported: Entity 1 (1) is invalid
L 05/23/2017 - 13:52:14: [SM] Blaming: autodifficultypatch.smx
L 05/23/2017 - 13:52:14: [SM] Call stack trace:
L 05/23/2017 - 13:52:14: [SM]   [0] GetEntPropString
L 05/23/2017 - 13:52:14: [SM]   [1] Line 1420, C:\Users\Ethorbit\Desktop\sourcemod\scripting\autodifficultypatch.sp::FindEntityByTargetName
L 05/23/2017 - 13:52:14: [SM]   [2] Line 443, C:\Users\Ethorbit\Desktop\sourcemod\scripting\autodifficultypatch.sp::UpdateHeadcrab
L 05/23/2017 - 13:52:14: [SM]   [3] Line 26, C:\Users\Ethorbit\Desktop\sourcemod\scripting\autodifficultypatch.sp::OnClientDisconnect_Post
L 05/23/2017 - 14:22:39: Error log file session closed.
L 05/23/2017 - 14:22:39: SourceMod error session started
L 05/23/2017 - 14:22:39: Info (map "dm_morbid_m") (file "errors_20170523.log")
L 05/23/2017 - 14:22:39: [SM] Fatal error encountered parsing translation file "savescores.phrases.txt"
L 05/23/2017 - 14:22:39: [SM] Error (line 0, column 0): Stream failed to open
L 05/23/2017 - 14:22:39: [SM] Fatal error encountered parsing translation file "customvotes.phrases.txt"
L 05/23/2017 - 14:22:39: [SM] Error (line 0, column 0): Stream failed to open
L 05/23/2017 - 15:22:50: Error log file session closed.
L 05/23/2017 - 15:22:50: SourceMod error session started
L 05/23/2017 - 15:22:50: Info (map "pb_z_high_school_m") (file "errors_20170523.log")
L 05/23/2017 - 15:22:50: [SM] Fatal error encountered parsing translation file "savescores.phrases.txt"
L 05/23/2017 - 15:22:50: [SM] Error (line 0, column 0): Stream failed to open
L 05/23/2017 - 15:22:50: [SM] Fatal error encountered parsing translation file "customvotes.phrases.txt"
L 05/23/2017 - 15:22:50: [SM] Error (line 0, column 0): Stream failed to open
L 05/23/2017 - 16:23:00: Error log file session closed.
L 05/23/2017 - 16:23:00: SourceMod error session started
L 05/23/2017 - 16:23:00: Info (map "pb_z_area51_m") (file "errors_20170523.log")
L 05/23/2017 - 16:23:00: [SM] Fatal error encountered parsing translation file "savescores.phrases.txt"
L 05/23/2017 - 16:23:00: [SM] Error (line 0, column 0): Stream failed to open
L 05/23/2017 - 16:23:00: [SM] Fatal error encountered parsing translation file "customvotes.phrases.txt"
L 05/23/2017 - 16:23:00: [SM] Error (line 0, column 0): Stream failed to open
L 05/23/2017 - 17:23:14: Error log file session closed.
L 05/23/2017 - 17:23:14: SourceMod error session started
L 05/23/2017 - 17:23:14: Info (map "pb_z_office_tower_v2_m") (file "errors_20170523.log")
L 05/23/2017 - 17:23:14: [SM] Fatal error encountered parsing translation file "savescores.phrases.txt"
L 05/23/2017 - 17:23:14: [SM] Error (line 0, column 0): Stream failed to open
L 05/23/2017 - 17:23:14: [SM] Fatal error encountered parsing translation file "customvotes.phrases.txt"
L 05/23/2017 - 17:23:14: [SM] Error (line 0, column 0): Stream failed to open
L 05/23/2017 - 18:23:26: Error log file session closed.
L 05/23/2017 - 18:23:26: SourceMod error session started
L 05/23/2017 - 18:23:26: Info (map "dm_cave_m") (file "errors_20170523.log")
L 05/23/2017 - 18:23:26: [SM] Fatal error encountered parsing translation file "savescores.phrases.txt"
L 05/23/2017 - 18:23:26: [SM] Error (line 0, column 0): Stream failed to open
L 05/23/2017 - 18:23:26: [SM] Fatal error encountered parsing translation file "customvotes.phrases.txt"
L 05/23/2017 - 18:23:26: [SM] Error (line 0, column 0): Stream failed to open
L 05/23/2017 - 19:23:36: Error log file session closed.
L 05/23/2017 - 19:23:36: SourceMod error session started
L 05/23/2017 - 19:23:36: Info (map "pb_z_earthquake_m") (file "errors_20170523.log")
L 05/23/2017 - 19:23:36: [SM] Fatal error encountered parsing translation file "savescores.phrases.txt"
L 05/23/2017 - 19:23:36: [SM] Error (line 0, column 0): Stream failed to open
L 05/23/2017 - 19:23:36: [SM] Fatal error encountered parsing translation file "customvotes.phrases.txt"
L 05/23/2017 - 19:23:36: [SM] Error (line 0, column 0): Stream failed to open
L 05/23/2017 - 20:00:09: [SM] Exception reported: Entity 1 (1) is invalid
L 05/23/2017 - 20:00:09: [SM] Blaming: autodifficultypatch.smx
L 05/23/2017 - 20:00:09: [SM] Call stack trace:
L 05/23/2017 - 20:00:09: [SM]   [0] GetEntPropString
L 05/23/2017 - 20:00:09: [SM]   [1] Line 1420, C:\Users\Ethorbit\Desktop\sourcemod\scripting\autodifficultypatch.sp::FindEntityByTargetName
L 05/23/2017 - 20:00:09: [SM]   [2] Line 818, C:\Users\Ethorbit\Desktop\sourcemod\scripting\autodifficultypatch.sp::UpdateHeadcrab
L 05/23/2017 - 20:00:09: [SM]   [3] Line 26, C:\Users\Ethorbit\Desktop\sourcemod\scripting\autodifficultypatch.sp::OnClientDisconnect_Post
L 05/23/2017 - 20:23:46: Error log file session closed.
L 05/23/2017 - 20:23:47: SourceMod error session started
L 05/23/2017 - 20:23:47: Info (map "dm_laststop_m") (file "errors_20170523.log")
L 05/23/2017 - 20:23:47: [SM] Fatal error encountered parsing translation file "savescores.phrases.txt"
L 05/23/2017 - 20:23:47: [SM] Error (line 0, column 0): Stream failed to open
L 05/23/2017 - 20:23:47: [SM] Fatal error encountered parsing translation file "customvotes.phrases.txt"
L 05/23/2017 - 20:23:47: [SM] Error (line 0, column 0): Stream failed to open
L 05/23/2017 - 21:23:57: Error log file session closed.
L 05/23/2017 - 21:23:57: SourceMod error session started
L 05/23/2017 - 21:23:57: Info (map "pb_z_underground_m") (file "errors_20170523.log")
L 05/23/2017 - 21:23:57: [SM] Fatal error encountered parsing translation file "savescores.phrases.txt"
L 05/23/2017 - 21:23:57: [SM] Error (line 0, column 0): Stream failed to open
L 05/23/2017 - 21:23:57: [SM] Fatal error encountered parsing translation file "customvotes.phrases.txt"
L 05/23/2017 - 21:23:57: [SM] Error (line 0, column 0): Stream failed to open
L 05/23/2017 - 22:24:06: Error log file session closed.
L 05/23/2017 - 22:24:06: SourceMod error session started
L 05/23/2017 - 22:24:06: Info (map "pb_z_high_school_m") (file "errors_20170523.log")
L 05/23/2017 - 22:24:06: [SM] Fatal error encountered parsing translation file "savescores.phrases.txt"
L 05/23/2017 - 22:24:06: [SM] Error (line 0, column 0): Stream failed to open
L 05/23/2017 - 22:24:06: [SM] Fatal error encountered parsing translation file "customvotes.phrases.txt"
L 05/23/2017 - 22:24:06: [SM] Error (line 0, column 0): Stream failed to open
L 05/23/2017 - 23:24:19: Error log file session closed.
L 05/23/2017 - 23:24:19: SourceMod error session started
L 05/23/2017 - 23:24:19: Info (map "pb_z_colony_m") (file "errors_20170523.log")
L 05/23/2017 - 23:24:19: [SM] Fatal error encountered parsing translation file "savescores.phrases.txt"
L 05/23/2017 - 23:24:19: [SM] Error (line 0, column 0): Stream failed to open
L 05/23/2017 - 23:24:19: [SM] Fatal error encountered parsing translation file "customvotes.phrases.txt"
L 05/23/2017 - 23:24:19: [SM] Error (line 0, column 0): Stream failed to open
