L 06/22/2017 - 00:49:17: SourceMod error session started
L 06/22/2017 - 00:49:17: Info (map "dm_pinnacles_m") (file "errors_20170622.log")
L 06/22/2017 - 00:49:17: Error log file session closed.
L 06/22/2017 - 00:49:17: SourceMod error session started
L 06/22/2017 - 00:49:17: Info (map "dm_pinnacles_m") (file "errors_20170622.log")
L 06/22/2017 - 00:49:17: [SM] Fatal error encountered parsing translation file "savescores.phrases.txt"
L 06/22/2017 - 00:49:17: [SM] Error (line 0, column 0): Stream failed to open
L 06/22/2017 - 00:49:17: [SM] Fatal error encountered parsing translation file "customvotes.phrases.txt"
L 06/22/2017 - 00:49:17: [SM] Error (line 0, column 0): Stream failed to open
L 06/22/2017 - 01:49:32: Error log file session closed.
L 06/22/2017 - 01:49:32: SourceMod error session started
L 06/22/2017 - 01:49:32: Info (map "pb_z_office_tower_v2_m") (file "errors_20170622.log")
L 06/22/2017 - 01:49:32: [SM] Fatal error encountered parsing translation file "savescores.phrases.txt"
L 06/22/2017 - 01:49:32: [SM] Error (line 0, column 0): Stream failed to open
L 06/22/2017 - 01:49:32: [SM] Fatal error encountered parsing translation file "customvotes.phrases.txt"
L 06/22/2017 - 01:49:32: [SM] Error (line 0, column 0): Stream failed to open
L 06/22/2017 - 01:50:57: SourceMod error session started
L 06/22/2017 - 01:50:57: Info (map "pb_z_high_school_m") (file "errors_20170622.log")
L 06/22/2017 - 01:50:57: [SDKTOOLS] Invalid detour address passed - Disabling detour to prevent crashes
L 06/22/2017 - 01:50:58: [SM] Unable to load extension "soundlib.ext": error code 0000007e
L 06/22/2017 - 01:50:58: [SM] Unable to load extension "config.ext": error code 0000007e
L 06/22/2017 - 01:50:58: [SM] Fatal error encountered parsing translation file "savescores.phrases.txt"
L 06/22/2017 - 01:50:58: [SM] Error (line 0, column 0): Stream failed to open
L 06/22/2017 - 01:50:58: [SM] Unable to load plugin "time-left-actions.smx": Required extension "Sound Info Library" file("soundlib.ext") not running
L 06/22/2017 - 03:07:15: Error log file session closed.
L 06/22/2017 - 03:07:15: SourceMod error session started
L 06/22/2017 - 03:07:15: Info (map "dm_mine_entrance_m") (file "errors_20170622.log")
L 06/22/2017 - 03:07:15: [SM] Fatal error encountered parsing translation file "savescores.phrases.txt"
L 06/22/2017 - 03:07:15: [SM] Error (line 0, column 0): Stream failed to open
L 06/22/2017 - 03:26:14: [SM] Fatal error encountered parsing translation file "customvotes.phrases.txt"
L 06/22/2017 - 03:26:14: [SM] Error (line 0, column 0): Stream failed to open
L 06/22/2017 - 04:07:28: Error log file session closed.
L 06/22/2017 - 04:07:28: SourceMod error session started
L 06/22/2017 - 04:07:28: Info (map "dm_coldruins_rc1_m") (file "errors_20170622.log")
L 06/22/2017 - 04:07:28: [SM] Fatal error encountered parsing translation file "savescores.phrases.txt"
L 06/22/2017 - 04:07:28: [SM] Error (line 0, column 0): Stream failed to open
L 06/22/2017 - 04:07:28: [SM] Fatal error encountered parsing translation file "customvotes.phrases.txt"
L 06/22/2017 - 04:07:28: [SM] Error (line 0, column 0): Stream failed to open
L 06/22/2017 - 05:07:39: Error log file session closed.
L 06/22/2017 - 05:07:39: SourceMod error session started
L 06/22/2017 - 05:07:39: Info (map "pb_z_underground_m") (file "errors_20170622.log")
L 06/22/2017 - 05:07:39: [SM] Fatal error encountered parsing translation file "savescores.phrases.txt"
L 06/22/2017 - 05:07:39: [SM] Error (line 0, column 0): Stream failed to open
L 06/22/2017 - 05:07:39: [SM] Fatal error encountered parsing translation file "customvotes.phrases.txt"
L 06/22/2017 - 05:07:39: [SM] Error (line 0, column 0): Stream failed to open
L 06/22/2017 - 06:07:50: Error log file session closed.
L 06/22/2017 - 06:07:50: SourceMod error session started
L 06/22/2017 - 06:07:50: Info (map "dm_morbid_m") (file "errors_20170622.log")
L 06/22/2017 - 06:07:50: [SM] Fatal error encountered parsing translation file "savescores.phrases.txt"
L 06/22/2017 - 06:07:50: [SM] Error (line 0, column 0): Stream failed to open
L 06/22/2017 - 06:07:50: [SM] Fatal error encountered parsing translation file "customvotes.phrases.txt"
L 06/22/2017 - 06:07:50: [SM] Error (line 0, column 0): Stream failed to open
L 06/22/2017 - 07:08:28: Error log file session closed.
L 06/22/2017 - 07:09:11: SourceMod error session started
L 06/22/2017 - 07:09:11: Info (map "dm_raven_m") (file "errors_20170622.log")
L 06/22/2017 - 07:09:11: [SM] Fatal error encountered parsing translation file "savescores.phrases.txt"
L 06/22/2017 - 07:09:11: [SM] Error (line 0, column 0): Stream failed to open
L 06/22/2017 - 07:09:11: [SM] Fatal error encountered parsing translation file "customvotes.phrases.txt"
L 06/22/2017 - 07:09:11: [SM] Error (line 0, column 0): Stream failed to open
L 06/22/2017 - 07:33:19: [SM] Exception reported: Entity 1 (1) is invalid
L 06/22/2017 - 07:33:19: [SM] Blaming: autodifficultypatch.smx
L 06/22/2017 - 07:33:19: [SM] Call stack trace:
L 06/22/2017 - 07:33:19: [SM]   [0] GetEntPropString
L 06/22/2017 - 07:33:19: [SM]   [1] Line 1823, C:\Users\Ethorbit\Desktop\sourcemodbackup\sourcemod\addons\sourcemod\scripting\autodifficultypatch.sp::FindEntityByTargetName
L 06/22/2017 - 07:33:19: [SM]   [2] Line 1371, C:\Users\Ethorbit\Desktop\sourcemodbackup\sourcemod\addons\sourcemod\scripting\autodifficultypatch.sp::UpdateHeadcrab
L 06/22/2017 - 07:33:19: [SM]   [3] Line 26, C:\Users\Ethorbit\Desktop\sourcemodbackup\sourcemod\addons\sourcemod\scripting\autodifficultypatch.sp::OnClientDisconnect_Post
L 06/22/2017 - 07:33:21: Error log file session closed.
L 06/22/2017 - 07:33:21: SourceMod error session started
L 06/22/2017 - 07:33:21: Info (map "dm_montana_m") (file "errors_20170622.log")
L 06/22/2017 - 07:33:21: [SM] Fatal error encountered parsing translation file "savescores.phrases.txt"
L 06/22/2017 - 07:33:21: [SM] Error (line 0, column 0): Stream failed to open
L 06/22/2017 - 07:33:21: [SM] Fatal error encountered parsing translation file "customvotes.phrases.txt"
L 06/22/2017 - 07:33:21: [SM] Error (line 0, column 0): Stream failed to open
L 06/22/2017 - 07:38:15: Error log file session closed.
L 06/22/2017 - 07:38:15: SourceMod error session started
L 06/22/2017 - 07:38:15: Info (map "dm_snowfall_m") (file "errors_20170622.log")
L 06/22/2017 - 07:38:15: [SM] Fatal error encountered parsing translation file "savescores.phrases.txt"
L 06/22/2017 - 07:38:15: [SM] Error (line 0, column 0): Stream failed to open
L 06/22/2017 - 07:38:15: [SM] Fatal error encountered parsing translation file "customvotes.phrases.txt"
L 06/22/2017 - 07:38:15: [SM] Error (line 0, column 0): Stream failed to open
L 06/22/2017 - 07:45:17: Error log file session closed.
L 06/22/2017 - 07:45:17: SourceMod error session started
L 06/22/2017 - 07:45:17: Info (map "dm_pinnacles_m") (file "errors_20170622.log")
L 06/22/2017 - 07:45:17: [SM] Fatal error encountered parsing translation file "savescores.phrases.txt"
L 06/22/2017 - 07:45:17: [SM] Error (line 0, column 0): Stream failed to open
L 06/22/2017 - 07:45:17: [SM] Fatal error encountered parsing translation file "customvotes.phrases.txt"
L 06/22/2017 - 07:45:17: [SM] Error (line 0, column 0): Stream failed to open
L 06/22/2017 - 07:55:50: Error log file session closed.
L 06/22/2017 - 07:55:50: SourceMod error session started
L 06/22/2017 - 07:55:50: Info (map "dm_october_m") (file "errors_20170622.log")
L 06/22/2017 - 07:55:50: [SM] Fatal error encountered parsing translation file "savescores.phrases.txt"
L 06/22/2017 - 07:55:50: [SM] Error (line 0, column 0): Stream failed to open
L 06/22/2017 - 07:55:50: [SM] Fatal error encountered parsing translation file "customvotes.phrases.txt"
L 06/22/2017 - 07:55:50: [SM] Error (line 0, column 0): Stream failed to open
L 06/22/2017 - 08:56:04: Error log file session closed.
L 06/22/2017 - 08:56:04: SourceMod error session started
L 06/22/2017 - 08:56:04: Info (map "pb_z_industry_m") (file "errors_20170622.log")
L 06/22/2017 - 08:56:04: [SM] Fatal error encountered parsing translation file "savescores.phrases.txt"
L 06/22/2017 - 08:56:04: [SM] Error (line 0, column 0): Stream failed to open
L 06/22/2017 - 08:56:04: [SM] Fatal error encountered parsing translation file "customvotes.phrases.txt"
L 06/22/2017 - 08:56:04: [SM] Error (line 0, column 0): Stream failed to open
L 06/22/2017 - 09:39:04: Error log file session closed.
L 06/22/2017 - 09:39:04: SourceMod error session started
L 06/22/2017 - 09:39:04: Info (map "dm_laststop_m") (file "errors_20170622.log")
L 06/22/2017 - 09:39:04: [SM] Fatal error encountered parsing translation file "savescores.phrases.txt"
L 06/22/2017 - 09:39:04: [SM] Error (line 0, column 0): Stream failed to open
L 06/22/2017 - 09:39:04: [SM] Fatal error encountered parsing translation file "customvotes.phrases.txt"
L 06/22/2017 - 09:39:04: [SM] Error (line 0, column 0): Stream failed to open
L 06/22/2017 - 09:39:56: [SM] Exception reported: Entity 1 (1) is invalid
L 06/22/2017 - 09:39:56: [SM] Blaming: autodifficultypatch.smx
L 06/22/2017 - 09:39:56: [SM] Call stack trace:
L 06/22/2017 - 09:39:56: [SM]   [0] GetEntPropString
L 06/22/2017 - 09:39:56: [SM]   [1] Line 1823, C:\Users\Ethorbit\Desktop\sourcemodbackup\sourcemod\addons\sourcemod\scripting\autodifficultypatch.sp::FindEntityByTargetName
L 06/22/2017 - 09:39:56: [SM]   [2] Line 1296, C:\Users\Ethorbit\Desktop\sourcemodbackup\sourcemod\addons\sourcemod\scripting\autodifficultypatch.sp::UpdateHeadcrab
L 06/22/2017 - 09:39:56: [SM]   [3] Line 26, C:\Users\Ethorbit\Desktop\sourcemodbackup\sourcemod\addons\sourcemod\scripting\autodifficultypatch.sp::OnClientDisconnect_Post
L 06/22/2017 - 09:39:56: Error log file session closed.
L 06/22/2017 - 09:39:56: SourceMod error session started
L 06/22/2017 - 09:39:56: Info (map "dm_morbid_m") (file "errors_20170622.log")
L 06/22/2017 - 09:39:56: [SM] Fatal error encountered parsing translation file "savescores.phrases.txt"
L 06/22/2017 - 09:39:56: [SM] Error (line 0, column 0): Stream failed to open
L 06/22/2017 - 09:39:56: [SM] Fatal error encountered parsing translation file "customvotes.phrases.txt"
L 06/22/2017 - 09:39:56: [SM] Error (line 0, column 0): Stream failed to open
L 06/22/2017 - 09:51:02: Error log file session closed.
L 06/22/2017 - 09:51:02: SourceMod error session started
L 06/22/2017 - 09:51:02: Info (map "pb_z_area51_m") (file "errors_20170622.log")
L 06/22/2017 - 09:51:02: [SM] Fatal error encountered parsing translation file "savescores.phrases.txt"
L 06/22/2017 - 09:51:02: [SM] Error (line 0, column 0): Stream failed to open
L 06/22/2017 - 09:51:02: [SM] Fatal error encountered parsing translation file "customvotes.phrases.txt"
L 06/22/2017 - 09:51:02: [SM] Error (line 0, column 0): Stream failed to open
L 06/22/2017 - 09:51:54: [SM] Exception reported: Entity 1 (1) is invalid
L 06/22/2017 - 09:51:54: [SM] Blaming: autodifficultypatch.smx
L 06/22/2017 - 09:51:54: [SM] Call stack trace:
L 06/22/2017 - 09:51:54: [SM]   [0] GetEntPropString
L 06/22/2017 - 09:51:54: [SM]   [1] Line 1823, C:\Users\Ethorbit\Desktop\sourcemodbackup\sourcemod\addons\sourcemod\scripting\autodifficultypatch.sp::FindEntityByTargetName
L 06/22/2017 - 09:51:54: [SM]   [2] Line 1673, C:\Users\Ethorbit\Desktop\sourcemodbackup\sourcemod\addons\sourcemod\scripting\autodifficultypatch.sp::UpdateHeadcrab
L 06/22/2017 - 09:51:54: [SM]   [3] Line 26, C:\Users\Ethorbit\Desktop\sourcemodbackup\sourcemod\addons\sourcemod\scripting\autodifficultypatch.sp::OnClientDisconnect_Post
L 06/22/2017 - 10:01:48: Error log file session closed.
L 06/22/2017 - 10:01:48: SourceMod error session started
L 06/22/2017 - 10:01:48: Info (map "pb_z_office_tower_m") (file "errors_20170622.log")
L 06/22/2017 - 10:01:48: [SM] Fatal error encountered parsing translation file "savescores.phrases.txt"
L 06/22/2017 - 10:01:48: [SM] Error (line 0, column 0): Stream failed to open
L 06/22/2017 - 10:01:48: [SM] Fatal error encountered parsing translation file "customvotes.phrases.txt"
L 06/22/2017 - 10:01:48: [SM] Error (line 0, column 0): Stream failed to open
L 06/22/2017 - 10:03:40: Error log file session closed.
L 06/22/2017 - 10:03:40: SourceMod error session started
L 06/22/2017 - 10:03:40: Info (map "dm_raven_m") (file "errors_20170622.log")
L 06/22/2017 - 10:03:40: [SM] Fatal error encountered parsing translation file "savescores.phrases.txt"
L 06/22/2017 - 10:03:40: [SM] Error (line 0, column 0): Stream failed to open
L 06/22/2017 - 10:03:40: [SM] Fatal error encountered parsing translation file "customvotes.phrases.txt"
L 06/22/2017 - 10:03:40: [SM] Error (line 0, column 0): Stream failed to open
L 06/22/2017 - 10:11:17: Error log file session closed.
L 06/22/2017 - 10:11:17: SourceMod error session started
L 06/22/2017 - 10:11:17: Info (map "dm_pinnacles_m") (file "errors_20170622.log")
L 06/22/2017 - 10:11:17: [SM] Fatal error encountered parsing translation file "savescores.phrases.txt"
L 06/22/2017 - 10:11:17: [SM] Error (line 0, column 0): Stream failed to open
L 06/22/2017 - 10:11:17: [SM] Fatal error encountered parsing translation file "customvotes.phrases.txt"
L 06/22/2017 - 10:11:17: [SM] Error (line 0, column 0): Stream failed to open
L 06/22/2017 - 10:12:13: Error log file session closed.
L 06/22/2017 - 10:12:13: SourceMod error session started
L 06/22/2017 - 10:12:13: Info (map "dm_coldruins_rc1_m") (file "errors_20170622.log")
L 06/22/2017 - 10:12:13: [SM] Fatal error encountered parsing translation file "savescores.phrases.txt"
L 06/22/2017 - 10:12:13: [SM] Error (line 0, column 0): Stream failed to open
L 06/22/2017 - 10:12:13: [SM] Fatal error encountered parsing translation file "customvotes.phrases.txt"
L 06/22/2017 - 10:12:13: [SM] Error (line 0, column 0): Stream failed to open
L 06/22/2017 - 10:14:48: Error log file session closed.
L 06/22/2017 - 10:14:48: SourceMod error session started
L 06/22/2017 - 10:14:48: Info (map "pb_z_underground_m") (file "errors_20170622.log")
L 06/22/2017 - 10:14:48: [SM] Fatal error encountered parsing translation file "savescores.phrases.txt"
L 06/22/2017 - 10:14:48: [SM] Error (line 0, column 0): Stream failed to open
L 06/22/2017 - 10:14:48: [SM] Fatal error encountered parsing translation file "customvotes.phrases.txt"
L 06/22/2017 - 10:14:48: [SM] Error (line 0, column 0): Stream failed to open
L 06/22/2017 - 10:20:08: Error log file session closed.
L 06/22/2017 - 10:20:08: SourceMod error session started
L 06/22/2017 - 10:20:08: Info (map "pb_z_disorder_m") (file "errors_20170622.log")
L 06/22/2017 - 10:20:08: [SM] Fatal error encountered parsing translation file "savescores.phrases.txt"
L 06/22/2017 - 10:20:08: [SM] Error (line 0, column 0): Stream failed to open
L 06/22/2017 - 10:20:08: [SM] Fatal error encountered parsing translation file "customvotes.phrases.txt"
L 06/22/2017 - 10:20:08: [SM] Error (line 0, column 0): Stream failed to open
L 06/22/2017 - 10:20:38: [SM] Exception reported: Entity 1 (1) is invalid
L 06/22/2017 - 10:20:38: [SM] Blaming: autodifficultypatch.smx
L 06/22/2017 - 10:20:38: [SM] Call stack trace:
L 06/22/2017 - 10:20:38: [SM]   [0] GetEntPropString
L 06/22/2017 - 10:20:38: [SM]   [1] Line 1823, C:\Users\Ethorbit\Desktop\sourcemodbackup\sourcemod\addons\sourcemod\scripting\autodifficultypatch.sp::FindEntityByTargetName
L 06/22/2017 - 10:20:38: [SM]   [2] Line 846, C:\Users\Ethorbit\Desktop\sourcemodbackup\sourcemod\addons\sourcemod\scripting\autodifficultypatch.sp::UpdateHeadcrab
L 06/22/2017 - 10:20:38: [SM]   [3] Line 26, C:\Users\Ethorbit\Desktop\sourcemodbackup\sourcemod\addons\sourcemod\scripting\autodifficultypatch.sp::OnClientDisconnect_Post
L 06/22/2017 - 10:57:58: [SM] Exception reported: Entity 1 (1) is invalid
L 06/22/2017 - 10:57:58: [SM] Blaming: autodifficultypatch.smx
L 06/22/2017 - 10:57:58: [SM] Call stack trace:
L 06/22/2017 - 10:57:58: [SM]   [0] GetEntPropString
L 06/22/2017 - 10:57:58: [SM]   [1] Line 1823, C:\Users\Ethorbit\Desktop\sourcemodbackup\sourcemod\addons\sourcemod\scripting\autodifficultypatch.sp::FindEntityByTargetName
L 06/22/2017 - 10:57:58: [SM]   [2] Line 846, C:\Users\Ethorbit\Desktop\sourcemodbackup\sourcemod\addons\sourcemod\scripting\autodifficultypatch.sp::UpdateHeadcrab
L 06/22/2017 - 10:57:58: [SM]   [3] Line 26, C:\Users\Ethorbit\Desktop\sourcemodbackup\sourcemod\addons\sourcemod\scripting\autodifficultypatch.sp::OnClientDisconnect_Post
L 06/22/2017 - 10:57:59: Error log file session closed.
L 06/22/2017 - 10:57:59: SourceMod error session started
L 06/22/2017 - 10:57:59: Info (map "dm_cave_m") (file "errors_20170622.log")
L 06/22/2017 - 10:57:59: [SM] Fatal error encountered parsing translation file "savescores.phrases.txt"
L 06/22/2017 - 10:57:59: [SM] Error (line 0, column 0): Stream failed to open
L 06/22/2017 - 10:57:59: [SM] Fatal error encountered parsing translation file "customvotes.phrases.txt"
L 06/22/2017 - 10:57:59: [SM] Error (line 0, column 0): Stream failed to open
L 06/22/2017 - 10:59:42: [SM] Exception reported: Entity 1 (1) is invalid
L 06/22/2017 - 10:59:42: [SM] Blaming: autodifficultypatch.smx
L 06/22/2017 - 10:59:42: [SM] Call stack trace:
L 06/22/2017 - 10:59:42: [SM]   [0] GetEntPropString
L 06/22/2017 - 10:59:42: [SM]   [1] Line 1823, C:\Users\Ethorbit\Desktop\sourcemodbackup\sourcemod\addons\sourcemod\scripting\autodifficultypatch.sp::FindEntityByTargetName
L 06/22/2017 - 10:59:42: [SM]   [2] Line 1004, C:\Users\Ethorbit\Desktop\sourcemodbackup\sourcemod\addons\sourcemod\scripting\autodifficultypatch.sp::UpdateHeadcrab
L 06/22/2017 - 10:59:42: [SM]   [3] Line 26, C:\Users\Ethorbit\Desktop\sourcemodbackup\sourcemod\addons\sourcemod\scripting\autodifficultypatch.sp::OnClientDisconnect_Post
L 06/22/2017 - 10:59:42: [SM] Exception reported: Entity 2 (2) is invalid
L 06/22/2017 - 10:59:42: [SM] Blaming: autodifficultypatch.smx
L 06/22/2017 - 10:59:42: [SM] Call stack trace:
L 06/22/2017 - 10:59:42: [SM]   [0] GetEntPropString
L 06/22/2017 - 10:59:42: [SM]   [1] Line 1823, C:\Users\Ethorbit\Desktop\sourcemodbackup\sourcemod\addons\sourcemod\scripting\autodifficultypatch.sp::FindEntityByTargetName
L 06/22/2017 - 10:59:42: [SM]   [2] Line 996, C:\Users\Ethorbit\Desktop\sourcemodbackup\sourcemod\addons\sourcemod\scripting\autodifficultypatch.sp::UpdateHeadcrab
L 06/22/2017 - 10:59:42: [SM]   [3] Line 26, C:\Users\Ethorbit\Desktop\sourcemodbackup\sourcemod\addons\sourcemod\scripting\autodifficultypatch.sp::OnClientDisconnect_Post
L 06/22/2017 - 10:59:45: Error log file session closed.
L 06/22/2017 - 10:59:45: SourceMod error session started
L 06/22/2017 - 10:59:45: Info (map "dm_hellsdistrict_m") (file "errors_20170622.log")
L 06/22/2017 - 10:59:45: [SM] Fatal error encountered parsing translation file "savescores.phrases.txt"
L 06/22/2017 - 10:59:45: [SM] Error (line 0, column 0): Stream failed to open
L 06/22/2017 - 10:59:45: [SM] Fatal error encountered parsing translation file "customvotes.phrases.txt"
L 06/22/2017 - 10:59:45: [SM] Error (line 0, column 0): Stream failed to open
L 06/22/2017 - 11:05:24: Error log file session closed.
L 06/22/2017 - 11:05:24: SourceMod error session started
L 06/22/2017 - 11:05:24: Info (map "pb_z_industry_m") (file "errors_20170622.log")
L 06/22/2017 - 11:05:24: [SM] Fatal error encountered parsing translation file "savescores.phrases.txt"
L 06/22/2017 - 11:05:24: [SM] Error (line 0, column 0): Stream failed to open
L 06/22/2017 - 11:05:24: [SM] Fatal error encountered parsing translation file "customvotes.phrases.txt"
L 06/22/2017 - 11:05:24: [SM] Error (line 0, column 0): Stream failed to open
L 06/22/2017 - 11:13:51: [SM] Exception reported: Entity 1 (1) is invalid
L 06/22/2017 - 11:13:51: [SM] Blaming: autodifficultypatch.smx
L 06/22/2017 - 11:13:51: [SM] Call stack trace:
L 06/22/2017 - 11:13:51: [SM]   [0] GetEntPropString
L 06/22/2017 - 11:13:51: [SM]   [1] Line 1823, C:\Users\Ethorbit\Desktop\sourcemodbackup\sourcemod\addons\sourcemod\scripting\autodifficultypatch.sp::FindEntityByTargetName
L 06/22/2017 - 11:13:51: [SM]   [2] Line 1162, C:\Users\Ethorbit\Desktop\sourcemodbackup\sourcemod\addons\sourcemod\scripting\autodifficultypatch.sp::UpdateHeadcrab
L 06/22/2017 - 11:13:51: [SM]   [3] Line 26, C:\Users\Ethorbit\Desktop\sourcemodbackup\sourcemod\addons\sourcemod\scripting\autodifficultypatch.sp::OnClientDisconnect_Post
L 06/22/2017 - 11:34:18: [SM] Exception reported: Entity 1 (1) is invalid
L 06/22/2017 - 11:34:18: [SM] Blaming: autodifficultypatch.smx
L 06/22/2017 - 11:34:18: [SM] Call stack trace:
L 06/22/2017 - 11:34:18: [SM]   [0] GetEntPropString
L 06/22/2017 - 11:34:18: [SM]   [1] Line 1823, C:\Users\Ethorbit\Desktop\sourcemodbackup\sourcemod\addons\sourcemod\scripting\autodifficultypatch.sp::FindEntityByTargetName
L 06/22/2017 - 11:34:18: [SM]   [2] Line 1162, C:\Users\Ethorbit\Desktop\sourcemodbackup\sourcemod\addons\sourcemod\scripting\autodifficultypatch.sp::UpdateHeadcrab
L 06/22/2017 - 11:34:18: [SM]   [3] Line 26, C:\Users\Ethorbit\Desktop\sourcemodbackup\sourcemod\addons\sourcemod\scripting\autodifficultypatch.sp::OnClientDisconnect_Post
L 06/22/2017 - 11:34:18: [SM] Exception reported: Entity 2 (2) is invalid
L 06/22/2017 - 11:34:18: [SM] Blaming: autodifficultypatch.smx
L 06/22/2017 - 11:34:18: [SM] Call stack trace:
L 06/22/2017 - 11:34:18: [SM]   [0] GetEntPropString
L 06/22/2017 - 11:34:18: [SM]   [1] Line 1823, C:\Users\Ethorbit\Desktop\sourcemodbackup\sourcemod\addons\sourcemod\scripting\autodifficultypatch.sp::FindEntityByTargetName
L 06/22/2017 - 11:34:18: [SM]   [2] Line 1154, C:\Users\Ethorbit\Desktop\sourcemodbackup\sourcemod\addons\sourcemod\scripting\autodifficultypatch.sp::UpdateHeadcrab
L 06/22/2017 - 11:34:18: [SM]   [3] Line 26, C:\Users\Ethorbit\Desktop\sourcemodbackup\sourcemod\addons\sourcemod\scripting\autodifficultypatch.sp::OnClientDisconnect_Post
L 06/22/2017 - 11:34:18: [SM] Exception reported: Entity 3 (3) is invalid
L 06/22/2017 - 11:34:18: [SM] Blaming: autodifficultypatch.smx
L 06/22/2017 - 11:34:18: [SM] Call stack trace:
L 06/22/2017 - 11:34:18: [SM]   [0] GetEntPropString
L 06/22/2017 - 11:34:18: [SM]   [1] Line 1823, C:\Users\Ethorbit\Desktop\sourcemodbackup\sourcemod\addons\sourcemod\scripting\autodifficultypatch.sp::FindEntityByTargetName
L 06/22/2017 - 11:34:18: [SM]   [2] Line 1146, C:\Users\Ethorbit\Desktop\sourcemodbackup\sourcemod\addons\sourcemod\scripting\autodifficultypatch.sp::UpdateHeadcrab
L 06/22/2017 - 11:34:18: [SM]   [3] Line 26, C:\Users\Ethorbit\Desktop\sourcemodbackup\sourcemod\addons\sourcemod\scripting\autodifficultypatch.sp::OnClientDisconnect_Post
L 06/22/2017 - 11:34:19: Error log file session closed.
L 06/22/2017 - 11:34:19: SourceMod error session started
L 06/22/2017 - 11:34:19: Info (map "dm_montana_m") (file "errors_20170622.log")
L 06/22/2017 - 11:34:19: [SM] Fatal error encountered parsing translation file "savescores.phrases.txt"
L 06/22/2017 - 11:34:19: [SM] Error (line 0, column 0): Stream failed to open
L 06/22/2017 - 11:34:19: [SM] Fatal error encountered parsing translation file "customvotes.phrases.txt"
L 06/22/2017 - 11:34:19: [SM] Error (line 0, column 0): Stream failed to open
L 06/22/2017 - 11:35:50: [SM] Exception reported: Entity 1 (1) is invalid
L 06/22/2017 - 11:35:50: [SM] Blaming: autodifficultypatch.smx
L 06/22/2017 - 11:35:50: [SM] Call stack trace:
L 06/22/2017 - 11:35:50: [SM]   [0] GetEntPropString
L 06/22/2017 - 11:35:50: [SM]   [1] Line 1823, C:\Users\Ethorbit\Desktop\sourcemodbackup\sourcemod\addons\sourcemod\scripting\autodifficultypatch.sp::FindEntityByTargetName
L 06/22/2017 - 11:35:50: [SM]   [2] Line 645, C:\Users\Ethorbit\Desktop\sourcemodbackup\sourcemod\addons\sourcemod\scripting\autodifficultypatch.sp::UpdateHeadcrab
L 06/22/2017 - 11:35:50: [SM]   [3] Line 26, C:\Users\Ethorbit\Desktop\sourcemodbackup\sourcemod\addons\sourcemod\scripting\autodifficultypatch.sp::OnClientDisconnect_Post
L 06/22/2017 - 12:10:55: [SM] Exception reported: Entity 1 (1) is invalid
L 06/22/2017 - 12:10:55: [SM] Blaming: autodifficultypatch.smx
L 06/22/2017 - 12:10:55: [SM] Call stack trace:
L 06/22/2017 - 12:10:55: [SM]   [0] GetEntPropString
L 06/22/2017 - 12:10:55: [SM]   [1] Line 1823, C:\Users\Ethorbit\Desktop\sourcemodbackup\sourcemod\addons\sourcemod\scripting\autodifficultypatch.sp::FindEntityByTargetName
L 06/22/2017 - 12:10:55: [SM]   [2] Line 645, C:\Users\Ethorbit\Desktop\sourcemodbackup\sourcemod\addons\sourcemod\scripting\autodifficultypatch.sp::UpdateHeadcrab
L 06/22/2017 - 12:10:55: [SM]   [3] Line 26, C:\Users\Ethorbit\Desktop\sourcemodbackup\sourcemod\addons\sourcemod\scripting\autodifficultypatch.sp::OnClientDisconnect_Post
L 06/22/2017 - 12:10:57: Error log file session closed.
L 06/22/2017 - 12:10:57: SourceMod error session started
L 06/22/2017 - 12:10:57: Info (map "dm_central_station_v1_m") (file "errors_20170622.log")
L 06/22/2017 - 12:10:57: [SM] Fatal error encountered parsing translation file "savescores.phrases.txt"
L 06/22/2017 - 12:10:57: [SM] Error (line 0, column 0): Stream failed to open
L 06/22/2017 - 12:10:57: [SM] Fatal error encountered parsing translation file "customvotes.phrases.txt"
L 06/22/2017 - 12:10:57: [SM] Error (line 0, column 0): Stream failed to open
L 06/22/2017 - 12:16:30: Error log file session closed.
L 06/22/2017 - 12:16:30: SourceMod error session started
L 06/22/2017 - 12:16:30: Info (map "dm_thetunnel_v1_m") (file "errors_20170622.log")
L 06/22/2017 - 12:16:30: [SM] Fatal error encountered parsing translation file "savescores.phrases.txt"
L 06/22/2017 - 12:16:30: [SM] Error (line 0, column 0): Stream failed to open
L 06/22/2017 - 12:16:30: [SM] Fatal error encountered parsing translation file "customvotes.phrases.txt"
L 06/22/2017 - 12:16:30: [SM] Error (line 0, column 0): Stream failed to open
L 06/22/2017 - 12:28:54: Error log file session closed.
L 06/22/2017 - 12:28:54: SourceMod error session started
L 06/22/2017 - 12:28:54: Info (map "pb_z_underground_m") (file "errors_20170622.log")
L 06/22/2017 - 12:28:54: [SM] Fatal error encountered parsing translation file "savescores.phrases.txt"
L 06/22/2017 - 12:28:54: [SM] Error (line 0, column 0): Stream failed to open
L 06/22/2017 - 12:28:54: [SM] Fatal error encountered parsing translation file "customvotes.phrases.txt"
L 06/22/2017 - 12:28:54: [SM] Error (line 0, column 0): Stream failed to open
L 06/22/2017 - 13:13:54: [SM] Exception reported: Entity 1 (1) is invalid
L 06/22/2017 - 13:13:54: [SM] Blaming: autodifficultypatch.smx
L 06/22/2017 - 13:13:54: [SM] Call stack trace:
L 06/22/2017 - 13:13:54: [SM]   [0] GetEntPropString
L 06/22/2017 - 13:13:54: [SM]   [1] Line 1823, C:\Users\Ethorbit\Desktop\sourcemodbackup\sourcemod\addons\sourcemod\scripting\autodifficultypatch.sp::FindEntityByTargetName
L 06/22/2017 - 13:13:54: [SM]   [2] Line 921, C:\Users\Ethorbit\Desktop\sourcemodbackup\sourcemod\addons\sourcemod\scripting\autodifficultypatch.sp::UpdateHeadcrab
L 06/22/2017 - 13:13:54: [SM]   [3] Line 26, C:\Users\Ethorbit\Desktop\sourcemodbackup\sourcemod\addons\sourcemod\scripting\autodifficultypatch.sp::OnClientDisconnect_Post
L 06/22/2017 - 13:18:36: [SM] Exception reported: Entity 1 (1) is invalid
L 06/22/2017 - 13:18:36: [SM] Blaming: autodifficultypatch.smx
L 06/22/2017 - 13:18:36: [SM] Call stack trace:
L 06/22/2017 - 13:18:36: [SM]   [0] GetEntPropString
L 06/22/2017 - 13:18:36: [SM]   [1] Line 1823, C:\Users\Ethorbit\Desktop\sourcemodbackup\sourcemod\addons\sourcemod\scripting\autodifficultypatch.sp::FindEntityByTargetName
L 06/22/2017 - 13:18:36: [SM]   [2] Line 921, C:\Users\Ethorbit\Desktop\sourcemodbackup\sourcemod\addons\sourcemod\scripting\autodifficultypatch.sp::UpdateHeadcrab
L 06/22/2017 - 13:18:36: [SM]   [3] Line 26, C:\Users\Ethorbit\Desktop\sourcemodbackup\sourcemod\addons\sourcemod\scripting\autodifficultypatch.sp::OnClientDisconnect_Post
L 06/22/2017 - 13:28:22: [SM] Exception reported: Entity 1 (1) is invalid
L 06/22/2017 - 13:28:22: [SM] Blaming: autodifficultypatch.smx
L 06/22/2017 - 13:28:22: [SM] Call stack trace:
L 06/22/2017 - 13:28:22: [SM]   [0] GetEntPropString
L 06/22/2017 - 13:28:22: [SM]   [1] Line 1823, C:\Users\Ethorbit\Desktop\sourcemodbackup\sourcemod\addons\sourcemod\scripting\autodifficultypatch.sp::FindEntityByTargetName
L 06/22/2017 - 13:28:22: [SM]   [2] Line 921, C:\Users\Ethorbit\Desktop\sourcemodbackup\sourcemod\addons\sourcemod\scripting\autodifficultypatch.sp::UpdateHeadcrab
L 06/22/2017 - 13:28:22: [SM]   [3] Line 26, C:\Users\Ethorbit\Desktop\sourcemodbackup\sourcemod\addons\sourcemod\scripting\autodifficultypatch.sp::OnClientDisconnect_Post
L 06/22/2017 - 13:29:09: Error log file session closed.
L 06/22/2017 - 13:29:09: SourceMod error session started
L 06/22/2017 - 13:29:09: Info (map "dm_coldruins_rc1_m") (file "errors_20170622.log")
L 06/22/2017 - 13:29:09: [SM] Fatal error encountered parsing translation file "savescores.phrases.txt"
L 06/22/2017 - 13:29:09: [SM] Error (line 0, column 0): Stream failed to open
L 06/22/2017 - 13:29:09: [SM] Fatal error encountered parsing translation file "customvotes.phrases.txt"
L 06/22/2017 - 13:29:09: [SM] Error (line 0, column 0): Stream failed to open
L 06/22/2017 - 14:19:08: [SM] Exception reported: Entity 1 (1) is invalid
L 06/22/2017 - 14:19:08: [SM] Blaming: autodifficultypatch.smx
L 06/22/2017 - 14:19:08: [SM] Call stack trace:
L 06/22/2017 - 14:19:08: [SM]   [0] GetEntPropString
L 06/22/2017 - 14:19:08: [SM]   [1] Line 1823, C:\Users\Ethorbit\Desktop\sourcemodbackup\sourcemod\addons\sourcemod\scripting\autodifficultypatch.sp::FindEntityByTargetName
L 06/22/2017 - 14:19:08: [SM]   [2] Line 1071, C:\Users\Ethorbit\Desktop\sourcemodbackup\sourcemod\addons\sourcemod\scripting\autodifficultypatch.sp::UpdateHeadcrab
L 06/22/2017 - 14:19:08: [SM]   [3] Line 26, C:\Users\Ethorbit\Desktop\sourcemodbackup\sourcemod\addons\sourcemod\scripting\autodifficultypatch.sp::OnClientDisconnect_Post
L 06/22/2017 - 14:19:08: Error log file session closed.
L 06/22/2017 - 14:19:08: SourceMod error session started
L 06/22/2017 - 14:19:08: Info (map "dm_hellsdistrict_m") (file "errors_20170622.log")
L 06/22/2017 - 14:19:08: [SM] Fatal error encountered parsing translation file "savescores.phrases.txt"
L 06/22/2017 - 14:19:08: [SM] Error (line 0, column 0): Stream failed to open
L 06/22/2017 - 14:19:08: [SM] Fatal error encountered parsing translation file "customvotes.phrases.txt"
L 06/22/2017 - 14:19:08: [SM] Error (line 0, column 0): Stream failed to open
L 06/22/2017 - 15:19:19: Error log file session closed.
L 06/22/2017 - 15:19:19: SourceMod error session started
L 06/22/2017 - 15:19:19: Info (map "dm_raven_m") (file "errors_20170622.log")
L 06/22/2017 - 15:19:19: [SM] Fatal error encountered parsing translation file "savescores.phrases.txt"
L 06/22/2017 - 15:19:19: [SM] Error (line 0, column 0): Stream failed to open
L 06/22/2017 - 15:19:19: [SM] Fatal error encountered parsing translation file "customvotes.phrases.txt"
L 06/22/2017 - 15:19:19: [SM] Error (line 0, column 0): Stream failed to open
L 06/22/2017 - 15:42:16: [SM] Exception reported: Entity 1 (1) is invalid
L 06/22/2017 - 15:42:16: [SM] Blaming: autodifficultypatch.smx
L 06/22/2017 - 15:42:16: [SM] Call stack trace:
L 06/22/2017 - 15:42:16: [SM]   [0] GetEntPropString
L 06/22/2017 - 15:42:16: [SM]   [1] Line 1823, C:\Users\Ethorbit\Desktop\sourcemodbackup\sourcemod\addons\sourcemod\scripting\autodifficultypatch.sp::FindEntityByTargetName
L 06/22/2017 - 15:42:16: [SM]   [2] Line 1371, C:\Users\Ethorbit\Desktop\sourcemodbackup\sourcemod\addons\sourcemod\scripting\autodifficultypatch.sp::UpdateHeadcrab
L 06/22/2017 - 15:42:16: [SM]   [3] Line 26, C:\Users\Ethorbit\Desktop\sourcemodbackup\sourcemod\addons\sourcemod\scripting\autodifficultypatch.sp::OnClientDisconnect_Post
L 06/22/2017 - 16:19:35: Error log file session closed.
L 06/22/2017 - 16:19:35: SourceMod error session started
L 06/22/2017 - 16:19:35: Info (map "pb_z_office_tower_v2_m") (file "errors_20170622.log")
L 06/22/2017 - 16:19:35: [SM] Fatal error encountered parsing translation file "savescores.phrases.txt"
L 06/22/2017 - 16:19:35: [SM] Error (line 0, column 0): Stream failed to open
L 06/22/2017 - 16:19:35: [SM] Fatal error encountered parsing translation file "customvotes.phrases.txt"
L 06/22/2017 - 16:19:35: [SM] Error (line 0, column 0): Stream failed to open
L 06/22/2017 - 16:19:42: Error log file session closed.
L 06/22/2017 - 16:19:42: SourceMod error session started
L 06/22/2017 - 16:19:42: Info (map "pb_z_office_tower_v2_m") (file "errors_20170622.log")
L 06/22/2017 - 16:19:42: [SM] Fatal error encountered parsing translation file "savescores.phrases.txt"
L 06/22/2017 - 16:19:42: [SM] Error (line 0, column 0): Stream failed to open
L 06/22/2017 - 16:19:42: [SM] Fatal error encountered parsing translation file "customvotes.phrases.txt"
L 06/22/2017 - 16:19:42: [SM] Error (line 0, column 0): Stream failed to open
L 06/22/2017 - 17:19:53: Error log file session closed.
L 06/22/2017 - 17:19:53: SourceMod error session started
L 06/22/2017 - 17:19:53: Info (map "dm_central_station_v1_m") (file "errors_20170622.log")
L 06/22/2017 - 17:19:53: [SM] Fatal error encountered parsing translation file "savescores.phrases.txt"
L 06/22/2017 - 17:19:53: [SM] Error (line 0, column 0): Stream failed to open
L 06/22/2017 - 17:19:53: [SM] Fatal error encountered parsing translation file "customvotes.phrases.txt"
L 06/22/2017 - 17:19:53: [SM] Error (line 0, column 0): Stream failed to open
L 06/22/2017 - 17:36:36: Error log file session closed.
L 06/22/2017 - 17:36:36: SourceMod error session started
L 06/22/2017 - 17:36:36: Info (map "dm_pinnacles_m") (file "errors_20170622.log")
L 06/22/2017 - 17:36:36: [SM] Fatal error encountered parsing translation file "savescores.phrases.txt"
L 06/22/2017 - 17:36:36: [SM] Error (line 0, column 0): Stream failed to open
L 06/22/2017 - 17:36:36: [SM] Fatal error encountered parsing translation file "customvotes.phrases.txt"
L 06/22/2017 - 17:36:36: [SM] Error (line 0, column 0): Stream failed to open
L 06/22/2017 - 17:39:34: Error log file session closed.
L 06/22/2017 - 17:39:34: SourceMod error session started
L 06/22/2017 - 17:39:34: Info (map "dm_coldruins_rc1_m") (file "errors_20170622.log")
L 06/22/2017 - 17:39:34: [SM] Fatal error encountered parsing translation file "savescores.phrases.txt"
L 06/22/2017 - 17:39:34: [SM] Error (line 0, column 0): Stream failed to open
L 06/22/2017 - 17:39:34: [SM] Fatal error encountered parsing translation file "customvotes.phrases.txt"
L 06/22/2017 - 17:39:34: [SM] Error (line 0, column 0): Stream failed to open
L 06/22/2017 - 17:43:24: [SM] Exception reported: Entity 1 (1) is invalid
L 06/22/2017 - 17:43:24: [SM] Blaming: autodifficultypatch.smx
L 06/22/2017 - 17:43:24: [SM] Call stack trace:
L 06/22/2017 - 17:43:24: [SM]   [0] GetEntPropString
L 06/22/2017 - 17:43:24: [SM]   [1] Line 1823, C:\Users\Ethorbit\Desktop\sourcemodbackup\sourcemod\addons\sourcemod\scripting\autodifficultypatch.sp::FindEntityByTargetName
L 06/22/2017 - 17:43:24: [SM]   [2] Line 1071, C:\Users\Ethorbit\Desktop\sourcemodbackup\sourcemod\addons\sourcemod\scripting\autodifficultypatch.sp::UpdateHeadcrab
L 06/22/2017 - 17:43:24: [SM]   [3] Line 26, C:\Users\Ethorbit\Desktop\sourcemodbackup\sourcemod\addons\sourcemod\scripting\autodifficultypatch.sp::OnClientDisconnect_Post
L 06/22/2017 - 17:43:24: Error log file session closed.
L 06/22/2017 - 17:43:25: SourceMod error session started
L 06/22/2017 - 17:43:25: Info (map "pb_z_disorder_m") (file "errors_20170622.log")
L 06/22/2017 - 17:43:25: [SM] Fatal error encountered parsing translation file "savescores.phrases.txt"
L 06/22/2017 - 17:43:25: [SM] Error (line 0, column 0): Stream failed to open
L 06/22/2017 - 17:43:25: [SM] Fatal error encountered parsing translation file "customvotes.phrases.txt"
L 06/22/2017 - 17:43:25: [SM] Error (line 0, column 0): Stream failed to open
L 06/22/2017 - 17:54:11: [SM] Exception reported: Entity 1 (1) is invalid
L 06/22/2017 - 17:54:11: [SM] Blaming: autodifficultypatch.smx
L 06/22/2017 - 17:54:11: [SM] Call stack trace:
L 06/22/2017 - 17:54:11: [SM]   [0] GetEntPropString
L 06/22/2017 - 17:54:11: [SM]   [1] Line 1823, C:\Users\Ethorbit\Desktop\sourcemodbackup\sourcemod\addons\sourcemod\scripting\autodifficultypatch.sp::FindEntityByTargetName
L 06/22/2017 - 17:54:11: [SM]   [2] Line 846, C:\Users\Ethorbit\Desktop\sourcemodbackup\sourcemod\addons\sourcemod\scripting\autodifficultypatch.sp::UpdateHeadcrab
L 06/22/2017 - 17:54:11: [SM]   [3] Line 26, C:\Users\Ethorbit\Desktop\sourcemodbackup\sourcemod\addons\sourcemod\scripting\autodifficultypatch.sp::OnClientDisconnect_Post
L 06/22/2017 - 17:54:12: Error log file session closed.
L 06/22/2017 - 17:54:12: SourceMod error session started
L 06/22/2017 - 17:54:12: Info (map "pb_z_earthquake_m") (file "errors_20170622.log")
L 06/22/2017 - 17:54:12: [SM] Fatal error encountered parsing translation file "savescores.phrases.txt"
L 06/22/2017 - 17:54:12: [SM] Error (line 0, column 0): Stream failed to open
L 06/22/2017 - 17:54:12: [SM] Fatal error encountered parsing translation file "customvotes.phrases.txt"
L 06/22/2017 - 17:54:12: [SM] Error (line 0, column 0): Stream failed to open
L 06/22/2017 - 18:54:23: Error log file session closed.
L 06/22/2017 - 18:54:23: SourceMod error session started
L 06/22/2017 - 18:54:23: Info (map "pb_z_industry_m") (file "errors_20170622.log")
L 06/22/2017 - 18:54:23: [SM] Fatal error encountered parsing translation file "savescores.phrases.txt"
L 06/22/2017 - 18:54:23: [SM] Error (line 0, column 0): Stream failed to open
L 06/22/2017 - 18:54:23: [SM] Fatal error encountered parsing translation file "customvotes.phrases.txt"
L 06/22/2017 - 18:54:23: [SM] Error (line 0, column 0): Stream failed to open
L 06/22/2017 - 19:38:02: [SM] Exception reported: Entity 1 (1) is invalid
L 06/22/2017 - 19:38:02: [SM] Blaming: autodifficultypatch.smx
L 06/22/2017 - 19:38:02: [SM] Call stack trace:
L 06/22/2017 - 19:38:02: [SM]   [0] GetEntPropString
L 06/22/2017 - 19:38:02: [SM]   [1] Line 1823, C:\Users\Ethorbit\Desktop\sourcemodbackup\sourcemod\addons\sourcemod\scripting\autodifficultypatch.sp::FindEntityByTargetName
L 06/22/2017 - 19:38:02: [SM]   [2] Line 1146, C:\Users\Ethorbit\Desktop\sourcemodbackup\sourcemod\addons\sourcemod\scripting\autodifficultypatch.sp::UpdateHeadcrab
L 06/22/2017 - 19:38:02: [SM]   [3] Line 26, C:\Users\Ethorbit\Desktop\sourcemodbackup\sourcemod\addons\sourcemod\scripting\autodifficultypatch.sp::OnClientDisconnect_Post
L 06/22/2017 - 19:48:54: [SM] Exception reported: Entity 1 (1) is invalid
L 06/22/2017 - 19:48:54: [SM] Blaming: autodifficultypatch.smx
L 06/22/2017 - 19:48:54: [SM] Call stack trace:
L 06/22/2017 - 19:48:54: [SM]   [0] GetEntPropString
L 06/22/2017 - 19:48:54: [SM]   [1] Line 1823, C:\Users\Ethorbit\Desktop\sourcemodbackup\sourcemod\addons\sourcemod\scripting\autodifficultypatch.sp::FindEntityByTargetName
L 06/22/2017 - 19:48:54: [SM]   [2] Line 1146, C:\Users\Ethorbit\Desktop\sourcemodbackup\sourcemod\addons\sourcemod\scripting\autodifficultypatch.sp::UpdateHeadcrab
L 06/22/2017 - 19:48:54: [SM]   [3] Line 26, C:\Users\Ethorbit\Desktop\sourcemodbackup\sourcemod\addons\sourcemod\scripting\autodifficultypatch.sp::OnClientDisconnect_Post
L 06/22/2017 - 19:48:58: Error log file session closed.
L 06/22/2017 - 19:48:58: SourceMod error session started
L 06/22/2017 - 19:48:58: Info (map "pb_z_high_school_m") (file "errors_20170622.log")
L 06/22/2017 - 19:48:58: [SM] Fatal error encountered parsing translation file "savescores.phrases.txt"
L 06/22/2017 - 19:48:58: [SM] Error (line 0, column 0): Stream failed to open
L 06/22/2017 - 19:48:58: [SM] Fatal error encountered parsing translation file "customvotes.phrases.txt"
L 06/22/2017 - 19:48:58: [SM] Error (line 0, column 0): Stream failed to open
L 06/22/2017 - 20:49:10: Error log file session closed.
L 06/22/2017 - 20:49:10: SourceMod error session started
L 06/22/2017 - 20:49:10: Info (map "dm_snowfall_m") (file "errors_20170622.log")
L 06/22/2017 - 20:49:10: [SM] Fatal error encountered parsing translation file "savescores.phrases.txt"
L 06/22/2017 - 20:49:10: [SM] Error (line 0, column 0): Stream failed to open
L 06/22/2017 - 20:49:10: [SM] Fatal error encountered parsing translation file "customvotes.phrases.txt"
L 06/22/2017 - 20:49:10: [SM] Error (line 0, column 0): Stream failed to open
L 06/22/2017 - 20:58:24: Error log file session closed.
L 06/22/2017 - 20:58:24: SourceMod error session started
L 06/22/2017 - 20:58:24: Info (map "dm_raven_m") (file "errors_20170622.log")
L 06/22/2017 - 20:58:24: [SM] Fatal error encountered parsing translation file "savescores.phrases.txt"
L 06/22/2017 - 20:58:24: [SM] Error (line 0, column 0): Stream failed to open
L 06/22/2017 - 20:58:24: [SM] Fatal error encountered parsing translation file "customvotes.phrases.txt"
L 06/22/2017 - 20:58:24: [SM] Error (line 0, column 0): Stream failed to open
L 06/22/2017 - 21:01:02: [SM] Exception reported: Entity 1 (1) is invalid
L 06/22/2017 - 21:01:02: [SM] Blaming: autodifficultypatch.smx
L 06/22/2017 - 21:01:02: [SM] Call stack trace:
L 06/22/2017 - 21:01:02: [SM]   [0] GetEntPropString
L 06/22/2017 - 21:01:02: [SM]   [1] Line 1823, C:\Users\Ethorbit\Desktop\sourcemodbackup\sourcemod\addons\sourcemod\scripting\autodifficultypatch.sp::FindEntityByTargetName
L 06/22/2017 - 21:01:02: [SM]   [2] Line 1371, C:\Users\Ethorbit\Desktop\sourcemodbackup\sourcemod\addons\sourcemod\scripting\autodifficultypatch.sp::UpdateHeadcrab
L 06/22/2017 - 21:01:02: [SM]   [3] Line 26, C:\Users\Ethorbit\Desktop\sourcemodbackup\sourcemod\addons\sourcemod\scripting\autodifficultypatch.sp::OnClientDisconnect_Post
L 06/22/2017 - 21:01:04: Error log file session closed.
L 06/22/2017 - 21:01:04: SourceMod error session started
L 06/22/2017 - 21:01:04: Info (map "pb_z_colony_m") (file "errors_20170622.log")
L 06/22/2017 - 21:01:04: [SM] Fatal error encountered parsing translation file "savescores.phrases.txt"
L 06/22/2017 - 21:01:04: [SM] Error (line 0, column 0): Stream failed to open
L 06/22/2017 - 21:01:04: [SM] Fatal error encountered parsing translation file "customvotes.phrases.txt"
L 06/22/2017 - 21:01:04: [SM] Error (line 0, column 0): Stream failed to open
L 06/22/2017 - 21:08:44: [SM] Exception reported: Entity 1 (1) is invalid
L 06/22/2017 - 21:08:44: [SM] Blaming: autodifficultypatch.smx
L 06/22/2017 - 21:08:44: [SM] Call stack trace:
L 06/22/2017 - 21:08:44: [SM]   [0] GetEntPropString
L 06/22/2017 - 21:08:44: [SM]   [1] Line 1823, C:\Users\Ethorbit\Desktop\sourcemodbackup\sourcemod\addons\sourcemod\scripting\autodifficultypatch.sp::FindEntityByTargetName
L 06/22/2017 - 21:08:44: [SM]   [2] Line 779, C:\Users\Ethorbit\Desktop\sourcemodbackup\sourcemod\addons\sourcemod\scripting\autodifficultypatch.sp::UpdateHeadcrab
L 06/22/2017 - 21:08:44: [SM]   [3] Line 26, C:\Users\Ethorbit\Desktop\sourcemodbackup\sourcemod\addons\sourcemod\scripting\autodifficultypatch.sp::OnClientDisconnect_Post
L 06/22/2017 - 22:01:15: Error log file session closed.
L 06/22/2017 - 22:01:15: SourceMod error session started
L 06/22/2017 - 22:01:15: Info (map "pb_z_area51_m") (file "errors_20170622.log")
L 06/22/2017 - 22:01:15: [SM] Fatal error encountered parsing translation file "savescores.phrases.txt"
L 06/22/2017 - 22:01:15: [SM] Error (line 0, column 0): Stream failed to open
L 06/22/2017 - 22:01:15: [SM] Fatal error encountered parsing translation file "customvotes.phrases.txt"
L 06/22/2017 - 22:01:15: [SM] Error (line 0, column 0): Stream failed to open
L 06/22/2017 - 22:20:55: [SM] Exception reported: Entity 1 (1) is invalid
L 06/22/2017 - 22:20:55: [SM] Blaming: autodifficultypatch.smx
L 06/22/2017 - 22:20:55: [SM] Call stack trace:
L 06/22/2017 - 22:20:55: [SM]   [0] GetEntPropString
L 06/22/2017 - 22:20:55: [SM]   [1] Line 1823, C:\Users\Ethorbit\Desktop\sourcemodbackup\sourcemod\addons\sourcemod\scripting\autodifficultypatch.sp::FindEntityByTargetName
L 06/22/2017 - 22:20:55: [SM]   [2] Line 1673, C:\Users\Ethorbit\Desktop\sourcemodbackup\sourcemod\addons\sourcemod\scripting\autodifficultypatch.sp::UpdateHeadcrab
L 06/22/2017 - 22:20:55: [SM]   [3] Line 26, C:\Users\Ethorbit\Desktop\sourcemodbackup\sourcemod\addons\sourcemod\scripting\autodifficultypatch.sp::OnClientDisconnect_Post
L 06/22/2017 - 22:20:55: Error log file session closed.
L 06/22/2017 - 22:20:55: SourceMod error session started
L 06/22/2017 - 22:20:55: Info (map "dm_hellsdistrict_m") (file "errors_20170622.log")
L 06/22/2017 - 22:20:55: [SM] Fatal error encountered parsing translation file "savescores.phrases.txt"
L 06/22/2017 - 22:20:55: [SM] Error (line 0, column 0): Stream failed to open
L 06/22/2017 - 22:20:55: [SM] Fatal error encountered parsing translation file "customvotes.phrases.txt"
L 06/22/2017 - 22:20:55: [SM] Error (line 0, column 0): Stream failed to open
L 06/22/2017 - 22:27:46: Error log file session closed.
L 06/22/2017 - 22:27:46: SourceMod error session started
L 06/22/2017 - 22:27:46: Info (map "z_ravenhell_m") (file "errors_20170622.log")
L 06/22/2017 - 22:27:46: [SM] Fatal error encountered parsing translation file "savescores.phrases.txt"
L 06/22/2017 - 22:27:46: [SM] Error (line 0, column 0): Stream failed to open
L 06/22/2017 - 22:27:46: [SM] Fatal error encountered parsing translation file "customvotes.phrases.txt"
L 06/22/2017 - 22:27:46: [SM] Error (line 0, column 0): Stream failed to open
L 06/22/2017 - 22:28:27: Error log file session closed.
L 06/22/2017 - 22:28:27: SourceMod error session started
L 06/22/2017 - 22:28:27: Info (map "pb_z_industry_m") (file "errors_20170622.log")
L 06/22/2017 - 22:28:27: [SM] Fatal error encountered parsing translation file "savescores.phrases.txt"
L 06/22/2017 - 22:28:27: [SM] Error (line 0, column 0): Stream failed to open
L 06/22/2017 - 22:28:27: [SM] Fatal error encountered parsing translation file "customvotes.phrases.txt"
L 06/22/2017 - 22:28:27: [SM] Error (line 0, column 0): Stream failed to open
L 06/22/2017 - 22:29:44: [SM] Exception reported: Entity 1 (1) is invalid
L 06/22/2017 - 22:29:44: [SM] Blaming: autodifficultypatch.smx
L 06/22/2017 - 22:29:44: [SM] Call stack trace:
L 06/22/2017 - 22:29:44: [SM]   [0] GetEntPropString
L 06/22/2017 - 22:29:44: [SM]   [1] Line 1823, C:\Users\Ethorbit\Desktop\sourcemodbackup\sourcemod\addons\sourcemod\scripting\autodifficultypatch.sp::FindEntityByTargetName
L 06/22/2017 - 22:29:44: [SM]   [2] Line 1146, C:\Users\Ethorbit\Desktop\sourcemodbackup\sourcemod\addons\sourcemod\scripting\autodifficultypatch.sp::UpdateHeadcrab
L 06/22/2017 - 22:29:44: [SM]   [3] Line 26, C:\Users\Ethorbit\Desktop\sourcemodbackup\sourcemod\addons\sourcemod\scripting\autodifficultypatch.sp::OnClientDisconnect_Post
L 06/22/2017 - 22:29:45: Error log file session closed.
L 06/22/2017 - 22:29:45: SourceMod error session started
L 06/22/2017 - 22:29:45: Info (map "dm_montana_m") (file "errors_20170622.log")
L 06/22/2017 - 22:29:45: [SM] Fatal error encountered parsing translation file "savescores.phrases.txt"
L 06/22/2017 - 22:29:45: [SM] Error (line 0, column 0): Stream failed to open
L 06/22/2017 - 22:29:45: [SM] Fatal error encountered parsing translation file "customvotes.phrases.txt"
L 06/22/2017 - 22:29:45: [SM] Error (line 0, column 0): Stream failed to open
L 06/22/2017 - 22:32:25: Error log file session closed.
L 06/22/2017 - 22:32:25: SourceMod error session started
L 06/22/2017 - 22:32:25: Info (map "pb_z_disorder_m") (file "errors_20170622.log")
L 06/22/2017 - 22:32:25: [SM] Fatal error encountered parsing translation file "savescores.phrases.txt"
L 06/22/2017 - 22:32:25: [SM] Error (line 0, column 0): Stream failed to open
L 06/22/2017 - 22:32:25: [SM] Fatal error encountered parsing translation file "customvotes.phrases.txt"
L 06/22/2017 - 22:32:25: [SM] Error (line 0, column 0): Stream failed to open
L 06/22/2017 - 22:49:51: [SM] Exception reported: Entity 1 (1) is invalid
L 06/22/2017 - 22:49:51: [SM] Blaming: autodifficultypatch.smx
L 06/22/2017 - 22:49:51: [SM] Call stack trace:
L 06/22/2017 - 22:49:51: [SM]   [0] GetEntPropString
L 06/22/2017 - 22:49:51: [SM]   [1] Line 1823, C:\Users\Ethorbit\Desktop\sourcemodbackup\sourcemod\addons\sourcemod\scripting\autodifficultypatch.sp::FindEntityByTargetName
L 06/22/2017 - 22:49:51: [SM]   [2] Line 846, C:\Users\Ethorbit\Desktop\sourcemodbackup\sourcemod\addons\sourcemod\scripting\autodifficultypatch.sp::UpdateHeadcrab
L 06/22/2017 - 22:49:51: [SM]   [3] Line 26, C:\Users\Ethorbit\Desktop\sourcemodbackup\sourcemod\addons\sourcemod\scripting\autodifficultypatch.sp::OnClientDisconnect_Post
L 06/22/2017 - 23:32:36: Error log file session closed.
L 06/22/2017 - 23:32:36: SourceMod error session started
L 06/22/2017 - 23:32:36: Info (map "dm_thetunnel_v1_m") (file "errors_20170622.log")
L 06/22/2017 - 23:32:36: [SM] Fatal error encountered parsing translation file "savescores.phrases.txt"
L 06/22/2017 - 23:32:36: [SM] Error (line 0, column 0): Stream failed to open
L 06/22/2017 - 23:32:36: [SM] Fatal error encountered parsing translation file "customvotes.phrases.txt"
L 06/22/2017 - 23:32:36: [SM] Error (line 0, column 0): Stream failed to open
