L 05/04/2017 - 00:45:58: SourceMod log file session started (file "L20170504.log") (Version "1.8.0.5973")
L 05/04/2017 - 00:45:58: [mapchooser.smx] Voting for next map has started.
L 05/04/2017 - 00:49:09: [SM] Changed map to "dm_cave_m"
L 05/04/2017 - 00:49:12: -------- Mapchange to dm_cave_m --------
L 05/04/2017 - 00:49:18: [randomcycle.smx] RandomCycle has chosen pb_z_underground_m for the nextmap.
L 05/04/2017 - 01:02:50: SourceMod log file session started (file "L20170504.log") (Version "1.8.0.5973")
L 05/04/2017 - 01:02:50: -------- Mapchange to pb_z_high_school_m --------
L 05/04/2017 - 01:02:51: [savescores.smx] Note: This plugin supports updating via Plugin Autoupdater. Install it if you want to enable auto-update functionality.
L 05/04/2017 - 01:02:57: [randomcycle.smx] RandomCycle has chosen dm_morbid_m for the nextmap.
L 05/04/2017 - 07:34:49: [mapchooser.smx] Starting map vote because outside request
L 05/04/2017 - 07:34:50: [mapchooser.smx] Voting for next map has started.
L 05/04/2017 - 07:34:59: [mapchooser.smx] Voting for next map has finished. Nextmap: pb_z_disorder_m.
L 05/04/2017 - 07:35:01: [SM] Changed map to "pb_z_disorder_m"
L 05/04/2017 - 07:35:05: -------- Mapchange to pb_z_disorder_m --------
L 05/04/2017 - 07:35:16: [randomcycle.smx] RandomCycle has chosen pb_z_office_tower_v2_m for the nextmap.
L 05/04/2017 - 07:57:27: [customvotes.smx] Configuration file addons\sourcemod\configs\customvotes.cfg loaded.
L 05/04/2017 - 08:32:09: [mapchooser.smx] Voting for next map has started.
L 05/04/2017 - 08:35:20: [SM] Changed map to "dm_cave_m"
L 05/04/2017 - 08:35:25: -------- Mapchange to dm_cave_m --------
L 05/04/2017 - 08:35:31: [randomcycle.smx] RandomCycle has chosen pb_z_area51_m for the nextmap.
L 05/04/2017 - 09:32:24: [mapchooser.smx] Voting for next map has started.
L 05/04/2017 - 09:35:35: [SM] Changed map to "pb_z_office_tower_m"
L 05/04/2017 - 09:35:36: -------- Mapchange to pb_z_office_tower_m --------
L 05/04/2017 - 09:35:42: [randomcycle.smx] RandomCycle has chosen pb_z_office_tower_m for the nextmap.
L 05/04/2017 - 10:32:35: [mapchooser.smx] Voting for next map has started.
L 05/04/2017 - 10:35:46: [SM] Changed map to "pb_z_earthquake_m"
L 05/04/2017 - 10:35:47: -------- Mapchange to pb_z_earthquake_m --------
L 05/04/2017 - 10:35:53: [randomcycle.smx] RandomCycle has chosen pb_z_underground_m for the nextmap.
L 05/04/2017 - 11:31:08: [mapchooser.smx] Starting map vote because outside request
L 05/04/2017 - 11:31:08: [mapchooser.smx] Voting for next map has started.
L 05/04/2017 - 11:31:11: [mapchooser.smx] Voting for next map has finished. Nextmap: pb_z_colony_m.
L 05/04/2017 - 11:31:13: [SM] Changed map to "pb_z_colony_m"
L 05/04/2017 - 11:31:18: -------- Mapchange to pb_z_colony_m --------
L 05/04/2017 - 11:31:23: [randomcycle.smx] RandomCycle has chosen dm_cave_m for the nextmap.
L 05/04/2017 - 11:34:57: [customvotes.smx] Configuration file addons\sourcemod\configs\customvotes.cfg loaded.
L 05/04/2017 - 12:28:17: [mapchooser.smx] Voting for next map has started.
L 05/04/2017 - 12:31:27: [SM] Changed map to "pb_z_office_tower_v2_m"
L 05/04/2017 - 12:31:32: -------- Mapchange to pb_z_office_tower_v2_m --------
L 05/04/2017 - 12:31:38: [randomcycle.smx] RandomCycle has chosen dm_hellsdistrict_m for the nextmap.
L 05/04/2017 - 13:05:24: [customvotes.smx] Configuration file addons\sourcemod\configs\customvotes.cfg loaded.
L 05/04/2017 - 13:28:31: [mapchooser.smx] Voting for next map has started.
L 05/04/2017 - 13:31:42: [SM] Changed map to "dm_morbid_m"
L 05/04/2017 - 13:31:44: -------- Mapchange to dm_morbid_m --------
L 05/04/2017 - 13:31:49: [randomcycle.smx] RandomCycle has chosen dm_laststop_m for the nextmap.
L 05/04/2017 - 14:28:42: [mapchooser.smx] Voting for next map has started.
L 05/04/2017 - 14:31:53: [SM] Changed map to "pb_z_industry_m"
L 05/04/2017 - 14:31:53: -------- Mapchange to pb_z_industry_m --------
L 05/04/2017 - 14:31:59: [randomcycle.smx] RandomCycle has chosen dm_morbid_m for the nextmap.
L 05/04/2017 - 15:28:52: [mapchooser.smx] Voting for next map has started.
L 05/04/2017 - 15:32:03: [SM] Changed map to "dm_montana_m"
L 05/04/2017 - 15:32:06: -------- Mapchange to dm_montana_m --------
L 05/04/2017 - 15:32:11: [randomcycle.smx] RandomCycle has chosen dm_mine_entrance_m for the nextmap.
L 05/04/2017 - 16:29:04: [mapchooser.smx] Voting for next map has started.
L 05/04/2017 - 16:32:15: [SM] Changed map to "dm_coldruins_rc1_m"
L 05/04/2017 - 16:32:18: -------- Mapchange to dm_coldruins_rc1_m --------
L 05/04/2017 - 16:32:23: [randomcycle.smx] RandomCycle has chosen pb_z_high_school_m for the nextmap.
L 05/04/2017 - 17:29:17: [mapchooser.smx] Voting for next map has started.
L 05/04/2017 - 17:32:28: [SM] Changed map to "pb_z_office_tower_m"
L 05/04/2017 - 17:32:28: -------- Mapchange to pb_z_office_tower_m --------
L 05/04/2017 - 17:32:33: [randomcycle.smx] RandomCycle has chosen dm_october_m for the nextmap.
L 05/04/2017 - 18:29:26: [mapchooser.smx] Voting for next map has started.
L 05/04/2017 - 18:32:37: [SM] Changed map to "pb_z_high_school_m"
L 05/04/2017 - 18:32:39: -------- Mapchange to pb_z_high_school_m --------
L 05/04/2017 - 18:32:44: [randomcycle.smx] RandomCycle has chosen pb_z_office_tower_m for the nextmap.
L 05/04/2017 - 19:29:37: [mapchooser.smx] Voting for next map has started.
L 05/04/2017 - 19:32:48: [SM] Changed map to "pb_z_earthquake_m"
L 05/04/2017 - 19:32:49: -------- Mapchange to pb_z_earthquake_m --------
L 05/04/2017 - 19:32:54: [randomcycle.smx] RandomCycle has chosen pb_z_earthquake_m for the nextmap.
L 05/04/2017 - 20:29:48: [mapchooser.smx] Voting for next map has started.
L 05/04/2017 - 20:32:59: [SM] Changed map to "pb_z_office_tower_v2_m"
L 05/04/2017 - 20:33:00: -------- Mapchange to pb_z_office_tower_v2_m --------
L 05/04/2017 - 20:33:05: [randomcycle.smx] RandomCycle has chosen pb_z_industry_m for the nextmap.
L 05/04/2017 - 21:29:58: [mapchooser.smx] Voting for next map has started.
L 05/04/2017 - 21:33:09: [SM] Changed map to "dm_cave_m"
L 05/04/2017 - 21:33:10: -------- Mapchange to dm_cave_m --------
L 05/04/2017 - 21:33:15: [randomcycle.smx] RandomCycle has chosen dm_morbid_m for the nextmap.
L 05/04/2017 - 22:30:08: [mapchooser.smx] Voting for next map has started.
L 05/04/2017 - 22:33:19: [SM] Changed map to "dm_laststop_m"
L 05/04/2017 - 22:33:20: -------- Mapchange to dm_laststop_m --------
L 05/04/2017 - 22:33:25: [randomcycle.smx] RandomCycle has chosen pb_z_colony_m for the nextmap.
L 05/04/2017 - 23:30:18: [mapchooser.smx] Voting for next map has started.
L 05/04/2017 - 23:33:29: [SM] Changed map to "dm_coldruins_rc1_m"
L 05/04/2017 - 23:33:30: -------- Mapchange to dm_coldruins_rc1_m --------
L 05/04/2017 - 23:33:35: [randomcycle.smx] RandomCycle has chosen dm_laststop_m for the nextmap.
