L 05/13/2017 - 00:33:55: SourceMod log file session started (file "L20170513.log") (Version "1.8.0.5973")
L 05/13/2017 - 00:33:55: [mapchooser.smx] Voting for next map has started.
L 05/13/2017 - 00:37:05: [SM] Changed map to "dm_laststop_m"
L 05/13/2017 - 00:37:07: -------- Mapchange to dm_laststop_m --------
L 05/13/2017 - 00:37:12: [randomcycle.smx] RandomCycle has chosen dm_morbid_m for the nextmap.
L 05/13/2017 - 01:34:05: [mapchooser.smx] Voting for next map has started.
L 05/13/2017 - 01:36:01: SourceMod log file session started (file "L20170513.log") (Version "1.8.0.5973")
L 05/13/2017 - 01:36:01: -------- Mapchange to pb_z_high_school_m --------
L 05/13/2017 - 01:36:02: [savescores.smx] Note: This plugin supports updating via Plugin Autoupdater. Install it if you want to enable auto-update functionality.
L 05/13/2017 - 01:36:04: [UPDATER] Successfully updated gamedata file "sm-cstrike.games/game.csgo.txt"
L 05/13/2017 - 01:36:04: [UPDATER] Successfully updated gamedata file "sdktools.games/engine.csgo.txt"
L 05/13/2017 - 01:36:04: [UPDATER] SourceMod has been updated, please reload it or restart your server.
L 05/13/2017 - 01:36:09: [randomcycle.smx] RandomCycle has chosen pb_z_industry_m for the nextmap.
L 05/13/2017 - 06:06:35: [mapchooser.smx] Voting for next map has started.
L 05/13/2017 - 06:09:46: [SM] Changed map to "dm_cave_m"
L 05/13/2017 - 06:09:49: -------- Mapchange to dm_cave_m --------
L 05/13/2017 - 06:09:55: [randomcycle.smx] RandomCycle has chosen pb_z_office_tower_v2_m for the nextmap.
L 05/13/2017 - 07:06:48: [mapchooser.smx] Voting for next map has started.
L 05/13/2017 - 07:09:59: [SM] Changed map to "pb_z_area51_m"
L 05/13/2017 - 07:10:01: -------- Mapchange to pb_z_area51_m --------
L 05/13/2017 - 07:10:06: [randomcycle.smx] RandomCycle has chosen dm_raven_m for the nextmap.
L 05/13/2017 - 08:06:59: [mapchooser.smx] Voting for next map has started.
L 05/13/2017 - 08:10:10: [SM] Changed map to "pb_z_underground_m"
L 05/13/2017 - 08:10:11: -------- Mapchange to pb_z_underground_m --------
L 05/13/2017 - 08:10:17: [randomcycle.smx] RandomCycle has chosen dm_montana_m for the nextmap.
L 05/13/2017 - 09:07:10: [mapchooser.smx] Voting for next map has started.
L 05/13/2017 - 09:10:21: [SM] Changed map to "pb_z_earthquake_m"
L 05/13/2017 - 09:10:22: -------- Mapchange to pb_z_earthquake_m --------
L 05/13/2017 - 09:10:27: [randomcycle.smx] RandomCycle has chosen pb_z_disorder_m for the nextmap.
L 05/13/2017 - 10:07:20: [mapchooser.smx] Voting for next map has started.
L 05/13/2017 - 10:10:31: [SM] Changed map to "dm_hellsdistrict_m"
L 05/13/2017 - 10:10:32: -------- Mapchange to dm_hellsdistrict_m --------
L 05/13/2017 - 10:10:37: [randomcycle.smx] RandomCycle has chosen dm_hellsdistrict_m for the nextmap.
L 05/13/2017 - 11:07:30: [mapchooser.smx] Voting for next map has started.
L 05/13/2017 - 11:10:41: [SM] Changed map to "pb_z_industry_m"
L 05/13/2017 - 11:10:42: -------- Mapchange to pb_z_industry_m --------
L 05/13/2017 - 11:10:47: [randomcycle.smx] RandomCycle has chosen dm_mine_entrance_m for the nextmap.
L 05/13/2017 - 12:07:40: [mapchooser.smx] Voting for next map has started.
L 05/13/2017 - 12:10:51: [SM] Changed map to "dm_raven_m"
L 05/13/2017 - 12:10:53: -------- Mapchange to dm_raven_m --------
L 05/13/2017 - 12:10:55: SourceMod log file session started (file "L20170513.log") (Version "1.8.0.5973")
L 05/13/2017 - 12:10:55: -------- Mapchange to pb_z_high_school_m --------
L 05/13/2017 - 12:10:56: [savescores.smx] Note: This plugin supports updating via Plugin Autoupdater. Install it if you want to enable auto-update functionality.
L 05/13/2017 - 12:10:56: [UPDATER] Successfully updated gamedata file "sm-cstrike.games/game.csgo.txt"
L 05/13/2017 - 12:10:56: [UPDATER] SourceMod has been updated, please reload it or restart your server.
L 05/13/2017 - 12:11:01: [randomcycle.smx] RandomCycle has chosen pb_z_office_tower_m for the nextmap.
L 05/13/2017 - 13:52:39: [customvotes.smx] Configuration file addons\sourcemod\configs\customvotes.cfg loaded.
L 05/13/2017 - 14:00:33: [customvotes.smx] Configuration file addons\sourcemod\configs\customvotes.cfg loaded.
L 05/13/2017 - 14:01:26: [mapchooser.smx] Starting map vote because outside request
L 05/13/2017 - 14:01:26: [mapchooser.smx] Voting for next map has started.
L 05/13/2017 - 14:01:32: [mapchooser.smx] Voting for next map has finished. Nextmap: pb_z_earthquake_m.
L 05/13/2017 - 14:01:34: [SM] Changed map to "pb_z_earthquake_m"
L 05/13/2017 - 14:01:35: -------- Mapchange to pb_z_earthquake_m --------
L 05/13/2017 - 14:01:40: [randomcycle.smx] RandomCycle has chosen dm_mine_entrance_m for the nextmap.
L 05/13/2017 - 14:05:28: [customvotes.smx] Configuration file addons\sourcemod\configs\customvotes.cfg loaded.
L 05/13/2017 - 14:58:33: [mapchooser.smx] Voting for next map has started.
L 05/13/2017 - 15:01:44: [SM] Changed map to "dm_hellsdistrict_m"
L 05/13/2017 - 15:01:44: -------- Mapchange to dm_hellsdistrict_m --------
L 05/13/2017 - 15:01:50: [randomcycle.smx] RandomCycle has chosen dm_coldruins_rc1_m for the nextmap.
L 05/13/2017 - 15:21:37: [mapchooser.smx] Starting map vote because outside request
L 05/13/2017 - 15:21:37: [mapchooser.smx] Voting for next map has started.
L 05/13/2017 - 15:21:46: [mapchooser.smx] Voting for next map has finished. Nextmap: pb_z_disorder_m.
L 05/13/2017 - 15:21:48: [SM] Changed map to "pb_z_disorder_m"
L 05/13/2017 - 15:21:50: -------- Mapchange to pb_z_disorder_m --------
L 05/13/2017 - 15:21:55: [randomcycle.smx] RandomCycle has chosen pb_z_area51_m for the nextmap.
L 05/13/2017 - 16:18:51: [mapchooser.smx] Voting for next map has started.
L 05/13/2017 - 16:22:02: [SM] Changed map to "pb_z_underground_m"
L 05/13/2017 - 16:22:03: -------- Mapchange to pb_z_underground_m --------
L 05/13/2017 - 16:22:08: [randomcycle.smx] RandomCycle has chosen pb_z_disorder_m for the nextmap.
L 05/13/2017 - 17:19:01: [mapchooser.smx] Voting for next map has started.
L 05/13/2017 - 17:22:12: [SM] Changed map to "dm_cave_m"
L 05/13/2017 - 17:22:12: -------- Mapchange to dm_cave_m --------
L 05/13/2017 - 17:22:17: [randomcycle.smx] RandomCycle has chosen pb_z_office_tower_v2_m for the nextmap.
L 05/13/2017 - 18:19:10: [mapchooser.smx] Voting for next map has started.
L 05/13/2017 - 18:22:21: [SM] Changed map to "dm_mine_entrance_m"
L 05/13/2017 - 18:22:22: -------- Mapchange to dm_mine_entrance_m --------
L 05/13/2017 - 18:22:27: [randomcycle.smx] RandomCycle has chosen dm_morbid_m for the nextmap.
L 05/13/2017 - 19:19:21: [mapchooser.smx] Voting for next map has started.
L 05/13/2017 - 19:19:41: [mapchooser.smx] Voting for next map has finished. Nextmap: dm_october_m.
L 05/13/2017 - 19:22:31: [SM] Changed map to "dm_october_m"
L 05/13/2017 - 19:22:32: -------- Mapchange to dm_october_m --------
L 05/13/2017 - 19:22:38: [randomcycle.smx] RandomCycle has chosen pb_z_underground_m for the nextmap.
L 05/13/2017 - 19:23:09: [customvotes.smx] Configuration file addons\sourcemod\configs\customvotes.cfg loaded.
L 05/13/2017 - 20:19:32: [mapchooser.smx] Voting for next map has started.
L 05/13/2017 - 20:22:42: [SM] Changed map to "pb_z_high_school_m"
L 05/13/2017 - 20:22:43: -------- Mapchange to pb_z_high_school_m --------
L 05/13/2017 - 20:22:48: [randomcycle.smx] RandomCycle has chosen dm_laststop_m for the nextmap.
L 05/13/2017 - 21:19:41: [mapchooser.smx] Voting for next map has started.
L 05/13/2017 - 21:22:52: [SM] Changed map to "pb_z_office_tower_v2_m"
L 05/13/2017 - 21:22:57: -------- Mapchange to pb_z_office_tower_v2_m --------
L 05/13/2017 - 21:23:02: [randomcycle.smx] RandomCycle has chosen pb_z_industry_m for the nextmap.
L 05/13/2017 - 22:19:55: [mapchooser.smx] Voting for next map has started.
L 05/13/2017 - 22:23:06: [SM] Changed map to "pb_z_industry_m"
L 05/13/2017 - 22:23:06: -------- Mapchange to pb_z_industry_m --------
L 05/13/2017 - 22:23:11: [randomcycle.smx] RandomCycle has chosen dm_montana_m for the nextmap.
L 05/13/2017 - 23:20:05: [mapchooser.smx] Voting for next map has started.
L 05/13/2017 - 23:23:15: [SM] Changed map to "dm_laststop_m"
L 05/13/2017 - 23:23:17: -------- Mapchange to dm_laststop_m --------
L 05/13/2017 - 23:23:22: [randomcycle.smx] RandomCycle has chosen pb_z_earthquake_m for the nextmap.
