L 05/26/2017 - 00:11:25: SourceMod log file session started (file "L20170526.log") (Version "1.8.0.5973")
L 05/26/2017 - 00:11:25: [mapchooser.smx] Voting for next map has started.
L 05/26/2017 - 00:14:36: [SM] Changed map to "pb_z_underground_m"
L 05/26/2017 - 00:14:36: -------- Mapchange to pb_z_underground_m --------
L 05/26/2017 - 00:14:41: [randomcycle.smx] RandomCycle has chosen pb_z_disorder_m for the nextmap.
L 05/26/2017 - 01:11:35: [mapchooser.smx] Voting for next map has started.
L 05/26/2017 - 01:14:45: [SM] Changed map to "pb_z_area51_m"
L 05/26/2017 - 01:14:47: -------- Mapchange to pb_z_area51_m --------
L 05/26/2017 - 01:14:53: [randomcycle.smx] RandomCycle has chosen dm_coldruins_rc1_m for the nextmap.
L 05/26/2017 - 01:21:03: SourceMod log file session started (file "L20170526.log") (Version "1.8.0.5973")
L 05/26/2017 - 01:21:03: -------- Mapchange to pb_z_high_school_m --------
L 05/26/2017 - 01:21:03: [savescores.smx] Note: This plugin supports updating via Plugin Autoupdater. Install it if you want to enable auto-update functionality.
L 05/26/2017 - 01:21:10: [randomcycle.smx] RandomCycle has chosen dm_morbid_m for the nextmap.
L 05/26/2017 - 04:25:44: [mapchooser.smx] Voting for next map has started.
L 05/26/2017 - 04:28:55: [SM] Changed map to "pb_z_office_tower_v2_m"
L 05/26/2017 - 04:28:59: -------- Mapchange to pb_z_office_tower_v2_m --------
L 05/26/2017 - 04:29:04: [randomcycle.smx] RandomCycle has chosen pb_z_colony_m for the nextmap.
L 05/26/2017 - 05:25:58: [mapchooser.smx] Voting for next map has started.
L 05/26/2017 - 05:29:08: [SM] Changed map to "dm_mine_entrance_m"
L 05/26/2017 - 05:29:09: -------- Mapchange to dm_mine_entrance_m --------
L 05/26/2017 - 05:29:15: [randomcycle.smx] RandomCycle has chosen dm_raven_m for the nextmap.
L 05/26/2017 - 06:26:08: [mapchooser.smx] Voting for next map has started.
L 05/26/2017 - 06:29:19: [SM] Changed map to "dm_morbid_m"
L 05/26/2017 - 06:29:19: -------- Mapchange to dm_morbid_m --------
L 05/26/2017 - 06:29:25: [randomcycle.smx] RandomCycle has chosen pb_z_underground_m for the nextmap.
L 05/26/2017 - 07:26:18: [mapchooser.smx] Voting for next map has started.
L 05/26/2017 - 07:29:29: [SM] Changed map to "dm_october_m"
L 05/26/2017 - 07:29:29: -------- Mapchange to dm_october_m --------
L 05/26/2017 - 07:29:35: [randomcycle.smx] RandomCycle has chosen pb_z_earthquake_m for the nextmap.
L 05/26/2017 - 08:17:29: [mapchooser.smx] Starting map vote because outside request
L 05/26/2017 - 08:17:29: [mapchooser.smx] Voting for next map has started.
L 05/26/2017 - 08:17:35: [mapchooser.smx] Voting for next map has finished. Nextmap: pb_z_earthquake_m.
L 05/26/2017 - 08:17:37: [SM] Changed map to "pb_z_earthquake_m"
L 05/26/2017 - 08:17:38: -------- Mapchange to pb_z_earthquake_m --------
L 05/26/2017 - 08:17:43: [randomcycle.smx] RandomCycle has chosen dm_mine_entrance_m for the nextmap.
L 05/26/2017 - 08:22:54: [customvotes.smx] Configuration file addons\sourcemod\configs\customvotes.cfg loaded.
L 05/26/2017 - 08:27:50: [customvotes.smx] Configuration file addons\sourcemod\configs\customvotes.cfg loaded.
L 05/26/2017 - 09:14:36: [mapchooser.smx] Voting for next map has started.
L 05/26/2017 - 09:17:47: [SM] Changed map to "dm_cave_m"
L 05/26/2017 - 09:17:47: -------- Mapchange to dm_cave_m --------
L 05/26/2017 - 09:17:52: [randomcycle.smx] RandomCycle has chosen pb_z_high_school_m for the nextmap.
L 05/26/2017 - 10:14:45: [mapchooser.smx] Voting for next map has started.
L 05/26/2017 - 10:17:56: [SM] Changed map to "dm_hellsdistrict_m"
L 05/26/2017 - 10:18:06: -------- Mapchange to dm_hellsdistrict_m --------
L 05/26/2017 - 10:18:16: [randomcycle.smx] RandomCycle has chosen pb_z_office_tower_v2_m for the nextmap.
L 05/26/2017 - 11:15:10: [mapchooser.smx] Voting for next map has started.
L 05/26/2017 - 11:18:20: [SM] Changed map to "pb_z_disorder_m"
L 05/26/2017 - 11:18:23: -------- Mapchange to pb_z_disorder_m --------
L 05/26/2017 - 11:18:28: [randomcycle.smx] RandomCycle has chosen dm_october_m for the nextmap.
L 05/26/2017 - 12:15:21: [mapchooser.smx] Voting for next map has started.
L 05/26/2017 - 12:18:32: [SM] Changed map to "dm_mine_entrance_m"
L 05/26/2017 - 12:18:33: -------- Mapchange to dm_mine_entrance_m --------
L 05/26/2017 - 12:18:39: [randomcycle.smx] RandomCycle has chosen pb_z_disorder_m for the nextmap.
L 05/26/2017 - 13:15:32: [mapchooser.smx] Voting for next map has started.
L 05/26/2017 - 13:18:43: [SM] Changed map to "dm_laststop_m"
L 05/26/2017 - 13:18:45: -------- Mapchange to dm_laststop_m --------
L 05/26/2017 - 13:18:50: [randomcycle.smx] RandomCycle has chosen pb_z_earthquake_m for the nextmap.
L 05/26/2017 - 14:15:43: [mapchooser.smx] Voting for next map has started.
L 05/26/2017 - 14:18:54: [SM] Changed map to "pb_z_office_tower_v2_m"
L 05/26/2017 - 14:18:59: -------- Mapchange to pb_z_office_tower_v2_m --------
L 05/26/2017 - 14:19:05: [randomcycle.smx] RandomCycle has chosen dm_laststop_m for the nextmap.
L 05/26/2017 - 15:15:58: [mapchooser.smx] Voting for next map has started.
L 05/26/2017 - 15:19:09: [SM] Changed map to "pb_z_industry_m"
L 05/26/2017 - 15:19:09: -------- Mapchange to pb_z_industry_m --------
L 05/26/2017 - 15:19:14: [randomcycle.smx] RandomCycle has chosen pb_z_industry_m for the nextmap.
L 05/26/2017 - 16:16:07: [mapchooser.smx] Voting for next map has started.
L 05/26/2017 - 16:19:18: [SM] Changed map to "pb_z_earthquake_m"
L 05/26/2017 - 16:19:20: -------- Mapchange to pb_z_earthquake_m --------
L 05/26/2017 - 16:19:25: [randomcycle.smx] RandomCycle has chosen pb_z_underground_m for the nextmap.
L 05/26/2017 - 16:44:32: [customvotes.smx] Configuration file addons\sourcemod\configs\customvotes.cfg loaded.
L 05/26/2017 - 17:16:18: [mapchooser.smx] Voting for next map has started.
L 05/26/2017 - 17:19:29: [SM] Changed map to "dm_coldruins_rc1_m"
L 05/26/2017 - 17:19:31: -------- Mapchange to dm_coldruins_rc1_m --------
L 05/26/2017 - 17:19:37: [randomcycle.smx] RandomCycle has chosen dm_hellsdistrict_m for the nextmap.
L 05/26/2017 - 18:16:30: [mapchooser.smx] Voting for next map has started.
L 05/26/2017 - 18:19:41: [SM] Changed map to "dm_montana_m"
L 05/26/2017 - 18:19:44: -------- Mapchange to dm_montana_m --------
L 05/26/2017 - 18:19:49: [randomcycle.smx] RandomCycle has chosen pb_z_office_tower_m for the nextmap.
L 05/26/2017 - 19:16:42: [mapchooser.smx] Voting for next map has started.
L 05/26/2017 - 19:19:53: [SM] Changed map to "pb_z_office_tower_m"
L 05/26/2017 - 19:19:54: -------- Mapchange to pb_z_office_tower_m --------
L 05/26/2017 - 19:19:59: [randomcycle.smx] RandomCycle has chosen pb_z_area51_m for the nextmap.
L 05/26/2017 - 20:16:53: [mapchooser.smx] Voting for next map has started.
L 05/26/2017 - 20:20:03: [SM] Changed map to "pb_z_high_school_m"
L 05/26/2017 - 20:20:05: -------- Mapchange to pb_z_high_school_m --------
L 05/26/2017 - 20:20:11: [randomcycle.smx] RandomCycle has chosen pb_z_high_school_m for the nextmap.
L 05/26/2017 - 21:17:04: [mapchooser.smx] Voting for next map has started.
L 05/26/2017 - 21:20:15: [SM] Changed map to "pb_z_underground_m"
L 05/26/2017 - 21:20:16: -------- Mapchange to pb_z_underground_m --------
L 05/26/2017 - 21:20:21: [randomcycle.smx] RandomCycle has chosen dm_laststop_m for the nextmap.
L 05/26/2017 - 22:17:14: [mapchooser.smx] Voting for next map has started.
L 05/26/2017 - 22:20:25: [SM] Changed map to "pb_z_area51_m"
L 05/26/2017 - 22:20:27: -------- Mapchange to pb_z_area51_m --------
L 05/26/2017 - 22:20:32: [randomcycle.smx] RandomCycle has chosen pb_z_underground_m for the nextmap.
L 05/26/2017 - 23:17:25: [mapchooser.smx] Voting for next map has started.
L 05/26/2017 - 23:20:36: [SM] Changed map to "pb_z_earthquake_m"
L 05/26/2017 - 23:20:36: -------- Mapchange to pb_z_earthquake_m --------
L 05/26/2017 - 23:20:42: [randomcycle.smx] RandomCycle has chosen dm_morbid_m for the nextmap.
