L 05/14/2017 - 00:20:15: SourceMod log file session started (file "L20170514.log") (Version "1.8.0.5973")
L 05/14/2017 - 00:20:15: [mapchooser.smx] Voting for next map has started.
L 05/14/2017 - 00:23:26: [SM] Changed map to "dm_raven_m"
L 05/14/2017 - 00:23:26: -------- Mapchange to dm_raven_m --------
L 05/14/2017 - 00:23:32: [randomcycle.smx] RandomCycle has chosen pb_z_area51_m for the nextmap.
L 05/14/2017 - 01:20:33: [mapchooser.smx] Voting for next map has started.
L 05/14/2017 - 01:21:05: SourceMod log file session started (file "L20170514.log") (Version "1.8.0.5973")
L 05/14/2017 - 01:21:05: -------- Mapchange to pb_z_high_school_m --------
L 05/14/2017 - 01:21:05: [savescores.smx] Note: This plugin supports updating via Plugin Autoupdater. Install it if you want to enable auto-update functionality.
L 05/14/2017 - 01:21:11: [randomcycle.smx] RandomCycle has chosen dm_morbid_m for the nextmap.
L 05/14/2017 - 11:36:12: [mapchooser.smx] Voting for next map has started.
L 05/14/2017 - 11:39:22: [SM] Changed map to "pb_z_colony_m"
L 05/14/2017 - 11:39:28: -------- Mapchange to pb_z_colony_m --------
L 05/14/2017 - 11:39:37: [randomcycle.smx] RandomCycle has chosen dm_mine_entrance_m for the nextmap.
L 05/14/2017 - 12:36:30: [mapchooser.smx] Voting for next map has started.
L 05/14/2017 - 12:39:41: [SM] Changed map to "dm_october_m"
L 05/14/2017 - 12:39:42: -------- Mapchange to dm_october_m --------
L 05/14/2017 - 12:39:48: [randomcycle.smx] RandomCycle has chosen pb_z_underground_m for the nextmap.
L 05/14/2017 - 13:23:35: [customvotes.smx] Configuration file addons\sourcemod\configs\customvotes.cfg loaded.
L 05/14/2017 - 13:36:41: [mapchooser.smx] Voting for next map has started.
L 05/14/2017 - 13:36:49: [mapchooser.smx] Voting for next map has finished. Nextmap: pb_z_disorder_m.
L 05/14/2017 - 13:39:52: [SM] Changed map to "pb_z_disorder_m"
L 05/14/2017 - 13:39:54: -------- Mapchange to pb_z_disorder_m --------
L 05/14/2017 - 13:40:00: [randomcycle.smx] RandomCycle has chosen pb_z_industry_m for the nextmap.
L 05/14/2017 - 13:46:46: [mapchooser.smx] Starting map vote because outside request
L 05/14/2017 - 13:46:46: [mapchooser.smx] Voting for next map has started.
L 05/14/2017 - 13:46:52: [mapchooser.smx] Voting for next map has finished. Nextmap: pb_z_underground_m.
L 05/14/2017 - 13:46:54: [SM] Changed map to "pb_z_underground_m"
L 05/14/2017 - 13:46:55: -------- Mapchange to pb_z_underground_m --------
L 05/14/2017 - 13:47:00: [randomcycle.smx] RandomCycle has chosen pb_z_office_tower_m for the nextmap.
L 05/14/2017 - 14:43:54: [mapchooser.smx] Voting for next map has started.
L 05/14/2017 - 14:47:05: [SM] Changed map to "dm_cave_m"
L 05/14/2017 - 14:47:07: -------- Mapchange to dm_cave_m --------
L 05/14/2017 - 14:47:13: [randomcycle.smx] RandomCycle has chosen pb_z_earthquake_m for the nextmap.
L 05/14/2017 - 14:52:34: [mapchooser.smx] Starting map vote because outside request
L 05/14/2017 - 14:52:34: [mapchooser.smx] Voting for next map has started.
L 05/14/2017 - 14:52:38: [mapchooser.smx] Voting for next map has finished. Nextmap: pb_z_area51_m.
L 05/14/2017 - 14:52:40: [SM] Changed map to "pb_z_area51_m"
L 05/14/2017 - 14:52:43: -------- Mapchange to pb_z_area51_m --------
L 05/14/2017 - 14:52:48: [randomcycle.smx] RandomCycle has chosen dm_raven_m for the nextmap.
L 05/14/2017 - 14:58:20: [customvotes.smx] Configuration file addons\sourcemod\configs\customvotes.cfg loaded.
L 05/14/2017 - 15:49:42: [mapchooser.smx] Voting for next map has started.
L 05/14/2017 - 15:52:52: [SM] Changed map to "dm_coldruins_rc1_m"
L 05/14/2017 - 15:52:55: -------- Mapchange to dm_coldruins_rc1_m --------
L 05/14/2017 - 15:53:00: [randomcycle.smx] RandomCycle has chosen dm_october_m for the nextmap.
L 05/14/2017 - 16:49:53: [mapchooser.smx] Voting for next map has started.
L 05/14/2017 - 16:53:04: [SM] Changed map to "dm_laststop_m"
L 05/14/2017 - 16:53:06: -------- Mapchange to dm_laststop_m --------
L 05/14/2017 - 16:53:11: [randomcycle.smx] RandomCycle has chosen pb_z_office_tower_v2_m for the nextmap.
L 05/14/2017 - 17:50:04: [mapchooser.smx] Voting for next map has started.
L 05/14/2017 - 17:53:15: [SM] Changed map to "dm_raven_m"
L 05/14/2017 - 17:53:16: -------- Mapchange to dm_raven_m --------
L 05/14/2017 - 17:53:21: [randomcycle.smx] RandomCycle has chosen dm_mine_entrance_m for the nextmap.
L 05/14/2017 - 18:50:14: [mapchooser.smx] Voting for next map has started.
L 05/14/2017 - 18:53:25: [SM] Changed map to "dm_october_m"
L 05/14/2017 - 18:53:25: -------- Mapchange to dm_october_m --------
L 05/14/2017 - 18:53:31: [randomcycle.smx] RandomCycle has chosen dm_montana_m for the nextmap.
L 05/14/2017 - 19:50:24: [mapchooser.smx] Voting for next map has started.
L 05/14/2017 - 19:53:35: [SM] Changed map to "dm_montana_m"
L 05/14/2017 - 19:53:37: -------- Mapchange to dm_montana_m --------
L 05/14/2017 - 19:53:43: [randomcycle.smx] RandomCycle has chosen pb_z_disorder_m for the nextmap.
L 05/14/2017 - 20:50:36: [mapchooser.smx] Voting for next map has started.
L 05/14/2017 - 20:53:47: [SM] Changed map to "dm_hellsdistrict_m"
L 05/14/2017 - 20:53:48: -------- Mapchange to dm_hellsdistrict_m --------
L 05/14/2017 - 20:53:53: [randomcycle.smx] RandomCycle has chosen dm_raven_m for the nextmap.
L 05/14/2017 - 21:50:46: [mapchooser.smx] Voting for next map has started.
L 05/14/2017 - 21:53:57: [SM] Changed map to "pb_z_disorder_m"
L 05/14/2017 - 21:53:57: -------- Mapchange to pb_z_disorder_m --------
L 05/14/2017 - 21:54:02: [randomcycle.smx] RandomCycle has chosen dm_coldruins_rc1_m for the nextmap.
L 05/14/2017 - 22:50:55: [mapchooser.smx] Voting for next map has started.
L 05/14/2017 - 22:54:06: [SM] Changed map to "dm_coldruins_rc1_m"
L 05/14/2017 - 22:54:07: -------- Mapchange to dm_coldruins_rc1_m --------
L 05/14/2017 - 22:54:12: [randomcycle.smx] RandomCycle has chosen dm_hellsdistrict_m for the nextmap.
L 05/14/2017 - 23:51:05: [mapchooser.smx] Voting for next map has started.
L 05/14/2017 - 23:54:16: [SM] Changed map to "dm_cave_m"
L 05/14/2017 - 23:54:16: -------- Mapchange to dm_cave_m --------
L 05/14/2017 - 23:54:21: [randomcycle.smx] RandomCycle has chosen pb_z_industry_m for the nextmap.
