L 05/30/2017 - 00:30:07: SourceMod log file session started (file "L20170530.log") (Version "1.8.0.5973")
L 05/30/2017 - 00:30:07: [mapchooser.smx] Voting for next map has started.
L 05/30/2017 - 00:33:18: [SM] Changed map to "dm_morbid_m"
L 05/30/2017 - 00:33:18: -------- Mapchange to dm_morbid_m --------
L 05/30/2017 - 00:33:19: [customvotes.smx] Configuration file addons\sourcemod\configs\customvotes.cfg loaded.
L 05/30/2017 - 00:33:24: [randomcycle.smx] RandomCycle has chosen pb_z_high_school_m for the nextmap.
L 05/30/2017 - 01:16:02: SourceMod log file session started (file "L20170530.log") (Version "1.8.0.5973")
L 05/30/2017 - 01:16:02: -------- Mapchange to pb_z_high_school_m --------
L 05/30/2017 - 01:16:02: [savescores.smx] Note: This plugin supports updating via Plugin Autoupdater. Install it if you want to enable auto-update functionality.
L 05/30/2017 - 01:16:04: [customvotes.smx] Configuration file addons\sourcemod\configs\customvotes.cfg loaded.
L 05/30/2017 - 01:16:09: [randomcycle.smx] RandomCycle has chosen pb_z_high_school_m for the nextmap.
L 05/30/2017 - 04:49:54: [mapchooser.smx] Voting for next map has started.
L 05/30/2017 - 04:53:05: [SM] Changed map to "dm_laststop_m"
L 05/30/2017 - 04:53:07: -------- Mapchange to dm_laststop_m --------
L 05/30/2017 - 04:53:07: [customvotes.smx] Configuration file addons\sourcemod\configs\customvotes.cfg loaded.
L 05/30/2017 - 04:53:12: [randomcycle.smx] RandomCycle has chosen pb_z_underground_m for the nextmap.
L 05/30/2017 - 05:50:06: [mapchooser.smx] Voting for next map has started.
L 05/30/2017 - 05:50:26: [mapchooser.smx] Voting for next map has finished. Nextmap: pb_z_earthquake_m.
L 05/30/2017 - 05:53:17: [SM] Changed map to "pb_z_earthquake_m"
L 05/30/2017 - 05:53:20: -------- Mapchange to pb_z_earthquake_m --------
L 05/30/2017 - 05:53:29: [customvotes.smx] Configuration file addons\sourcemod\configs\customvotes.cfg loaded.
L 05/30/2017 - 05:53:34: [randomcycle.smx] RandomCycle has chosen dm_october_m for the nextmap.
L 05/30/2017 - 06:09:21: [mapchooser.smx] Starting map vote because outside request
L 05/30/2017 - 06:09:21: [mapchooser.smx] Voting for next map has started.
L 05/30/2017 - 06:09:41: [mapchooser.smx] Voting for next map has finished. Nextmap: pb_z_office_tower_v2_m.
L 05/30/2017 - 06:09:43: [SM] Changed map to "pb_z_office_tower_v2_m"
L 05/30/2017 - 06:09:48: -------- Mapchange to pb_z_office_tower_v2_m --------
L 05/30/2017 - 06:09:49: [customvotes.smx] Configuration file addons\sourcemod\configs\customvotes.cfg loaded.
L 05/30/2017 - 06:09:54: [randomcycle.smx] RandomCycle has chosen dm_laststop_m for the nextmap.
L 05/30/2017 - 06:15:33: [mapchooser.smx] Starting map vote because outside request
L 05/30/2017 - 06:15:33: [mapchooser.smx] Voting for next map has started.
L 05/30/2017 - 07:09:58: [SM] Changed map to "dm_morbid_m"
L 05/30/2017 - 07:10:00: -------- Mapchange to dm_morbid_m --------
L 05/30/2017 - 07:10:00: [customvotes.smx] Configuration file addons\sourcemod\configs\customvotes.cfg loaded.
L 05/30/2017 - 07:10:05: [randomcycle.smx] RandomCycle has chosen dm_raven_m for the nextmap.
L 05/30/2017 - 07:24:31: [mapchooser.smx] Starting map vote because outside request
L 05/30/2017 - 07:24:31: [mapchooser.smx] Voting for next map has started.
L 05/30/2017 - 07:29:13: [rockthevote.smx] RTV changing map manually
L 05/30/2017 - 07:29:13: [SM] Changed map to "pb_z_disorder_m"
L 05/30/2017 - 07:29:15: -------- Mapchange to pb_z_disorder_m --------
L 05/30/2017 - 07:29:15: [customvotes.smx] Configuration file addons\sourcemod\configs\customvotes.cfg loaded.
L 05/30/2017 - 07:29:20: [randomcycle.smx] RandomCycle has chosen dm_coldruins_rc1_m for the nextmap.
L 05/30/2017 - 07:31:16: [mapchooser.smx] Starting map vote because outside request
L 05/30/2017 - 07:31:16: [mapchooser.smx] Voting for next map has started.
L 05/30/2017 - 07:31:24: [mapchooser.smx] Voting for next map has finished. Nextmap: dm_mine_entrance_m.
L 05/30/2017 - 07:31:26: [SM] Changed map to "dm_mine_entrance_m"
L 05/30/2017 - 07:31:27: -------- Mapchange to dm_mine_entrance_m --------
L 05/30/2017 - 07:31:28: [customvotes.smx] Configuration file addons\sourcemod\configs\customvotes.cfg loaded.
L 05/30/2017 - 07:31:33: [randomcycle.smx] RandomCycle has chosen dm_montana_m for the nextmap.
L 05/30/2017 - 07:37:28: [mapchooser.smx] Starting map vote because outside request
L 05/30/2017 - 07:37:28: [mapchooser.smx] Voting for next map has started.
L 05/30/2017 - 07:37:35: [mapchooser.smx] Voting for next map has finished. Nextmap: pb_z_office_tower_m.
L 05/30/2017 - 07:37:37: [SM] Changed map to "pb_z_office_tower_m"
L 05/30/2017 - 07:37:39: -------- Mapchange to pb_z_office_tower_m --------
L 05/30/2017 - 07:37:39: [customvotes.smx] Configuration file addons\sourcemod\configs\customvotes.cfg loaded.
L 05/30/2017 - 07:37:44: [randomcycle.smx] RandomCycle has chosen pb_z_colony_m for the nextmap.
L 05/30/2017 - 07:39:57: [mapchooser.smx] Starting map vote because outside request
L 05/30/2017 - 07:39:57: [mapchooser.smx] Voting for next map has started.
L 05/30/2017 - 07:40:05: [mapchooser.smx] Voting for next map has finished. Nextmap: pb_z_high_school_m.
L 05/30/2017 - 07:40:07: [SM] Changed map to "pb_z_high_school_m"
L 05/30/2017 - 07:40:09: -------- Mapchange to pb_z_high_school_m --------
L 05/30/2017 - 07:40:09: [customvotes.smx] Configuration file addons\sourcemod\configs\customvotes.cfg loaded.
L 05/30/2017 - 07:40:15: [randomcycle.smx] RandomCycle has chosen dm_morbid_m for the nextmap.
L 05/30/2017 - 08:02:28: [customvotes.smx] Configuration file addons\sourcemod\configs\customvotes.cfg loaded.
L 05/30/2017 - 08:15:03: [customvotes.smx] Configuration file addons\sourcemod\configs\customvotes.cfg loaded.
L 05/30/2017 - 08:34:33: [customvotes.smx] Configuration file addons\sourcemod\configs\customvotes.cfg loaded.
L 05/30/2017 - 08:37:08: [mapchooser.smx] Voting for next map has started.
L 05/30/2017 - 08:40:19: [SM] Changed map to "pb_z_area51_m"
L 05/30/2017 - 08:40:21: -------- Mapchange to pb_z_area51_m --------
L 05/30/2017 - 08:40:26: [randomcycle.smx] RandomCycle has chosen pb_z_underground_m for the nextmap.
L 05/30/2017 - 08:40:55: SourceMod log file session started (file "L20170530.log") (Version "1.8.0.5973")
L 05/30/2017 - 08:40:55: -------- Mapchange to pb_z_high_school_m --------
L 05/30/2017 - 08:40:56: [savescores.smx] Note: This plugin supports updating via Plugin Autoupdater. Install it if you want to enable auto-update functionality.
L 05/30/2017 - 08:41:03: [randomcycle.smx] RandomCycle has chosen dm_cave_m for the nextmap.
L 05/30/2017 - 09:08:13: [customvotes.smx] Configuration file addons\sourcemod\configs\customvotes.cfg loaded.
L 05/30/2017 - 09:31:06: [customvotes.smx] Configuration file addons\sourcemod\configs\customvotes.cfg loaded.
L 05/30/2017 - 09:51:59: [customvotes.smx] Configuration file addons\sourcemod\configs\customvotes.cfg loaded.
L 05/30/2017 - 10:04:09: [mapchooser.smx] Voting for next map has started.
L 05/30/2017 - 10:07:19: [SM] Changed map to "dm_snowfall_m"
L 05/30/2017 - 10:07:20: -------- Mapchange to dm_snowfall_m --------
L 05/30/2017 - 10:07:25: [randomcycle.smx] RandomCycle has chosen pb_z_area51_m for the nextmap.
L 05/30/2017 - 11:04:18: [mapchooser.smx] Voting for next map has started.
L 05/30/2017 - 11:07:29: [SM] Changed map to "dm_hellsdistrict_m"
L 05/30/2017 - 11:07:30: -------- Mapchange to dm_hellsdistrict_m --------
L 05/30/2017 - 11:07:36: [randomcycle.smx] RandomCycle has chosen dm_snowfall_m for the nextmap.
L 05/30/2017 - 12:04:29: [mapchooser.smx] Voting for next map has started.
L 05/30/2017 - 12:07:40: [SM] Changed map to "dm_morbid_m"
L 05/30/2017 - 12:07:40: -------- Mapchange to dm_morbid_m --------
L 05/30/2017 - 12:07:46: [randomcycle.smx] RandomCycle has chosen dm_october_m for the nextmap.
L 05/30/2017 - 13:04:39: [mapchooser.smx] Voting for next map has started.
L 05/30/2017 - 13:07:50: [SM] Changed map to "dm_coldruins_rc1_m"
L 05/30/2017 - 13:07:52: -------- Mapchange to dm_coldruins_rc1_m --------
L 05/30/2017 - 13:07:57: [randomcycle.smx] RandomCycle has chosen pb_z_office_tower_m for the nextmap.
L 05/30/2017 - 14:04:51: [mapchooser.smx] Voting for next map has started.
L 05/30/2017 - 14:08:02: [SM] Changed map to "pb_z_underground_m"
L 05/30/2017 - 14:08:03: -------- Mapchange to pb_z_underground_m --------
L 05/30/2017 - 14:08:08: [randomcycle.smx] RandomCycle has chosen dm_laststop_m for the nextmap.
L 05/30/2017 - 15:05:01: [mapchooser.smx] Voting for next map has started.
L 05/30/2017 - 15:08:12: [SM] Changed map to "pb_z_disorder_m"
L 05/30/2017 - 15:08:13: -------- Mapchange to pb_z_disorder_m --------
L 05/30/2017 - 15:08:18: [randomcycle.smx] RandomCycle has chosen pb_z_high_school_m for the nextmap.
L 05/30/2017 - 16:05:11: [mapchooser.smx] Voting for next map has started.
L 05/30/2017 - 16:08:22: [SM] Changed map to "pb_z_office_tower_m"
L 05/30/2017 - 16:08:22: -------- Mapchange to pb_z_office_tower_m --------
L 05/30/2017 - 16:08:27: [randomcycle.smx] RandomCycle has chosen pb_z_underground_m for the nextmap.
L 05/30/2017 - 17:05:21: [mapchooser.smx] Voting for next map has started.
L 05/30/2017 - 17:08:31: [SM] Changed map to "dm_october_m"
L 05/30/2017 - 17:08:32: -------- Mapchange to dm_october_m --------
L 05/30/2017 - 17:08:38: [randomcycle.smx] RandomCycle has chosen pb_z_industry_m for the nextmap.
L 05/30/2017 - 18:05:31: [mapchooser.smx] Voting for next map has started.
L 05/30/2017 - 18:08:42: [SM] Changed map to "pb_z_high_school_m"
L 05/30/2017 - 18:08:43: -------- Mapchange to pb_z_high_school_m --------
L 05/30/2017 - 18:08:48: [randomcycle.smx] RandomCycle has chosen dm_october_m for the nextmap.
L 05/30/2017 - 18:25:42: [customvotes.smx] Configuration file addons\sourcemod\configs\customvotes.cfg loaded.
L 05/30/2017 - 19:05:41: [mapchooser.smx] Voting for next map has started.
L 05/30/2017 - 19:08:52: [SM] Changed map to "pb_z_office_tower_v2_m"
L 05/30/2017 - 19:08:57: -------- Mapchange to pb_z_office_tower_v2_m --------
L 05/30/2017 - 19:09:02: [randomcycle.smx] RandomCycle has chosen dm_montana_m for the nextmap.
L 05/30/2017 - 20:05:55: [mapchooser.smx] Voting for next map has started.
L 05/30/2017 - 20:09:06: [SM] Changed map to "dm_mine_entrance_m"
L 05/30/2017 - 20:09:07: -------- Mapchange to dm_mine_entrance_m --------
L 05/30/2017 - 20:09:12: [randomcycle.smx] RandomCycle has chosen dm_coldruins_rc1_m for the nextmap.
L 05/30/2017 - 20:54:56: [mapchooser.smx] Starting map vote because outside request
L 05/30/2017 - 20:54:56: [mapchooser.smx] Voting for next map has started.
L 05/30/2017 - 20:55:08: [mapchooser.smx] Voting for next map has finished. Nextmap: dm_coldruins_rc1_m.
L 05/30/2017 - 20:55:10: [SM] Changed map to "dm_coldruins_rc1_m"
L 05/30/2017 - 20:55:13: -------- Mapchange to dm_coldruins_rc1_m --------
L 05/30/2017 - 20:55:18: [randomcycle.smx] RandomCycle has chosen dm_hellsdistrict_m for the nextmap.
L 05/30/2017 - 20:56:58: [customvotes.smx] Configuration file addons\sourcemod\configs\customvotes.cfg loaded.
L 05/30/2017 - 21:00:36: [customvotes.smx] Configuration file addons\sourcemod\configs\customvotes.cfg loaded.
L 05/30/2017 - 21:13:19: [customvotes.smx] Configuration file addons\sourcemod\configs\customvotes.cfg loaded.
L 05/30/2017 - 21:34:33: [customvotes.smx] Configuration file addons\sourcemod\configs\customvotes.cfg loaded.
L 05/30/2017 - 21:52:11: [mapchooser.smx] Voting for next map has started.
L 05/30/2017 - 21:52:24: [mapchooser.smx] Voting for next map has finished. Nextmap: pb_z_earthquake_m.
L 05/30/2017 - 21:55:22: [SM] Changed map to "pb_z_earthquake_m"
L 05/30/2017 - 21:55:23: -------- Mapchange to pb_z_earthquake_m --------
L 05/30/2017 - 21:55:29: [randomcycle.smx] RandomCycle has chosen pb_z_colony_m for the nextmap.
L 05/30/2017 - 21:57:02: [customvotes.smx] Configuration file addons\sourcemod\configs\customvotes.cfg loaded.
L 05/30/2017 - 22:52:22: [mapchooser.smx] Voting for next map has started.
L 05/30/2017 - 22:55:33: [SM] Changed map to "pb_z_underground_m"
L 05/30/2017 - 22:55:34: -------- Mapchange to pb_z_underground_m --------
L 05/30/2017 - 22:55:39: [randomcycle.smx] RandomCycle has chosen pb_z_earthquake_m for the nextmap.
L 05/30/2017 - 23:46:42: SourceMod log file session started (file "L20170530.log") (Version "1.8.0.5973")
L 05/30/2017 - 23:46:42: -------- Mapchange to pb_z_high_school_m --------
L 05/30/2017 - 23:46:43: [savescores.smx] Note: This plugin supports updating via Plugin Autoupdater. Install it if you want to enable auto-update functionality.
L 05/30/2017 - 23:46:49: [randomcycle.smx] RandomCycle has chosen dm_october_m for the nextmap.
L 05/30/2017 - 23:50:33: SourceMod log file session started (file "L20170530.log") (Version "1.8.0.5973")
L 05/30/2017 - 23:50:33: -------- Mapchange to pb_z_high_school_m --------
L 05/30/2017 - 23:50:33: [savescores.smx] Note: This plugin supports updating via Plugin Autoupdater. Install it if you want to enable auto-update functionality.
L 05/30/2017 - 23:50:39: [randomcycle.smx] RandomCycle has chosen dm_mine_entrance_m for the nextmap.
L 05/30/2017 - 23:51:35: [mapchooser.smx] Starting map vote because outside request
L 05/30/2017 - 23:51:35: [mapchooser.smx] Voting for next map has started.
L 05/30/2017 - 23:51:37: [mapchooser.smx] Voting for next map has finished. Nextmap: dm_central_station_v1_m.
L 05/30/2017 - 23:51:39: [SM] Changed map to "dm_central_station_v1_m"
L 05/30/2017 - 23:51:39: -------- Mapchange to dm_central_station_v1_m --------
L 05/30/2017 - 23:51:45: [randomcycle.smx] RandomCycle has chosen dm_montana_m for the nextmap.
L 05/30/2017 - 23:53:07: [customvotes.smx] Configuration file addons\sourcemod\configs\customvotes.cfg loaded.
L 05/30/2017 - 23:56:47: [customvotes.smx] Configuration file addons\sourcemod\configs\customvotes.cfg loaded.
