L 05/16/2017 - 00:23:32: SourceMod log file session started (file "L20170516.log") (Version "1.8.0.5973")
L 05/16/2017 - 00:23:32: [mapchooser.smx] Voting for next map has started.
L 05/16/2017 - 00:26:43: [SM] Changed map to "pb_z_office_tower_v2_m"
L 05/16/2017 - 00:26:48: -------- Mapchange to pb_z_office_tower_v2_m --------
L 05/16/2017 - 00:26:53: [randomcycle.smx] RandomCycle has chosen dm_morbid_m for the nextmap.
L 05/16/2017 - 01:23:46: [mapchooser.smx] Voting for next map has started.
L 05/16/2017 - 01:26:57: [SM] Changed map to "pb_z_area51_m"
L 05/16/2017 - 01:26:59: -------- Mapchange to pb_z_area51_m --------
L 05/16/2017 - 01:27:04: [randomcycle.smx] RandomCycle has chosen pb_z_office_tower_m for the nextmap.
L 05/16/2017 - 01:41:05: SourceMod log file session started (file "L20170516.log") (Version "1.8.0.5973")
L 05/16/2017 - 01:41:05: -------- Mapchange to pb_z_high_school_m --------
L 05/16/2017 - 01:41:06: [savescores.smx] Note: This plugin supports updating via Plugin Autoupdater. Install it if you want to enable auto-update functionality.
L 05/16/2017 - 01:41:13: [randomcycle.smx] RandomCycle has chosen pb_z_high_school_m for the nextmap.
L 05/16/2017 - 10:24:46: [mapchooser.smx] Voting for next map has started.
L 05/16/2017 - 10:27:57: [SM] Changed map to "pb_z_colony_m"
L 05/16/2017 - 10:28:02: -------- Mapchange to pb_z_colony_m --------
L 05/16/2017 - 10:28:11: [randomcycle.smx] RandomCycle has chosen dm_laststop_m for the nextmap.
L 05/16/2017 - 11:25:04: [mapchooser.smx] Voting for next map has started.
L 05/16/2017 - 11:28:15: [SM] Changed map to "pb_z_office_tower_m"
L 05/16/2017 - 11:28:16: -------- Mapchange to pb_z_office_tower_m --------
L 05/16/2017 - 11:28:22: [randomcycle.smx] RandomCycle has chosen dm_montana_m for the nextmap.
L 05/16/2017 - 12:25:15: [mapchooser.smx] Voting for next map has started.
L 05/16/2017 - 12:28:26: [SM] Changed map to "dm_morbid_m"
L 05/16/2017 - 12:28:27: -------- Mapchange to dm_morbid_m --------
L 05/16/2017 - 12:28:32: [randomcycle.smx] RandomCycle has chosen dm_october_m for the nextmap.
L 05/16/2017 - 13:25:26: [mapchooser.smx] Voting for next map has started.
L 05/16/2017 - 13:28:36: [SM] Changed map to "dm_mine_entrance_m"
L 05/16/2017 - 13:28:38: -------- Mapchange to dm_mine_entrance_m --------
L 05/16/2017 - 13:28:43: [randomcycle.smx] RandomCycle has chosen dm_mine_entrance_m for the nextmap.
L 05/16/2017 - 14:25:36: [mapchooser.smx] Voting for next map has started.
L 05/16/2017 - 14:28:47: [SM] Changed map to "pb_z_disorder_m"
L 05/16/2017 - 14:28:49: -------- Mapchange to pb_z_disorder_m --------
L 05/16/2017 - 14:28:54: [randomcycle.smx] RandomCycle has chosen dm_coldruins_rc1_m for the nextmap.
L 05/16/2017 - 15:25:47: [mapchooser.smx] Voting for next map has started.
L 05/16/2017 - 15:28:58: [SM] Changed map to "dm_montana_m"
L 05/16/2017 - 15:29:01: -------- Mapchange to dm_montana_m --------
L 05/16/2017 - 15:29:06: [randomcycle.smx] RandomCycle has chosen pb_z_area51_m for the nextmap.
L 05/16/2017 - 16:25:59: [mapchooser.smx] Voting for next map has started.
L 05/16/2017 - 16:29:10: [SM] Changed map to "dm_hellsdistrict_m"
L 05/16/2017 - 16:29:11: -------- Mapchange to dm_hellsdistrict_m --------
L 05/16/2017 - 16:29:16: [randomcycle.smx] RandomCycle has chosen pb_z_disorder_m for the nextmap.
L 05/16/2017 - 17:26:09: [mapchooser.smx] Voting for next map has started.
L 05/16/2017 - 17:29:20: [SM] Changed map to "dm_raven_m"
L 05/16/2017 - 17:29:21: -------- Mapchange to dm_raven_m --------
L 05/16/2017 - 17:29:31: SourceMod log file session started (file "L20170516.log") (Version "1.8.0.5973")
L 05/16/2017 - 17:29:31: -------- Mapchange to pb_z_high_school_m --------
L 05/16/2017 - 17:29:32: [savescores.smx] Note: This plugin supports updating via Plugin Autoupdater. Install it if you want to enable auto-update functionality.
L 05/16/2017 - 17:29:38: [randomcycle.smx] RandomCycle has chosen dm_cave_m for the nextmap.
