L 05/05/2017 - 00:30:28: SourceMod log file session started (file "L20170505.log") (Version "1.8.0.5973")
L 05/05/2017 - 00:30:28: [mapchooser.smx] Voting for next map has started.
L 05/05/2017 - 00:33:39: [SM] Changed map to "dm_morbid_m"
L 05/05/2017 - 00:33:39: -------- Mapchange to dm_morbid_m --------
L 05/05/2017 - 00:33:45: [randomcycle.smx] RandomCycle has chosen dm_hellsdistrict_m for the nextmap.
L 05/05/2017 - 01:01:02: SourceMod log file session started (file "L20170505.log") (Version "1.8.0.5973")
L 05/05/2017 - 01:01:02: -------- Mapchange to pb_z_high_school_m --------
L 05/05/2017 - 01:01:04: [savescores.smx] Note: This plugin supports updating via Plugin Autoupdater. Install it if you want to enable auto-update functionality.
L 05/05/2017 - 01:01:10: [randomcycle.smx] RandomCycle has chosen dm_coldruins_rc1_m for the nextmap.
L 05/05/2017 - 02:19:48: [mapchooser.smx] Voting for next map has started.
L 05/05/2017 - 02:22:59: [SM] Changed map to "dm_october_m"
L 05/05/2017 - 02:23:00: -------- Mapchange to dm_october_m --------
L 05/05/2017 - 02:23:06: [randomcycle.smx] RandomCycle has chosen pb_z_colony_m for the nextmap.
L 05/05/2017 - 03:19:59: [mapchooser.smx] Voting for next map has started.
L 05/05/2017 - 03:23:10: [SM] Changed map to "pb_z_office_tower_v2_m"
L 05/05/2017 - 03:23:11: -------- Mapchange to pb_z_office_tower_v2_m --------
L 05/05/2017 - 03:23:16: [randomcycle.smx] RandomCycle has chosen dm_hellsdistrict_m for the nextmap.
L 05/05/2017 - 04:20:09: [mapchooser.smx] Voting for next map has started.
L 05/05/2017 - 04:23:20: [SM] Changed map to "pb_z_office_tower_m"
L 05/05/2017 - 04:23:20: -------- Mapchange to pb_z_office_tower_m --------
L 05/05/2017 - 04:23:25: [randomcycle.smx] RandomCycle has chosen dm_cave_m for the nextmap.
L 05/05/2017 - 05:20:19: [mapchooser.smx] Voting for next map has started.
L 05/05/2017 - 05:23:29: [SM] Changed map to "pb_z_earthquake_m"
L 05/05/2017 - 05:23:30: -------- Mapchange to pb_z_earthquake_m --------
L 05/05/2017 - 05:23:35: [randomcycle.smx] RandomCycle has chosen pb_z_area51_m for the nextmap.
L 05/05/2017 - 06:20:28: [mapchooser.smx] Voting for next map has started.
L 05/05/2017 - 06:23:39: [SM] Changed map to "dm_morbid_m"
L 05/05/2017 - 06:23:40: -------- Mapchange to dm_morbid_m --------
L 05/05/2017 - 06:23:45: [randomcycle.smx] RandomCycle has chosen dm_october_m for the nextmap.
L 05/05/2017 - 07:20:38: [mapchooser.smx] Voting for next map has started.
L 05/05/2017 - 07:23:49: [SM] Changed map to "dm_montana_m"
L 05/05/2017 - 07:23:51: -------- Mapchange to dm_montana_m --------
L 05/05/2017 - 07:23:56: [randomcycle.smx] RandomCycle has chosen pb_z_earthquake_m for the nextmap.
L 05/05/2017 - 08:20:52: [mapchooser.smx] Voting for next map has started.
L 05/05/2017 - 08:24:03: [SM] Changed map to "dm_laststop_m"
L 05/05/2017 - 08:24:04: -------- Mapchange to dm_laststop_m --------
L 05/05/2017 - 08:24:09: [randomcycle.smx] RandomCycle has chosen dm_laststop_m for the nextmap.
L 05/05/2017 - 09:21:02: [mapchooser.smx] Voting for next map has started.
L 05/05/2017 - 09:24:13: [SM] Changed map to "dm_raven_m"
L 05/05/2017 - 09:24:13: -------- Mapchange to dm_raven_m --------
L 05/05/2017 - 09:24:18: [randomcycle.smx] RandomCycle has chosen pb_z_disorder_m for the nextmap.
L 05/05/2017 - 10:21:11: [mapchooser.smx] Voting for next map has started.
L 05/05/2017 - 10:24:22: [SM] Changed map to "pb_z_industry_m"
L 05/05/2017 - 10:24:23: -------- Mapchange to pb_z_industry_m --------
L 05/05/2017 - 10:24:28: [randomcycle.smx] RandomCycle has chosen pb_z_office_tower_v2_m for the nextmap.
L 05/05/2017 - 11:21:21: [mapchooser.smx] Voting for next map has started.
L 05/05/2017 - 11:24:32: [SM] Changed map to "dm_cave_m"
L 05/05/2017 - 11:24:33: -------- Mapchange to dm_cave_m --------
L 05/05/2017 - 11:24:38: [randomcycle.smx] RandomCycle has chosen pb_z_colony_m for the nextmap.
L 05/05/2017 - 12:21:31: [mapchooser.smx] Voting for next map has started.
L 05/05/2017 - 12:24:42: [SM] Changed map to "dm_mine_entrance_m"
L 05/05/2017 - 12:24:42: -------- Mapchange to dm_mine_entrance_m --------
L 05/05/2017 - 12:24:47: [randomcycle.smx] RandomCycle has chosen dm_october_m for the nextmap.
L 05/05/2017 - 13:21:40: [mapchooser.smx] Voting for next map has started.
L 05/05/2017 - 13:24:51: [SM] Changed map to "dm_hellsdistrict_m"
L 05/05/2017 - 13:24:52: -------- Mapchange to dm_hellsdistrict_m --------
L 05/05/2017 - 13:24:57: [randomcycle.smx] RandomCycle has chosen dm_hellsdistrict_m for the nextmap.
L 05/05/2017 - 14:21:50: [mapchooser.smx] Voting for next map has started.
L 05/05/2017 - 14:25:01: [SM] Changed map to "pb_z_underground_m"
L 05/05/2017 - 14:25:01: -------- Mapchange to pb_z_underground_m --------
L 05/05/2017 - 14:25:06: [randomcycle.smx] RandomCycle has chosen dm_cave_m for the nextmap.
L 05/05/2017 - 15:21:59: [mapchooser.smx] Voting for next map has started.
L 05/05/2017 - 15:22:19: [mapchooser.smx] Voting for next map has finished. Nextmap: pb_z_high_school_m.
L 05/05/2017 - 15:25:10: [SM] Changed map to "pb_z_high_school_m"
L 05/05/2017 - 15:25:11: -------- Mapchange to pb_z_high_school_m --------
L 05/05/2017 - 15:25:16: [randomcycle.smx] RandomCycle has chosen pb_z_area51_m for the nextmap.
L 05/05/2017 - 16:22:10: [mapchooser.smx] Voting for next map has started.
L 05/05/2017 - 16:25:21: [SM] Changed map to "dm_morbid_m"
L 05/05/2017 - 16:25:21: -------- Mapchange to dm_morbid_m --------
L 05/05/2017 - 16:25:26: [randomcycle.smx] RandomCycle has chosen dm_coldruins_rc1_m for the nextmap.
L 05/05/2017 - 16:26:22: [customvotes.smx] Configuration file addons\sourcemod\configs\customvotes.cfg loaded.
L 05/05/2017 - 16:57:16: [customvotes.smx] Configuration file addons\sourcemod\configs\customvotes.cfg loaded.
L 05/05/2017 - 17:22:19: [mapchooser.smx] Voting for next map has started.
L 05/05/2017 - 17:25:30: [SM] Changed map to "pb_z_earthquake_m"
L 05/05/2017 - 17:25:32: -------- Mapchange to pb_z_earthquake_m --------
L 05/05/2017 - 17:25:32: [customvotes.smx] Configuration file addons\sourcemod\configs\customvotes.cfg loaded.
L 05/05/2017 - 17:25:37: [randomcycle.smx] RandomCycle has chosen pb_z_earthquake_m for the nextmap.
L 05/05/2017 - 18:22:30: [mapchooser.smx] Voting for next map has started.
L 05/05/2017 - 18:25:41: [SM] Changed map to "dm_coldruins_rc1_m"
L 05/05/2017 - 18:25:44: -------- Mapchange to dm_coldruins_rc1_m --------
L 05/05/2017 - 18:25:49: [randomcycle.smx] RandomCycle has chosen dm_morbid_m for the nextmap.
L 05/05/2017 - 19:22:42: [mapchooser.smx] Voting for next map has started.
L 05/05/2017 - 19:25:53: [SM] Changed map to "dm_cave_m"
L 05/05/2017 - 19:25:53: -------- Mapchange to dm_cave_m --------
L 05/05/2017 - 19:25:59: [randomcycle.smx] RandomCycle has chosen dm_raven_m for the nextmap.
L 05/05/2017 - 19:32:47: [mapchooser.smx] Starting map vote because outside request
L 05/05/2017 - 19:32:47: [mapchooser.smx] Voting for next map has started.
L 05/05/2017 - 19:33:06: [mapchooser.smx] Voting for next map has finished. Nextmap: dm_raven_m.
L 05/05/2017 - 19:33:08: [SM] Changed map to "dm_raven_m"
L 05/05/2017 - 19:33:09: -------- Mapchange to dm_raven_m --------
L 05/05/2017 - 19:33:14: [randomcycle.smx] RandomCycle has chosen pb_z_office_tower_m for the nextmap.
L 05/05/2017 - 20:30:07: [mapchooser.smx] Voting for next map has started.
L 05/05/2017 - 20:33:18: [SM] Changed map to "pb_z_underground_m"
L 05/05/2017 - 20:33:18: -------- Mapchange to pb_z_underground_m --------
L 05/05/2017 - 20:33:24: [randomcycle.smx] RandomCycle has chosen dm_hellsdistrict_m for the nextmap.
L 05/05/2017 - 21:30:17: [mapchooser.smx] Voting for next map has started.
L 05/05/2017 - 21:33:28: [SM] Changed map to "pb_z_area51_m"
L 05/05/2017 - 21:33:30: -------- Mapchange to pb_z_area51_m --------
L 05/05/2017 - 21:33:35: [randomcycle.smx] RandomCycle has chosen pb_z_colony_m for the nextmap.
L 05/05/2017 - 22:30:28: [mapchooser.smx] Voting for next map has started.
L 05/05/2017 - 22:33:39: [SM] Changed map to "dm_morbid_m"
L 05/05/2017 - 22:33:39: -------- Mapchange to dm_morbid_m --------
L 05/05/2017 - 22:33:44: [randomcycle.smx] RandomCycle has chosen pb_z_disorder_m for the nextmap.
L 05/05/2017 - 23:30:37: [mapchooser.smx] Voting for next map has started.
L 05/05/2017 - 23:33:48: [SM] Changed map to "dm_mine_entrance_m"
L 05/05/2017 - 23:33:48: -------- Mapchange to dm_mine_entrance_m --------
L 05/05/2017 - 23:33:54: [randomcycle.smx] RandomCycle has chosen pb_z_industry_m for the nextmap.
