L 05/29/2017 - 00:01:33: SourceMod log file session started (file "L20170529.log") (Version "1.8.0.5973")
L 05/29/2017 - 00:01:33: [mapchooser.smx] Voting for next map has started.
L 05/29/2017 - 00:04:44: [SM] Changed map to "dm_coldruins_rc1_m"
L 05/29/2017 - 00:04:45: -------- Mapchange to dm_coldruins_rc1_m --------
L 05/29/2017 - 00:04:50: [randomcycle.smx] RandomCycle has chosen dm_morbid_m for the nextmap.
L 05/29/2017 - 00:16:02: SourceMod log file session started (file "L20170529.log") (Version "1.8.0.5973")
L 05/29/2017 - 00:16:02: -------- Mapchange to pb_z_high_school_m --------
L 05/29/2017 - 00:16:02: [savescores.smx] Note: This plugin supports updating via Plugin Autoupdater. Install it if you want to enable auto-update functionality.
L 05/29/2017 - 00:16:08: [randomcycle.smx] RandomCycle has chosen pb_z_area51_m for the nextmap.
L 05/29/2017 - 03:26:27: [mapchooser.smx] Voting for next map has started.
L 05/29/2017 - 03:29:38: [SM] Changed map to "pb_z_colony_m"
L 05/29/2017 - 03:29:43: -------- Mapchange to pb_z_colony_m --------
L 05/29/2017 - 03:29:48: [randomcycle.smx] RandomCycle has chosen dm_raven_m for the nextmap.
L 05/29/2017 - 04:26:41: [mapchooser.smx] Voting for next map has started.
L 05/29/2017 - 04:29:52: [SM] Changed map to "pb_z_office_tower_m"
L 05/29/2017 - 04:29:53: -------- Mapchange to pb_z_office_tower_m --------
L 05/29/2017 - 04:29:58: [randomcycle.smx] RandomCycle has chosen dm_coldruins_rc1_m for the nextmap.
L 05/29/2017 - 05:26:52: [mapchooser.smx] Voting for next map has started.
L 05/29/2017 - 05:30:02: [SM] Changed map to "pb_z_disorder_m"
L 05/29/2017 - 05:30:04: -------- Mapchange to pb_z_disorder_m --------
L 05/29/2017 - 05:30:09: [randomcycle.smx] RandomCycle has chosen pb_z_disorder_m for the nextmap.
L 05/29/2017 - 06:27:03: [mapchooser.smx] Voting for next map has started.
L 05/29/2017 - 06:30:14: [SM] Changed map to "pb_z_industry_m"
L 05/29/2017 - 06:30:17: -------- Mapchange to pb_z_industry_m --------
L 05/29/2017 - 06:30:29: [randomcycle.smx] RandomCycle has chosen dm_october_m for the nextmap.
L 05/29/2017 - 07:27:23: [mapchooser.smx] Voting for next map has started.
L 05/29/2017 - 07:30:34: [SM] Changed map to "dm_mine_entrance_m"
L 05/29/2017 - 07:30:35: -------- Mapchange to dm_mine_entrance_m --------
L 05/29/2017 - 07:30:40: [randomcycle.smx] RandomCycle has chosen pb_z_office_tower_v2_m for the nextmap.
L 05/29/2017 - 08:27:34: [mapchooser.smx] Voting for next map has started.
L 05/29/2017 - 08:30:45: [SM] Changed map to "dm_coldruins_rc1_m"
L 05/29/2017 - 08:30:48: -------- Mapchange to dm_coldruins_rc1_m --------
L 05/29/2017 - 08:30:53: [randomcycle.smx] RandomCycle has chosen pb_z_high_school_m for the nextmap.
L 05/29/2017 - 08:34:33: [customvotes.smx] Configuration file addons\sourcemod\configs\customvotes.cfg loaded.
L 05/29/2017 - 08:39:31: [mapchooser.smx] Starting map vote because outside request
L 05/29/2017 - 08:39:31: [mapchooser.smx] Voting for next map has started.
L 05/29/2017 - 08:39:38: [mapchooser.smx] Voting for next map has finished. Nextmap: pb_z_high_school_m.
L 05/29/2017 - 08:39:40: [SM] Changed map to "pb_z_high_school_m"
L 05/29/2017 - 08:39:42: -------- Mapchange to pb_z_high_school_m --------
L 05/29/2017 - 08:39:48: [randomcycle.smx] RandomCycle has chosen dm_cave_m for the nextmap.
L 05/29/2017 - 08:42:25: [customvotes.smx] Configuration file addons\sourcemod\configs\customvotes.cfg loaded.
L 05/29/2017 - 08:48:31: [customvotes.smx] Configuration file addons\sourcemod\configs\customvotes.cfg loaded.
L 05/29/2017 - 08:52:31: [customvotes.smx] Configuration file addons\sourcemod\configs\customvotes.cfg loaded.
L 05/29/2017 - 08:58:21: [mapchooser.smx] Starting map vote because outside request
L 05/29/2017 - 08:58:21: [mapchooser.smx] Voting for next map has started.
L 05/29/2017 - 08:58:42: [mapchooser.smx] Voting for next map has finished. Nextmap: pb_z_office_tower_v2_m.
L 05/29/2017 - 08:58:44: [SM] Changed map to "pb_z_office_tower_v2_m"
L 05/29/2017 - 08:58:49: -------- Mapchange to pb_z_office_tower_v2_m --------
L 05/29/2017 - 08:58:55: [randomcycle.smx] RandomCycle has chosen pb_z_underground_m for the nextmap.
L 05/29/2017 - 08:59:44: [mapchooser.smx] Starting map vote because outside request
L 05/29/2017 - 08:59:44: [mapchooser.smx] Voting for next map has started.
L 05/29/2017 - 08:59:55: [mapchooser.smx] Voting for next map has finished. Nextmap: pb_z_area51_m.
L 05/29/2017 - 08:59:57: [SM] Changed map to "pb_z_area51_m"
L 05/29/2017 - 08:59:59: -------- Mapchange to pb_z_area51_m --------
L 05/29/2017 - 09:00:04: [randomcycle.smx] RandomCycle has chosen dm_hellsdistrict_m for the nextmap.
L 05/29/2017 - 09:54:39: [customvotes.smx] Configuration file addons\sourcemod\configs\customvotes.cfg loaded.
L 05/29/2017 - 09:56:14: [mapchooser.smx] Starting map vote because outside request
L 05/29/2017 - 09:56:14: [mapchooser.smx] Voting for next map has started.
L 05/29/2017 - 09:56:21: [mapchooser.smx] Voting for next map has finished. Nextmap: pb_z_disorder_m.
L 05/29/2017 - 09:56:23: [SM] Changed map to "pb_z_disorder_m"
L 05/29/2017 - 09:56:25: -------- Mapchange to pb_z_disorder_m --------
L 05/29/2017 - 09:56:30: [randomcycle.smx] RandomCycle has chosen dm_coldruins_rc1_m for the nextmap.
L 05/29/2017 - 10:53:24: [mapchooser.smx] Voting for next map has started.
L 05/29/2017 - 10:53:30: [mapchooser.smx] Voting for next map has finished. Nextmap: dm_hellsdistrict_m.
L 05/29/2017 - 10:55:31: [customvotes.smx] Configuration file addons\sourcemod\configs\customvotes.cfg loaded.
L 05/29/2017 - 10:56:35: [SM] Changed map to "dm_hellsdistrict_m"
L 05/29/2017 - 10:56:36: -------- Mapchange to dm_hellsdistrict_m --------
L 05/29/2017 - 10:56:41: [randomcycle.smx] RandomCycle has chosen pb_z_earthquake_m for the nextmap.
L 05/29/2017 - 10:57:04: [customvotes.smx] Configuration file addons\sourcemod\configs\customvotes.cfg loaded.
L 05/29/2017 - 11:04:17: [customvotes.smx] Configuration file addons\sourcemod\configs\customvotes.cfg loaded.
L 05/29/2017 - 11:53:34: [mapchooser.smx] Voting for next map has started.
L 05/29/2017 - 11:56:45: [SM] Changed map to "pb_z_earthquake_m"
L 05/29/2017 - 11:56:46: -------- Mapchange to pb_z_earthquake_m --------
L 05/29/2017 - 11:56:51: [randomcycle.smx] RandomCycle has chosen pb_z_disorder_m for the nextmap.
L 05/29/2017 - 12:26:49: [customvotes.smx] Configuration file addons\sourcemod\configs\customvotes.cfg loaded.
L 05/29/2017 - 12:53:45: [mapchooser.smx] Voting for next map has started.
L 05/29/2017 - 12:56:56: [SM] Changed map to "dm_coldruins_rc1_m"
L 05/29/2017 - 12:56:56: -------- Mapchange to dm_coldruins_rc1_m --------
L 05/29/2017 - 12:57:02: [randomcycle.smx] RandomCycle has chosen pb_z_area51_m for the nextmap.
L 05/29/2017 - 13:08:35: [customvotes.smx] Configuration file addons\sourcemod\configs\customvotes.cfg loaded.
L 05/29/2017 - 13:28:29: [mapchooser.smx] Starting map vote because outside request
L 05/29/2017 - 13:28:29: [mapchooser.smx] Voting for next map has started.
L 05/29/2017 - 13:28:49: [mapchooser.smx] Voting for next map has finished. Nextmap: dm_montana_m.
L 05/29/2017 - 13:28:51: [SM] Changed map to "dm_montana_m"
L 05/29/2017 - 13:28:54: -------- Mapchange to dm_montana_m --------
L 05/29/2017 - 13:28:54: [customvotes.smx] Configuration file addons\sourcemod\configs\customvotes.cfg loaded.
L 05/29/2017 - 13:29:00: [randomcycle.smx] RandomCycle has chosen dm_october_m for the nextmap.
L 05/29/2017 - 13:57:23: [mapchooser.smx] Starting map vote because outside request
L 05/29/2017 - 13:57:23: [mapchooser.smx] Voting for next map has started.
L 05/29/2017 - 13:57:43: [mapchooser.smx] Voting for next map has finished. Nextmap: dm_raven_m.
L 05/29/2017 - 13:57:45: [SM] Changed map to "dm_raven_m"
L 05/29/2017 - 13:57:46: -------- Mapchange to dm_raven_m --------
L 05/29/2017 - 13:57:47: [customvotes.smx] Configuration file addons\sourcemod\configs\customvotes.cfg loaded.
L 05/29/2017 - 13:57:52: [randomcycle.smx] RandomCycle has chosen dm_laststop_m for the nextmap.
L 05/29/2017 - 14:54:45: [mapchooser.smx] Voting for next map has started.
L 05/29/2017 - 14:57:56: [SM] Changed map to "pb_z_office_tower_m"
L 05/29/2017 - 14:57:57: -------- Mapchange to pb_z_office_tower_m --------
L 05/29/2017 - 14:57:57: [customvotes.smx] Configuration file addons\sourcemod\configs\customvotes.cfg loaded.
L 05/29/2017 - 14:58:02: [randomcycle.smx] RandomCycle has chosen dm_hellsdistrict_m for the nextmap.
L 05/29/2017 - 15:54:55: [mapchooser.smx] Voting for next map has started.
L 05/29/2017 - 15:57:56: [rockthevote.smx] RTV changing map manually
L 05/29/2017 - 15:57:56: [SM] Changed map to "pb_z_office_tower_v2_m"
L 05/29/2017 - 15:57:57: -------- Mapchange to pb_z_office_tower_v2_m --------
L 05/29/2017 - 15:57:57: [customvotes.smx] Configuration file addons\sourcemod\configs\customvotes.cfg loaded.
L 05/29/2017 - 15:58:02: [randomcycle.smx] RandomCycle has chosen pb_z_industry_m for the nextmap.
L 05/29/2017 - 16:10:02: [customvotes.smx] Configuration file addons\sourcemod\configs\customvotes.cfg loaded.
L 05/29/2017 - 16:54:55: [mapchooser.smx] Voting for next map has started.
L 05/29/2017 - 16:58:06: [SM] Changed map to "pb_z_disorder_m"
L 05/29/2017 - 16:58:06: -------- Mapchange to pb_z_disorder_m --------
L 05/29/2017 - 16:58:11: [randomcycle.smx] RandomCycle has chosen pb_z_office_tower_v2_m for the nextmap.
L 05/29/2017 - 17:31:30: [mapchooser.smx] Starting map vote because outside request
L 05/29/2017 - 17:31:30: [mapchooser.smx] Voting for next map has started.
L 05/29/2017 - 17:38:32: SourceMod log file session started (file "L20170529.log") (Version "1.8.0.5973")
L 05/29/2017 - 17:38:32: -------- Mapchange to pb_z_high_school_m --------
L 05/29/2017 - 17:38:34: [savescores.smx] Note: This plugin supports updating via Plugin Autoupdater. Install it if you want to enable auto-update functionality.
L 05/29/2017 - 17:38:40: [randomcycle.smx] RandomCycle has chosen dm_laststop_m for the nextmap.
L 05/29/2017 - 17:42:30: SourceMod log file session started (file "L20170529.log") (Version "1.8.0.5973")
L 05/29/2017 - 17:42:30: -------- Mapchange to pb_z_high_school_m --------
L 05/29/2017 - 17:42:31: [savescores.smx] Note: This plugin supports updating via Plugin Autoupdater. Install it if you want to enable auto-update functionality.
L 05/29/2017 - 17:42:36: [randomcycle.smx] RandomCycle has chosen pb_z_underground_m for the nextmap.
L 05/29/2017 - 18:04:59: SourceMod log file session started (file "L20170529.log") (Version "1.8.0.5973")
L 05/29/2017 - 18:04:59: -------- Mapchange to pb_z_high_school_m --------
L 05/29/2017 - 18:04:59: [savescores.smx] Note: This plugin supports updating via Plugin Autoupdater. Install it if you want to enable auto-update functionality.
L 05/29/2017 - 18:05:04: [randomcycle.smx] RandomCycle has chosen dm_coldruins_rc1_m for the nextmap.
L 05/29/2017 - 18:08:50: SourceMod log file session started (file "L20170529.log") (Version "1.8.0.5973")
L 05/29/2017 - 18:08:50: -------- Mapchange to pb_z_high_school_m --------
L 05/29/2017 - 18:08:50: [savescores.smx] Note: This plugin supports updating via Plugin Autoupdater. Install it if you want to enable auto-update functionality.
L 05/29/2017 - 18:08:56: [randomcycle.smx] RandomCycle has chosen pb_z_high_school_m for the nextmap.
L 05/29/2017 - 18:10:34: SourceMod log file session started (file "L20170529.log") (Version "1.8.0.5973")
L 05/29/2017 - 18:10:34: -------- Mapchange to pb_z_high_school_m --------
L 05/29/2017 - 18:10:34: [savescores.smx] Note: This plugin supports updating via Plugin Autoupdater. Install it if you want to enable auto-update functionality.
L 05/29/2017 - 18:10:40: [randomcycle.smx] RandomCycle has chosen dm_morbid_m for the nextmap.
L 05/29/2017 - 19:07:35: [mapchooser.smx] Voting for next map has started.
L 05/29/2017 - 19:10:21: SourceMod log file session started (file "L20170529.log") (Version "1.8.0.5973")
L 05/29/2017 - 19:10:21: -------- Mapchange to pb_z_high_school_m --------
L 05/29/2017 - 19:10:22: [savescores.smx] Note: This plugin supports updating via Plugin Autoupdater. Install it if you want to enable auto-update functionality.
L 05/29/2017 - 19:10:27: [randomcycle.smx] RandomCycle has chosen pb_z_office_tower_m for the nextmap.
L 05/29/2017 - 19:13:07: SourceMod log file session started (file "L20170529.log") (Version "1.8.0.5973")
L 05/29/2017 - 19:13:07: -------- Mapchange to pb_z_high_school_m --------
L 05/29/2017 - 19:13:08: [savescores.smx] Note: This plugin supports updating via Plugin Autoupdater. Install it if you want to enable auto-update functionality.
L 05/29/2017 - 19:13:13: [randomcycle.smx] RandomCycle has chosen dm_laststop_m for the nextmap.
L 05/29/2017 - 19:13:47: -------- Mapchange to dm_snowfall_m2 --------
L 05/29/2017 - 19:13:52: [randomcycle.smx] RandomCycle has chosen dm_morbid_m for the nextmap.
L 05/29/2017 - 19:14:56: SourceMod log file session started (file "L20170529.log") (Version "1.8.0.5973")
L 05/29/2017 - 19:14:56: -------- Mapchange to pb_z_high_school_m --------
L 05/29/2017 - 19:14:57: [savescores.smx] Note: This plugin supports updating via Plugin Autoupdater. Install it if you want to enable auto-update functionality.
L 05/29/2017 - 19:15:02: [randomcycle.smx] RandomCycle has chosen dm_coldruins_rc1_m for the nextmap.
L 05/29/2017 - 20:12:12: [customvotes.smx] Configuration file addons\sourcemod\configs\customvotes.cfg loaded.
L 05/29/2017 - 20:15:04: [mapchooser.smx] Voting for next map has started.
L 05/29/2017 - 20:18:15: [SM] Changed map to "pb_z_underground_m"
L 05/29/2017 - 20:18:16: -------- Mapchange to pb_z_underground_m --------
L 05/29/2017 - 20:18:16: [customvotes.smx] Configuration file addons\sourcemod\configs\customvotes.cfg loaded.
L 05/29/2017 - 20:18:21: [randomcycle.smx] RandomCycle has chosen dm_october_m for the nextmap.
L 05/29/2017 - 21:15:14: [mapchooser.smx] Voting for next map has started.
L 05/29/2017 - 21:18:25: [SM] Changed map to "pb_z_area51_m"
L 05/29/2017 - 21:18:25: -------- Mapchange to pb_z_area51_m --------
L 05/29/2017 - 21:18:26: [customvotes.smx] Configuration file addons\sourcemod\configs\customvotes.cfg loaded.
L 05/29/2017 - 21:18:31: [randomcycle.smx] RandomCycle has chosen pb_z_colony_m for the nextmap.
L 05/29/2017 - 21:51:23: SourceMod log file session started (file "L20170529.log") (Version "1.8.0.5973")
L 05/29/2017 - 21:51:23: -------- Mapchange to pb_z_high_school_m --------
L 05/29/2017 - 21:51:23: [savescores.smx] Note: This plugin supports updating via Plugin Autoupdater. Install it if you want to enable auto-update functionality.
L 05/29/2017 - 21:51:23: [customvotes.smx] Configuration file addons\sourcemod\configs\customvotes.cfg loaded.
L 05/29/2017 - 21:51:28: [randomcycle.smx] RandomCycle has chosen pb_z_high_school_m for the nextmap.
L 05/29/2017 - 21:51:46: [basecommands.smx] "Console<0><Console><Console>" changed map to "dm_snowfall_m"
L 05/29/2017 - 21:51:49: [SM] Changed map to "dm_snowfall_m"
L 05/29/2017 - 21:51:50: -------- Mapchange to dm_snowfall_m --------
L 05/29/2017 - 21:51:50: [customvotes.smx] Configuration file addons\sourcemod\configs\customvotes.cfg loaded.
L 05/29/2017 - 21:51:55: [randomcycle.smx] RandomCycle has chosen pb_z_office_tower_v2_m for the nextmap.
L 05/29/2017 - 22:10:50: SourceMod log file session started (file "L20170529.log") (Version "1.8.0.5973")
L 05/29/2017 - 22:10:50: -------- Mapchange to pb_z_high_school_m --------
L 05/29/2017 - 22:10:50: [savescores.smx] Note: This plugin supports updating via Plugin Autoupdater. Install it if you want to enable auto-update functionality.
L 05/29/2017 - 22:10:50: [customvotes.smx] Configuration file addons\sourcemod\configs\customvotes.cfg loaded.
L 05/29/2017 - 22:10:55: [randomcycle.smx] RandomCycle has chosen dm_raven_m for the nextmap.
L 05/29/2017 - 22:16:22: [mapchooser.smx] Starting map vote because outside request
L 05/29/2017 - 22:16:22: [mapchooser.smx] Voting for next map has started.
L 05/29/2017 - 22:16:26: [mapchooser.smx] Voting for next map has finished. Nextmap: dm_snowfall_m.
L 05/29/2017 - 22:16:28: [SM] Changed map to "dm_snowfall_m"
L 05/29/2017 - 22:16:28: -------- Mapchange to dm_snowfall_m --------
L 05/29/2017 - 22:16:28: [customvotes.smx] Configuration file addons\sourcemod\configs\customvotes.cfg loaded.
L 05/29/2017 - 22:16:34: [randomcycle.smx] RandomCycle has chosen pb_z_colony_m for the nextmap.
L 05/29/2017 - 22:30:17: SourceMod log file session started (file "L20170529.log") (Version "1.8.0.5973")
L 05/29/2017 - 22:30:17: -------- Mapchange to pb_z_high_school_m --------
L 05/29/2017 - 22:30:17: [savescores.smx] Note: This plugin supports updating via Plugin Autoupdater. Install it if you want to enable auto-update functionality.
L 05/29/2017 - 22:30:17: [customvotes.smx] Configuration file addons\sourcemod\configs\customvotes.cfg loaded.
L 05/29/2017 - 22:30:22: [randomcycle.smx] RandomCycle has chosen pb_z_office_tower_m for the nextmap.
L 05/29/2017 - 22:32:34: [mapchooser.smx] Starting map vote because outside request
L 05/29/2017 - 22:32:34: [mapchooser.smx] Voting for next map has started.
L 05/29/2017 - 22:32:56: [basecommands.smx] "Console<0><Console><Console>" changed map to "dm_snowfall_m"
L 05/29/2017 - 22:32:59: [SM] Changed map to "dm_snowfall_m"
L 05/29/2017 - 22:32:59: -------- Mapchange to dm_snowfall_m --------
L 05/29/2017 - 22:32:59: [customvotes.smx] Configuration file addons\sourcemod\configs\customvotes.cfg loaded.
L 05/29/2017 - 22:33:04: [randomcycle.smx] RandomCycle has chosen dm_coldruins_rc1_m for the nextmap.
L 05/29/2017 - 23:29:58: [mapchooser.smx] Voting for next map has started.
L 05/29/2017 - 23:33:08: [SM] Changed map to "dm_cave_m"
L 05/29/2017 - 23:33:09: -------- Mapchange to dm_cave_m --------
L 05/29/2017 - 23:33:09: [customvotes.smx] Configuration file addons\sourcemod\configs\customvotes.cfg loaded.
L 05/29/2017 - 23:33:14: [randomcycle.smx] RandomCycle has chosen pb_z_earthquake_m for the nextmap.
