L 06/03/2017 - 00:41:00: SourceMod log file session started (file "L20170603.log") (Version "1.8.0.5973")
L 06/03/2017 - 00:41:00: -------- Mapchange to pb_z_high_school_m --------
L 06/03/2017 - 00:41:01: [savescores.smx] Note: This plugin supports updating via Plugin Autoupdater. Install it if you want to enable auto-update functionality.
L 06/03/2017 - 00:41:07: [randomcycle.smx] RandomCycle has chosen pb_z_colony_m for the nextmap.
L 06/03/2017 - 03:18:06: [mapchooser.smx] Voting for next map has started.
L 06/03/2017 - 03:21:17: [SM] Changed map to "pb_z_office_tower_m"
L 06/03/2017 - 03:21:19: -------- Mapchange to pb_z_office_tower_m --------
L 06/03/2017 - 03:21:24: [randomcycle.smx] RandomCycle has chosen pb_z_area51_m for the nextmap.
L 06/03/2017 - 04:18:17: [mapchooser.smx] Voting for next map has started.
L 06/03/2017 - 04:21:28: [SM] Changed map to "dm_snowfall_m"
L 06/03/2017 - 04:21:28: -------- Mapchange to dm_snowfall_m --------
L 06/03/2017 - 04:21:33: [randomcycle.smx] RandomCycle has chosen pb_z_high_school_m for the nextmap.
L 06/03/2017 - 05:15:39: [mapchooser.smx] Starting map vote because outside request
L 06/03/2017 - 05:15:39: [mapchooser.smx] Voting for next map has started.
L 06/03/2017 - 05:15:46: [mapchooser.smx] Voting for next map has finished. Nextmap: dm_coldruins_rc1_m.
L 06/03/2017 - 05:15:48: [SM] Changed map to "dm_coldruins_rc1_m"
L 06/03/2017 - 05:15:50: -------- Mapchange to dm_coldruins_rc1_m --------
L 06/03/2017 - 05:15:55: [randomcycle.smx] RandomCycle has chosen dm_october_m for the nextmap.
L 06/03/2017 - 05:17:19: [customvotes.smx] Configuration file addons\sourcemod\configs\customvotes.cfg loaded.
L 06/03/2017 - 06:11:17: [customvotes.smx] Configuration file addons\sourcemod\configs\customvotes.cfg loaded.
L 06/03/2017 - 06:12:49: [mapchooser.smx] Voting for next map has started.
L 06/03/2017 - 06:15:59: [SM] Changed map to "dm_october_m"
L 06/03/2017 - 06:16:00: -------- Mapchange to dm_october_m --------
L 06/03/2017 - 06:16:06: [randomcycle.smx] RandomCycle has chosen dm_montana_m for the nextmap.
L 06/03/2017 - 07:12:59: [mapchooser.smx] Voting for next map has started.
L 06/03/2017 - 07:16:10: [SM] Changed map to "pb_z_area51_m"
L 06/03/2017 - 07:16:12: -------- Mapchange to pb_z_area51_m --------
L 06/03/2017 - 07:16:18: [randomcycle.smx] RandomCycle has chosen pb_z_industry_m for the nextmap.
L 06/03/2017 - 08:13:11: [mapchooser.smx] Voting for next map has started.
L 06/03/2017 - 08:16:22: [SM] Changed map to "dm_hellsdistrict_m"
L 06/03/2017 - 08:16:23: -------- Mapchange to dm_hellsdistrict_m --------
L 06/03/2017 - 08:16:28: [randomcycle.smx] RandomCycle has chosen dm_central_station_v1_m for the nextmap.
L 06/03/2017 - 09:13:21: [mapchooser.smx] Voting for next map has started.
L 06/03/2017 - 09:16:32: [SM] Changed map to "pb_z_colony_m"
L 06/03/2017 - 09:16:36: -------- Mapchange to pb_z_colony_m --------
L 06/03/2017 - 09:16:41: [randomcycle.smx] RandomCycle has chosen dm_snowfall_m for the nextmap.
L 06/03/2017 - 10:07:08: [mapchooser.smx] Starting map vote because outside request
L 06/03/2017 - 10:07:08: [mapchooser.smx] Voting for next map has started.
L 06/03/2017 - 10:16:46: [SM] Changed map to "dm_montana_m"
L 06/03/2017 - 10:16:49: -------- Mapchange to dm_montana_m --------
L 06/03/2017 - 10:16:54: [randomcycle.smx] RandomCycle has chosen dm_coldruins_rc1_m for the nextmap.
L 06/03/2017 - 10:30:47: [mapchooser.smx] Starting map vote because outside request
L 06/03/2017 - 10:30:47: [mapchooser.smx] Voting for next map has started.
L 06/03/2017 - 10:31:08: [mapchooser.smx] Voting for next map has finished. Nextmap: dm_mine_entrance_m.
L 06/03/2017 - 10:31:11: [SM] Changed map to "dm_mine_entrance_m"
L 06/03/2017 - 10:31:11: -------- Mapchange to dm_mine_entrance_m --------
L 06/03/2017 - 10:31:17: [randomcycle.smx] RandomCycle has chosen pb_z_earthquake_m for the nextmap.
L 06/03/2017 - 10:42:14: [mapchooser.smx] Starting map vote because outside request
L 06/03/2017 - 10:42:14: [mapchooser.smx] Voting for next map has started.
L 06/03/2017 - 10:42:34: [mapchooser.smx] Voting for next map has finished. Nextmap: pb_z_disorder_m.
L 06/03/2017 - 10:42:36: [SM] Changed map to "pb_z_disorder_m"
L 06/03/2017 - 10:42:38: -------- Mapchange to pb_z_disorder_m --------
L 06/03/2017 - 10:42:44: [randomcycle.smx] RandomCycle has chosen dm_morbid_m for the nextmap.
L 06/03/2017 - 10:56:09: [mapchooser.smx] Starting map vote because outside request
L 06/03/2017 - 10:56:09: [mapchooser.smx] Voting for next map has started.
L 06/03/2017 - 11:42:48: [SM] Changed map to "pb_z_office_tower_v2_m"
L 06/03/2017 - 11:42:52: -------- Mapchange to pb_z_office_tower_v2_m --------
L 06/03/2017 - 11:42:58: [randomcycle.smx] RandomCycle has chosen pb_z_high_school_m for the nextmap.
L 06/03/2017 - 12:39:51: [mapchooser.smx] Voting for next map has started.
L 06/03/2017 - 12:43:02: [SM] Changed map to "pb_z_high_school_m"
L 06/03/2017 - 12:43:02: -------- Mapchange to pb_z_high_school_m --------
L 06/03/2017 - 12:43:07: [randomcycle.smx] RandomCycle has chosen dm_laststop_m for the nextmap.
L 06/03/2017 - 13:40:01: [mapchooser.smx] Voting for next map has started.
L 06/03/2017 - 13:43:12: [SM] Changed map to "dm_central_station_v1_m"
L 06/03/2017 - 13:43:13: -------- Mapchange to dm_central_station_v1_m --------
L 06/03/2017 - 13:43:18: [randomcycle.smx] RandomCycle has chosen pb_z_disorder_m for the nextmap.
L 06/03/2017 - 14:40:12: [mapchooser.smx] Voting for next map has started.
L 06/03/2017 - 14:43:22: [SM] Changed map to "pb_z_industry_m"
L 06/03/2017 - 14:43:23: -------- Mapchange to pb_z_industry_m --------
L 06/03/2017 - 14:43:28: [randomcycle.smx] RandomCycle has chosen pb_z_industry_m for the nextmap.
L 06/03/2017 - 15:01:04: [mapchooser.smx] Starting map vote because outside request
L 06/03/2017 - 15:01:04: [mapchooser.smx] Voting for next map has started.
L 06/03/2017 - 15:01:14: [mapchooser.smx] Voting for next map has finished. Nextmap: dm_raven_m.
L 06/03/2017 - 15:01:17: [SM] Changed map to "dm_raven_m"
L 06/03/2017 - 15:01:18: -------- Mapchange to dm_raven_m --------
L 06/03/2017 - 15:01:23: [randomcycle.smx] RandomCycle has chosen dm_raven_m for the nextmap.
L 06/03/2017 - 15:58:16: [mapchooser.smx] Voting for next map has started.
L 06/03/2017 - 16:01:27: [SM] Changed map to "pb_z_underground_m"
L 06/03/2017 - 16:01:28: -------- Mapchange to pb_z_underground_m --------
L 06/03/2017 - 16:01:33: [randomcycle.smx] RandomCycle has chosen pb_z_office_tower_v2_m for the nextmap.
L 06/03/2017 - 16:58:26: [mapchooser.smx] Voting for next map has started.
L 06/03/2017 - 17:01:37: [SM] Changed map to "pb_z_area51_m"
L 06/03/2017 - 17:01:38: -------- Mapchange to pb_z_area51_m --------
L 06/03/2017 - 17:01:43: [randomcycle.smx] RandomCycle has chosen pb_z_high_school_m for the nextmap.
L 06/03/2017 - 17:51:45: [mapchooser.smx] Starting map vote because outside request
L 06/03/2017 - 17:51:45: [mapchooser.smx] Voting for next map has started.
L 06/03/2017 - 17:51:52: [mapchooser.smx] Voting for next map has finished. Nextmap: dm_october_m.
L 06/03/2017 - 17:51:54: [SM] Changed map to "dm_october_m"
L 06/03/2017 - 17:51:55: -------- Mapchange to dm_october_m --------
L 06/03/2017 - 17:52:00: [randomcycle.smx] RandomCycle has chosen dm_october_m for the nextmap.
L 06/03/2017 - 18:48:53: [mapchooser.smx] Voting for next map has started.
L 06/03/2017 - 18:52:04: [SM] Changed map to "dm_coldruins_rc1_m"
L 06/03/2017 - 18:52:05: -------- Mapchange to dm_coldruins_rc1_m --------
L 06/03/2017 - 18:52:10: [randomcycle.smx] RandomCycle has chosen pb_z_colony_m for the nextmap.
L 06/03/2017 - 18:53:12: [customvotes.smx] Configuration file addons\sourcemod\configs\customvotes.cfg loaded.
L 06/03/2017 - 19:10:10: [mapchooser.smx] Starting map vote because outside request
L 06/03/2017 - 19:10:10: [mapchooser.smx] Voting for next map has started.
L 06/03/2017 - 19:10:12: [mapchooser.smx] Voting for next map has finished. Nextmap: dm_snowfall_m.
L 06/03/2017 - 19:10:14: [SM] Changed map to "dm_snowfall_m"
L 06/03/2017 - 19:10:15: -------- Mapchange to dm_snowfall_m --------
L 06/03/2017 - 19:10:20: [randomcycle.smx] RandomCycle has chosen dm_montana_m for the nextmap.
L 06/03/2017 - 19:10:21: [customvotes.smx] Configuration file addons\sourcemod\configs\customvotes.cfg loaded.
L 06/03/2017 - 19:15:11: [mapchooser.smx] Starting map vote because outside request
L 06/03/2017 - 19:15:11: [mapchooser.smx] Voting for next map has started.
L 06/03/2017 - 19:15:12: [mapchooser.smx] Voting for next map has finished. Nextmap: dm_central_station_v1_m.
L 06/03/2017 - 19:15:14: [SM] Changed map to "dm_central_station_v1_m"
L 06/03/2017 - 19:15:15: -------- Mapchange to dm_central_station_v1_m --------
L 06/03/2017 - 19:15:20: [randomcycle.smx] RandomCycle has chosen pb_z_disorder_m for the nextmap.
L 06/03/2017 - 19:16:21: SourceMod log file session started (file "L20170603.log") (Version "1.8.0.5973")
L 06/03/2017 - 19:16:21: -------- Mapchange to pb_z_high_school_m --------
L 06/03/2017 - 19:16:23: [savescores.smx] Note: This plugin supports updating via Plugin Autoupdater. Install it if you want to enable auto-update functionality.
L 06/03/2017 - 19:16:29: [randomcycle.smx] RandomCycle has chosen pb_z_colony_m for the nextmap.
L 06/03/2017 - 19:16:59: [mapchooser.smx] Starting map vote because outside request
L 06/03/2017 - 19:16:59: [mapchooser.smx] Voting for next map has started.
L 06/03/2017 - 19:17:01: [mapchooser.smx] Voting for next map has finished. Nextmap: dm_central_station_v1_m.
L 06/03/2017 - 19:17:03: [SM] Changed map to "dm_central_station_v1_m"
L 06/03/2017 - 19:17:03: -------- Mapchange to dm_central_station_v1_m --------
L 06/03/2017 - 19:17:09: [randomcycle.smx] RandomCycle has chosen pb_z_area51_m for the nextmap.
L 06/03/2017 - 19:18:16: [mapchooser.smx] Starting map vote because outside request
L 06/03/2017 - 19:18:16: [mapchooser.smx] Voting for next map has started.
L 06/03/2017 - 19:18:18: [mapchooser.smx] Voting for next map has finished. Nextmap: dm_snowfall_m.
L 06/03/2017 - 19:18:20: [SM] Changed map to "dm_snowfall_m"
L 06/03/2017 - 19:18:20: -------- Mapchange to dm_snowfall_m --------
L 06/03/2017 - 19:18:25: [randomcycle.smx] RandomCycle has chosen pb_z_office_tower_v2_m for the nextmap.
L 06/03/2017 - 19:18:35: [customvotes.smx] Configuration file addons\sourcemod\configs\customvotes.cfg loaded.
L 06/03/2017 - 19:30:58: SourceMod log file session started (file "L20170603.log") (Version "1.8.0.5973")
L 06/03/2017 - 19:30:58: -------- Mapchange to pb_z_high_school_m --------
L 06/03/2017 - 19:30:58: [savescores.smx] Note: This plugin supports updating via Plugin Autoupdater. Install it if you want to enable auto-update functionality.
L 06/03/2017 - 19:31:03: [randomcycle.smx] RandomCycle has chosen pb_z_disorder_m for the nextmap.
L 06/03/2017 - 19:31:29: [mapchooser.smx] Starting map vote because outside request
L 06/03/2017 - 19:31:29: [mapchooser.smx] Voting for next map has started.
L 06/03/2017 - 19:31:32: [mapchooser.smx] Voting for next map has finished. Nextmap: dm_snowfall_m.
L 06/03/2017 - 19:31:34: [SM] Changed map to "dm_snowfall_m"
L 06/03/2017 - 19:31:34: -------- Mapchange to dm_snowfall_m --------
L 06/03/2017 - 19:31:39: [randomcycle.smx] RandomCycle has chosen dm_snowfall_m for the nextmap.
L 06/03/2017 - 19:31:44: [customvotes.smx] Configuration file addons\sourcemod\configs\customvotes.cfg loaded.
L 06/03/2017 - 20:28:32: [mapchooser.smx] Voting for next map has started.
L 06/03/2017 - 20:31:43: [SM] Changed map to "dm_laststop_m"
L 06/03/2017 - 20:31:44: -------- Mapchange to dm_laststop_m --------
L 06/03/2017 - 20:31:49: [randomcycle.smx] RandomCycle has chosen pb_z_high_school_m for the nextmap.
L 06/03/2017 - 21:06:26: [mapchooser.smx] Starting map vote because outside request
L 06/03/2017 - 21:06:26: [mapchooser.smx] Voting for next map has started.
L 06/03/2017 - 21:06:40: [mapchooser.smx] Voting for next map has finished. Nextmap: dm_morbid_m.
L 06/03/2017 - 21:06:42: [SM] Changed map to "dm_morbid_m"
L 06/03/2017 - 21:06:43: -------- Mapchange to dm_morbid_m --------
L 06/03/2017 - 21:06:48: [randomcycle.smx] RandomCycle has chosen dm_montana_m for the nextmap.
L 06/03/2017 - 21:09:59: [mapchooser.smx] Starting map vote because outside request
L 06/03/2017 - 21:09:59: [mapchooser.smx] Voting for next map has started.
L 06/03/2017 - 21:10:08: [mapchooser.smx] Voting for next map has finished. Nextmap: dm_hellsdistrict_m.
L 06/03/2017 - 21:10:10: [SM] Changed map to "dm_hellsdistrict_m"
L 06/03/2017 - 21:10:10: -------- Mapchange to dm_hellsdistrict_m --------
L 06/03/2017 - 21:10:16: [randomcycle.smx] RandomCycle has chosen pb_z_office_tower_m for the nextmap.
L 06/03/2017 - 21:15:26: [mapchooser.smx] Starting map vote because outside request
L 06/03/2017 - 21:15:26: [mapchooser.smx] Voting for next map has started.
L 06/03/2017 - 21:33:04: [rockthevote.smx] RTV changing map manually
L 06/03/2017 - 21:33:04: [SM] Changed map to "dm_coldruins_rc1_m"
L 06/03/2017 - 21:33:04: -------- Mapchange to dm_coldruins_rc1_m --------
L 06/03/2017 - 21:33:09: [randomcycle.smx] RandomCycle has chosen dm_october_m for the nextmap.
L 06/03/2017 - 21:34:49: [customvotes.smx] Configuration file addons\sourcemod\configs\customvotes.cfg loaded.
L 06/03/2017 - 22:25:44: [mapchooser.smx] Starting map vote because outside request
L 06/03/2017 - 22:25:44: [mapchooser.smx] Voting for next map has started.
L 06/03/2017 - 22:26:04: [mapchooser.smx] Voting for next map has finished. Nextmap: dm_october_m.
L 06/03/2017 - 22:26:07: [SM] Changed map to "dm_october_m"
L 06/03/2017 - 22:26:07: -------- Mapchange to dm_october_m --------
L 06/03/2017 - 22:26:13: [randomcycle.smx] RandomCycle has chosen dm_cave_m for the nextmap.
L 06/03/2017 - 22:36:31: [mapchooser.smx] Starting map vote because outside request
L 06/03/2017 - 22:36:31: [mapchooser.smx] Voting for next map has started.
L 06/03/2017 - 22:47:37: [rockthevote.smx] RTV changing map manually
L 06/03/2017 - 22:47:37: [SM] Changed map to "pb_z_office_tower_v2_m"
L 06/03/2017 - 22:47:38: -------- Mapchange to pb_z_office_tower_v2_m --------
L 06/03/2017 - 22:47:43: [randomcycle.smx] RandomCycle has chosen pb_z_earthquake_m for the nextmap.
L 06/03/2017 - 22:51:46: [customvotes.smx] Configuration file addons\sourcemod\configs\customvotes.cfg loaded.
L 06/03/2017 - 22:52:22: [mapchooser.smx] Starting map vote because outside request
L 06/03/2017 - 22:52:22: [mapchooser.smx] Voting for next map has started.
L 06/03/2017 - 22:52:42: [mapchooser.smx] Voting for next map has finished. Nextmap: dm_mine_entrance_m.
L 06/03/2017 - 22:52:44: [SM] Changed map to "dm_mine_entrance_m"
L 06/03/2017 - 22:52:45: -------- Mapchange to dm_mine_entrance_m --------
L 06/03/2017 - 22:52:50: [randomcycle.smx] RandomCycle has chosen pb_z_area51_m for the nextmap.
L 06/03/2017 - 23:02:19: [mapchooser.smx] Starting map vote because outside request
L 06/03/2017 - 23:02:19: [mapchooser.smx] Voting for next map has started.
L 06/03/2017 - 23:02:39: [mapchooser.smx] Voting for next map has finished. Nextmap: pb_z_disorder_m.
L 06/03/2017 - 23:02:41: [SM] Changed map to "pb_z_disorder_m"
L 06/03/2017 - 23:02:41: -------- Mapchange to pb_z_disorder_m --------
L 06/03/2017 - 23:02:47: [randomcycle.smx] RandomCycle has chosen dm_montana_m for the nextmap.
L 06/03/2017 - 23:16:59: [mapchooser.smx] Starting map vote because outside request
L 06/03/2017 - 23:16:59: [mapchooser.smx] Voting for next map has started.
L 06/03/2017 - 23:17:19: [mapchooser.smx] Voting for next map has finished. Nextmap: dm_snowfall_m.
L 06/03/2017 - 23:17:21: [SM] Changed map to "dm_snowfall_m"
L 06/03/2017 - 23:17:21: -------- Mapchange to dm_snowfall_m --------
L 06/03/2017 - 23:17:26: [randomcycle.smx] RandomCycle has chosen pb_z_office_tower_m for the nextmap.
L 06/03/2017 - 23:17:52: [mapchooser.smx] Starting map vote because outside request
L 06/03/2017 - 23:17:52: [mapchooser.smx] Voting for next map has started.
L 06/03/2017 - 23:18:13: [mapchooser.smx] Voting for next map has finished. Nextmap: pb_z_area51_m.
L 06/03/2017 - 23:18:15: [SM] Changed map to "pb_z_area51_m"
L 06/03/2017 - 23:18:15: -------- Mapchange to pb_z_area51_m --------
L 06/03/2017 - 23:18:20: [randomcycle.smx] RandomCycle has chosen dm_october_m for the nextmap.
