L 05/31/2017 - 00:03:49: SourceMod log file session started (file "L20170531.log") (Version "1.8.0.5973")
L 05/31/2017 - 00:03:49: [basecommands.smx] "Console<0><Console><Console>" changed map to "dm_central_station_v1_m"
L 05/31/2017 - 00:03:52: [SM] Changed map to "dm_central_station_v1_m"
L 05/31/2017 - 00:03:52: -------- Mapchange to dm_central_station_v1_m --------
L 05/31/2017 - 00:03:57: [randomcycle.smx] RandomCycle has chosen pb_z_area51_m for the nextmap.
L 05/31/2017 - 00:03:58: [customvotes.smx] Configuration file addons\sourcemod\configs\customvotes.cfg loaded.
L 05/31/2017 - 00:06:18: [basecommands.smx] "Console<0><Console><Console>" changed map to "dm_central_station_v1_m"
L 05/31/2017 - 00:06:21: [SM] Changed map to "dm_central_station_v1_m"
L 05/31/2017 - 00:06:21: -------- Mapchange to dm_central_station_v1_m --------
L 05/31/2017 - 00:06:26: [randomcycle.smx] RandomCycle has chosen pb_z_office_tower_v2_m for the nextmap.
L 05/31/2017 - 00:06:31: [customvotes.smx] Configuration file addons\sourcemod\configs\customvotes.cfg loaded.
L 05/31/2017 - 00:09:31: [mapchooser.smx] Starting map vote because outside request
L 05/31/2017 - 00:09:31: [mapchooser.smx] Voting for next map has started.
L 05/31/2017 - 00:09:35: [mapchooser.smx] Voting for next map has finished. Nextmap: dm_snowfall_m.
L 05/31/2017 - 00:09:37: [SM] Changed map to "dm_snowfall_m"
L 05/31/2017 - 00:09:39: -------- Mapchange to dm_snowfall_m --------
L 05/31/2017 - 00:09:44: [randomcycle.smx] RandomCycle has chosen dm_central_station_v1_m for the nextmap.
L 05/31/2017 - 00:09:49: [customvotes.smx] Configuration file addons\sourcemod\configs\customvotes.cfg loaded.
L 05/31/2017 - 00:35:46: [customvotes.smx] Configuration file addons\sourcemod\configs\customvotes.cfg loaded.
L 05/31/2017 - 01:06:37: [mapchooser.smx] Voting for next map has started.
L 05/31/2017 - 01:09:48: [SM] Changed map to "dm_cave_m"
L 05/31/2017 - 01:09:51: -------- Mapchange to dm_cave_m --------
L 05/31/2017 - 01:09:51: [customvotes.smx] Configuration file addons\sourcemod\configs\customvotes.cfg loaded.
L 05/31/2017 - 01:09:56: [randomcycle.smx] RandomCycle has chosen pb_z_underground_m for the nextmap.
L 05/31/2017 - 01:21:03: SourceMod log file session started (file "L20170531.log") (Version "1.8.0.5973")
L 05/31/2017 - 01:21:03: -------- Mapchange to pb_z_high_school_m --------
L 05/31/2017 - 01:21:03: [savescores.smx] Note: This plugin supports updating via Plugin Autoupdater. Install it if you want to enable auto-update functionality.
L 05/31/2017 - 01:21:03: [customvotes.smx] Configuration file addons\sourcemod\configs\customvotes.cfg loaded.
L 05/31/2017 - 01:21:08: [randomcycle.smx] RandomCycle has chosen pb_z_office_tower_v2_m for the nextmap.
L 05/31/2017 - 03:14:00: [mapchooser.smx] Voting for next map has started.
L 05/31/2017 - 03:17:11: [SM] Changed map to "dm_october_m"
L 05/31/2017 - 03:17:11: -------- Mapchange to dm_october_m --------
L 05/31/2017 - 03:17:17: [randomcycle.smx] RandomCycle has chosen pb_z_high_school_m for the nextmap.
L 05/31/2017 - 04:14:11: [mapchooser.smx] Voting for next map has started.
L 05/31/2017 - 04:14:31: [mapchooser.smx] Voting for next map has finished. Nextmap: dm_mine_entrance_m.
L 05/31/2017 - 04:17:22: [SM] Changed map to "dm_mine_entrance_m"
L 05/31/2017 - 04:17:23: -------- Mapchange to dm_mine_entrance_m --------
L 05/31/2017 - 04:17:28: [randomcycle.smx] RandomCycle has chosen dm_snowfall_m for the nextmap.
L 05/31/2017 - 04:47:39: [mapchooser.smx] Starting map vote because outside request
L 05/31/2017 - 04:47:39: [mapchooser.smx] Voting for next map has started.
L 05/31/2017 - 04:47:44: [mapchooser.smx] Voting for next map has finished. Nextmap: dm_coldruins_rc1_m.
L 05/31/2017 - 04:47:46: [SM] Changed map to "dm_coldruins_rc1_m"
L 05/31/2017 - 04:47:49: -------- Mapchange to dm_coldruins_rc1_m --------
L 05/31/2017 - 04:47:54: [randomcycle.smx] RandomCycle has chosen dm_october_m for the nextmap.
L 05/31/2017 - 04:48:32: [customvotes.smx] Configuration file addons\sourcemod\configs\customvotes.cfg loaded.
L 05/31/2017 - 05:44:48: [mapchooser.smx] Voting for next map has started.
L 05/31/2017 - 05:47:59: [SM] Changed map to "pb_z_underground_m"
L 05/31/2017 - 05:48:02: -------- Mapchange to pb_z_underground_m --------
L 05/31/2017 - 05:48:13: [randomcycle.smx] RandomCycle has chosen dm_coldruins_rc1_m for the nextmap.
L 05/31/2017 - 06:07:30: [mapchooser.smx] Starting map vote because outside request
L 05/31/2017 - 06:07:30: [mapchooser.smx] Voting for next map has started.
L 05/31/2017 - 06:48:17: [SM] Changed map to "dm_morbid_m"
L 05/31/2017 - 06:48:21: -------- Mapchange to dm_morbid_m --------
L 05/31/2017 - 06:48:38: [randomcycle.smx] RandomCycle has chosen pb_z_colony_m for the nextmap.
L 05/31/2017 - 07:45:31: [mapchooser.smx] Voting for next map has started.
L 05/31/2017 - 07:48:42: [SM] Changed map to "dm_hellsdistrict_m"
L 05/31/2017 - 07:48:44: -------- Mapchange to dm_hellsdistrict_m --------
L 05/31/2017 - 07:48:49: [randomcycle.smx] RandomCycle has chosen pb_z_underground_m for the nextmap.
L 05/31/2017 - 07:58:12: [mapchooser.smx] Starting map vote because outside request
L 05/31/2017 - 07:58:12: [mapchooser.smx] Voting for next map has started.
L 05/31/2017 - 07:58:17: [mapchooser.smx] Voting for next map has finished. Nextmap: pb_z_high_school_m.
L 05/31/2017 - 07:58:19: [SM] Changed map to "pb_z_high_school_m"
L 05/31/2017 - 07:58:21: -------- Mapchange to pb_z_high_school_m --------
L 05/31/2017 - 07:58:27: [randomcycle.smx] RandomCycle has chosen dm_hellsdistrict_m for the nextmap.
L 05/31/2017 - 08:01:49: [customvotes.smx] Configuration file addons\sourcemod\configs\customvotes.cfg loaded.
L 05/31/2017 - 08:55:20: [mapchooser.smx] Voting for next map has started.
L 05/31/2017 - 08:58:31: [SM] Changed map to "dm_october_m"
L 05/31/2017 - 08:58:32: -------- Mapchange to dm_october_m --------
L 05/31/2017 - 08:58:38: [randomcycle.smx] RandomCycle has chosen pb_z_office_tower_m for the nextmap.
L 05/31/2017 - 09:55:31: [mapchooser.smx] Voting for next map has started.
L 05/31/2017 - 09:58:42: [SM] Changed map to "pb_z_colony_m"
L 05/31/2017 - 09:58:47: -------- Mapchange to pb_z_colony_m --------
L 05/31/2017 - 09:58:52: [randomcycle.smx] RandomCycle has chosen pb_z_high_school_m for the nextmap.
L 05/31/2017 - 10:55:46: [mapchooser.smx] Voting for next map has started.
L 05/31/2017 - 10:56:06: [mapchooser.smx] Voting for next map has finished. Nextmap: dm_snowfall_m.
L 05/31/2017 - 10:58:57: [SM] Changed map to "dm_snowfall_m"
L 05/31/2017 - 10:58:59: -------- Mapchange to dm_snowfall_m --------
L 05/31/2017 - 10:59:04: [randomcycle.smx] RandomCycle has chosen dm_cave_m for the nextmap.
L 05/31/2017 - 11:53:39: [mapchooser.smx] Starting map vote because outside request
L 05/31/2017 - 11:53:39: [mapchooser.smx] Voting for next map has started.
L 05/31/2017 - 11:53:41: [mapchooser.smx] Voting for next map has finished. Nextmap: dm_central_station_v1_m.
L 05/31/2017 - 11:53:43: [SM] Changed map to "dm_central_station_v1_m"
L 05/31/2017 - 11:53:44: -------- Mapchange to dm_central_station_v1_m --------
L 05/31/2017 - 11:53:50: [randomcycle.smx] RandomCycle has chosen pb_z_industry_m for the nextmap.
L 05/31/2017 - 11:54:21: [customvotes.smx] Configuration file addons\sourcemod\configs\customvotes.cfg loaded.
L 05/31/2017 - 12:50:43: [mapchooser.smx] Voting for next map has started.
L 05/31/2017 - 12:53:54: [SM] Changed map to "dm_montana_m"
L 05/31/2017 - 12:53:57: -------- Mapchange to dm_montana_m --------
L 05/31/2017 - 12:54:02: [randomcycle.smx] RandomCycle has chosen pb_z_colony_m for the nextmap.
L 05/31/2017 - 13:50:55: [mapchooser.smx] Voting for next map has started.
L 05/31/2017 - 13:54:06: [SM] Changed map to "pb_z_industry_m"
L 05/31/2017 - 13:54:07: -------- Mapchange to pb_z_industry_m --------
L 05/31/2017 - 13:54:12: [randomcycle.smx] RandomCycle has chosen dm_raven_m for the nextmap.
L 05/31/2017 - 14:11:34: [mapchooser.smx] Starting map vote because outside request
L 05/31/2017 - 14:11:34: [mapchooser.smx] Voting for next map has started.
L 05/31/2017 - 14:11:39: [mapchooser.smx] Voting for next map has finished. Nextmap: pb_z_underground_m.
L 05/31/2017 - 14:11:41: [SM] Changed map to "pb_z_underground_m"
L 05/31/2017 - 14:11:42: -------- Mapchange to pb_z_underground_m --------
L 05/31/2017 - 14:11:47: [randomcycle.smx] RandomCycle has chosen dm_coldruins_rc1_m for the nextmap.
L 05/31/2017 - 14:12:19: [mapchooser.smx] Starting map vote because outside request
L 05/31/2017 - 14:12:19: [mapchooser.smx] Voting for next map has started.
L 05/31/2017 - 14:12:24: [mapchooser.smx] Voting for next map has finished. Nextmap: pb_z_earthquake_m.
L 05/31/2017 - 14:12:26: [SM] Changed map to "pb_z_earthquake_m"
L 05/31/2017 - 14:12:27: -------- Mapchange to pb_z_earthquake_m --------
L 05/31/2017 - 14:12:33: [randomcycle.smx] RandomCycle has chosen pb_z_area51_m for the nextmap.
L 05/31/2017 - 14:12:51: [customvotes.smx] Configuration file addons\sourcemod\configs\customvotes.cfg loaded.
L 05/31/2017 - 15:09:26: [mapchooser.smx] Voting for next map has started.
L 05/31/2017 - 15:11:15: [basecommands.smx] "Console<0><Console><Console>" changed map to "dm_snowfall_m"
L 05/31/2017 - 15:11:18: [SM] Changed map to "dm_snowfall_m"
L 05/31/2017 - 15:11:18: -------- Mapchange to dm_snowfall_m --------
L 05/31/2017 - 15:11:23: [randomcycle.smx] RandomCycle has chosen pb_z_disorder_m for the nextmap.
L 05/31/2017 - 15:11:55: [customvotes.smx] Configuration file addons\sourcemod\configs\customvotes.cfg loaded.
L 05/31/2017 - 16:08:17: [mapchooser.smx] Voting for next map has started.
L 05/31/2017 - 16:11:28: [SM] Changed map to "pb_z_colony_m"
L 05/31/2017 - 16:11:28: -------- Mapchange to pb_z_colony_m --------
L 05/31/2017 - 16:11:33: [randomcycle.smx] RandomCycle has chosen dm_hellsdistrict_m for the nextmap.
L 05/31/2017 - 17:08:26: [mapchooser.smx] Voting for next map has started.
L 05/31/2017 - 17:11:37: [SM] Changed map to "dm_mine_entrance_m"
L 05/31/2017 - 17:11:38: -------- Mapchange to dm_mine_entrance_m --------
L 05/31/2017 - 17:11:43: [randomcycle.smx] RandomCycle has chosen dm_central_station_v1_m for the nextmap.
L 05/31/2017 - 17:33:59: [mapchooser.smx] Starting map vote because outside request
L 05/31/2017 - 17:33:59: [mapchooser.smx] Voting for next map has started.
L 05/31/2017 - 17:34:04: [mapchooser.smx] Voting for next map has finished. Nextmap: dm_coldruins_rc1_m.
L 05/31/2017 - 17:34:06: [SM] Changed map to "dm_coldruins_rc1_m"
L 05/31/2017 - 17:34:08: -------- Mapchange to dm_coldruins_rc1_m --------
L 05/31/2017 - 17:34:14: [randomcycle.smx] RandomCycle has chosen pb_z_industry_m for the nextmap.
L 05/31/2017 - 17:34:50: [customvotes.smx] Configuration file addons\sourcemod\configs\customvotes.cfg loaded.
L 05/31/2017 - 18:18:52: [customvotes.smx] Configuration file addons\sourcemod\configs\customvotes.cfg loaded.
L 05/31/2017 - 18:31:07: [mapchooser.smx] Voting for next map has started.
L 05/31/2017 - 18:34:18: [SM] Changed map to "dm_raven_m"
L 05/31/2017 - 18:34:19: -------- Mapchange to dm_raven_m --------
L 05/31/2017 - 18:34:24: [randomcycle.smx] RandomCycle has chosen dm_cave_m for the nextmap.
L 05/31/2017 - 19:31:18: [mapchooser.smx] Voting for next map has started.
L 05/31/2017 - 19:31:35: [mapchooser.smx] Voting for next map has finished. Nextmap: pb_z_underground_m.
L 05/31/2017 - 19:34:29: [SM] Changed map to "pb_z_underground_m"
L 05/31/2017 - 19:34:30: -------- Mapchange to pb_z_underground_m --------
L 05/31/2017 - 19:34:35: [randomcycle.smx] RandomCycle has chosen pb_z_area51_m for the nextmap.
L 05/31/2017 - 20:31:28: [mapchooser.smx] Voting for next map has started.
L 05/31/2017 - 20:34:39: [SM] Changed map to "dm_laststop_m"
L 05/31/2017 - 20:34:40: -------- Mapchange to dm_laststop_m --------
L 05/31/2017 - 20:34:45: [randomcycle.smx] RandomCycle has chosen pb_z_office_tower_v2_m for the nextmap.
L 05/31/2017 - 20:51:26: [mapchooser.smx] Starting map vote because outside request
L 05/31/2017 - 20:51:26: [mapchooser.smx] Voting for next map has started.
L 05/31/2017 - 20:51:32: [mapchooser.smx] Voting for next map has finished. Nextmap: pb_z_earthquake_m.
L 05/31/2017 - 20:51:34: [SM] Changed map to "pb_z_earthquake_m"
L 05/31/2017 - 20:51:34: -------- Mapchange to pb_z_earthquake_m --------
L 05/31/2017 - 20:51:39: [randomcycle.smx] RandomCycle has chosen dm_coldruins_rc1_m for the nextmap.
L 05/31/2017 - 20:54:10: [customvotes.smx] Configuration file addons\sourcemod\configs\customvotes.cfg loaded.
L 05/31/2017 - 21:11:00: [customvotes.smx] Configuration file addons\sourcemod\configs\customvotes.cfg loaded.
L 05/31/2017 - 21:48:32: [mapchooser.smx] Voting for next map has started.
L 05/31/2017 - 21:51:43: [SM] Changed map to "dm_central_station_v1_m"
L 05/31/2017 - 21:51:44: -------- Mapchange to dm_central_station_v1_m --------
L 05/31/2017 - 21:51:49: [randomcycle.smx] RandomCycle has chosen pb_z_underground_m for the nextmap.
L 05/31/2017 - 22:48:42: [mapchooser.smx] Voting for next map has started.
L 05/31/2017 - 22:51:53: [SM] Changed map to "dm_mine_entrance_m"
L 05/31/2017 - 22:51:53: -------- Mapchange to dm_mine_entrance_m --------
L 05/31/2017 - 22:51:58: [randomcycle.smx] RandomCycle has chosen dm_hellsdistrict_m for the nextmap.
L 05/31/2017 - 23:48:51: [mapchooser.smx] Voting for next map has started.
L 05/31/2017 - 23:52:02: [SM] Changed map to "dm_montana_m"
L 05/31/2017 - 23:52:03: -------- Mapchange to dm_montana_m --------
L 05/31/2017 - 23:52:08: [randomcycle.smx] RandomCycle has chosen dm_central_station_v1_m for the nextmap.
