L 06/08/2017 - 00:19:42: SourceMod log file session started (file "L20170608.log") (Version "1.8.0.5973")
L 06/08/2017 - 00:19:42: [mapchooser.smx] Voting for next map has started.
L 06/08/2017 - 00:22:53: [SM] Changed map to "pb_z_office_tower_v2_m"
L 06/08/2017 - 00:22:54: -------- Mapchange to pb_z_office_tower_v2_m --------
L 06/08/2017 - 00:23:02: [randomcycle.smx] RandomCycle has chosen dm_mine_entrance_m for the nextmap.
L 06/08/2017 - 00:35:39: SourceMod log file session started (file "L20170608.log") (Version "1.8.0.5973")
L 06/08/2017 - 00:35:39: -------- Mapchange to pb_z_high_school_m --------
L 06/08/2017 - 00:35:39: [savescores.smx] Note: This plugin supports updating via Plugin Autoupdater. Install it if you want to enable auto-update functionality.
L 06/08/2017 - 00:35:45: [randomcycle.smx] RandomCycle has chosen pb_z_office_tower_v2_m for the nextmap.
L 06/08/2017 - 01:32:39: [mapchooser.smx] Voting for next map has started.
L 06/08/2017 - 01:35:50: [SM] Changed map to "dm_central_station_v1_m"
L 06/08/2017 - 01:35:51: -------- Mapchange to dm_central_station_v1_m --------
L 06/08/2017 - 01:35:56: [randomcycle.smx] RandomCycle has chosen dm_raven_m for the nextmap.
L 06/08/2017 - 02:32:49: [mapchooser.smx] Voting for next map has started.
L 06/08/2017 - 02:36:00: [SM] Changed map to "pb_z_industry_m"
L 06/08/2017 - 02:36:00: -------- Mapchange to pb_z_industry_m --------
L 06/08/2017 - 02:36:06: [randomcycle.smx] RandomCycle has chosen dm_montana_m for the nextmap.
L 06/08/2017 - 03:32:59: [mapchooser.smx] Voting for next map has started.
L 06/08/2017 - 03:36:10: [SM] Changed map to "dm_snowfall_m"
L 06/08/2017 - 03:36:11: -------- Mapchange to dm_snowfall_m --------
L 06/08/2017 - 03:36:16: [randomcycle.smx] RandomCycle has chosen pb_z_earthquake_m for the nextmap.
L 06/08/2017 - 04:33:09: [mapchooser.smx] Voting for next map has started.
L 06/08/2017 - 04:36:20: [SM] Changed map to "dm_morbid_m"
L 06/08/2017 - 04:36:20: -------- Mapchange to dm_morbid_m --------
L 06/08/2017 - 04:36:25: [randomcycle.smx] RandomCycle has chosen dm_thetunnel_v1_m for the nextmap.
L 06/08/2017 - 05:33:19: [mapchooser.smx] Voting for next map has started.
L 06/08/2017 - 05:36:11: [rockthevote.smx] RTV changing map manually
L 06/08/2017 - 05:36:11: [SM] Changed map to "pb_z_disorder_m"
L 06/08/2017 - 05:36:18: -------- Mapchange to pb_z_disorder_m --------
L 06/08/2017 - 05:36:25: [randomcycle.smx] RandomCycle has chosen dm_coldruins_rc1_m for the nextmap.
L 06/08/2017 - 05:40:45: [customvotes.smx] Configuration file addons\sourcemod\configs\customvotes.cfg loaded.
L 06/08/2017 - 05:50:47: [mapchooser.smx] Starting map vote because outside request
L 06/08/2017 - 05:50:47: [mapchooser.smx] Voting for next map has started.
L 06/08/2017 - 05:50:52: [mapchooser.smx] Voting for next map has finished. Nextmap: dm_pinnacles_m.
L 06/08/2017 - 05:50:54: [SM] Changed map to "dm_pinnacles_m"
L 06/08/2017 - 05:50:57: -------- Mapchange to dm_pinnacles_m --------
L 06/08/2017 - 05:51:02: [randomcycle.smx] RandomCycle has chosen dm_snowfall_m for the nextmap.
L 06/08/2017 - 05:53:33: [customvotes.smx] Configuration file addons\sourcemod\configs\customvotes.cfg loaded.
L 06/08/2017 - 06:47:56: [mapchooser.smx] Voting for next map has started.
L 06/08/2017 - 06:51:07: [SM] Changed map to "dm_mine_entrance_m"
L 06/08/2017 - 06:51:08: -------- Mapchange to dm_mine_entrance_m --------
L 06/08/2017 - 06:51:18: [randomcycle.smx] RandomCycle has chosen pb_z_underground_m for the nextmap.
L 06/08/2017 - 07:05:57: [mapchooser.smx] Starting map vote because outside request
L 06/08/2017 - 07:05:57: [mapchooser.smx] Voting for next map has started.
L 06/08/2017 - 07:06:02: [mapchooser.smx] Voting for next map has finished. Nextmap: pb_z_high_school_m.
L 06/08/2017 - 07:06:04: [SM] Changed map to "pb_z_high_school_m"
L 06/08/2017 - 07:06:06: -------- Mapchange to pb_z_high_school_m --------
L 06/08/2017 - 07:06:12: [randomcycle.smx] RandomCycle has chosen pb_z_office_tower_v2_m for the nextmap.
L 06/08/2017 - 07:08:47: [customvotes.smx] Configuration file addons\sourcemod\configs\customvotes.cfg loaded.
L 06/08/2017 - 07:29:43: [customvotes.smx] Configuration file addons\sourcemod\configs\customvotes.cfg loaded.
L 06/08/2017 - 08:03:05: [mapchooser.smx] Voting for next map has started.
L 06/08/2017 - 08:06:16: [SM] Changed map to "dm_hellsdistrict_m"
L 06/08/2017 - 08:06:18: -------- Mapchange to dm_hellsdistrict_m --------
L 06/08/2017 - 08:06:23: [randomcycle.smx] RandomCycle has chosen pb_z_colony_m for the nextmap.
L 06/08/2017 - 09:03:16: [mapchooser.smx] Voting for next map has started.
L 06/08/2017 - 09:06:27: [SM] Changed map to "dm_cave_m"
L 06/08/2017 - 09:06:31: -------- Mapchange to dm_cave_m --------
L 06/08/2017 - 09:06:38: [randomcycle.smx] RandomCycle has chosen pb_z_high_school_m for the nextmap.
L 06/08/2017 - 09:12:56: [mapchooser.smx] Starting map vote because outside request
L 06/08/2017 - 09:12:56: [mapchooser.smx] Voting for next map has started.
L 06/08/2017 - 09:12:59: [mapchooser.smx] Voting for next map has finished. Nextmap: dm_october_m.
L 06/08/2017 - 09:13:01: [SM] Changed map to "dm_october_m"
L 06/08/2017 - 09:13:02: -------- Mapchange to dm_october_m --------
L 06/08/2017 - 09:13:11: [randomcycle.smx] RandomCycle has chosen dm_coldruins_rc1_m for the nextmap.
L 06/08/2017 - 09:15:27: [customvotes.smx] Configuration file addons\sourcemod\configs\customvotes.cfg loaded.
L 06/08/2017 - 10:10:04: [mapchooser.smx] Voting for next map has started.
L 06/08/2017 - 10:13:15: [SM] Changed map to "dm_coldruins_rc1_m"
L 06/08/2017 - 10:13:16: -------- Mapchange to dm_coldruins_rc1_m --------
L 06/08/2017 - 10:13:22: [randomcycle.smx] RandomCycle has chosen dm_cave_m for the nextmap.
L 06/08/2017 - 11:10:15: [mapchooser.smx] Voting for next map has started.
L 06/08/2017 - 11:13:26: [SM] Changed map to "dm_morbid_m"
L 06/08/2017 - 11:13:28: -------- Mapchange to dm_morbid_m --------
L 06/08/2017 - 11:13:33: [randomcycle.smx] RandomCycle has chosen pb_z_industry_m for the nextmap.
L 06/08/2017 - 12:10:26: [mapchooser.smx] Voting for next map has started.
L 06/08/2017 - 12:13:37: [SM] Changed map to "dm_laststop_m"
L 06/08/2017 - 12:13:39: -------- Mapchange to dm_laststop_m --------
L 06/08/2017 - 12:13:44: [randomcycle.smx] RandomCycle has chosen pb_z_area51_m for the nextmap.
L 06/08/2017 - 12:42:57: [mapchooser.smx] Starting map vote because outside request
L 06/08/2017 - 12:42:57: [mapchooser.smx] Voting for next map has started.
L 06/08/2017 - 12:43:08: [mapchooser.smx] Voting for next map has finished. Nextmap: pb_z_earthquake_m.
L 06/08/2017 - 12:43:10: [SM] Changed map to "pb_z_earthquake_m"
L 06/08/2017 - 12:43:11: -------- Mapchange to pb_z_earthquake_m --------
L 06/08/2017 - 12:43:17: [randomcycle.smx] RandomCycle has chosen pb_z_office_tower_v2_m for the nextmap.
L 06/08/2017 - 13:40:10: [mapchooser.smx] Voting for next map has started.
L 06/08/2017 - 13:43:21: [SM] Changed map to "pb_z_office_tower_m"
L 06/08/2017 - 13:43:23: -------- Mapchange to pb_z_office_tower_m --------
L 06/08/2017 - 13:43:29: [randomcycle.smx] RandomCycle has chosen pb_z_office_tower_m for the nextmap.
L 06/08/2017 - 14:40:22: [mapchooser.smx] Voting for next map has started.
L 06/08/2017 - 14:43:33: [SM] Changed map to "dm_snowfall_m"
L 06/08/2017 - 14:43:35: -------- Mapchange to dm_snowfall_m --------
L 06/08/2017 - 14:43:40: [randomcycle.smx] RandomCycle has chosen pb_z_earthquake_m for the nextmap.
L 06/08/2017 - 14:57:20: [mapchooser.smx] Starting map vote because outside request
L 06/08/2017 - 14:57:20: [mapchooser.smx] Voting for next map has started.
L 06/08/2017 - 14:57:21: [mapchooser.smx] Voting for next map has finished. Nextmap: pb_z_high_school_m.
L 06/08/2017 - 14:57:23: [SM] Changed map to "pb_z_high_school_m"
L 06/08/2017 - 14:57:23: -------- Mapchange to pb_z_high_school_m --------
L 06/08/2017 - 14:57:29: [randomcycle.smx] RandomCycle has chosen pb_z_high_school_m for the nextmap.
L 06/08/2017 - 15:54:22: [mapchooser.smx] Voting for next map has started.
L 06/08/2017 - 15:57:33: [SM] Changed map to "dm_october_m"
L 06/08/2017 - 15:57:33: -------- Mapchange to dm_october_m --------
L 06/08/2017 - 15:57:39: [randomcycle.smx] RandomCycle has chosen dm_central_station_v1_m for the nextmap.
L 06/08/2017 - 16:54:32: [mapchooser.smx] Voting for next map has started.
L 06/08/2017 - 16:57:43: [SM] Changed map to "dm_thetunnel_v1_m"
L 06/08/2017 - 16:57:43: -------- Mapchange to dm_thetunnel_v1_m --------
L 06/08/2017 - 16:57:49: [randomcycle.smx] RandomCycle has chosen dm_montana_m for the nextmap.
L 06/08/2017 - 17:54:42: [mapchooser.smx] Voting for next map has started.
L 06/08/2017 - 17:57:53: [SM] Changed map to "dm_laststop_m"
L 06/08/2017 - 17:57:53: -------- Mapchange to dm_laststop_m --------
L 06/08/2017 - 17:57:58: [randomcycle.smx] RandomCycle has chosen dm_morbid_m for the nextmap.
L 06/08/2017 - 18:01:58: [mapchooser.smx] Starting map vote because outside request
L 06/08/2017 - 18:01:58: [mapchooser.smx] Voting for next map has started.
L 06/08/2017 - 18:02:04: [mapchooser.smx] Voting for next map has finished. Nextmap: pb_z_earthquake_m.
L 06/08/2017 - 18:02:06: [SM] Changed map to "pb_z_earthquake_m"
L 06/08/2017 - 18:02:06: -------- Mapchange to pb_z_earthquake_m --------
L 06/08/2017 - 18:02:11: [randomcycle.smx] RandomCycle has chosen pb_z_disorder_m for the nextmap.
L 06/08/2017 - 18:04:07: [customvotes.smx] Configuration file addons\sourcemod\configs\customvotes.cfg loaded.
L 06/08/2017 - 18:12:54: [mapchooser.smx] Starting map vote because outside request
L 06/08/2017 - 18:12:54: [mapchooser.smx] Voting for next map has started.
L 06/08/2017 - 18:13:01: [mapchooser.smx] Voting for next map has finished. Nextmap: dm_montana_m.
L 06/08/2017 - 18:13:03: [SM] Changed map to "dm_montana_m"
L 06/08/2017 - 18:13:07: -------- Mapchange to dm_montana_m --------
L 06/08/2017 - 18:13:13: [randomcycle.smx] RandomCycle has chosen pb_z_earthquake_m for the nextmap.
L 06/08/2017 - 18:13:41: [mapchooser.smx] Starting map vote because outside request
L 06/08/2017 - 18:13:41: [mapchooser.smx] Voting for next map has started.
L 06/08/2017 - 18:13:47: [mapchooser.smx] Voting for next map has finished. Nextmap: dm_pinnacles_m.
L 06/08/2017 - 18:13:49: [SM] Changed map to "dm_pinnacles_m"
L 06/08/2017 - 18:13:52: -------- Mapchange to dm_pinnacles_m --------
L 06/08/2017 - 18:13:58: [randomcycle.smx] RandomCycle has chosen dm_pinnacles_m for the nextmap.
L 06/08/2017 - 18:14:34: [mapchooser.smx] Starting map vote because outside request
L 06/08/2017 - 18:14:34: [mapchooser.smx] Voting for next map has started.
L 06/08/2017 - 18:14:39: [mapchooser.smx] Voting for next map has finished. Nextmap: pb_z_high_school_m.
L 06/08/2017 - 18:14:41: [SM] Changed map to "pb_z_high_school_m"
L 06/08/2017 - 18:14:41: -------- Mapchange to pb_z_high_school_m --------
L 06/08/2017 - 18:14:47: [randomcycle.smx] RandomCycle has chosen pb_z_area51_m for the nextmap.
L 06/08/2017 - 18:17:41: [customvotes.smx] Configuration file addons\sourcemod\configs\customvotes.cfg loaded.
L 06/08/2017 - 19:02:18: SourceMod log file session started (file "L20170608.log") (Version "1.8.0.5973")
L 06/08/2017 - 19:02:18: -------- Mapchange to pb_z_high_school_m --------
L 06/08/2017 - 19:02:19: [savescores.smx] Note: This plugin supports updating via Plugin Autoupdater. Install it if you want to enable auto-update functionality.
L 06/08/2017 - 19:02:21: [UPDATER] Successfully updated gamedata file "core.games/common.games.txt"
L 06/08/2017 - 19:02:21: [UPDATER] Successfully updated gamedata file "sdkhooks.games/game.kz.txt"
L 06/08/2017 - 19:02:21: [UPDATER] Successfully updated gamedata file "sdkhooks.games/master.games.txt"
L 06/08/2017 - 19:02:21: [UPDATER] Successfully updated gamedata file "sdktools.games/game.kz.txt"
L 06/08/2017 - 19:02:21: [UPDATER] Successfully updated gamedata file "sdktools.games/master.games.txt"
L 06/08/2017 - 19:02:21: [UPDATER] SourceMod has been updated, please reload it or restart your server.
L 06/08/2017 - 19:02:26: [randomcycle.smx] RandomCycle has chosen pb_z_underground_m for the nextmap.
L 06/08/2017 - 19:59:21: [mapchooser.smx] Voting for next map has started.
L 06/08/2017 - 20:02:32: [SM] Changed map to "dm_montana_m"
L 06/08/2017 - 20:02:32: -------- Mapchange to dm_montana_m --------
L 06/08/2017 - 20:02:37: [randomcycle.smx] RandomCycle has chosen dm_morbid_m for the nextmap.
L 06/08/2017 - 20:08:31: [mapchooser.smx] Starting map vote because outside request
L 06/08/2017 - 20:08:31: [mapchooser.smx] Voting for next map has started.
L 06/08/2017 - 20:08:43: [mapchooser.smx] Voting for next map has finished. Nextmap: pb_z_area51_m.
L 06/08/2017 - 20:08:45: [SM] Changed map to "pb_z_area51_m"
L 06/08/2017 - 20:08:47: -------- Mapchange to pb_z_area51_m --------
L 06/08/2017 - 20:08:54: [randomcycle.smx] RandomCycle has chosen dm_hellsdistrict_m for the nextmap.
L 06/08/2017 - 20:11:56: [customvotes.smx] Configuration file addons\sourcemod\configs\customvotes.cfg loaded.
L 06/08/2017 - 20:12:10: SourceMod log file session started (file "L20170608.log") (Version "1.8.0.5973")
L 06/08/2017 - 20:12:10: -------- Mapchange to pb_z_high_school_m --------
L 06/08/2017 - 20:12:10: [savescores.smx] Note: This plugin supports updating via Plugin Autoupdater. Install it if you want to enable auto-update functionality.
L 06/08/2017 - 20:12:17: [randomcycle.smx] RandomCycle has chosen dm_thetunnel_v1_m for the nextmap.
L 06/08/2017 - 20:17:36: [customvotes.smx] Configuration file addons\sourcemod\configs\customvotes.cfg loaded.
L 06/08/2017 - 20:34:37: [customvotes.smx] Configuration file addons\sourcemod\configs\customvotes.cfg loaded.
L 06/08/2017 - 21:09:13: [mapchooser.smx] Voting for next map has started.
L 06/08/2017 - 21:12:24: [SM] Changed map to "pb_z_office_tower_m"
L 06/08/2017 - 21:12:24: -------- Mapchange to pb_z_office_tower_m --------
L 06/08/2017 - 21:12:31: [randomcycle.smx] RandomCycle has chosen pb_z_area51_m for the nextmap.
L 06/08/2017 - 21:26:46: SourceMod log file session started (file "L20170608.log") (Version "1.8.0.5973")
L 06/08/2017 - 21:26:46: -------- Mapchange to pb_z_high_school_m --------
L 06/08/2017 - 21:26:47: [savescores.smx] Note: This plugin supports updating via Plugin Autoupdater. Install it if you want to enable auto-update functionality.
L 06/08/2017 - 21:26:54: [randomcycle.smx] RandomCycle has chosen dm_montana_m for the nextmap.
L 06/08/2017 - 21:29:38: [mapchooser.smx] Starting map vote because outside request
L 06/08/2017 - 21:29:38: [mapchooser.smx] Voting for next map has started.
L 06/08/2017 - 21:29:39: [mapchooser.smx] Voting for next map has finished. Nextmap: pb_z_area51_m.
L 06/08/2017 - 21:29:41: [SM] Changed map to "pb_z_area51_m"
L 06/08/2017 - 21:29:41: -------- Mapchange to pb_z_area51_m --------
L 06/08/2017 - 21:29:49: [randomcycle.smx] RandomCycle has chosen dm_laststop_m for the nextmap.
L 06/08/2017 - 21:31:03: [mapchooser.smx] Starting map vote because outside request
L 06/08/2017 - 21:31:03: [mapchooser.smx] Voting for next map has started.
L 06/08/2017 - 21:31:06: [mapchooser.smx] Voting for next map has finished. Nextmap: pb_z_colony_m.
L 06/08/2017 - 21:31:08: [SM] Changed map to "pb_z_colony_m"
L 06/08/2017 - 21:31:09: -------- Mapchange to pb_z_colony_m --------
L 06/08/2017 - 21:31:18: [randomcycle.smx] RandomCycle has chosen pb_z_earthquake_m for the nextmap.
L 06/08/2017 - 21:32:06: [mapchooser.smx] Starting map vote because outside request
L 06/08/2017 - 21:32:06: [mapchooser.smx] Voting for next map has started.
L 06/08/2017 - 21:32:09: [mapchooser.smx] Voting for next map has finished. Nextmap: pb_z_disorder_m.
L 06/08/2017 - 21:32:11: [SM] Changed map to "pb_z_disorder_m"
L 06/08/2017 - 21:32:11: -------- Mapchange to pb_z_disorder_m --------
L 06/08/2017 - 21:32:18: [randomcycle.smx] RandomCycle has chosen pb_z_high_school_m for the nextmap.
L 06/08/2017 - 21:32:57: [mapchooser.smx] Starting map vote because outside request
L 06/08/2017 - 21:32:57: [mapchooser.smx] Voting for next map has started.
L 06/08/2017 - 21:32:59: [mapchooser.smx] Voting for next map has finished. Nextmap: pb_z_earthquake_m.
L 06/08/2017 - 21:33:01: [SM] Changed map to "pb_z_earthquake_m"
L 06/08/2017 - 21:33:01: -------- Mapchange to pb_z_earthquake_m --------
L 06/08/2017 - 21:33:07: [randomcycle.smx] RandomCycle has chosen dm_october_m for the nextmap.
L 06/08/2017 - 21:33:53: [mapchooser.smx] Starting map vote because outside request
L 06/08/2017 - 21:33:53: [mapchooser.smx] Voting for next map has started.
L 06/08/2017 - 21:33:54: [mapchooser.smx] Voting for next map has finished. Nextmap: pb_z_industry_m.
L 06/08/2017 - 21:33:56: [SM] Changed map to "pb_z_industry_m"
L 06/08/2017 - 21:33:56: -------- Mapchange to pb_z_industry_m --------
L 06/08/2017 - 21:34:03: [randomcycle.smx] RandomCycle has chosen dm_central_station_v1_m for the nextmap.
L 06/08/2017 - 21:34:45: [mapchooser.smx] Starting map vote because outside request
L 06/08/2017 - 21:34:45: [mapchooser.smx] Voting for next map has started.
L 06/08/2017 - 21:34:48: [mapchooser.smx] Voting for next map has finished. Nextmap: pb_z_office_tower_m.
L 06/08/2017 - 21:34:50: [SM] Changed map to "pb_z_office_tower_m"
L 06/08/2017 - 21:34:50: -------- Mapchange to pb_z_office_tower_m --------
L 06/08/2017 - 21:34:57: [randomcycle.smx] RandomCycle has chosen dm_thetunnel_v1_m for the nextmap.
L 06/08/2017 - 21:35:23: [mapchooser.smx] Starting map vote because outside request
L 06/08/2017 - 21:35:23: [mapchooser.smx] Voting for next map has started.
L 06/08/2017 - 21:35:24: [mapchooser.smx] Voting for next map has finished. Nextmap: pb_z_office_tower_v2_m.
L 06/08/2017 - 21:35:26: [SM] Changed map to "pb_z_office_tower_v2_m"
L 06/08/2017 - 21:35:27: -------- Mapchange to pb_z_office_tower_v2_m --------
L 06/08/2017 - 21:35:31: SourceMod log file session started (file "L20170608.log") (Version "1.8.0.5973")
L 06/08/2017 - 21:35:31: -------- Mapchange to pb_z_high_school_m --------
L 06/08/2017 - 21:35:32: [savescores.smx] Note: This plugin supports updating via Plugin Autoupdater. Install it if you want to enable auto-update functionality.
L 06/08/2017 - 21:35:37: [randomcycle.smx] RandomCycle has chosen dm_montana_m for the nextmap.
L 06/08/2017 - 21:36:19: [mapchooser.smx] Starting map vote because outside request
L 06/08/2017 - 21:36:19: [mapchooser.smx] Voting for next map has started.
L 06/08/2017 - 21:36:21: [mapchooser.smx] Voting for next map has finished. Nextmap: pb_z_underground_m.
L 06/08/2017 - 21:36:23: [SM] Changed map to "pb_z_underground_m"
L 06/08/2017 - 21:36:23: -------- Mapchange to pb_z_underground_m --------
L 06/08/2017 - 21:36:29: [randomcycle.smx] RandomCycle has chosen dm_cave_m for the nextmap.
L 06/08/2017 - 21:37:16: [mapchooser.smx] Starting map vote because outside request
L 06/08/2017 - 21:37:16: [mapchooser.smx] Voting for next map has started.
L 06/08/2017 - 21:37:18: [mapchooser.smx] Voting for next map has finished. Nextmap: dm_cave_m.
L 06/08/2017 - 21:37:20: [SM] Changed map to "dm_cave_m"
L 06/08/2017 - 21:37:20: -------- Mapchange to dm_cave_m --------
L 06/08/2017 - 21:37:28: [randomcycle.smx] RandomCycle has chosen pb_z_area51_m for the nextmap.
L 06/08/2017 - 21:44:27: SourceMod log file session started (file "L20170608.log") (Version "1.8.0.5973")
L 06/08/2017 - 21:44:27: -------- Mapchange to pb_z_high_school_m --------
L 06/08/2017 - 21:44:27: [savescores.smx] Note: This plugin supports updating via Plugin Autoupdater. Install it if you want to enable auto-update functionality.
L 06/08/2017 - 21:44:33: [randomcycle.smx] RandomCycle has chosen pb_z_high_school_m for the nextmap.
L 06/08/2017 - 21:45:05: [basecommands.smx] "Console<0><Console><Console>" changed map to "dm_cave_m"
L 06/08/2017 - 21:45:08: [SM] Changed map to "dm_cave_m"
L 06/08/2017 - 21:45:08: -------- Mapchange to dm_cave_m --------
L 06/08/2017 - 21:45:14: [randomcycle.smx] RandomCycle has chosen dm_mine_entrance_m for the nextmap.
L 06/08/2017 - 21:46:14: [basecommands.smx] "Console<0><Console><Console>" changed map to "dm_cave_m"
L 06/08/2017 - 21:46:17: [SM] Changed map to "dm_cave_m"
L 06/08/2017 - 21:46:17: -------- Mapchange to dm_cave_m --------
L 06/08/2017 - 21:46:23: [randomcycle.smx] RandomCycle has chosen dm_cave_m for the nextmap.
L 06/08/2017 - 21:46:54: [basecommands.smx] "Console<0><Console><Console>" changed map to "dm_cave_m"
L 06/08/2017 - 21:46:57: [SM] Changed map to "dm_cave_m"
L 06/08/2017 - 21:46:58: -------- Mapchange to dm_cave_m --------
L 06/08/2017 - 21:47:03: [randomcycle.smx] RandomCycle has chosen dm_thetunnel_v1_m for the nextmap.
L 06/08/2017 - 21:47:56: SourceMod log file session started (file "L20170608.log") (Version "1.8.0.5973")
L 06/08/2017 - 21:47:56: -------- Mapchange to pb_z_high_school_m --------
L 06/08/2017 - 21:47:56: [savescores.smx] Note: This plugin supports updating via Plugin Autoupdater. Install it if you want to enable auto-update functionality.
L 06/08/2017 - 21:48:02: [randomcycle.smx] RandomCycle has chosen dm_snowfall_m for the nextmap.
L 06/08/2017 - 21:48:12: [basecommands.smx] "Console<0><Console><Console>" changed map to "dm_cave_m"
L 06/08/2017 - 21:48:15: [SM] Changed map to "dm_cave_m"
L 06/08/2017 - 21:48:15: -------- Mapchange to dm_cave_m --------
L 06/08/2017 - 21:48:23: [randomcycle.smx] RandomCycle has chosen pb_z_office_tower_m for the nextmap.
L 06/08/2017 - 21:49:26: SourceMod log file session started (file "L20170608.log") (Version "1.8.0.5973")
L 06/08/2017 - 21:49:26: -------- Mapchange to pb_z_high_school_m --------
L 06/08/2017 - 21:49:26: [savescores.smx] Note: This plugin supports updating via Plugin Autoupdater. Install it if you want to enable auto-update functionality.
L 06/08/2017 - 21:49:32: [randomcycle.smx] RandomCycle has chosen dm_pinnacles_m for the nextmap.
L 06/08/2017 - 21:49:37: [basecommands.smx] "Console<0><Console><Console>" changed map to "dm_cave_m"
L 06/08/2017 - 21:49:40: [SM] Changed map to "dm_cave_m"
L 06/08/2017 - 21:49:41: -------- Mapchange to dm_cave_m --------
L 06/08/2017 - 21:49:48: [randomcycle.smx] RandomCycle has chosen dm_central_station_v1_m for the nextmap.
L 06/08/2017 - 22:46:41: [mapchooser.smx] Voting for next map has started.
L 06/08/2017 - 22:49:52: [SM] Changed map to "pb_z_disorder_m"
L 06/08/2017 - 22:49:52: -------- Mapchange to pb_z_disorder_m --------
L 06/08/2017 - 22:49:57: [randomcycle.smx] RandomCycle has chosen dm_montana_m for the nextmap.
L 06/08/2017 - 23:46:50: [mapchooser.smx] Voting for next map has started.
L 06/08/2017 - 23:50:01: [SM] Changed map to "pb_z_area51_m"
L 06/08/2017 - 23:50:02: -------- Mapchange to pb_z_area51_m --------
L 06/08/2017 - 23:50:07: [randomcycle.smx] RandomCycle has chosen dm_morbid_m for the nextmap.
