L 05/18/2017 - 00:25:17: SourceMod log file session started (file "L20170518.log") (Version "1.8.0.5973")
L 05/18/2017 - 00:25:17: [mapchooser.smx] Voting for next map has started.
L 05/18/2017 - 00:28:28: [SM] Changed map to "dm_morbid_m"
L 05/18/2017 - 00:28:29: -------- Mapchange to dm_morbid_m --------
L 05/18/2017 - 00:28:34: [randomcycle.smx] RandomCycle has chosen pb_z_earthquake_m for the nextmap.
L 05/18/2017 - 01:25:27: [mapchooser.smx] Voting for next map has started.
L 05/18/2017 - 01:28:38: [SM] Changed map to "pb_z_earthquake_m"
L 05/18/2017 - 01:28:38: -------- Mapchange to pb_z_earthquake_m --------
L 05/18/2017 - 01:28:43: [randomcycle.smx] RandomCycle has chosen dm_laststop_m for the nextmap.
L 05/18/2017 - 01:51:08: SourceMod log file session started (file "L20170518.log") (Version "1.8.0.5973")
L 05/18/2017 - 01:51:08: -------- Mapchange to pb_z_high_school_m --------
L 05/18/2017 - 01:51:08: [savescores.smx] Note: This plugin supports updating via Plugin Autoupdater. Install it if you want to enable auto-update functionality.
L 05/18/2017 - 01:51:15: [randomcycle.smx] RandomCycle has chosen dm_october_m for the nextmap.
L 05/18/2017 - 03:26:12: [mapchooser.smx] Voting for next map has started.
L 05/18/2017 - 03:29:23: [SM] Changed map to "dm_morbid_m"
L 05/18/2017 - 03:29:23: -------- Mapchange to dm_morbid_m --------
L 05/18/2017 - 03:29:28: [randomcycle.smx] RandomCycle has chosen pb_z_area51_m for the nextmap.
L 05/18/2017 - 04:26:22: [mapchooser.smx] Voting for next map has started.
L 05/18/2017 - 04:29:33: [SM] Changed map to "pb_z_disorder_m"
L 05/18/2017 - 04:29:34: -------- Mapchange to pb_z_disorder_m --------
L 05/18/2017 - 04:29:40: [randomcycle.smx] RandomCycle has chosen dm_laststop_m for the nextmap.
L 05/18/2017 - 05:26:33: [mapchooser.smx] Voting for next map has started.
L 05/18/2017 - 05:29:44: [SM] Changed map to "pb_z_industry_m"
L 05/18/2017 - 05:29:44: -------- Mapchange to pb_z_industry_m --------
L 05/18/2017 - 05:29:49: [randomcycle.smx] RandomCycle has chosen pb_z_colony_m for the nextmap.
L 05/18/2017 - 06:26:43: [mapchooser.smx] Voting for next map has started.
L 05/18/2017 - 06:29:53: [SM] Changed map to "dm_montana_m"
L 05/18/2017 - 06:29:57: -------- Mapchange to dm_montana_m --------
L 05/18/2017 - 06:30:07: [randomcycle.smx] RandomCycle has chosen dm_coldruins_rc1_m for the nextmap.
L 05/18/2017 - 07:27:01: [mapchooser.smx] Voting for next map has started.
L 05/18/2017 - 07:30:12: [SM] Changed map to "dm_hellsdistrict_m"
L 05/18/2017 - 07:30:13: -------- Mapchange to dm_hellsdistrict_m --------
L 05/18/2017 - 07:30:18: [randomcycle.smx] RandomCycle has chosen dm_morbid_m for the nextmap.
L 05/18/2017 - 08:27:11: [mapchooser.smx] Voting for next map has started.
L 05/18/2017 - 08:30:23: [SM] Changed map to "pb_z_area51_m"
L 05/18/2017 - 08:30:25: -------- Mapchange to pb_z_area51_m --------
L 05/18/2017 - 08:30:31: [randomcycle.smx] RandomCycle has chosen dm_raven_m for the nextmap.
L 05/18/2017 - 09:27:24: [mapchooser.smx] Voting for next map has started.
L 05/18/2017 - 09:30:35: [SM] Changed map to "dm_cave_m"
L 05/18/2017 - 09:30:38: -------- Mapchange to dm_cave_m --------
L 05/18/2017 - 09:30:43: [randomcycle.smx] RandomCycle has chosen pb_z_office_tower_m for the nextmap.
L 05/18/2017 - 10:27:38: [mapchooser.smx] Voting for next map has started.
L 05/18/2017 - 10:30:49: [SM] Changed map to "pb_z_office_tower_m"
L 05/18/2017 - 10:30:50: -------- Mapchange to pb_z_office_tower_m --------
L 05/18/2017 - 10:30:56: [randomcycle.smx] RandomCycle has chosen dm_hellsdistrict_m for the nextmap.
L 05/18/2017 - 11:27:49: [mapchooser.smx] Voting for next map has started.
L 05/18/2017 - 11:30:59: [SM] Changed map to "dm_mine_entrance_m"
L 05/18/2017 - 11:31:00: -------- Mapchange to dm_mine_entrance_m --------
L 05/18/2017 - 11:31:06: [randomcycle.smx] RandomCycle has chosen dm_laststop_m for the nextmap.
L 05/18/2017 - 12:19:32: [mapchooser.smx] Starting map vote because outside request
L 05/18/2017 - 12:19:32: [mapchooser.smx] Voting for next map has started.
L 05/18/2017 - 12:19:36: [mapchooser.smx] Voting for next map has finished. Nextmap: pb_z_colony_m.
L 05/18/2017 - 12:19:38: [SM] Changed map to "pb_z_colony_m"
L 05/18/2017 - 12:19:42: -------- Mapchange to pb_z_colony_m --------
L 05/18/2017 - 12:19:48: [randomcycle.smx] RandomCycle has chosen pb_z_industry_m for the nextmap.
L 05/18/2017 - 12:20:11: [customvotes.smx] Configuration file addons\sourcemod\configs\customvotes.cfg loaded.
L 05/18/2017 - 13:16:41: [mapchooser.smx] Voting for next map has started.
L 05/18/2017 - 13:19:52: [SM] Changed map to "pb_z_disorder_m"
L 05/18/2017 - 13:19:54: -------- Mapchange to pb_z_disorder_m --------
L 05/18/2017 - 13:19:59: [randomcycle.smx] RandomCycle has chosen dm_montana_m for the nextmap.
L 05/18/2017 - 14:10:02: [customvotes.smx] Configuration file addons\sourcemod\configs\customvotes.cfg loaded.
L 05/18/2017 - 14:16:52: [mapchooser.smx] Voting for next map has started.
L 05/18/2017 - 14:20:03: [SM] Changed map to "dm_raven_m"
L 05/18/2017 - 14:20:05: -------- Mapchange to dm_raven_m --------
L 05/18/2017 - 14:20:10: [randomcycle.smx] RandomCycle has chosen pb_z_earthquake_m for the nextmap.
L 05/18/2017 - 14:24:07: [mapchooser.smx] Starting map vote because outside request
L 05/18/2017 - 14:24:07: [mapchooser.smx] Voting for next map has started.
L 05/18/2017 - 14:24:14: [mapchooser.smx] Voting for next map has finished. Nextmap: dm_coldruins_rc1_m.
L 05/18/2017 - 14:24:16: [SM] Changed map to "dm_coldruins_rc1_m"
L 05/18/2017 - 14:24:19: -------- Mapchange to dm_coldruins_rc1_m --------
L 05/18/2017 - 14:24:24: [randomcycle.smx] RandomCycle has chosen pb_z_colony_m for the nextmap.
L 05/18/2017 - 15:21:17: [mapchooser.smx] Voting for next map has started.
L 05/18/2017 - 15:24:28: [SM] Changed map to "dm_montana_m"
L 05/18/2017 - 15:24:28: -------- Mapchange to dm_montana_m --------
L 05/18/2017 - 15:24:34: [randomcycle.smx] RandomCycle has chosen dm_raven_m for the nextmap.
L 05/18/2017 - 16:21:27: [mapchooser.smx] Voting for next map has started.
L 05/18/2017 - 16:24:38: [SM] Changed map to "pb_z_earthquake_m"
L 05/18/2017 - 16:24:39: -------- Mapchange to pb_z_earthquake_m --------
L 05/18/2017 - 16:24:44: [randomcycle.smx] RandomCycle has chosen pb_z_underground_m for the nextmap.
L 05/18/2017 - 17:21:37: [mapchooser.smx] Voting for next map has started.
L 05/18/2017 - 17:24:48: [SM] Changed map to "dm_cave_m"
L 05/18/2017 - 17:24:48: -------- Mapchange to dm_cave_m --------
L 05/18/2017 - 17:24:54: [randomcycle.smx] RandomCycle has chosen pb_z_office_tower_v2_m for the nextmap.
L 05/18/2017 - 18:21:47: [mapchooser.smx] Voting for next map has started.
L 05/18/2017 - 18:24:58: [SM] Changed map to "dm_hellsdistrict_m"
L 05/18/2017 - 18:24:59: -------- Mapchange to dm_hellsdistrict_m --------
L 05/18/2017 - 18:25:04: [randomcycle.smx] RandomCycle has chosen dm_cave_m for the nextmap.
L 05/18/2017 - 19:21:57: [mapchooser.smx] Voting for next map has started.
L 05/18/2017 - 19:25:08: [SM] Changed map to "dm_morbid_m"
L 05/18/2017 - 19:25:09: -------- Mapchange to dm_morbid_m --------
L 05/18/2017 - 19:25:14: [randomcycle.smx] RandomCycle has chosen dm_mine_entrance_m for the nextmap.
L 05/18/2017 - 20:22:07: [mapchooser.smx] Voting for next map has started.
L 05/18/2017 - 20:25:18: [SM] Changed map to "pb_z_area51_m"
L 05/18/2017 - 20:25:19: -------- Mapchange to pb_z_area51_m --------
L 05/18/2017 - 20:25:24: [randomcycle.smx] RandomCycle has chosen pb_z_disorder_m for the nextmap.
L 05/18/2017 - 21:22:17: [mapchooser.smx] Voting for next map has started.
L 05/18/2017 - 21:25:28: [SM] Changed map to "dm_mine_entrance_m"
L 05/18/2017 - 21:25:28: -------- Mapchange to dm_mine_entrance_m --------
L 05/18/2017 - 21:25:33: [randomcycle.smx] RandomCycle has chosen dm_october_m for the nextmap.
L 05/18/2017 - 22:22:26: [mapchooser.smx] Voting for next map has started.
L 05/18/2017 - 22:25:37: [SM] Changed map to "pb_z_office_tower_v2_m"
L 05/18/2017 - 22:25:42: -------- Mapchange to pb_z_office_tower_v2_m --------
L 05/18/2017 - 22:25:47: [randomcycle.smx] RandomCycle has chosen dm_montana_m for the nextmap.
L 05/18/2017 - 23:22:40: [mapchooser.smx] Voting for next map has started.
L 05/18/2017 - 23:25:51: [SM] Changed map to "dm_montana_m"
L 05/18/2017 - 23:25:52: -------- Mapchange to dm_montana_m --------
L 05/18/2017 - 23:25:57: [randomcycle.smx] RandomCycle has chosen dm_laststop_m for the nextmap.
