L 05/08/2017 - 00:29:52: SourceMod log file session started (file "L20170508.log") (Version "1.8.0.5973")
L 05/08/2017 - 00:29:52: [mapchooser.smx] Voting for next map has started.
L 05/08/2017 - 00:33:03: [SM] Changed map to "pb_z_earthquake_m"
L 05/08/2017 - 00:33:04: -------- Mapchange to pb_z_earthquake_m --------
L 05/08/2017 - 00:33:09: [randomcycle.smx] RandomCycle has chosen dm_mine_entrance_m for the nextmap.
L 05/08/2017 - 01:16:03: SourceMod log file session started (file "L20170508.log") (Version "1.8.0.5973")
L 05/08/2017 - 01:16:03: -------- Mapchange to pb_z_high_school_m --------
L 05/08/2017 - 01:16:03: [savescores.smx] Note: This plugin supports updating via Plugin Autoupdater. Install it if you want to enable auto-update functionality.
L 05/08/2017 - 01:16:08: [randomcycle.smx] RandomCycle has chosen dm_coldruins_rc1_m for the nextmap.
L 05/08/2017 - 02:25:23: [mapchooser.smx] Voting for next map has started.
L 05/08/2017 - 02:28:34: [SM] Changed map to "dm_hellsdistrict_m"
L 05/08/2017 - 02:28:35: -------- Mapchange to dm_hellsdistrict_m --------
L 05/08/2017 - 02:28:40: [randomcycle.smx] RandomCycle has chosen dm_laststop_m for the nextmap.
L 05/08/2017 - 03:25:33: [mapchooser.smx] Voting for next map has started.
L 05/08/2017 - 03:28:44: [SM] Changed map to "pb_z_earthquake_m"
L 05/08/2017 - 03:28:44: -------- Mapchange to pb_z_earthquake_m --------
L 05/08/2017 - 03:28:49: [randomcycle.smx] RandomCycle has chosen dm_montana_m for the nextmap.
L 05/08/2017 - 04:25:42: [mapchooser.smx] Voting for next map has started.
L 05/08/2017 - 04:28:53: [SM] Changed map to "dm_montana_m"
L 05/08/2017 - 04:28:53: -------- Mapchange to dm_montana_m --------
L 05/08/2017 - 04:28:58: [randomcycle.smx] RandomCycle has chosen pb_z_disorder_m for the nextmap.
L 05/08/2017 - 05:25:52: [mapchooser.smx] Voting for next map has started.
L 05/08/2017 - 05:29:03: [SM] Changed map to "pb_z_area51_m"
L 05/08/2017 - 05:29:04: -------- Mapchange to pb_z_area51_m --------
L 05/08/2017 - 05:29:10: [randomcycle.smx] RandomCycle has chosen pb_z_colony_m for the nextmap.
L 05/08/2017 - 06:26:04: [mapchooser.smx] Voting for next map has started.
L 05/08/2017 - 06:29:15: [SM] Changed map to "dm_october_m"
L 05/08/2017 - 06:29:16: -------- Mapchange to dm_october_m --------
L 05/08/2017 - 06:29:27: [randomcycle.smx] RandomCycle has chosen dm_hellsdistrict_m for the nextmap.
L 05/08/2017 - 07:25:07: [customvotes.smx] Configuration file addons\sourcemod\configs\customvotes.cfg loaded.
L 05/08/2017 - 07:26:20: [mapchooser.smx] Voting for next map has started.
L 05/08/2017 - 07:29:31: [SM] Changed map to "dm_raven_m"
L 05/08/2017 - 07:29:33: -------- Mapchange to dm_raven_m --------
L 05/08/2017 - 07:29:38: [randomcycle.smx] RandomCycle has chosen dm_october_m for the nextmap.
L 05/08/2017 - 08:26:31: [mapchooser.smx] Voting for next map has started.
L 05/08/2017 - 08:29:42: [SM] Changed map to "pb_z_high_school_m"
L 05/08/2017 - 08:29:45: -------- Mapchange to pb_z_high_school_m --------
L 05/08/2017 - 08:29:50: [randomcycle.smx] RandomCycle has chosen pb_z_earthquake_m for the nextmap.
L 05/08/2017 - 09:26:43: [mapchooser.smx] Voting for next map has started.
L 05/08/2017 - 09:29:54: [SM] Changed map to "pb_z_office_tower_m"
L 05/08/2017 - 09:29:55: -------- Mapchange to pb_z_office_tower_m --------
L 05/08/2017 - 09:30:01: [randomcycle.smx] RandomCycle has chosen dm_coldruins_rc1_m for the nextmap.
L 05/08/2017 - 09:50:04: [mapchooser.smx] Starting map vote because outside request
L 05/08/2017 - 09:50:04: [mapchooser.smx] Voting for next map has started.
L 05/08/2017 - 09:50:09: [mapchooser.smx] Voting for next map has finished. Nextmap: pb_z_disorder_m.
L 05/08/2017 - 09:50:11: [SM] Changed map to "pb_z_disorder_m"
L 05/08/2017 - 09:50:13: -------- Mapchange to pb_z_disorder_m --------
L 05/08/2017 - 09:50:18: [randomcycle.smx] RandomCycle has chosen dm_mine_entrance_m for the nextmap.
L 05/08/2017 - 10:47:11: [mapchooser.smx] Voting for next map has started.
L 05/08/2017 - 10:50:22: [SM] Changed map to "pb_z_colony_m"
L 05/08/2017 - 10:50:26: -------- Mapchange to pb_z_colony_m --------
L 05/08/2017 - 10:50:32: [randomcycle.smx] RandomCycle has chosen pb_z_high_school_m for the nextmap.
L 05/08/2017 - 11:47:25: [mapchooser.smx] Voting for next map has started.
L 05/08/2017 - 11:50:36: [SM] Changed map to "pb_z_industry_m"
L 05/08/2017 - 11:50:36: -------- Mapchange to pb_z_industry_m --------
L 05/08/2017 - 11:50:41: [randomcycle.smx] RandomCycle has chosen pb_z_underground_m for the nextmap.
L 05/08/2017 - 12:47:34: [mapchooser.smx] Voting for next map has started.
L 05/08/2017 - 12:50:45: [SM] Changed map to "dm_laststop_m"
L 05/08/2017 - 12:50:47: -------- Mapchange to dm_laststop_m --------
L 05/08/2017 - 12:50:52: [randomcycle.smx] RandomCycle has chosen dm_cave_m for the nextmap.
L 05/08/2017 - 13:02:09: [mapchooser.smx] Starting map vote because outside request
L 05/08/2017 - 13:02:09: [mapchooser.smx] Voting for next map has started.
L 05/08/2017 - 13:02:16: [mapchooser.smx] Voting for next map has finished. Nextmap: pb_z_area51_m.
L 05/08/2017 - 13:02:18: [SM] Changed map to "pb_z_area51_m"
L 05/08/2017 - 13:02:20: -------- Mapchange to pb_z_area51_m --------
L 05/08/2017 - 13:02:25: [randomcycle.smx] RandomCycle has chosen pb_z_office_tower_m for the nextmap.
L 05/08/2017 - 13:05:21: [customvotes.smx] Configuration file addons\sourcemod\configs\customvotes.cfg loaded.
L 05/08/2017 - 13:22:25: [customvotes.smx] Configuration file addons\sourcemod\configs\customvotes.cfg loaded.
L 05/08/2017 - 13:33:47: [mapchooser.smx] Starting map vote because outside request
L 05/08/2017 - 13:33:47: [mapchooser.smx] Voting for next map has started.
L 05/08/2017 - 14:02:29: [SM] Changed map to "dm_mine_entrance_m"
L 05/08/2017 - 14:02:30: -------- Mapchange to dm_mine_entrance_m --------
L 05/08/2017 - 14:02:35: [randomcycle.smx] RandomCycle has chosen dm_raven_m for the nextmap.
L 05/08/2017 - 14:26:29: [customvotes.smx] Configuration file addons\sourcemod\configs\customvotes.cfg loaded.
L 05/08/2017 - 14:30:29: [mapchooser.smx] Starting map vote because outside request
L 05/08/2017 - 14:30:29: [mapchooser.smx] Voting for next map has started.
L 05/08/2017 - 14:30:36: [mapchooser.smx] Voting for next map has finished. Nextmap: pb_z_underground_m.
L 05/08/2017 - 14:30:38: [SM] Changed map to "pb_z_underground_m"
L 05/08/2017 - 14:30:39: -------- Mapchange to pb_z_underground_m --------
L 05/08/2017 - 14:30:44: [randomcycle.smx] RandomCycle has chosen dm_laststop_m for the nextmap.
L 05/08/2017 - 14:33:32: [mapchooser.smx] Starting map vote because outside request
L 05/08/2017 - 14:33:32: [mapchooser.smx] Voting for next map has started.
L 05/08/2017 - 14:33:41: [mapchooser.smx] Voting for next map has finished. Nextmap: pb_z_office_tower_m.
L 05/08/2017 - 14:33:43: [SM] Changed map to "pb_z_office_tower_m"
L 05/08/2017 - 14:33:43: -------- Mapchange to pb_z_office_tower_m --------
L 05/08/2017 - 14:33:49: [randomcycle.smx] RandomCycle has chosen pb_z_office_tower_v2_m for the nextmap.
L 05/08/2017 - 14:41:27: [mapchooser.smx] Starting map vote because outside request
L 05/08/2017 - 14:41:27: [mapchooser.smx] Voting for next map has started.
L 05/08/2017 - 14:46:44: [rockthevote.smx] RTV changing map manually
L 05/08/2017 - 14:46:44: [SM] Changed map to "dm_morbid_m"
L 05/08/2017 - 14:46:45: -------- Mapchange to dm_morbid_m --------
L 05/08/2017 - 14:46:51: [randomcycle.smx] RandomCycle has chosen dm_coldruins_rc1_m for the nextmap.
L 05/08/2017 - 15:43:44: [mapchooser.smx] Voting for next map has started.
L 05/08/2017 - 15:46:55: [SM] Changed map to "pb_z_high_school_m"
L 05/08/2017 - 15:46:55: -------- Mapchange to pb_z_high_school_m --------
L 05/08/2017 - 15:47:01: [randomcycle.smx] RandomCycle has chosen pb_z_high_school_m for the nextmap.
L 05/08/2017 - 16:01:39: [mapchooser.smx] Starting map vote because outside request
L 05/08/2017 - 16:01:39: [mapchooser.smx] Voting for next map has started.
L 05/08/2017 - 16:01:48: [mapchooser.smx] Voting for next map has finished. Nextmap: pb_z_office_tower_v2_m.
L 05/08/2017 - 16:01:50: [SM] Changed map to "pb_z_office_tower_v2_m"
L 05/08/2017 - 16:01:55: -------- Mapchange to pb_z_office_tower_v2_m --------
L 05/08/2017 - 16:02:00: [randomcycle.smx] RandomCycle has chosen pb_z_underground_m for the nextmap.
L 05/08/2017 - 16:03:13: [customvotes.smx] Configuration file addons\sourcemod\configs\customvotes.cfg loaded.
L 05/08/2017 - 16:24:10: [mapchooser.smx] Starting map vote because outside request
L 05/08/2017 - 16:24:10: [mapchooser.smx] Voting for next map has started.
L 05/08/2017 - 16:24:19: [mapchooser.smx] Voting for next map has finished. Nextmap: pb_z_colony_m.
L 05/08/2017 - 16:24:21: [SM] Changed map to "pb_z_colony_m"
L 05/08/2017 - 16:24:21: -------- Mapchange to pb_z_colony_m --------
L 05/08/2017 - 16:24:27: [randomcycle.smx] RandomCycle has chosen pb_z_colony_m for the nextmap.
L 05/08/2017 - 16:25:43: [customvotes.smx] Configuration file addons\sourcemod\configs\customvotes.cfg loaded.
L 05/08/2017 - 17:21:20: [mapchooser.smx] Voting for next map has started.
L 05/08/2017 - 17:24:31: [SM] Changed map to "dm_laststop_m"
L 05/08/2017 - 17:24:31: -------- Mapchange to dm_laststop_m --------
L 05/08/2017 - 17:24:36: [randomcycle.smx] RandomCycle has chosen dm_laststop_m for the nextmap.
L 05/08/2017 - 18:21:30: [mapchooser.smx] Voting for next map has started.
L 05/08/2017 - 18:24:41: [SM] Changed map to "pb_z_underground_m"
L 05/08/2017 - 18:24:41: -------- Mapchange to pb_z_underground_m --------
L 05/08/2017 - 18:24:47: [randomcycle.smx] RandomCycle has chosen pb_z_industry_m for the nextmap.
L 05/08/2017 - 19:19:36: [mapchooser.smx] Starting map vote because outside request
L 05/08/2017 - 19:19:36: [mapchooser.smx] Voting for next map has started.
L 05/08/2017 - 19:19:42: [mapchooser.smx] Voting for next map has finished. Nextmap: pb_z_earthquake_m.
L 05/08/2017 - 19:19:44: [SM] Changed map to "pb_z_earthquake_m"
L 05/08/2017 - 19:19:45: -------- Mapchange to pb_z_earthquake_m --------
L 05/08/2017 - 19:19:50: [randomcycle.smx] RandomCycle has chosen pb_z_disorder_m for the nextmap.
L 05/08/2017 - 19:25:29: [customvotes.smx] Configuration file addons\sourcemod\configs\customvotes.cfg loaded.
L 05/08/2017 - 20:16:43: [mapchooser.smx] Voting for next map has started.
L 05/08/2017 - 20:19:54: [SM] Changed map to "pb_z_area51_m"
L 05/08/2017 - 20:19:55: -------- Mapchange to pb_z_area51_m --------
L 05/08/2017 - 20:20:00: [randomcycle.smx] RandomCycle has chosen dm_raven_m for the nextmap.
L 05/08/2017 - 21:16:53: [mapchooser.smx] Voting for next map has started.
L 05/08/2017 - 21:20:04: [SM] Changed map to "pb_z_high_school_m"
L 05/08/2017 - 21:20:04: -------- Mapchange to pb_z_high_school_m --------
L 05/08/2017 - 21:20:09: [randomcycle.smx] RandomCycle has chosen dm_morbid_m for the nextmap.
L 05/08/2017 - 22:17:03: [mapchooser.smx] Voting for next map has started.
L 05/08/2017 - 22:20:14: [SM] Changed map to "dm_montana_m"
L 05/08/2017 - 22:20:16: -------- Mapchange to dm_montana_m --------
L 05/08/2017 - 22:20:22: [randomcycle.smx] RandomCycle has chosen dm_mine_entrance_m for the nextmap.
L 05/08/2017 - 23:17:15: [mapchooser.smx] Voting for next map has started.
L 05/08/2017 - 23:20:26: [SM] Changed map to "pb_z_industry_m"
L 05/08/2017 - 23:20:26: -------- Mapchange to pb_z_industry_m --------
L 05/08/2017 - 23:20:31: [randomcycle.smx] RandomCycle has chosen pb_z_area51_m for the nextmap.
