L 05/24/2017 - 00:01:10: SourceMod log file session started (file "L20170524.log") (Version "1.8.0.5973")
L 05/24/2017 - 00:01:10: -------- Mapchange to pb_z_high_school_m --------
L 05/24/2017 - 00:01:12: [savescores.smx] Note: This plugin supports updating via Plugin Autoupdater. Install it if you want to enable auto-update functionality.
L 05/24/2017 - 00:01:18: [randomcycle.smx] RandomCycle has chosen pb_z_disorder_m for the nextmap.
L 05/24/2017 - 05:17:47: [customvotes.smx] Configuration file addons\sourcemod\configs\customvotes.cfg loaded.
L 05/24/2017 - 06:10:12: [mapchooser.smx] Voting for next map has started.
L 05/24/2017 - 06:13:23: [SM] Changed map to "dm_morbid_m"
L 05/24/2017 - 06:13:25: -------- Mapchange to dm_morbid_m --------
L 05/24/2017 - 06:13:34: [randomcycle.smx] RandomCycle has chosen pb_z_underground_m for the nextmap.
L 05/24/2017 - 07:10:27: [mapchooser.smx] Voting for next map has started.
L 05/24/2017 - 07:13:38: [SM] Changed map to "dm_raven_m"
L 05/24/2017 - 07:13:39: -------- Mapchange to dm_raven_m --------
L 05/24/2017 - 07:13:45: [randomcycle.smx] RandomCycle has chosen dm_coldruins_rc1_m for the nextmap.
L 05/24/2017 - 08:10:38: [mapchooser.smx] Voting for next map has started.
L 05/24/2017 - 08:13:49: [SM] Changed map to "dm_hellsdistrict_m"
L 05/24/2017 - 08:13:50: -------- Mapchange to dm_hellsdistrict_m --------
L 05/24/2017 - 08:13:55: [randomcycle.smx] RandomCycle has chosen dm_laststop_m for the nextmap.
L 05/24/2017 - 09:10:49: [mapchooser.smx] Voting for next map has started.
L 05/24/2017 - 09:14:00: [SM] Changed map to "pb_z_underground_m"
L 05/24/2017 - 09:14:01: -------- Mapchange to pb_z_underground_m --------
L 05/24/2017 - 09:14:06: [randomcycle.smx] RandomCycle has chosen pb_z_area51_m for the nextmap.
L 05/24/2017 - 10:11:00: [mapchooser.smx] Voting for next map has started.
L 05/24/2017 - 10:14:11: [SM] Changed map to "pb_z_area51_m"
L 05/24/2017 - 10:14:13: -------- Mapchange to pb_z_area51_m --------
L 05/24/2017 - 10:14:18: [randomcycle.smx] RandomCycle has chosen dm_mine_entrance_m for the nextmap.
L 05/24/2017 - 11:11:11: [mapchooser.smx] Voting for next map has started.
L 05/24/2017 - 11:14:22: [SM] Changed map to "dm_coldruins_rc1_m"
L 05/24/2017 - 11:14:25: -------- Mapchange to dm_coldruins_rc1_m --------
L 05/24/2017 - 11:14:30: [randomcycle.smx] RandomCycle has chosen pb_z_disorder_m for the nextmap.
L 05/24/2017 - 12:11:23: [mapchooser.smx] Voting for next map has started.
L 05/24/2017 - 12:14:34: [SM] Changed map to "pb_z_industry_m"
L 05/24/2017 - 12:14:35: -------- Mapchange to pb_z_industry_m --------
L 05/24/2017 - 12:14:40: [randomcycle.smx] RandomCycle has chosen pb_z_underground_m for the nextmap.
L 05/24/2017 - 13:11:33: [mapchooser.smx] Voting for next map has started.
L 05/24/2017 - 13:14:44: [SM] Changed map to "pb_z_office_tower_v2_m"
L 05/24/2017 - 13:14:49: -------- Mapchange to pb_z_office_tower_v2_m --------
L 05/24/2017 - 13:14:54: [randomcycle.smx] RandomCycle has chosen pb_z_office_tower_m for the nextmap.
L 05/24/2017 - 14:11:47: [mapchooser.smx] Voting for next map has started.
L 05/24/2017 - 14:14:58: [SM] Changed map to "dm_raven_m"
L 05/24/2017 - 14:14:58: -------- Mapchange to dm_raven_m --------
L 05/24/2017 - 14:15:03: [randomcycle.smx] RandomCycle has chosen dm_october_m for the nextmap.
L 05/24/2017 - 15:11:56: [mapchooser.smx] Voting for next map has started.
L 05/24/2017 - 15:15:07: [SM] Changed map to "pb_z_earthquake_m"
L 05/24/2017 - 15:15:09: -------- Mapchange to pb_z_earthquake_m --------
L 05/24/2017 - 15:15:14: [randomcycle.smx] RandomCycle has chosen pb_z_high_school_m for the nextmap.
L 05/24/2017 - 15:34:21: [customvotes.smx] Configuration file addons\sourcemod\configs\customvotes.cfg loaded.
L 05/24/2017 - 15:43:46: [customvotes.smx] Configuration file addons\sourcemod\configs\customvotes.cfg loaded.
L 05/24/2017 - 16:12:08: [mapchooser.smx] Voting for next map has started.
L 05/24/2017 - 16:15:19: [SM] Changed map to "pb_z_colony_m"
L 05/24/2017 - 16:15:23: -------- Mapchange to pb_z_colony_m --------
L 05/24/2017 - 16:15:28: [randomcycle.smx] RandomCycle has chosen pb_z_earthquake_m for the nextmap.
L 05/24/2017 - 17:12:21: [mapchooser.smx] Voting for next map has started.
L 05/24/2017 - 17:15:32: [SM] Changed map to "dm_laststop_m"
L 05/24/2017 - 17:15:34: -------- Mapchange to dm_laststop_m --------
L 05/24/2017 - 17:15:39: [randomcycle.smx] RandomCycle has chosen pb_z_colony_m for the nextmap.
L 05/24/2017 - 18:12:32: [mapchooser.smx] Voting for next map has started.
L 05/24/2017 - 18:15:43: [SM] Changed map to "pb_z_area51_m"
L 05/24/2017 - 18:15:43: -------- Mapchange to pb_z_area51_m --------
L 05/24/2017 - 18:15:48: [randomcycle.smx] RandomCycle has chosen pb_z_underground_m for the nextmap.
L 05/24/2017 - 19:12:42: [mapchooser.smx] Voting for next map has started.
L 05/24/2017 - 19:15:52: [SM] Changed map to "dm_coldruins_rc1_m"
L 05/24/2017 - 19:15:53: -------- Mapchange to dm_coldruins_rc1_m --------
L 05/24/2017 - 19:15:58: [randomcycle.smx] RandomCycle has chosen pb_z_industry_m for the nextmap.
L 05/24/2017 - 20:12:51: [mapchooser.smx] Voting for next map has started.
L 05/24/2017 - 20:16:02: [SM] Changed map to "dm_hellsdistrict_m"
L 05/24/2017 - 20:16:02: -------- Mapchange to dm_hellsdistrict_m --------
L 05/24/2017 - 20:16:07: [randomcycle.smx] RandomCycle has chosen dm_cave_m for the nextmap.
L 05/24/2017 - 21:13:01: [mapchooser.smx] Voting for next map has started.
L 05/24/2017 - 21:16:12: [SM] Changed map to "pb_z_industry_m"
L 05/24/2017 - 21:16:12: -------- Mapchange to pb_z_industry_m --------
L 05/24/2017 - 21:16:17: [randomcycle.smx] RandomCycle has chosen pb_z_office_tower_v2_m for the nextmap.
L 05/24/2017 - 22:13:13: [mapchooser.smx] Voting for next map has started.
L 05/24/2017 - 22:13:21: [mapchooser.smx] Voting for next map has finished. Nextmap: dm_montana_m.
L 05/24/2017 - 22:16:24: [SM] Changed map to "dm_montana_m"
L 05/24/2017 - 22:16:27: -------- Mapchange to dm_montana_m --------
L 05/24/2017 - 22:16:32: [randomcycle.smx] RandomCycle has chosen pb_z_high_school_m for the nextmap.
L 05/24/2017 - 23:13:26: [mapchooser.smx] Voting for next map has started.
L 05/24/2017 - 23:16:37: [SM] Changed map to "dm_october_m"
L 05/24/2017 - 23:16:37: -------- Mapchange to dm_october_m --------
L 05/24/2017 - 23:16:43: [randomcycle.smx] RandomCycle has chosen dm_laststop_m for the nextmap.
