L 05/11/2017 - 00:15:50: SourceMod log file session started (file "L20170511.log") (Version "1.8.0.5973")
L 05/11/2017 - 00:15:50: [mapchooser.smx] Voting for next map has started.
L 05/11/2017 - 00:19:01: [SM] Changed map to "dm_cave_m"
L 05/11/2017 - 00:19:01: -------- Mapchange to dm_cave_m --------
L 05/11/2017 - 00:19:06: [randomcycle.smx] RandomCycle has chosen pb_z_office_tower_m for the nextmap.
L 05/11/2017 - 01:42:05: SourceMod log file session started (file "L20170511.log") (Version "1.8.0.5973")
L 05/11/2017 - 01:42:05: -------- Mapchange to pb_z_high_school_m --------
L 05/11/2017 - 01:42:06: [savescores.smx] Note: This plugin supports updating via Plugin Autoupdater. Install it if you want to enable auto-update functionality.
L 05/11/2017 - 01:42:12: [randomcycle.smx] RandomCycle has chosen pb_z_earthquake_m for the nextmap.
L 05/11/2017 - 05:16:26: [mapchooser.smx] Starting map vote because outside request
L 05/11/2017 - 05:16:26: [mapchooser.smx] Voting for next map has started.
L 05/11/2017 - 05:16:31: [mapchooser.smx] Voting for next map has finished. Nextmap: pb_z_office_tower_m.
L 05/11/2017 - 05:16:33: [SM] Changed map to "pb_z_office_tower_m"
L 05/11/2017 - 05:16:33: -------- Mapchange to pb_z_office_tower_m --------
L 05/11/2017 - 05:16:39: [randomcycle.smx] RandomCycle has chosen dm_montana_m for the nextmap.
L 05/11/2017 - 05:31:32: [customvotes.smx] Configuration file addons\sourcemod\configs\customvotes.cfg loaded.
L 05/11/2017 - 05:34:34: [mapchooser.smx] Starting map vote because outside request
L 05/11/2017 - 05:34:34: [mapchooser.smx] Voting for next map has started.
L 05/11/2017 - 05:34:42: [mapchooser.smx] Voting for next map has finished. Nextmap: pb_z_industry_m.
L 05/11/2017 - 05:34:44: [SM] Changed map to "pb_z_industry_m"
L 05/11/2017 - 05:34:45: -------- Mapchange to pb_z_industry_m --------
L 05/11/2017 - 05:34:50: [randomcycle.smx] RandomCycle has chosen dm_hellsdistrict_m for the nextmap.
L 05/11/2017 - 06:31:43: [mapchooser.smx] Voting for next map has started.
L 05/11/2017 - 06:34:54: [SM] Changed map to "dm_hellsdistrict_m"
L 05/11/2017 - 06:34:56: -------- Mapchange to dm_hellsdistrict_m --------
L 05/11/2017 - 06:35:05: [randomcycle.smx] RandomCycle has chosen dm_raven_m for the nextmap.
L 05/11/2017 - 07:31:58: [mapchooser.smx] Voting for next map has started.
L 05/11/2017 - 07:35:09: [SM] Changed map to "pb_z_earthquake_m"
L 05/11/2017 - 07:35:11: -------- Mapchange to pb_z_earthquake_m --------
L 05/11/2017 - 07:35:16: [randomcycle.smx] RandomCycle has chosen dm_laststop_m for the nextmap.
L 05/11/2017 - 08:32:09: [mapchooser.smx] Voting for next map has started.
L 05/11/2017 - 08:35:20: [SM] Changed map to "dm_raven_m"
L 05/11/2017 - 08:35:22: -------- Mapchange to dm_raven_m --------
L 05/11/2017 - 08:35:27: [randomcycle.smx] RandomCycle has chosen dm_cave_m for the nextmap.
L 05/11/2017 - 09:32:20: [mapchooser.smx] Voting for next map has started.
L 05/11/2017 - 09:35:31: [SM] Changed map to "pb_z_office_tower_v2_m"
L 05/11/2017 - 09:35:36: -------- Mapchange to pb_z_office_tower_v2_m --------
L 05/11/2017 - 09:35:41: [randomcycle.smx] RandomCycle has chosen pb_z_area51_m for the nextmap.
L 05/11/2017 - 10:32:34: [mapchooser.smx] Voting for next map has started.
L 05/11/2017 - 10:35:45: [SM] Changed map to "pb_z_colony_m"
L 05/11/2017 - 10:35:49: -------- Mapchange to pb_z_colony_m --------
L 05/11/2017 - 10:35:55: [randomcycle.smx] RandomCycle has chosen dm_mine_entrance_m for the nextmap.
L 05/11/2017 - 11:09:50: [customvotes.smx] Configuration file addons\sourcemod\configs\customvotes.cfg loaded.
L 05/11/2017 - 11:32:49: [mapchooser.smx] Voting for next map has started.
L 05/11/2017 - 11:36:00: [SM] Changed map to "dm_october_m"
L 05/11/2017 - 11:36:00: -------- Mapchange to dm_october_m --------
L 05/11/2017 - 11:36:06: [randomcycle.smx] RandomCycle has chosen dm_hellsdistrict_m for the nextmap.
L 05/11/2017 - 12:32:59: [mapchooser.smx] Voting for next map has started.
L 05/11/2017 - 12:36:10: [SM] Changed map to "pb_z_high_school_m"
L 05/11/2017 - 12:36:12: -------- Mapchange to pb_z_high_school_m --------
L 05/11/2017 - 12:36:18: [randomcycle.smx] RandomCycle has chosen pb_z_office_tower_m for the nextmap.
L 05/11/2017 - 13:24:55: [customvotes.smx] Configuration file addons\sourcemod\configs\customvotes.cfg loaded.
L 05/11/2017 - 13:33:11: [mapchooser.smx] Voting for next map has started.
L 05/11/2017 - 13:36:22: [SM] Changed map to "dm_hellsdistrict_m"
L 05/11/2017 - 13:36:23: -------- Mapchange to dm_hellsdistrict_m --------
L 05/11/2017 - 13:36:28: [randomcycle.smx] RandomCycle has chosen pb_z_disorder_m for the nextmap.
L 05/11/2017 - 14:33:22: [mapchooser.smx] Voting for next map has started.
L 05/11/2017 - 14:36:33: [SM] Changed map to "pb_z_office_tower_m"
L 05/11/2017 - 14:36:34: -------- Mapchange to pb_z_office_tower_m --------
L 05/11/2017 - 14:36:39: [randomcycle.smx] RandomCycle has chosen pb_z_office_tower_v2_m for the nextmap.
L 05/11/2017 - 15:33:32: [mapchooser.smx] Voting for next map has started.
L 05/11/2017 - 15:36:43: [SM] Changed map to "pb_z_disorder_m"
L 05/11/2017 - 15:36:45: -------- Mapchange to pb_z_disorder_m --------
L 05/11/2017 - 15:36:50: [randomcycle.smx] RandomCycle has chosen dm_morbid_m for the nextmap.
L 05/11/2017 - 16:33:44: [mapchooser.smx] Voting for next map has started.
L 05/11/2017 - 16:36:55: [SM] Changed map to "pb_z_area51_m"
L 05/11/2017 - 16:36:57: -------- Mapchange to pb_z_area51_m --------
L 05/11/2017 - 16:37:02: [randomcycle.smx] RandomCycle has chosen pb_z_underground_m for the nextmap.
L 05/11/2017 - 17:33:55: [mapchooser.smx] Voting for next map has started.
L 05/11/2017 - 17:37:06: [SM] Changed map to "pb_z_colony_m"
L 05/11/2017 - 17:37:06: -------- Mapchange to pb_z_colony_m --------
L 05/11/2017 - 17:37:12: [randomcycle.smx] RandomCycle has chosen dm_raven_m for the nextmap.
L 05/11/2017 - 18:34:07: [mapchooser.smx] Voting for next map has started.
L 05/11/2017 - 18:34:22: [mapchooser.smx] Voting for next map has finished. Nextmap: dm_morbid_m.
L 05/11/2017 - 18:37:18: [SM] Changed map to "dm_morbid_m"
L 05/11/2017 - 18:37:19: -------- Mapchange to dm_morbid_m --------
L 05/11/2017 - 18:37:25: [randomcycle.smx] RandomCycle has chosen dm_mine_entrance_m for the nextmap.
L 05/11/2017 - 19:34:18: [mapchooser.smx] Voting for next map has started.
L 05/11/2017 - 19:34:35: [mapchooser.smx] Voting for next map has finished. Nextmap: pb_z_high_school_m.
L 05/11/2017 - 19:37:29: [SM] Changed map to "pb_z_high_school_m"
L 05/11/2017 - 19:37:29: -------- Mapchange to pb_z_high_school_m --------
L 05/11/2017 - 19:37:34: [randomcycle.smx] RandomCycle has chosen pb_z_earthquake_m for the nextmap.
L 05/11/2017 - 20:34:27: [mapchooser.smx] Voting for next map has started.
L 05/11/2017 - 20:37:38: [SM] Changed map to "pb_z_industry_m"
L 05/11/2017 - 20:37:39: -------- Mapchange to pb_z_industry_m --------
L 05/11/2017 - 20:37:44: [randomcycle.smx] RandomCycle has chosen pb_z_area51_m for the nextmap.
L 05/11/2017 - 21:34:37: [mapchooser.smx] Voting for next map has started.
L 05/11/2017 - 21:37:48: [SM] Changed map to "dm_laststop_m"
L 05/11/2017 - 21:37:50: -------- Mapchange to dm_laststop_m --------
L 05/11/2017 - 21:37:55: [randomcycle.smx] RandomCycle has chosen dm_morbid_m for the nextmap.
L 05/11/2017 - 22:34:48: [mapchooser.smx] Voting for next map has started.
L 05/11/2017 - 22:37:59: [SM] Changed map to "pb_z_office_tower_v2_m"
L 05/11/2017 - 22:37:59: -------- Mapchange to pb_z_office_tower_v2_m --------
L 05/11/2017 - 22:38:05: [randomcycle.smx] RandomCycle has chosen dm_montana_m for the nextmap.
L 05/11/2017 - 23:34:58: [mapchooser.smx] Voting for next map has started.
L 05/11/2017 - 23:38:09: [SM] Changed map to "pb_z_disorder_m"
L 05/11/2017 - 23:38:09: -------- Mapchange to pb_z_disorder_m --------
L 05/11/2017 - 23:38:15: [randomcycle.smx] RandomCycle has chosen pb_z_disorder_m for the nextmap.
