L 06/22/2017 - 00:46:03: SourceMod log file session started (file "L20170622.log") (Version "1.8.0.5973")
L 06/22/2017 - 00:46:03: [mapchooser.smx] Voting for next map has started.
L 06/22/2017 - 00:49:14: [SM] Changed map to "dm_pinnacles_m"
L 06/22/2017 - 00:49:17: -------- Mapchange to dm_pinnacles_m --------
L 06/22/2017 - 00:49:23: [randomcycle.smx] RandomCycle has chosen dm_coldruins_rc1_m for the nextmap.
L 06/22/2017 - 01:46:16: [mapchooser.smx] Voting for next map has started.
L 06/22/2017 - 01:49:27: [SM] Changed map to "pb_z_office_tower_v2_m"
L 06/22/2017 - 01:49:32: -------- Mapchange to pb_z_office_tower_v2_m --------
L 06/22/2017 - 01:49:39: [randomcycle.smx] RandomCycle has chosen dm_montana_m for the nextmap.
L 06/22/2017 - 01:50:57: SourceMod log file session started (file "L20170622.log") (Version "1.8.0.5973")
L 06/22/2017 - 01:50:57: -------- Mapchange to pb_z_high_school_m --------
L 06/22/2017 - 01:50:58: [GEOIP] GeoIP database info: GEO-106FREE 20170207 Build 1 Copyright (c) 2017 MaxMind 
L 06/22/2017 - 01:50:58: [savescores.smx] Note: This plugin supports updating via Plugin Autoupdater. Install it if you want to enable auto-update functionality.
L 06/22/2017 - 01:51:06: [randomcycle.smx] RandomCycle has chosen pb_z_office_tower_m for the nextmap.
L 06/22/2017 - 03:04:03: [mapchooser.smx] Voting for next map has started.
L 06/22/2017 - 03:07:14: [SM] Changed map to "dm_mine_entrance_m"
L 06/22/2017 - 03:07:15: -------- Mapchange to dm_mine_entrance_m --------
L 06/22/2017 - 03:07:21: [randomcycle.smx] RandomCycle has chosen z_ravenhell_m for the nextmap.
L 06/22/2017 - 03:26:14: [customvotes.smx] Configuration file addons\sourcemod\configs\customvotes.cfg loaded.
L 06/22/2017 - 04:04:15: [mapchooser.smx] Voting for next map has started.
L 06/22/2017 - 04:07:26: [SM] Changed map to "dm_coldruins_rc1_m"
L 06/22/2017 - 04:07:28: -------- Mapchange to dm_coldruins_rc1_m --------
L 06/22/2017 - 04:07:34: [randomcycle.smx] RandomCycle has chosen dm_snowfall_m for the nextmap.
L 06/22/2017 - 05:04:27: [mapchooser.smx] Voting for next map has started.
L 06/22/2017 - 05:07:38: [SM] Changed map to "pb_z_underground_m"
L 06/22/2017 - 05:07:39: -------- Mapchange to pb_z_underground_m --------
L 06/22/2017 - 05:07:45: [randomcycle.smx] RandomCycle has chosen dm_october_m for the nextmap.
L 06/22/2017 - 06:04:38: [mapchooser.smx] Voting for next map has started.
L 06/22/2017 - 06:07:49: [SM] Changed map to "dm_morbid_m"
L 06/22/2017 - 06:07:50: -------- Mapchange to dm_morbid_m --------
L 06/22/2017 - 06:07:56: [randomcycle.smx] RandomCycle has chosen dm_raven_m for the nextmap.
L 06/22/2017 - 07:04:49: [mapchooser.smx] Voting for next map has started.
L 06/22/2017 - 07:08:00: [SM] Changed map to "dm_raven_m"
L 06/22/2017 - 07:08:27: -------- Mapchange to dm_raven_m --------
L 06/22/2017 - 07:09:21: [randomcycle.smx] RandomCycle has chosen pb_z_industry_m for the nextmap.
L 06/22/2017 - 07:33:06: [mapchooser.smx] Starting map vote because outside request
L 06/22/2017 - 07:33:06: [mapchooser.smx] Voting for next map has started.
L 06/22/2017 - 07:33:17: [mapchooser.smx] Voting for next map has finished. Nextmap: dm_montana_m.
L 06/22/2017 - 07:33:19: [SM] Changed map to "dm_montana_m"
L 06/22/2017 - 07:33:21: -------- Mapchange to dm_montana_m --------
L 06/22/2017 - 07:33:28: [randomcycle.smx] RandomCycle has chosen dm_montana_m for the nextmap.
L 06/22/2017 - 07:37:54: [mapchooser.smx] Starting map vote because outside request
L 06/22/2017 - 07:37:54: [mapchooser.smx] Voting for next map has started.
L 06/22/2017 - 07:38:11: [mapchooser.smx] Voting for next map has finished. Nextmap: dm_snowfall_m.
L 06/22/2017 - 07:38:13: [SM] Changed map to "dm_snowfall_m"
L 06/22/2017 - 07:38:15: -------- Mapchange to dm_snowfall_m --------
L 06/22/2017 - 07:38:21: [randomcycle.smx] RandomCycle has chosen dm_pinnacles_m for the nextmap.
L 06/22/2017 - 07:45:08: [mapchooser.smx] Starting map vote because outside request
L 06/22/2017 - 07:45:08: [mapchooser.smx] Voting for next map has started.
L 06/22/2017 - 07:45:12: [mapchooser.smx] Voting for next map has finished. Nextmap: dm_pinnacles_m.
L 06/22/2017 - 07:45:14: [SM] Changed map to "dm_pinnacles_m"
L 06/22/2017 - 07:45:17: -------- Mapchange to dm_pinnacles_m --------
L 06/22/2017 - 07:45:23: [randomcycle.smx] RandomCycle has chosen dm_morbid_m for the nextmap.
L 06/22/2017 - 07:55:40: [mapchooser.smx] Starting map vote because outside request
L 06/22/2017 - 07:55:40: [mapchooser.smx] Voting for next map has started.
L 06/22/2017 - 07:55:45: [mapchooser.smx] Voting for next map has finished. Nextmap: dm_october_m.
L 06/22/2017 - 07:55:47: [SM] Changed map to "dm_october_m"
L 06/22/2017 - 07:55:50: -------- Mapchange to dm_october_m --------
L 06/22/2017 - 07:55:59: [randomcycle.smx] RandomCycle has chosen z_ravenhell_m for the nextmap.
L 06/22/2017 - 07:58:47: [customvotes.smx] Configuration file addons\sourcemod\configs\customvotes.cfg loaded.
L 06/22/2017 - 08:52:52: [mapchooser.smx] Voting for next map has started.
L 06/22/2017 - 08:56:03: [SM] Changed map to "pb_z_industry_m"
L 06/22/2017 - 08:56:04: -------- Mapchange to pb_z_industry_m --------
L 06/22/2017 - 08:56:11: [randomcycle.smx] RandomCycle has chosen pb_z_area51_m for the nextmap.
L 06/22/2017 - 09:21:13: [customvotes.smx] Configuration file addons\sourcemod\configs\customvotes.cfg loaded.
L 06/22/2017 - 09:29:11: [customvotes.smx] Configuration file addons\sourcemod\configs\customvotes.cfg loaded.
L 06/22/2017 - 09:38:49: [mapchooser.smx] Starting map vote because outside request
L 06/22/2017 - 09:38:49: [mapchooser.smx] Voting for next map has started.
L 06/22/2017 - 09:38:59: [mapchooser.smx] Voting for next map has finished. Nextmap: dm_laststop_m.
L 06/22/2017 - 09:39:01: [SM] Changed map to "dm_laststop_m"
L 06/22/2017 - 09:39:04: -------- Mapchange to dm_laststop_m --------
L 06/22/2017 - 09:39:10: [randomcycle.smx] RandomCycle has chosen dm_thetunnel_v1_m for the nextmap.
L 06/22/2017 - 09:39:37: [mapchooser.smx] Starting map vote because outside request
L 06/22/2017 - 09:39:37: [mapchooser.smx] Voting for next map has started.
L 06/22/2017 - 09:39:54: [mapchooser.smx] Voting for next map has finished. Nextmap: dm_morbid_m.
L 06/22/2017 - 09:39:56: [SM] Changed map to "dm_morbid_m"
L 06/22/2017 - 09:39:56: -------- Mapchange to dm_morbid_m --------
L 06/22/2017 - 09:40:03: [randomcycle.smx] RandomCycle has chosen dm_laststop_m for the nextmap.
L 06/22/2017 - 09:42:30: [customvotes.smx] Configuration file addons\sourcemod\configs\customvotes.cfg loaded.
L 06/22/2017 - 09:50:54: [mapchooser.smx] Starting map vote because outside request
L 06/22/2017 - 09:50:54: [mapchooser.smx] Voting for next map has started.
L 06/22/2017 - 09:50:59: [mapchooser.smx] Voting for next map has finished. Nextmap: pb_z_area51_m.
L 06/22/2017 - 09:51:01: [SM] Changed map to "pb_z_area51_m"
L 06/22/2017 - 09:51:02: -------- Mapchange to pb_z_area51_m --------
L 06/22/2017 - 09:51:09: [randomcycle.smx] RandomCycle has chosen dm_montana_m for the nextmap.
L 06/22/2017 - 09:53:53: [customvotes.smx] Configuration file addons\sourcemod\configs\customvotes.cfg loaded.
L 06/22/2017 - 09:57:07: [mapchooser.smx] Starting map vote because outside request
L 06/22/2017 - 09:57:07: [mapchooser.smx] Voting for next map has started.
L 06/22/2017 - 10:01:47: [rockthevote.smx] RTV changing map manually
L 06/22/2017 - 10:01:47: [SM] Changed map to "pb_z_office_tower_m"
L 06/22/2017 - 10:01:48: -------- Mapchange to pb_z_office_tower_m --------
L 06/22/2017 - 10:01:55: [randomcycle.smx] RandomCycle has chosen dm_cave_m for the nextmap.
L 06/22/2017 - 10:03:22: [mapchooser.smx] Starting map vote because outside request
L 06/22/2017 - 10:03:22: [mapchooser.smx] Voting for next map has started.
L 06/22/2017 - 10:03:37: [mapchooser.smx] Voting for next map has finished. Nextmap: dm_raven_m.
L 06/22/2017 - 10:03:39: [SM] Changed map to "dm_raven_m"
L 06/22/2017 - 10:03:40: -------- Mapchange to dm_raven_m --------
L 06/22/2017 - 10:03:47: [randomcycle.smx] RandomCycle has chosen pb_z_underground_m for the nextmap.
L 06/22/2017 - 10:04:44: [customvotes.smx] Configuration file addons\sourcemod\configs\customvotes.cfg loaded.
L 06/22/2017 - 10:10:57: [mapchooser.smx] Starting map vote because outside request
L 06/22/2017 - 10:10:57: [mapchooser.smx] Voting for next map has started.
L 06/22/2017 - 10:11:14: [mapchooser.smx] Voting for next map has finished. Nextmap: dm_pinnacles_m.
L 06/22/2017 - 10:11:16: [SM] Changed map to "dm_pinnacles_m"
L 06/22/2017 - 10:11:17: -------- Mapchange to dm_pinnacles_m --------
L 06/22/2017 - 10:11:23: [randomcycle.smx] RandomCycle has chosen dm_morbid_m for the nextmap.
L 06/22/2017 - 10:12:02: [mapchooser.smx] Starting map vote because outside request
L 06/22/2017 - 10:12:02: [mapchooser.smx] Voting for next map has started.
L 06/22/2017 - 10:12:09: [mapchooser.smx] Voting for next map has finished. Nextmap: dm_coldruins_rc1_m.
L 06/22/2017 - 10:12:11: [SM] Changed map to "dm_coldruins_rc1_m"
L 06/22/2017 - 10:12:13: -------- Mapchange to dm_coldruins_rc1_m --------
L 06/22/2017 - 10:12:19: [randomcycle.smx] RandomCycle has chosen dm_coldruins_rc1_m for the nextmap.
L 06/22/2017 - 10:13:24: [customvotes.smx] Configuration file addons\sourcemod\configs\customvotes.cfg loaded.
L 06/22/2017 - 10:14:40: [mapchooser.smx] Starting map vote because outside request
L 06/22/2017 - 10:14:40: [mapchooser.smx] Voting for next map has started.
L 06/22/2017 - 10:14:46: [mapchooser.smx] Voting for next map has finished. Nextmap: pb_z_underground_m.
L 06/22/2017 - 10:14:48: [SM] Changed map to "pb_z_underground_m"
L 06/22/2017 - 10:14:48: -------- Mapchange to pb_z_underground_m --------
L 06/22/2017 - 10:14:55: [randomcycle.smx] RandomCycle has chosen pb_z_office_tower_m for the nextmap.
L 06/22/2017 - 10:15:46: [customvotes.smx] Configuration file addons\sourcemod\configs\customvotes.cfg loaded.
L 06/22/2017 - 10:19:54: [mapchooser.smx] Starting map vote because outside request
L 06/22/2017 - 10:19:54: [mapchooser.smx] Voting for next map has started.
L 06/22/2017 - 10:20:05: [mapchooser.smx] Voting for next map has finished. Nextmap: pb_z_disorder_m.
L 06/22/2017 - 10:20:07: [SM] Changed map to "pb_z_disorder_m"
L 06/22/2017 - 10:20:08: -------- Mapchange to pb_z_disorder_m --------
L 06/22/2017 - 10:20:14: [randomcycle.smx] RandomCycle has chosen pb_z_office_tower_v2_m for the nextmap.
L 06/22/2017 - 10:57:51: [mapchooser.smx] Starting map vote because outside request
L 06/22/2017 - 10:57:51: [mapchooser.smx] Voting for next map has started.
L 06/22/2017 - 10:57:56: [mapchooser.smx] Voting for next map has finished. Nextmap: dm_cave_m.
L 06/22/2017 - 10:57:58: [SM] Changed map to "dm_cave_m"
L 06/22/2017 - 10:57:59: -------- Mapchange to dm_cave_m --------
L 06/22/2017 - 10:58:06: [randomcycle.smx] RandomCycle has chosen dm_raven_m for the nextmap.
L 06/22/2017 - 10:59:30: [mapchooser.smx] Starting map vote because outside request
L 06/22/2017 - 10:59:30: [mapchooser.smx] Voting for next map has started.
L 06/22/2017 - 10:59:40: [mapchooser.smx] Voting for next map has finished. Nextmap: dm_hellsdistrict_m.
L 06/22/2017 - 10:59:42: [SM] Changed map to "dm_hellsdistrict_m"
L 06/22/2017 - 10:59:45: -------- Mapchange to dm_hellsdistrict_m --------
L 06/22/2017 - 10:59:51: [randomcycle.smx] RandomCycle has chosen dm_october_m for the nextmap.
L 06/22/2017 - 11:05:02: [mapchooser.smx] Starting map vote because outside request
L 06/22/2017 - 11:05:02: [mapchooser.smx] Voting for next map has started.
L 06/22/2017 - 11:05:22: [mapchooser.smx] Voting for next map has finished. Nextmap: pb_z_industry_m.
L 06/22/2017 - 11:05:24: [SM] Changed map to "pb_z_industry_m"
L 06/22/2017 - 11:05:24: -------- Mapchange to pb_z_industry_m --------
L 06/22/2017 - 11:05:31: [randomcycle.smx] RandomCycle has chosen dm_central_station_v1_m for the nextmap.
L 06/22/2017 - 11:11:58: [mapchooser.smx] Starting map vote because outside request
L 06/22/2017 - 11:11:58: [mapchooser.smx] Voting for next map has started.
L 06/22/2017 - 11:12:14: [mapchooser.smx] Voting for next map has finished. 'No Change' was the winner
L 06/22/2017 - 11:33:56: [mapchooser.smx] Starting map vote because outside request
L 06/22/2017 - 11:33:56: [mapchooser.smx] Voting for next map has started.
L 06/22/2017 - 11:34:16: [mapchooser.smx] Voting for next map has finished. Nextmap: dm_montana_m.
L 06/22/2017 - 11:34:18: [SM] Changed map to "dm_montana_m"
L 06/22/2017 - 11:34:19: -------- Mapchange to dm_montana_m --------
L 06/22/2017 - 11:34:25: [randomcycle.smx] RandomCycle has chosen pb_z_hometown1999_m for the nextmap.
L 06/22/2017 - 12:10:41: [mapchooser.smx] Starting map vote because outside request
L 06/22/2017 - 12:10:41: [mapchooser.smx] Voting for next map has started.
L 06/22/2017 - 12:10:53: [mapchooser.smx] Voting for next map has finished. Nextmap: dm_central_station_v1_m.
L 06/22/2017 - 12:10:55: [SM] Changed map to "dm_central_station_v1_m"
L 06/22/2017 - 12:10:57: -------- Mapchange to dm_central_station_v1_m --------
L 06/22/2017 - 12:11:04: [randomcycle.smx] RandomCycle has chosen pb_z_high_school_m for the nextmap.
L 06/22/2017 - 12:16:22: [mapchooser.smx] Starting map vote because outside request
L 06/22/2017 - 12:16:22: [mapchooser.smx] Voting for next map has started.
L 06/22/2017 - 12:16:28: [mapchooser.smx] Voting for next map has finished. Nextmap: dm_thetunnel_v1_m.
L 06/22/2017 - 12:16:30: [SM] Changed map to "dm_thetunnel_v1_m"
L 06/22/2017 - 12:16:30: -------- Mapchange to dm_thetunnel_v1_m --------
L 06/22/2017 - 12:16:37: [randomcycle.smx] RandomCycle has chosen pb_z_earthquake_m for the nextmap.
L 06/22/2017 - 12:19:19: [mapchooser.smx] Starting map vote because outside request
L 06/22/2017 - 12:19:19: [mapchooser.smx] Voting for next map has started.
L 06/22/2017 - 12:21:58: [customvotes.smx] Configuration file addons\sourcemod\configs\customvotes.cfg loaded.
L 06/22/2017 - 12:28:54: [rockthevote.smx] RTV changing map manually
L 06/22/2017 - 12:28:54: [SM] Changed map to "pb_z_underground_m"
L 06/22/2017 - 12:28:54: -------- Mapchange to pb_z_underground_m --------
L 06/22/2017 - 12:29:01: [randomcycle.smx] RandomCycle has chosen dm_montana_m for the nextmap.
L 06/22/2017 - 13:25:58: [mapchooser.smx] Voting for next map has started.
L 06/22/2017 - 13:29:09: [SM] Changed map to "dm_coldruins_rc1_m"
L 06/22/2017 - 13:29:09: -------- Mapchange to dm_coldruins_rc1_m --------
L 06/22/2017 - 13:29:15: [randomcycle.smx] RandomCycle has chosen dm_morbid_m for the nextmap.
L 06/22/2017 - 14:19:02: [mapchooser.smx] Starting map vote because outside request
L 06/22/2017 - 14:19:02: [mapchooser.smx] Voting for next map has started.
L 06/22/2017 - 14:19:06: [mapchooser.smx] Voting for next map has finished. Nextmap: dm_hellsdistrict_m.
L 06/22/2017 - 14:19:08: [SM] Changed map to "dm_hellsdistrict_m"
L 06/22/2017 - 14:19:08: -------- Mapchange to dm_hellsdistrict_m --------
L 06/22/2017 - 14:19:15: [randomcycle.smx] RandomCycle has chosen pb_z_disorder_m for the nextmap.
L 06/22/2017 - 15:16:08: [mapchooser.smx] Voting for next map has started.
L 06/22/2017 - 15:19:19: [SM] Changed map to "dm_raven_m"
L 06/22/2017 - 15:19:19: -------- Mapchange to dm_raven_m --------
L 06/22/2017 - 15:19:25: [randomcycle.smx] RandomCycle has chosen dm_raven_m for the nextmap.
L 06/22/2017 - 15:33:32: [basebans.smx] "Console<0><Console><Console>" added ban (minutes "0") (id "STEAM_0:0:173600113") (reason "Banned by robo. Appeal to Ethorbit.")
L 06/22/2017 - 15:40:16: [basebans.smx] "Console<0><Console><Console>" added ban (minutes "0") (id "STEAM_0:0:22082056") (reason "Testing.")
L 06/22/2017 - 15:41:13: [basebans.smx] "Console<0><Console><Console>" removed ban (filter "STEAM_0:0:22082056")
L 06/22/2017 - 16:16:19: [mapchooser.smx] Voting for next map has started.
L 06/22/2017 - 16:19:30: [SM] Changed map to "pb_z_office_tower_v2_m"
L 06/22/2017 - 16:19:35: -------- Mapchange to pb_z_office_tower_v2_m --------
L 06/22/2017 - 16:19:41: [randomcycle.smx] RandomCycle has chosen pb_z_colony_m for the nextmap.
L 06/22/2017 - 16:19:42: -------- Mapchange to pb_z_office_tower_v2_m --------
L 06/22/2017 - 16:19:49: [randomcycle.smx] RandomCycle has chosen pb_z_office_tower_v2_m for the nextmap.
L 06/22/2017 - 17:16:42: [mapchooser.smx] Voting for next map has started.
L 06/22/2017 - 17:19:53: [SM] Changed map to "dm_central_station_v1_m"
L 06/22/2017 - 17:19:53: -------- Mapchange to dm_central_station_v1_m --------
L 06/22/2017 - 17:19:59: [randomcycle.smx] RandomCycle has chosen dm_central_station_v1_m for the nextmap.
L 06/22/2017 - 17:36:25: [mapchooser.smx] Starting map vote because outside request
L 06/22/2017 - 17:36:25: [mapchooser.smx] Voting for next map has started.
L 06/22/2017 - 17:36:33: [mapchooser.smx] Voting for next map has finished. Nextmap: dm_pinnacles_m.
L 06/22/2017 - 17:36:35: [SM] Changed map to "dm_pinnacles_m"
L 06/22/2017 - 17:36:36: -------- Mapchange to dm_pinnacles_m --------
L 06/22/2017 - 17:36:42: [randomcycle.smx] RandomCycle has chosen pb_z_underground_m for the nextmap.
L 06/22/2017 - 17:39:26: [mapchooser.smx] Starting map vote because outside request
L 06/22/2017 - 17:39:26: [mapchooser.smx] Voting for next map has started.
L 06/22/2017 - 17:39:31: [mapchooser.smx] Voting for next map has finished. Nextmap: dm_coldruins_rc1_m.
L 06/22/2017 - 17:39:33: [SM] Changed map to "dm_coldruins_rc1_m"
L 06/22/2017 - 17:39:34: -------- Mapchange to dm_coldruins_rc1_m --------
L 06/22/2017 - 17:39:40: [randomcycle.smx] RandomCycle has chosen dm_coldruins_rc1_m for the nextmap.
L 06/22/2017 - 17:43:16: [mapchooser.smx] Starting map vote because outside request
L 06/22/2017 - 17:43:16: [mapchooser.smx] Voting for next map has started.
L 06/22/2017 - 17:43:22: [mapchooser.smx] Voting for next map has finished. Nextmap: pb_z_disorder_m.
L 06/22/2017 - 17:43:24: [SM] Changed map to "pb_z_disorder_m"
L 06/22/2017 - 17:43:24: -------- Mapchange to pb_z_disorder_m --------
L 06/22/2017 - 17:43:31: [randomcycle.smx] RandomCycle has chosen pb_z_high_school_m for the nextmap.
L 06/22/2017 - 17:54:04: [mapchooser.smx] Starting map vote because outside request
L 06/22/2017 - 17:54:04: [mapchooser.smx] Voting for next map has started.
L 06/22/2017 - 17:54:09: [mapchooser.smx] Voting for next map has finished. Nextmap: pb_z_earthquake_m.
L 06/22/2017 - 17:54:11: [SM] Changed map to "pb_z_earthquake_m"
L 06/22/2017 - 17:54:12: -------- Mapchange to pb_z_earthquake_m --------
L 06/22/2017 - 17:54:18: [randomcycle.smx] RandomCycle has chosen pb_z_disorder_m for the nextmap.
L 06/22/2017 - 17:59:57: [customvotes.smx] Configuration file addons\sourcemod\configs\customvotes.cfg loaded.
L 06/22/2017 - 18:51:12: [mapchooser.smx] Voting for next map has started.
L 06/22/2017 - 18:54:22: [SM] Changed map to "pb_z_industry_m"
L 06/22/2017 - 18:54:23: -------- Mapchange to pb_z_industry_m --------
L 06/22/2017 - 18:54:29: [randomcycle.smx] RandomCycle has chosen dm_cave_m for the nextmap.
L 06/22/2017 - 19:48:49: [mapchooser.smx] Starting map vote because outside request
L 06/22/2017 - 19:48:49: [mapchooser.smx] Voting for next map has started.
L 06/22/2017 - 19:48:52: [mapchooser.smx] Voting for next map has finished. Nextmap: pb_z_high_school_m.
L 06/22/2017 - 19:48:54: [SM] Changed map to "pb_z_high_school_m"
L 06/22/2017 - 19:48:58: -------- Mapchange to pb_z_high_school_m --------
L 06/22/2017 - 19:49:05: [randomcycle.smx] RandomCycle has chosen pb_z_office_tower_v2_m for the nextmap.
L 06/22/2017 - 19:52:18: [customvotes.smx] Configuration file addons\sourcemod\configs\customvotes.cfg loaded.
L 06/22/2017 - 20:15:09: [customvotes.smx] Configuration file addons\sourcemod\configs\customvotes.cfg loaded.
L 06/22/2017 - 20:45:58: [mapchooser.smx] Voting for next map has started.
L 06/22/2017 - 20:49:09: [SM] Changed map to "dm_snowfall_m"
L 06/22/2017 - 20:49:10: -------- Mapchange to dm_snowfall_m --------
L 06/22/2017 - 20:49:17: [randomcycle.smx] RandomCycle has chosen dm_october_m for the nextmap.
L 06/22/2017 - 20:58:11: [mapchooser.smx] Starting map vote because outside request
L 06/22/2017 - 20:58:11: [mapchooser.smx] Voting for next map has started.
L 06/22/2017 - 20:58:22: [mapchooser.smx] Voting for next map has finished. Nextmap: dm_raven_m.
L 06/22/2017 - 20:58:24: [SM] Changed map to "dm_raven_m"
L 06/22/2017 - 20:58:24: -------- Mapchange to dm_raven_m --------
L 06/22/2017 - 20:58:31: [randomcycle.smx] RandomCycle has chosen dm_coldruins_rc1_m for the nextmap.
L 06/22/2017 - 21:00:45: [mapchooser.smx] Starting map vote because outside request
L 06/22/2017 - 21:00:45: [mapchooser.smx] Voting for next map has started.
L 06/22/2017 - 21:01:00: [mapchooser.smx] Voting for next map has finished. Nextmap: pb_z_colony_m.
L 06/22/2017 - 21:01:02: [SM] Changed map to "pb_z_colony_m"
L 06/22/2017 - 21:01:04: -------- Mapchange to pb_z_colony_m --------
L 06/22/2017 - 21:01:11: [randomcycle.smx] RandomCycle has chosen dm_montana_m for the nextmap.
L 06/22/2017 - 21:58:04: [mapchooser.smx] Voting for next map has started.
L 06/22/2017 - 22:01:15: [SM] Changed map to "pb_z_area51_m"
L 06/22/2017 - 22:01:15: -------- Mapchange to pb_z_area51_m --------
L 06/22/2017 - 22:01:22: [randomcycle.smx] RandomCycle has chosen pb_z_industry_m for the nextmap.
L 06/22/2017 - 22:20:48: [mapchooser.smx] Starting map vote because outside request
L 06/22/2017 - 22:20:48: [mapchooser.smx] Voting for next map has started.
L 06/22/2017 - 22:20:53: [mapchooser.smx] Voting for next map has finished. Nextmap: dm_hellsdistrict_m.
L 06/22/2017 - 22:20:55: [SM] Changed map to "dm_hellsdistrict_m"
L 06/22/2017 - 22:20:55: -------- Mapchange to dm_hellsdistrict_m --------
L 06/22/2017 - 22:21:02: [randomcycle.smx] RandomCycle has chosen dm_thetunnel_v1_m for the nextmap.
L 06/22/2017 - 22:27:37: [mapchooser.smx] Starting map vote because outside request
L 06/22/2017 - 22:27:37: [mapchooser.smx] Voting for next map has started.
L 06/22/2017 - 22:27:44: [mapchooser.smx] Voting for next map has finished. Nextmap: z_ravenhell_m.
L 06/22/2017 - 22:27:46: [SM] Changed map to "z_ravenhell_m"
L 06/22/2017 - 22:27:46: -------- Mapchange to z_ravenhell_m --------
L 06/22/2017 - 22:27:53: [randomcycle.smx] RandomCycle has chosen pb_z_area51_m for the nextmap.
L 06/22/2017 - 22:28:19: [mapchooser.smx] Starting map vote because outside request
L 06/22/2017 - 22:28:19: [mapchooser.smx] Voting for next map has started.
L 06/22/2017 - 22:28:24: [mapchooser.smx] Voting for next map has finished. Nextmap: pb_z_industry_m.
L 06/22/2017 - 22:28:26: [SM] Changed map to "pb_z_industry_m"
L 06/22/2017 - 22:28:27: -------- Mapchange to pb_z_industry_m --------
L 06/22/2017 - 22:28:33: [randomcycle.smx] RandomCycle has chosen pb_z_hometown1999_m for the nextmap.
L 06/22/2017 - 22:29:37: [mapchooser.smx] Starting map vote because outside request
L 06/22/2017 - 22:29:37: [mapchooser.smx] Voting for next map has started.
L 06/22/2017 - 22:29:42: [mapchooser.smx] Voting for next map has finished. Nextmap: dm_montana_m.
L 06/22/2017 - 22:29:44: [SM] Changed map to "dm_montana_m"
L 06/22/2017 - 22:29:45: -------- Mapchange to dm_montana_m --------
L 06/22/2017 - 22:29:51: [randomcycle.smx] RandomCycle has chosen pb_z_colony_m for the nextmap.
L 06/22/2017 - 22:32:17: [mapchooser.smx] Starting map vote because outside request
L 06/22/2017 - 22:32:17: [mapchooser.smx] Voting for next map has started.
L 06/22/2017 - 22:32:23: [mapchooser.smx] Voting for next map has finished. Nextmap: pb_z_disorder_m.
L 06/22/2017 - 22:32:25: [SM] Changed map to "pb_z_disorder_m"
L 06/22/2017 - 22:32:25: -------- Mapchange to pb_z_disorder_m --------
L 06/22/2017 - 22:32:31: [randomcycle.smx] RandomCycle has chosen dm_mine_entrance_m for the nextmap.
L 06/22/2017 - 23:29:25: [mapchooser.smx] Voting for next map has started.
L 06/22/2017 - 23:32:36: [SM] Changed map to "dm_thetunnel_v1_m"
L 06/22/2017 - 23:32:36: -------- Mapchange to dm_thetunnel_v1_m --------
L 06/22/2017 - 23:32:42: [randomcycle.smx] RandomCycle has chosen pb_z_high_school_m for the nextmap.
