L 06/26/2017 - 00:17:19: SourceMod log file session started (file "L20170626.log") (Version "1.8.0.5973")
L 06/26/2017 - 00:17:19: [mapchooser.smx] Voting for next map has started.
L 06/26/2017 - 00:20:30: [SM] Changed map to "dm_laststop_h"
L 06/26/2017 - 00:20:33: -------- Mapchange to dm_laststop_h --------
L 06/26/2017 - 00:20:38: [randomcycle.smx] RandomCycle has chosen dm_morbid_h for the nextmap.
L 06/26/2017 - 01:17:32: [mapchooser.smx] Voting for next map has started.
L 06/26/2017 - 01:20:42: [SM] Changed map to "dm_pinnacles_h"
L 06/26/2017 - 01:20:45: -------- Mapchange to dm_pinnacles_h --------
L 06/26/2017 - 01:20:50: [randomcycle.smx] RandomCycle has chosen dm_raven_h for the nextmap.
L 06/26/2017 - 01:35:56: SourceMod log file session started (file "L20170626.log") (Version "1.8.0.5973")
L 06/26/2017 - 01:35:56: -------- Mapchange to pb_z_high_school_h --------
L 06/26/2017 - 01:35:57: [GEOIP] GeoIP database info: GEO-106FREE 20170207 Build 1 Copyright (c) 2017 MaxMind 
L 06/26/2017 - 01:35:57: [savescores.smx] Note: This plugin supports updating via Plugin Autoupdater. Install it if you want to enable auto-update functionality.
L 06/26/2017 - 01:36:04: [randomcycle.smx] RandomCycle has chosen pb_z_colony_h for the nextmap.
L 06/26/2017 - 01:36:05: -------- Mapchange to pb_z_high_school_h --------
L 06/26/2017 - 01:36:10: [randomcycle.smx] RandomCycle has chosen dm_snowfall_h for the nextmap.
L 06/26/2017 - 03:57:07: [mapchooser.smx] Voting for next map has started.
L 06/26/2017 - 04:00:18: [SM] Changed map to "dm_pinnacles_h"
L 06/26/2017 - 04:00:19: -------- Mapchange to dm_pinnacles_h --------
L 06/26/2017 - 04:00:24: [randomcycle.smx] RandomCycle has chosen dm_raven_h for the nextmap.
L 06/26/2017 - 04:57:18: [mapchooser.smx] Voting for next map has started.
L 06/26/2017 - 05:00:29: [SM] Changed map to "dm_thetunnel_v1_h"
L 06/26/2017 - 05:00:29: -------- Mapchange to dm_thetunnel_v1_h --------
L 06/26/2017 - 05:00:35: [randomcycle.smx] RandomCycle has chosen dm_mine_entrance_h for the nextmap.
L 06/26/2017 - 05:49:03: [customvotes.smx] Configuration file addons\sourcemod\configs\customvotes.cfg loaded.
L 06/26/2017 - 05:57:30: [mapchooser.smx] Voting for next map has started.
L 06/26/2017 - 05:57:50: [mapchooser.smx] Voting for next map has finished. Nextmap: pb_z_area51_h.
L 06/26/2017 - 06:00:41: [SM] Changed map to "pb_z_area51_h"
L 06/26/2017 - 06:00:49: -------- Mapchange to pb_z_area51_h --------
L 06/26/2017 - 06:01:03: [customvotes.smx] Configuration file addons\sourcemod\configs\customvotes.cfg loaded.
L 06/26/2017 - 06:01:09: [randomcycle.smx] RandomCycle has chosen dm_coldruins_rc1_h for the nextmap.
L 06/26/2017 - 06:58:02: [mapchooser.smx] Voting for next map has started.
L 06/26/2017 - 06:58:18: [mapchooser.smx] Voting for next map has finished. Nextmap: pb_z_office_tower_v2_h.
L 06/26/2017 - 07:01:13: [SM] Changed map to "pb_z_office_tower_v2_h"
L 06/26/2017 - 07:01:18: -------- Mapchange to pb_z_office_tower_v2_h --------
L 06/26/2017 - 07:01:18: [customvotes.smx] Configuration file addons\sourcemod\configs\customvotes.cfg loaded.
L 06/26/2017 - 07:01:24: [randomcycle.smx] RandomCycle has chosen dm_morbid_h for the nextmap.
L 06/26/2017 - 07:28:00: [mapchooser.smx] Starting map vote because outside request
L 06/26/2017 - 07:28:00: [mapchooser.smx] Voting for next map has started.
L 06/26/2017 - 07:28:20: [mapchooser.smx] Voting for next map has finished. 'No Change' was the winner
L 06/26/2017 - 07:32:13: [mapchooser.smx] Starting map vote because outside request
L 06/26/2017 - 07:32:13: [mapchooser.smx] Voting for next map has started.
L 06/26/2017 - 07:32:29: [mapchooser.smx] Voting for next map has finished. Nextmap: dm_laststop_h.
L 06/26/2017 - 07:32:31: [SM] Changed map to "dm_laststop_h"
L 06/26/2017 - 07:32:34: -------- Mapchange to dm_laststop_h --------
L 06/26/2017 - 07:32:34: [customvotes.smx] Configuration file addons\sourcemod\configs\customvotes.cfg loaded.
L 06/26/2017 - 07:32:39: [randomcycle.smx] RandomCycle has chosen dm_october_h for the nextmap.
L 06/26/2017 - 08:29:32: [mapchooser.smx] Voting for next map has started.
L 06/26/2017 - 08:29:40: [mapchooser.smx] Voting for next map has finished. Nextmap: pb_z_colony_h.
L 06/26/2017 - 08:32:43: [SM] Changed map to "pb_z_colony_h"
L 06/26/2017 - 08:32:45: -------- Mapchange to pb_z_colony_h --------
L 06/26/2017 - 08:32:46: [customvotes.smx] Configuration file addons\sourcemod\configs\customvotes.cfg loaded.
L 06/26/2017 - 08:32:51: [randomcycle.smx] RandomCycle has chosen dm_pinnacles_h for the nextmap.
L 06/26/2017 - 09:11:16: [mapchooser.smx] Starting map vote because outside request
L 06/26/2017 - 09:11:16: [mapchooser.smx] Voting for next map has started.
L 06/26/2017 - 09:11:22: [mapchooser.smx] Voting for next map has finished. Nextmap: dm_snowfall_h.
L 06/26/2017 - 09:11:24: [SM] Changed map to "dm_snowfall_h"
L 06/26/2017 - 09:11:26: -------- Mapchange to dm_snowfall_h --------
L 06/26/2017 - 09:11:26: [customvotes.smx] Configuration file addons\sourcemod\configs\customvotes.cfg loaded.
L 06/26/2017 - 09:11:31: [randomcycle.smx] RandomCycle has chosen dm_thetunnel_v1_h for the nextmap.
L 06/26/2017 - 10:08:25: [mapchooser.smx] Voting for next map has started.
L 06/26/2017 - 10:10:52: [rockthevote.smx] RTV changing map manually
L 06/26/2017 - 10:10:52: [SM] Changed map to "dm_central_station_v1_h"
L 06/26/2017 - 10:10:54: -------- Mapchange to dm_central_station_v1_h --------
L 06/26/2017 - 10:11:00: [randomcycle.smx] RandomCycle has chosen z_ravenhell_h for the nextmap.
L 06/26/2017 - 11:07:14: [mapchooser.smx] Starting map vote because outside request
L 06/26/2017 - 11:07:14: [mapchooser.smx] Voting for next map has started.
L 06/26/2017 - 11:07:20: [mapchooser.smx] Voting for next map has finished. Nextmap: dm_october_h.
L 06/26/2017 - 11:07:22: [SM] Changed map to "dm_october_h"
L 06/26/2017 - 11:07:23: -------- Mapchange to dm_october_h --------
L 06/26/2017 - 11:07:29: [randomcycle.smx] RandomCycle has chosen pb_z_high_school_h for the nextmap.
L 06/26/2017 - 12:04:22: [mapchooser.smx] Voting for next map has started.
L 06/26/2017 - 12:07:33: [SM] Changed map to "pb_z_disorder_h"
L 06/26/2017 - 12:07:34: -------- Mapchange to pb_z_disorder_h --------
L 06/26/2017 - 12:07:39: [randomcycle.smx] RandomCycle has chosen dm_raven_h for the nextmap.
L 06/26/2017 - 12:37:15: [mapchooser.smx] Starting map vote because outside request
L 06/26/2017 - 12:37:15: [mapchooser.smx] Voting for next map has started.
L 06/26/2017 - 12:46:17: [rockthevote.smx] RTV changing map manually
L 06/26/2017 - 12:46:17: [SM] Changed map to "z_ravenhell_h"
L 06/26/2017 - 12:46:18: -------- Mapchange to z_ravenhell_h --------
L 06/26/2017 - 12:46:23: [randomcycle.smx] RandomCycle has chosen dm_central_station_v1_h for the nextmap.
L 06/26/2017 - 12:47:32: [mapchooser.smx] Starting map vote because outside request
L 06/26/2017 - 12:47:32: [mapchooser.smx] Voting for next map has started.
L 06/26/2017 - 12:47:53: [mapchooser.smx] Voting for next map has finished. Nextmap: pb_z_area51_h.
L 06/26/2017 - 12:47:55: [SM] Changed map to "pb_z_area51_h"
L 06/26/2017 - 12:47:55: -------- Mapchange to pb_z_area51_h --------
L 06/26/2017 - 12:48:01: [randomcycle.smx] RandomCycle has chosen dm_hellsdistrict_h for the nextmap.
L 06/26/2017 - 13:06:18: [playercommands.smx] "robo<52><[U:1:26040338]><>" slayed "robo<52><[U:1:26040338]><>"
L 06/26/2017 - 13:44:54: [mapchooser.smx] Voting for next map has started.
L 06/26/2017 - 13:45:15: [mapchooser.smx] Voting for next map has finished. Nextmap: pb_z_earthquake_h.
L 06/26/2017 - 13:48:05: [SM] Changed map to "pb_z_earthquake_h"
L 06/26/2017 - 13:48:06: -------- Mapchange to pb_z_earthquake_h --------
L 06/26/2017 - 13:48:11: [randomcycle.smx] RandomCycle has chosen dm_snowfall_h for the nextmap.
L 06/26/2017 - 13:48:47: [basecommands.smx] "-Пβ- Ethorbit<59><[U:1:155839730]><>" kicked "Bot02<61><BOT><>" (reason "")
L 06/26/2017 - 13:48:50: [basecommands.smx] "-Пβ- Ethorbit<59><[U:1:155839730]><>" kicked "Bot03<62><BOT><>" (reason "")
L 06/26/2017 - 13:48:52: [basecommands.smx] "-Пβ- Ethorbit<59><[U:1:155839730]><>" kicked "Bot01<60><BOT><>" (reason "")
L 06/26/2017 - 13:55:12: [customvotes.smx] Configuration file addons\sourcemod\configs\customvotes.cfg loaded.
L 06/26/2017 - 14:39:53: [customvotes.smx] Configuration file addons\sourcemod\configs\customvotes.cfg loaded.
L 06/26/2017 - 14:45:04: [mapchooser.smx] Voting for next map has started.
L 06/26/2017 - 14:45:25: [mapchooser.smx] Voting for next map has finished. Nextmap: dm_hometown1999_h.
L 06/26/2017 - 14:48:15: [SM] Changed map to "dm_hometown1999_h"
L 06/26/2017 - 14:48:22: -------- Mapchange to dm_hometown1999_h --------
L 06/26/2017 - 14:48:23: [customvotes.smx] Configuration file addons\sourcemod\configs\customvotes.cfg loaded.
L 06/26/2017 - 14:48:28: [randomcycle.smx] RandomCycle has chosen pb_z_office_tower_h for the nextmap.
L 06/26/2017 - 15:45:21: [mapchooser.smx] Voting for next map has started.
L 06/26/2017 - 15:48:32: [SM] Changed map to "dm_montana_h"
L 06/26/2017 - 15:48:33: -------- Mapchange to dm_montana_h --------
L 06/26/2017 - 15:48:33: [customvotes.smx] Configuration file addons\sourcemod\configs\customvotes.cfg loaded.
L 06/26/2017 - 15:48:38: [randomcycle.smx] RandomCycle has chosen pb_z_colony_h for the nextmap.
L 06/26/2017 - 16:45:31: [mapchooser.smx] Voting for next map has started.
L 06/26/2017 - 16:48:42: [SM] Changed map to "dm_central_station_v1_h"
L 06/26/2017 - 16:48:43: -------- Mapchange to dm_central_station_v1_h --------
L 06/26/2017 - 16:48:43: [customvotes.smx] Configuration file addons\sourcemod\configs\customvotes.cfg loaded.
L 06/26/2017 - 16:48:48: [randomcycle.smx] RandomCycle has chosen dm_hometown1999_h for the nextmap.
L 06/26/2017 - 17:45:41: [mapchooser.smx] Voting for next map has started.
L 06/26/2017 - 17:48:52: [SM] Changed map to "pb_z_high_school_h"
L 06/26/2017 - 17:48:55: -------- Mapchange to pb_z_high_school_h --------
L 06/26/2017 - 17:48:56: [customvotes.smx] Configuration file addons\sourcemod\configs\customvotes.cfg loaded.
L 06/26/2017 - 17:49:01: [randomcycle.smx] RandomCycle has chosen z_ravenhell_h for the nextmap.
L 06/26/2017 - 18:45:54: [mapchooser.smx] Voting for next map has started.
L 06/26/2017 - 18:46:14: [mapchooser.smx] Voting for next map has finished. Nextmap: dm_coldruins_rc1_h.
L 06/26/2017 - 18:49:05: [SM] Changed map to "dm_coldruins_rc1_h"
L 06/26/2017 - 18:49:06: -------- Mapchange to dm_coldruins_rc1_h --------
L 06/26/2017 - 18:49:12: [randomcycle.smx] RandomCycle has chosen pb_z_disorder_h for the nextmap.
L 06/26/2017 - 18:50:10: [customvotes.smx] Configuration file addons\sourcemod\configs\customvotes.cfg loaded.
L 06/26/2017 - 18:55:05: [mapchooser.smx] Starting map vote because outside request
L 06/26/2017 - 18:55:05: [mapchooser.smx] Voting for next map has started.
L 06/26/2017 - 18:55:26: [mapchooser.smx] Voting for next map has finished. Nextmap: dm_october_h.
L 06/26/2017 - 18:55:28: [SM] Changed map to "dm_october_h"
L 06/26/2017 - 18:55:29: -------- Mapchange to dm_october_h --------
L 06/26/2017 - 18:55:34: [randomcycle.smx] RandomCycle has chosen pb_z_area51_h for the nextmap.
L 06/26/2017 - 19:19:35: [mapchooser.smx] Starting map vote because outside request
L 06/26/2017 - 19:19:35: [mapchooser.smx] Voting for next map has started.
L 06/26/2017 - 19:19:56: [mapchooser.smx] Voting for next map has finished. Nextmap: pb_z_underground_h.
L 06/26/2017 - 19:19:58: [SM] Changed map to "pb_z_underground_h"
L 06/26/2017 - 19:19:59: -------- Mapchange to pb_z_underground_h --------
L 06/26/2017 - 19:20:05: [randomcycle.smx] RandomCycle has chosen pb_z_office_tower_v2_h for the nextmap.
L 06/26/2017 - 19:24:35: [mapchooser.smx] Starting map vote because outside request
L 06/26/2017 - 19:24:35: [mapchooser.smx] Voting for next map has started.
L 06/26/2017 - 19:24:55: [mapchooser.smx] Voting for next map has finished. Nextmap: pb_z_disorder_h.
L 06/26/2017 - 19:24:57: [SM] Changed map to "pb_z_disorder_h"
L 06/26/2017 - 19:24:58: -------- Mapchange to pb_z_disorder_h --------
L 06/26/2017 - 19:25:03: [randomcycle.smx] RandomCycle has chosen dm_hellsdistrict_h for the nextmap.
L 06/26/2017 - 19:33:52: [customvotes.smx] Configuration file addons\sourcemod\configs\customvotes.cfg loaded.
L 06/26/2017 - 19:38:41: [customvotes.smx] Configuration file addons\sourcemod\configs\customvotes.cfg loaded.
L 06/26/2017 - 20:21:56: [mapchooser.smx] Voting for next map has started.
L 06/26/2017 - 20:25:07: [SM] Changed map to "pb_z_area51_h"
L 06/26/2017 - 20:25:08: -------- Mapchange to pb_z_area51_h --------
L 06/26/2017 - 20:25:08: [customvotes.smx] Configuration file addons\sourcemod\configs\customvotes.cfg loaded.
L 06/26/2017 - 20:25:13: [randomcycle.smx] RandomCycle has chosen pb_z_colony_h for the nextmap.
L 06/26/2017 - 21:12:27: [mapchooser.smx] Starting map vote because outside request
L 06/26/2017 - 21:12:27: [mapchooser.smx] Voting for next map has started.
L 06/26/2017 - 21:12:47: [mapchooser.smx] Voting for next map has finished. Nextmap: pb_z_colony_h.
L 06/26/2017 - 21:12:49: [SM] Changed map to "pb_z_colony_h"
L 06/26/2017 - 21:12:49: -------- Mapchange to pb_z_colony_h --------
L 06/26/2017 - 21:12:50: [customvotes.smx] Configuration file addons\sourcemod\configs\customvotes.cfg loaded.
L 06/26/2017 - 21:12:55: [randomcycle.smx] RandomCycle has chosen pb_z_underground_h for the nextmap.
L 06/26/2017 - 21:39:15: [mapchooser.smx] Starting map vote because outside request
L 06/26/2017 - 21:39:15: [mapchooser.smx] Voting for next map has started.
L 06/26/2017 - 21:39:36: [mapchooser.smx] Voting for next map has finished. Nextmap: dm_mine_entrance_h.
L 06/26/2017 - 21:39:38: [SM] Changed map to "dm_mine_entrance_h"
L 06/26/2017 - 21:39:39: -------- Mapchange to dm_mine_entrance_h --------
L 06/26/2017 - 21:39:39: [customvotes.smx] Configuration file addons\sourcemod\configs\customvotes.cfg loaded.
L 06/26/2017 - 21:39:44: [randomcycle.smx] RandomCycle has chosen dm_pinnacles_h for the nextmap.
L 06/26/2017 - 22:06:01: [mapchooser.smx] Starting map vote because outside request
L 06/26/2017 - 22:06:01: [mapchooser.smx] Voting for next map has started.
L 06/26/2017 - 22:06:21: [mapchooser.smx] Voting for next map has finished. Nextmap: pb_z_office_tower_v2_h.
L 06/26/2017 - 22:06:23: [SM] Changed map to "pb_z_office_tower_v2_h"
L 06/26/2017 - 22:06:24: -------- Mapchange to pb_z_office_tower_v2_h --------
L 06/26/2017 - 22:06:24: [customvotes.smx] Configuration file addons\sourcemod\configs\customvotes.cfg loaded.
L 06/26/2017 - 22:06:29: [randomcycle.smx] RandomCycle has chosen dm_hometown1999_h for the nextmap.
L 06/26/2017 - 23:03:22: [mapchooser.smx] Voting for next map has started.
L 06/26/2017 - 23:06:33: [SM] Changed map to "pb_z_office_tower_h"
L 06/26/2017 - 23:06:34: -------- Mapchange to pb_z_office_tower_h --------
L 06/26/2017 - 23:06:34: [customvotes.smx] Configuration file addons\sourcemod\configs\customvotes.cfg loaded.
L 06/26/2017 - 23:06:41: [randomcycle.smx] RandomCycle has chosen dm_thetunnel_v1_h for the nextmap.
