L 05/09/2017 - 00:17:24: SourceMod log file session started (file "L20170509.log") (Version "1.8.0.5973")
L 05/09/2017 - 00:17:24: [mapchooser.smx] Voting for next map has started.
L 05/09/2017 - 00:20:35: [SM] Changed map to "dm_coldruins_rc1_m"
L 05/09/2017 - 00:20:37: -------- Mapchange to dm_coldruins_rc1_m --------
L 05/09/2017 - 00:20:42: [randomcycle.smx] RandomCycle has chosen pb_z_high_school_m for the nextmap.
L 05/09/2017 - 00:51:05: SourceMod log file session started (file "L20170509.log") (Version "1.8.0.5973")
L 05/09/2017 - 00:51:05: -------- Mapchange to pb_z_high_school_m --------
L 05/09/2017 - 00:51:06: [savescores.smx] Note: This plugin supports updating via Plugin Autoupdater. Install it if you want to enable auto-update functionality.
L 05/09/2017 - 00:51:12: [randomcycle.smx] RandomCycle has chosen dm_cave_m for the nextmap.
L 05/09/2017 - 06:36:30: [customvotes.smx] Configuration file addons\sourcemod\configs\customvotes.cfg loaded.
L 05/09/2017 - 07:30:07: [mapchooser.smx] Voting for next map has started.
L 05/09/2017 - 07:33:18: [SM] Changed map to "pb_z_earthquake_m"
L 05/09/2017 - 07:33:20: -------- Mapchange to pb_z_earthquake_m --------
L 05/09/2017 - 07:33:29: [randomcycle.smx] RandomCycle has chosen pb_z_disorder_m for the nextmap.
L 05/09/2017 - 07:40:58: [customvotes.smx] Configuration file addons\sourcemod\configs\customvotes.cfg loaded.
L 05/09/2017 - 08:30:22: [mapchooser.smx] Voting for next map has started.
L 05/09/2017 - 08:33:33: [SM] Changed map to "dm_october_m"
L 05/09/2017 - 08:33:34: -------- Mapchange to dm_october_m --------
L 05/09/2017 - 08:33:40: [randomcycle.smx] RandomCycle has chosen pb_z_underground_m for the nextmap.
L 05/09/2017 - 09:30:34: [mapchooser.smx] Voting for next map has started.
L 05/09/2017 - 09:33:45: [SM] Changed map to "pb_z_underground_m"
L 05/09/2017 - 09:33:46: -------- Mapchange to pb_z_underground_m --------
L 05/09/2017 - 09:33:51: [randomcycle.smx] RandomCycle has chosen pb_z_area51_m for the nextmap.
L 05/09/2017 - 10:30:44: [mapchooser.smx] Voting for next map has started.
L 05/09/2017 - 10:33:55: [SM] Changed map to "dm_coldruins_rc1_m"
L 05/09/2017 - 10:33:57: -------- Mapchange to dm_coldruins_rc1_m --------
L 05/09/2017 - 10:34:02: [randomcycle.smx] RandomCycle has chosen pb_z_earthquake_m for the nextmap.
L 05/09/2017 - 11:30:55: [mapchooser.smx] Voting for next map has started.
L 05/09/2017 - 11:34:06: [SM] Changed map to "pb_z_area51_m"
L 05/09/2017 - 11:34:08: -------- Mapchange to pb_z_area51_m --------
L 05/09/2017 - 11:34:14: [randomcycle.smx] RandomCycle has chosen dm_october_m for the nextmap.
L 05/09/2017 - 12:04:47: [customvotes.smx] Configuration file addons\sourcemod\configs\customvotes.cfg loaded.
L 05/09/2017 - 12:29:55: [mapchooser.smx] Starting map vote because outside request
L 05/09/2017 - 12:29:55: [mapchooser.smx] Voting for next map has started.
L 05/09/2017 - 12:30:07: [mapchooser.smx] Voting for next map has finished. Nextmap: pb_z_office_tower_m.
L 05/09/2017 - 12:30:09: [SM] Changed map to "pb_z_office_tower_m"
L 05/09/2017 - 12:30:10: -------- Mapchange to pb_z_office_tower_m --------
L 05/09/2017 - 12:30:15: [randomcycle.smx] RandomCycle has chosen dm_morbid_m for the nextmap.
L 05/09/2017 - 13:27:09: [mapchooser.smx] Voting for next map has started.
L 05/09/2017 - 13:30:19: [SM] Changed map to "dm_hellsdistrict_m"
L 05/09/2017 - 13:30:21: -------- Mapchange to dm_hellsdistrict_m --------
L 05/09/2017 - 13:30:26: [randomcycle.smx] RandomCycle has chosen dm_hellsdistrict_m for the nextmap.
L 05/09/2017 - 14:27:19: [mapchooser.smx] Voting for next map has started.
L 05/09/2017 - 14:30:30: [SM] Changed map to "pb_z_colony_m"
L 05/09/2017 - 14:30:34: -------- Mapchange to pb_z_colony_m --------
L 05/09/2017 - 14:30:39: [randomcycle.smx] RandomCycle has chosen pb_z_high_school_m for the nextmap.
L 05/09/2017 - 15:27:32: [mapchooser.smx] Voting for next map has started.
L 05/09/2017 - 15:30:43: [SM] Changed map to "dm_october_m"
L 05/09/2017 - 15:30:43: -------- Mapchange to dm_october_m --------
L 05/09/2017 - 15:30:49: [randomcycle.smx] RandomCycle has chosen pb_z_area51_m for the nextmap.
L 05/09/2017 - 16:27:42: [mapchooser.smx] Voting for next map has started.
L 05/09/2017 - 16:30:53: [SM] Changed map to "dm_laststop_m"
L 05/09/2017 - 16:30:54: -------- Mapchange to dm_laststop_m --------
L 05/09/2017 - 16:30:59: [randomcycle.smx] RandomCycle has chosen pb_z_earthquake_m for the nextmap.
L 05/09/2017 - 17:27:52: [mapchooser.smx] Voting for next map has started.
L 05/09/2017 - 17:31:03: [SM] Changed map to "dm_montana_m"
L 05/09/2017 - 17:31:06: -------- Mapchange to dm_montana_m --------
L 05/09/2017 - 17:31:11: [randomcycle.smx] RandomCycle has chosen pb_z_disorder_m for the nextmap.
L 05/09/2017 - 18:28:05: [mapchooser.smx] Voting for next map has started.
L 05/09/2017 - 18:31:16: [SM] Changed map to "dm_coldruins_rc1_m"
L 05/09/2017 - 18:31:16: -------- Mapchange to dm_coldruins_rc1_m --------
L 05/09/2017 - 18:31:21: [randomcycle.smx] RandomCycle has chosen dm_montana_m for the nextmap.
L 05/09/2017 - 19:06:38: [mapchooser.smx] Starting map vote because outside request
L 05/09/2017 - 19:06:38: [mapchooser.smx] Voting for next map has started.
L 05/09/2017 - 19:31:25: [SM] Changed map to "dm_mine_entrance_m"
L 05/09/2017 - 19:31:26: -------- Mapchange to dm_mine_entrance_m --------
L 05/09/2017 - 19:31:31: [randomcycle.smx] RandomCycle has chosen pb_z_colony_m for the nextmap.
L 05/09/2017 - 20:28:24: [mapchooser.smx] Voting for next map has started.
L 05/09/2017 - 20:31:35: [SM] Changed map to "dm_hellsdistrict_m"
L 05/09/2017 - 20:31:35: -------- Mapchange to dm_hellsdistrict_m --------
L 05/09/2017 - 20:31:41: [randomcycle.smx] RandomCycle has chosen pb_z_office_tower_v2_m for the nextmap.
L 05/09/2017 - 21:28:34: [mapchooser.smx] Voting for next map has started.
L 05/09/2017 - 21:31:45: [SM] Changed map to "pb_z_colony_m"
L 05/09/2017 - 21:31:45: -------- Mapchange to pb_z_colony_m --------
L 05/09/2017 - 21:31:50: [randomcycle.smx] RandomCycle has chosen dm_cave_m for the nextmap.
L 05/09/2017 - 22:28:44: [mapchooser.smx] Voting for next map has started.
L 05/09/2017 - 22:31:55: [SM] Changed map to "pb_z_disorder_m"
L 05/09/2017 - 22:31:57: -------- Mapchange to pb_z_disorder_m --------
L 05/09/2017 - 22:32:02: [randomcycle.smx] RandomCycle has chosen pb_z_area51_m for the nextmap.
L 05/09/2017 - 23:28:55: [mapchooser.smx] Voting for next map has started.
L 05/09/2017 - 23:32:06: [SM] Changed map to "pb_z_industry_m"
L 05/09/2017 - 23:32:07: -------- Mapchange to pb_z_industry_m --------
L 05/09/2017 - 23:32:12: [randomcycle.smx] RandomCycle has chosen dm_coldruins_rc1_m for the nextmap.
