L 05/25/2017 - 00:13:36: SourceMod log file session started (file "L20170525.log") (Version "1.8.0.5973")
L 05/25/2017 - 00:13:36: [mapchooser.smx] Voting for next map has started.
L 05/25/2017 - 00:16:47: [SM] Changed map to "pb_z_high_school_m"
L 05/25/2017 - 00:16:49: -------- Mapchange to pb_z_high_school_m --------
L 05/25/2017 - 00:16:54: [randomcycle.smx] RandomCycle has chosen dm_morbid_m for the nextmap.
L 05/25/2017 - 01:13:48: [mapchooser.smx] Voting for next map has started.
L 05/25/2017 - 01:16:59: [SM] Changed map to "pb_z_office_tower_v2_m"
L 05/25/2017 - 01:17:10: -------- Mapchange to pb_z_office_tower_v2_m --------
L 05/25/2017 - 01:17:15: [randomcycle.smx] RandomCycle has chosen pb_z_disorder_m for the nextmap.
L 05/25/2017 - 01:26:02: SourceMod log file session started (file "L20170525.log") (Version "1.8.0.5973")
L 05/25/2017 - 01:26:02: -------- Mapchange to pb_z_high_school_m --------
L 05/25/2017 - 01:26:03: [savescores.smx] Note: This plugin supports updating via Plugin Autoupdater. Install it if you want to enable auto-update functionality.
L 05/25/2017 - 01:26:05: [UPDATER] Successfully updated gamedata file "sm-cstrike.games/game.csgo.txt"
L 05/25/2017 - 01:26:05: [UPDATER] Successfully updated gamedata file "sdkhooks.games/engine.csgo.txt"
L 05/25/2017 - 01:26:05: [UPDATER] Successfully updated gamedata file "sdktools.games/engine.csgo.txt"
L 05/25/2017 - 01:26:05: [UPDATER] SourceMod has been updated, please reload it or restart your server.
L 05/25/2017 - 01:26:10: [randomcycle.smx] RandomCycle has chosen dm_laststop_m for the nextmap.
L 05/25/2017 - 04:56:45: [mapchooser.smx] Voting for next map has started.
L 05/25/2017 - 04:57:01: [customvotes.smx] Configuration file addons\sourcemod\configs\customvotes.cfg loaded.
L 05/25/2017 - 04:59:56: [SM] Changed map to "dm_cave_m"
L 05/25/2017 - 04:59:59: -------- Mapchange to dm_cave_m --------
L 05/25/2017 - 05:00:04: [randomcycle.smx] RandomCycle has chosen dm_morbid_m for the nextmap.
L 05/25/2017 - 05:56:57: [mapchooser.smx] Voting for next map has started.
L 05/25/2017 - 06:00:08: [SM] Changed map to "dm_raven_m"
L 05/25/2017 - 06:00:19: -------- Mapchange to dm_raven_m --------
L 05/25/2017 - 06:00:38: [randomcycle.smx] RandomCycle has chosen pb_z_area51_m for the nextmap.
L 05/25/2017 - 06:57:31: [mapchooser.smx] Voting for next map has started.
L 05/25/2017 - 07:00:42: [SM] Changed map to "dm_laststop_m"
L 05/25/2017 - 07:00:45: -------- Mapchange to dm_laststop_m --------
L 05/25/2017 - 07:00:55: [randomcycle.smx] RandomCycle has chosen pb_z_disorder_m for the nextmap.
L 05/25/2017 - 07:57:48: [mapchooser.smx] Voting for next map has started.
L 05/25/2017 - 08:00:59: [SM] Changed map to "dm_morbid_m"
L 05/25/2017 - 08:01:00: -------- Mapchange to dm_morbid_m --------
L 05/25/2017 - 08:01:06: [randomcycle.smx] RandomCycle has chosen pb_z_high_school_m for the nextmap.
L 05/25/2017 - 08:37:19: [mapchooser.smx] Starting map vote because outside request
L 05/25/2017 - 08:37:19: [mapchooser.smx] Voting for next map has started.
L 05/25/2017 - 08:37:23: [mapchooser.smx] Voting for next map has finished. Nextmap: pb_z_colony_m.
L 05/25/2017 - 08:37:25: [SM] Changed map to "pb_z_colony_m"
L 05/25/2017 - 08:37:29: -------- Mapchange to pb_z_colony_m --------
L 05/25/2017 - 08:37:35: [randomcycle.smx] RandomCycle has chosen pb_z_earthquake_m for the nextmap.
L 05/25/2017 - 09:34:28: [mapchooser.smx] Voting for next map has started.
L 05/25/2017 - 09:37:39: [SM] Changed map to "dm_mine_entrance_m"
L 05/25/2017 - 09:37:40: -------- Mapchange to dm_mine_entrance_m --------
L 05/25/2017 - 09:37:45: [randomcycle.smx] RandomCycle has chosen dm_raven_m for the nextmap.
L 05/25/2017 - 10:34:38: [mapchooser.smx] Voting for next map has started.
L 05/25/2017 - 10:37:49: [SM] Changed map to "pb_z_disorder_m"
L 05/25/2017 - 10:37:51: -------- Mapchange to pb_z_disorder_m --------
L 05/25/2017 - 10:37:56: [randomcycle.smx] RandomCycle has chosen dm_laststop_m for the nextmap.
L 05/25/2017 - 11:05:33: [customvotes.smx] Configuration file addons\sourcemod\configs\customvotes.cfg loaded.
L 05/25/2017 - 11:10:58: [mapchooser.smx] Starting map vote because outside request
L 05/25/2017 - 11:10:58: [mapchooser.smx] Voting for next map has started.
L 05/25/2017 - 11:11:09: [mapchooser.smx] Voting for next map has finished. Nextmap: dm_cave_m.
L 05/25/2017 - 11:11:11: [SM] Changed map to "dm_cave_m"
L 05/25/2017 - 11:11:14: -------- Mapchange to dm_cave_m --------
L 05/25/2017 - 11:11:19: [randomcycle.smx] RandomCycle has chosen dm_october_m for the nextmap.
L 05/25/2017 - 11:12:12: [mapchooser.smx] Starting map vote because outside request
L 05/25/2017 - 11:12:12: [mapchooser.smx] Voting for next map has started.
L 05/25/2017 - 11:12:20: [mapchooser.smx] Voting for next map has finished. Nextmap: dm_montana_m.
L 05/25/2017 - 11:12:22: [SM] Changed map to "dm_montana_m"
L 05/25/2017 - 11:12:25: -------- Mapchange to dm_montana_m --------
L 05/25/2017 - 11:12:30: [randomcycle.smx] RandomCycle has chosen pb_z_colony_m for the nextmap.
L 05/25/2017 - 12:09:23: [mapchooser.smx] Voting for next map has started.
L 05/25/2017 - 12:12:34: [SM] Changed map to "dm_raven_m"
L 05/25/2017 - 12:12:35: -------- Mapchange to dm_raven_m --------
L 05/25/2017 - 12:12:41: [randomcycle.smx] RandomCycle has chosen pb_z_disorder_m for the nextmap.
L 05/25/2017 - 13:09:34: [mapchooser.smx] Voting for next map has started.
L 05/25/2017 - 13:12:45: [SM] Changed map to "dm_hellsdistrict_m"
L 05/25/2017 - 13:12:46: -------- Mapchange to dm_hellsdistrict_m --------
L 05/25/2017 - 13:12:51: [randomcycle.smx] RandomCycle has chosen dm_montana_m for the nextmap.
L 05/25/2017 - 14:09:44: [mapchooser.smx] Voting for next map has started.
L 05/25/2017 - 14:12:55: [SM] Changed map to "dm_coldruins_rc1_m"
L 05/25/2017 - 14:12:57: -------- Mapchange to dm_coldruins_rc1_m --------
L 05/25/2017 - 14:13:03: [randomcycle.smx] RandomCycle has chosen dm_morbid_m for the nextmap.
L 05/25/2017 - 15:09:56: [mapchooser.smx] Voting for next map has started.
L 05/25/2017 - 15:13:07: [SM] Changed map to "pb_z_underground_m"
L 05/25/2017 - 15:13:07: -------- Mapchange to pb_z_underground_m --------
L 05/25/2017 - 15:13:13: [randomcycle.smx] RandomCycle has chosen pb_z_office_tower_m for the nextmap.
L 05/25/2017 - 16:10:06: [mapchooser.smx] Voting for next map has started.
L 05/25/2017 - 16:13:17: [SM] Changed map to "dm_october_m"
L 05/25/2017 - 16:13:17: -------- Mapchange to dm_october_m --------
L 05/25/2017 - 16:13:23: [randomcycle.smx] RandomCycle has chosen pb_z_earthquake_m for the nextmap.
L 05/25/2017 - 17:10:16: [mapchooser.smx] Voting for next map has started.
L 05/25/2017 - 17:13:27: [SM] Changed map to "pb_z_earthquake_m"
L 05/25/2017 - 17:13:28: -------- Mapchange to pb_z_earthquake_m --------
L 05/25/2017 - 17:13:34: [randomcycle.smx] RandomCycle has chosen dm_cave_m for the nextmap.
L 05/25/2017 - 18:10:27: [mapchooser.smx] Voting for next map has started.
L 05/25/2017 - 18:13:38: [SM] Changed map to "dm_montana_m"
L 05/25/2017 - 18:13:38: -------- Mapchange to dm_montana_m --------
L 05/25/2017 - 18:13:43: [randomcycle.smx] RandomCycle has chosen pb_z_underground_m for the nextmap.
L 05/25/2017 - 19:10:36: [mapchooser.smx] Voting for next map has started.
L 05/25/2017 - 19:13:47: [SM] Changed map to "pb_z_industry_m"
L 05/25/2017 - 19:13:48: -------- Mapchange to pb_z_industry_m --------
L 05/25/2017 - 19:13:53: [randomcycle.smx] RandomCycle has chosen pb_z_industry_m for the nextmap.
L 05/25/2017 - 20:10:46: [mapchooser.smx] Voting for next map has started.
L 05/25/2017 - 20:13:57: [SM] Changed map to "pb_z_colony_m"
L 05/25/2017 - 20:13:57: -------- Mapchange to pb_z_colony_m --------
L 05/25/2017 - 20:14:03: [randomcycle.smx] RandomCycle has chosen pb_z_colony_m for the nextmap.
L 05/25/2017 - 21:10:56: [mapchooser.smx] Voting for next map has started.
L 05/25/2017 - 21:14:07: [SM] Changed map to "dm_laststop_m"
L 05/25/2017 - 21:14:07: -------- Mapchange to dm_laststop_m --------
L 05/25/2017 - 21:14:12: [randomcycle.smx] RandomCycle has chosen dm_mine_entrance_m for the nextmap.
L 05/25/2017 - 22:11:05: [mapchooser.smx] Voting for next map has started.
L 05/25/2017 - 22:14:16: [SM] Changed map to "pb_z_office_tower_m"
L 05/25/2017 - 22:14:17: -------- Mapchange to pb_z_office_tower_m --------
L 05/25/2017 - 22:14:23: [randomcycle.smx] RandomCycle has chosen dm_hellsdistrict_m for the nextmap.
L 05/25/2017 - 23:11:16: [mapchooser.smx] Voting for next map has started.
L 05/25/2017 - 23:14:27: [SM] Changed map to "pb_z_disorder_m"
L 05/25/2017 - 23:14:27: -------- Mapchange to pb_z_disorder_m --------
L 05/25/2017 - 23:14:32: [randomcycle.smx] RandomCycle has chosen dm_raven_m for the nextmap.
